Wed 25 Jan 2023 22:46:57 INFO  ['recbole_test.py']
Wed 25 Jan 2023 22:46:57 INFO  
General Hyper Parameters:
gpu_id = 0
use_gpu = True
seed = 2021
state = INFO
reproducibility = True
data_path = /work/03/gu14/k36095/kgat_bai/recbole/config/../dataset_example/ml-100k
checkpoint_dir = saved
show_progress = True
save_dataset = True
dataset_save_path = None
save_dataloaders = False
dataloaders_save_path = None
log_wandb = False

Training Hyper Parameters:
epochs = 300
train_batch_size = 2048
learner = adam
learning_rate = 0.001
train_neg_sample_args = {'distribution': 'uniform', 'sample_num': 1, 'alpha': 1.0, 'dynamic': False, 'candidate_num': 0}
eval_step = 1
stopping_step = 10
clip_grad_norm = None
weight_decay = 0.0
loss_decimal_place = 4

Evaluation Hyper Parameters:
eval_args = {'split': {'RS': [0.8, 0.1, 0.1]}, 'group_by': 'user', 'order': 'RO', 'mode': 'full'}
repeatable = False
metrics = ['Recall', 'MRR', 'NDCG', 'Hit', 'Precision']
topk = [10]
valid_metric = MRR@10
valid_metric_bigger = True
eval_batch_size = 4096
metric_decimal_place = 4

Dataset Hyper Parameters:
field_separator = 	
seq_separator =  
USER_ID_FIELD = user_id
ITEM_ID_FIELD = item_id
RATING_FIELD = rating
TIME_FIELD = timestamp
seq_len = None
LABEL_FIELD = label
threshold = None
NEG_PREFIX = neg_
load_col = {'inter': ['user_id', 'item_id', 'rating', 'timestamp'], 'kg': ['head_id', 'relation_id', 'tail_id'], 'link': ['item_id', 'entity_id']}
unload_col = None
unused_col = None
additional_feat_suffix = None
rm_dup_inter = None
val_interval = None
filter_inter_by_user_or_item = True
user_inter_num_interval = None
item_inter_num_interval = None
alias_of_user_id = None
alias_of_item_id = None
alias_of_entity_id = None
alias_of_relation_id = None
preload_weight = None
normalize_field = None
normalize_all = True
ITEM_LIST_LENGTH_FIELD = item_length
LIST_SUFFIX = _list
MAX_ITEM_LIST_LENGTH = 50
POSITION_FIELD = position_id
HEAD_ENTITY_ID_FIELD = head_id
TAIL_ENTITY_ID_FIELD = tail_id
RELATION_ID_FIELD = relation_id
ENTITY_ID_FIELD = entity_id
kg_reverse_r = False
entity_kg_num_interval = [0,inf)
relation_kg_num_interval = [0,inf)
benchmark_filename = None

Other Hyper Parameters: 
worker = 0
wandb_project = recbole
shuffle = True
require_pow = False
enable_amp = False
enable_scaler = False
transform = None
embedding_size = 64
kg_embedding_size = 64
layers = [64]
mess_dropout = 0.1
reg_weight = 1e-05
aggregator_type = gcn
numerical_features = []
discretization = None
MODEL_TYPE = ModelType.KNOWLEDGE
MODEL_INPUT_TYPE = InputType.PAIRWISE
eval_type = EvaluatorType.RANKING
single_spec = True
local_rank = 0
device = cpu
eval_neg_sample_args = {'distribution': 'uniform', 'sample_num': 'none'}


Wed 25 Jan 2023 22:46:58 INFO  Saving filtered dataset into [saved/ml-100k-dataset.pth]
Wed 25 Jan 2023 22:46:58 INFO  ml-100k
The number of users: 944
Average actions of users: 103.4506892895016
The number of items: 1599
Average actions of items: 61.04755944931164
The number of inters: 97554
The sparsity of the dataset: 93.53714185772888%
Remain Fields: ['entity_id', 'user_id', 'item_id', 'rating', 'timestamp', 'head_id', 'relation_id', 'tail_id']
The number of entities: 34629
The number of relations: 26
The number of triples: 91631
The number of items that have been linked to KG: 1598
Wed 25 Jan 2023 22:46:58 INFO  [Training]: train_batch_size = [2048] train_neg_sample_args: [{'distribution': 'uniform', 'sample_num': 1, 'alpha': 1.0, 'dynamic': False, 'candidate_num': 0}]
Wed 25 Jan 2023 22:46:58 INFO  [Evaluation]: eval_batch_size = [4096] eval_args: [{'split': {'RS': [0.8, 0.1, 0.1]}, 'group_by': 'user', 'order': 'RO', 'mode': 'full'}]
Wed 25 Jan 2023 22:47:06 INFO  KGAT(
  (user_embedding): Embedding(944, 64)
  (entity_embedding): Embedding(34629, 64)
  (relation_embedding): Embedding(26, 64)
  (trans_w): Embedding(26, 4096)
  (aggregator_layers): ModuleList(
    (0): Aggregator(
      (message_dropout): Dropout(p=0.1, inplace=False)
      (W): Linear(in_features=64, out_features=64, bias=True)
      (activation): LeakyReLU(negative_slope=0.01)
    )
  )
  (tanh): Tanh()
  (mf_loss): BPRLoss()
  (reg_loss): EmbLoss()
)
Trainable parameters: 2388992
Wed 25 Jan 2023 22:47:06 INFO  FLOPs: 145707008.0
Wed 25 Jan 2023 22:47:12 INFO  epoch 0 training [time: 5.30s, train_loss1: 23.6356, train_loss2: 29.8586]
Wed 25 Jan 2023 22:47:12 INFO  epoch 0 evaluating [time: 0.20s, valid_score: 0.107900]
Wed 25 Jan 2023 22:47:12 INFO  valid result: 
recall@10 : 0.0364    mrr@10 : 0.1079    ndcg@10 : 0.0473    hit@10 : 0.2715    precision@10 : 0.0379
Wed 25 Jan 2023 22:47:12 INFO  Saving current: saved/KGAT-Jan-25-2023_22-47-07.pth
Wed 25 Jan 2023 22:47:17 INFO  epoch 1 training [time: 4.30s, train_loss1: 18.9094, train_loss2: 19.8719]
Wed 25 Jan 2023 22:47:17 INFO  epoch 1 evaluating [time: 0.19s, valid_score: 0.139100]
Wed 25 Jan 2023 22:47:17 INFO  valid result: 
recall@10 : 0.0703    mrr@10 : 0.1391    ndcg@10 : 0.0726    hit@10 : 0.3977    precision@10 : 0.0573
Wed 25 Jan 2023 22:47:17 INFO  Saving current: saved/KGAT-Jan-25-2023_22-47-07.pth
Wed 25 Jan 2023 22:47:21 INFO  epoch 2 training [time: 4.32s, train_loss1: 17.0385, train_loss2: 12.5052]
Wed 25 Jan 2023 22:47:21 INFO  epoch 2 evaluating [time: 0.20s, valid_score: 0.144000]
Wed 25 Jan 2023 22:47:21 INFO  valid result: 
recall@10 : 0.084    mrr@10 : 0.144    ndcg@10 : 0.0797    hit@10 : 0.4125    precision@10 : 0.0597
Wed 25 Jan 2023 22:47:21 INFO  Saving current: saved/KGAT-Jan-25-2023_22-47-07.pth
Wed 25 Jan 2023 22:47:26 INFO  epoch 3 training [time: 4.37s, train_loss1: 16.6542, train_loss2: 10.3785]
Wed 25 Jan 2023 22:47:26 INFO  epoch 3 evaluating [time: 0.19s, valid_score: 0.166400]
Wed 25 Jan 2023 22:47:26 INFO  valid result: 
recall@10 : 0.104    mrr@10 : 0.1664    ndcg@10 : 0.0965    hit@10 : 0.4655    precision@10 : 0.0731
Wed 25 Jan 2023 22:47:26 INFO  Saving current: saved/KGAT-Jan-25-2023_22-47-07.pth
Wed 25 Jan 2023 22:47:30 INFO  epoch 4 training [time: 4.22s, train_loss1: 16.5465, train_loss2: 9.1381]
Wed 25 Jan 2023 22:47:30 INFO  epoch 4 evaluating [time: 0.19s, valid_score: 0.200400]
Wed 25 Jan 2023 22:47:30 INFO  valid result: 
recall@10 : 0.1166    mrr@10 : 0.2004    ndcg@10 : 0.1141    hit@10 : 0.5196    precision@10 : 0.0829
Wed 25 Jan 2023 22:47:30 INFO  Saving current: saved/KGAT-Jan-25-2023_22-47-07.pth
Wed 25 Jan 2023 22:47:35 INFO  epoch 5 training [time: 4.25s, train_loss1: 16.2843, train_loss2: 8.3378]
Wed 25 Jan 2023 22:47:35 INFO  epoch 5 evaluating [time: 0.22s, valid_score: 0.216900]
Wed 25 Jan 2023 22:47:35 INFO  valid result: 
recall@10 : 0.1137    mrr@10 : 0.2169    ndcg@10 : 0.1179    hit@10 : 0.5228    precision@10 : 0.0848
Wed 25 Jan 2023 22:47:35 INFO  Saving current: saved/KGAT-Jan-25-2023_22-47-07.pth
Wed 25 Jan 2023 22:47:39 INFO  epoch 6 training [time: 4.14s, train_loss1: 16.1555, train_loss2: 7.8906]
Wed 25 Jan 2023 22:47:39 INFO  epoch 6 evaluating [time: 0.19s, valid_score: 0.215100]
Wed 25 Jan 2023 22:47:39 INFO  valid result: 
recall@10 : 0.1132    mrr@10 : 0.2151    ndcg@10 : 0.1166    hit@10 : 0.526    precision@10 : 0.0836
Wed 25 Jan 2023 22:47:44 INFO  epoch 7 training [time: 4.14s, train_loss1: 16.0044, train_loss2: 7.5315]
Wed 25 Jan 2023 22:47:44 INFO  epoch 7 evaluating [time: 0.19s, valid_score: 0.213700]
Wed 25 Jan 2023 22:47:44 INFO  valid result: 
recall@10 : 0.1158    mrr@10 : 0.2137    ndcg@10 : 0.1202    hit@10 : 0.5355    precision@10 : 0.0901
Wed 25 Jan 2023 22:47:48 INFO  epoch 8 training [time: 4.46s, train_loss1: 15.8335, train_loss2: 7.1424]
Wed 25 Jan 2023 22:47:48 INFO  epoch 8 evaluating [time: 0.19s, valid_score: 0.228400]
Wed 25 Jan 2023 22:47:48 INFO  valid result: 
recall@10 : 0.1283    mrr@10 : 0.2284    ndcg@10 : 0.1281    hit@10 : 0.5705    precision@10 : 0.0943
Wed 25 Jan 2023 22:47:48 INFO  Saving current: saved/KGAT-Jan-25-2023_22-47-07.pth
Wed 25 Jan 2023 22:47:53 INFO  epoch 9 training [time: 4.27s, train_loss1: 15.6099, train_loss2: 6.8621]
Wed 25 Jan 2023 22:47:53 INFO  epoch 9 evaluating [time: 0.19s, valid_score: 0.231800]
Wed 25 Jan 2023 22:47:53 INFO  valid result: 
recall@10 : 0.1254    mrr@10 : 0.2318    ndcg@10 : 0.1318    hit@10 : 0.5546    precision@10 : 0.0986
Wed 25 Jan 2023 22:47:53 INFO  Saving current: saved/KGAT-Jan-25-2023_22-47-07.pth
Wed 25 Jan 2023 22:47:57 INFO  epoch 10 training [time: 4.24s, train_loss1: 15.4420, train_loss2: 6.6036]
Wed 25 Jan 2023 22:47:57 INFO  epoch 10 evaluating [time: 0.20s, valid_score: 0.244500]
Wed 25 Jan 2023 22:47:57 INFO  valid result: 
recall@10 : 0.1334    mrr@10 : 0.2445    ndcg@10 : 0.1383    hit@10 : 0.5758    precision@10 : 0.1022
Wed 25 Jan 2023 22:47:57 INFO  Saving current: saved/KGAT-Jan-25-2023_22-47-07.pth
Wed 25 Jan 2023 22:48:02 INFO  epoch 11 training [time: 4.17s, train_loss1: 15.1390, train_loss2: 6.3659]
Wed 25 Jan 2023 22:48:02 INFO  epoch 11 evaluating [time: 0.19s, valid_score: 0.246400]
Wed 25 Jan 2023 22:48:02 INFO  valid result: 
recall@10 : 0.1314    mrr@10 : 0.2464    ndcg@10 : 0.1393    hit@10 : 0.5875    precision@10 : 0.1032
Wed 25 Jan 2023 22:48:02 INFO  Saving current: saved/KGAT-Jan-25-2023_22-47-07.pth
Wed 25 Jan 2023 22:48:06 INFO  epoch 12 training [time: 4.45s, train_loss1: 14.8669, train_loss2: 5.9508]
Wed 25 Jan 2023 22:48:07 INFO  epoch 12 evaluating [time: 0.20s, valid_score: 0.248600]
Wed 25 Jan 2023 22:48:07 INFO  valid result: 
recall@10 : 0.1413    mrr@10 : 0.2486    ndcg@10 : 0.1436    hit@10 : 0.5928    precision@10 : 0.1063
Wed 25 Jan 2023 22:48:07 INFO  Saving current: saved/KGAT-Jan-25-2023_22-47-07.pth
Wed 25 Jan 2023 22:48:11 INFO  epoch 13 training [time: 4.10s, train_loss1: 14.5610, train_loss2: 5.7895]
Wed 25 Jan 2023 22:48:11 INFO  epoch 13 evaluating [time: 0.19s, valid_score: 0.259700]
Wed 25 Jan 2023 22:48:11 INFO  valid result: 
recall@10 : 0.1496    mrr@10 : 0.2597    ndcg@10 : 0.1518    hit@10 : 0.6076    precision@10 : 0.1119
Wed 25 Jan 2023 22:48:11 INFO  Saving current: saved/KGAT-Jan-25-2023_22-47-07.pth
Wed 25 Jan 2023 22:48:15 INFO  epoch 14 training [time: 4.12s, train_loss1: 14.2447, train_loss2: 5.3995]
Wed 25 Jan 2023 22:48:15 INFO  epoch 14 evaluating [time: 0.19s, valid_score: 0.271600]
Wed 25 Jan 2023 22:48:15 INFO  valid result: 
recall@10 : 0.1542    mrr@10 : 0.2716    ndcg@10 : 0.1581    hit@10 : 0.6267    precision@10 : 0.115
Wed 25 Jan 2023 22:48:15 INFO  Saving current: saved/KGAT-Jan-25-2023_22-47-07.pth
Wed 25 Jan 2023 22:48:20 INFO  epoch 15 training [time: 4.51s, train_loss1: 13.9115, train_loss2: 5.0473]
Wed 25 Jan 2023 22:48:20 INFO  epoch 15 evaluating [time: 0.19s, valid_score: 0.275600]
Wed 25 Jan 2023 22:48:20 INFO  valid result: 
recall@10 : 0.1581    mrr@10 : 0.2756    ndcg@10 : 0.1627    hit@10 : 0.6363    precision@10 : 0.1174
Wed 25 Jan 2023 22:48:20 INFO  Saving current: saved/KGAT-Jan-25-2023_22-47-07.pth
Wed 25 Jan 2023 22:48:24 INFO  epoch 16 training [time: 4.29s, train_loss1: 13.5495, train_loss2: 4.8993]
Wed 25 Jan 2023 22:48:25 INFO  epoch 16 evaluating [time: 0.19s, valid_score: 0.286500]
Wed 25 Jan 2023 22:48:25 INFO  valid result: 
recall@10 : 0.1629    mrr@10 : 0.2865    ndcg@10 : 0.1693    hit@10 : 0.649    precision@10 : 0.1212
Wed 25 Jan 2023 22:48:25 INFO  Saving current: saved/KGAT-Jan-25-2023_22-47-07.pth
Wed 25 Jan 2023 22:48:29 INFO  epoch 17 training [time: 4.25s, train_loss1: 13.2072, train_loss2: 4.6450]
Wed 25 Jan 2023 22:48:29 INFO  epoch 17 evaluating [time: 0.20s, valid_score: 0.290000]
Wed 25 Jan 2023 22:48:29 INFO  valid result: 
recall@10 : 0.1662    mrr@10 : 0.29    ndcg@10 : 0.1735    hit@10 : 0.6543    precision@10 : 0.124
Wed 25 Jan 2023 22:48:29 INFO  Saving current: saved/KGAT-Jan-25-2023_22-47-07.pth
Wed 25 Jan 2023 22:48:33 INFO  epoch 18 training [time: 4.15s, train_loss1: 12.8970, train_loss2: 4.4378]
Wed 25 Jan 2023 22:48:34 INFO  epoch 18 evaluating [time: 0.19s, valid_score: 0.294600]
Wed 25 Jan 2023 22:48:34 INFO  valid result: 
recall@10 : 0.1699    mrr@10 : 0.2946    ndcg@10 : 0.1776    hit@10 : 0.6554    precision@10 : 0.1268
Wed 25 Jan 2023 22:48:34 INFO  Saving current: saved/KGAT-Jan-25-2023_22-47-07.pth
Wed 25 Jan 2023 22:48:38 INFO  epoch 19 training [time: 4.04s, train_loss1: 12.4584, train_loss2: 4.4113]
Wed 25 Jan 2023 22:48:38 INFO  epoch 19 evaluating [time: 0.19s, valid_score: 0.302700]
Wed 25 Jan 2023 22:48:38 INFO  valid result: 
recall@10 : 0.1723    mrr@10 : 0.3027    ndcg@10 : 0.1801    hit@10 : 0.6649    precision@10 : 0.1275
Wed 25 Jan 2023 22:48:38 INFO  Saving current: saved/KGAT-Jan-25-2023_22-47-07.pth
Wed 25 Jan 2023 22:48:42 INFO  epoch 20 training [time: 4.07s, train_loss1: 12.1699, train_loss2: 4.2233]
Wed 25 Jan 2023 22:48:42 INFO  epoch 20 evaluating [time: 0.19s, valid_score: 0.312800]
Wed 25 Jan 2023 22:48:42 INFO  valid result: 
recall@10 : 0.1804    mrr@10 : 0.3128    ndcg@10 : 0.1865    hit@10 : 0.685    precision@10 : 0.1315
Wed 25 Jan 2023 22:48:42 INFO  Saving current: saved/KGAT-Jan-25-2023_22-47-07.pth
Wed 25 Jan 2023 22:48:47 INFO  epoch 21 training [time: 4.34s, train_loss1: 11.8085, train_loss2: 4.0719]
Wed 25 Jan 2023 22:48:47 INFO  epoch 21 evaluating [time: 0.21s, valid_score: 0.324400]
Wed 25 Jan 2023 22:48:47 INFO  valid result: 
recall@10 : 0.1771    mrr@10 : 0.3244    ndcg@10 : 0.1893    hit@10 : 0.6808    precision@10 : 0.1316
Wed 25 Jan 2023 22:48:47 INFO  Saving current: saved/KGAT-Jan-25-2023_22-47-07.pth
Wed 25 Jan 2023 22:48:51 INFO  epoch 22 training [time: 4.05s, train_loss1: 11.4822, train_loss2: 3.9224]
Wed 25 Jan 2023 22:48:51 INFO  epoch 22 evaluating [time: 0.21s, valid_score: 0.328800]
Wed 25 Jan 2023 22:48:51 INFO  valid result: 
recall@10 : 0.181    mrr@10 : 0.3288    ndcg@10 : 0.1917    hit@10 : 0.6893    precision@10 : 0.1332
Wed 25 Jan 2023 22:48:51 INFO  Saving current: saved/KGAT-Jan-25-2023_22-47-07.pth
Wed 25 Jan 2023 22:48:55 INFO  epoch 23 training [time: 4.07s, train_loss1: 11.2799, train_loss2: 3.8352]
Wed 25 Jan 2023 22:48:55 INFO  epoch 23 evaluating [time: 0.19s, valid_score: 0.329900]
Wed 25 Jan 2023 22:48:55 INFO  valid result: 
recall@10 : 0.1838    mrr@10 : 0.3299    ndcg@10 : 0.1952    hit@10 : 0.6946    precision@10 : 0.1371
Wed 25 Jan 2023 22:48:56 INFO  Saving current: saved/KGAT-Jan-25-2023_22-47-07.pth
Wed 25 Jan 2023 22:49:00 INFO  epoch 24 training [time: 4.03s, train_loss1: 10.9744, train_loss2: 3.7162]
Wed 25 Jan 2023 22:49:00 INFO  epoch 24 evaluating [time: 0.19s, valid_score: 0.340700]
Wed 25 Jan 2023 22:49:00 INFO  valid result: 
recall@10 : 0.1844    mrr@10 : 0.3407    ndcg@10 : 0.1977    hit@10 : 0.6914    precision@10 : 0.1372
Wed 25 Jan 2023 22:49:00 INFO  Saving current: saved/KGAT-Jan-25-2023_22-47-07.pth
Wed 25 Jan 2023 22:49:04 INFO  epoch 25 training [time: 4.04s, train_loss1: 10.7391, train_loss2: 3.5627]
Wed 25 Jan 2023 22:49:04 INFO  epoch 25 evaluating [time: 0.19s, valid_score: 0.345500]
Wed 25 Jan 2023 22:49:04 INFO  valid result: 
recall@10 : 0.1875    mrr@10 : 0.3455    ndcg@10 : 0.2    hit@10 : 0.701    precision@10 : 0.1391
Wed 25 Jan 2023 22:49:04 INFO  Saving current: saved/KGAT-Jan-25-2023_22-47-07.pth
Wed 25 Jan 2023 22:49:08 INFO  epoch 26 training [time: 3.98s, train_loss1: 10.5113, train_loss2: 3.4175]
Wed 25 Jan 2023 22:49:08 INFO  epoch 26 evaluating [time: 0.19s, valid_score: 0.350000]
Wed 25 Jan 2023 22:49:08 INFO  valid result: 
recall@10 : 0.1871    mrr@10 : 0.35    ndcg@10 : 0.2011    hit@10 : 0.701    precision@10 : 0.1387
Wed 25 Jan 2023 22:49:08 INFO  Saving current: saved/KGAT-Jan-25-2023_22-47-07.pth
Wed 25 Jan 2023 22:49:13 INFO  epoch 27 training [time: 4.22s, train_loss1: 10.3115, train_loss2: 3.2875]
Wed 25 Jan 2023 22:49:13 INFO  epoch 27 evaluating [time: 0.19s, valid_score: 0.354000]
Wed 25 Jan 2023 22:49:13 INFO  valid result: 
recall@10 : 0.1897    mrr@10 : 0.354    ndcg@10 : 0.2038    hit@10 : 0.7031    precision@10 : 0.1402
Wed 25 Jan 2023 22:49:13 INFO  Saving current: saved/KGAT-Jan-25-2023_22-47-07.pth
Wed 25 Jan 2023 22:49:17 INFO  epoch 28 training [time: 3.97s, train_loss1: 10.2874, train_loss2: 3.2072]
Wed 25 Jan 2023 22:49:17 INFO  epoch 28 evaluating [time: 0.20s, valid_score: 0.355100]
Wed 25 Jan 2023 22:49:17 INFO  valid result: 
recall@10 : 0.1861    mrr@10 : 0.3551    ndcg@10 : 0.203    hit@10 : 0.6946    precision@10 : 0.1386
Wed 25 Jan 2023 22:49:17 INFO  Saving current: saved/KGAT-Jan-25-2023_22-47-07.pth
Wed 25 Jan 2023 22:49:21 INFO  epoch 29 training [time: 4.08s, train_loss1: 10.0125, train_loss2: 3.0757]
Wed 25 Jan 2023 22:49:21 INFO  epoch 29 evaluating [time: 0.20s, valid_score: 0.350600]
Wed 25 Jan 2023 22:49:21 INFO  valid result: 
recall@10 : 0.1889    mrr@10 : 0.3506    ndcg@10 : 0.2024    hit@10 : 0.701    precision@10 : 0.1396
Wed 25 Jan 2023 22:49:25 INFO  epoch 30 training [time: 4.10s, train_loss1: 9.8300, train_loss2: 2.8532]
Wed 25 Jan 2023 22:49:26 INFO  epoch 30 evaluating [time: 0.19s, valid_score: 0.352400]
Wed 25 Jan 2023 22:49:26 INFO  valid result: 
recall@10 : 0.191    mrr@10 : 0.3524    ndcg@10 : 0.204    hit@10 : 0.7052    precision@10 : 0.1398
Wed 25 Jan 2023 22:49:30 INFO  epoch 31 training [time: 4.29s, train_loss1: 9.7800, train_loss2: 2.7509]
Wed 25 Jan 2023 22:49:30 INFO  epoch 31 evaluating [time: 0.19s, valid_score: 0.355100]
Wed 25 Jan 2023 22:49:30 INFO  valid result: 
recall@10 : 0.1911    mrr@10 : 0.3551    ndcg@10 : 0.204    hit@10 : 0.7031    precision@10 : 0.1385
Wed 25 Jan 2023 22:49:30 INFO  Saving current: saved/KGAT-Jan-25-2023_22-47-07.pth
Wed 25 Jan 2023 22:49:34 INFO  epoch 32 training [time: 4.12s, train_loss1: 9.6341, train_loss2: 2.6264]
Wed 25 Jan 2023 22:49:35 INFO  epoch 32 evaluating [time: 0.19s, valid_score: 0.359900]
Wed 25 Jan 2023 22:49:35 INFO  valid result: 
recall@10 : 0.1953    mrr@10 : 0.3599    ndcg@10 : 0.2069    hit@10 : 0.7137    precision@10 : 0.14
Wed 25 Jan 2023 22:49:35 INFO  Saving current: saved/KGAT-Jan-25-2023_22-47-07.pth
Wed 25 Jan 2023 22:49:39 INFO  epoch 33 training [time: 4.18s, train_loss1: 9.5149, train_loss2: 2.5333]
Wed 25 Jan 2023 22:49:39 INFO  epoch 33 evaluating [time: 0.19s, valid_score: 0.356200]
Wed 25 Jan 2023 22:49:39 INFO  valid result: 
recall@10 : 0.1934    mrr@10 : 0.3562    ndcg@10 : 0.2049    hit@10 : 0.7147    precision@10 : 0.1396
Wed 25 Jan 2023 22:49:43 INFO  epoch 34 training [time: 3.99s, train_loss1: 9.3897, train_loss2: 2.4536]
Wed 25 Jan 2023 22:49:43 INFO  epoch 34 evaluating [time: 0.19s, valid_score: 0.359000]
Wed 25 Jan 2023 22:49:43 INFO  valid result: 
recall@10 : 0.1926    mrr@10 : 0.359    ndcg@10 : 0.2058    hit@10 : 0.7126    precision@10 : 0.1397
Wed 25 Jan 2023 22:49:47 INFO  epoch 35 training [time: 4.37s, train_loss1: 9.2720, train_loss2: 2.4141]
Wed 25 Jan 2023 22:49:48 INFO  epoch 35 evaluating [time: 0.19s, valid_score: 0.358400]
Wed 25 Jan 2023 22:49:48 INFO  valid result: 
recall@10 : 0.1926    mrr@10 : 0.3584    ndcg@10 : 0.2055    hit@10 : 0.7179    precision@10 : 0.1396
Wed 25 Jan 2023 22:49:52 INFO  epoch 36 training [time: 4.25s, train_loss1: 9.1547, train_loss2: 2.2486]
Wed 25 Jan 2023 22:49:52 INFO  epoch 36 evaluating [time: 0.19s, valid_score: 0.361900]
Wed 25 Jan 2023 22:49:52 INFO  valid result: 
recall@10 : 0.1956    mrr@10 : 0.3619    ndcg@10 : 0.208    hit@10 : 0.7169    precision@10 : 0.1417
Wed 25 Jan 2023 22:49:52 INFO  Saving current: saved/KGAT-Jan-25-2023_22-47-07.pth
Wed 25 Jan 2023 22:49:57 INFO  epoch 37 training [time: 4.48s, train_loss1: 9.1229, train_loss2: 2.3489]
Wed 25 Jan 2023 22:49:57 INFO  epoch 37 evaluating [time: 0.19s, valid_score: 0.369700]
Wed 25 Jan 2023 22:49:57 INFO  valid result: 
recall@10 : 0.1935    mrr@10 : 0.3697    ndcg@10 : 0.2098    hit@10 : 0.7169    precision@10 : 0.1418
Wed 25 Jan 2023 22:49:57 INFO  Saving current: saved/KGAT-Jan-25-2023_22-47-07.pth
Wed 25 Jan 2023 22:50:01 INFO  epoch 38 training [time: 3.63s, train_loss1: 8.9830, train_loss2: 2.1315]
Wed 25 Jan 2023 22:50:01 INFO  epoch 38 evaluating [time: 0.19s, valid_score: 0.370100]
Wed 25 Jan 2023 22:50:01 INFO  valid result: 
recall@10 : 0.1933    mrr@10 : 0.3701    ndcg@10 : 0.2097    hit@10 : 0.7158    precision@10 : 0.1417
Wed 25 Jan 2023 22:50:01 INFO  Saving current: saved/KGAT-Jan-25-2023_22-47-07.pth
Wed 25 Jan 2023 22:50:05 INFO  epoch 39 training [time: 4.08s, train_loss1: 8.8475, train_loss2: 2.1314]
Wed 25 Jan 2023 22:50:05 INFO  epoch 39 evaluating [time: 0.19s, valid_score: 0.365600]
Wed 25 Jan 2023 22:50:05 INFO  valid result: 
recall@10 : 0.197    mrr@10 : 0.3656    ndcg@10 : 0.211    hit@10 : 0.7222    precision@10 : 0.1439
Wed 25 Jan 2023 22:50:09 INFO  epoch 40 training [time: 4.02s, train_loss1: 8.7014, train_loss2: 2.0396]
Wed 25 Jan 2023 22:50:09 INFO  epoch 40 evaluating [time: 0.19s, valid_score: 0.370500]
Wed 25 Jan 2023 22:50:09 INFO  valid result: 
recall@10 : 0.1978    mrr@10 : 0.3705    ndcg@10 : 0.2124    hit@10 : 0.7253    precision@10 : 0.1446
Wed 25 Jan 2023 22:50:09 INFO  Saving current: saved/KGAT-Jan-25-2023_22-47-07.pth
Wed 25 Jan 2023 22:50:13 INFO  epoch 41 training [time: 4.01s, train_loss1: 8.7035, train_loss2: 2.1072]
Wed 25 Jan 2023 22:50:14 INFO  epoch 41 evaluating [time: 0.19s, valid_score: 0.368500]
Wed 25 Jan 2023 22:50:14 INFO  valid result: 
recall@10 : 0.201    mrr@10 : 0.3685    ndcg@10 : 0.2147    hit@10 : 0.7275    precision@10 : 0.1471
Wed 25 Jan 2023 22:50:17 INFO  epoch 42 training [time: 3.57s, train_loss1: 8.6110, train_loss2: 1.9225]
Wed 25 Jan 2023 22:50:17 INFO  epoch 42 evaluating [time: 0.19s, valid_score: 0.370300]
Wed 25 Jan 2023 22:50:17 INFO  valid result: 
recall@10 : 0.1986    mrr@10 : 0.3703    ndcg@10 : 0.2144    hit@10 : 0.7232    precision@10 : 0.1458
Wed 25 Jan 2023 22:50:21 INFO  epoch 43 training [time: 4.15s, train_loss1: 8.5512, train_loss2: 1.9803]
Wed 25 Jan 2023 22:50:22 INFO  epoch 43 evaluating [time: 0.19s, valid_score: 0.374600]
Wed 25 Jan 2023 22:50:22 INFO  valid result: 
recall@10 : 0.2023    mrr@10 : 0.3746    ndcg@10 : 0.218    hit@10 : 0.72    precision@10 : 0.1484
Wed 25 Jan 2023 22:50:22 INFO  Saving current: saved/KGAT-Jan-25-2023_22-47-07.pth
Wed 25 Jan 2023 22:50:26 INFO  epoch 44 training [time: 4.16s, train_loss1: 8.4293, train_loss2: 1.9012]
Wed 25 Jan 2023 22:50:26 INFO  epoch 44 evaluating [time: 0.19s, valid_score: 0.378000]
Wed 25 Jan 2023 22:50:26 INFO  valid result: 
recall@10 : 0.2021    mrr@10 : 0.378    ndcg@10 : 0.2181    hit@10 : 0.7232    precision@10 : 0.1469
Wed 25 Jan 2023 22:50:26 INFO  Saving current: saved/KGAT-Jan-25-2023_22-47-07.pth
Wed 25 Jan 2023 22:50:30 INFO  epoch 45 training [time: 4.19s, train_loss1: 8.3007, train_loss2: 1.8546]
Wed 25 Jan 2023 22:50:31 INFO  epoch 45 evaluating [time: 0.19s, valid_score: 0.381400]
Wed 25 Jan 2023 22:50:31 INFO  valid result: 
recall@10 : 0.203    mrr@10 : 0.3814    ndcg@10 : 0.2184    hit@10 : 0.7317    precision@10 : 0.1468
Wed 25 Jan 2023 22:50:31 INFO  Saving current: saved/KGAT-Jan-25-2023_22-47-07.pth
Wed 25 Jan 2023 22:50:35 INFO  epoch 46 training [time: 4.19s, train_loss1: 8.1751, train_loss2: 1.8028]
Wed 25 Jan 2023 22:50:35 INFO  epoch 46 evaluating [time: 0.19s, valid_score: 0.375000]
Wed 25 Jan 2023 22:50:35 INFO  valid result: 
recall@10 : 0.2057    mrr@10 : 0.375    ndcg@10 : 0.2186    hit@10 : 0.7413    precision@10 : 0.149
Wed 25 Jan 2023 22:50:39 INFO  epoch 47 training [time: 4.25s, train_loss1: 8.1187, train_loss2: 1.8228]
Wed 25 Jan 2023 22:50:39 INFO  epoch 47 evaluating [time: 0.20s, valid_score: 0.380100]
Wed 25 Jan 2023 22:50:39 INFO  valid result: 
recall@10 : 0.2057    mrr@10 : 0.3801    ndcg@10 : 0.2202    hit@10 : 0.7349    precision@10 : 0.1499
Wed 25 Jan 2023 22:50:44 INFO  epoch 48 training [time: 4.28s, train_loss1: 8.0256, train_loss2: 1.7465]
Wed 25 Jan 2023 22:50:44 INFO  epoch 48 evaluating [time: 0.20s, valid_score: 0.377300]
Wed 25 Jan 2023 22:50:44 INFO  valid result: 
recall@10 : 0.2077    mrr@10 : 0.3773    ndcg@10 : 0.221    hit@10 : 0.7349    precision@10 : 0.1509
Wed 25 Jan 2023 22:50:48 INFO  epoch 49 training [time: 3.81s, train_loss1: 7.9621, train_loss2: 1.7947]
Wed 25 Jan 2023 22:50:48 INFO  epoch 49 evaluating [time: 0.20s, valid_score: 0.385600]
Wed 25 Jan 2023 22:50:48 INFO  valid result: 
recall@10 : 0.213    mrr@10 : 0.3856    ndcg@10 : 0.2261    hit@10 : 0.7466    precision@10 : 0.1542
Wed 25 Jan 2023 22:50:48 INFO  Saving current: saved/KGAT-Jan-25-2023_22-47-07.pth
Wed 25 Jan 2023 22:50:52 INFO  epoch 50 training [time: 3.94s, train_loss1: 7.9294, train_loss2: 1.6826]
Wed 25 Jan 2023 22:50:52 INFO  epoch 50 evaluating [time: 0.20s, valid_score: 0.387300]
Wed 25 Jan 2023 22:50:52 INFO  valid result: 
recall@10 : 0.2071    mrr@10 : 0.3873    ndcg@10 : 0.2241    hit@10 : 0.7381    precision@10 : 0.1514
Wed 25 Jan 2023 22:50:52 INFO  Saving current: saved/KGAT-Jan-25-2023_22-47-07.pth
Wed 25 Jan 2023 22:50:57 INFO  epoch 51 training [time: 4.44s, train_loss1: 7.8043, train_loss2: 1.7960]
Wed 25 Jan 2023 22:50:57 INFO  epoch 51 evaluating [time: 0.20s, valid_score: 0.385800]
Wed 25 Jan 2023 22:50:57 INFO  valid result: 
recall@10 : 0.2096    mrr@10 : 0.3858    ndcg@10 : 0.2259    hit@10 : 0.7349    precision@10 : 0.1531
Wed 25 Jan 2023 22:51:01 INFO  epoch 52 training [time: 4.32s, train_loss1: 7.7418, train_loss2: 1.7163]
Wed 25 Jan 2023 22:51:01 INFO  epoch 52 evaluating [time: 0.20s, valid_score: 0.390700]
Wed 25 Jan 2023 22:51:01 INFO  valid result: 
recall@10 : 0.2106    mrr@10 : 0.3907    ndcg@10 : 0.2267    hit@10 : 0.7413    precision@10 : 0.1531
Wed 25 Jan 2023 22:51:01 INFO  Saving current: saved/KGAT-Jan-25-2023_22-47-07.pth
Wed 25 Jan 2023 22:51:06 INFO  epoch 53 training [time: 4.33s, train_loss1: 7.6884, train_loss2: 1.6620]
Wed 25 Jan 2023 22:51:06 INFO  epoch 53 evaluating [time: 0.19s, valid_score: 0.382400]
Wed 25 Jan 2023 22:51:06 INFO  valid result: 
recall@10 : 0.2099    mrr@10 : 0.3824    ndcg@10 : 0.226    hit@10 : 0.7381    precision@10 : 0.1533
Wed 25 Jan 2023 22:51:10 INFO  epoch 54 training [time: 4.31s, train_loss1: 7.5287, train_loss2: 1.6207]
Wed 25 Jan 2023 22:51:10 INFO  epoch 54 evaluating [time: 0.20s, valid_score: 0.381500]
Wed 25 Jan 2023 22:51:10 INFO  valid result: 
recall@10 : 0.2147    mrr@10 : 0.3815    ndcg@10 : 0.229    hit@10 : 0.755    precision@10 : 0.156
Wed 25 Jan 2023 22:51:15 INFO  epoch 55 training [time: 4.34s, train_loss1: 7.4490, train_loss2: 1.6223]
Wed 25 Jan 2023 22:51:15 INFO  epoch 55 evaluating [time: 0.20s, valid_score: 0.379900]
Wed 25 Jan 2023 22:51:15 INFO  valid result: 
recall@10 : 0.2119    mrr@10 : 0.3799    ndcg@10 : 0.2267    hit@10 : 0.7423    precision@10 : 0.1552
Wed 25 Jan 2023 22:51:19 INFO  epoch 56 training [time: 4.45s, train_loss1: 7.4614, train_loss2: 1.5012]
Wed 25 Jan 2023 22:51:20 INFO  epoch 56 evaluating [time: 0.20s, valid_score: 0.390000]
Wed 25 Jan 2023 22:51:20 INFO  valid result: 
recall@10 : 0.2146    mrr@10 : 0.39    ndcg@10 : 0.2308    hit@10 : 0.7508    precision@10 : 0.1564
Wed 25 Jan 2023 22:51:25 INFO  epoch 57 training [time: 5.36s, train_loss1: 7.3861, train_loss2: 1.5134]
Wed 25 Jan 2023 22:51:25 INFO  epoch 57 evaluating [time: 0.20s, valid_score: 0.388700]
Wed 25 Jan 2023 22:51:25 INFO  valid result: 
recall@10 : 0.2161    mrr@10 : 0.3887    ndcg@10 : 0.2311    hit@10 : 0.7508    precision@10 : 0.1564
Wed 25 Jan 2023 22:51:29 INFO  epoch 58 training [time: 4.26s, train_loss1: 7.2414, train_loss2: 1.5689]
Wed 25 Jan 2023 22:51:30 INFO  epoch 58 evaluating [time: 0.20s, valid_score: 0.390900]
Wed 25 Jan 2023 22:51:30 INFO  valid result: 
recall@10 : 0.2163    mrr@10 : 0.3909    ndcg@10 : 0.2314    hit@10 : 0.7508    precision@10 : 0.1565
Wed 25 Jan 2023 22:51:30 INFO  Saving current: saved/KGAT-Jan-25-2023_22-47-07.pth
Wed 25 Jan 2023 22:51:35 INFO  epoch 59 training [time: 5.15s, train_loss1: 7.2750, train_loss2: 1.5075]
Wed 25 Jan 2023 22:51:35 INFO  epoch 59 evaluating [time: 0.20s, valid_score: 0.392100]
Wed 25 Jan 2023 22:51:35 INFO  valid result: 
recall@10 : 0.2147    mrr@10 : 0.3921    ndcg@10 : 0.2318    hit@10 : 0.7529    precision@10 : 0.156
Wed 25 Jan 2023 22:51:35 INFO  Saving current: saved/KGAT-Jan-25-2023_22-47-07.pth
Wed 25 Jan 2023 22:51:40 INFO  epoch 60 training [time: 4.64s, train_loss1: 7.1174, train_loss2: 1.4583]
Wed 25 Jan 2023 22:51:40 INFO  epoch 60 evaluating [time: 0.32s, valid_score: 0.390200]
Wed 25 Jan 2023 22:51:40 INFO  valid result: 
recall@10 : 0.2189    mrr@10 : 0.3902    ndcg@10 : 0.2312    hit@10 : 0.7519    precision@10 : 0.1555
Wed 25 Jan 2023 22:51:46 INFO  epoch 61 training [time: 5.61s, train_loss1: 7.0900, train_loss2: 1.4126]
Wed 25 Jan 2023 22:51:46 INFO  epoch 61 evaluating [time: 0.35s, valid_score: 0.392600]
Wed 25 Jan 2023 22:51:46 INFO  valid result: 
recall@10 : 0.2179    mrr@10 : 0.3926    ndcg@10 : 0.232    hit@10 : 0.7476    precision@10 : 0.1565
Wed 25 Jan 2023 22:51:46 INFO  Saving current: saved/KGAT-Jan-25-2023_22-47-07.pth
Wed 25 Jan 2023 22:51:51 INFO  epoch 62 training [time: 5.23s, train_loss1: 7.0755, train_loss2: 1.4268]
Wed 25 Jan 2023 22:51:52 INFO  epoch 62 evaluating [time: 0.20s, valid_score: 0.393100]
Wed 25 Jan 2023 22:51:52 INFO  valid result: 
recall@10 : 0.2178    mrr@10 : 0.3931    ndcg@10 : 0.2327    hit@10 : 0.7519    precision@10 : 0.1575
Wed 25 Jan 2023 22:51:52 INFO  Saving current: saved/KGAT-Jan-25-2023_22-47-07.pth
Wed 25 Jan 2023 22:51:56 INFO  epoch 63 training [time: 4.37s, train_loss1: 7.0074, train_loss2: 1.4368]
Wed 25 Jan 2023 22:51:56 INFO  epoch 63 evaluating [time: 0.20s, valid_score: 0.396000]
Wed 25 Jan 2023 22:51:56 INFO  valid result: 
recall@10 : 0.2156    mrr@10 : 0.396    ndcg@10 : 0.2331    hit@10 : 0.7497    precision@10 : 0.1577
Wed 25 Jan 2023 22:51:56 INFO  Saving current: saved/KGAT-Jan-25-2023_22-47-07.pth
Wed 25 Jan 2023 22:52:01 INFO  epoch 64 training [time: 4.35s, train_loss1: 7.0130, train_loss2: 1.3776]
Wed 25 Jan 2023 22:52:01 INFO  epoch 64 evaluating [time: 0.20s, valid_score: 0.394200]
Wed 25 Jan 2023 22:52:01 INFO  valid result: 
recall@10 : 0.2174    mrr@10 : 0.3942    ndcg@10 : 0.2344    hit@10 : 0.7444    precision@10 : 0.1583
Wed 25 Jan 2023 22:52:05 INFO  epoch 65 training [time: 4.37s, train_loss1: 6.8106, train_loss2: 1.4368]
Wed 25 Jan 2023 22:52:05 INFO  epoch 65 evaluating [time: 0.20s, valid_score: 0.397500]
Wed 25 Jan 2023 22:52:05 INFO  valid result: 
recall@10 : 0.2206    mrr@10 : 0.3975    ndcg@10 : 0.2352    hit@10 : 0.755    precision@10 : 0.1589
Wed 25 Jan 2023 22:52:06 INFO  Saving current: saved/KGAT-Jan-25-2023_22-47-07.pth
Wed 25 Jan 2023 22:52:10 INFO  epoch 66 training [time: 4.36s, train_loss1: 6.8784, train_loss2: 1.3269]
Wed 25 Jan 2023 22:52:10 INFO  epoch 66 evaluating [time: 0.20s, valid_score: 0.394300]
Wed 25 Jan 2023 22:52:10 INFO  valid result: 
recall@10 : 0.2221    mrr@10 : 0.3943    ndcg@10 : 0.2364    hit@10 : 0.7614    precision@10 : 0.1606
Wed 25 Jan 2023 22:52:14 INFO  epoch 67 training [time: 4.21s, train_loss1: 6.6951, train_loss2: 1.3429]
Wed 25 Jan 2023 22:52:15 INFO  epoch 67 evaluating [time: 0.20s, valid_score: 0.402500]
Wed 25 Jan 2023 22:52:15 INFO  valid result: 
recall@10 : 0.2215    mrr@10 : 0.4025    ndcg@10 : 0.2388    hit@10 : 0.7572    precision@10 : 0.161
Wed 25 Jan 2023 22:52:15 INFO  Saving current: saved/KGAT-Jan-25-2023_22-47-07.pth
Wed 25 Jan 2023 22:52:19 INFO  epoch 68 training [time: 4.31s, train_loss1: 6.6586, train_loss2: 1.3644]
Wed 25 Jan 2023 22:52:19 INFO  epoch 68 evaluating [time: 0.20s, valid_score: 0.399800]
Wed 25 Jan 2023 22:52:19 INFO  valid result: 
recall@10 : 0.2201    mrr@10 : 0.3998    ndcg@10 : 0.2357    hit@10 : 0.7561    precision@10 : 0.1583
Wed 25 Jan 2023 22:52:24 INFO  epoch 69 training [time: 4.52s, train_loss1: 6.6289, train_loss2: 1.3045]
Wed 25 Jan 2023 22:52:24 INFO  epoch 69 evaluating [time: 0.20s, valid_score: 0.395800]
Wed 25 Jan 2023 22:52:24 INFO  valid result: 
recall@10 : 0.2235    mrr@10 : 0.3958    ndcg@10 : 0.2367    hit@10 : 0.7646    precision@10 : 0.1609
Wed 25 Jan 2023 22:52:28 INFO  epoch 70 training [time: 4.27s, train_loss1: 6.5718, train_loss2: 1.3081]
Wed 25 Jan 2023 22:52:28 INFO  epoch 70 evaluating [time: 0.20s, valid_score: 0.397000]
Wed 25 Jan 2023 22:52:28 INFO  valid result: 
recall@10 : 0.227    mrr@10 : 0.397    ndcg@10 : 0.2395    hit@10 : 0.7593    precision@10 : 0.1609
Wed 25 Jan 2023 22:52:33 INFO  epoch 71 training [time: 4.29s, train_loss1: 6.4022, train_loss2: 1.2480]
Wed 25 Jan 2023 22:52:33 INFO  epoch 71 evaluating [time: 0.26s, valid_score: 0.392700]
Wed 25 Jan 2023 22:52:33 INFO  valid result: 
recall@10 : 0.2257    mrr@10 : 0.3927    ndcg@10 : 0.2378    hit@10 : 0.7561    precision@10 : 0.162
Wed 25 Jan 2023 22:52:38 INFO  epoch 72 training [time: 4.71s, train_loss1: 6.4845, train_loss2: 1.3131]
Wed 25 Jan 2023 22:52:38 INFO  epoch 72 evaluating [time: 0.20s, valid_score: 0.395600]
Wed 25 Jan 2023 22:52:38 INFO  valid result: 
recall@10 : 0.2244    mrr@10 : 0.3956    ndcg@10 : 0.2384    hit@10 : 0.7625    precision@10 : 0.1628
Wed 25 Jan 2023 22:52:42 INFO  epoch 73 training [time: 4.45s, train_loss1: 6.2867, train_loss2: 1.2762]
Wed 25 Jan 2023 22:52:42 INFO  epoch 73 evaluating [time: 0.20s, valid_score: 0.394500]
Wed 25 Jan 2023 22:52:42 INFO  valid result: 
recall@10 : 0.2276    mrr@10 : 0.3945    ndcg@10 : 0.2396    hit@10 : 0.7572    precision@10 : 0.1646
Wed 25 Jan 2023 22:52:47 INFO  epoch 74 training [time: 4.37s, train_loss1: 6.2665, train_loss2: 1.3088]
Wed 25 Jan 2023 22:52:47 INFO  epoch 74 evaluating [time: 0.21s, valid_score: 0.393900]
Wed 25 Jan 2023 22:52:47 INFO  valid result: 
recall@10 : 0.2237    mrr@10 : 0.3939    ndcg@10 : 0.239    hit@10 : 0.7572    precision@10 : 0.1625
Wed 25 Jan 2023 22:52:52 INFO  epoch 75 training [time: 4.51s, train_loss1: 6.2057, train_loss2: 1.2015]
Wed 25 Jan 2023 22:52:52 INFO  epoch 75 evaluating [time: 0.20s, valid_score: 0.391900]
Wed 25 Jan 2023 22:52:52 INFO  valid result: 
recall@10 : 0.2246    mrr@10 : 0.3919    ndcg@10 : 0.2381    hit@10 : 0.7561    precision@10 : 0.1636
Wed 25 Jan 2023 22:52:56 INFO  epoch 76 training [time: 4.64s, train_loss1: 6.1653, train_loss2: 1.2200]
Wed 25 Jan 2023 22:52:57 INFO  epoch 76 evaluating [time: 0.24s, valid_score: 0.396900]
Wed 25 Jan 2023 22:52:57 INFO  valid result: 
recall@10 : 0.2233    mrr@10 : 0.3969    ndcg@10 : 0.2399    hit@10 : 0.7497    precision@10 : 0.1646
Wed 25 Jan 2023 22:53:02 INFO  epoch 77 training [time: 5.10s, train_loss1: 6.1118, train_loss2: 1.1501]
Wed 25 Jan 2023 22:53:02 INFO  epoch 77 evaluating [time: 0.20s, valid_score: 0.403000]
Wed 25 Jan 2023 22:53:02 INFO  valid result: 
recall@10 : 0.2261    mrr@10 : 0.403    ndcg@10 : 0.2429    hit@10 : 0.7466    precision@10 : 0.1642
Wed 25 Jan 2023 22:53:02 INFO  Saving current: saved/KGAT-Jan-25-2023_22-47-07.pth
Wed 25 Jan 2023 22:53:06 INFO  epoch 78 training [time: 3.82s, train_loss1: 6.1551, train_loss2: 1.1456]
Wed 25 Jan 2023 22:53:06 INFO  epoch 78 evaluating [time: 0.20s, valid_score: 0.406300]
Wed 25 Jan 2023 22:53:06 INFO  valid result: 
recall@10 : 0.221    mrr@10 : 0.4063    ndcg@10 : 0.2414    hit@10 : 0.7455    precision@10 : 0.1612
Wed 25 Jan 2023 22:53:06 INFO  Saving current: saved/KGAT-Jan-25-2023_22-47-07.pth
Wed 25 Jan 2023 22:53:11 INFO  epoch 79 training [time: 4.72s, train_loss1: 6.0107, train_loss2: 1.1781]
Wed 25 Jan 2023 22:53:11 INFO  epoch 79 evaluating [time: 0.19s, valid_score: 0.400200]
Wed 25 Jan 2023 22:53:11 INFO  valid result: 
recall@10 : 0.2203    mrr@10 : 0.4002    ndcg@10 : 0.2392    hit@10 : 0.7466    precision@10 : 0.1609
Wed 25 Jan 2023 22:53:15 INFO  epoch 80 training [time: 4.42s, train_loss1: 6.0731, train_loss2: 1.1364]
Wed 25 Jan 2023 22:53:16 INFO  epoch 80 evaluating [time: 0.20s, valid_score: 0.402800]
Wed 25 Jan 2023 22:53:16 INFO  valid result: 
recall@10 : 0.221    mrr@10 : 0.4028    ndcg@10 : 0.2404    hit@10 : 0.7444    precision@10 : 0.1612
Wed 25 Jan 2023 22:53:20 INFO  epoch 81 training [time: 4.27s, train_loss1: 5.8938, train_loss2: 1.1082]
Wed 25 Jan 2023 22:53:20 INFO  epoch 81 evaluating [time: 0.19s, valid_score: 0.404200]
Wed 25 Jan 2023 22:53:20 INFO  valid result: 
recall@10 : 0.2179    mrr@10 : 0.4042    ndcg@10 : 0.2397    hit@10 : 0.7444    precision@10 : 0.1607
Wed 25 Jan 2023 22:53:25 INFO  epoch 82 training [time: 4.46s, train_loss1: 5.7990, train_loss2: 1.1052]
Wed 25 Jan 2023 22:53:25 INFO  epoch 82 evaluating [time: 0.19s, valid_score: 0.401500]
Wed 25 Jan 2023 22:53:25 INFO  valid result: 
recall@10 : 0.2255    mrr@10 : 0.4015    ndcg@10 : 0.2417    hit@10 : 0.7519    precision@10 : 0.1632
Wed 25 Jan 2023 22:53:29 INFO  epoch 83 training [time: 4.50s, train_loss1: 5.8179, train_loss2: 1.1726]
Wed 25 Jan 2023 22:53:29 INFO  epoch 83 evaluating [time: 0.20s, valid_score: 0.407900]
Wed 25 Jan 2023 22:53:29 INFO  valid result: 
recall@10 : 0.2288    mrr@10 : 0.4079    ndcg@10 : 0.2447    hit@10 : 0.754    precision@10 : 0.1647
Wed 25 Jan 2023 22:53:29 INFO  Saving current: saved/KGAT-Jan-25-2023_22-47-07.pth
Wed 25 Jan 2023 22:53:34 INFO  epoch 84 training [time: 4.23s, train_loss1: 5.7438, train_loss2: 1.1215]
Wed 25 Jan 2023 22:53:34 INFO  epoch 84 evaluating [time: 0.19s, valid_score: 0.402800]
Wed 25 Jan 2023 22:53:34 INFO  valid result: 
recall@10 : 0.2253    mrr@10 : 0.4028    ndcg@10 : 0.2421    hit@10 : 0.7413    precision@10 : 0.1615
Wed 25 Jan 2023 22:53:38 INFO  epoch 85 training [time: 4.18s, train_loss1: 5.6959, train_loss2: 1.0725]
Wed 25 Jan 2023 22:53:38 INFO  epoch 85 evaluating [time: 0.20s, valid_score: 0.399700]
Wed 25 Jan 2023 22:53:38 INFO  valid result: 
recall@10 : 0.2292    mrr@10 : 0.3997    ndcg@10 : 0.2421    hit@10 : 0.7529    precision@10 : 0.1631
Wed 25 Jan 2023 22:53:42 INFO  epoch 86 training [time: 4.11s, train_loss1: 5.6570, train_loss2: 1.0541]
Wed 25 Jan 2023 22:53:43 INFO  epoch 86 evaluating [time: 0.19s, valid_score: 0.404000]
Wed 25 Jan 2023 22:53:43 INFO  valid result: 
recall@10 : 0.2272    mrr@10 : 0.404    ndcg@10 : 0.2423    hit@10 : 0.7593    precision@10 : 0.1618
Wed 25 Jan 2023 22:53:47 INFO  epoch 87 training [time: 4.14s, train_loss1: 5.6782, train_loss2: 1.0839]
Wed 25 Jan 2023 22:53:47 INFO  epoch 87 evaluating [time: 0.19s, valid_score: 0.405300]
Wed 25 Jan 2023 22:53:47 INFO  valid result: 
recall@10 : 0.2241    mrr@10 : 0.4053    ndcg@10 : 0.2419    hit@10 : 0.755    precision@10 : 0.161
Wed 25 Jan 2023 22:53:51 INFO  epoch 88 training [time: 4.41s, train_loss1: 5.5358, train_loss2: 1.0068]
Wed 25 Jan 2023 22:53:52 INFO  epoch 88 evaluating [time: 0.19s, valid_score: 0.402300]
Wed 25 Jan 2023 22:53:52 INFO  valid result: 
recall@10 : 0.2253    mrr@10 : 0.4023    ndcg@10 : 0.2418    hit@10 : 0.7497    precision@10 : 0.1612
Wed 25 Jan 2023 22:53:56 INFO  epoch 89 training [time: 4.04s, train_loss1: 5.4476, train_loss2: 0.9756]
Wed 25 Jan 2023 22:53:56 INFO  epoch 89 evaluating [time: 0.20s, valid_score: 0.397400]
Wed 25 Jan 2023 22:53:56 INFO  valid result: 
recall@10 : 0.2258    mrr@10 : 0.3974    ndcg@10 : 0.2394    hit@10 : 0.7529    precision@10 : 0.1628
Wed 25 Jan 2023 22:54:00 INFO  epoch 90 training [time: 4.11s, train_loss1: 5.3527, train_loss2: 1.0151]
Wed 25 Jan 2023 22:54:00 INFO  epoch 90 evaluating [time: 0.19s, valid_score: 0.403300]
Wed 25 Jan 2023 22:54:00 INFO  valid result: 
recall@10 : 0.2285    mrr@10 : 0.4033    ndcg@10 : 0.2433    hit@10 : 0.7582    precision@10 : 0.1636
Wed 25 Jan 2023 22:54:04 INFO  epoch 91 training [time: 4.14s, train_loss1: 5.3687, train_loss2: 1.0141]
Wed 25 Jan 2023 22:54:04 INFO  epoch 91 evaluating [time: 0.19s, valid_score: 0.408100]
Wed 25 Jan 2023 22:54:04 INFO  valid result: 
recall@10 : 0.2302    mrr@10 : 0.4081    ndcg@10 : 0.2452    hit@10 : 0.7561    precision@10 : 0.163
Wed 25 Jan 2023 22:54:04 INFO  Saving current: saved/KGAT-Jan-25-2023_22-47-07.pth
Wed 25 Jan 2023 22:54:09 INFO  epoch 92 training [time: 4.16s, train_loss1: 5.3451, train_loss2: 1.0100]
Wed 25 Jan 2023 22:54:09 INFO  epoch 92 evaluating [time: 0.19s, valid_score: 0.405300]
Wed 25 Jan 2023 22:54:09 INFO  valid result: 
recall@10 : 0.2288    mrr@10 : 0.4053    ndcg@10 : 0.2442    hit@10 : 0.7561    precision@10 : 0.1639
Wed 25 Jan 2023 22:54:13 INFO  epoch 93 training [time: 4.14s, train_loss1: 5.2713, train_loss2: 1.0500]
Wed 25 Jan 2023 22:54:13 INFO  epoch 93 evaluating [time: 0.19s, valid_score: 0.404300]
Wed 25 Jan 2023 22:54:13 INFO  valid result: 
recall@10 : 0.226    mrr@10 : 0.4043    ndcg@10 : 0.2427    hit@10 : 0.7487    precision@10 : 0.163
Wed 25 Jan 2023 22:54:17 INFO  epoch 94 training [time: 4.23s, train_loss1: 5.2285, train_loss2: 0.9893]
Wed 25 Jan 2023 22:54:18 INFO  epoch 94 evaluating [time: 0.20s, valid_score: 0.407700]
Wed 25 Jan 2023 22:54:18 INFO  valid result: 
recall@10 : 0.2279    mrr@10 : 0.4077    ndcg@10 : 0.245    hit@10 : 0.7614    precision@10 : 0.1634
Wed 25 Jan 2023 22:54:22 INFO  epoch 95 training [time: 4.27s, train_loss1: 5.1176, train_loss2: 0.9375]
Wed 25 Jan 2023 22:54:22 INFO  epoch 95 evaluating [time: 0.20s, valid_score: 0.399000]
Wed 25 Jan 2023 22:54:22 INFO  valid result: 
recall@10 : 0.2256    mrr@10 : 0.399    ndcg@10 : 0.2414    hit@10 : 0.7529    precision@10 : 0.1626
Wed 25 Jan 2023 22:54:26 INFO  epoch 96 training [time: 4.24s, train_loss1: 5.1516, train_loss2: 0.9377]
Wed 25 Jan 2023 22:54:27 INFO  epoch 96 evaluating [time: 0.20s, valid_score: 0.397800]
Wed 25 Jan 2023 22:54:27 INFO  valid result: 
recall@10 : 0.2231    mrr@10 : 0.3978    ndcg@10 : 0.2403    hit@10 : 0.7466    precision@10 : 0.1612
Wed 25 Jan 2023 22:54:31 INFO  epoch 97 training [time: 4.23s, train_loss1: 4.9776, train_loss2: 0.9332]
Wed 25 Jan 2023 22:54:31 INFO  epoch 97 evaluating [time: 0.20s, valid_score: 0.404100]
Wed 25 Jan 2023 22:54:31 INFO  valid result: 
recall@10 : 0.2252    mrr@10 : 0.4041    ndcg@10 : 0.2425    hit@10 : 0.754    precision@10 : 0.163
Wed 25 Jan 2023 22:54:35 INFO  epoch 98 training [time: 4.43s, train_loss1: 4.9781, train_loss2: 0.9686]
Wed 25 Jan 2023 22:54:36 INFO  epoch 98 evaluating [time: 0.20s, valid_score: 0.403000]
Wed 25 Jan 2023 22:54:36 INFO  valid result: 
recall@10 : 0.2256    mrr@10 : 0.403    ndcg@10 : 0.2423    hit@10 : 0.755    precision@10 : 0.1619
Wed 25 Jan 2023 22:54:40 INFO  epoch 99 training [time: 4.30s, train_loss1: 4.9933, train_loss2: 0.9026]
Wed 25 Jan 2023 22:54:40 INFO  epoch 99 evaluating [time: 0.19s, valid_score: 0.405400]
Wed 25 Jan 2023 22:54:40 INFO  valid result: 
recall@10 : 0.2256    mrr@10 : 0.4054    ndcg@10 : 0.243    hit@10 : 0.7529    precision@10 : 0.1621
Wed 25 Jan 2023 22:54:44 INFO  epoch 100 training [time: 4.17s, train_loss1: 4.8614, train_loss2: 0.9549]
Wed 25 Jan 2023 22:54:44 INFO  epoch 100 evaluating [time: 0.20s, valid_score: 0.400300]
Wed 25 Jan 2023 22:54:44 INFO  valid result: 
recall@10 : 0.2263    mrr@10 : 0.4003    ndcg@10 : 0.2411    hit@10 : 0.755    precision@10 : 0.1617
Wed 25 Jan 2023 22:54:49 INFO  epoch 101 training [time: 4.13s, train_loss1: 4.7701, train_loss2: 0.8472]
Wed 25 Jan 2023 22:54:49 INFO  epoch 101 evaluating [time: 0.20s, valid_score: 0.404500]
Wed 25 Jan 2023 22:54:49 INFO  valid result: 
recall@10 : 0.225    mrr@10 : 0.4045    ndcg@10 : 0.2419    hit@10 : 0.754    precision@10 : 0.1612
Wed 25 Jan 2023 22:54:53 INFO  epoch 102 training [time: 4.08s, train_loss1: 4.8199, train_loss2: 0.9005]
Wed 25 Jan 2023 22:54:53 INFO  epoch 102 evaluating [time: 0.20s, valid_score: 0.401200]
Wed 25 Jan 2023 22:54:53 INFO  valid result: 
recall@10 : 0.2242    mrr@10 : 0.4012    ndcg@10 : 0.2412    hit@10 : 0.7582    precision@10 : 0.1613
Wed 25 Jan 2023 22:54:53 INFO  Finished training, best eval result in epoch 91
Wed 25 Jan 2023 22:54:53 INFO  Loading model structure and parameters from saved/KGAT-Jan-25-2023_22-47-07.pth
Wed 25 Jan 2023 22:54:53 INFO  best valid : OrderedDict([('recall@10', 0.2302), ('mrr@10', 0.4081), ('ndcg@10', 0.2452), ('hit@10', 0.7561), ('precision@10', 0.163)])
Wed 25 Jan 2023 22:54:53 INFO  test result: OrderedDict([('recall@10', 0.2588), ('mrr@10', 0.4719), ('ndcg@10', 0.2932), ('hit@10', 0.7858), ('precision@10', 0.1994)])
