Fri 20 Jan 2023 15:53:29 INFO  ['recbole_test.py']
Fri 20 Jan 2023 15:53:29 INFO  
General Hyper Parameters:
gpu_id = 0
use_gpu = True
seed = 2021
state = INFO
reproducibility = True
data_path = /work/03/gu14/k36095/kgat_bai/recbole/config/../dataset_example/ml-100k
checkpoint_dir = saved
show_progress = True
save_dataset = True
dataset_save_path = None
save_dataloaders = False
dataloaders_save_path = None
log_wandb = False

Training Hyper Parameters:
epochs = 300
train_batch_size = 2048
learner = adam
learning_rate = 0.001
train_neg_sample_args = {'distribution': 'uniform', 'sample_num': 1, 'alpha': 1.0, 'dynamic': False, 'candidate_num': 0}
eval_step = 1
stopping_step = 10
clip_grad_norm = None
weight_decay = 0.0
loss_decimal_place = 4

Evaluation Hyper Parameters:
eval_args = {'split': {'RS': [0.8, 0.1, 0.1]}, 'group_by': 'user', 'order': 'RO', 'mode': 'full'}
repeatable = False
metrics = ['Recall', 'MRR', 'NDCG', 'Hit', 'Precision']
topk = [10]
valid_metric = MRR@10
valid_metric_bigger = True
eval_batch_size = 4096
metric_decimal_place = 4

Dataset Hyper Parameters:
field_separator = 	
seq_separator =  
USER_ID_FIELD = user_id
ITEM_ID_FIELD = item_id
RATING_FIELD = rating
TIME_FIELD = timestamp
seq_len = None
LABEL_FIELD = label
threshold = None
NEG_PREFIX = neg_
load_col = {'inter': ['user_id', 'item_id', 'rating', 'timestamp'], 'kg': ['head_id', 'relation_id', 'tail_id'], 'link': ['item_id', 'entity_id']}
unload_col = None
unused_col = None
additional_feat_suffix = None
rm_dup_inter = None
val_interval = None
filter_inter_by_user_or_item = True
user_inter_num_interval = None
item_inter_num_interval = None
alias_of_user_id = None
alias_of_item_id = None
alias_of_entity_id = None
alias_of_relation_id = None
preload_weight = None
normalize_field = None
normalize_all = True
ITEM_LIST_LENGTH_FIELD = item_length
LIST_SUFFIX = _list
MAX_ITEM_LIST_LENGTH = 50
POSITION_FIELD = position_id
HEAD_ENTITY_ID_FIELD = head_id
TAIL_ENTITY_ID_FIELD = tail_id
RELATION_ID_FIELD = relation_id
ENTITY_ID_FIELD = entity_id
kg_reverse_r = False
entity_kg_num_interval = [0,inf)
relation_kg_num_interval = [0,inf)
benchmark_filename = None

Other Hyper Parameters: 
worker = 0
wandb_project = recbole
shuffle = True
require_pow = False
enable_amp = False
enable_scaler = False
transform = None
embedding_size = 64
kg_embedding_size = 64
layers = [64]
mess_dropout = 0.1
reg_weight = 1e-05
aggregator_type = bi
numerical_features = []
discretization = None
MODEL_TYPE = ModelType.KNOWLEDGE
MODEL_INPUT_TYPE = InputType.PAIRWISE
eval_type = EvaluatorType.RANKING
single_spec = True
local_rank = 0
device = cpu
eval_neg_sample_args = {'distribution': 'uniform', 'sample_num': 'none'}


Fri 20 Jan 2023 15:53:30 INFO  Saving filtered dataset into [saved/ml-100k-dataset.pth]
Fri 20 Jan 2023 15:53:30 INFO  ml-100k
The number of users: 944
Average actions of users: 103.4506892895016
The number of items: 1599
Average actions of items: 61.04755944931164
The number of inters: 97554
The sparsity of the dataset: 93.53714185772888%
Remain Fields: ['entity_id', 'user_id', 'item_id', 'rating', 'timestamp', 'head_id', 'relation_id', 'tail_id']
The number of entities: 34629
The number of relations: 26
The number of triples: 91631
The number of items that have been linked to KG: 1598
Fri 20 Jan 2023 15:53:30 INFO  [Training]: train_batch_size = [2048] train_neg_sample_args: [{'distribution': 'uniform', 'sample_num': 1, 'alpha': 1.0, 'dynamic': False, 'candidate_num': 0}]
Fri 20 Jan 2023 15:53:30 INFO  [Evaluation]: eval_batch_size = [4096] eval_args: [{'split': {'RS': [0.8, 0.1, 0.1]}, 'group_by': 'user', 'order': 'RO', 'mode': 'full'}]
Fri 20 Jan 2023 15:53:37 INFO  KGAT(
  (user_embedding): Embedding(944, 64)
  (entity_embedding): Embedding(34629, 64)
  (relation_embedding): Embedding(26, 64)
  (trans_w): Embedding(26, 4096)
  (aggregator_layers): ModuleList(
    (0): Aggregator(
      (message_dropout): Dropout(p=0.1, inplace=False)
      (W1): Linear(in_features=64, out_features=64, bias=True)
      (W2): Linear(in_features=64, out_features=64, bias=True)
      (activation): LeakyReLU(negative_slope=0.01)
    )
  )
  (tanh): Tanh()
  (mf_loss): BPRLoss()
  (reg_loss): EmbLoss()
)
Trainable parameters: 2393152
Fri 20 Jan 2023 15:53:37 INFO  FLOPs: 291414016.0
Fri 20 Jan 2023 15:53:52 INFO  epoch 0 training [time: 13.78s, train_loss1: 24.0555, train_loss2: 29.7378]
Fri 20 Jan 2023 15:53:52 INFO  epoch 0 evaluating [time: 0.19s, valid_score: 0.076300]
Fri 20 Jan 2023 15:53:52 INFO  valid result: 
recall@10 : 0.033    mrr@10 : 0.0763    ndcg@10 : 0.037    hit@10 : 0.2248    precision@10 : 0.0304
Fri 20 Jan 2023 15:53:52 INFO  Saving current: saved/KGAT-Jan-20-2023_15-53-38.pth
Fri 20 Jan 2023 15:54:05 INFO  epoch 1 training [time: 13.37s, train_loss1: 21.2325, train_loss2: 19.5136]
Fri 20 Jan 2023 15:54:06 INFO  epoch 1 evaluating [time: 0.16s, valid_score: 0.151700]
Fri 20 Jan 2023 15:54:06 INFO  valid result: 
recall@10 : 0.0912    mrr@10 : 0.1517    ndcg@10 : 0.0868    hit@10 : 0.4411    precision@10 : 0.0652
Fri 20 Jan 2023 15:54:06 INFO  Saving current: saved/KGAT-Jan-20-2023_15-53-38.pth
Fri 20 Jan 2023 15:54:19 INFO  epoch 2 training [time: 13.44s, train_loss1: 19.8849, train_loss2: 12.7363]
Fri 20 Jan 2023 15:54:19 INFO  epoch 2 evaluating [time: 0.16s, valid_score: 0.154300]
Fri 20 Jan 2023 15:54:19 INFO  valid result: 
recall@10 : 0.0865    mrr@10 : 0.1543    ndcg@10 : 0.0853    hit@10 : 0.421    precision@10 : 0.0628
Fri 20 Jan 2023 15:54:19 INFO  Saving current: saved/KGAT-Jan-20-2023_15-53-38.pth
Fri 20 Jan 2023 15:54:33 INFO  epoch 3 training [time: 13.38s, train_loss1: 16.8331, train_loss2: 10.5445]
Fri 20 Jan 2023 15:54:33 INFO  epoch 3 evaluating [time: 0.16s, valid_score: 0.178900]
Fri 20 Jan 2023 15:54:33 INFO  valid result: 
recall@10 : 0.1128    mrr@10 : 0.1789    ndcg@10 : 0.1058    hit@10 : 0.4952    precision@10 : 0.0793
Fri 20 Jan 2023 15:54:33 INFO  Saving current: saved/KGAT-Jan-20-2023_15-53-38.pth
Fri 20 Jan 2023 15:54:46 INFO  epoch 4 training [time: 13.22s, train_loss1: 16.4645, train_loss2: 9.2160]
Fri 20 Jan 2023 15:54:46 INFO  epoch 4 evaluating [time: 0.16s, valid_score: 0.204600]
Fri 20 Jan 2023 15:54:46 INFO  valid result: 
recall@10 : 0.1092    mrr@10 : 0.2046    ndcg@10 : 0.1114    hit@10 : 0.4899    precision@10 : 0.0797
Fri 20 Jan 2023 15:54:46 INFO  Saving current: saved/KGAT-Jan-20-2023_15-53-38.pth
Fri 20 Jan 2023 15:54:59 INFO  epoch 5 training [time: 13.07s, train_loss1: 16.1185, train_loss2: 8.3654]
Fri 20 Jan 2023 15:55:00 INFO  epoch 5 evaluating [time: 0.16s, valid_score: 0.204600]
Fri 20 Jan 2023 15:55:00 INFO  valid result: 
recall@10 : 0.1024    mrr@10 : 0.2046    ndcg@10 : 0.1095    hit@10 : 0.4836    precision@10 : 0.0794
Fri 20 Jan 2023 15:55:00 INFO  Saving current: saved/KGAT-Jan-20-2023_15-53-38.pth
Fri 20 Jan 2023 15:55:13 INFO  epoch 6 training [time: 13.23s, train_loss1: 16.0012, train_loss2: 7.9000]
Fri 20 Jan 2023 15:55:13 INFO  epoch 6 evaluating [time: 0.16s, valid_score: 0.203900]
Fri 20 Jan 2023 15:55:13 INFO  valid result: 
recall@10 : 0.1079    mrr@10 : 0.2039    ndcg@10 : 0.1131    hit@10 : 0.5111    precision@10 : 0.0832
Fri 20 Jan 2023 15:55:26 INFO  epoch 7 training [time: 13.31s, train_loss1: 15.8372, train_loss2: 7.5187]
Fri 20 Jan 2023 15:55:27 INFO  epoch 7 evaluating [time: 0.16s, valid_score: 0.210900]
Fri 20 Jan 2023 15:55:27 INFO  valid result: 
recall@10 : 0.1115    mrr@10 : 0.2109    ndcg@10 : 0.1169    hit@10 : 0.5217    precision@10 : 0.089
Fri 20 Jan 2023 15:55:27 INFO  Saving current: saved/KGAT-Jan-20-2023_15-53-38.pth
Fri 20 Jan 2023 15:55:40 INFO  epoch 8 training [time: 13.39s, train_loss1: 15.6701, train_loss2: 7.1316]
Fri 20 Jan 2023 15:55:40 INFO  epoch 8 evaluating [time: 0.16s, valid_score: 0.218600]
Fri 20 Jan 2023 15:55:40 INFO  valid result: 
recall@10 : 0.1184    mrr@10 : 0.2186    ndcg@10 : 0.1215    hit@10 : 0.5408    precision@10 : 0.0903
Fri 20 Jan 2023 15:55:40 INFO  Saving current: saved/KGAT-Jan-20-2023_15-53-38.pth
Fri 20 Jan 2023 15:55:54 INFO  epoch 9 training [time: 13.36s, train_loss1: 15.4233, train_loss2: 6.8505]
Fri 20 Jan 2023 15:55:54 INFO  epoch 9 evaluating [time: 0.16s, valid_score: 0.231300]
Fri 20 Jan 2023 15:55:54 INFO  valid result: 
recall@10 : 0.1179    mrr@10 : 0.2313    ndcg@10 : 0.1275    hit@10 : 0.5419    precision@10 : 0.0947
Fri 20 Jan 2023 15:55:54 INFO  Saving current: saved/KGAT-Jan-20-2023_15-53-38.pth
Fri 20 Jan 2023 15:56:07 INFO  epoch 10 training [time: 13.21s, train_loss1: 15.2534, train_loss2: 6.5112]
Fri 20 Jan 2023 15:56:07 INFO  epoch 10 evaluating [time: 0.16s, valid_score: 0.244800]
Fri 20 Jan 2023 15:56:07 INFO  valid result: 
recall@10 : 0.1297    mrr@10 : 0.2448    ndcg@10 : 0.1378    hit@10 : 0.5599    precision@10 : 0.1007
Fri 20 Jan 2023 15:56:07 INFO  Saving current: saved/KGAT-Jan-20-2023_15-53-38.pth
Fri 20 Jan 2023 15:56:20 INFO  epoch 11 training [time: 13.18s, train_loss1: 14.9166, train_loss2: 6.1607]
Fri 20 Jan 2023 15:56:21 INFO  epoch 11 evaluating [time: 0.15s, valid_score: 0.240600]
Fri 20 Jan 2023 15:56:21 INFO  valid result: 
recall@10 : 0.1301    mrr@10 : 0.2406    ndcg@10 : 0.1374    hit@10 : 0.5769    precision@10 : 0.1021
Fri 20 Jan 2023 15:56:34 INFO  epoch 12 training [time: 12.97s, train_loss1: 14.6268, train_loss2: 5.6539]
Fri 20 Jan 2023 15:56:34 INFO  epoch 12 evaluating [time: 0.16s, valid_score: 0.247800]
Fri 20 Jan 2023 15:56:34 INFO  valid result: 
recall@10 : 0.1374    mrr@10 : 0.2478    ndcg@10 : 0.143    hit@10 : 0.5907    precision@10 : 0.1081
Fri 20 Jan 2023 15:56:34 INFO  Saving current: saved/KGAT-Jan-20-2023_15-53-38.pth
Fri 20 Jan 2023 15:56:47 INFO  epoch 13 training [time: 13.36s, train_loss1: 14.3179, train_loss2: 5.4344]
Fri 20 Jan 2023 15:56:47 INFO  epoch 13 evaluating [time: 0.16s, valid_score: 0.250700]
Fri 20 Jan 2023 15:56:47 INFO  valid result: 
recall@10 : 0.1447    mrr@10 : 0.2507    ndcg@10 : 0.1492    hit@10 : 0.5992    precision@10 : 0.1131
Fri 20 Jan 2023 15:56:47 INFO  Saving current: saved/KGAT-Jan-20-2023_15-53-38.pth
Fri 20 Jan 2023 15:57:01 INFO  epoch 14 training [time: 13.57s, train_loss1: 13.9412, train_loss2: 4.9690]
Fri 20 Jan 2023 15:57:01 INFO  epoch 14 evaluating [time: 0.16s, valid_score: 0.260400]
Fri 20 Jan 2023 15:57:01 INFO  valid result: 
recall@10 : 0.1482    mrr@10 : 0.2604    ndcg@10 : 0.1538    hit@10 : 0.6182    precision@10 : 0.1158
Fri 20 Jan 2023 15:57:01 INFO  Saving current: saved/KGAT-Jan-20-2023_15-53-38.pth
Fri 20 Jan 2023 15:57:14 INFO  epoch 15 training [time: 13.35s, train_loss1: 13.5807, train_loss2: 4.4746]
Fri 20 Jan 2023 15:57:15 INFO  epoch 15 evaluating [time: 0.16s, valid_score: 0.272000]
Fri 20 Jan 2023 15:57:15 INFO  valid result: 
recall@10 : 0.1507    mrr@10 : 0.272    ndcg@10 : 0.1591    hit@10 : 0.6257    precision@10 : 0.1174
Fri 20 Jan 2023 15:57:15 INFO  Saving current: saved/KGAT-Jan-20-2023_15-53-38.pth
Fri 20 Jan 2023 15:57:28 INFO  epoch 16 training [time: 13.10s, train_loss1: 13.1839, train_loss2: 4.3307]
Fri 20 Jan 2023 15:57:28 INFO  epoch 16 evaluating [time: 0.16s, valid_score: 0.280300]
Fri 20 Jan 2023 15:57:28 INFO  valid result: 
recall@10 : 0.1589    mrr@10 : 0.2803    ndcg@10 : 0.1651    hit@10 : 0.6501    precision@10 : 0.1218
Fri 20 Jan 2023 15:57:28 INFO  Saving current: saved/KGAT-Jan-20-2023_15-53-38.pth
Fri 20 Jan 2023 15:57:41 INFO  epoch 17 training [time: 13.22s, train_loss1: 12.8540, train_loss2: 4.0619]
Fri 20 Jan 2023 15:57:41 INFO  epoch 17 evaluating [time: 0.15s, valid_score: 0.290500]
Fri 20 Jan 2023 15:57:41 INFO  valid result: 
recall@10 : 0.1599    mrr@10 : 0.2905    ndcg@10 : 0.1701    hit@10 : 0.6458    precision@10 : 0.123
Fri 20 Jan 2023 15:57:41 INFO  Saving current: saved/KGAT-Jan-20-2023_15-53-38.pth
Fri 20 Jan 2023 15:57:55 INFO  epoch 18 training [time: 13.20s, train_loss1: 12.5407, train_loss2: 3.8214]
Fri 20 Jan 2023 15:57:55 INFO  epoch 18 evaluating [time: 0.16s, valid_score: 0.300900]
Fri 20 Jan 2023 15:57:55 INFO  valid result: 
recall@10 : 0.1673    mrr@10 : 0.3009    ndcg@10 : 0.1769    hit@10 : 0.666    precision@10 : 0.1264
Fri 20 Jan 2023 15:57:55 INFO  Saving current: saved/KGAT-Jan-20-2023_15-53-38.pth
Fri 20 Jan 2023 15:58:08 INFO  epoch 19 training [time: 13.23s, train_loss1: 12.1201, train_loss2: 3.6896]
Fri 20 Jan 2023 15:58:08 INFO  epoch 19 evaluating [time: 0.16s, valid_score: 0.303100]
Fri 20 Jan 2023 15:58:08 INFO  valid result: 
recall@10 : 0.1734    mrr@10 : 0.3031    ndcg@10 : 0.1802    hit@10 : 0.6713    precision@10 : 0.1294
Fri 20 Jan 2023 15:58:08 INFO  Saving current: saved/KGAT-Jan-20-2023_15-53-38.pth
Fri 20 Jan 2023 15:58:22 INFO  epoch 20 training [time: 13.34s, train_loss1: 11.8424, train_loss2: 3.5567]
Fri 20 Jan 2023 15:58:22 INFO  epoch 20 evaluating [time: 0.16s, valid_score: 0.310400]
Fri 20 Jan 2023 15:58:22 INFO  valid result: 
recall@10 : 0.1718    mrr@10 : 0.3104    ndcg@10 : 0.1822    hit@10 : 0.6766    precision@10 : 0.1301
Fri 20 Jan 2023 15:58:22 INFO  Saving current: saved/KGAT-Jan-20-2023_15-53-38.pth
Fri 20 Jan 2023 15:58:35 INFO  epoch 21 training [time: 13.32s, train_loss1: 11.5128, train_loss2: 3.3207]
Fri 20 Jan 2023 15:58:35 INFO  epoch 21 evaluating [time: 0.16s, valid_score: 0.321300]
Fri 20 Jan 2023 15:58:35 INFO  valid result: 
recall@10 : 0.1775    mrr@10 : 0.3213    ndcg@10 : 0.1877    hit@10 : 0.685    precision@10 : 0.133
Fri 20 Jan 2023 15:58:35 INFO  Saving current: saved/KGAT-Jan-20-2023_15-53-38.pth
Fri 20 Jan 2023 15:58:49 INFO  epoch 22 training [time: 13.27s, train_loss1: 11.1780, train_loss2: 3.2050]
Fri 20 Jan 2023 15:58:49 INFO  epoch 22 evaluating [time: 0.16s, valid_score: 0.334000]
Fri 20 Jan 2023 15:58:49 INFO  valid result: 
recall@10 : 0.1785    mrr@10 : 0.334    ndcg@10 : 0.1921    hit@10 : 0.6893    precision@10 : 0.1337
Fri 20 Jan 2023 15:58:49 INFO  Saving current: saved/KGAT-Jan-20-2023_15-53-38.pth
Fri 20 Jan 2023 15:59:02 INFO  epoch 23 training [time: 13.13s, train_loss1: 10.9940, train_loss2: 3.0718]
Fri 20 Jan 2023 15:59:02 INFO  epoch 23 evaluating [time: 0.16s, valid_score: 0.339000]
Fri 20 Jan 2023 15:59:02 INFO  valid result: 
recall@10 : 0.1808    mrr@10 : 0.339    ndcg@10 : 0.1946    hit@10 : 0.6914    precision@10 : 0.1353
Fri 20 Jan 2023 15:59:02 INFO  Saving current: saved/KGAT-Jan-20-2023_15-53-38.pth
Fri 20 Jan 2023 15:59:15 INFO  epoch 24 training [time: 13.20s, train_loss1: 10.7041, train_loss2: 3.0356]
Fri 20 Jan 2023 15:59:16 INFO  epoch 24 evaluating [time: 0.16s, valid_score: 0.342800]
Fri 20 Jan 2023 15:59:16 INFO  valid result: 
recall@10 : 0.1814    mrr@10 : 0.3428    ndcg@10 : 0.1955    hit@10 : 0.6903    precision@10 : 0.1355
Fri 20 Jan 2023 15:59:16 INFO  Saving current: saved/KGAT-Jan-20-2023_15-53-38.pth
Fri 20 Jan 2023 15:59:29 INFO  epoch 25 training [time: 13.25s, train_loss1: 10.5028, train_loss2: 2.9783]
Fri 20 Jan 2023 15:59:29 INFO  epoch 25 evaluating [time: 0.16s, valid_score: 0.347900]
Fri 20 Jan 2023 15:59:29 INFO  valid result: 
recall@10 : 0.1824    mrr@10 : 0.3479    ndcg@10 : 0.1978    hit@10 : 0.6946    precision@10 : 0.1364
Fri 20 Jan 2023 15:59:29 INFO  Saving current: saved/KGAT-Jan-20-2023_15-53-38.pth
Fri 20 Jan 2023 15:59:42 INFO  epoch 26 training [time: 13.36s, train_loss1: 10.2778, train_loss2: 2.8934]
Fri 20 Jan 2023 15:59:43 INFO  epoch 26 evaluating [time: 0.16s, valid_score: 0.350500]
Fri 20 Jan 2023 15:59:43 INFO  valid result: 
recall@10 : 0.1847    mrr@10 : 0.3505    ndcg@10 : 0.1996    hit@10 : 0.6935    precision@10 : 0.1375
Fri 20 Jan 2023 15:59:43 INFO  Saving current: saved/KGAT-Jan-20-2023_15-53-38.pth
Fri 20 Jan 2023 15:59:56 INFO  epoch 27 training [time: 13.32s, train_loss1: 10.0895, train_loss2: 2.8227]
Fri 20 Jan 2023 15:59:56 INFO  epoch 27 evaluating [time: 0.16s, valid_score: 0.350500]
Fri 20 Jan 2023 15:59:56 INFO  valid result: 
recall@10 : 0.185    mrr@10 : 0.3505    ndcg@10 : 0.1999    hit@10 : 0.6957    precision@10 : 0.138
Fri 20 Jan 2023 15:59:56 INFO  Saving current: saved/KGAT-Jan-20-2023_15-53-38.pth
Fri 20 Jan 2023 16:00:09 INFO  epoch 28 training [time: 13.28s, train_loss1: 10.0638, train_loss2: 2.7430]
Fri 20 Jan 2023 16:00:10 INFO  epoch 28 evaluating [time: 0.16s, valid_score: 0.361600]
Fri 20 Jan 2023 16:00:10 INFO  valid result: 
recall@10 : 0.1908    mrr@10 : 0.3616    ndcg@10 : 0.2058    hit@10 : 0.7094    precision@10 : 0.1406
Fri 20 Jan 2023 16:00:10 INFO  Saving current: saved/KGAT-Jan-20-2023_15-53-38.pth
Fri 20 Jan 2023 16:00:23 INFO  epoch 29 training [time: 13.24s, train_loss1: 9.7908, train_loss2: 2.7148]
Fri 20 Jan 2023 16:00:23 INFO  epoch 29 evaluating [time: 0.16s, valid_score: 0.351000]
Fri 20 Jan 2023 16:00:23 INFO  valid result: 
recall@10 : 0.1919    mrr@10 : 0.351    ndcg@10 : 0.2035    hit@10 : 0.7105    precision@10 : 0.1408
Fri 20 Jan 2023 16:00:36 INFO  epoch 30 training [time: 13.21s, train_loss1: 9.6175, train_loss2: 2.5412]
Fri 20 Jan 2023 16:00:36 INFO  epoch 30 evaluating [time: 0.16s, valid_score: 0.352900]
Fri 20 Jan 2023 16:00:36 INFO  valid result: 
recall@10 : 0.1925    mrr@10 : 0.3529    ndcg@10 : 0.2044    hit@10 : 0.7105    precision@10 : 0.1404
Fri 20 Jan 2023 16:00:50 INFO  epoch 31 training [time: 13.10s, train_loss1: 9.5715, train_loss2: 2.4880]
Fri 20 Jan 2023 16:00:50 INFO  epoch 31 evaluating [time: 0.16s, valid_score: 0.353700]
Fri 20 Jan 2023 16:00:50 INFO  valid result: 
recall@10 : 0.1912    mrr@10 : 0.3537    ndcg@10 : 0.2033    hit@10 : 0.7073    precision@10 : 0.139
Fri 20 Jan 2023 16:01:03 INFO  epoch 32 training [time: 13.26s, train_loss1: 9.4423, train_loss2: 2.3857]
Fri 20 Jan 2023 16:01:03 INFO  epoch 32 evaluating [time: 0.16s, valid_score: 0.355800]
Fri 20 Jan 2023 16:01:03 INFO  valid result: 
recall@10 : 0.1962    mrr@10 : 0.3558    ndcg@10 : 0.2068    hit@10 : 0.7169    precision@10 : 0.1424
Fri 20 Jan 2023 16:01:16 INFO  epoch 33 training [time: 13.30s, train_loss1: 9.3214, train_loss2: 2.3879]
Fri 20 Jan 2023 16:01:17 INFO  epoch 33 evaluating [time: 0.16s, valid_score: 0.362300]
Fri 20 Jan 2023 16:01:17 INFO  valid result: 
recall@10 : 0.1986    mrr@10 : 0.3623    ndcg@10 : 0.2082    hit@10 : 0.7179    precision@10 : 0.1417
Fri 20 Jan 2023 16:01:17 INFO  Saving current: saved/KGAT-Jan-20-2023_15-53-38.pth
Fri 20 Jan 2023 16:01:30 INFO  epoch 34 training [time: 13.30s, train_loss1: 9.1942, train_loss2: 2.2504]
Fri 20 Jan 2023 16:01:30 INFO  epoch 34 evaluating [time: 0.16s, valid_score: 0.365000]
Fri 20 Jan 2023 16:01:30 INFO  valid result: 
recall@10 : 0.1985    mrr@10 : 0.365    ndcg@10 : 0.2094    hit@10 : 0.7169    precision@10 : 0.1417
Fri 20 Jan 2023 16:01:30 INFO  Saving current: saved/KGAT-Jan-20-2023_15-53-38.pth
Fri 20 Jan 2023 16:01:44 INFO  epoch 35 training [time: 13.49s, train_loss1: 9.0820, train_loss2: 2.2370]
Fri 20 Jan 2023 16:01:44 INFO  epoch 35 evaluating [time: 0.16s, valid_score: 0.368100]
Fri 20 Jan 2023 16:01:44 INFO  valid result: 
recall@10 : 0.2012    mrr@10 : 0.3681    ndcg@10 : 0.2121    hit@10 : 0.7264    precision@10 : 0.1427
Fri 20 Jan 2023 16:01:44 INFO  Saving current: saved/KGAT-Jan-20-2023_15-53-38.pth
Fri 20 Jan 2023 16:01:57 INFO  epoch 36 training [time: 13.26s, train_loss1: 8.9625, train_loss2: 2.0833]
Fri 20 Jan 2023 16:01:57 INFO  epoch 36 evaluating [time: 0.16s, valid_score: 0.371400]
Fri 20 Jan 2023 16:01:57 INFO  valid result: 
recall@10 : 0.2032    mrr@10 : 0.3714    ndcg@10 : 0.2135    hit@10 : 0.7338    precision@10 : 0.1445
Fri 20 Jan 2023 16:01:57 INFO  Saving current: saved/KGAT-Jan-20-2023_15-53-38.pth
Fri 20 Jan 2023 16:02:11 INFO  epoch 37 training [time: 13.36s, train_loss1: 8.9381, train_loss2: 2.1482]
Fri 20 Jan 2023 16:02:11 INFO  epoch 37 evaluating [time: 0.18s, valid_score: 0.370700]
Fri 20 Jan 2023 16:02:11 INFO  valid result: 
recall@10 : 0.2004    mrr@10 : 0.3707    ndcg@10 : 0.2132    hit@10 : 0.7285    precision@10 : 0.1437
Fri 20 Jan 2023 16:02:24 INFO  epoch 38 training [time: 13.50s, train_loss1: 8.7993, train_loss2: 2.0314]
Fri 20 Jan 2023 16:02:25 INFO  epoch 38 evaluating [time: 0.16s, valid_score: 0.373400]
Fri 20 Jan 2023 16:02:25 INFO  valid result: 
recall@10 : 0.2071    mrr@10 : 0.3734    ndcg@10 : 0.217    hit@10 : 0.7338    precision@10 : 0.146
Fri 20 Jan 2023 16:02:25 INFO  Saving current: saved/KGAT-Jan-20-2023_15-53-38.pth
Fri 20 Jan 2023 16:02:38 INFO  epoch 39 training [time: 13.47s, train_loss1: 8.6623, train_loss2: 1.9175]
Fri 20 Jan 2023 16:02:38 INFO  epoch 39 evaluating [time: 0.16s, valid_score: 0.373200]
Fri 20 Jan 2023 16:02:38 INFO  valid result: 
recall@10 : 0.2082    mrr@10 : 0.3732    ndcg@10 : 0.217    hit@10 : 0.7402    precision@10 : 0.1462
Fri 20 Jan 2023 16:02:52 INFO  epoch 40 training [time: 13.48s, train_loss1: 8.5364, train_loss2: 1.9114]
Fri 20 Jan 2023 16:02:52 INFO  epoch 40 evaluating [time: 0.16s, valid_score: 0.378700]
Fri 20 Jan 2023 16:02:52 INFO  valid result: 
recall@10 : 0.2057    mrr@10 : 0.3787    ndcg@10 : 0.2172    hit@10 : 0.7381    precision@10 : 0.1461
Fri 20 Jan 2023 16:02:52 INFO  Saving current: saved/KGAT-Jan-20-2023_15-53-38.pth
Fri 20 Jan 2023 16:03:05 INFO  epoch 41 training [time: 13.41s, train_loss1: 8.5447, train_loss2: 1.8935]
Fri 20 Jan 2023 16:03:05 INFO  epoch 41 evaluating [time: 0.16s, valid_score: 0.371700]
Fri 20 Jan 2023 16:03:05 INFO  valid result: 
recall@10 : 0.2058    mrr@10 : 0.3717    ndcg@10 : 0.2153    hit@10 : 0.7306    precision@10 : 0.1444
Fri 20 Jan 2023 16:03:19 INFO  epoch 42 training [time: 13.35s, train_loss1: 8.4644, train_loss2: 1.7896]
Fri 20 Jan 2023 16:03:19 INFO  epoch 42 evaluating [time: 0.16s, valid_score: 0.371500]
Fri 20 Jan 2023 16:03:19 INFO  valid result: 
recall@10 : 0.2047    mrr@10 : 0.3715    ndcg@10 : 0.2162    hit@10 : 0.7328    precision@10 : 0.1462
Fri 20 Jan 2023 16:03:32 INFO  epoch 43 training [time: 13.37s, train_loss1: 8.4134, train_loss2: 1.7957]
Fri 20 Jan 2023 16:03:33 INFO  epoch 43 evaluating [time: 0.16s, valid_score: 0.374200]
Fri 20 Jan 2023 16:03:33 INFO  valid result: 
recall@10 : 0.2074    mrr@10 : 0.3742    ndcg@10 : 0.2184    hit@10 : 0.7402    precision@10 : 0.1484
Fri 20 Jan 2023 16:03:46 INFO  epoch 44 training [time: 13.44s, train_loss1: 8.2950, train_loss2: 1.7705]
Fri 20 Jan 2023 16:03:46 INFO  epoch 44 evaluating [time: 0.16s, valid_score: 0.377900]
Fri 20 Jan 2023 16:03:46 INFO  valid result: 
recall@10 : 0.2049    mrr@10 : 0.3779    ndcg@10 : 0.2186    hit@10 : 0.7381    precision@10 : 0.1462
Fri 20 Jan 2023 16:04:00 INFO  epoch 45 training [time: 13.51s, train_loss1: 8.1656, train_loss2: 1.7441]
Fri 20 Jan 2023 16:04:00 INFO  epoch 45 evaluating [time: 0.16s, valid_score: 0.384600]
Fri 20 Jan 2023 16:04:00 INFO  valid result: 
recall@10 : 0.2057    mrr@10 : 0.3846    ndcg@10 : 0.2201    hit@10 : 0.7359    precision@10 : 0.1477
Fri 20 Jan 2023 16:04:00 INFO  Saving current: saved/KGAT-Jan-20-2023_15-53-38.pth
Fri 20 Jan 2023 16:04:13 INFO  epoch 46 training [time: 13.50s, train_loss1: 8.0692, train_loss2: 1.6339]
Fri 20 Jan 2023 16:04:14 INFO  epoch 46 evaluating [time: 0.16s, valid_score: 0.382100]
Fri 20 Jan 2023 16:04:14 INFO  valid result: 
recall@10 : 0.2099    mrr@10 : 0.3821    ndcg@10 : 0.2222    hit@10 : 0.7455    precision@10 : 0.1502
Fri 20 Jan 2023 16:04:27 INFO  epoch 47 training [time: 13.37s, train_loss1: 8.0048, train_loss2: 1.6621]
Fri 20 Jan 2023 16:04:27 INFO  epoch 47 evaluating [time: 0.16s, valid_score: 0.381800]
Fri 20 Jan 2023 16:04:27 INFO  valid result: 
recall@10 : 0.212    mrr@10 : 0.3818    ndcg@10 : 0.2231    hit@10 : 0.7402    precision@10 : 0.1505
Fri 20 Jan 2023 16:04:40 INFO  epoch 48 training [time: 13.35s, train_loss1: 7.8955, train_loss2: 1.5825]
Fri 20 Jan 2023 16:04:41 INFO  epoch 48 evaluating [time: 0.16s, valid_score: 0.387000]
Fri 20 Jan 2023 16:04:41 INFO  valid result: 
recall@10 : 0.2118    mrr@10 : 0.387    ndcg@10 : 0.2254    hit@10 : 0.7497    precision@10 : 0.1523
Fri 20 Jan 2023 16:04:41 INFO  Saving current: saved/KGAT-Jan-20-2023_15-53-38.pth
Fri 20 Jan 2023 16:04:54 INFO  epoch 49 training [time: 13.37s, train_loss1: 7.8025, train_loss2: 1.6036]
Fri 20 Jan 2023 16:04:54 INFO  epoch 49 evaluating [time: 0.16s, valid_score: 0.386600]
Fri 20 Jan 2023 16:04:54 INFO  valid result: 
recall@10 : 0.2093    mrr@10 : 0.3866    ndcg@10 : 0.2245    hit@10 : 0.7423    precision@10 : 0.1513
Fri 20 Jan 2023 16:05:08 INFO  epoch 50 training [time: 13.42s, train_loss1: 7.8013, train_loss2: 1.5363]
Fri 20 Jan 2023 16:05:08 INFO  epoch 50 evaluating [time: 0.17s, valid_score: 0.384500]
Fri 20 Jan 2023 16:05:08 INFO  valid result: 
recall@10 : 0.2147    mrr@10 : 0.3845    ndcg@10 : 0.227    hit@10 : 0.7497    precision@10 : 0.1539
Fri 20 Jan 2023 16:05:21 INFO  epoch 51 training [time: 13.50s, train_loss1: 7.6923, train_loss2: 1.5814]
Fri 20 Jan 2023 16:05:21 INFO  epoch 51 evaluating [time: 0.16s, valid_score: 0.383500]
Fri 20 Jan 2023 16:05:21 INFO  valid result: 
recall@10 : 0.2118    mrr@10 : 0.3835    ndcg@10 : 0.2251    hit@10 : 0.754    precision@10 : 0.1525
Fri 20 Jan 2023 16:05:35 INFO  epoch 52 training [time: 13.45s, train_loss1: 7.6138, train_loss2: 1.5355]
Fri 20 Jan 2023 16:05:35 INFO  epoch 52 evaluating [time: 0.16s, valid_score: 0.386000]
Fri 20 Jan 2023 16:05:35 INFO  valid result: 
recall@10 : 0.2104    mrr@10 : 0.386    ndcg@10 : 0.2253    hit@10 : 0.7434    precision@10 : 0.1526
Fri 20 Jan 2023 16:05:48 INFO  epoch 53 training [time: 13.38s, train_loss1: 7.5721, train_loss2: 1.4936]
Fri 20 Jan 2023 16:05:49 INFO  epoch 53 evaluating [time: 0.16s, valid_score: 0.385100]
Fri 20 Jan 2023 16:05:49 INFO  valid result: 
recall@10 : 0.2128    mrr@10 : 0.3851    ndcg@10 : 0.2273    hit@10 : 0.7455    precision@10 : 0.1536
Fri 20 Jan 2023 16:06:02 INFO  epoch 54 training [time: 13.35s, train_loss1: 7.3993, train_loss2: 1.4186]
Fri 20 Jan 2023 16:06:02 INFO  epoch 54 evaluating [time: 0.16s, valid_score: 0.385400]
Fri 20 Jan 2023 16:06:02 INFO  valid result: 
recall@10 : 0.2127    mrr@10 : 0.3854    ndcg@10 : 0.2271    hit@10 : 0.7466    precision@10 : 0.1534
Fri 20 Jan 2023 16:06:16 INFO  epoch 55 training [time: 13.55s, train_loss1: 7.3388, train_loss2: 1.4475]
Fri 20 Jan 2023 16:06:16 INFO  epoch 55 evaluating [time: 0.16s, valid_score: 0.378500]
Fri 20 Jan 2023 16:06:16 INFO  valid result: 
recall@10 : 0.2146    mrr@10 : 0.3785    ndcg@10 : 0.2263    hit@10 : 0.7455    precision@10 : 0.1541
Fri 20 Jan 2023 16:06:29 INFO  epoch 56 training [time: 13.41s, train_loss1: 7.3539, train_loss2: 1.3434]
Fri 20 Jan 2023 16:06:29 INFO  epoch 56 evaluating [time: 0.16s, valid_score: 0.388100]
Fri 20 Jan 2023 16:06:29 INFO  valid result: 
recall@10 : 0.216    mrr@10 : 0.3881    ndcg@10 : 0.2292    hit@10 : 0.7434    precision@10 : 0.1558
Fri 20 Jan 2023 16:06:29 INFO  Saving current: saved/KGAT-Jan-20-2023_15-53-38.pth
Fri 20 Jan 2023 16:06:43 INFO  epoch 57 training [time: 13.46s, train_loss1: 7.2822, train_loss2: 1.3719]
Fri 20 Jan 2023 16:06:43 INFO  epoch 57 evaluating [time: 0.16s, valid_score: 0.384400]
Fri 20 Jan 2023 16:06:43 INFO  valid result: 
recall@10 : 0.2155    mrr@10 : 0.3844    ndcg@10 : 0.2287    hit@10 : 0.7529    precision@10 : 0.1554
Fri 20 Jan 2023 16:06:57 INFO  epoch 58 training [time: 13.67s, train_loss1: 7.1381, train_loss2: 1.3707]
Fri 20 Jan 2023 16:06:57 INFO  epoch 58 evaluating [time: 0.16s, valid_score: 0.384100]
Fri 20 Jan 2023 16:06:57 INFO  valid result: 
recall@10 : 0.2159    mrr@10 : 0.3841    ndcg@10 : 0.2296    hit@10 : 0.7476    precision@10 : 0.1559
Fri 20 Jan 2023 16:07:10 INFO  epoch 59 training [time: 13.40s, train_loss1: 7.1608, train_loss2: 1.3340]
Fri 20 Jan 2023 16:07:10 INFO  epoch 59 evaluating [time: 0.16s, valid_score: 0.393600]
Fri 20 Jan 2023 16:07:10 INFO  valid result: 
recall@10 : 0.2182    mrr@10 : 0.3936    ndcg@10 : 0.2319    hit@10 : 0.7487    precision@10 : 0.1541
Fri 20 Jan 2023 16:07:10 INFO  Saving current: saved/KGAT-Jan-20-2023_15-53-38.pth
Fri 20 Jan 2023 16:07:24 INFO  epoch 60 training [time: 13.32s, train_loss1: 7.0056, train_loss2: 1.3260]
Fri 20 Jan 2023 16:07:24 INFO  epoch 60 evaluating [time: 0.16s, valid_score: 0.391900]
Fri 20 Jan 2023 16:07:24 INFO  valid result: 
recall@10 : 0.2181    mrr@10 : 0.3919    ndcg@10 : 0.2328    hit@10 : 0.7561    precision@10 : 0.1569
Fri 20 Jan 2023 16:07:37 INFO  epoch 61 training [time: 13.33s, train_loss1: 6.9882, train_loss2: 1.2732]
Fri 20 Jan 2023 16:07:37 INFO  epoch 61 evaluating [time: 0.16s, valid_score: 0.385600]
Fri 20 Jan 2023 16:07:37 INFO  valid result: 
recall@10 : 0.2189    mrr@10 : 0.3856    ndcg@10 : 0.2317    hit@10 : 0.754    precision@10 : 0.1564
Fri 20 Jan 2023 16:07:51 INFO  epoch 62 training [time: 13.40s, train_loss1: 6.9703, train_loss2: 1.2871]
Fri 20 Jan 2023 16:07:51 INFO  epoch 62 evaluating [time: 0.16s, valid_score: 0.386700]
Fri 20 Jan 2023 16:07:51 INFO  valid result: 
recall@10 : 0.2192    mrr@10 : 0.3867    ndcg@10 : 0.2312    hit@10 : 0.7508    precision@10 : 0.1561
Fri 20 Jan 2023 16:08:04 INFO  epoch 63 training [time: 13.43s, train_loss1: 6.9127, train_loss2: 1.2911]
Fri 20 Jan 2023 16:08:05 INFO  epoch 63 evaluating [time: 0.16s, valid_score: 0.386300]
Fri 20 Jan 2023 16:08:05 INFO  valid result: 
recall@10 : 0.2154    mrr@10 : 0.3863    ndcg@10 : 0.2306    hit@10 : 0.7402    precision@10 : 0.1563
Fri 20 Jan 2023 16:08:18 INFO  epoch 64 training [time: 13.42s, train_loss1: 6.9032, train_loss2: 1.2152]
Fri 20 Jan 2023 16:08:18 INFO  epoch 64 evaluating [time: 0.16s, valid_score: 0.389600]
Fri 20 Jan 2023 16:08:18 INFO  valid result: 
recall@10 : 0.2171    mrr@10 : 0.3896    ndcg@10 : 0.2314    hit@10 : 0.7497    precision@10 : 0.1566
Fri 20 Jan 2023 16:08:32 INFO  epoch 65 training [time: 13.43s, train_loss1: 6.7297, train_loss2: 1.2176]
Fri 20 Jan 2023 16:08:32 INFO  epoch 65 evaluating [time: 0.16s, valid_score: 0.386500]
Fri 20 Jan 2023 16:08:32 INFO  valid result: 
recall@10 : 0.2182    mrr@10 : 0.3865    ndcg@10 : 0.2307    hit@10 : 0.754    precision@10 : 0.1575
Fri 20 Jan 2023 16:08:45 INFO  epoch 66 training [time: 13.33s, train_loss1: 6.7921, train_loss2: 1.1405]
Fri 20 Jan 2023 16:08:45 INFO  epoch 66 evaluating [time: 0.16s, valid_score: 0.393300]
Fri 20 Jan 2023 16:08:45 INFO  valid result: 
recall@10 : 0.2203    mrr@10 : 0.3933    ndcg@10 : 0.2349    hit@10 : 0.7519    precision@10 : 0.1597
Fri 20 Jan 2023 16:08:59 INFO  epoch 67 training [time: 13.35s, train_loss1: 6.6186, train_loss2: 1.1487]
Fri 20 Jan 2023 16:08:59 INFO  epoch 67 evaluating [time: 0.16s, valid_score: 0.395500]
Fri 20 Jan 2023 16:08:59 INFO  valid result: 
recall@10 : 0.2193    mrr@10 : 0.3955    ndcg@10 : 0.2345    hit@10 : 0.7497    precision@10 : 0.16
Fri 20 Jan 2023 16:08:59 INFO  Saving current: saved/KGAT-Jan-20-2023_15-53-38.pth
Fri 20 Jan 2023 16:09:12 INFO  epoch 68 training [time: 13.32s, train_loss1: 6.5720, train_loss2: 1.2041]
Fri 20 Jan 2023 16:09:12 INFO  epoch 68 evaluating [time: 0.16s, valid_score: 0.394500]
Fri 20 Jan 2023 16:09:12 INFO  valid result: 
recall@10 : 0.2189    mrr@10 : 0.3945    ndcg@10 : 0.2341    hit@10 : 0.7434    precision@10 : 0.1582
Fri 20 Jan 2023 16:09:26 INFO  epoch 69 training [time: 13.43s, train_loss1: 6.5456, train_loss2: 1.1989]
Fri 20 Jan 2023 16:09:26 INFO  epoch 69 evaluating [time: 0.16s, valid_score: 0.393700]
Fri 20 Jan 2023 16:09:26 INFO  valid result: 
recall@10 : 0.2213    mrr@10 : 0.3937    ndcg@10 : 0.2356    hit@10 : 0.754    precision@10 : 0.1597
Fri 20 Jan 2023 16:09:39 INFO  epoch 70 training [time: 13.43s, train_loss1: 6.4954, train_loss2: 1.1587]
Fri 20 Jan 2023 16:09:40 INFO  epoch 70 evaluating [time: 0.16s, valid_score: 0.395300]
Fri 20 Jan 2023 16:09:40 INFO  valid result: 
recall@10 : 0.222    mrr@10 : 0.3953    ndcg@10 : 0.2363    hit@10 : 0.7529    precision@10 : 0.1604
Fri 20 Jan 2023 16:09:53 INFO  epoch 71 training [time: 13.38s, train_loss1: 6.3237, train_loss2: 1.1476]
Fri 20 Jan 2023 16:09:53 INFO  epoch 71 evaluating [time: 0.16s, valid_score: 0.386800]
Fri 20 Jan 2023 16:09:53 INFO  valid result: 
recall@10 : 0.2193    mrr@10 : 0.3868    ndcg@10 : 0.2304    hit@10 : 0.754    precision@10 : 0.1575
Fri 20 Jan 2023 16:10:06 INFO  epoch 72 training [time: 13.18s, train_loss1: 6.3937, train_loss2: 1.1820]
Fri 20 Jan 2023 16:10:06 INFO  epoch 72 evaluating [time: 0.16s, valid_score: 0.398400]
Fri 20 Jan 2023 16:10:06 INFO  valid result: 
recall@10 : 0.2224    mrr@10 : 0.3984    ndcg@10 : 0.2352    hit@10 : 0.754    precision@10 : 0.1593
Fri 20 Jan 2023 16:10:06 INFO  Saving current: saved/KGAT-Jan-20-2023_15-53-38.pth
Fri 20 Jan 2023 16:10:20 INFO  epoch 73 training [time: 13.30s, train_loss1: 6.2106, train_loss2: 1.0835]
Fri 20 Jan 2023 16:10:20 INFO  epoch 73 evaluating [time: 0.16s, valid_score: 0.392000]
Fri 20 Jan 2023 16:10:20 INFO  valid result: 
recall@10 : 0.22    mrr@10 : 0.392    ndcg@10 : 0.2327    hit@10 : 0.7487    precision@10 : 0.1601
Fri 20 Jan 2023 16:10:33 INFO  epoch 74 training [time: 13.34s, train_loss1: 6.2152, train_loss2: 1.1356]
Fri 20 Jan 2023 16:10:33 INFO  epoch 74 evaluating [time: 0.16s, valid_score: 0.393400]
Fri 20 Jan 2023 16:10:33 INFO  valid result: 
recall@10 : 0.2229    mrr@10 : 0.3934    ndcg@10 : 0.2357    hit@10 : 0.7497    precision@10 : 0.1614
Fri 20 Jan 2023 16:10:47 INFO  epoch 75 training [time: 13.44s, train_loss1: 6.1426, train_loss2: 1.0961]
Fri 20 Jan 2023 16:10:47 INFO  epoch 75 evaluating [time: 0.16s, valid_score: 0.389300]
Fri 20 Jan 2023 16:10:47 INFO  valid result: 
recall@10 : 0.2255    mrr@10 : 0.3893    ndcg@10 : 0.235    hit@10 : 0.7519    precision@10 : 0.1603
Fri 20 Jan 2023 16:11:00 INFO  epoch 76 training [time: 13.40s, train_loss1: 6.1010, train_loss2: 1.0718]
Fri 20 Jan 2023 16:11:01 INFO  epoch 76 evaluating [time: 0.16s, valid_score: 0.391300]
Fri 20 Jan 2023 16:11:01 INFO  valid result: 
recall@10 : 0.226    mrr@10 : 0.3913    ndcg@10 : 0.2365    hit@10 : 0.7529    precision@10 : 0.1627
Fri 20 Jan 2023 16:11:14 INFO  epoch 77 training [time: 13.39s, train_loss1: 6.0238, train_loss2: 1.0941]
Fri 20 Jan 2023 16:11:14 INFO  epoch 77 evaluating [time: 0.16s, valid_score: 0.397000]
Fri 20 Jan 2023 16:11:14 INFO  valid result: 
recall@10 : 0.221    mrr@10 : 0.397    ndcg@10 : 0.2365    hit@10 : 0.7497    precision@10 : 0.1606
Fri 20 Jan 2023 16:11:27 INFO  epoch 78 training [time: 13.36s, train_loss1: 6.0754, train_loss2: 1.0133]
Fri 20 Jan 2023 16:11:28 INFO  epoch 78 evaluating [time: 0.16s, valid_score: 0.394300]
Fri 20 Jan 2023 16:11:28 INFO  valid result: 
recall@10 : 0.2239    mrr@10 : 0.3943    ndcg@10 : 0.2358    hit@10 : 0.7519    precision@10 : 0.1604
Fri 20 Jan 2023 16:11:41 INFO  epoch 79 training [time: 13.54s, train_loss1: 5.9657, train_loss2: 1.0284]
Fri 20 Jan 2023 16:11:41 INFO  epoch 79 evaluating [time: 0.18s, valid_score: 0.390100]
Fri 20 Jan 2023 16:11:41 INFO  valid result: 
recall@10 : 0.2217    mrr@10 : 0.3901    ndcg@10 : 0.2342    hit@10 : 0.7519    precision@10 : 0.1606
Fri 20 Jan 2023 16:11:55 INFO  epoch 80 training [time: 13.54s, train_loss1: 5.9967, train_loss2: 1.0406]
Fri 20 Jan 2023 16:11:55 INFO  epoch 80 evaluating [time: 0.16s, valid_score: 0.398700]
Fri 20 Jan 2023 16:11:55 INFO  valid result: 
recall@10 : 0.2216    mrr@10 : 0.3987    ndcg@10 : 0.2367    hit@10 : 0.7529    precision@10 : 0.1609
Fri 20 Jan 2023 16:11:55 INFO  Saving current: saved/KGAT-Jan-20-2023_15-53-38.pth
Fri 20 Jan 2023 16:12:09 INFO  epoch 81 training [time: 13.39s, train_loss1: 5.8387, train_loss2: 1.0013]
Fri 20 Jan 2023 16:12:09 INFO  epoch 81 evaluating [time: 0.16s, valid_score: 0.389600]
Fri 20 Jan 2023 16:12:09 INFO  valid result: 
recall@10 : 0.2166    mrr@10 : 0.3896    ndcg@10 : 0.2318    hit@10 : 0.7413    precision@10 : 0.159
Fri 20 Jan 2023 16:12:22 INFO  epoch 82 training [time: 13.51s, train_loss1: 5.7463, train_loss2: 1.0117]
Fri 20 Jan 2023 16:12:22 INFO  epoch 82 evaluating [time: 0.16s, valid_score: 0.390500]
Fri 20 Jan 2023 16:12:22 INFO  valid result: 
recall@10 : 0.2228    mrr@10 : 0.3905    ndcg@10 : 0.2348    hit@10 : 0.754    precision@10 : 0.1607
Fri 20 Jan 2023 16:12:36 INFO  epoch 83 training [time: 13.42s, train_loss1: 5.7635, train_loss2: 0.9892]
Fri 20 Jan 2023 16:12:36 INFO  epoch 83 evaluating [time: 0.16s, valid_score: 0.390600]
Fri 20 Jan 2023 16:12:36 INFO  valid result: 
recall@10 : 0.2307    mrr@10 : 0.3906    ndcg@10 : 0.2389    hit@10 : 0.7625    precision@10 : 0.1634
Fri 20 Jan 2023 16:12:49 INFO  epoch 84 training [time: 13.38s, train_loss1: 5.6951, train_loss2: 1.0485]
Fri 20 Jan 2023 16:12:50 INFO  epoch 84 evaluating [time: 0.16s, valid_score: 0.387700]
Fri 20 Jan 2023 16:12:50 INFO  valid result: 
recall@10 : 0.2209    mrr@10 : 0.3877    ndcg@10 : 0.2335    hit@10 : 0.7508    precision@10 : 0.1596
Fri 20 Jan 2023 16:13:03 INFO  epoch 85 training [time: 13.35s, train_loss1: 5.6212, train_loss2: 0.9800]
Fri 20 Jan 2023 16:13:03 INFO  epoch 85 evaluating [time: 0.16s, valid_score: 0.391600]
Fri 20 Jan 2023 16:13:03 INFO  valid result: 
recall@10 : 0.2245    mrr@10 : 0.3916    ndcg@10 : 0.2372    hit@10 : 0.7572    precision@10 : 0.1622
Fri 20 Jan 2023 16:13:16 INFO  epoch 86 training [time: 13.35s, train_loss1: 5.5711, train_loss2: 0.9767]
Fri 20 Jan 2023 16:13:17 INFO  epoch 86 evaluating [time: 0.16s, valid_score: 0.397600]
Fri 20 Jan 2023 16:13:17 INFO  valid result: 
recall@10 : 0.2212    mrr@10 : 0.3976    ndcg@10 : 0.2381    hit@10 : 0.7508    precision@10 : 0.1616
Fri 20 Jan 2023 16:13:30 INFO  epoch 87 training [time: 13.39s, train_loss1: 5.6408, train_loss2: 0.9540]
Fri 20 Jan 2023 16:13:30 INFO  epoch 87 evaluating [time: 0.16s, valid_score: 0.394700]
Fri 20 Jan 2023 16:13:30 INFO  valid result: 
recall@10 : 0.2241    mrr@10 : 0.3947    ndcg@10 : 0.2385    hit@10 : 0.7519    precision@10 : 0.1627
Fri 20 Jan 2023 16:13:43 INFO  epoch 88 training [time: 13.28s, train_loss1: 5.4814, train_loss2: 0.9566]
Fri 20 Jan 2023 16:13:44 INFO  epoch 88 evaluating [time: 0.16s, valid_score: 0.392600]
Fri 20 Jan 2023 16:13:44 INFO  valid result: 
recall@10 : 0.2226    mrr@10 : 0.3926    ndcg@10 : 0.2353    hit@10 : 0.7508    precision@10 : 0.1608
Fri 20 Jan 2023 16:13:57 INFO  epoch 89 training [time: 13.44s, train_loss1: 5.3901, train_loss2: 0.9205]
Fri 20 Jan 2023 16:13:57 INFO  epoch 89 evaluating [time: 0.16s, valid_score: 0.393800]
Fri 20 Jan 2023 16:13:57 INFO  valid result: 
recall@10 : 0.222    mrr@10 : 0.3938    ndcg@10 : 0.2366    hit@10 : 0.7519    precision@10 : 0.1614
Fri 20 Jan 2023 16:14:11 INFO  epoch 90 training [time: 13.37s, train_loss1: 5.2901, train_loss2: 0.9385]
Fri 20 Jan 2023 16:14:11 INFO  epoch 90 evaluating [time: 0.16s, valid_score: 0.396100]
Fri 20 Jan 2023 16:14:11 INFO  valid result: 
recall@10 : 0.2261    mrr@10 : 0.3961    ndcg@10 : 0.2376    hit@10 : 0.7572    precision@10 : 0.1625
Fri 20 Jan 2023 16:14:24 INFO  epoch 91 training [time: 13.37s, train_loss1: 5.3186, train_loss2: 0.9184]
Fri 20 Jan 2023 16:14:24 INFO  epoch 91 evaluating [time: 0.16s, valid_score: 0.399300]
Fri 20 Jan 2023 16:14:24 INFO  valid result: 
recall@10 : 0.2234    mrr@10 : 0.3993    ndcg@10 : 0.2375    hit@10 : 0.7572    precision@10 : 0.161
Fri 20 Jan 2023 16:14:24 INFO  Saving current: saved/KGAT-Jan-20-2023_15-53-38.pth
Fri 20 Jan 2023 16:14:38 INFO  epoch 92 training [time: 13.32s, train_loss1: 5.3082, train_loss2: 0.9311]
Fri 20 Jan 2023 16:14:38 INFO  epoch 92 evaluating [time: 0.16s, valid_score: 0.404800]
Fri 20 Jan 2023 16:14:38 INFO  valid result: 
recall@10 : 0.2236    mrr@10 : 0.4048    ndcg@10 : 0.2388    hit@10 : 0.7529    precision@10 : 0.1612
Fri 20 Jan 2023 16:14:38 INFO  Saving current: saved/KGAT-Jan-20-2023_15-53-38.pth
Fri 20 Jan 2023 16:14:52 INFO  epoch 93 training [time: 13.78s, train_loss1: 5.1929, train_loss2: 0.8954]
Fri 20 Jan 2023 16:14:52 INFO  epoch 93 evaluating [time: 0.21s, valid_score: 0.403100]
Fri 20 Jan 2023 16:14:52 INFO  valid result: 
recall@10 : 0.2229    mrr@10 : 0.4031    ndcg@10 : 0.238    hit@10 : 0.7572    precision@10 : 0.1603
Fri 20 Jan 2023 16:15:05 INFO  epoch 94 training [time: 13.41s, train_loss1: 5.1758, train_loss2: 0.9090]
Fri 20 Jan 2023 16:15:05 INFO  epoch 94 evaluating [time: 0.16s, valid_score: 0.397200]
Fri 20 Jan 2023 16:15:05 INFO  valid result: 
recall@10 : 0.224    mrr@10 : 0.3972    ndcg@10 : 0.2382    hit@10 : 0.7508    precision@10 : 0.1612
Fri 20 Jan 2023 16:15:19 INFO  epoch 95 training [time: 13.42s, train_loss1: 5.0737, train_loss2: 0.8655]
Fri 20 Jan 2023 16:15:19 INFO  epoch 95 evaluating [time: 0.16s, valid_score: 0.398600]
Fri 20 Jan 2023 16:15:19 INFO  valid result: 
recall@10 : 0.2238    mrr@10 : 0.3986    ndcg@10 : 0.2388    hit@10 : 0.7519    precision@10 : 0.1621
Fri 20 Jan 2023 16:15:32 INFO  epoch 96 training [time: 13.37s, train_loss1: 5.0964, train_loss2: 0.8823]
Fri 20 Jan 2023 16:15:33 INFO  epoch 96 evaluating [time: 0.16s, valid_score: 0.393900]
Fri 20 Jan 2023 16:15:33 INFO  valid result: 
recall@10 : 0.2227    mrr@10 : 0.3939    ndcg@10 : 0.237    hit@10 : 0.754    precision@10 : 0.1612
Fri 20 Jan 2023 16:15:46 INFO  epoch 97 training [time: 13.49s, train_loss1: 4.9515, train_loss2: 0.8469]
Fri 20 Jan 2023 16:15:46 INFO  epoch 97 evaluating [time: 0.16s, valid_score: 0.400800]
Fri 20 Jan 2023 16:15:46 INFO  valid result: 
recall@10 : 0.2241    mrr@10 : 0.4008    ndcg@10 : 0.2399    hit@10 : 0.7593    precision@10 : 0.1631
Fri 20 Jan 2023 16:15:59 INFO  epoch 98 training [time: 13.34s, train_loss1: 4.9360, train_loss2: 0.8555]
Fri 20 Jan 2023 16:16:00 INFO  epoch 98 evaluating [time: 0.16s, valid_score: 0.403700]
Fri 20 Jan 2023 16:16:00 INFO  valid result: 
recall@10 : 0.222    mrr@10 : 0.4037    ndcg@10 : 0.2389    hit@10 : 0.754    precision@10 : 0.1606
Fri 20 Jan 2023 16:16:13 INFO  epoch 99 training [time: 13.36s, train_loss1: 4.9353, train_loss2: 0.8428]
Fri 20 Jan 2023 16:16:13 INFO  epoch 99 evaluating [time: 0.16s, valid_score: 0.398400]
Fri 20 Jan 2023 16:16:13 INFO  valid result: 
recall@10 : 0.2237    mrr@10 : 0.3984    ndcg@10 : 0.2383    hit@10 : 0.754    precision@10 : 0.1627
Fri 20 Jan 2023 16:16:27 INFO  epoch 100 training [time: 13.50s, train_loss1: 4.8091, train_loss2: 0.8743]
Fri 20 Jan 2023 16:16:27 INFO  epoch 100 evaluating [time: 0.16s, valid_score: 0.400700]
Fri 20 Jan 2023 16:16:27 INFO  valid result: 
recall@10 : 0.2277    mrr@10 : 0.4007    ndcg@10 : 0.2403    hit@10 : 0.7529    precision@10 : 0.1642
Fri 20 Jan 2023 16:16:40 INFO  epoch 101 training [time: 13.63s, train_loss1: 4.7395, train_loss2: 0.8016]
Fri 20 Jan 2023 16:16:41 INFO  epoch 101 evaluating [time: 0.18s, valid_score: 0.397400]
Fri 20 Jan 2023 16:16:41 INFO  valid result: 
recall@10 : 0.2243    mrr@10 : 0.3974    ndcg@10 : 0.2384    hit@10 : 0.7582    precision@10 : 0.1638
Fri 20 Jan 2023 16:16:55 INFO  epoch 102 training [time: 13.87s, train_loss1: 4.7713, train_loss2: 0.8397]
Fri 20 Jan 2023 16:16:55 INFO  epoch 102 evaluating [time: 0.20s, valid_score: 0.391800]
Fri 20 Jan 2023 16:16:55 INFO  valid result: 
recall@10 : 0.2237    mrr@10 : 0.3918    ndcg@10 : 0.2354    hit@10 : 0.7508    precision@10 : 0.1628
Fri 20 Jan 2023 16:17:08 INFO  epoch 103 training [time: 13.66s, train_loss1: 4.6225, train_loss2: 0.8132]
Fri 20 Jan 2023 16:17:09 INFO  epoch 103 evaluating [time: 0.16s, valid_score: 0.400300]
Fri 20 Jan 2023 16:17:09 INFO  valid result: 
recall@10 : 0.2249    mrr@10 : 0.4003    ndcg@10 : 0.2392    hit@10 : 0.754    precision@10 : 0.1646
Fri 20 Jan 2023 16:17:09 INFO  Finished training, best eval result in epoch 92
Fri 20 Jan 2023 16:17:09 INFO  Loading model structure and parameters from saved/KGAT-Jan-20-2023_15-53-38.pth
Fri 20 Jan 2023 16:17:09 INFO  best valid : OrderedDict([('recall@10', 0.2236), ('mrr@10', 0.4048), ('ndcg@10', 0.2388), ('hit@10', 0.7529), ('precision@10', 0.1612)])
Fri 20 Jan 2023 16:17:09 INFO  test result: OrderedDict([('recall@10', 0.2547), ('mrr@10', 0.4715), ('ndcg@10', 0.2889), ('hit@10', 0.7815), ('precision@10', 0.1969)])
