Mon 30 Jan 2023 15:48:55 INFO  momentum
Mon 30 Jan 2023 15:48:55 INFO  ['recbole_test.py']
Mon 30 Jan 2023 15:48:55 INFO  
General Hyper Parameters:
gpu_id = 0
use_gpu = True
seed = 2022
state = INFO
reproducibility = True
data_path = /work/03/gu14/k36095/kgat_bai/recbole/config/../dataset_example/ml-100k
checkpoint_dir = saved
show_progress = True
save_dataset = True
dataset_save_path = None
save_dataloaders = False
dataloaders_save_path = None
log_wandb = False

Training Hyper Parameters:
epochs = 300
train_batch_size = 2048
learner = adam
learning_rate = 0.001
train_neg_sample_args = {'distribution': 'uniform', 'sample_num': 1, 'alpha': 1.0, 'dynamic': False, 'candidate_num': 0}
eval_step = 1
stopping_step = 10
clip_grad_norm = None
weight_decay = 0.0
loss_decimal_place = 4

Evaluation Hyper Parameters:
eval_args = {'split': {'RS': [0.8, 0.1, 0.1]}, 'group_by': 'user', 'order': 'RO', 'mode': 'full'}
repeatable = False
metrics = ['Recall', 'MRR', 'NDCG', 'Hit', 'Precision']
topk = [10]
valid_metric = MRR@10
valid_metric_bigger = True
eval_batch_size = 4096
metric_decimal_place = 4

Dataset Hyper Parameters:
field_separator = 	
seq_separator =  
USER_ID_FIELD = user_id
ITEM_ID_FIELD = item_id
RATING_FIELD = rating
TIME_FIELD = timestamp
seq_len = None
LABEL_FIELD = label
threshold = None
NEG_PREFIX = neg_
load_col = {'inter': ['user_id', 'item_id', 'rating', 'timestamp'], 'kg': ['head_id', 'relation_id', 'tail_id'], 'link': ['item_id', 'entity_id']}
unload_col = None
unused_col = None
additional_feat_suffix = None
rm_dup_inter = None
val_interval = None
filter_inter_by_user_or_item = True
user_inter_num_interval = None
item_inter_num_interval = None
alias_of_user_id = None
alias_of_item_id = None
alias_of_entity_id = None
alias_of_relation_id = None
preload_weight = None
normalize_field = None
normalize_all = True
ITEM_LIST_LENGTH_FIELD = item_length
LIST_SUFFIX = _list
MAX_ITEM_LIST_LENGTH = 50
POSITION_FIELD = position_id
HEAD_ENTITY_ID_FIELD = head_id
TAIL_ENTITY_ID_FIELD = tail_id
RELATION_ID_FIELD = relation_id
ENTITY_ID_FIELD = entity_id
kg_reverse_r = False
entity_kg_num_interval = [0,inf)
relation_kg_num_interval = [0,inf)
benchmark_filename = None

Other Hyper Parameters: 
worker = 0
wandb_project = recbole
shuffle = True
require_pow = False
enable_amp = False
enable_scaler = False
transform = None
embedding_size = 64
kg_embedding_size = 64
layers = [64]
mess_dropout = 0.1
reg_weight = 1e-05
aggregator_type = bi
numerical_features = []
discretization = None
MODEL_TYPE = ModelType.KNOWLEDGE
MODEL_INPUT_TYPE = InputType.PAIRWISE
eval_type = EvaluatorType.RANKING
single_spec = True
local_rank = 0
device = cpu
eval_neg_sample_args = {'distribution': 'uniform', 'sample_num': 'none'}


Mon 30 Jan 2023 15:48:56 INFO  Saving filtered dataset into [saved/ml-100k-dataset.pth]
Mon 30 Jan 2023 15:48:56 INFO  ml-100k
The number of users: 944
Average actions of users: 103.4506892895016
The number of items: 1599
Average actions of items: 61.04755944931164
The number of inters: 97554
The sparsity of the dataset: 93.53714185772888%
Remain Fields: ['entity_id', 'user_id', 'item_id', 'rating', 'timestamp', 'head_id', 'relation_id', 'tail_id']
The number of entities: 34629
The number of relations: 26
The number of triples: 91631
The number of items that have been linked to KG: 1598
Mon 30 Jan 2023 15:48:57 INFO  [Training]: train_batch_size = [2048] train_neg_sample_args: [{'distribution': 'uniform', 'sample_num': 1, 'alpha': 1.0, 'dynamic': False, 'candidate_num': 0}]
Mon 30 Jan 2023 15:48:57 INFO  [Evaluation]: eval_batch_size = [4096] eval_args: [{'split': {'RS': [0.8, 0.1, 0.1]}, 'group_by': 'user', 'order': 'RO', 'mode': 'full'}]
Mon 30 Jan 2023 15:49:02 INFO  KGAT(
  (user_embedding): Embedding(944, 64)
  (entity_embedding): Embedding(34629, 64)
  (relation_embedding): Embedding(26, 64)
  (trans_w): Embedding(26, 4096)
  (aggregator_layers): ModuleList(
    (0): Aggregator(
      (message_dropout): Dropout(p=0.1, inplace=False)
      (W1): Linear(in_features=64, out_features=64, bias=True)
      (W2): Linear(in_features=64, out_features=64, bias=True)
      (activation): LeakyReLU(negative_slope=0.01)
    )
  )
  (tanh): Tanh()
  (mf_loss): BPRLoss()
  (reg_loss): EmbLoss()
)
Trainable parameters: 2393152
Mon 30 Jan 2023 15:49:02 INFO  FLOPs: 291414016.0
Mon 30 Jan 2023 15:49:07 INFO  epoch 0 training [time: 4.73s, train_loss1: 23.9024, train_loss2: 29.6505]
Mon 30 Jan 2023 15:49:07 INFO  epoch 0 evaluating [time: 0.20s, valid_score: 0.077900]
Mon 30 Jan 2023 15:49:07 INFO  valid result: 
recall@10 : 0.0326    mrr@10 : 0.0779    ndcg@10 : 0.0382    hit@10 : 0.2365    precision@10 : 0.033
Mon 30 Jan 2023 15:49:08 INFO  Saving current: saved/KGAT-Jan-30-2023_15-49-02.pth
Mon 30 Jan 2023 15:49:12 INFO  epoch 1 training [time: 4.02s, train_loss1: 21.2294, train_loss2: 19.7676]
Mon 30 Jan 2023 15:49:12 INFO  epoch 1 evaluating [time: 0.19s, valid_score: 0.145900]
Mon 30 Jan 2023 15:49:12 INFO  valid result: 
recall@10 : 0.0802    mrr@10 : 0.1459    ndcg@10 : 0.0796    hit@10 : 0.404    precision@10 : 0.0601
Mon 30 Jan 2023 15:49:12 INFO  Saving current: saved/KGAT-Jan-30-2023_15-49-02.pth
Mon 30 Jan 2023 15:49:16 INFO  epoch 2 training [time: 3.89s, train_loss1: 18.8408, train_loss2: 12.6331]
Mon 30 Jan 2023 15:49:16 INFO  epoch 2 evaluating [time: 0.19s, valid_score: 0.184400]
Mon 30 Jan 2023 15:49:16 INFO  valid result: 
recall@10 : 0.096    mrr@10 : 0.1844    ndcg@10 : 0.0991    hit@10 : 0.473    precision@10 : 0.0744
Mon 30 Jan 2023 15:49:16 INFO  Saving current: saved/KGAT-Jan-30-2023_15-49-02.pth
Mon 30 Jan 2023 15:49:20 INFO  epoch 3 training [time: 3.86s, train_loss1: 16.8633, train_loss2: 10.2714]
Mon 30 Jan 2023 15:49:20 INFO  epoch 3 evaluating [time: 0.19s, valid_score: 0.193700]
Mon 30 Jan 2023 15:49:20 INFO  valid result: 
recall@10 : 0.1155    mrr@10 : 0.1937    ndcg@10 : 0.1128    hit@10 : 0.5111    precision@10 : 0.085
Mon 30 Jan 2023 15:49:20 INFO  Saving current: saved/KGAT-Jan-30-2023_15-49-02.pth
Mon 30 Jan 2023 15:49:24 INFO  epoch 4 training [time: 3.74s, train_loss1: 16.3793, train_loss2: 9.0072]
Mon 30 Jan 2023 15:49:24 INFO  epoch 4 evaluating [time: 0.20s, valid_score: 0.218200]
Mon 30 Jan 2023 15:49:24 INFO  valid result: 
recall@10 : 0.1129    mrr@10 : 0.2182    ndcg@10 : 0.1168    hit@10 : 0.5281    precision@10 : 0.0875
Mon 30 Jan 2023 15:49:24 INFO  Saving current: saved/KGAT-Jan-30-2023_15-49-02.pth
Mon 30 Jan 2023 15:49:28 INFO  epoch 5 training [time: 3.63s, train_loss1: 16.1475, train_loss2: 8.3981]
Mon 30 Jan 2023 15:49:28 INFO  epoch 5 evaluating [time: 0.20s, valid_score: 0.227300]
Mon 30 Jan 2023 15:49:28 INFO  valid result: 
recall@10 : 0.1075    mrr@10 : 0.2273    ndcg@10 : 0.1174    hit@10 : 0.5175    precision@10 : 0.0866
Mon 30 Jan 2023 15:49:28 INFO  Saving current: saved/KGAT-Jan-30-2023_15-49-02.pth
Mon 30 Jan 2023 15:49:32 INFO  epoch 6 training [time: 3.69s, train_loss1: 15.9749, train_loss2: 7.8154]
Mon 30 Jan 2023 15:49:32 INFO  epoch 6 evaluating [time: 0.19s, valid_score: 0.231600]
Mon 30 Jan 2023 15:49:32 INFO  valid result: 
recall@10 : 0.1116    mrr@10 : 0.2316    ndcg@10 : 0.1207    hit@10 : 0.5196    precision@10 : 0.0869
Mon 30 Jan 2023 15:49:32 INFO  Saving current: saved/KGAT-Jan-30-2023_15-49-02.pth
Mon 30 Jan 2023 15:49:36 INFO  epoch 7 training [time: 3.66s, train_loss1: 15.7320, train_loss2: 7.3797]
Mon 30 Jan 2023 15:49:36 INFO  epoch 7 evaluating [time: 0.19s, valid_score: 0.235300]
Mon 30 Jan 2023 15:49:36 INFO  valid result: 
recall@10 : 0.1172    mrr@10 : 0.2353    ndcg@10 : 0.1258    hit@10 : 0.561    precision@10 : 0.0937
Mon 30 Jan 2023 15:49:36 INFO  Saving current: saved/KGAT-Jan-30-2023_15-49-02.pth
Mon 30 Jan 2023 15:49:39 INFO  epoch 8 training [time: 3.60s, train_loss1: 15.6095, train_loss2: 6.9135]
Mon 30 Jan 2023 15:49:40 INFO  epoch 8 evaluating [time: 0.19s, valid_score: 0.234700]
Mon 30 Jan 2023 15:49:40 INFO  valid result: 
recall@10 : 0.1187    mrr@10 : 0.2347    ndcg@10 : 0.1278    hit@10 : 0.5557    precision@10 : 0.0949
Mon 30 Jan 2023 15:49:43 INFO  epoch 9 training [time: 3.75s, train_loss1: 15.4242, train_loss2: 6.5304]
Mon 30 Jan 2023 15:49:44 INFO  epoch 9 evaluating [time: 0.19s, valid_score: 0.236400]
Mon 30 Jan 2023 15:49:44 INFO  valid result: 
recall@10 : 0.1262    mrr@10 : 0.2364    ndcg@10 : 0.132    hit@10 : 0.5737    precision@10 : 0.0992
Mon 30 Jan 2023 15:49:44 INFO  Saving current: saved/KGAT-Jan-30-2023_15-49-02.pth
Mon 30 Jan 2023 15:49:47 INFO  epoch 10 training [time: 3.67s, train_loss1: 15.1872, train_loss2: 6.0119]
Mon 30 Jan 2023 15:49:47 INFO  epoch 10 evaluating [time: 0.19s, valid_score: 0.242600]
Mon 30 Jan 2023 15:49:47 INFO  valid result: 
recall@10 : 0.1293    mrr@10 : 0.2426    ndcg@10 : 0.1371    hit@10 : 0.5726    precision@10 : 0.1028
Mon 30 Jan 2023 15:49:48 INFO  Saving current: saved/KGAT-Jan-30-2023_15-49-02.pth
Mon 30 Jan 2023 15:49:51 INFO  epoch 11 training [time: 3.74s, train_loss1: 14.9237, train_loss2: 5.6700]
Mon 30 Jan 2023 15:49:51 INFO  epoch 11 evaluating [time: 0.19s, valid_score: 0.261900]
Mon 30 Jan 2023 15:49:51 INFO  valid result: 
recall@10 : 0.1293    mrr@10 : 0.2619    ndcg@10 : 0.1449    hit@10 : 0.5811    precision@10 : 0.1062
Mon 30 Jan 2023 15:49:52 INFO  Saving current: saved/KGAT-Jan-30-2023_15-49-02.pth
Mon 30 Jan 2023 15:49:55 INFO  epoch 12 training [time: 3.67s, train_loss1: 14.6198, train_loss2: 5.5010]
Mon 30 Jan 2023 15:49:55 INFO  epoch 12 evaluating [time: 0.19s, valid_score: 0.268300]
Mon 30 Jan 2023 15:49:55 INFO  valid result: 
recall@10 : 0.1356    mrr@10 : 0.2683    ndcg@10 : 0.1497    hit@10 : 0.596    precision@10 : 0.1089
Mon 30 Jan 2023 15:49:55 INFO  Saving current: saved/KGAT-Jan-30-2023_15-49-02.pth
Mon 30 Jan 2023 15:49:59 INFO  epoch 13 training [time: 3.66s, train_loss1: 14.3454, train_loss2: 5.1254]
Mon 30 Jan 2023 15:49:59 INFO  epoch 13 evaluating [time: 0.19s, valid_score: 0.284600]
Mon 30 Jan 2023 15:49:59 INFO  valid result: 
recall@10 : 0.1405    mrr@10 : 0.2846    ndcg@10 : 0.1564    hit@10 : 0.5981    precision@10 : 0.1122
Mon 30 Jan 2023 15:49:59 INFO  Saving current: saved/KGAT-Jan-30-2023_15-49-02.pth
Mon 30 Jan 2023 15:50:03 INFO  epoch 14 training [time: 3.62s, train_loss1: 13.9911, train_loss2: 4.8595]
Mon 30 Jan 2023 15:50:03 INFO  epoch 14 evaluating [time: 0.19s, valid_score: 0.286700]
Mon 30 Jan 2023 15:50:03 INFO  valid result: 
recall@10 : 0.1485    mrr@10 : 0.2867    ndcg@10 : 0.1621    hit@10 : 0.6151    precision@10 : 0.1169
Mon 30 Jan 2023 15:50:03 INFO  Saving current: saved/KGAT-Jan-30-2023_15-49-02.pth
Mon 30 Jan 2023 15:50:07 INFO  epoch 15 training [time: 3.91s, train_loss1: 13.6582, train_loss2: 4.6592]
Mon 30 Jan 2023 15:50:07 INFO  epoch 15 evaluating [time: 0.19s, valid_score: 0.292800]
Mon 30 Jan 2023 15:50:07 INFO  valid result: 
recall@10 : 0.1535    mrr@10 : 0.2928    ndcg@10 : 0.1664    hit@10 : 0.6214    precision@10 : 0.119
Mon 30 Jan 2023 15:50:07 INFO  Saving current: saved/KGAT-Jan-30-2023_15-49-02.pth
Mon 30 Jan 2023 15:50:11 INFO  epoch 16 training [time: 3.72s, train_loss1: 13.2540, train_loss2: 4.3339]
Mon 30 Jan 2023 15:50:11 INFO  epoch 16 evaluating [time: 0.19s, valid_score: 0.302000]
Mon 30 Jan 2023 15:50:11 INFO  valid result: 
recall@10 : 0.1594    mrr@10 : 0.302    ndcg@10 : 0.1728    hit@10 : 0.6288    precision@10 : 0.1222
Mon 30 Jan 2023 15:50:11 INFO  Saving current: saved/KGAT-Jan-30-2023_15-49-02.pth
Mon 30 Jan 2023 15:50:15 INFO  epoch 17 training [time: 3.80s, train_loss1: 12.9394, train_loss2: 4.2594]
Mon 30 Jan 2023 15:50:15 INFO  epoch 17 evaluating [time: 0.19s, valid_score: 0.312400]
Mon 30 Jan 2023 15:50:15 INFO  valid result: 
recall@10 : 0.1669    mrr@10 : 0.3124    ndcg@10 : 0.1791    hit@10 : 0.6479    precision@10 : 0.1255
Mon 30 Jan 2023 15:50:15 INFO  Saving current: saved/KGAT-Jan-30-2023_15-49-02.pth
Mon 30 Jan 2023 15:50:19 INFO  epoch 18 training [time: 3.72s, train_loss1: 12.5214, train_loss2: 3.9429]
Mon 30 Jan 2023 15:50:19 INFO  epoch 18 evaluating [time: 0.19s, valid_score: 0.321100]
Mon 30 Jan 2023 15:50:19 INFO  valid result: 
recall@10 : 0.1696    mrr@10 : 0.3211    ndcg@10 : 0.1841    hit@10 : 0.6522    precision@10 : 0.1278
Mon 30 Jan 2023 15:50:19 INFO  Saving current: saved/KGAT-Jan-30-2023_15-49-02.pth
Mon 30 Jan 2023 15:50:23 INFO  epoch 19 training [time: 3.73s, train_loss1: 12.1913, train_loss2: 3.8116]
Mon 30 Jan 2023 15:50:23 INFO  epoch 19 evaluating [time: 0.19s, valid_score: 0.322700]
Mon 30 Jan 2023 15:50:23 INFO  valid result: 
recall@10 : 0.1687    mrr@10 : 0.3227    ndcg@10 : 0.1834    hit@10 : 0.6543    precision@10 : 0.1271
Mon 30 Jan 2023 15:50:23 INFO  Saving current: saved/KGAT-Jan-30-2023_15-49-02.pth
