Thu 26 Jan 2023 20:10:02 INFO  momentum
Thu 26 Jan 2023 20:10:02 INFO  ['recbole_test.py']
Thu 26 Jan 2023 20:10:02 INFO  
General Hyper Parameters:
gpu_id = 0
use_gpu = True
seed = 2020
state = INFO
reproducibility = True
data_path = /work/03/gu14/k36095/kgat_bai/recbole/config/../dataset_example/ml-100k
checkpoint_dir = saved
show_progress = True
save_dataset = True
dataset_save_path = None
save_dataloaders = False
dataloaders_save_path = None
log_wandb = False

Training Hyper Parameters:
epochs = 300
train_batch_size = 2048
learner = rmsprop
learning_rate = 0.001
train_neg_sample_args = {'distribution': 'uniform', 'sample_num': 1, 'alpha': 1.0, 'dynamic': False, 'candidate_num': 0}
eval_step = 1
stopping_step = 10
clip_grad_norm = None
weight_decay = 0.0
loss_decimal_place = 4

Evaluation Hyper Parameters:
eval_args = {'split': {'RS': [0.8, 0.1, 0.1]}, 'group_by': 'user', 'order': 'RO', 'mode': 'full'}
repeatable = False
metrics = ['Recall', 'MRR', 'NDCG', 'Hit', 'Precision']
topk = [10]
valid_metric = MRR@10
valid_metric_bigger = True
eval_batch_size = 4096
metric_decimal_place = 4

Dataset Hyper Parameters:
field_separator = 	
seq_separator =  
USER_ID_FIELD = user_id
ITEM_ID_FIELD = item_id
RATING_FIELD = rating
TIME_FIELD = timestamp
seq_len = None
LABEL_FIELD = label
threshold = None
NEG_PREFIX = neg_
load_col = {'inter': ['user_id', 'item_id', 'rating', 'timestamp'], 'kg': ['head_id', 'relation_id', 'tail_id'], 'link': ['item_id', 'entity_id']}
unload_col = None
unused_col = None
additional_feat_suffix = None
rm_dup_inter = None
val_interval = None
filter_inter_by_user_or_item = True
user_inter_num_interval = None
item_inter_num_interval = None
alias_of_user_id = None
alias_of_item_id = None
alias_of_entity_id = None
alias_of_relation_id = None
preload_weight = None
normalize_field = None
normalize_all = True
ITEM_LIST_LENGTH_FIELD = item_length
LIST_SUFFIX = _list
MAX_ITEM_LIST_LENGTH = 50
POSITION_FIELD = position_id
HEAD_ENTITY_ID_FIELD = head_id
TAIL_ENTITY_ID_FIELD = tail_id
RELATION_ID_FIELD = relation_id
ENTITY_ID_FIELD = entity_id
kg_reverse_r = False
entity_kg_num_interval = [0,inf)
relation_kg_num_interval = [0,inf)
benchmark_filename = None

Other Hyper Parameters: 
worker = 0
wandb_project = recbole
shuffle = True
require_pow = False
enable_amp = False
enable_scaler = False
transform = None
embedding_size = 64
kg_embedding_size = 64
layers = [64]
mess_dropout = 0.1
reg_weight = 1e-05
aggregator_type = bi
numerical_features = []
discretization = None
MODEL_TYPE = ModelType.KNOWLEDGE
MODEL_INPUT_TYPE = InputType.PAIRWISE
eval_type = EvaluatorType.RANKING
single_spec = True
local_rank = 0
device = cpu
eval_neg_sample_args = {'distribution': 'uniform', 'sample_num': 'none'}


Thu 26 Jan 2023 20:10:03 INFO  Saving filtered dataset into [saved/ml-100k-dataset.pth]
Thu 26 Jan 2023 20:10:03 INFO  ml-100k
The number of users: 944
Average actions of users: 103.4506892895016
The number of items: 1599
Average actions of items: 61.04755944931164
The number of inters: 97554
The sparsity of the dataset: 93.53714185772888%
Remain Fields: ['entity_id', 'user_id', 'item_id', 'rating', 'timestamp', 'head_id', 'relation_id', 'tail_id']
The number of entities: 34629
The number of relations: 26
The number of triples: 91631
The number of items that have been linked to KG: 1598
Thu 26 Jan 2023 20:10:04 INFO  [Training]: train_batch_size = [2048] train_neg_sample_args: [{'distribution': 'uniform', 'sample_num': 1, 'alpha': 1.0, 'dynamic': False, 'candidate_num': 0}]
Thu 26 Jan 2023 20:10:04 INFO  [Evaluation]: eval_batch_size = [4096] eval_args: [{'split': {'RS': [0.8, 0.1, 0.1]}, 'group_by': 'user', 'order': 'RO', 'mode': 'full'}]
Thu 26 Jan 2023 20:10:05 INFO  KGAT(
  (user_embedding): Embedding(944, 64)
  (entity_embedding): Embedding(34629, 64)
  (relation_embedding): Embedding(26, 64)
  (trans_w): Embedding(26, 4096)
  (aggregator_layers): ModuleList(
    (0): Aggregator(
      (message_dropout): Dropout(p=0.1, inplace=False)
      (W1): Linear(in_features=64, out_features=64, bias=True)
      (W2): Linear(in_features=64, out_features=64, bias=True)
      (activation): LeakyReLU(negative_slope=0.01)
    )
  )
  (tanh): Tanh()
  (mf_loss): BPRLoss()
  (reg_loss): EmbLoss()
)
Trainable parameters: 2393152
Thu 26 Jan 2023 20:10:05 INFO  FLOPs: 291414016.0
Thu 26 Jan 2023 20:10:10 INFO  epoch 0 training [time: 4.72s, train_loss1: 20.8259, train_loss2: 20.2642]
Thu 26 Jan 2023 20:10:11 INFO  epoch 0 evaluating [time: 0.23s, valid_score: 0.106700]
Thu 26 Jan 2023 20:10:11 INFO  valid result: 
recall@10 : 0.0506    mrr@10 : 0.1067    ndcg@10 : 0.0548    hit@10 : 0.3203    precision@10 : 0.0458
Thu 26 Jan 2023 20:10:11 INFO  Saving current: saved/KGAT-Jan-26-2023_20-10-06.pth
Thu 26 Jan 2023 20:10:15 INFO  epoch 1 training [time: 4.14s, train_loss1: 17.0616, train_loss2: 11.9344]
Thu 26 Jan 2023 20:10:15 INFO  epoch 1 evaluating [time: 0.19s, valid_score: 0.162400]
Thu 26 Jan 2023 20:10:15 INFO  valid result: 
recall@10 : 0.0853    mrr@10 : 0.1624    ndcg@10 : 0.0847    hit@10 : 0.4252    precision@10 : 0.0624
Thu 26 Jan 2023 20:10:15 INFO  Saving current: saved/KGAT-Jan-26-2023_20-10-06.pth
Thu 26 Jan 2023 20:10:19 INFO  epoch 2 training [time: 4.24s, train_loss1: 16.3271, train_loss2: 9.7041]
Thu 26 Jan 2023 20:10:20 INFO  epoch 2 evaluating [time: 0.20s, valid_score: 0.186800]
Thu 26 Jan 2023 20:10:20 INFO  valid result: 
recall@10 : 0.0976    mrr@10 : 0.1868    ndcg@10 : 0.0993    hit@10 : 0.4772    precision@10 : 0.074
Thu 26 Jan 2023 20:10:20 INFO  Saving current: saved/KGAT-Jan-26-2023_20-10-06.pth
Thu 26 Jan 2023 20:10:24 INFO  epoch 3 training [time: 4.09s, train_loss1: 15.9734, train_loss2: 8.6797]
Thu 26 Jan 2023 20:10:24 INFO  epoch 3 evaluating [time: 0.20s, valid_score: 0.206900]
Thu 26 Jan 2023 20:10:24 INFO  valid result: 
recall@10 : 0.1012    mrr@10 : 0.2069    ndcg@10 : 0.1092    hit@10 : 0.4719    precision@10 : 0.0762
Thu 26 Jan 2023 20:10:24 INFO  Saving current: saved/KGAT-Jan-26-2023_20-10-06.pth
Thu 26 Jan 2023 20:10:28 INFO  epoch 4 training [time: 4.15s, train_loss1: 15.6664, train_loss2: 7.9369]
Thu 26 Jan 2023 20:10:28 INFO  epoch 4 evaluating [time: 0.20s, valid_score: 0.220900]
Thu 26 Jan 2023 20:10:28 INFO  valid result: 
recall@10 : 0.1024    mrr@10 : 0.2209    ndcg@10 : 0.1137    hit@10 : 0.4899    precision@10 : 0.0787
Thu 26 Jan 2023 20:10:28 INFO  Saving current: saved/KGAT-Jan-26-2023_20-10-06.pth
Thu 26 Jan 2023 20:10:33 INFO  epoch 5 training [time: 4.19s, train_loss1: 15.3015, train_loss2: 7.5277]
Thu 26 Jan 2023 20:10:33 INFO  epoch 5 evaluating [time: 0.21s, valid_score: 0.240200]
Thu 26 Jan 2023 20:10:33 INFO  valid result: 
recall@10 : 0.1227    mrr@10 : 0.2402    ndcg@10 : 0.1311    hit@10 : 0.5366    precision@10 : 0.0914
Thu 26 Jan 2023 20:10:33 INFO  Saving current: saved/KGAT-Jan-26-2023_20-10-06.pth
Thu 26 Jan 2023 20:10:37 INFO  epoch 6 training [time: 4.20s, train_loss1: 14.8594, train_loss2: 7.1984]
Thu 26 Jan 2023 20:10:37 INFO  epoch 6 evaluating [time: 0.21s, valid_score: 0.249500]
Thu 26 Jan 2023 20:10:37 INFO  valid result: 
recall@10 : 0.1308    mrr@10 : 0.2495    ndcg@10 : 0.138    hit@10 : 0.5631    precision@10 : 0.0975
Thu 26 Jan 2023 20:10:37 INFO  Saving current: saved/KGAT-Jan-26-2023_20-10-06.pth
Thu 26 Jan 2023 20:10:41 INFO  epoch 7 training [time: 4.15s, train_loss1: 14.4969, train_loss2: 6.8733]
Thu 26 Jan 2023 20:10:42 INFO  epoch 7 evaluating [time: 0.20s, valid_score: 0.266200]
Thu 26 Jan 2023 20:10:42 INFO  valid result: 
recall@10 : 0.132    mrr@10 : 0.2662    ndcg@10 : 0.1463    hit@10 : 0.5631    precision@10 : 0.1017
Thu 26 Jan 2023 20:10:42 INFO  Saving current: saved/KGAT-Jan-26-2023_20-10-06.pth
Thu 26 Jan 2023 20:10:46 INFO  epoch 8 training [time: 3.97s, train_loss1: 14.0599, train_loss2: 6.4957]
Thu 26 Jan 2023 20:10:46 INFO  epoch 8 evaluating [time: 0.20s, valid_score: 0.278600]
Thu 26 Jan 2023 20:10:46 INFO  valid result: 
recall@10 : 0.1424    mrr@10 : 0.2786    ndcg@10 : 0.1548    hit@10 : 0.5907    precision@10 : 0.1065
Thu 26 Jan 2023 20:10:46 INFO  Saving current: saved/KGAT-Jan-26-2023_20-10-06.pth
Thu 26 Jan 2023 20:10:50 INFO  epoch 9 training [time: 4.01s, train_loss1: 13.5480, train_loss2: 5.8904]
Thu 26 Jan 2023 20:10:50 INFO  epoch 9 evaluating [time: 0.21s, valid_score: 0.288500]
Thu 26 Jan 2023 20:10:50 INFO  valid result: 
recall@10 : 0.1497    mrr@10 : 0.2885    ndcg@10 : 0.1613    hit@10 : 0.6076    precision@10 : 0.1125
Thu 26 Jan 2023 20:10:50 INFO  Saving current: saved/KGAT-Jan-26-2023_20-10-06.pth
Thu 26 Jan 2023 20:10:54 INFO  epoch 10 training [time: 3.99s, train_loss1: 13.0468, train_loss2: 5.2489]
Thu 26 Jan 2023 20:10:54 INFO  epoch 10 evaluating [time: 0.19s, valid_score: 0.294900]
Thu 26 Jan 2023 20:10:54 INFO  valid result: 
recall@10 : 0.151    mrr@10 : 0.2949    ndcg@10 : 0.1647    hit@10 : 0.6098    precision@10 : 0.1153
Thu 26 Jan 2023 20:10:54 INFO  Saving current: saved/KGAT-Jan-26-2023_20-10-06.pth
Thu 26 Jan 2023 20:10:59 INFO  epoch 11 training [time: 4.11s, train_loss1: 12.5447, train_loss2: 4.8809]
Thu 26 Jan 2023 20:10:59 INFO  epoch 11 evaluating [time: 0.21s, valid_score: 0.302900]
Thu 26 Jan 2023 20:10:59 INFO  valid result: 
recall@10 : 0.1556    mrr@10 : 0.3029    ndcg@10 : 0.1699    hit@10 : 0.6235    precision@10 : 0.1192
Thu 26 Jan 2023 20:10:59 INFO  Saving current: saved/KGAT-Jan-26-2023_20-10-06.pth
Thu 26 Jan 2023 20:11:03 INFO  epoch 12 training [time: 4.21s, train_loss1: 12.1933, train_loss2: 4.4262]
Thu 26 Jan 2023 20:11:03 INFO  epoch 12 evaluating [time: 0.19s, valid_score: 0.314300]
Thu 26 Jan 2023 20:11:03 INFO  valid result: 
recall@10 : 0.1623    mrr@10 : 0.3143    ndcg@10 : 0.1768    hit@10 : 0.6331    precision@10 : 0.123
Thu 26 Jan 2023 20:11:03 INFO  Saving current: saved/KGAT-Jan-26-2023_20-10-06.pth
Thu 26 Jan 2023 20:11:07 INFO  epoch 13 training [time: 4.16s, train_loss1: 11.7159, train_loss2: 4.0948]
Thu 26 Jan 2023 20:11:08 INFO  epoch 13 evaluating [time: 0.19s, valid_score: 0.319800]
Thu 26 Jan 2023 20:11:08 INFO  valid result: 
recall@10 : 0.1666    mrr@10 : 0.3198    ndcg@10 : 0.1803    hit@10 : 0.6405    precision@10 : 0.1244
Thu 26 Jan 2023 20:11:08 INFO  Saving current: saved/KGAT-Jan-26-2023_20-10-06.pth
Thu 26 Jan 2023 20:11:12 INFO  epoch 14 training [time: 4.14s, train_loss1: 11.3164, train_loss2: 3.8601]
Thu 26 Jan 2023 20:11:12 INFO  epoch 14 evaluating [time: 0.19s, valid_score: 0.323300]
Thu 26 Jan 2023 20:11:12 INFO  valid result: 
recall@10 : 0.1687    mrr@10 : 0.3233    ndcg@10 : 0.1847    hit@10 : 0.6575    precision@10 : 0.13
Thu 26 Jan 2023 20:11:12 INFO  Saving current: saved/KGAT-Jan-26-2023_20-10-06.pth
Thu 26 Jan 2023 20:11:16 INFO  epoch 15 training [time: 4.20s, train_loss1: 11.0802, train_loss2: 3.6961]
Thu 26 Jan 2023 20:11:16 INFO  epoch 15 evaluating [time: 0.19s, valid_score: 0.327700]
Thu 26 Jan 2023 20:11:16 INFO  valid result: 
recall@10 : 0.1715    mrr@10 : 0.3277    ndcg@10 : 0.1857    hit@10 : 0.6617    precision@10 : 0.1302
Thu 26 Jan 2023 20:11:17 INFO  Saving current: saved/KGAT-Jan-26-2023_20-10-06.pth
Thu 26 Jan 2023 20:11:21 INFO  epoch 16 training [time: 4.16s, train_loss1: 10.8262, train_loss2: 3.4482]
Thu 26 Jan 2023 20:11:21 INFO  epoch 16 evaluating [time: 0.19s, valid_score: 0.337900]
Thu 26 Jan 2023 20:11:21 INFO  valid result: 
recall@10 : 0.1721    mrr@10 : 0.3379    ndcg@10 : 0.1895    hit@10 : 0.6649    precision@10 : 0.1328
Thu 26 Jan 2023 20:11:21 INFO  Saving current: saved/KGAT-Jan-26-2023_20-10-06.pth
Thu 26 Jan 2023 20:11:25 INFO  epoch 17 training [time: 4.01s, train_loss1: 10.5577, train_loss2: 3.2782]
Thu 26 Jan 2023 20:11:25 INFO  epoch 17 evaluating [time: 0.19s, valid_score: 0.341500]
Thu 26 Jan 2023 20:11:25 INFO  valid result: 
recall@10 : 0.1726    mrr@10 : 0.3415    ndcg@10 : 0.1919    hit@10 : 0.6628    precision@10 : 0.1346
Thu 26 Jan 2023 20:11:25 INFO  Saving current: saved/KGAT-Jan-26-2023_20-10-06.pth
Thu 26 Jan 2023 20:11:29 INFO  epoch 18 training [time: 4.24s, train_loss1: 10.2591, train_loss2: 3.0411]
Thu 26 Jan 2023 20:11:30 INFO  epoch 18 evaluating [time: 0.19s, valid_score: 0.345500]
Thu 26 Jan 2023 20:11:30 INFO  valid result: 
recall@10 : 0.1753    mrr@10 : 0.3455    ndcg@10 : 0.195    hit@10 : 0.6744    precision@10 : 0.1361
Thu 26 Jan 2023 20:11:30 INFO  Saving current: saved/KGAT-Jan-26-2023_20-10-06.pth
Thu 26 Jan 2023 20:11:34 INFO  epoch 19 training [time: 4.20s, train_loss1: 10.1387, train_loss2: 3.0608]
Thu 26 Jan 2023 20:11:34 INFO  epoch 19 evaluating [time: 0.19s, valid_score: 0.352200]
Thu 26 Jan 2023 20:11:34 INFO  valid result: 
recall@10 : 0.1811    mrr@10 : 0.3522    ndcg@10 : 0.1991    hit@10 : 0.6829    precision@10 : 0.1385
Thu 26 Jan 2023 20:11:34 INFO  Saving current: saved/KGAT-Jan-26-2023_20-10-06.pth
Thu 26 Jan 2023 20:11:38 INFO  epoch 20 training [time: 4.13s, train_loss1: 10.0114, train_loss2: 2.9613]
Thu 26 Jan 2023 20:11:38 INFO  epoch 20 evaluating [time: 0.19s, valid_score: 0.350400]
Thu 26 Jan 2023 20:11:38 INFO  valid result: 
recall@10 : 0.1826    mrr@10 : 0.3504    ndcg@10 : 0.1997    hit@10 : 0.685    precision@10 : 0.139
Thu 26 Jan 2023 20:11:42 INFO  epoch 21 training [time: 4.04s, train_loss1: 9.8574, train_loss2: 2.7697]
Thu 26 Jan 2023 20:11:43 INFO  epoch 21 evaluating [time: 0.19s, valid_score: 0.353300]
Thu 26 Jan 2023 20:11:43 INFO  valid result: 
recall@10 : 0.1815    mrr@10 : 0.3533    ndcg@10 : 0.1996    hit@10 : 0.6766    precision@10 : 0.1376
Thu 26 Jan 2023 20:11:43 INFO  Saving current: saved/KGAT-Jan-26-2023_20-10-06.pth
Thu 26 Jan 2023 20:11:47 INFO  epoch 22 training [time: 4.16s, train_loss1: 9.7540, train_loss2: 2.6565]
Thu 26 Jan 2023 20:11:47 INFO  epoch 22 evaluating [time: 0.19s, valid_score: 0.356800]
Thu 26 Jan 2023 20:11:47 INFO  valid result: 
recall@10 : 0.1836    mrr@10 : 0.3568    ndcg@10 : 0.2019    hit@10 : 0.6935    precision@10 : 0.1392
Thu 26 Jan 2023 20:11:47 INFO  Saving current: saved/KGAT-Jan-26-2023_20-10-06.pth
Thu 26 Jan 2023 20:11:51 INFO  epoch 23 training [time: 4.16s, train_loss1: 9.5526, train_loss2: 2.5000]
Thu 26 Jan 2023 20:11:51 INFO  epoch 23 evaluating [time: 0.21s, valid_score: 0.360300]
Thu 26 Jan 2023 20:11:51 INFO  valid result: 
recall@10 : 0.1856    mrr@10 : 0.3603    ndcg@10 : 0.2041    hit@10 : 0.6935    precision@10 : 0.141
Thu 26 Jan 2023 20:11:52 INFO  Saving current: saved/KGAT-Jan-26-2023_20-10-06.pth
Thu 26 Jan 2023 20:11:56 INFO  epoch 24 training [time: 4.10s, train_loss1: 9.4732, train_loss2: 2.4548]
Thu 26 Jan 2023 20:11:56 INFO  epoch 24 evaluating [time: 0.19s, valid_score: 0.365800]
Thu 26 Jan 2023 20:11:56 INFO  valid result: 
recall@10 : 0.1874    mrr@10 : 0.3658    ndcg@10 : 0.2066    hit@10 : 0.702    precision@10 : 0.1419
Thu 26 Jan 2023 20:11:56 INFO  Saving current: saved/KGAT-Jan-26-2023_20-10-06.pth
Thu 26 Jan 2023 20:12:00 INFO  epoch 25 training [time: 4.19s, train_loss1: 9.3839, train_loss2: 2.3870]
Thu 26 Jan 2023 20:12:00 INFO  epoch 25 evaluating [time: 0.19s, valid_score: 0.368000]
Thu 26 Jan 2023 20:12:00 INFO  valid result: 
recall@10 : 0.1863    mrr@10 : 0.368    ndcg@10 : 0.2075    hit@10 : 0.6935    precision@10 : 0.1428
Thu 26 Jan 2023 20:12:00 INFO  Saving current: saved/KGAT-Jan-26-2023_20-10-06.pth
Thu 26 Jan 2023 20:12:04 INFO  epoch 26 training [time: 4.10s, train_loss1: 9.2108, train_loss2: 2.3938]
Thu 26 Jan 2023 20:12:05 INFO  epoch 26 evaluating [time: 0.19s, valid_score: 0.365400]
Thu 26 Jan 2023 20:12:05 INFO  valid result: 
recall@10 : 0.1878    mrr@10 : 0.3654    ndcg@10 : 0.2085    hit@10 : 0.6925    precision@10 : 0.1439
Thu 26 Jan 2023 20:12:09 INFO  epoch 27 training [time: 4.21s, train_loss1: 9.0107, train_loss2: 2.2568]
Thu 26 Jan 2023 20:12:09 INFO  epoch 27 evaluating [time: 0.19s, valid_score: 0.372000]
Thu 26 Jan 2023 20:12:09 INFO  valid result: 
recall@10 : 0.1911    mrr@10 : 0.372    ndcg@10 : 0.2118    hit@10 : 0.6988    precision@10 : 0.1452
Thu 26 Jan 2023 20:12:09 INFO  Saving current: saved/KGAT-Jan-26-2023_20-10-06.pth
Thu 26 Jan 2023 20:12:13 INFO  epoch 28 training [time: 4.11s, train_loss1: 9.0211, train_loss2: 2.1999]
Thu 26 Jan 2023 20:12:13 INFO  epoch 28 evaluating [time: 0.19s, valid_score: 0.375800]
Thu 26 Jan 2023 20:12:13 INFO  valid result: 
recall@10 : 0.1926    mrr@10 : 0.3758    ndcg@10 : 0.2135    hit@10 : 0.7094    precision@10 : 0.1468
Thu 26 Jan 2023 20:12:13 INFO  Saving current: saved/KGAT-Jan-26-2023_20-10-06.pth
Thu 26 Jan 2023 20:12:18 INFO  epoch 29 training [time: 4.07s, train_loss1: 8.8154, train_loss2: 2.1537]
Thu 26 Jan 2023 20:12:18 INFO  epoch 29 evaluating [time: 0.19s, valid_score: 0.374300]
Thu 26 Jan 2023 20:12:18 INFO  valid result: 
recall@10 : 0.1931    mrr@10 : 0.3743    ndcg@10 : 0.2138    hit@10 : 0.7031    precision@10 : 0.1472
Thu 26 Jan 2023 20:12:22 INFO  epoch 30 training [time: 4.08s, train_loss1: 8.7263, train_loss2: 2.0785]
Thu 26 Jan 2023 20:12:22 INFO  epoch 30 evaluating [time: 0.19s, valid_score: 0.376200]
Thu 26 Jan 2023 20:12:22 INFO  valid result: 
recall@10 : 0.193    mrr@10 : 0.3762    ndcg@10 : 0.2142    hit@10 : 0.7052    precision@10 : 0.1468
Thu 26 Jan 2023 20:12:22 INFO  Saving current: saved/KGAT-Jan-26-2023_20-10-06.pth
Thu 26 Jan 2023 20:12:26 INFO  epoch 31 training [time: 4.05s, train_loss1: 8.6480, train_loss2: 1.9369]
Thu 26 Jan 2023 20:12:26 INFO  epoch 31 evaluating [time: 0.19s, valid_score: 0.374000]
Thu 26 Jan 2023 20:12:26 INFO  valid result: 
recall@10 : 0.1959    mrr@10 : 0.374    ndcg@10 : 0.2161    hit@10 : 0.7094    precision@10 : 0.1494
Thu 26 Jan 2023 20:12:30 INFO  epoch 32 training [time: 4.08s, train_loss1: 8.4733, train_loss2: 1.8981]
Thu 26 Jan 2023 20:12:31 INFO  epoch 32 evaluating [time: 0.20s, valid_score: 0.379200]
Thu 26 Jan 2023 20:12:31 INFO  valid result: 
recall@10 : 0.1984    mrr@10 : 0.3792    ndcg@10 : 0.219    hit@10 : 0.7126    precision@10 : 0.149
Thu 26 Jan 2023 20:12:31 INFO  Saving current: saved/KGAT-Jan-26-2023_20-10-06.pth
Thu 26 Jan 2023 20:12:35 INFO  epoch 33 training [time: 4.07s, train_loss1: 8.4660, train_loss2: 1.8297]
Thu 26 Jan 2023 20:12:35 INFO  epoch 33 evaluating [time: 0.19s, valid_score: 0.379900]
Thu 26 Jan 2023 20:12:35 INFO  valid result: 
recall@10 : 0.1992    mrr@10 : 0.3799    ndcg@10 : 0.2205    hit@10 : 0.7158    precision@10 : 0.1504
Thu 26 Jan 2023 20:12:35 INFO  Saving current: saved/KGAT-Jan-26-2023_20-10-06.pth
Thu 26 Jan 2023 20:12:39 INFO  epoch 34 training [time: 3.92s, train_loss1: 8.2755, train_loss2: 1.8091]
Thu 26 Jan 2023 20:12:39 INFO  epoch 34 evaluating [time: 0.19s, valid_score: 0.383300]
Thu 26 Jan 2023 20:12:39 INFO  valid result: 
recall@10 : 0.2026    mrr@10 : 0.3833    ndcg@10 : 0.2227    hit@10 : 0.7253    precision@10 : 0.1523
Thu 26 Jan 2023 20:12:39 INFO  Saving current: saved/KGAT-Jan-26-2023_20-10-06.pth
Thu 26 Jan 2023 20:12:43 INFO  epoch 35 training [time: 4.06s, train_loss1: 8.3242, train_loss2: 1.7466]
Thu 26 Jan 2023 20:12:43 INFO  epoch 35 evaluating [time: 0.19s, valid_score: 0.381000]
Thu 26 Jan 2023 20:12:43 INFO  valid result: 
recall@10 : 0.2014    mrr@10 : 0.381    ndcg@10 : 0.2212    hit@10 : 0.7222    precision@10 : 0.1503
Thu 26 Jan 2023 20:12:47 INFO  epoch 36 training [time: 4.05s, train_loss1: 8.0951, train_loss2: 1.7129]
Thu 26 Jan 2023 20:12:48 INFO  epoch 36 evaluating [time: 0.19s, valid_score: 0.384800]
Thu 26 Jan 2023 20:12:48 INFO  valid result: 
recall@10 : 0.2049    mrr@10 : 0.3848    ndcg@10 : 0.2236    hit@10 : 0.7328    precision@10 : 0.1538
Thu 26 Jan 2023 20:12:48 INFO  Saving current: saved/KGAT-Jan-26-2023_20-10-06.pth
Thu 26 Jan 2023 20:12:52 INFO  epoch 37 training [time: 4.04s, train_loss1: 7.9947, train_loss2: 1.6882]
Thu 26 Jan 2023 20:12:52 INFO  epoch 37 evaluating [time: 0.19s, valid_score: 0.390100]
Thu 26 Jan 2023 20:12:52 INFO  valid result: 
recall@10 : 0.206    mrr@10 : 0.3901    ndcg@10 : 0.2261    hit@10 : 0.7243    precision@10 : 0.1539
Thu 26 Jan 2023 20:12:52 INFO  Saving current: saved/KGAT-Jan-26-2023_20-10-06.pth
Thu 26 Jan 2023 20:12:56 INFO  epoch 38 training [time: 4.11s, train_loss1: 8.0413, train_loss2: 1.6279]
Thu 26 Jan 2023 20:12:56 INFO  epoch 38 evaluating [time: 0.19s, valid_score: 0.389100]
Thu 26 Jan 2023 20:12:56 INFO  valid result: 
recall@10 : 0.2077    mrr@10 : 0.3891    ndcg@10 : 0.2272    hit@10 : 0.7306    precision@10 : 0.1557
Thu 26 Jan 2023 20:13:00 INFO  epoch 39 training [time: 4.21s, train_loss1: 7.8582, train_loss2: 1.5781]
Thu 26 Jan 2023 20:13:01 INFO  epoch 39 evaluating [time: 0.19s, valid_score: 0.392000]
Thu 26 Jan 2023 20:13:01 INFO  valid result: 
recall@10 : 0.2047    mrr@10 : 0.392    ndcg@10 : 0.2271    hit@10 : 0.7296    precision@10 : 0.154
Thu 26 Jan 2023 20:13:01 INFO  Saving current: saved/KGAT-Jan-26-2023_20-10-06.pth
Thu 26 Jan 2023 20:13:05 INFO  epoch 40 training [time: 3.98s, train_loss1: 7.8189, train_loss2: 1.6229]
Thu 26 Jan 2023 20:13:05 INFO  epoch 40 evaluating [time: 0.19s, valid_score: 0.385800]
Thu 26 Jan 2023 20:13:05 INFO  valid result: 
recall@10 : 0.2127    mrr@10 : 0.3858    ndcg@10 : 0.2301    hit@10 : 0.737    precision@10 : 0.1583
Thu 26 Jan 2023 20:13:09 INFO  epoch 41 training [time: 4.04s, train_loss1: 7.7119, train_loss2: 1.4872]
Thu 26 Jan 2023 20:13:09 INFO  epoch 41 evaluating [time: 0.20s, valid_score: 0.389400]
Thu 26 Jan 2023 20:13:09 INFO  valid result: 
recall@10 : 0.2078    mrr@10 : 0.3894    ndcg@10 : 0.2276    hit@10 : 0.737    precision@10 : 0.1537
Thu 26 Jan 2023 20:13:13 INFO  epoch 42 training [time: 4.20s, train_loss1: 7.6282, train_loss2: 1.5258]
Thu 26 Jan 2023 20:13:13 INFO  epoch 42 evaluating [time: 0.19s, valid_score: 0.391100]
Thu 26 Jan 2023 20:13:13 INFO  valid result: 
recall@10 : 0.2083    mrr@10 : 0.3911    ndcg@10 : 0.2289    hit@10 : 0.7328    precision@10 : 0.1552
Thu 26 Jan 2023 20:13:18 INFO  epoch 43 training [time: 4.07s, train_loss1: 7.5891, train_loss2: 1.5149]
Thu 26 Jan 2023 20:13:18 INFO  epoch 43 evaluating [time: 0.19s, valid_score: 0.382200]
Thu 26 Jan 2023 20:13:18 INFO  valid result: 
recall@10 : 0.2061    mrr@10 : 0.3822    ndcg@10 : 0.2263    hit@10 : 0.7253    precision@10 : 0.1556
Thu 26 Jan 2023 20:13:22 INFO  epoch 44 training [time: 4.11s, train_loss1: 7.4093, train_loss2: 1.4733]
Thu 26 Jan 2023 20:13:22 INFO  epoch 44 evaluating [time: 0.19s, valid_score: 0.384600]
Thu 26 Jan 2023 20:13:22 INFO  valid result: 
recall@10 : 0.2077    mrr@10 : 0.3846    ndcg@10 : 0.2277    hit@10 : 0.7317    precision@10 : 0.1571
Thu 26 Jan 2023 20:13:26 INFO  epoch 45 training [time: 3.98s, train_loss1: 7.4039, train_loss2: 1.4664]
Thu 26 Jan 2023 20:13:26 INFO  epoch 45 evaluating [time: 0.19s, valid_score: 0.383600]
Thu 26 Jan 2023 20:13:26 INFO  valid result: 
recall@10 : 0.2078    mrr@10 : 0.3836    ndcg@10 : 0.2265    hit@10 : 0.7328    precision@10 : 0.1555
Thu 26 Jan 2023 20:13:30 INFO  epoch 46 training [time: 4.07s, train_loss1: 7.2783, train_loss2: 1.4360]
Thu 26 Jan 2023 20:13:30 INFO  epoch 46 evaluating [time: 0.19s, valid_score: 0.387300]
Thu 26 Jan 2023 20:13:30 INFO  valid result: 
recall@10 : 0.2071    mrr@10 : 0.3873    ndcg@10 : 0.228    hit@10 : 0.7296    precision@10 : 0.1567
Thu 26 Jan 2023 20:13:35 INFO  epoch 47 training [time: 4.30s, train_loss1: 7.2701, train_loss2: 1.3342]
Thu 26 Jan 2023 20:13:35 INFO  epoch 47 evaluating [time: 0.19s, valid_score: 0.394500]
Thu 26 Jan 2023 20:13:35 INFO  valid result: 
recall@10 : 0.2075    mrr@10 : 0.3945    ndcg@10 : 0.2308    hit@10 : 0.7264    precision@10 : 0.1576
Thu 26 Jan 2023 20:13:35 INFO  Saving current: saved/KGAT-Jan-26-2023_20-10-06.pth
Thu 26 Jan 2023 20:13:39 INFO  epoch 48 training [time: 4.13s, train_loss1: 7.1658, train_loss2: 1.3789]
Thu 26 Jan 2023 20:13:39 INFO  epoch 48 evaluating [time: 0.19s, valid_score: 0.389900]
Thu 26 Jan 2023 20:13:39 INFO  valid result: 
recall@10 : 0.2109    mrr@10 : 0.3899    ndcg@10 : 0.2314    hit@10 : 0.7359    precision@10 : 0.159
Thu 26 Jan 2023 20:13:43 INFO  epoch 49 training [time: 4.09s, train_loss1: 7.2200, train_loss2: 1.3619]
Thu 26 Jan 2023 20:13:44 INFO  epoch 49 evaluating [time: 0.19s, valid_score: 0.396100]
Thu 26 Jan 2023 20:13:44 INFO  valid result: 
recall@10 : 0.2113    mrr@10 : 0.3961    ndcg@10 : 0.2337    hit@10 : 0.7413    precision@10 : 0.1595
Thu 26 Jan 2023 20:13:44 INFO  Saving current: saved/KGAT-Jan-26-2023_20-10-06.pth
Thu 26 Jan 2023 20:13:49 INFO  epoch 50 training [time: 5.08s, train_loss1: 7.1331, train_loss2: 1.3298]
Thu 26 Jan 2023 20:13:49 INFO  epoch 50 evaluating [time: 0.19s, valid_score: 0.390800]
Thu 26 Jan 2023 20:13:49 INFO  valid result: 
recall@10 : 0.212    mrr@10 : 0.3908    ndcg@10 : 0.233    hit@10 : 0.7349    precision@10 : 0.1603
Thu 26 Jan 2023 20:13:53 INFO  epoch 51 training [time: 4.37s, train_loss1: 6.9583, train_loss2: 1.3031]
Thu 26 Jan 2023 20:13:54 INFO  epoch 51 evaluating [time: 0.19s, valid_score: 0.397900]
Thu 26 Jan 2023 20:13:54 INFO  valid result: 
recall@10 : 0.213    mrr@10 : 0.3979    ndcg@10 : 0.2355    hit@10 : 0.7391    precision@10 : 0.1599
Thu 26 Jan 2023 20:13:54 INFO  Saving current: saved/KGAT-Jan-26-2023_20-10-06.pth
Thu 26 Jan 2023 20:13:58 INFO  epoch 52 training [time: 3.92s, train_loss1: 6.9151, train_loss2: 1.2594]
Thu 26 Jan 2023 20:13:58 INFO  epoch 52 evaluating [time: 0.19s, valid_score: 0.393100]
Thu 26 Jan 2023 20:13:58 INFO  valid result: 
recall@10 : 0.2148    mrr@10 : 0.3931    ndcg@10 : 0.2348    hit@10 : 0.7413    precision@10 : 0.1587
Thu 26 Jan 2023 20:14:02 INFO  epoch 53 training [time: 4.10s, train_loss1: 6.7587, train_loss2: 1.2725]
Thu 26 Jan 2023 20:14:02 INFO  epoch 53 evaluating [time: 0.19s, valid_score: 0.389900]
Thu 26 Jan 2023 20:14:02 INFO  valid result: 
recall@10 : 0.214    mrr@10 : 0.3899    ndcg@10 : 0.2326    hit@10 : 0.7413    precision@10 : 0.1593
Thu 26 Jan 2023 20:14:06 INFO  epoch 54 training [time: 4.14s, train_loss1: 6.8170, train_loss2: 1.2617]
Thu 26 Jan 2023 20:14:06 INFO  epoch 54 evaluating [time: 0.20s, valid_score: 0.396300]
Thu 26 Jan 2023 20:14:06 INFO  valid result: 
recall@10 : 0.216    mrr@10 : 0.3963    ndcg@10 : 0.2365    hit@10 : 0.7402    precision@10 : 0.16
Thu 26 Jan 2023 20:14:11 INFO  epoch 55 training [time: 4.25s, train_loss1: 6.6708, train_loss2: 1.2309]
Thu 26 Jan 2023 20:14:11 INFO  epoch 55 evaluating [time: 0.20s, valid_score: 0.392500]
Thu 26 Jan 2023 20:14:11 INFO  valid result: 
recall@10 : 0.2196    mrr@10 : 0.3925    ndcg@10 : 0.2366    hit@10 : 0.7519    precision@10 : 0.1626
Thu 26 Jan 2023 20:14:15 INFO  epoch 56 training [time: 3.91s, train_loss1: 6.7220, train_loss2: 1.2231]
Thu 26 Jan 2023 20:14:15 INFO  epoch 56 evaluating [time: 0.19s, valid_score: 0.393000]
Thu 26 Jan 2023 20:14:15 INFO  valid result: 
recall@10 : 0.2209    mrr@10 : 0.393    ndcg@10 : 0.237    hit@10 : 0.7582    precision@10 : 0.1632
Thu 26 Jan 2023 20:14:19 INFO  epoch 57 training [time: 3.93s, train_loss1: 6.5211, train_loss2: 1.1460]
Thu 26 Jan 2023 20:14:19 INFO  epoch 57 evaluating [time: 0.19s, valid_score: 0.398900]
Thu 26 Jan 2023 20:14:19 INFO  valid result: 
recall@10 : 0.2201    mrr@10 : 0.3989    ndcg@10 : 0.237    hit@10 : 0.7593    precision@10 : 0.161
Thu 26 Jan 2023 20:14:19 INFO  Saving current: saved/KGAT-Jan-26-2023_20-10-06.pth
Thu 26 Jan 2023 20:14:23 INFO  epoch 58 training [time: 3.82s, train_loss1: 6.5549, train_loss2: 1.1290]
Thu 26 Jan 2023 20:14:23 INFO  epoch 58 evaluating [time: 0.19s, valid_score: 0.399800]
Thu 26 Jan 2023 20:14:23 INFO  valid result: 
recall@10 : 0.2166    mrr@10 : 0.3998    ndcg@10 : 0.236    hit@10 : 0.7561    precision@10 : 0.1606
Thu 26 Jan 2023 20:14:23 INFO  Saving current: saved/KGAT-Jan-26-2023_20-10-06.pth
Thu 26 Jan 2023 20:14:27 INFO  epoch 59 training [time: 4.24s, train_loss1: 6.4481, train_loss2: 1.0990]
Thu 26 Jan 2023 20:14:28 INFO  epoch 59 evaluating [time: 0.19s, valid_score: 0.401600]
Thu 26 Jan 2023 20:14:28 INFO  valid result: 
recall@10 : 0.215    mrr@10 : 0.4016    ndcg@10 : 0.2366    hit@10 : 0.755    precision@10 : 0.1613
Thu 26 Jan 2023 20:14:28 INFO  Saving current: saved/KGAT-Jan-26-2023_20-10-06.pth
Thu 26 Jan 2023 20:14:32 INFO  epoch 60 training [time: 4.08s, train_loss1: 6.3749, train_loss2: 1.1371]
Thu 26 Jan 2023 20:14:32 INFO  epoch 60 evaluating [time: 0.20s, valid_score: 0.398500]
Thu 26 Jan 2023 20:14:32 INFO  valid result: 
recall@10 : 0.2158    mrr@10 : 0.3985    ndcg@10 : 0.2364    hit@10 : 0.7614    precision@10 : 0.1617
Thu 26 Jan 2023 20:14:36 INFO  epoch 61 training [time: 4.12s, train_loss1: 6.2837, train_loss2: 1.1149]
Thu 26 Jan 2023 20:14:36 INFO  epoch 61 evaluating [time: 0.19s, valid_score: 0.399500]
Thu 26 Jan 2023 20:14:36 INFO  valid result: 
recall@10 : 0.2127    mrr@10 : 0.3995    ndcg@10 : 0.2347    hit@10 : 0.7508    precision@10 : 0.1594
Thu 26 Jan 2023 20:14:40 INFO  epoch 62 training [time: 3.94s, train_loss1: 6.2183, train_loss2: 1.1554]
Thu 26 Jan 2023 20:14:40 INFO  epoch 62 evaluating [time: 0.19s, valid_score: 0.401100]
Thu 26 Jan 2023 20:14:40 INFO  valid result: 
recall@10 : 0.2149    mrr@10 : 0.4011    ndcg@10 : 0.2351    hit@10 : 0.7519    precision@10 : 0.1596
Thu 26 Jan 2023 20:14:44 INFO  epoch 63 training [time: 4.06s, train_loss1: 6.1763, train_loss2: 1.0629]
Thu 26 Jan 2023 20:14:45 INFO  epoch 63 evaluating [time: 0.19s, valid_score: 0.393900]
Thu 26 Jan 2023 20:14:45 INFO  valid result: 
recall@10 : 0.2144    mrr@10 : 0.3939    ndcg@10 : 0.233    hit@10 : 0.7466    precision@10 : 0.1593
Thu 26 Jan 2023 20:14:49 INFO  epoch 64 training [time: 4.14s, train_loss1: 6.0927, train_loss2: 1.0062]
Thu 26 Jan 2023 20:14:49 INFO  epoch 64 evaluating [time: 0.19s, valid_score: 0.387500]
Thu 26 Jan 2023 20:14:49 INFO  valid result: 
recall@10 : 0.2145    mrr@10 : 0.3875    ndcg@10 : 0.2321    hit@10 : 0.7455    precision@10 : 0.1591
Thu 26 Jan 2023 20:14:53 INFO  epoch 65 training [time: 4.13s, train_loss1: 6.1176, train_loss2: 1.0764]
Thu 26 Jan 2023 20:14:53 INFO  epoch 65 evaluating [time: 0.19s, valid_score: 0.401700]
Thu 26 Jan 2023 20:14:53 INFO  valid result: 
recall@10 : 0.2201    mrr@10 : 0.4017    ndcg@10 : 0.2386    hit@10 : 0.7593    precision@10 : 0.1619
Thu 26 Jan 2023 20:14:53 INFO  Saving current: saved/KGAT-Jan-26-2023_20-10-06.pth
Thu 26 Jan 2023 20:14:58 INFO  epoch 66 training [time: 4.18s, train_loss1: 6.0789, train_loss2: 0.9872]
Thu 26 Jan 2023 20:14:58 INFO  epoch 66 evaluating [time: 0.19s, valid_score: 0.397200]
Thu 26 Jan 2023 20:14:58 INFO  valid result: 
recall@10 : 0.2146    mrr@10 : 0.3972    ndcg@10 : 0.2351    hit@10 : 0.7444    precision@10 : 0.1596
Thu 26 Jan 2023 20:15:03 INFO  epoch 67 training [time: 5.15s, train_loss1: 6.0333, train_loss2: 1.0023]
Thu 26 Jan 2023 20:15:03 INFO  epoch 67 evaluating [time: 0.25s, valid_score: 0.398200]
Thu 26 Jan 2023 20:15:03 INFO  valid result: 
recall@10 : 0.2206    mrr@10 : 0.3982    ndcg@10 : 0.2373    hit@10 : 0.754    precision@10 : 0.1615
Thu 26 Jan 2023 20:15:08 INFO  epoch 68 training [time: 5.05s, train_loss1: 5.8674, train_loss2: 1.0215]
Thu 26 Jan 2023 20:15:08 INFO  epoch 68 evaluating [time: 0.25s, valid_score: 0.394100]
Thu 26 Jan 2023 20:15:08 INFO  valid result: 
recall@10 : 0.2202    mrr@10 : 0.3941    ndcg@10 : 0.2363    hit@10 : 0.7487    precision@10 : 0.1617
Thu 26 Jan 2023 20:15:13 INFO  epoch 69 training [time: 5.10s, train_loss1: 5.8628, train_loss2: 1.0086]
Thu 26 Jan 2023 20:15:14 INFO  epoch 69 evaluating [time: 0.19s, valid_score: 0.392300]
Thu 26 Jan 2023 20:15:14 INFO  valid result: 
recall@10 : 0.2207    mrr@10 : 0.3923    ndcg@10 : 0.2343    hit@10 : 0.7455    precision@10 : 0.1595
Thu 26 Jan 2023 20:15:18 INFO  epoch 70 training [time: 4.54s, train_loss1: 5.8417, train_loss2: 0.9588]
Thu 26 Jan 2023 20:15:18 INFO  epoch 70 evaluating [time: 0.19s, valid_score: 0.398600]
Thu 26 Jan 2023 20:15:18 INFO  valid result: 
recall@10 : 0.2175    mrr@10 : 0.3986    ndcg@10 : 0.2359    hit@10 : 0.7455    precision@10 : 0.1614
Thu 26 Jan 2023 20:15:23 INFO  epoch 71 training [time: 4.17s, train_loss1: 5.7407, train_loss2: 0.9238]
Thu 26 Jan 2023 20:15:23 INFO  epoch 71 evaluating [time: 0.19s, valid_score: 0.396700]
Thu 26 Jan 2023 20:15:23 INFO  valid result: 
recall@10 : 0.2206    mrr@10 : 0.3967    ndcg@10 : 0.2372    hit@10 : 0.7529    precision@10 : 0.1621
Thu 26 Jan 2023 20:15:27 INFO  epoch 72 training [time: 4.06s, train_loss1: 5.6771, train_loss2: 0.9828]
Thu 26 Jan 2023 20:15:27 INFO  epoch 72 evaluating [time: 0.19s, valid_score: 0.393600]
Thu 26 Jan 2023 20:15:27 INFO  valid result: 
recall@10 : 0.2194    mrr@10 : 0.3936    ndcg@10 : 0.2354    hit@10 : 0.7519    precision@10 : 0.1613
Thu 26 Jan 2023 20:15:31 INFO  epoch 73 training [time: 4.04s, train_loss1: 5.7228, train_loss2: 0.9473]
Thu 26 Jan 2023 20:15:31 INFO  epoch 73 evaluating [time: 0.19s, valid_score: 0.399200]
Thu 26 Jan 2023 20:15:31 INFO  valid result: 
recall@10 : 0.2253    mrr@10 : 0.3992    ndcg@10 : 0.2389    hit@10 : 0.7582    precision@10 : 0.1626
Thu 26 Jan 2023 20:15:35 INFO  epoch 74 training [time: 4.14s, train_loss1: 5.5889, train_loss2: 0.8855]
Thu 26 Jan 2023 20:15:36 INFO  epoch 74 evaluating [time: 0.19s, valid_score: 0.399300]
Thu 26 Jan 2023 20:15:36 INFO  valid result: 
recall@10 : 0.2206    mrr@10 : 0.3993    ndcg@10 : 0.2365    hit@10 : 0.754    precision@10 : 0.16
Thu 26 Jan 2023 20:15:40 INFO  epoch 75 training [time: 4.16s, train_loss1: 5.4983, train_loss2: 0.9469]
Thu 26 Jan 2023 20:15:40 INFO  epoch 75 evaluating [time: 0.19s, valid_score: 0.400400]
Thu 26 Jan 2023 20:15:40 INFO  valid result: 
recall@10 : 0.2246    mrr@10 : 0.4004    ndcg@10 : 0.2389    hit@10 : 0.7519    precision@10 : 0.1613
Thu 26 Jan 2023 20:15:44 INFO  epoch 76 training [time: 4.11s, train_loss1: 5.4664, train_loss2: 0.8792]
Thu 26 Jan 2023 20:15:44 INFO  epoch 76 evaluating [time: 0.19s, valid_score: 0.392900]
Thu 26 Jan 2023 20:15:44 INFO  valid result: 
recall@10 : 0.2238    mrr@10 : 0.3929    ndcg@10 : 0.2373    hit@10 : 0.7487    precision@10 : 0.1618
Thu 26 Jan 2023 20:15:44 INFO  Finished training, best eval result in epoch 65
Thu 26 Jan 2023 20:15:44 INFO  Loading model structure and parameters from saved/KGAT-Jan-26-2023_20-10-06.pth
Thu 26 Jan 2023 20:15:44 INFO  best valid : OrderedDict([('recall@10', 0.2201), ('mrr@10', 0.4017), ('ndcg@10', 0.2386), ('hit@10', 0.7593), ('precision@10', 0.1619)])
Thu 26 Jan 2023 20:15:44 INFO  test result: OrderedDict([('recall@10', 0.2491), ('mrr@10', 0.472), ('ndcg@10', 0.2893), ('hit@10', 0.7784), ('precision@10', 0.1969)])
