Thu 26 Jan 2023 19:22:33 INFO  momentum
Thu 26 Jan 2023 19:22:33 INFO  ['recbole_test.py']
Thu 26 Jan 2023 19:22:33 INFO  
General Hyper Parameters:
gpu_id = 0
use_gpu = True
seed = 2020
state = INFO
reproducibility = True
data_path = /work/03/gu14/k36095/kgat_bai/recbole/config/../dataset_example/ml-100k
checkpoint_dir = saved
show_progress = True
save_dataset = True
dataset_save_path = None
save_dataloaders = False
dataloaders_save_path = None
log_wandb = False

Training Hyper Parameters:
epochs = 300
train_batch_size = 2048
learner = rmsprop
learning_rate = 0.001
train_neg_sample_args = {'distribution': 'uniform', 'sample_num': 1, 'alpha': 1.0, 'dynamic': False, 'candidate_num': 0}
eval_step = 1
stopping_step = 10
clip_grad_norm = None
weight_decay = 0.0
loss_decimal_place = 4

Evaluation Hyper Parameters:
eval_args = {'split': {'RS': [0.8, 0.1, 0.1]}, 'group_by': 'user', 'order': 'RO', 'mode': 'full'}
repeatable = False
metrics = ['Recall', 'MRR', 'NDCG', 'Hit', 'Precision']
topk = [10]
valid_metric = MRR@10
valid_metric_bigger = True
eval_batch_size = 4096
metric_decimal_place = 4

Dataset Hyper Parameters:
field_separator = 	
seq_separator =  
USER_ID_FIELD = user_id
ITEM_ID_FIELD = item_id
RATING_FIELD = rating
TIME_FIELD = timestamp
seq_len = None
LABEL_FIELD = label
threshold = None
NEG_PREFIX = neg_
load_col = {'inter': ['user_id', 'item_id', 'rating', 'timestamp'], 'kg': ['head_id', 'relation_id', 'tail_id'], 'link': ['item_id', 'entity_id']}
unload_col = None
unused_col = None
additional_feat_suffix = None
rm_dup_inter = None
val_interval = None
filter_inter_by_user_or_item = True
user_inter_num_interval = None
item_inter_num_interval = None
alias_of_user_id = None
alias_of_item_id = None
alias_of_entity_id = None
alias_of_relation_id = None
preload_weight = None
normalize_field = None
normalize_all = True
ITEM_LIST_LENGTH_FIELD = item_length
LIST_SUFFIX = _list
MAX_ITEM_LIST_LENGTH = 50
POSITION_FIELD = position_id
HEAD_ENTITY_ID_FIELD = head_id
TAIL_ENTITY_ID_FIELD = tail_id
RELATION_ID_FIELD = relation_id
ENTITY_ID_FIELD = entity_id
kg_reverse_r = False
entity_kg_num_interval = [0,inf)
relation_kg_num_interval = [0,inf)
benchmark_filename = None

Other Hyper Parameters: 
worker = 0
wandb_project = recbole
shuffle = True
require_pow = False
enable_amp = False
enable_scaler = False
transform = None
embedding_size = 64
kg_embedding_size = 64
layers = [64]
mess_dropout = 0.1
reg_weight = 1e-05
aggregator_type = bi
numerical_features = []
discretization = None
MODEL_TYPE = ModelType.KNOWLEDGE
MODEL_INPUT_TYPE = InputType.PAIRWISE
eval_type = EvaluatorType.RANKING
single_spec = True
local_rank = 0
device = cpu
eval_neg_sample_args = {'distribution': 'uniform', 'sample_num': 'none'}


Thu 26 Jan 2023 19:22:34 INFO  Saving filtered dataset into [saved/ml-100k-dataset.pth]
Thu 26 Jan 2023 19:22:34 INFO  ml-100k
The number of users: 944
Average actions of users: 103.4506892895016
The number of items: 1599
Average actions of items: 61.04755944931164
The number of inters: 97554
The sparsity of the dataset: 93.53714185772888%
Remain Fields: ['entity_id', 'user_id', 'item_id', 'rating', 'timestamp', 'head_id', 'relation_id', 'tail_id']
The number of entities: 34629
The number of relations: 26
The number of triples: 91631
The number of items that have been linked to KG: 1598
Thu 26 Jan 2023 19:22:34 INFO  [Training]: train_batch_size = [2048] train_neg_sample_args: [{'distribution': 'uniform', 'sample_num': 1, 'alpha': 1.0, 'dynamic': False, 'candidate_num': 0}]
Thu 26 Jan 2023 19:22:34 INFO  [Evaluation]: eval_batch_size = [4096] eval_args: [{'split': {'RS': [0.8, 0.1, 0.1]}, 'group_by': 'user', 'order': 'RO', 'mode': 'full'}]
Thu 26 Jan 2023 19:22:35 INFO  KGAT(
  (user_embedding): Embedding(944, 64)
  (entity_embedding): Embedding(34629, 64)
  (relation_embedding): Embedding(26, 64)
  (trans_w): Embedding(26, 4096)
  (aggregator_layers): ModuleList(
    (0): Aggregator(
      (message_dropout): Dropout(p=0.1, inplace=False)
      (W1): Linear(in_features=64, out_features=64, bias=True)
      (W2): Linear(in_features=64, out_features=64, bias=True)
      (activation): LeakyReLU(negative_slope=0.01)
    )
  )
  (tanh): Tanh()
  (mf_loss): BPRLoss()
  (reg_loss): EmbLoss()
)
Trainable parameters: 2393152
Thu 26 Jan 2023 19:22:35 INFO  FLOPs: 291414016.0
Thu 26 Jan 2023 19:22:40 INFO  epoch 0 training [time: 5.34s, train_loss1: 20.8220, train_loss2: 20.2556]
Thu 26 Jan 2023 19:22:40 INFO  epoch 0 evaluating [time: 0.26s, valid_score: 0.106100]
Thu 26 Jan 2023 19:22:40 INFO  valid result: 
recall@10 : 0.047    mrr@10 : 0.1061    ndcg@10 : 0.0524    hit@10 : 0.3012    precision@10 : 0.0435
Thu 26 Jan 2023 19:22:40 INFO  Saving current: saved/KGAT-Jan-26-2023_19-22-35.pth
Thu 26 Jan 2023 19:22:45 INFO  epoch 1 training [time: 4.43s, train_loss1: 17.0448, train_loss2: 11.9663]
Thu 26 Jan 2023 19:22:45 INFO  epoch 1 evaluating [time: 0.20s, valid_score: 0.167500]
Thu 26 Jan 2023 19:22:45 INFO  valid result: 
recall@10 : 0.0869    mrr@10 : 0.1675    ndcg@10 : 0.0864    hit@10 : 0.4348    precision@10 : 0.0635
Thu 26 Jan 2023 19:22:45 INFO  Saving current: saved/KGAT-Jan-26-2023_19-22-35.pth
Thu 26 Jan 2023 19:22:49 INFO  epoch 2 training [time: 4.10s, train_loss1: 16.3501, train_loss2: 9.7256]
Thu 26 Jan 2023 19:22:49 INFO  epoch 2 evaluating [time: 0.20s, valid_score: 0.194600]
Thu 26 Jan 2023 19:22:49 INFO  valid result: 
recall@10 : 0.0964    mrr@10 : 0.1946    ndcg@10 : 0.1013    hit@10 : 0.4836    precision@10 : 0.075
Thu 26 Jan 2023 19:22:49 INFO  Saving current: saved/KGAT-Jan-26-2023_19-22-35.pth
Thu 26 Jan 2023 19:22:53 INFO  epoch 3 training [time: 3.75s, train_loss1: 15.9714, train_loss2: 8.7080]
Thu 26 Jan 2023 19:22:53 INFO  epoch 3 evaluating [time: 0.19s, valid_score: 0.209100]
Thu 26 Jan 2023 19:22:53 INFO  valid result: 
recall@10 : 0.1048    mrr@10 : 0.2091    ndcg@10 : 0.1101    hit@10 : 0.4761    precision@10 : 0.0756
Thu 26 Jan 2023 19:22:53 INFO  Saving current: saved/KGAT-Jan-26-2023_19-22-35.pth
Thu 26 Jan 2023 19:22:57 INFO  epoch 4 training [time: 3.99s, train_loss1: 15.6860, train_loss2: 7.9517]
Thu 26 Jan 2023 19:22:58 INFO  epoch 4 evaluating [time: 0.20s, valid_score: 0.225600]
Thu 26 Jan 2023 19:22:58 INFO  valid result: 
recall@10 : 0.1054    mrr@10 : 0.2256    ndcg@10 : 0.1162    hit@10 : 0.4973    precision@10 : 0.08
Thu 26 Jan 2023 19:22:58 INFO  Saving current: saved/KGAT-Jan-26-2023_19-22-35.pth
Thu 26 Jan 2023 19:23:02 INFO  epoch 5 training [time: 4.15s, train_loss1: 15.2914, train_loss2: 7.5335]
Thu 26 Jan 2023 19:23:02 INFO  epoch 5 evaluating [time: 0.20s, valid_score: 0.240100]
Thu 26 Jan 2023 19:23:02 INFO  valid result: 
recall@10 : 0.1219    mrr@10 : 0.2401    ndcg@10 : 0.1319    hit@10 : 0.5355    precision@10 : 0.0918
Thu 26 Jan 2023 19:23:02 INFO  Saving current: saved/KGAT-Jan-26-2023_19-22-35.pth
Thu 26 Jan 2023 19:23:06 INFO  epoch 6 training [time: 4.04s, train_loss1: 14.8391, train_loss2: 7.2059]
Thu 26 Jan 2023 19:23:06 INFO  epoch 6 evaluating [time: 0.20s, valid_score: 0.252700]
Thu 26 Jan 2023 19:23:06 INFO  valid result: 
recall@10 : 0.1332    mrr@10 : 0.2527    ndcg@10 : 0.1403    hit@10 : 0.5705    precision@10 : 0.0979
Thu 26 Jan 2023 19:23:06 INFO  Saving current: saved/KGAT-Jan-26-2023_19-22-35.pth
Thu 26 Jan 2023 19:23:10 INFO  epoch 7 training [time: 3.96s, train_loss1: 14.4638, train_loss2: 6.8886]
Thu 26 Jan 2023 19:23:10 INFO  epoch 7 evaluating [time: 0.20s, valid_score: 0.273100]
Thu 26 Jan 2023 19:23:10 INFO  valid result: 
recall@10 : 0.1348    mrr@10 : 0.2731    ndcg@10 : 0.1502    hit@10 : 0.5663    precision@10 : 0.1047
Thu 26 Jan 2023 19:23:11 INFO  Saving current: saved/KGAT-Jan-26-2023_19-22-35.pth
Thu 26 Jan 2023 19:23:15 INFO  epoch 8 training [time: 4.15s, train_loss1: 14.0347, train_loss2: 6.5080]
Thu 26 Jan 2023 19:23:15 INFO  epoch 8 evaluating [time: 0.20s, valid_score: 0.280200]
Thu 26 Jan 2023 19:23:15 INFO  valid result: 
recall@10 : 0.145    mrr@10 : 0.2802    ndcg@10 : 0.1571    hit@10 : 0.5928    precision@10 : 0.1085
Thu 26 Jan 2023 19:23:15 INFO  Saving current: saved/KGAT-Jan-26-2023_19-22-35.pth
Thu 26 Jan 2023 19:23:19 INFO  epoch 9 training [time: 4.18s, train_loss1: 13.5199, train_loss2: 5.9117]
Thu 26 Jan 2023 19:23:19 INFO  epoch 9 evaluating [time: 0.22s, valid_score: 0.289600]
Thu 26 Jan 2023 19:23:19 INFO  valid result: 
recall@10 : 0.1494    mrr@10 : 0.2896    ndcg@10 : 0.1629    hit@10 : 0.6087    precision@10 : 0.1141
Thu 26 Jan 2023 19:23:19 INFO  Saving current: saved/KGAT-Jan-26-2023_19-22-35.pth
Thu 26 Jan 2023 19:23:24 INFO  epoch 10 training [time: 4.18s, train_loss1: 13.0181, train_loss2: 5.2309]
Thu 26 Jan 2023 19:23:24 INFO  epoch 10 evaluating [time: 0.20s, valid_score: 0.292900]
Thu 26 Jan 2023 19:23:24 INFO  valid result: 
recall@10 : 0.1524    mrr@10 : 0.2929    ndcg@10 : 0.1647    hit@10 : 0.6129    precision@10 : 0.1151
Thu 26 Jan 2023 19:23:24 INFO  Saving current: saved/KGAT-Jan-26-2023_19-22-35.pth
Thu 26 Jan 2023 19:23:28 INFO  epoch 11 training [time: 4.14s, train_loss1: 12.5444, train_loss2: 4.8386]
Thu 26 Jan 2023 19:23:28 INFO  epoch 11 evaluating [time: 0.20s, valid_score: 0.305300]
Thu 26 Jan 2023 19:23:28 INFO  valid result: 
recall@10 : 0.1547    mrr@10 : 0.3053    ndcg@10 : 0.1697    hit@10 : 0.6278    precision@10 : 0.118
Thu 26 Jan 2023 19:23:28 INFO  Saving current: saved/KGAT-Jan-26-2023_19-22-35.pth
Thu 26 Jan 2023 19:23:32 INFO  epoch 12 training [time: 3.94s, train_loss1: 12.1955, train_loss2: 4.3715]
Thu 26 Jan 2023 19:23:32 INFO  epoch 12 evaluating [time: 0.20s, valid_score: 0.312800]
Thu 26 Jan 2023 19:23:32 INFO  valid result: 
recall@10 : 0.1633    mrr@10 : 0.3128    ndcg@10 : 0.177    hit@10 : 0.6331    precision@10 : 0.1239
Thu 26 Jan 2023 19:23:32 INFO  Saving current: saved/KGAT-Jan-26-2023_19-22-35.pth
Thu 26 Jan 2023 19:23:36 INFO  epoch 13 training [time: 3.87s, train_loss1: 11.7311, train_loss2: 4.0444]
Thu 26 Jan 2023 19:23:36 INFO  epoch 13 evaluating [time: 0.20s, valid_score: 0.322200]
Thu 26 Jan 2023 19:23:36 INFO  valid result: 
recall@10 : 0.1643    mrr@10 : 0.3222    ndcg@10 : 0.18    hit@10 : 0.6405    precision@10 : 0.1244
Thu 26 Jan 2023 19:23:37 INFO  Saving current: saved/KGAT-Jan-26-2023_19-22-35.pth
Thu 26 Jan 2023 19:23:41 INFO  epoch 14 training [time: 4.05s, train_loss1: 11.3346, train_loss2: 3.7851]
Thu 26 Jan 2023 19:23:41 INFO  epoch 14 evaluating [time: 0.20s, valid_score: 0.323500]
Thu 26 Jan 2023 19:23:41 INFO  valid result: 
recall@10 : 0.17    mrr@10 : 0.3235    ndcg@10 : 0.1853    hit@10 : 0.6575    precision@10 : 0.1299
Thu 26 Jan 2023 19:23:41 INFO  Saving current: saved/KGAT-Jan-26-2023_19-22-35.pth
Thu 26 Jan 2023 19:23:45 INFO  epoch 15 training [time: 4.19s, train_loss1: 11.0890, train_loss2: 3.6592]
Thu 26 Jan 2023 19:23:45 INFO  epoch 15 evaluating [time: 0.20s, valid_score: 0.325500]
Thu 26 Jan 2023 19:23:45 INFO  valid result: 
recall@10 : 0.1704    mrr@10 : 0.3255    ndcg@10 : 0.1852    hit@10 : 0.6585    precision@10 : 0.1303
Thu 26 Jan 2023 19:23:45 INFO  Saving current: saved/KGAT-Jan-26-2023_19-22-35.pth
Thu 26 Jan 2023 19:23:49 INFO  epoch 16 training [time: 4.04s, train_loss1: 10.8332, train_loss2: 3.3965]
Thu 26 Jan 2023 19:23:50 INFO  epoch 16 evaluating [time: 0.19s, valid_score: 0.336900]
Thu 26 Jan 2023 19:23:50 INFO  valid result: 
recall@10 : 0.1736    mrr@10 : 0.3369    ndcg@10 : 0.1902    hit@10 : 0.6681    precision@10 : 0.1338
Thu 26 Jan 2023 19:23:50 INFO  Saving current: saved/KGAT-Jan-26-2023_19-22-35.pth
Thu 26 Jan 2023 19:23:54 INFO  epoch 17 training [time: 4.04s, train_loss1: 10.5758, train_loss2: 3.2531]
Thu 26 Jan 2023 19:23:54 INFO  epoch 17 evaluating [time: 0.20s, valid_score: 0.345400]
Thu 26 Jan 2023 19:23:54 INFO  valid result: 
recall@10 : 0.1749    mrr@10 : 0.3454    ndcg@10 : 0.1943    hit@10 : 0.6702    precision@10 : 0.1357
Thu 26 Jan 2023 19:23:54 INFO  Saving current: saved/KGAT-Jan-26-2023_19-22-35.pth
Thu 26 Jan 2023 19:23:58 INFO  epoch 18 training [time: 3.83s, train_loss1: 10.2823, train_loss2: 3.0069]
Thu 26 Jan 2023 19:23:58 INFO  epoch 18 evaluating [time: 0.20s, valid_score: 0.350000]
Thu 26 Jan 2023 19:23:58 INFO  valid result: 
recall@10 : 0.1781    mrr@10 : 0.35    ndcg@10 : 0.1965    hit@10 : 0.6808    precision@10 : 0.1364
Thu 26 Jan 2023 19:23:58 INFO  Saving current: saved/KGAT-Jan-26-2023_19-22-35.pth
Thu 26 Jan 2023 19:24:02 INFO  epoch 19 training [time: 4.03s, train_loss1: 10.1550, train_loss2: 3.0334]
Thu 26 Jan 2023 19:24:02 INFO  epoch 19 evaluating [time: 0.20s, valid_score: 0.349500]
Thu 26 Jan 2023 19:24:02 INFO  valid result: 
recall@10 : 0.182    mrr@10 : 0.3495    ndcg@10 : 0.1993    hit@10 : 0.685    precision@10 : 0.1398
Thu 26 Jan 2023 19:24:06 INFO  epoch 20 training [time: 4.04s, train_loss1: 10.0219, train_loss2: 2.9074]
Thu 26 Jan 2023 19:24:06 INFO  epoch 20 evaluating [time: 0.19s, valid_score: 0.348100]
Thu 26 Jan 2023 19:24:06 INFO  valid result: 
recall@10 : 0.1825    mrr@10 : 0.3481    ndcg@10 : 0.1985    hit@10 : 0.685    precision@10 : 0.1389
Thu 26 Jan 2023 19:24:10 INFO  epoch 21 training [time: 4.02s, train_loss1: 9.8655, train_loss2: 2.7350]
Thu 26 Jan 2023 19:24:11 INFO  epoch 21 evaluating [time: 0.19s, valid_score: 0.354700]
Thu 26 Jan 2023 19:24:11 INFO  valid result: 
recall@10 : 0.1819    mrr@10 : 0.3547    ndcg@10 : 0.1995    hit@10 : 0.6829    precision@10 : 0.1379
Thu 26 Jan 2023 19:24:11 INFO  Saving current: saved/KGAT-Jan-26-2023_19-22-35.pth
Thu 26 Jan 2023 19:24:15 INFO  epoch 22 training [time: 3.91s, train_loss1: 9.7804, train_loss2: 2.6154]
Thu 26 Jan 2023 19:24:15 INFO  epoch 22 evaluating [time: 0.20s, valid_score: 0.357800]
Thu 26 Jan 2023 19:24:15 INFO  valid result: 
recall@10 : 0.1828    mrr@10 : 0.3578    ndcg@10 : 0.202    hit@10 : 0.6935    precision@10 : 0.1403
Thu 26 Jan 2023 19:24:15 INFO  Saving current: saved/KGAT-Jan-26-2023_19-22-35.pth
Thu 26 Jan 2023 19:24:19 INFO  epoch 23 training [time: 4.03s, train_loss1: 9.5734, train_loss2: 2.4687]
Thu 26 Jan 2023 19:24:19 INFO  epoch 23 evaluating [time: 0.20s, valid_score: 0.365600]
Thu 26 Jan 2023 19:24:19 INFO  valid result: 
recall@10 : 0.1834    mrr@10 : 0.3656    ndcg@10 : 0.2044    hit@10 : 0.6988    precision@10 : 0.1416
Thu 26 Jan 2023 19:24:19 INFO  Saving current: saved/KGAT-Jan-26-2023_19-22-35.pth
Thu 26 Jan 2023 19:24:23 INFO  epoch 24 training [time: 4.06s, train_loss1: 9.4875, train_loss2: 2.4145]
Thu 26 Jan 2023 19:24:24 INFO  epoch 24 evaluating [time: 0.20s, valid_score: 0.366700]
Thu 26 Jan 2023 19:24:24 INFO  valid result: 
recall@10 : 0.1866    mrr@10 : 0.3667    ndcg@10 : 0.2068    hit@10 : 0.6946    precision@10 : 0.1418
Thu 26 Jan 2023 19:24:24 INFO  Saving current: saved/KGAT-Jan-26-2023_19-22-35.pth
Thu 26 Jan 2023 19:24:28 INFO  epoch 25 training [time: 4.01s, train_loss1: 9.4040, train_loss2: 2.3225]
Thu 26 Jan 2023 19:24:28 INFO  epoch 25 evaluating [time: 0.20s, valid_score: 0.370600]
Thu 26 Jan 2023 19:24:28 INFO  valid result: 
recall@10 : 0.1869    mrr@10 : 0.3706    ndcg@10 : 0.2078    hit@10 : 0.6978    precision@10 : 0.1425
Thu 26 Jan 2023 19:24:28 INFO  Saving current: saved/KGAT-Jan-26-2023_19-22-35.pth
Thu 26 Jan 2023 19:24:32 INFO  epoch 26 training [time: 4.01s, train_loss1: 9.2411, train_loss2: 2.3645]
Thu 26 Jan 2023 19:24:32 INFO  epoch 26 evaluating [time: 0.20s, valid_score: 0.365800]
Thu 26 Jan 2023 19:24:32 INFO  valid result: 
recall@10 : 0.1893    mrr@10 : 0.3658    ndcg@10 : 0.2086    hit@10 : 0.6999    precision@10 : 0.1438
Thu 26 Jan 2023 19:24:36 INFO  epoch 27 training [time: 3.89s, train_loss1: 9.0450, train_loss2: 2.2183]
Thu 26 Jan 2023 19:24:36 INFO  epoch 27 evaluating [time: 0.20s, valid_score: 0.367500]
Thu 26 Jan 2023 19:24:36 INFO  valid result: 
recall@10 : 0.1898    mrr@10 : 0.3675    ndcg@10 : 0.2106    hit@10 : 0.6988    precision@10 : 0.146
Thu 26 Jan 2023 19:24:40 INFO  epoch 28 training [time: 4.00s, train_loss1: 9.0589, train_loss2: 2.1794]
Thu 26 Jan 2023 19:24:40 INFO  epoch 28 evaluating [time: 0.20s, valid_score: 0.370800]
Thu 26 Jan 2023 19:24:40 INFO  valid result: 
recall@10 : 0.192    mrr@10 : 0.3708    ndcg@10 : 0.2116    hit@10 : 0.7041    precision@10 : 0.1459
Thu 26 Jan 2023 19:24:40 INFO  Saving current: saved/KGAT-Jan-26-2023_19-22-35.pth
Thu 26 Jan 2023 19:24:44 INFO  epoch 29 training [time: 4.01s, train_loss1: 8.8633, train_loss2: 2.1023]
Thu 26 Jan 2023 19:24:45 INFO  epoch 29 evaluating [time: 0.19s, valid_score: 0.372300]
Thu 26 Jan 2023 19:24:45 INFO  valid result: 
recall@10 : 0.1911    mrr@10 : 0.3723    ndcg@10 : 0.2127    hit@10 : 0.6957    precision@10 : 0.1457
Thu 26 Jan 2023 19:24:45 INFO  Saving current: saved/KGAT-Jan-26-2023_19-22-35.pth
Thu 26 Jan 2023 19:24:49 INFO  epoch 30 training [time: 4.03s, train_loss1: 8.7783, train_loss2: 2.0200]
Thu 26 Jan 2023 19:24:49 INFO  epoch 30 evaluating [time: 0.19s, valid_score: 0.374400]
Thu 26 Jan 2023 19:24:49 INFO  valid result: 
recall@10 : 0.1928    mrr@10 : 0.3744    ndcg@10 : 0.2136    hit@10 : 0.7063    precision@10 : 0.1468
Thu 26 Jan 2023 19:24:49 INFO  Saving current: saved/KGAT-Jan-26-2023_19-22-35.pth
Thu 26 Jan 2023 19:24:53 INFO  epoch 31 training [time: 4.02s, train_loss1: 8.7012, train_loss2: 1.9160]
Thu 26 Jan 2023 19:24:53 INFO  epoch 31 evaluating [time: 0.19s, valid_score: 0.379000]
Thu 26 Jan 2023 19:24:53 INFO  valid result: 
recall@10 : 0.1939    mrr@10 : 0.379    ndcg@10 : 0.2165    hit@10 : 0.7094    precision@10 : 0.1485
Thu 26 Jan 2023 19:24:53 INFO  Saving current: saved/KGAT-Jan-26-2023_19-22-35.pth
Thu 26 Jan 2023 19:24:57 INFO  epoch 32 training [time: 4.02s, train_loss1: 8.5239, train_loss2: 1.8795]
Thu 26 Jan 2023 19:24:57 INFO  epoch 32 evaluating [time: 0.20s, valid_score: 0.375700]
Thu 26 Jan 2023 19:24:57 INFO  valid result: 
recall@10 : 0.1967    mrr@10 : 0.3757    ndcg@10 : 0.2176    hit@10 : 0.7094    precision@10 : 0.1492
Thu 26 Jan 2023 19:25:01 INFO  epoch 33 training [time: 4.01s, train_loss1: 8.5140, train_loss2: 1.8098]
Thu 26 Jan 2023 19:25:02 INFO  epoch 33 evaluating [time: 0.20s, valid_score: 0.382900]
Thu 26 Jan 2023 19:25:02 INFO  valid result: 
recall@10 : 0.197    mrr@10 : 0.3829    ndcg@10 : 0.2201    hit@10 : 0.7158    precision@10 : 0.1503
Thu 26 Jan 2023 19:25:02 INFO  Saving current: saved/KGAT-Jan-26-2023_19-22-35.pth
Thu 26 Jan 2023 19:25:06 INFO  epoch 34 training [time: 3.84s, train_loss1: 8.3307, train_loss2: 1.7974]
Thu 26 Jan 2023 19:25:06 INFO  epoch 34 evaluating [time: 0.20s, valid_score: 0.381000]
Thu 26 Jan 2023 19:25:06 INFO  valid result: 
recall@10 : 0.2001    mrr@10 : 0.381    ndcg@10 : 0.2202    hit@10 : 0.7169    precision@10 : 0.1499
Thu 26 Jan 2023 19:25:10 INFO  epoch 35 training [time: 4.11s, train_loss1: 8.3954, train_loss2: 1.7156]
Thu 26 Jan 2023 19:25:10 INFO  epoch 35 evaluating [time: 0.19s, valid_score: 0.383800]
Thu 26 Jan 2023 19:25:10 INFO  valid result: 
recall@10 : 0.2006    mrr@10 : 0.3838    ndcg@10 : 0.221    hit@10 : 0.7232    precision@10 : 0.1503
Thu 26 Jan 2023 19:25:10 INFO  Saving current: saved/KGAT-Jan-26-2023_19-22-35.pth
Thu 26 Jan 2023 19:25:14 INFO  epoch 36 training [time: 4.09s, train_loss1: 8.1514, train_loss2: 1.6733]
Thu 26 Jan 2023 19:25:14 INFO  epoch 36 evaluating [time: 0.19s, valid_score: 0.388300]
Thu 26 Jan 2023 19:25:14 INFO  valid result: 
recall@10 : 0.201    mrr@10 : 0.3883    ndcg@10 : 0.2229    hit@10 : 0.7264    precision@10 : 0.1527
Thu 26 Jan 2023 19:25:14 INFO  Saving current: saved/KGAT-Jan-26-2023_19-22-35.pth
Thu 26 Jan 2023 19:25:19 INFO  epoch 37 training [time: 4.10s, train_loss1: 8.0658, train_loss2: 1.6787]
Thu 26 Jan 2023 19:25:19 INFO  epoch 37 evaluating [time: 0.19s, valid_score: 0.388600]
Thu 26 Jan 2023 19:25:19 INFO  valid result: 
recall@10 : 0.2014    mrr@10 : 0.3886    ndcg@10 : 0.2244    hit@10 : 0.719    precision@10 : 0.1532
Thu 26 Jan 2023 19:25:19 INFO  Saving current: saved/KGAT-Jan-26-2023_19-22-35.pth
Thu 26 Jan 2023 19:25:23 INFO  epoch 38 training [time: 4.02s, train_loss1: 8.1080, train_loss2: 1.6212]
Thu 26 Jan 2023 19:25:23 INFO  epoch 38 evaluating [time: 0.19s, valid_score: 0.393700]
Thu 26 Jan 2023 19:25:23 INFO  valid result: 
recall@10 : 0.2057    mrr@10 : 0.3937    ndcg@10 : 0.2274    hit@10 : 0.72    precision@10 : 0.1554
Thu 26 Jan 2023 19:25:23 INFO  Saving current: saved/KGAT-Jan-26-2023_19-22-35.pth
Thu 26 Jan 2023 19:25:27 INFO  epoch 39 training [time: 4.12s, train_loss1: 7.9236, train_loss2: 1.5679]
Thu 26 Jan 2023 19:25:27 INFO  epoch 39 evaluating [time: 0.21s, valid_score: 0.384500]
Thu 26 Jan 2023 19:25:27 INFO  valid result: 
recall@10 : 0.209    mrr@10 : 0.3845    ndcg@10 : 0.2271    hit@10 : 0.7328    precision@10 : 0.1564
Thu 26 Jan 2023 19:25:32 INFO  epoch 40 training [time: 4.14s, train_loss1: 7.8767, train_loss2: 1.5805]
Thu 26 Jan 2023 19:25:32 INFO  epoch 40 evaluating [time: 0.19s, valid_score: 0.386200]
Thu 26 Jan 2023 19:25:32 INFO  valid result: 
recall@10 : 0.2083    mrr@10 : 0.3862    ndcg@10 : 0.2283    hit@10 : 0.7222    precision@10 : 0.1554
Thu 26 Jan 2023 19:25:36 INFO  epoch 41 training [time: 4.13s, train_loss1: 7.7790, train_loss2: 1.4896]
Thu 26 Jan 2023 19:25:36 INFO  epoch 41 evaluating [time: 0.20s, valid_score: 0.385800]
Thu 26 Jan 2023 19:25:36 INFO  valid result: 
recall@10 : 0.2089    mrr@10 : 0.3858    ndcg@10 : 0.2281    hit@10 : 0.7296    precision@10 : 0.1552
Thu 26 Jan 2023 19:25:40 INFO  epoch 42 training [time: 4.10s, train_loss1: 7.6981, train_loss2: 1.5127]
Thu 26 Jan 2023 19:25:40 INFO  epoch 42 evaluating [time: 0.19s, valid_score: 0.390700]
Thu 26 Jan 2023 19:25:40 INFO  valid result: 
recall@10 : 0.2089    mrr@10 : 0.3907    ndcg@10 : 0.2285    hit@10 : 0.7328    precision@10 : 0.1555
Thu 26 Jan 2023 19:25:44 INFO  epoch 43 training [time: 4.12s, train_loss1: 7.6457, train_loss2: 1.4896]
Thu 26 Jan 2023 19:25:45 INFO  epoch 43 evaluating [time: 0.20s, valid_score: 0.384000]
Thu 26 Jan 2023 19:25:45 INFO  valid result: 
recall@10 : 0.2044    mrr@10 : 0.384    ndcg@10 : 0.2258    hit@10 : 0.7264    precision@10 : 0.1541
Thu 26 Jan 2023 19:25:49 INFO  epoch 44 training [time: 4.13s, train_loss1: 7.4639, train_loss2: 1.4717]
Thu 26 Jan 2023 19:25:49 INFO  epoch 44 evaluating [time: 0.19s, valid_score: 0.392400]
Thu 26 Jan 2023 19:25:49 INFO  valid result: 
recall@10 : 0.2107    mrr@10 : 0.3924    ndcg@10 : 0.2296    hit@10 : 0.7296    precision@10 : 0.1566
Thu 26 Jan 2023 19:25:53 INFO  epoch 45 training [time: 4.00s, train_loss1: 7.4623, train_loss2: 1.4391]
Thu 26 Jan 2023 19:25:53 INFO  epoch 45 evaluating [time: 0.19s, valid_score: 0.386600]
Thu 26 Jan 2023 19:25:53 INFO  valid result: 
recall@10 : 0.2085    mrr@10 : 0.3866    ndcg@10 : 0.2283    hit@10 : 0.7222    precision@10 : 0.1568
Thu 26 Jan 2023 19:25:57 INFO  epoch 46 training [time: 4.11s, train_loss1: 7.3321, train_loss2: 1.4495]
Thu 26 Jan 2023 19:25:57 INFO  epoch 46 evaluating [time: 0.20s, valid_score: 0.390900]
Thu 26 Jan 2023 19:25:57 INFO  valid result: 
recall@10 : 0.2114    mrr@10 : 0.3909    ndcg@10 : 0.2303    hit@10 : 0.7306    precision@10 : 0.1569
Thu 26 Jan 2023 19:26:02 INFO  epoch 47 training [time: 4.13s, train_loss1: 7.3161, train_loss2: 1.3381]
Thu 26 Jan 2023 19:26:02 INFO  epoch 47 evaluating [time: 0.20s, valid_score: 0.397600]
Thu 26 Jan 2023 19:26:02 INFO  valid result: 
recall@10 : 0.2042    mrr@10 : 0.3976    ndcg@10 : 0.2289    hit@10 : 0.719    precision@10 : 0.1546
Thu 26 Jan 2023 19:26:02 INFO  Saving current: saved/KGAT-Jan-26-2023_19-22-35.pth
Thu 26 Jan 2023 19:26:06 INFO  epoch 48 training [time: 4.03s, train_loss1: 7.2198, train_loss2: 1.3501]
Thu 26 Jan 2023 19:26:06 INFO  epoch 48 evaluating [time: 0.20s, valid_score: 0.387500]
Thu 26 Jan 2023 19:26:06 INFO  valid result: 
recall@10 : 0.2086    mrr@10 : 0.3875    ndcg@10 : 0.2288    hit@10 : 0.7359    precision@10 : 0.1568
Thu 26 Jan 2023 19:26:10 INFO  epoch 49 training [time: 4.12s, train_loss1: 7.2634, train_loss2: 1.3744]
Thu 26 Jan 2023 19:26:10 INFO  epoch 49 evaluating [time: 0.20s, valid_score: 0.400500]
Thu 26 Jan 2023 19:26:10 INFO  valid result: 
recall@10 : 0.2121    mrr@10 : 0.4005    ndcg@10 : 0.2348    hit@10 : 0.7349    precision@10 : 0.1593
Thu 26 Jan 2023 19:26:10 INFO  Saving current: saved/KGAT-Jan-26-2023_19-22-35.pth
Thu 26 Jan 2023 19:26:15 INFO  epoch 50 training [time: 4.06s, train_loss1: 7.1691, train_loss2: 1.3228]
Thu 26 Jan 2023 19:26:15 INFO  epoch 50 evaluating [time: 0.22s, valid_score: 0.398900]
Thu 26 Jan 2023 19:26:15 INFO  valid result: 
recall@10 : 0.2106    mrr@10 : 0.3989    ndcg@10 : 0.2318    hit@10 : 0.7359    precision@10 : 0.1564
Thu 26 Jan 2023 19:26:19 INFO  epoch 51 training [time: 4.08s, train_loss1: 6.9948, train_loss2: 1.3023]
Thu 26 Jan 2023 19:26:19 INFO  epoch 51 evaluating [time: 0.20s, valid_score: 0.399600]
Thu 26 Jan 2023 19:26:19 INFO  valid result: 
recall@10 : 0.2113    mrr@10 : 0.3996    ndcg@10 : 0.2337    hit@10 : 0.7328    precision@10 : 0.1583
Thu 26 Jan 2023 19:26:23 INFO  epoch 52 training [time: 4.10s, train_loss1: 6.9467, train_loss2: 1.2534]
Thu 26 Jan 2023 19:26:23 INFO  epoch 52 evaluating [time: 0.19s, valid_score: 0.404300]
Thu 26 Jan 2023 19:26:23 INFO  valid result: 
recall@10 : 0.2125    mrr@10 : 0.4043    ndcg@10 : 0.2348    hit@10 : 0.7381    precision@10 : 0.1575
Thu 26 Jan 2023 19:26:23 INFO  Saving current: saved/KGAT-Jan-26-2023_19-22-35.pth
Thu 26 Jan 2023 19:26:28 INFO  epoch 53 training [time: 4.15s, train_loss1: 6.7895, train_loss2: 1.2673]
Thu 26 Jan 2023 19:26:28 INFO  epoch 53 evaluating [time: 0.20s, valid_score: 0.399400]
Thu 26 Jan 2023 19:26:28 INFO  valid result: 
recall@10 : 0.214    mrr@10 : 0.3994    ndcg@10 : 0.2349    hit@10 : 0.7444    precision@10 : 0.1586
Thu 26 Jan 2023 19:26:32 INFO  epoch 54 training [time: 4.19s, train_loss1: 6.8523, train_loss2: 1.2445]
Thu 26 Jan 2023 19:26:32 INFO  epoch 54 evaluating [time: 0.19s, valid_score: 0.404400]
Thu 26 Jan 2023 19:26:32 INFO  valid result: 
recall@10 : 0.2141    mrr@10 : 0.4044    ndcg@10 : 0.235    hit@10 : 0.7444    precision@10 : 0.1586
Thu 26 Jan 2023 19:26:32 INFO  Saving current: saved/KGAT-Jan-26-2023_19-22-35.pth
Thu 26 Jan 2023 19:26:36 INFO  epoch 55 training [time: 4.17s, train_loss1: 6.7041, train_loss2: 1.2060]
Thu 26 Jan 2023 19:26:37 INFO  epoch 55 evaluating [time: 0.19s, valid_score: 0.397500]
Thu 26 Jan 2023 19:26:37 INFO  valid result: 
recall@10 : 0.2168    mrr@10 : 0.3975    ndcg@10 : 0.2352    hit@10 : 0.7444    precision@10 : 0.1597
Thu 26 Jan 2023 19:26:41 INFO  epoch 56 training [time: 4.16s, train_loss1: 6.7556, train_loss2: 1.1870]
Thu 26 Jan 2023 19:26:41 INFO  epoch 56 evaluating [time: 0.20s, valid_score: 0.398600]
Thu 26 Jan 2023 19:26:41 INFO  valid result: 
recall@10 : 0.2143    mrr@10 : 0.3986    ndcg@10 : 0.2345    hit@10 : 0.7402    precision@10 : 0.1596
Thu 26 Jan 2023 19:26:45 INFO  epoch 57 training [time: 3.99s, train_loss1: 6.5456, train_loss2: 1.1611]
Thu 26 Jan 2023 19:26:45 INFO  epoch 57 evaluating [time: 0.19s, valid_score: 0.398100]
Thu 26 Jan 2023 19:26:45 INFO  valid result: 
recall@10 : 0.2195    mrr@10 : 0.3981    ndcg@10 : 0.2362    hit@10 : 0.7561    precision@10 : 0.1612
Thu 26 Jan 2023 19:26:49 INFO  epoch 58 training [time: 4.19s, train_loss1: 6.5883, train_loss2: 1.1375]
Thu 26 Jan 2023 19:26:49 INFO  epoch 58 evaluating [time: 0.20s, valid_score: 0.398400]
Thu 26 Jan 2023 19:26:49 INFO  valid result: 
recall@10 : 0.2137    mrr@10 : 0.3984    ndcg@10 : 0.2337    hit@10 : 0.7466    precision@10 : 0.159
Thu 26 Jan 2023 19:26:54 INFO  epoch 59 training [time: 4.19s, train_loss1: 6.4777, train_loss2: 1.0888]
Thu 26 Jan 2023 19:26:54 INFO  epoch 59 evaluating [time: 0.19s, valid_score: 0.402400]
Thu 26 Jan 2023 19:26:54 INFO  valid result: 
recall@10 : 0.2125    mrr@10 : 0.4024    ndcg@10 : 0.2348    hit@10 : 0.7434    precision@10 : 0.1594
Thu 26 Jan 2023 19:26:58 INFO  epoch 60 training [time: 4.08s, train_loss1: 6.3978, train_loss2: 1.1068]
Thu 26 Jan 2023 19:26:58 INFO  epoch 60 evaluating [time: 0.19s, valid_score: 0.402000]
Thu 26 Jan 2023 19:26:58 INFO  valid result: 
recall@10 : 0.2144    mrr@10 : 0.402    ndcg@10 : 0.2357    hit@10 : 0.7466    precision@10 : 0.1592
Thu 26 Jan 2023 19:27:02 INFO  epoch 61 training [time: 3.97s, train_loss1: 6.3048, train_loss2: 1.1121]
Thu 26 Jan 2023 19:27:02 INFO  epoch 61 evaluating [time: 0.19s, valid_score: 0.406800]
Thu 26 Jan 2023 19:27:02 INFO  valid result: 
recall@10 : 0.2173    mrr@10 : 0.4068    ndcg@10 : 0.2377    hit@10 : 0.7497    precision@10 : 0.1601
Thu 26 Jan 2023 19:27:02 INFO  Saving current: saved/KGAT-Jan-26-2023_19-22-35.pth
Thu 26 Jan 2023 19:27:07 INFO  epoch 62 training [time: 4.16s, train_loss1: 6.2524, train_loss2: 1.1290]
Thu 26 Jan 2023 19:27:07 INFO  epoch 62 evaluating [time: 0.19s, valid_score: 0.404200]
Thu 26 Jan 2023 19:27:07 INFO  valid result: 
recall@10 : 0.2091    mrr@10 : 0.4042    ndcg@10 : 0.2338    hit@10 : 0.7359    precision@10 : 0.1572
Thu 26 Jan 2023 19:27:11 INFO  epoch 63 training [time: 4.21s, train_loss1: 6.1921, train_loss2: 1.0303]
Thu 26 Jan 2023 19:27:11 INFO  epoch 63 evaluating [time: 0.20s, valid_score: 0.389900]
Thu 26 Jan 2023 19:27:11 INFO  valid result: 
recall@10 : 0.2127    mrr@10 : 0.3899    ndcg@10 : 0.2316    hit@10 : 0.7359    precision@10 : 0.1589
Thu 26 Jan 2023 19:27:15 INFO  epoch 64 training [time: 3.92s, train_loss1: 6.1108, train_loss2: 1.0197]
Thu 26 Jan 2023 19:27:15 INFO  epoch 64 evaluating [time: 0.20s, valid_score: 0.388300]
Thu 26 Jan 2023 19:27:15 INFO  valid result: 
recall@10 : 0.2161    mrr@10 : 0.3883    ndcg@10 : 0.2334    hit@10 : 0.7444    precision@10 : 0.1603
Thu 26 Jan 2023 19:27:19 INFO  epoch 65 training [time: 4.11s, train_loss1: 6.1400, train_loss2: 1.0420]
Thu 26 Jan 2023 19:27:20 INFO  epoch 65 evaluating [time: 0.20s, valid_score: 0.395100]
Thu 26 Jan 2023 19:27:20 INFO  valid result: 
recall@10 : 0.214    mrr@10 : 0.3951    ndcg@10 : 0.2345    hit@10 : 0.7423    precision@10 : 0.1591
Thu 26 Jan 2023 19:27:24 INFO  epoch 66 training [time: 4.08s, train_loss1: 6.0955, train_loss2: 0.9759]
Thu 26 Jan 2023 19:27:24 INFO  epoch 66 evaluating [time: 0.19s, valid_score: 0.393400]
Thu 26 Jan 2023 19:27:24 INFO  valid result: 
recall@10 : 0.2147    mrr@10 : 0.3934    ndcg@10 : 0.2336    hit@10 : 0.7391    precision@10 : 0.1591
Thu 26 Jan 2023 19:27:28 INFO  epoch 67 training [time: 4.14s, train_loss1: 6.0310, train_loss2: 0.9703]
Thu 26 Jan 2023 19:27:28 INFO  epoch 67 evaluating [time: 0.19s, valid_score: 0.394700]
Thu 26 Jan 2023 19:27:28 INFO  valid result: 
recall@10 : 0.2182    mrr@10 : 0.3947    ndcg@10 : 0.2354    hit@10 : 0.7402    precision@10 : 0.1608
Thu 26 Jan 2023 19:27:32 INFO  epoch 68 training [time: 4.09s, train_loss1: 5.8804, train_loss2: 1.0022]
Thu 26 Jan 2023 19:27:32 INFO  epoch 68 evaluating [time: 0.19s, valid_score: 0.391500]
Thu 26 Jan 2023 19:27:32 INFO  valid result: 
recall@10 : 0.2167    mrr@10 : 0.3915    ndcg@10 : 0.2349    hit@10 : 0.7381    precision@10 : 0.1608
Thu 26 Jan 2023 19:27:36 INFO  epoch 69 training [time: 3.94s, train_loss1: 5.8837, train_loss2: 0.9960]
Thu 26 Jan 2023 19:27:37 INFO  epoch 69 evaluating [time: 0.20s, valid_score: 0.388400]
Thu 26 Jan 2023 19:27:37 INFO  valid result: 
recall@10 : 0.2175    mrr@10 : 0.3884    ndcg@10 : 0.2325    hit@10 : 0.7413    precision@10 : 0.1587
Thu 26 Jan 2023 19:27:41 INFO  epoch 70 training [time: 3.92s, train_loss1: 5.8550, train_loss2: 0.9567]
Thu 26 Jan 2023 19:27:41 INFO  epoch 70 evaluating [time: 0.20s, valid_score: 0.391600]
Thu 26 Jan 2023 19:27:41 INFO  valid result: 
recall@10 : 0.2145    mrr@10 : 0.3916    ndcg@10 : 0.2325    hit@10 : 0.7413    precision@10 : 0.1607
Thu 26 Jan 2023 19:27:45 INFO  epoch 71 training [time: 4.07s, train_loss1: 5.7558, train_loss2: 0.9209]
Thu 26 Jan 2023 19:27:45 INFO  epoch 71 evaluating [time: 0.19s, valid_score: 0.392400]
Thu 26 Jan 2023 19:27:45 INFO  valid result: 
recall@10 : 0.2214    mrr@10 : 0.3924    ndcg@10 : 0.2356    hit@10 : 0.754    precision@10 : 0.1624
Thu 26 Jan 2023 19:27:49 INFO  epoch 72 training [time: 3.93s, train_loss1: 5.6962, train_loss2: 0.9364]
Thu 26 Jan 2023 19:27:49 INFO  epoch 72 evaluating [time: 0.20s, valid_score: 0.388700]
Thu 26 Jan 2023 19:27:49 INFO  valid result: 
recall@10 : 0.218    mrr@10 : 0.3887    ndcg@10 : 0.2329    hit@10 : 0.7497    precision@10 : 0.1609
Thu 26 Jan 2023 19:27:49 INFO  Finished training, best eval result in epoch 61
Thu 26 Jan 2023 19:27:49 INFO  Loading model structure and parameters from saved/KGAT-Jan-26-2023_19-22-35.pth
Thu 26 Jan 2023 19:27:49 INFO  best valid : OrderedDict([('recall@10', 0.2173), ('mrr@10', 0.4068), ('ndcg@10', 0.2377), ('hit@10', 0.7497), ('precision@10', 0.1601)])
Thu 26 Jan 2023 19:27:49 INFO  test result: OrderedDict([('recall@10', 0.2379), ('mrr@10', 0.4669), ('ndcg@10', 0.2838), ('hit@10', 0.7635), ('precision@10', 0.1936)])
