Mon 30 Jan 2023 17:16:11 INFO  momentum
Mon 30 Jan 2023 17:16:11 INFO  ['recbole_test.py']
Mon 30 Jan 2023 17:16:11 INFO  
General Hyper Parameters:
gpu_id = 0
use_gpu = True
seed = 2022
state = INFO
reproducibility = True
data_path = /work/03/gu14/k36095/kgat_bai/recbole/config/../dataset_example/ml-100k
checkpoint_dir = saved
show_progress = True
save_dataset = True
dataset_save_path = None
save_dataloaders = False
dataloaders_save_path = None
log_wandb = False

Training Hyper Parameters:
epochs = 300
train_batch_size = 2048
learner = adam
learning_rate = 0.001
train_neg_sample_args = {'distribution': 'uniform', 'sample_num': 1, 'alpha': 1.0, 'dynamic': False, 'candidate_num': 0}
eval_step = 1
stopping_step = 10
clip_grad_norm = None
weight_decay = 0.0
loss_decimal_place = 4

Evaluation Hyper Parameters:
eval_args = {'split': {'RS': [0.8, 0.1, 0.1]}, 'group_by': 'user', 'order': 'RO', 'mode': 'full'}
repeatable = False
metrics = ['Recall', 'MRR', 'NDCG', 'Hit', 'Precision']
topk = [10]
valid_metric = MRR@10
valid_metric_bigger = True
eval_batch_size = 4096
metric_decimal_place = 4

Dataset Hyper Parameters:
field_separator = 	
seq_separator =  
USER_ID_FIELD = user_id
ITEM_ID_FIELD = item_id
RATING_FIELD = rating
TIME_FIELD = timestamp
seq_len = None
LABEL_FIELD = label
threshold = None
NEG_PREFIX = neg_
load_col = {'inter': ['user_id', 'item_id', 'rating', 'timestamp'], 'kg': ['head_id', 'relation_id', 'tail_id'], 'link': ['item_id', 'entity_id']}
unload_col = None
unused_col = None
additional_feat_suffix = None
rm_dup_inter = None
val_interval = None
filter_inter_by_user_or_item = True
user_inter_num_interval = None
item_inter_num_interval = None
alias_of_user_id = None
alias_of_item_id = None
alias_of_entity_id = None
alias_of_relation_id = None
preload_weight = None
normalize_field = None
normalize_all = True
ITEM_LIST_LENGTH_FIELD = item_length
LIST_SUFFIX = _list
MAX_ITEM_LIST_LENGTH = 50
POSITION_FIELD = position_id
HEAD_ENTITY_ID_FIELD = head_id
TAIL_ENTITY_ID_FIELD = tail_id
RELATION_ID_FIELD = relation_id
ENTITY_ID_FIELD = entity_id
kg_reverse_r = False
entity_kg_num_interval = [0,inf)
relation_kg_num_interval = [0,inf)
benchmark_filename = None

Other Hyper Parameters: 
worker = 0
wandb_project = recbole
shuffle = True
require_pow = False
enable_amp = False
enable_scaler = False
transform = None
embedding_size = 64
kg_embedding_size = 64
layers = [64]
mess_dropout = 0.1
reg_weight = 1e-05
aggregator_type = bi
numerical_features = []
discretization = None
MODEL_TYPE = ModelType.KNOWLEDGE
MODEL_INPUT_TYPE = InputType.PAIRWISE
eval_type = EvaluatorType.RANKING
single_spec = True
local_rank = 0
device = cpu
eval_neg_sample_args = {'distribution': 'uniform', 'sample_num': 'none'}


Mon 30 Jan 2023 17:16:12 INFO  Saving filtered dataset into [saved/ml-100k-dataset.pth]
Mon 30 Jan 2023 17:16:12 INFO  ml-100k
The number of users: 944
Average actions of users: 103.4506892895016
The number of items: 1599
Average actions of items: 61.04755944931164
The number of inters: 97554
The sparsity of the dataset: 93.53714185772888%
Remain Fields: ['entity_id', 'user_id', 'item_id', 'rating', 'timestamp', 'head_id', 'relation_id', 'tail_id']
The number of entities: 34629
The number of relations: 26
The number of triples: 91631
The number of items that have been linked to KG: 1598
Mon 30 Jan 2023 17:16:13 INFO  [Training]: train_batch_size = [2048] train_neg_sample_args: [{'distribution': 'uniform', 'sample_num': 1, 'alpha': 1.0, 'dynamic': False, 'candidate_num': 0}]
Mon 30 Jan 2023 17:16:13 INFO  [Evaluation]: eval_batch_size = [4096] eval_args: [{'split': {'RS': [0.8, 0.1, 0.1]}, 'group_by': 'user', 'order': 'RO', 'mode': 'full'}]
Mon 30 Jan 2023 17:16:17 INFO  KGAT(
  (user_embedding): Embedding(944, 64)
  (entity_embedding): Embedding(34629, 64)
  (relation_embedding): Embedding(26, 64)
  (trans_w): Embedding(26, 4096)
  (aggregator_layers): ModuleList(
    (0): Aggregator(
      (message_dropout): Dropout(p=0.1, inplace=False)
      (W1): Linear(in_features=64, out_features=64, bias=True)
      (W2): Linear(in_features=64, out_features=64, bias=True)
      (activation): LeakyReLU(negative_slope=0.01)
    )
  )
  (tanh): Tanh()
  (mf_loss): BPRLoss()
  (reg_loss): EmbLoss()
)
Trainable parameters: 2393152
Mon 30 Jan 2023 17:16:17 INFO  FLOPs: 291414016.0
Mon 30 Jan 2023 17:16:23 INFO  epoch 0 training [time: 5.26s, train_loss1: 19.0746, train_loss2: 40.2844]
Mon 30 Jan 2023 17:16:23 INFO  epoch 0 evaluating [time: 0.22s, valid_score: 0.125600]
Mon 30 Jan 2023 17:16:23 INFO  valid result: 
recall@10 : 0.049    mrr@10 : 0.1256    ndcg@10 : 0.0594    hit@10 : 0.3181    precision@10 : 0.0466
Mon 30 Jan 2023 17:16:23 INFO  Saving current: saved/KGAT-Jan-30-2023_17-16-18.pth
Mon 30 Jan 2023 17:16:28 INFO  epoch 1 training [time: 4.90s, train_loss1: 16.6630, train_loss2: 421.4030]
Mon 30 Jan 2023 17:16:28 INFO  epoch 1 evaluating [time: 0.23s, valid_score: 0.088000]
Mon 30 Jan 2023 17:16:28 INFO  valid result: 
recall@10 : 0.0394    mrr@10 : 0.088    ndcg@10 : 0.0426    hit@10 : 0.2534    precision@10 : 0.0322
Mon 30 Jan 2023 17:16:35 INFO  epoch 2 training [time: 6.45s, train_loss1: 29.2015, train_loss2: 1138.3210]
Mon 30 Jan 2023 17:16:35 INFO  epoch 2 evaluating [time: 0.21s, valid_score: 0.101600]
Mon 30 Jan 2023 17:16:35 INFO  valid result: 
recall@10 : 0.0385    mrr@10 : 0.1016    ndcg@10 : 0.0465    hit@10 : 0.2619    precision@10 : 0.0345
Mon 30 Jan 2023 17:16:40 INFO  epoch 3 training [time: 4.81s, train_loss1: 35.7980, train_loss2: 1522.2257]
Mon 30 Jan 2023 17:16:40 INFO  epoch 3 evaluating [time: 0.20s, valid_score: 0.076000]
Mon 30 Jan 2023 17:16:40 INFO  valid result: 
recall@10 : 0.0374    mrr@10 : 0.076    ndcg@10 : 0.0377    hit@10 : 0.2524    precision@10 : 0.0303
Mon 30 Jan 2023 17:16:45 INFO  epoch 4 training [time: 4.55s, train_loss1: 38.4296, train_loss2: 1691.8239]
Mon 30 Jan 2023 17:16:45 INFO  epoch 4 evaluating [time: 0.20s, valid_score: 0.088400]
Mon 30 Jan 2023 17:16:45 INFO  valid result: 
recall@10 : 0.0365    mrr@10 : 0.0884    ndcg@10 : 0.0405    hit@10 : 0.2556    precision@10 : 0.0321
Mon 30 Jan 2023 17:16:49 INFO  epoch 5 training [time: 4.50s, train_loss1: 40.9680, train_loss2: 1928.8423]
Mon 30 Jan 2023 17:16:50 INFO  epoch 5 evaluating [time: 0.20s, valid_score: 0.079400]
Mon 30 Jan 2023 17:16:50 INFO  valid result: 
recall@10 : 0.0329    mrr@10 : 0.0794    ndcg@10 : 0.0364    hit@10 : 0.2407    precision@10 : 0.0296
Mon 30 Jan 2023 17:16:54 INFO  epoch 6 training [time: 4.51s, train_loss1: 43.0351, train_loss2: 2018.5231]
Mon 30 Jan 2023 17:16:54 INFO  epoch 6 evaluating [time: 0.19s, valid_score: 0.083600]
Mon 30 Jan 2023 17:16:54 INFO  valid result: 
recall@10 : 0.0328    mrr@10 : 0.0836    ndcg@10 : 0.0375    hit@10 : 0.246    precision@10 : 0.0306
Mon 30 Jan 2023 17:16:58 INFO  epoch 7 training [time: 4.08s, train_loss1: 44.3032, train_loss2: 2307.5619]
Mon 30 Jan 2023 17:16:59 INFO  epoch 7 evaluating [time: 0.20s, valid_score: 0.080600]
Mon 30 Jan 2023 17:16:59 INFO  valid result: 
recall@10 : 0.0305    mrr@10 : 0.0806    ndcg@10 : 0.0362    hit@10 : 0.2333    precision@10 : 0.0305
Mon 30 Jan 2023 17:17:03 INFO  epoch 8 training [time: 4.47s, train_loss1: 46.0569, train_loss2: 2566.3512]
Mon 30 Jan 2023 17:17:03 INFO  epoch 8 evaluating [time: 0.20s, valid_score: 0.088600]
Mon 30 Jan 2023 17:17:03 INFO  valid result: 
recall@10 : 0.0321    mrr@10 : 0.0886    ndcg@10 : 0.0389    hit@10 : 0.263    precision@10 : 0.0315
Mon 30 Jan 2023 17:17:07 INFO  epoch 9 training [time: 4.09s, train_loss1: 48.3291, train_loss2: 2795.5354]
Mon 30 Jan 2023 17:17:07 INFO  epoch 9 evaluating [time: 0.19s, valid_score: 0.088700]
Mon 30 Jan 2023 17:17:07 INFO  valid result: 
recall@10 : 0.0356    mrr@10 : 0.0887    ndcg@10 : 0.041    hit@10 : 0.2577    precision@10 : 0.033
Mon 30 Jan 2023 17:17:12 INFO  epoch 10 training [time: 4.24s, train_loss1: 48.8680, train_loss2: 2814.6548]
Mon 30 Jan 2023 17:17:12 INFO  epoch 10 evaluating [time: 0.20s, valid_score: 0.088200]
Mon 30 Jan 2023 17:17:12 INFO  valid result: 
recall@10 : 0.0286    mrr@10 : 0.0882    ndcg@10 : 0.0363    hit@10 : 0.245    precision@10 : 0.0299
Mon 30 Jan 2023 17:17:16 INFO  epoch 11 training [time: 4.39s, train_loss1: 50.9168, train_loss2: 3273.5051]
Mon 30 Jan 2023 17:17:17 INFO  epoch 11 evaluating [time: 0.19s, valid_score: 0.092300]
Mon 30 Jan 2023 17:17:17 INFO  valid result: 
recall@10 : 0.034    mrr@10 : 0.0923    ndcg@10 : 0.04    hit@10 : 0.2715    precision@10 : 0.0338
Mon 30 Jan 2023 17:17:17 INFO  Finished training, best eval result in epoch 0
Mon 30 Jan 2023 17:17:17 INFO  Loading model structure and parameters from saved/KGAT-Jan-30-2023_17-16-18.pth
Mon 30 Jan 2023 17:17:17 INFO  best valid : OrderedDict([('recall@10', 0.049), ('mrr@10', 0.1256), ('ndcg@10', 0.0594), ('hit@10', 0.3181), ('precision@10', 0.0466)])
Mon 30 Jan 2023 17:17:17 INFO  test result: OrderedDict([('recall@10', 0.0513), ('mrr@10', 0.1463), ('ndcg@10', 0.066), ('hit@10', 0.3468), ('precision@10', 0.0527)])
