Thu 19 Jan 2023 20:18:11 INFO  ['recbole_test.py']
Thu 19 Jan 2023 20:18:11 INFO  
General Hyper Parameters:
gpu_id = 0
use_gpu = True
seed = 2020
state = INFO
reproducibility = True
data_path = /work/03/gu14/k36095/kgat_bai/recbole/config/../dataset_example/ml-100k
checkpoint_dir = saved
show_progress = True
save_dataset = True
dataset_save_path = None
save_dataloaders = False
dataloaders_save_path = None
log_wandb = False

Training Hyper Parameters:
epochs = 300
train_batch_size = 2048
learner = adam
learning_rate = 0.001
train_neg_sample_args = {'distribution': 'uniform', 'sample_num': 1, 'alpha': 1.0, 'dynamic': False, 'candidate_num': 0}
eval_step = 1
stopping_step = 10
clip_grad_norm = None
weight_decay = 0.0
loss_decimal_place = 4

Evaluation Hyper Parameters:
eval_args = {'split': {'RS': [0.8, 0.1, 0.1]}, 'group_by': 'user', 'order': 'RO', 'mode': 'full'}
repeatable = False
metrics = ['Recall', 'MRR', 'NDCG', 'Hit', 'Precision']
topk = [10]
valid_metric = MRR@10
valid_metric_bigger = True
eval_batch_size = 4096
metric_decimal_place = 4

Dataset Hyper Parameters:
field_separator = 	
seq_separator =  
USER_ID_FIELD = user_id
ITEM_ID_FIELD = item_id
RATING_FIELD = rating
TIME_FIELD = timestamp
seq_len = None
LABEL_FIELD = label
threshold = None
NEG_PREFIX = neg_
load_col = {'inter': ['user_id', 'item_id', 'rating', 'timestamp'], 'kg': ['head_id', 'relation_id', 'tail_id'], 'link': ['item_id', 'entity_id']}
unload_col = None
unused_col = None
additional_feat_suffix = None
rm_dup_inter = None
val_interval = None
filter_inter_by_user_or_item = True
user_inter_num_interval = None
item_inter_num_interval = None
alias_of_user_id = None
alias_of_item_id = None
alias_of_entity_id = None
alias_of_relation_id = None
preload_weight = None
normalize_field = None
normalize_all = True
ITEM_LIST_LENGTH_FIELD = item_length
LIST_SUFFIX = _list
MAX_ITEM_LIST_LENGTH = 50
POSITION_FIELD = position_id
HEAD_ENTITY_ID_FIELD = head_id
TAIL_ENTITY_ID_FIELD = tail_id
RELATION_ID_FIELD = relation_id
ENTITY_ID_FIELD = entity_id
kg_reverse_r = False
entity_kg_num_interval = [0,inf)
relation_kg_num_interval = [0,inf)
benchmark_filename = None

Other Hyper Parameters: 
worker = 0
wandb_project = recbole
shuffle = True
require_pow = False
enable_amp = False
enable_scaler = False
transform = None
embedding_size = 64
kg_embedding_size = 64
layers = [64]
mess_dropout = 0.1
reg_weight = 1e-05
aggregator_type = gcn
numerical_features = []
discretization = None
MODEL_TYPE = ModelType.KNOWLEDGE
MODEL_INPUT_TYPE = InputType.PAIRWISE
eval_type = EvaluatorType.RANKING
single_spec = True
local_rank = 0
device = cpu
eval_neg_sample_args = {'distribution': 'uniform', 'sample_num': 'none'}


Thu 19 Jan 2023 20:18:12 INFO  Saving filtered dataset into [saved/ml-100k-dataset.pth]
Thu 19 Jan 2023 20:18:12 INFO  ml-100k
The number of users: 944
Average actions of users: 103.4506892895016
The number of items: 1599
Average actions of items: 61.04755944931164
The number of inters: 97554
The sparsity of the dataset: 93.53714185772888%
Remain Fields: ['entity_id', 'user_id', 'item_id', 'rating', 'timestamp', 'head_id', 'relation_id', 'tail_id']
The number of entities: 34629
The number of relations: 26
The number of triples: 91631
The number of items that have been linked to KG: 1598
Thu 19 Jan 2023 20:18:12 INFO  [Training]: train_batch_size = [2048] train_neg_sample_args: [{'distribution': 'uniform', 'sample_num': 1, 'alpha': 1.0, 'dynamic': False, 'candidate_num': 0}]
Thu 19 Jan 2023 20:18:12 INFO  [Evaluation]: eval_batch_size = [4096] eval_args: [{'split': {'RS': [0.8, 0.1, 0.1]}, 'group_by': 'user', 'order': 'RO', 'mode': 'full'}]
Thu 19 Jan 2023 20:18:13 INFO  KGAT(
  (user_embedding): Embedding(944, 64)
  (entity_embedding): Embedding(34629, 64)
  (relation_embedding): Embedding(26, 64)
  (trans_w): Embedding(26, 4096)
  (aggregator_layers): ModuleList(
    (0): Aggregator(
      (message_dropout): Dropout(p=0.1, inplace=False)
      (W): Linear(in_features=64, out_features=64, bias=True)
      (activation): LeakyReLU(negative_slope=0.01)
    )
  )
  (tanh): Tanh()
  (mf_loss): BPRLoss()
  (reg_loss): EmbLoss()
)
Trainable parameters: 2388992
Thu 19 Jan 2023 20:18:13 INFO  FLOPs: 145707008.0
Thu 19 Jan 2023 20:18:18 INFO  epoch 0 training [time: 4.54s, train_loss1: 23.4772, train_loss2: 29.7189]
Thu 19 Jan 2023 20:18:18 INFO  epoch 0 evaluating [time: 0.20s, valid_score: 0.108400]
Thu 19 Jan 2023 20:18:18 INFO  valid result: 
recall@10 : 0.0507    mrr@10 : 0.1084    ndcg@10 : 0.0554    hit@10 : 0.3192    precision@10 : 0.0461
Thu 19 Jan 2023 20:18:18 INFO  Saving current: saved/KGAT-Jan-19-2023_20-18-13.pth
Thu 19 Jan 2023 20:18:22 INFO  epoch 1 training [time: 3.71s, train_loss1: 18.5829, train_loss2: 20.4086]
Thu 19 Jan 2023 20:18:22 INFO  epoch 1 evaluating [time: 0.19s, valid_score: 0.155600]
Thu 19 Jan 2023 20:18:22 INFO  valid result: 
recall@10 : 0.0911    mrr@10 : 0.1556    ndcg@10 : 0.0873    hit@10 : 0.4528    precision@10 : 0.0694
Thu 19 Jan 2023 20:18:22 INFO  Saving current: saved/KGAT-Jan-19-2023_20-18-13.pth
Thu 19 Jan 2023 20:18:26 INFO  epoch 2 training [time: 3.99s, train_loss1: 16.8328, train_loss2: 12.6347]
Thu 19 Jan 2023 20:18:26 INFO  epoch 2 evaluating [time: 0.20s, valid_score: 0.177700]
Thu 19 Jan 2023 20:18:26 INFO  valid result: 
recall@10 : 0.104    mrr@10 : 0.1777    ndcg@10 : 0.0988    hit@10 : 0.4698    precision@10 : 0.0721
Thu 19 Jan 2023 20:18:26 INFO  Saving current: saved/KGAT-Jan-19-2023_20-18-13.pth
Thu 19 Jan 2023 20:18:30 INFO  epoch 3 training [time: 3.83s, train_loss1: 16.4806, train_loss2: 10.2711]
Thu 19 Jan 2023 20:18:30 INFO  epoch 3 evaluating [time: 0.19s, valid_score: 0.172100]
Thu 19 Jan 2023 20:18:30 INFO  valid result: 
recall@10 : 0.1067    mrr@10 : 0.1721    ndcg@10 : 0.0989    hit@10 : 0.4814    precision@10 : 0.0743
Thu 19 Jan 2023 20:18:35 INFO  epoch 4 training [time: 4.38s, train_loss1: 16.2893, train_loss2: 9.0750]
Thu 19 Jan 2023 20:18:35 INFO  epoch 4 evaluating [time: 0.20s, valid_score: 0.183500]
Thu 19 Jan 2023 20:18:35 INFO  valid result: 
recall@10 : 0.1093    mrr@10 : 0.1835    ndcg@10 : 0.1036    hit@10 : 0.4931    precision@10 : 0.0774
Thu 19 Jan 2023 20:18:35 INFO  Saving current: saved/KGAT-Jan-19-2023_20-18-13.pth
Thu 19 Jan 2023 20:18:40 INFO  epoch 5 training [time: 4.71s, train_loss1: 16.1494, train_loss2: 8.2918]
Thu 19 Jan 2023 20:18:40 INFO  epoch 5 evaluating [time: 0.19s, valid_score: 0.198200]
Thu 19 Jan 2023 20:18:40 INFO  valid result: 
recall@10 : 0.1027    mrr@10 : 0.1982    ndcg@10 : 0.1046    hit@10 : 0.4804    precision@10 : 0.0774
Thu 19 Jan 2023 20:18:40 INFO  Saving current: saved/KGAT-Jan-19-2023_20-18-13.pth
Thu 19 Jan 2023 20:18:44 INFO  epoch 6 training [time: 3.93s, train_loss1: 15.9594, train_loss2: 7.9057]
Thu 19 Jan 2023 20:18:44 INFO  epoch 6 evaluating [time: 0.20s, valid_score: 0.205800]
Thu 19 Jan 2023 20:18:44 INFO  valid result: 
recall@10 : 0.1052    mrr@10 : 0.2058    ndcg@10 : 0.1093    hit@10 : 0.4931    precision@10 : 0.0796
Thu 19 Jan 2023 20:18:44 INFO  Saving current: saved/KGAT-Jan-19-2023_20-18-13.pth
Thu 19 Jan 2023 20:18:48 INFO  epoch 7 training [time: 3.86s, train_loss1: 15.8821, train_loss2: 7.4773]
Thu 19 Jan 2023 20:18:48 INFO  epoch 7 evaluating [time: 0.19s, valid_score: 0.206100]
Thu 19 Jan 2023 20:18:48 INFO  valid result: 
recall@10 : 0.0992    mrr@10 : 0.2061    ndcg@10 : 0.1095    hit@10 : 0.4825    precision@10 : 0.0813
Thu 19 Jan 2023 20:18:48 INFO  Saving current: saved/KGAT-Jan-19-2023_20-18-13.pth
Thu 19 Jan 2023 20:18:52 INFO  epoch 8 training [time: 3.90s, train_loss1: 15.7446, train_loss2: 7.1440]
Thu 19 Jan 2023 20:18:52 INFO  epoch 8 evaluating [time: 0.19s, valid_score: 0.207900]
Thu 19 Jan 2023 20:18:52 INFO  valid result: 
recall@10 : 0.1081    mrr@10 : 0.2079    ndcg@10 : 0.1124    hit@10 : 0.4963    precision@10 : 0.0822
Thu 19 Jan 2023 20:18:53 INFO  Saving current: saved/KGAT-Jan-19-2023_20-18-13.pth
Thu 19 Jan 2023 20:18:56 INFO  epoch 9 training [time: 3.76s, train_loss1: 15.5295, train_loss2: 6.8882]
Thu 19 Jan 2023 20:18:57 INFO  epoch 9 evaluating [time: 0.18s, valid_score: 0.212200]
Thu 19 Jan 2023 20:18:57 INFO  valid result: 
recall@10 : 0.1074    mrr@10 : 0.2122    ndcg@10 : 0.1144    hit@10 : 0.4899    precision@10 : 0.083
Thu 19 Jan 2023 20:18:57 INFO  Saving current: saved/KGAT-Jan-19-2023_20-18-13.pth
Thu 19 Jan 2023 20:19:00 INFO  epoch 10 training [time: 3.70s, train_loss1: 15.2918, train_loss2: 6.5791]
Thu 19 Jan 2023 20:19:00 INFO  epoch 10 evaluating [time: 0.19s, valid_score: 0.217000]
Thu 19 Jan 2023 20:19:00 INFO  valid result: 
recall@10 : 0.1113    mrr@10 : 0.217    ndcg@10 : 0.1176    hit@10 : 0.508    precision@10 : 0.0862
Thu 19 Jan 2023 20:19:01 INFO  Saving current: saved/KGAT-Jan-19-2023_20-18-13.pth
Thu 19 Jan 2023 20:19:04 INFO  epoch 11 training [time: 3.85s, train_loss1: 15.0579, train_loss2: 6.4052]
Thu 19 Jan 2023 20:19:05 INFO  epoch 11 evaluating [time: 0.19s, valid_score: 0.234600]
Thu 19 Jan 2023 20:19:05 INFO  valid result: 
recall@10 : 0.1184    mrr@10 : 0.2346    ndcg@10 : 0.1271    hit@10 : 0.5313    precision@10 : 0.093
Thu 19 Jan 2023 20:19:05 INFO  Saving current: saved/KGAT-Jan-19-2023_20-18-13.pth
Thu 19 Jan 2023 20:19:08 INFO  epoch 12 training [time: 3.73s, train_loss1: 14.8693, train_loss2: 5.9995]
Thu 19 Jan 2023 20:19:09 INFO  epoch 12 evaluating [time: 0.19s, valid_score: 0.233700]
Thu 19 Jan 2023 20:19:09 INFO  valid result: 
recall@10 : 0.1215    mrr@10 : 0.2337    ndcg@10 : 0.1302    hit@10 : 0.5387    precision@10 : 0.0965
Thu 19 Jan 2023 20:19:12 INFO  epoch 13 training [time: 3.85s, train_loss1: 14.5038, train_loss2: 5.6377]
Thu 19 Jan 2023 20:19:13 INFO  epoch 13 evaluating [time: 0.19s, valid_score: 0.245400]
Thu 19 Jan 2023 20:19:13 INFO  valid result: 
recall@10 : 0.1271    mrr@10 : 0.2454    ndcg@10 : 0.1361    hit@10 : 0.5525    precision@10 : 0.1006
Thu 19 Jan 2023 20:19:13 INFO  Saving current: saved/KGAT-Jan-19-2023_20-18-13.pth
Thu 19 Jan 2023 20:19:17 INFO  epoch 14 training [time: 3.85s, train_loss1: 14.1649, train_loss2: 5.3158]
Thu 19 Jan 2023 20:19:17 INFO  epoch 14 evaluating [time: 0.19s, valid_score: 0.258700]
Thu 19 Jan 2023 20:19:17 INFO  valid result: 
recall@10 : 0.1346    mrr@10 : 0.2587    ndcg@10 : 0.1455    hit@10 : 0.5684    precision@10 : 0.106
Thu 19 Jan 2023 20:19:17 INFO  Saving current: saved/KGAT-Jan-19-2023_20-18-13.pth
Thu 19 Jan 2023 20:19:21 INFO  epoch 15 training [time: 3.78s, train_loss1: 13.8831, train_loss2: 4.9761]
Thu 19 Jan 2023 20:19:21 INFO  epoch 15 evaluating [time: 0.19s, valid_score: 0.261400]
Thu 19 Jan 2023 20:19:21 INFO  valid result: 
recall@10 : 0.1455    mrr@10 : 0.2614    ndcg@10 : 0.152    hit@10 : 0.5896    precision@10 : 0.1122
Thu 19 Jan 2023 20:19:21 INFO  Saving current: saved/KGAT-Jan-19-2023_20-18-13.pth
Thu 19 Jan 2023 20:19:25 INFO  epoch 16 training [time: 3.73s, train_loss1: 13.5259, train_loss2: 4.5849]
Thu 19 Jan 2023 20:19:25 INFO  epoch 16 evaluating [time: 0.19s, valid_score: 0.277800]
Thu 19 Jan 2023 20:19:25 INFO  valid result: 
recall@10 : 0.1462    mrr@10 : 0.2778    ndcg@10 : 0.1568    hit@10 : 0.6023    precision@10 : 0.1148
Thu 19 Jan 2023 20:19:25 INFO  Saving current: saved/KGAT-Jan-19-2023_20-18-13.pth
Thu 19 Jan 2023 20:19:28 INFO  epoch 17 training [time: 3.70s, train_loss1: 13.1480, train_loss2: 4.2559]
Thu 19 Jan 2023 20:19:29 INFO  epoch 17 evaluating [time: 0.19s, valid_score: 0.288400]
Thu 19 Jan 2023 20:19:29 INFO  valid result: 
recall@10 : 0.1506    mrr@10 : 0.2884    ndcg@10 : 0.1625    hit@10 : 0.6076    precision@10 : 0.1162
Thu 19 Jan 2023 20:19:29 INFO  Saving current: saved/KGAT-Jan-19-2023_20-18-13.pth
Thu 19 Jan 2023 20:19:33 INFO  epoch 18 training [time: 3.84s, train_loss1: 12.7379, train_loss2: 3.9346]
Thu 19 Jan 2023 20:19:33 INFO  epoch 18 evaluating [time: 0.19s, valid_score: 0.295900]
Thu 19 Jan 2023 20:19:33 INFO  valid result: 
recall@10 : 0.1582    mrr@10 : 0.2959    ndcg@10 : 0.168    hit@10 : 0.6299    precision@10 : 0.1203
Thu 19 Jan 2023 20:19:33 INFO  Saving current: saved/KGAT-Jan-19-2023_20-18-13.pth
Thu 19 Jan 2023 20:19:37 INFO  epoch 19 training [time: 3.84s, train_loss1: 12.4590, train_loss2: 3.8731]
Thu 19 Jan 2023 20:19:37 INFO  epoch 19 evaluating [time: 0.19s, valid_score: 0.304500]
Thu 19 Jan 2023 20:19:37 INFO  valid result: 
recall@10 : 0.1607    mrr@10 : 0.3045    ndcg@10 : 0.1733    hit@10 : 0.6331    precision@10 : 0.123
Thu 19 Jan 2023 20:19:37 INFO  Saving current: saved/KGAT-Jan-19-2023_20-18-13.pth
Thu 19 Jan 2023 20:19:41 INFO  epoch 20 training [time: 3.73s, train_loss1: 12.1608, train_loss2: 3.7215]
Thu 19 Jan 2023 20:19:41 INFO  epoch 20 evaluating [time: 0.19s, valid_score: 0.313200]
Thu 19 Jan 2023 20:19:41 INFO  valid result: 
recall@10 : 0.1643    mrr@10 : 0.3132    ndcg@10 : 0.1785    hit@10 : 0.6363    precision@10 : 0.1249
Thu 19 Jan 2023 20:19:41 INFO  Saving current: saved/KGAT-Jan-19-2023_20-18-13.pth
Thu 19 Jan 2023 20:19:45 INFO  epoch 21 training [time: 3.68s, train_loss1: 11.8044, train_loss2: 3.5545]
Thu 19 Jan 2023 20:19:45 INFO  epoch 21 evaluating [time: 0.20s, valid_score: 0.315400]
Thu 19 Jan 2023 20:19:45 INFO  valid result: 
recall@10 : 0.1691    mrr@10 : 0.3154    ndcg@10 : 0.1835    hit@10 : 0.6511    precision@10 : 0.1298
Thu 19 Jan 2023 20:19:45 INFO  Saving current: saved/KGAT-Jan-19-2023_20-18-13.pth
Thu 19 Jan 2023 20:19:49 INFO  epoch 22 training [time: 3.71s, train_loss1: 11.5615, train_loss2: 3.2766]
Thu 19 Jan 2023 20:19:49 INFO  epoch 22 evaluating [time: 0.20s, valid_score: 0.320800]
Thu 19 Jan 2023 20:19:49 INFO  valid result: 
recall@10 : 0.1684    mrr@10 : 0.3208    ndcg@10 : 0.185    hit@10 : 0.6479    precision@10 : 0.1302
Thu 19 Jan 2023 20:19:49 INFO  Saving current: saved/KGAT-Jan-19-2023_20-18-13.pth
Thu 19 Jan 2023 20:19:53 INFO  epoch 23 training [time: 3.71s, train_loss1: 11.2522, train_loss2: 3.2102]
Thu 19 Jan 2023 20:19:53 INFO  epoch 23 evaluating [time: 0.20s, valid_score: 0.331900]
Thu 19 Jan 2023 20:19:53 INFO  valid result: 
recall@10 : 0.1687    mrr@10 : 0.3319    ndcg@10 : 0.1893    hit@10 : 0.6607    precision@10 : 0.1319
Thu 19 Jan 2023 20:19:53 INFO  Saving current: saved/KGAT-Jan-19-2023_20-18-13.pth
Thu 19 Jan 2023 20:19:57 INFO  epoch 24 training [time: 3.82s, train_loss1: 11.0399, train_loss2: 3.1274]
Thu 19 Jan 2023 20:19:57 INFO  epoch 24 evaluating [time: 0.19s, valid_score: 0.346500]
Thu 19 Jan 2023 20:19:57 INFO  valid result: 
recall@10 : 0.1713    mrr@10 : 0.3465    ndcg@10 : 0.1943    hit@10 : 0.6713    precision@10 : 0.1334
Thu 19 Jan 2023 20:19:57 INFO  Saving current: saved/KGAT-Jan-19-2023_20-18-13.pth
Thu 19 Jan 2023 20:20:01 INFO  epoch 25 training [time: 3.76s, train_loss1: 10.8366, train_loss2: 3.0381]
Thu 19 Jan 2023 20:20:01 INFO  epoch 25 evaluating [time: 0.20s, valid_score: 0.345900]
Thu 19 Jan 2023 20:20:01 INFO  valid result: 
recall@10 : 0.1728    mrr@10 : 0.3459    ndcg@10 : 0.1958    hit@10 : 0.6691    precision@10 : 0.1352
Thu 19 Jan 2023 20:20:05 INFO  epoch 26 training [time: 3.85s, train_loss1: 10.6145, train_loss2: 3.0101]
Thu 19 Jan 2023 20:20:05 INFO  epoch 26 evaluating [time: 0.20s, valid_score: 0.347900]
Thu 19 Jan 2023 20:20:05 INFO  valid result: 
recall@10 : 0.1722    mrr@10 : 0.3479    ndcg@10 : 0.1956    hit@10 : 0.6638    precision@10 : 0.1341
Thu 19 Jan 2023 20:20:05 INFO  Saving current: saved/KGAT-Jan-19-2023_20-18-13.pth
Thu 19 Jan 2023 20:20:09 INFO  epoch 27 training [time: 3.86s, train_loss1: 10.3584, train_loss2: 2.8956]
Thu 19 Jan 2023 20:20:09 INFO  epoch 27 evaluating [time: 0.20s, valid_score: 0.348700]
Thu 19 Jan 2023 20:20:09 INFO  valid result: 
recall@10 : 0.1766    mrr@10 : 0.3487    ndcg@10 : 0.1982    hit@10 : 0.6723    precision@10 : 0.137
Thu 19 Jan 2023 20:20:09 INFO  Saving current: saved/KGAT-Jan-19-2023_20-18-13.pth
Thu 19 Jan 2023 20:20:13 INFO  epoch 28 training [time: 3.72s, train_loss1: 10.3184, train_loss2: 2.7907]
Thu 19 Jan 2023 20:20:13 INFO  epoch 28 evaluating [time: 0.19s, valid_score: 0.348000]
Thu 19 Jan 2023 20:20:13 INFO  valid result: 
recall@10 : 0.18    mrr@10 : 0.348    ndcg@10 : 0.1991    hit@10 : 0.6713    precision@10 : 0.1374
Thu 19 Jan 2023 20:20:17 INFO  epoch 29 training [time: 3.72s, train_loss1: 10.0663, train_loss2: 2.7421]
Thu 19 Jan 2023 20:20:17 INFO  epoch 29 evaluating [time: 0.19s, valid_score: 0.353400]
Thu 19 Jan 2023 20:20:17 INFO  valid result: 
recall@10 : 0.1831    mrr@10 : 0.3534    ndcg@10 : 0.202    hit@10 : 0.6787    precision@10 : 0.1384
Thu 19 Jan 2023 20:20:17 INFO  Saving current: saved/KGAT-Jan-19-2023_20-18-13.pth
Thu 19 Jan 2023 20:20:21 INFO  epoch 30 training [time: 3.78s, train_loss1: 9.9363, train_loss2: 2.6586]
Thu 19 Jan 2023 20:20:21 INFO  epoch 30 evaluating [time: 0.19s, valid_score: 0.353800]
Thu 19 Jan 2023 20:20:21 INFO  valid result: 
recall@10 : 0.1822    mrr@10 : 0.3538    ndcg@10 : 0.2015    hit@10 : 0.684    precision@10 : 0.1369
Thu 19 Jan 2023 20:20:21 INFO  Saving current: saved/KGAT-Jan-19-2023_20-18-13.pth
Thu 19 Jan 2023 20:20:25 INFO  epoch 31 training [time: 3.71s, train_loss1: 9.8494, train_loss2: 2.5781]
Thu 19 Jan 2023 20:20:25 INFO  epoch 31 evaluating [time: 0.19s, valid_score: 0.352800]
Thu 19 Jan 2023 20:20:25 INFO  valid result: 
recall@10 : 0.182    mrr@10 : 0.3528    ndcg@10 : 0.2022    hit@10 : 0.6766    precision@10 : 0.1385
Thu 19 Jan 2023 20:20:29 INFO  epoch 32 training [time: 3.80s, train_loss1: 9.6283, train_loss2: 2.5329]
Thu 19 Jan 2023 20:20:29 INFO  epoch 32 evaluating [time: 0.21s, valid_score: 0.354500]
Thu 19 Jan 2023 20:20:29 INFO  valid result: 
recall@10 : 0.183    mrr@10 : 0.3545    ndcg@10 : 0.2038    hit@10 : 0.6723    precision@10 : 0.1394
Thu 19 Jan 2023 20:20:29 INFO  Saving current: saved/KGAT-Jan-19-2023_20-18-13.pth
Thu 19 Jan 2023 20:20:33 INFO  epoch 33 training [time: 3.75s, train_loss1: 9.6039, train_loss2: 2.4105]
Thu 19 Jan 2023 20:20:33 INFO  epoch 33 evaluating [time: 0.18s, valid_score: 0.364900]
Thu 19 Jan 2023 20:20:33 INFO  valid result: 
recall@10 : 0.1878    mrr@10 : 0.3649    ndcg@10 : 0.2082    hit@10 : 0.6861    precision@10 : 0.1419
Thu 19 Jan 2023 20:20:33 INFO  Saving current: saved/KGAT-Jan-19-2023_20-18-13.pth
Thu 19 Jan 2023 20:20:37 INFO  epoch 34 training [time: 3.82s, train_loss1: 9.4094, train_loss2: 2.3598]
Thu 19 Jan 2023 20:20:37 INFO  epoch 34 evaluating [time: 0.19s, valid_score: 0.364400]
Thu 19 Jan 2023 20:20:37 INFO  valid result: 
recall@10 : 0.1869    mrr@10 : 0.3644    ndcg@10 : 0.2072    hit@10 : 0.6882    precision@10 : 0.1408
Thu 19 Jan 2023 20:20:41 INFO  epoch 35 training [time: 3.82s, train_loss1: 9.4606, train_loss2: 2.3720]
Thu 19 Jan 2023 20:20:41 INFO  epoch 35 evaluating [time: 0.19s, valid_score: 0.365300]
Thu 19 Jan 2023 20:20:41 INFO  valid result: 
recall@10 : 0.1864    mrr@10 : 0.3653    ndcg@10 : 0.208    hit@10 : 0.6882    precision@10 : 0.1417
Thu 19 Jan 2023 20:20:41 INFO  Saving current: saved/KGAT-Jan-19-2023_20-18-13.pth
Thu 19 Jan 2023 20:20:45 INFO  epoch 36 training [time: 3.91s, train_loss1: 9.1783, train_loss2: 2.2698]
Thu 19 Jan 2023 20:20:45 INFO  epoch 36 evaluating [time: 0.19s, valid_score: 0.365500]
Thu 19 Jan 2023 20:20:45 INFO  valid result: 
recall@10 : 0.1876    mrr@10 : 0.3655    ndcg@10 : 0.2081    hit@10 : 0.6882    precision@10 : 0.1423
Thu 19 Jan 2023 20:20:45 INFO  Saving current: saved/KGAT-Jan-19-2023_20-18-13.pth
Thu 19 Jan 2023 20:20:49 INFO  epoch 37 training [time: 3.73s, train_loss1: 9.1278, train_loss2: 2.1803]
Thu 19 Jan 2023 20:20:49 INFO  epoch 37 evaluating [time: 0.19s, valid_score: 0.364500]
Thu 19 Jan 2023 20:20:49 INFO  valid result: 
recall@10 : 0.1895    mrr@10 : 0.3645    ndcg@10 : 0.2095    hit@10 : 0.6882    precision@10 : 0.1448
Thu 19 Jan 2023 20:20:53 INFO  epoch 38 training [time: 3.72s, train_loss1: 9.1637, train_loss2: 2.1389]
Thu 19 Jan 2023 20:20:53 INFO  epoch 38 evaluating [time: 0.19s, valid_score: 0.371500]
Thu 19 Jan 2023 20:20:53 INFO  valid result: 
recall@10 : 0.1894    mrr@10 : 0.3715    ndcg@10 : 0.2106    hit@10 : 0.6988    precision@10 : 0.1439
Thu 19 Jan 2023 20:20:53 INFO  Saving current: saved/KGAT-Jan-19-2023_20-18-13.pth
Thu 19 Jan 2023 20:20:57 INFO  epoch 39 training [time: 4.01s, train_loss1: 8.9522, train_loss2: 2.1179]
Thu 19 Jan 2023 20:20:57 INFO  epoch 39 evaluating [time: 0.19s, valid_score: 0.375900]
Thu 19 Jan 2023 20:20:57 INFO  valid result: 
recall@10 : 0.1896    mrr@10 : 0.3759    ndcg@10 : 0.212    hit@10 : 0.6967    precision@10 : 0.1434
Thu 19 Jan 2023 20:20:57 INFO  Saving current: saved/KGAT-Jan-19-2023_20-18-13.pth
Thu 19 Jan 2023 20:21:01 INFO  epoch 40 training [time: 3.73s, train_loss1: 8.9033, train_loss2: 2.0785]
Thu 19 Jan 2023 20:21:01 INFO  epoch 40 evaluating [time: 0.18s, valid_score: 0.372100]
Thu 19 Jan 2023 20:21:01 INFO  valid result: 
recall@10 : 0.1953    mrr@10 : 0.3721    ndcg@10 : 0.2151    hit@10 : 0.7031    precision@10 : 0.1485
Thu 19 Jan 2023 20:21:05 INFO  epoch 41 training [time: 3.95s, train_loss1: 8.7757, train_loss2: 1.9799]
Thu 19 Jan 2023 20:21:05 INFO  epoch 41 evaluating [time: 0.19s, valid_score: 0.373600]
Thu 19 Jan 2023 20:21:05 INFO  valid result: 
recall@10 : 0.1938    mrr@10 : 0.3736    ndcg@10 : 0.2142    hit@10 : 0.7031    precision@10 : 0.1464
Thu 19 Jan 2023 20:21:10 INFO  epoch 42 training [time: 4.03s, train_loss1: 8.6988, train_loss2: 1.9196]
Thu 19 Jan 2023 20:21:10 INFO  epoch 42 evaluating [time: 0.19s, valid_score: 0.371000]
Thu 19 Jan 2023 20:21:10 INFO  valid result: 
recall@10 : 0.1942    mrr@10 : 0.371    ndcg@10 : 0.2129    hit@10 : 0.7073    precision@10 : 0.145
Thu 19 Jan 2023 20:21:13 INFO  epoch 43 training [time: 3.74s, train_loss1: 8.6401, train_loss2: 1.9660]
Thu 19 Jan 2023 20:21:14 INFO  epoch 43 evaluating [time: 0.19s, valid_score: 0.377300]
Thu 19 Jan 2023 20:21:14 INFO  valid result: 
recall@10 : 0.196    mrr@10 : 0.3773    ndcg@10 : 0.216    hit@10 : 0.7073    precision@10 : 0.1469
Thu 19 Jan 2023 20:21:14 INFO  Saving current: saved/KGAT-Jan-19-2023_20-18-13.pth
Thu 19 Jan 2023 20:21:17 INFO  epoch 44 training [time: 3.79s, train_loss1: 8.4613, train_loss2: 1.9188]
Thu 19 Jan 2023 20:21:18 INFO  epoch 44 evaluating [time: 0.19s, valid_score: 0.377300]
Thu 19 Jan 2023 20:21:18 INFO  valid result: 
recall@10 : 0.1942    mrr@10 : 0.3773    ndcg@10 : 0.2156    hit@10 : 0.7031    precision@10 : 0.1468
Thu 19 Jan 2023 20:21:18 INFO  Saving current: saved/KGAT-Jan-19-2023_20-18-13.pth
Thu 19 Jan 2023 20:21:21 INFO  epoch 45 training [time: 3.76s, train_loss1: 8.4643, train_loss2: 1.8314]
Thu 19 Jan 2023 20:21:22 INFO  epoch 45 evaluating [time: 0.19s, valid_score: 0.378900]
Thu 19 Jan 2023 20:21:22 INFO  valid result: 
recall@10 : 0.1982    mrr@10 : 0.3789    ndcg@10 : 0.2179    hit@10 : 0.7169    precision@10 : 0.1493
Thu 19 Jan 2023 20:21:22 INFO  Saving current: saved/KGAT-Jan-19-2023_20-18-13.pth
Thu 19 Jan 2023 20:21:26 INFO  epoch 46 training [time: 3.94s, train_loss1: 8.2722, train_loss2: 1.8921]
Thu 19 Jan 2023 20:21:26 INFO  epoch 46 evaluating [time: 0.19s, valid_score: 0.378600]
Thu 19 Jan 2023 20:21:26 INFO  valid result: 
recall@10 : 0.196    mrr@10 : 0.3786    ndcg@10 : 0.2165    hit@10 : 0.7116    precision@10 : 0.1471
Thu 19 Jan 2023 20:21:30 INFO  epoch 47 training [time: 3.91s, train_loss1: 8.2773, train_loss2: 1.8037]
Thu 19 Jan 2023 20:21:30 INFO  epoch 47 evaluating [time: 0.19s, valid_score: 0.380400]
Thu 19 Jan 2023 20:21:30 INFO  valid result: 
recall@10 : 0.2011    mrr@10 : 0.3804    ndcg@10 : 0.2203    hit@10 : 0.7105    precision@10 : 0.1507
Thu 19 Jan 2023 20:21:30 INFO  Saving current: saved/KGAT-Jan-19-2023_20-18-13.pth
Thu 19 Jan 2023 20:21:34 INFO  epoch 48 training [time: 3.75s, train_loss1: 8.1388, train_loss2: 1.7537]
Thu 19 Jan 2023 20:21:34 INFO  epoch 48 evaluating [time: 0.19s, valid_score: 0.378800]
Thu 19 Jan 2023 20:21:34 INFO  valid result: 
recall@10 : 0.1995    mrr@10 : 0.3788    ndcg@10 : 0.2196    hit@10 : 0.7126    precision@10 : 0.1505
Thu 19 Jan 2023 20:21:38 INFO  epoch 49 training [time: 3.99s, train_loss1: 8.1697, train_loss2: 1.7618]
Thu 19 Jan 2023 20:21:38 INFO  epoch 49 evaluating [time: 0.19s, valid_score: 0.386300]
Thu 19 Jan 2023 20:21:38 INFO  valid result: 
recall@10 : 0.1994    mrr@10 : 0.3863    ndcg@10 : 0.2218    hit@10 : 0.7094    precision@10 : 0.1504
Thu 19 Jan 2023 20:21:38 INFO  Saving current: saved/KGAT-Jan-19-2023_20-18-13.pth
Thu 19 Jan 2023 20:21:42 INFO  epoch 50 training [time: 3.90s, train_loss1: 8.0493, train_loss2: 1.7657]
Thu 19 Jan 2023 20:21:42 INFO  epoch 50 evaluating [time: 0.19s, valid_score: 0.388500]
Thu 19 Jan 2023 20:21:42 INFO  valid result: 
recall@10 : 0.1982    mrr@10 : 0.3885    ndcg@10 : 0.2216    hit@10 : 0.7169    precision@10 : 0.1503
Thu 19 Jan 2023 20:21:42 INFO  Saving current: saved/KGAT-Jan-19-2023_20-18-13.pth
Thu 19 Jan 2023 20:21:46 INFO  epoch 51 training [time: 3.96s, train_loss1: 7.8908, train_loss2: 1.6675]
Thu 19 Jan 2023 20:21:47 INFO  epoch 51 evaluating [time: 0.19s, valid_score: 0.391400]
Thu 19 Jan 2023 20:21:47 INFO  valid result: 
recall@10 : 0.2016    mrr@10 : 0.3914    ndcg@10 : 0.2227    hit@10 : 0.7264    precision@10 : 0.1498
Thu 19 Jan 2023 20:21:47 INFO  Saving current: saved/KGAT-Jan-19-2023_20-18-13.pth
Thu 19 Jan 2023 20:21:51 INFO  epoch 52 training [time: 3.92s, train_loss1: 7.8309, train_loss2: 1.7155]
Thu 19 Jan 2023 20:21:51 INFO  epoch 52 evaluating [time: 0.19s, valid_score: 0.386400]
Thu 19 Jan 2023 20:21:51 INFO  valid result: 
recall@10 : 0.2042    mrr@10 : 0.3864    ndcg@10 : 0.2237    hit@10 : 0.7232    precision@10 : 0.1513
Thu 19 Jan 2023 20:21:55 INFO  epoch 53 training [time: 3.88s, train_loss1: 7.6904, train_loss2: 1.6277]
Thu 19 Jan 2023 20:21:55 INFO  epoch 53 evaluating [time: 0.19s, valid_score: 0.387800]
Thu 19 Jan 2023 20:21:55 INFO  valid result: 
recall@10 : 0.2053    mrr@10 : 0.3878    ndcg@10 : 0.2253    hit@10 : 0.7306    precision@10 : 0.1523
Thu 19 Jan 2023 20:21:59 INFO  epoch 54 training [time: 3.94s, train_loss1: 7.7158, train_loss2: 1.6383]
Thu 19 Jan 2023 20:21:59 INFO  epoch 54 evaluating [time: 0.19s, valid_score: 0.388300]
Thu 19 Jan 2023 20:21:59 INFO  valid result: 
recall@10 : 0.2101    mrr@10 : 0.3883    ndcg@10 : 0.227    hit@10 : 0.737    precision@10 : 0.1549
Thu 19 Jan 2023 20:22:03 INFO  epoch 55 training [time: 3.73s, train_loss1: 7.5690, train_loss2: 1.5164]
Thu 19 Jan 2023 20:22:03 INFO  epoch 55 evaluating [time: 0.20s, valid_score: 0.389100]
Thu 19 Jan 2023 20:22:03 INFO  valid result: 
recall@10 : 0.2104    mrr@10 : 0.3891    ndcg@10 : 0.2277    hit@10 : 0.7328    precision@10 : 0.154
Thu 19 Jan 2023 20:22:07 INFO  epoch 56 training [time: 3.85s, train_loss1: 7.6072, train_loss2: 1.5756]
Thu 19 Jan 2023 20:22:07 INFO  epoch 56 evaluating [time: 0.19s, valid_score: 0.388200]
Thu 19 Jan 2023 20:22:07 INFO  valid result: 
recall@10 : 0.2119    mrr@10 : 0.3882    ndcg@10 : 0.2286    hit@10 : 0.7423    precision@10 : 0.1566
Thu 19 Jan 2023 20:22:11 INFO  epoch 57 training [time: 3.95s, train_loss1: 7.3967, train_loss2: 1.5400]
Thu 19 Jan 2023 20:22:11 INFO  epoch 57 evaluating [time: 0.19s, valid_score: 0.399900]
Thu 19 Jan 2023 20:22:11 INFO  valid result: 
recall@10 : 0.2132    mrr@10 : 0.3999    ndcg@10 : 0.2331    hit@10 : 0.737    precision@10 : 0.1573
Thu 19 Jan 2023 20:22:11 INFO  Saving current: saved/KGAT-Jan-19-2023_20-18-13.pth
Thu 19 Jan 2023 20:22:15 INFO  epoch 58 training [time: 3.79s, train_loss1: 7.4339, train_loss2: 1.4906]
Thu 19 Jan 2023 20:22:15 INFO  epoch 58 evaluating [time: 0.19s, valid_score: 0.394700]
Thu 19 Jan 2023 20:22:15 INFO  valid result: 
recall@10 : 0.2118    mrr@10 : 0.3947    ndcg@10 : 0.2303    hit@10 : 0.737    precision@10 : 0.1558
Thu 19 Jan 2023 20:22:19 INFO  epoch 59 training [time: 3.76s, train_loss1: 7.3207, train_loss2: 1.5182]
Thu 19 Jan 2023 20:22:19 INFO  epoch 59 evaluating [time: 0.19s, valid_score: 0.394700]
Thu 19 Jan 2023 20:22:19 INFO  valid result: 
recall@10 : 0.2057    mrr@10 : 0.3947    ndcg@10 : 0.2287    hit@10 : 0.7296    precision@10 : 0.1547
Thu 19 Jan 2023 20:22:23 INFO  epoch 60 training [time: 3.74s, train_loss1: 7.2299, train_loss2: 1.5034]
Thu 19 Jan 2023 20:22:23 INFO  epoch 60 evaluating [time: 0.19s, valid_score: 0.398000]
Thu 19 Jan 2023 20:22:23 INFO  valid result: 
recall@10 : 0.208    mrr@10 : 0.398    ndcg@10 : 0.2302    hit@10 : 0.737    precision@10 : 0.1551
Thu 19 Jan 2023 20:22:27 INFO  epoch 61 training [time: 3.75s, train_loss1: 7.0920, train_loss2: 1.5154]
Thu 19 Jan 2023 20:22:27 INFO  epoch 61 evaluating [time: 0.19s, valid_score: 0.400100]
Thu 19 Jan 2023 20:22:27 INFO  valid result: 
recall@10 : 0.211    mrr@10 : 0.4001    ndcg@10 : 0.2331    hit@10 : 0.7402    precision@10 : 0.1575
Thu 19 Jan 2023 20:22:27 INFO  Saving current: saved/KGAT-Jan-19-2023_20-18-13.pth
Thu 19 Jan 2023 20:22:31 INFO  epoch 62 training [time: 3.75s, train_loss1: 7.0960, train_loss2: 1.4557]
Thu 19 Jan 2023 20:22:31 INFO  epoch 62 evaluating [time: 0.19s, valid_score: 0.399700]
Thu 19 Jan 2023 20:22:31 INFO  valid result: 
recall@10 : 0.2088    mrr@10 : 0.3997    ndcg@10 : 0.2326    hit@10 : 0.7296    precision@10 : 0.1568
Thu 19 Jan 2023 20:22:35 INFO  epoch 63 training [time: 3.63s, train_loss1: 7.0166, train_loss2: 1.4143]
Thu 19 Jan 2023 20:22:35 INFO  epoch 63 evaluating [time: 0.19s, valid_score: 0.396200]
Thu 19 Jan 2023 20:22:35 INFO  valid result: 
recall@10 : 0.2101    mrr@10 : 0.3962    ndcg@10 : 0.2314    hit@10 : 0.7317    precision@10 : 0.1558
Thu 19 Jan 2023 20:22:39 INFO  epoch 64 training [time: 3.96s, train_loss1: 6.9162, train_loss2: 1.4633]
Thu 19 Jan 2023 20:22:39 INFO  epoch 64 evaluating [time: 0.19s, valid_score: 0.395200]
Thu 19 Jan 2023 20:22:39 INFO  valid result: 
recall@10 : 0.2139    mrr@10 : 0.3952    ndcg@10 : 0.2327    hit@10 : 0.7423    precision@10 : 0.1564
Thu 19 Jan 2023 20:22:43 INFO  epoch 65 training [time: 3.67s, train_loss1: 6.9379, train_loss2: 1.4411]
Thu 19 Jan 2023 20:22:43 INFO  epoch 65 evaluating [time: 0.19s, valid_score: 0.395800]
Thu 19 Jan 2023 20:22:43 INFO  valid result: 
recall@10 : 0.2131    mrr@10 : 0.3958    ndcg@10 : 0.2332    hit@10 : 0.7402    precision@10 : 0.1563
Thu 19 Jan 2023 20:22:47 INFO  epoch 66 training [time: 3.77s, train_loss1: 6.8896, train_loss2: 1.3189]
Thu 19 Jan 2023 20:22:47 INFO  epoch 66 evaluating [time: 0.19s, valid_score: 0.397000]
Thu 19 Jan 2023 20:22:47 INFO  valid result: 
recall@10 : 0.2137    mrr@10 : 0.397    ndcg@10 : 0.234    hit@10 : 0.737    precision@10 : 0.1571
Thu 19 Jan 2023 20:22:51 INFO  epoch 67 training [time: 3.93s, train_loss1: 6.8244, train_loss2: 1.3350]
Thu 19 Jan 2023 20:22:51 INFO  epoch 67 evaluating [time: 0.19s, valid_score: 0.393100]
Thu 19 Jan 2023 20:22:51 INFO  valid result: 
recall@10 : 0.2169    mrr@10 : 0.3931    ndcg@10 : 0.2332    hit@10 : 0.7455    precision@10 : 0.1565
Thu 19 Jan 2023 20:22:55 INFO  epoch 68 training [time: 3.75s, train_loss1: 6.6713, train_loss2: 1.3760]
Thu 19 Jan 2023 20:22:55 INFO  epoch 68 evaluating [time: 0.19s, valid_score: 0.393900]
Thu 19 Jan 2023 20:22:55 INFO  valid result: 
recall@10 : 0.2114    mrr@10 : 0.3939    ndcg@10 : 0.2317    hit@10 : 0.7359    precision@10 : 0.156
Thu 19 Jan 2023 20:22:59 INFO  epoch 69 training [time: 4.00s, train_loss1: 6.6690, train_loss2: 1.3848]
Thu 19 Jan 2023 20:22:59 INFO  epoch 69 evaluating [time: 0.20s, valid_score: 0.397300]
Thu 19 Jan 2023 20:22:59 INFO  valid result: 
recall@10 : 0.2113    mrr@10 : 0.3973    ndcg@10 : 0.2318    hit@10 : 0.7296    precision@10 : 0.1555
Thu 19 Jan 2023 20:23:03 INFO  epoch 70 training [time: 4.23s, train_loss1: 6.6603, train_loss2: 1.3245]
Thu 19 Jan 2023 20:23:03 INFO  epoch 70 evaluating [time: 0.20s, valid_score: 0.391200]
Thu 19 Jan 2023 20:23:03 INFO  valid result: 
recall@10 : 0.2139    mrr@10 : 0.3912    ndcg@10 : 0.2313    hit@10 : 0.7423    precision@10 : 0.1578
Thu 19 Jan 2023 20:23:08 INFO  epoch 71 training [time: 4.26s, train_loss1: 6.5589, train_loss2: 1.3128]
Thu 19 Jan 2023 20:23:08 INFO  epoch 71 evaluating [time: 0.19s, valid_score: 0.386000]
Thu 19 Jan 2023 20:23:08 INFO  valid result: 
recall@10 : 0.2124    mrr@10 : 0.386    ndcg@10 : 0.2303    hit@10 : 0.7349    precision@10 : 0.1574
Thu 19 Jan 2023 20:23:12 INFO  epoch 72 training [time: 4.30s, train_loss1: 6.4866, train_loss2: 1.3528]
Thu 19 Jan 2023 20:23:12 INFO  epoch 72 evaluating [time: 0.19s, valid_score: 0.384800]
Thu 19 Jan 2023 20:23:12 INFO  valid result: 
recall@10 : 0.2175    mrr@10 : 0.3848    ndcg@10 : 0.2313    hit@10 : 0.7476    precision@10 : 0.1585
Thu 19 Jan 2023 20:23:12 INFO  Finished training, best eval result in epoch 61
Thu 19 Jan 2023 20:23:12 INFO  Loading model structure and parameters from saved/KGAT-Jan-19-2023_20-18-13.pth
Thu 19 Jan 2023 20:23:13 INFO  best valid : OrderedDict([('recall@10', 0.211), ('mrr@10', 0.4001), ('ndcg@10', 0.2331), ('hit@10', 0.7402), ('precision@10', 0.1575)])
Thu 19 Jan 2023 20:23:13 INFO  test result: OrderedDict([('recall@10', 0.2309), ('mrr@10', 0.4363), ('ndcg@10', 0.2686), ('hit@10', 0.7508), ('precision@10', 0.186)])
