Thu 26 Jan 2023 15:21:30 INFO  momentum
Thu 26 Jan 2023 15:21:30 INFO  ['recbole_test.py']
Thu 26 Jan 2023 15:21:30 INFO  
General Hyper Parameters:
gpu_id = 0
use_gpu = True
seed = 2021
state = INFO
reproducibility = True
data_path = /work/03/gu14/k36095/kgat_bai/recbole/config/../dataset_example/ml-100k
checkpoint_dir = saved
show_progress = True
save_dataset = True
dataset_save_path = None
save_dataloaders = False
dataloaders_save_path = None
log_wandb = False

Training Hyper Parameters:
epochs = 300
train_batch_size = 2048
learner = adam
learning_rate = 0.001
train_neg_sample_args = {'distribution': 'uniform', 'sample_num': 1, 'alpha': 1.0, 'dynamic': False, 'candidate_num': 0}
eval_step = 1
stopping_step = 10
clip_grad_norm = None
weight_decay = 0.0
loss_decimal_place = 4

Evaluation Hyper Parameters:
eval_args = {'split': {'RS': [0.8, 0.1, 0.1]}, 'group_by': 'user', 'order': 'RO', 'mode': 'full'}
repeatable = False
metrics = ['Recall', 'MRR', 'NDCG', 'Hit', 'Precision']
topk = [10]
valid_metric = MRR@10
valid_metric_bigger = True
eval_batch_size = 4096
metric_decimal_place = 4

Dataset Hyper Parameters:
field_separator = 	
seq_separator =  
USER_ID_FIELD = user_id
ITEM_ID_FIELD = item_id
RATING_FIELD = rating
TIME_FIELD = timestamp
seq_len = None
LABEL_FIELD = label
threshold = None
NEG_PREFIX = neg_
load_col = {'inter': ['user_id', 'item_id', 'rating', 'timestamp'], 'kg': ['head_id', 'relation_id', 'tail_id'], 'link': ['item_id', 'entity_id']}
unload_col = None
unused_col = None
additional_feat_suffix = None
rm_dup_inter = None
val_interval = None
filter_inter_by_user_or_item = True
user_inter_num_interval = None
item_inter_num_interval = None
alias_of_user_id = None
alias_of_item_id = None
alias_of_entity_id = None
alias_of_relation_id = None
preload_weight = None
normalize_field = None
normalize_all = True
ITEM_LIST_LENGTH_FIELD = item_length
LIST_SUFFIX = _list
MAX_ITEM_LIST_LENGTH = 50
POSITION_FIELD = position_id
HEAD_ENTITY_ID_FIELD = head_id
TAIL_ENTITY_ID_FIELD = tail_id
RELATION_ID_FIELD = relation_id
ENTITY_ID_FIELD = entity_id
kg_reverse_r = False
entity_kg_num_interval = [0,inf)
relation_kg_num_interval = [0,inf)
benchmark_filename = None

Other Hyper Parameters: 
worker = 0
wandb_project = recbole
shuffle = True
require_pow = False
enable_amp = False
enable_scaler = False
transform = None
embedding_size = 64
kg_embedding_size = 64
layers = [64]
mess_dropout = 0.1
reg_weight = 1e-05
aggregator_type = bi
numerical_features = []
discretization = None
MODEL_TYPE = ModelType.KNOWLEDGE
MODEL_INPUT_TYPE = InputType.PAIRWISE
eval_type = EvaluatorType.RANKING
single_spec = True
local_rank = 0
device = cpu
eval_neg_sample_args = {'distribution': 'uniform', 'sample_num': 'none'}


Thu 26 Jan 2023 15:21:31 INFO  Saving filtered dataset into [saved/ml-100k-dataset.pth]
Thu 26 Jan 2023 15:21:31 INFO  ml-100k
The number of users: 944
Average actions of users: 103.4506892895016
The number of items: 1599
Average actions of items: 61.04755944931164
The number of inters: 97554
The sparsity of the dataset: 93.53714185772888%
Remain Fields: ['entity_id', 'user_id', 'item_id', 'rating', 'timestamp', 'head_id', 'relation_id', 'tail_id']
The number of entities: 34629
The number of relations: 26
The number of triples: 91631
The number of items that have been linked to KG: 1598
Thu 26 Jan 2023 15:21:31 INFO  [Training]: train_batch_size = [2048] train_neg_sample_args: [{'distribution': 'uniform', 'sample_num': 1, 'alpha': 1.0, 'dynamic': False, 'candidate_num': 0}]
Thu 26 Jan 2023 15:21:31 INFO  [Evaluation]: eval_batch_size = [4096] eval_args: [{'split': {'RS': [0.8, 0.1, 0.1]}, 'group_by': 'user', 'order': 'RO', 'mode': 'full'}]
Thu 26 Jan 2023 15:21:32 INFO  KGAT(
  (user_embedding): Embedding(944, 64)
  (entity_embedding): Embedding(34629, 64)
  (relation_embedding): Embedding(26, 64)
  (trans_w): Embedding(26, 4096)
  (aggregator_layers): ModuleList(
    (0): Aggregator(
      (message_dropout): Dropout(p=0.1, inplace=False)
      (W1): Linear(in_features=64, out_features=64, bias=True)
      (W2): Linear(in_features=64, out_features=64, bias=True)
      (activation): LeakyReLU(negative_slope=0.01)
    )
  )
  (tanh): Tanh()
  (mf_loss): BPRLoss()
  (reg_loss): EmbLoss()
)
Trainable parameters: 2393152
Thu 26 Jan 2023 15:21:32 INFO  FLOPs: 291414016.0
Thu 26 Jan 2023 15:21:36 INFO  epoch 0 training [time: 4.31s, train_loss1: 26.7272, train_loss2: 31.1934]
Thu 26 Jan 2023 15:21:36 INFO  epoch 0 evaluating [time: 0.20s, valid_score: 0.014900]
Thu 26 Jan 2023 15:21:36 INFO  valid result: 
recall@10 : 0.0054    mrr@10 : 0.0149    ndcg@10 : 0.0063    hit@10 : 0.053    precision@10 : 0.0057
Thu 26 Jan 2023 15:21:36 INFO  Saving current: saved/KGAT-Jan-26-2023_15-21-32.pth
Thu 26 Jan 2023 15:21:41 INFO  epoch 1 training [time: 4.32s, train_loss1: 26.8151, train_loss2: 31.1926]
Thu 26 Jan 2023 15:21:41 INFO  epoch 1 evaluating [time: 0.21s, valid_score: 0.019100]
Thu 26 Jan 2023 15:21:41 INFO  valid result: 
recall@10 : 0.0076    mrr@10 : 0.0191    ndcg@10 : 0.0089    hit@10 : 0.0742    precision@10 : 0.0084
Thu 26 Jan 2023 15:21:41 INFO  Saving current: saved/KGAT-Jan-26-2023_15-21-32.pth
Thu 26 Jan 2023 15:21:45 INFO  epoch 2 training [time: 3.99s, train_loss1: 26.6639, train_loss2: 31.1921]
Thu 26 Jan 2023 15:21:45 INFO  epoch 2 evaluating [time: 0.19s, valid_score: 0.020500]
Thu 26 Jan 2023 15:21:45 INFO  valid result: 
recall@10 : 0.0076    mrr@10 : 0.0205    ndcg@10 : 0.0091    hit@10 : 0.0753    precision@10 : 0.0085
Thu 26 Jan 2023 15:21:45 INFO  Saving current: saved/KGAT-Jan-26-2023_15-21-32.pth
Thu 26 Jan 2023 15:21:50 INFO  epoch 3 training [time: 4.30s, train_loss1: 26.5838, train_loss2: 31.1912]
Thu 26 Jan 2023 15:21:50 INFO  epoch 3 evaluating [time: 0.20s, valid_score: 0.021400]
Thu 26 Jan 2023 15:21:50 INFO  valid result: 
recall@10 : 0.0073    mrr@10 : 0.0214    ndcg@10 : 0.0093    hit@10 : 0.0742    precision@10 : 0.0085
Thu 26 Jan 2023 15:21:50 INFO  Saving current: saved/KGAT-Jan-26-2023_15-21-32.pth
Thu 26 Jan 2023 15:21:54 INFO  epoch 4 training [time: 4.28s, train_loss1: 26.4845, train_loss2: 31.1903]
Thu 26 Jan 2023 15:21:54 INFO  epoch 4 evaluating [time: 0.20s, valid_score: 0.017000]
Thu 26 Jan 2023 15:21:54 INFO  valid result: 
recall@10 : 0.0072    mrr@10 : 0.017    ndcg@10 : 0.0086    hit@10 : 0.0764    precision@10 : 0.0087
Thu 26 Jan 2023 15:21:58 INFO  epoch 5 training [time: 4.05s, train_loss1: 26.4001, train_loss2: 31.1896]
Thu 26 Jan 2023 15:21:59 INFO  epoch 5 evaluating [time: 0.20s, valid_score: 0.017000]
Thu 26 Jan 2023 15:21:59 INFO  valid result: 
recall@10 : 0.0071    mrr@10 : 0.017    ndcg@10 : 0.0085    hit@10 : 0.0721    precision@10 : 0.0083
Thu 26 Jan 2023 15:22:03 INFO  epoch 6 training [time: 4.16s, train_loss1: 26.2940, train_loss2: 31.1892]
Thu 26 Jan 2023 15:22:03 INFO  epoch 6 evaluating [time: 0.20s, valid_score: 0.019100]
Thu 26 Jan 2023 15:22:03 INFO  valid result: 
recall@10 : 0.0082    mrr@10 : 0.0191    ndcg@10 : 0.0094    hit@10 : 0.0827    precision@10 : 0.0092
Thu 26 Jan 2023 15:22:07 INFO  epoch 7 training [time: 4.16s, train_loss1: 26.2176, train_loss2: 31.1880]
Thu 26 Jan 2023 15:22:07 INFO  epoch 7 evaluating [time: 0.19s, valid_score: 0.021000]
Thu 26 Jan 2023 15:22:07 INFO  valid result: 
recall@10 : 0.0091    mrr@10 : 0.021    ndcg@10 : 0.0104    hit@10 : 0.0838    precision@10 : 0.0094
Thu 26 Jan 2023 15:22:11 INFO  epoch 8 training [time: 3.90s, train_loss1: 26.1531, train_loss2: 31.1875]
Thu 26 Jan 2023 15:22:11 INFO  epoch 8 evaluating [time: 0.19s, valid_score: 0.022900]
Thu 26 Jan 2023 15:22:11 INFO  valid result: 
recall@10 : 0.0093    mrr@10 : 0.0229    ndcg@10 : 0.0111    hit@10 : 0.0859    precision@10 : 0.0099
Thu 26 Jan 2023 15:22:11 INFO  Saving current: saved/KGAT-Jan-26-2023_15-21-32.pth
Thu 26 Jan 2023 15:22:16 INFO  epoch 9 training [time: 4.33s, train_loss1: 26.0593, train_loss2: 31.1867]
Thu 26 Jan 2023 15:22:16 INFO  epoch 9 evaluating [time: 0.19s, valid_score: 0.025400]
Thu 26 Jan 2023 15:22:16 INFO  valid result: 
recall@10 : 0.0107    mrr@10 : 0.0254    ndcg@10 : 0.0122    hit@10 : 0.0976    precision@10 : 0.011
Thu 26 Jan 2023 15:22:16 INFO  Saving current: saved/KGAT-Jan-26-2023_15-21-32.pth
Thu 26 Jan 2023 15:22:21 INFO  epoch 10 training [time: 4.66s, train_loss1: 25.9831, train_loss2: 31.1859]
Thu 26 Jan 2023 15:22:21 INFO  epoch 10 evaluating [time: 0.25s, valid_score: 0.025900]
Thu 26 Jan 2023 15:22:21 INFO  valid result: 
recall@10 : 0.0106    mrr@10 : 0.0259    ndcg@10 : 0.0119    hit@10 : 0.0912    precision@10 : 0.0103
Thu 26 Jan 2023 15:22:21 INFO  Saving current: saved/KGAT-Jan-26-2023_15-21-32.pth
Thu 26 Jan 2023 15:22:26 INFO  epoch 11 training [time: 5.39s, train_loss1: 25.9144, train_loss2: 31.1852]
Thu 26 Jan 2023 15:22:27 INFO  epoch 11 evaluating [time: 0.20s, valid_score: 0.026700]
Thu 26 Jan 2023 15:22:27 INFO  valid result: 
recall@10 : 0.0099    mrr@10 : 0.0267    ndcg@10 : 0.0117    hit@10 : 0.0923    precision@10 : 0.0101
Thu 26 Jan 2023 15:22:27 INFO  Saving current: saved/KGAT-Jan-26-2023_15-21-32.pth
Thu 26 Jan 2023 15:22:31 INFO  epoch 12 training [time: 3.95s, train_loss1: 25.7976, train_loss2: 31.1844]
Thu 26 Jan 2023 15:22:31 INFO  epoch 12 evaluating [time: 0.19s, valid_score: 0.029200]
Thu 26 Jan 2023 15:22:31 INFO  valid result: 
recall@10 : 0.0104    mrr@10 : 0.0292    ndcg@10 : 0.0126    hit@10 : 0.0976    precision@10 : 0.0108
Thu 26 Jan 2023 15:22:31 INFO  Saving current: saved/KGAT-Jan-26-2023_15-21-32.pth
Thu 26 Jan 2023 15:22:35 INFO  epoch 13 training [time: 4.30s, train_loss1: 25.7401, train_loss2: 31.1835]
Thu 26 Jan 2023 15:22:35 INFO  epoch 13 evaluating [time: 0.20s, valid_score: 0.029200]
Thu 26 Jan 2023 15:22:35 INFO  valid result: 
recall@10 : 0.011    mrr@10 : 0.0292    ndcg@10 : 0.0129    hit@10 : 0.1007    precision@10 : 0.011
Thu 26 Jan 2023 15:22:35 INFO  Saving current: saved/KGAT-Jan-26-2023_15-21-32.pth
Thu 26 Jan 2023 15:22:39 INFO  epoch 14 training [time: 4.09s, train_loss1: 25.6634, train_loss2: 31.1828]
Thu 26 Jan 2023 15:22:40 INFO  epoch 14 evaluating [time: 0.19s, valid_score: 0.029800]
Thu 26 Jan 2023 15:22:40 INFO  valid result: 
recall@10 : 0.0113    mrr@10 : 0.0298    ndcg@10 : 0.0133    hit@10 : 0.1018    precision@10 : 0.0113
Thu 26 Jan 2023 15:22:40 INFO  Saving current: saved/KGAT-Jan-26-2023_15-21-32.pth
Thu 26 Jan 2023 15:22:44 INFO  epoch 15 training [time: 4.43s, train_loss1: 25.5946, train_loss2: 31.1818]
Thu 26 Jan 2023 15:22:44 INFO  epoch 15 evaluating [time: 0.19s, valid_score: 0.032800]
Thu 26 Jan 2023 15:22:44 INFO  valid result: 
recall@10 : 0.0129    mrr@10 : 0.0328    ndcg@10 : 0.0149    hit@10 : 0.1145    precision@10 : 0.0128
Thu 26 Jan 2023 15:22:44 INFO  Saving current: saved/KGAT-Jan-26-2023_15-21-32.pth
Thu 26 Jan 2023 15:22:49 INFO  epoch 16 training [time: 4.32s, train_loss1: 25.5262, train_loss2: 31.1811]
Thu 26 Jan 2023 15:22:49 INFO  epoch 16 evaluating [time: 0.19s, valid_score: 0.031300]
Thu 26 Jan 2023 15:22:49 INFO  valid result: 
recall@10 : 0.013    mrr@10 : 0.0313    ndcg@10 : 0.0144    hit@10 : 0.1135    precision@10 : 0.0126
Thu 26 Jan 2023 15:22:53 INFO  epoch 17 training [time: 4.39s, train_loss1: 25.4646, train_loss2: 31.1801]
Thu 26 Jan 2023 15:22:53 INFO  epoch 17 evaluating [time: 0.19s, valid_score: 0.029900]
Thu 26 Jan 2023 15:22:53 INFO  valid result: 
recall@10 : 0.013    mrr@10 : 0.0299    ndcg@10 : 0.0141    hit@10 : 0.1156    precision@10 : 0.0129
Thu 26 Jan 2023 15:22:58 INFO  epoch 18 training [time: 4.39s, train_loss1: 25.4083, train_loss2: 31.1789]
Thu 26 Jan 2023 15:22:58 INFO  epoch 18 evaluating [time: 0.21s, valid_score: 0.031900]
Thu 26 Jan 2023 15:22:58 INFO  valid result: 
recall@10 : 0.0153    mrr@10 : 0.0319    ndcg@10 : 0.0156    hit@10 : 0.1241    precision@10 : 0.0139
Thu 26 Jan 2023 15:23:03 INFO  epoch 19 training [time: 4.50s, train_loss1: 25.3427, train_loss2: 31.1785]
Thu 26 Jan 2023 15:23:03 INFO  epoch 19 evaluating [time: 0.19s, valid_score: 0.029300]
Thu 26 Jan 2023 15:23:03 INFO  valid result: 
recall@10 : 0.012    mrr@10 : 0.0293    ndcg@10 : 0.0138    hit@10 : 0.1082    precision@10 : 0.0121
Thu 26 Jan 2023 15:23:07 INFO  epoch 20 training [time: 4.46s, train_loss1: 25.3010, train_loss2: 31.1777]
Thu 26 Jan 2023 15:23:07 INFO  epoch 20 evaluating [time: 0.19s, valid_score: 0.034900]
Thu 26 Jan 2023 15:23:07 INFO  valid result: 
recall@10 : 0.0139    mrr@10 : 0.0349    ndcg@10 : 0.0162    hit@10 : 0.1209    precision@10 : 0.0138
Thu 26 Jan 2023 15:23:07 INFO  Saving current: saved/KGAT-Jan-26-2023_15-21-32.pth
Thu 26 Jan 2023 15:23:12 INFO  epoch 21 training [time: 4.38s, train_loss1: 25.2274, train_loss2: 31.1774]
Thu 26 Jan 2023 15:23:12 INFO  epoch 21 evaluating [time: 0.20s, valid_score: 0.037600]
Thu 26 Jan 2023 15:23:12 INFO  valid result: 
recall@10 : 0.0136    mrr@10 : 0.0376    ndcg@10 : 0.0166    hit@10 : 0.1188    precision@10 : 0.014
Thu 26 Jan 2023 15:23:12 INFO  Saving current: saved/KGAT-Jan-26-2023_15-21-32.pth
Thu 26 Jan 2023 15:23:16 INFO  epoch 22 training [time: 4.35s, train_loss1: 25.1846, train_loss2: 31.1764]
Thu 26 Jan 2023 15:23:17 INFO  epoch 22 evaluating [time: 0.19s, valid_score: 0.035700]
Thu 26 Jan 2023 15:23:17 INFO  valid result: 
recall@10 : 0.0134    mrr@10 : 0.0357    ndcg@10 : 0.0158    hit@10 : 0.1241    precision@10 : 0.0137
Thu 26 Jan 2023 15:23:21 INFO  epoch 23 training [time: 4.39s, train_loss1: 25.1508, train_loss2: 31.1755]
Thu 26 Jan 2023 15:23:21 INFO  epoch 23 evaluating [time: 0.19s, valid_score: 0.037200]
Thu 26 Jan 2023 15:23:21 INFO  valid result: 
recall@10 : 0.0132    mrr@10 : 0.0372    ndcg@10 : 0.0165    hit@10 : 0.1347    precision@10 : 0.0154
Thu 26 Jan 2023 15:23:26 INFO  epoch 24 training [time: 4.40s, train_loss1: 25.0691, train_loss2: 31.1750]
Thu 26 Jan 2023 15:23:26 INFO  epoch 24 evaluating [time: 0.19s, valid_score: 0.032400]
Thu 26 Jan 2023 15:23:26 INFO  valid result: 
recall@10 : 0.0141    mrr@10 : 0.0324    ndcg@10 : 0.0154    hit@10 : 0.1251    precision@10 : 0.0141
Thu 26 Jan 2023 15:23:30 INFO  epoch 25 training [time: 4.46s, train_loss1: 25.0272, train_loss2: 31.1733]
Thu 26 Jan 2023 15:23:30 INFO  epoch 25 evaluating [time: 0.19s, valid_score: 0.034000]
Thu 26 Jan 2023 15:23:30 INFO  valid result: 
recall@10 : 0.0153    mrr@10 : 0.034    ndcg@10 : 0.0164    hit@10 : 0.1326    precision@10 : 0.0151
Thu 26 Jan 2023 15:23:34 INFO  epoch 26 training [time: 3.88s, train_loss1: 24.9713, train_loss2: 31.1730]
Thu 26 Jan 2023 15:23:35 INFO  epoch 26 evaluating [time: 0.20s, valid_score: 0.035800]
Thu 26 Jan 2023 15:23:35 INFO  valid result: 
recall@10 : 0.014    mrr@10 : 0.0358    ndcg@10 : 0.0165    hit@10 : 0.1315    precision@10 : 0.015
Thu 26 Jan 2023 15:23:39 INFO  epoch 27 training [time: 4.36s, train_loss1: 24.9291, train_loss2: 31.1719]
Thu 26 Jan 2023 15:23:39 INFO  epoch 27 evaluating [time: 0.19s, valid_score: 0.037600]
Thu 26 Jan 2023 15:23:39 INFO  valid result: 
recall@10 : 0.0161    mrr@10 : 0.0376    ndcg@10 : 0.0178    hit@10 : 0.1379    precision@10 : 0.0159
Thu 26 Jan 2023 15:23:39 INFO  Saving current: saved/KGAT-Jan-26-2023_15-21-32.pth
Thu 26 Jan 2023 15:23:44 INFO  epoch 28 training [time: 4.42s, train_loss1: 24.8967, train_loss2: 31.1710]
Thu 26 Jan 2023 15:23:44 INFO  epoch 28 evaluating [time: 0.19s, valid_score: 0.041500]
Thu 26 Jan 2023 15:23:44 INFO  valid result: 
recall@10 : 0.0178    mrr@10 : 0.0415    ndcg@10 : 0.0193    hit@10 : 0.1432    precision@10 : 0.0165
Thu 26 Jan 2023 15:23:44 INFO  Saving current: saved/KGAT-Jan-26-2023_15-21-32.pth
Thu 26 Jan 2023 15:23:48 INFO  epoch 29 training [time: 4.39s, train_loss1: 24.8494, train_loss2: 31.1700]
Thu 26 Jan 2023 15:23:48 INFO  epoch 29 evaluating [time: 0.19s, valid_score: 0.039500]
Thu 26 Jan 2023 15:23:48 INFO  valid result: 
recall@10 : 0.0162    mrr@10 : 0.0395    ndcg@10 : 0.0184    hit@10 : 0.1389    precision@10 : 0.0161
Thu 26 Jan 2023 15:23:53 INFO  epoch 30 training [time: 4.48s, train_loss1: 24.7861, train_loss2: 31.1695]
Thu 26 Jan 2023 15:23:53 INFO  epoch 30 evaluating [time: 0.19s, valid_score: 0.040100]
Thu 26 Jan 2023 15:23:53 INFO  valid result: 
recall@10 : 0.0177    mrr@10 : 0.0401    ndcg@10 : 0.0193    hit@10 : 0.1495    precision@10 : 0.0176
Thu 26 Jan 2023 15:23:57 INFO  epoch 31 training [time: 4.39s, train_loss1: 24.7355, train_loss2: 31.1683]
Thu 26 Jan 2023 15:23:58 INFO  epoch 31 evaluating [time: 0.19s, valid_score: 0.040500]
Thu 26 Jan 2023 15:23:58 INFO  valid result: 
recall@10 : 0.0166    mrr@10 : 0.0405    ndcg@10 : 0.0186    hit@10 : 0.1474    precision@10 : 0.0168
Thu 26 Jan 2023 15:24:02 INFO  epoch 32 training [time: 4.44s, train_loss1: 24.6901, train_loss2: 31.1672]
Thu 26 Jan 2023 15:24:02 INFO  epoch 32 evaluating [time: 0.20s, valid_score: 0.045100]
Thu 26 Jan 2023 15:24:02 INFO  valid result: 
recall@10 : 0.0169    mrr@10 : 0.0451    ndcg@10 : 0.0206    hit@10 : 0.1506    precision@10 : 0.0185
Thu 26 Jan 2023 15:24:02 INFO  Saving current: saved/KGAT-Jan-26-2023_15-21-32.pth
Thu 26 Jan 2023 15:24:06 INFO  epoch 33 training [time: 3.98s, train_loss1: 24.6327, train_loss2: 31.1665]
Thu 26 Jan 2023 15:24:07 INFO  epoch 33 evaluating [time: 0.19s, valid_score: 0.045000]
Thu 26 Jan 2023 15:24:07 INFO  valid result: 
recall@10 : 0.0196    mrr@10 : 0.045    ndcg@10 : 0.0213    hit@10 : 0.1622    precision@10 : 0.0192
Thu 26 Jan 2023 15:24:11 INFO  epoch 34 training [time: 4.42s, train_loss1: 24.5703, train_loss2: 31.1654]
Thu 26 Jan 2023 15:24:11 INFO  epoch 34 evaluating [time: 0.19s, valid_score: 0.045200]
Thu 26 Jan 2023 15:24:11 INFO  valid result: 
recall@10 : 0.0188    mrr@10 : 0.0452    ndcg@10 : 0.0214    hit@10 : 0.1612    precision@10 : 0.0198
Thu 26 Jan 2023 15:24:11 INFO  Saving current: saved/KGAT-Jan-26-2023_15-21-32.pth
Thu 26 Jan 2023 15:24:16 INFO  epoch 35 training [time: 4.43s, train_loss1: 24.5099, train_loss2: 31.1641]
Thu 26 Jan 2023 15:24:16 INFO  epoch 35 evaluating [time: 0.19s, valid_score: 0.049700]
Thu 26 Jan 2023 15:24:16 INFO  valid result: 
recall@10 : 0.0175    mrr@10 : 0.0497    ndcg@10 : 0.0217    hit@10 : 0.1718    precision@10 : 0.0198
Thu 26 Jan 2023 15:24:16 INFO  Saving current: saved/KGAT-Jan-26-2023_15-21-32.pth
Thu 26 Jan 2023 15:24:20 INFO  epoch 36 training [time: 3.84s, train_loss1: 24.4421, train_loss2: 31.1635]
Thu 26 Jan 2023 15:24:20 INFO  epoch 36 evaluating [time: 0.20s, valid_score: 0.049400]
Thu 26 Jan 2023 15:24:20 INFO  valid result: 
recall@10 : 0.0189    mrr@10 : 0.0494    ndcg@10 : 0.0223    hit@10 : 0.1686    precision@10 : 0.0203
Thu 26 Jan 2023 15:24:24 INFO  epoch 37 training [time: 4.17s, train_loss1: 24.3686, train_loss2: 31.1622]
Thu 26 Jan 2023 15:24:24 INFO  epoch 37 evaluating [time: 0.19s, valid_score: 0.051700]
Thu 26 Jan 2023 15:24:24 INFO  valid result: 
recall@10 : 0.0193    mrr@10 : 0.0517    ndcg@10 : 0.0238    hit@10 : 0.176    precision@10 : 0.0216
Thu 26 Jan 2023 15:24:24 INFO  Saving current: saved/KGAT-Jan-26-2023_15-21-32.pth
Thu 26 Jan 2023 15:24:28 INFO  epoch 38 training [time: 4.14s, train_loss1: 24.2873, train_loss2: 31.1615]
Thu 26 Jan 2023 15:24:29 INFO  epoch 38 evaluating [time: 0.19s, valid_score: 0.050800]
Thu 26 Jan 2023 15:24:29 INFO  valid result: 
recall@10 : 0.0193    mrr@10 : 0.0508    ndcg@10 : 0.0231    hit@10 : 0.1707    precision@10 : 0.0207
Thu 26 Jan 2023 15:24:33 INFO  epoch 39 training [time: 4.54s, train_loss1: 24.2363, train_loss2: 31.1605]
Thu 26 Jan 2023 15:24:33 INFO  epoch 39 evaluating [time: 0.20s, valid_score: 0.052300]
Thu 26 Jan 2023 15:24:33 INFO  valid result: 
recall@10 : 0.0184    mrr@10 : 0.0523    ndcg@10 : 0.0236    hit@10 : 0.1718    precision@10 : 0.0212
Thu 26 Jan 2023 15:24:33 INFO  Saving current: saved/KGAT-Jan-26-2023_15-21-32.pth
Thu 26 Jan 2023 15:24:38 INFO  epoch 40 training [time: 4.41s, train_loss1: 24.1212, train_loss2: 31.1591]
Thu 26 Jan 2023 15:24:38 INFO  epoch 40 evaluating [time: 0.22s, valid_score: 0.050200]
Thu 26 Jan 2023 15:24:38 INFO  valid result: 
recall@10 : 0.0202    mrr@10 : 0.0502    ndcg@10 : 0.0236    hit@10 : 0.176    precision@10 : 0.0217
Thu 26 Jan 2023 15:24:43 INFO  epoch 41 training [time: 4.42s, train_loss1: 24.0341, train_loss2: 31.1583]
Thu 26 Jan 2023 15:24:43 INFO  epoch 41 evaluating [time: 0.19s, valid_score: 0.053000]
Thu 26 Jan 2023 15:24:43 INFO  valid result: 
recall@10 : 0.0201    mrr@10 : 0.053    ndcg@10 : 0.0251    hit@10 : 0.1835    precision@10 : 0.0226
Thu 26 Jan 2023 15:24:43 INFO  Saving current: saved/KGAT-Jan-26-2023_15-21-32.pth
Thu 26 Jan 2023 15:24:47 INFO  epoch 42 training [time: 4.40s, train_loss1: 23.8615, train_loss2: 31.1569]
Thu 26 Jan 2023 15:24:47 INFO  epoch 42 evaluating [time: 0.20s, valid_score: 0.053900]
Thu 26 Jan 2023 15:24:47 INFO  valid result: 
recall@10 : 0.0202    mrr@10 : 0.0539    ndcg@10 : 0.025    hit@10 : 0.175    precision@10 : 0.0224
Thu 26 Jan 2023 15:24:47 INFO  Saving current: saved/KGAT-Jan-26-2023_15-21-32.pth
Thu 26 Jan 2023 15:24:52 INFO  epoch 43 training [time: 4.41s, train_loss1: 23.6856, train_loss2: 31.1562]
Thu 26 Jan 2023 15:24:52 INFO  epoch 43 evaluating [time: 0.20s, valid_score: 0.052200]
Thu 26 Jan 2023 15:24:52 INFO  valid result: 
recall@10 : 0.0219    mrr@10 : 0.0522    ndcg@10 : 0.0253    hit@10 : 0.1824    precision@10 : 0.0229
Thu 26 Jan 2023 15:24:56 INFO  epoch 44 training [time: 4.38s, train_loss1: 23.5392, train_loss2: 31.1551]
Thu 26 Jan 2023 15:24:57 INFO  epoch 44 evaluating [time: 0.19s, valid_score: 0.061800]
Thu 26 Jan 2023 15:24:57 INFO  valid result: 
recall@10 : 0.0239    mrr@10 : 0.0618    ndcg@10 : 0.0288    hit@10 : 0.1983    precision@10 : 0.0256
Thu 26 Jan 2023 15:24:57 INFO  Saving current: saved/KGAT-Jan-26-2023_15-21-32.pth
Thu 26 Jan 2023 15:25:01 INFO  epoch 45 training [time: 4.39s, train_loss1: 23.3633, train_loss2: 31.1536]
Thu 26 Jan 2023 15:25:01 INFO  epoch 45 evaluating [time: 0.20s, valid_score: 0.057000]
Thu 26 Jan 2023 15:25:01 INFO  valid result: 
recall@10 : 0.0231    mrr@10 : 0.057    ndcg@10 : 0.0274    hit@10 : 0.1962    precision@10 : 0.025
Thu 26 Jan 2023 15:25:06 INFO  epoch 46 training [time: 4.35s, train_loss1: 23.1694, train_loss2: 31.1523]
Thu 26 Jan 2023 15:25:06 INFO  epoch 46 evaluating [time: 0.20s, valid_score: 0.059000]
Thu 26 Jan 2023 15:25:06 INFO  valid result: 
recall@10 : 0.0244    mrr@10 : 0.059    ndcg@10 : 0.029    hit@10 : 0.1951    precision@10 : 0.0259
Thu 26 Jan 2023 15:25:10 INFO  epoch 47 training [time: 4.42s, train_loss1: 23.0118, train_loss2: 31.1509]
Thu 26 Jan 2023 15:25:10 INFO  epoch 47 evaluating [time: 0.19s, valid_score: 0.062900]
Thu 26 Jan 2023 15:25:10 INFO  valid result: 
recall@10 : 0.0261    mrr@10 : 0.0629    ndcg@10 : 0.0304    hit@10 : 0.2057    precision@10 : 0.0266
Thu 26 Jan 2023 15:25:10 INFO  Saving current: saved/KGAT-Jan-26-2023_15-21-32.pth
Thu 26 Jan 2023 15:25:15 INFO  epoch 48 training [time: 4.49s, train_loss1: 22.8265, train_loss2: 31.1492]
Thu 26 Jan 2023 15:25:15 INFO  epoch 48 evaluating [time: 0.19s, valid_score: 0.064300]
Thu 26 Jan 2023 15:25:15 INFO  valid result: 
recall@10 : 0.0278    mrr@10 : 0.0643    ndcg@10 : 0.0314    hit@10 : 0.2174    precision@10 : 0.0283
Thu 26 Jan 2023 15:25:15 INFO  Saving current: saved/KGAT-Jan-26-2023_15-21-32.pth
Thu 26 Jan 2023 15:25:19 INFO  epoch 49 training [time: 4.29s, train_loss1: 22.6403, train_loss2: 31.1486]
Thu 26 Jan 2023 15:25:20 INFO  epoch 49 evaluating [time: 0.20s, valid_score: 0.064500]
Thu 26 Jan 2023 15:25:20 INFO  valid result: 
recall@10 : 0.0252    mrr@10 : 0.0645    ndcg@10 : 0.0304    hit@10 : 0.2057    precision@10 : 0.027
Thu 26 Jan 2023 15:25:20 INFO  Saving current: saved/KGAT-Jan-26-2023_15-21-32.pth
Thu 26 Jan 2023 15:25:24 INFO  epoch 50 training [time: 4.29s, train_loss1: 22.4277, train_loss2: 31.1468]
Thu 26 Jan 2023 15:25:24 INFO  epoch 50 evaluating [time: 0.19s, valid_score: 0.068500]
Thu 26 Jan 2023 15:25:24 INFO  valid result: 
recall@10 : 0.0276    mrr@10 : 0.0685    ndcg@10 : 0.0313    hit@10 : 0.2163    precision@10 : 0.027
Thu 26 Jan 2023 15:25:24 INFO  Saving current: saved/KGAT-Jan-26-2023_15-21-32.pth
Thu 26 Jan 2023 15:25:29 INFO  epoch 51 training [time: 4.30s, train_loss1: 22.2605, train_loss2: 31.1457]
Thu 26 Jan 2023 15:25:29 INFO  epoch 51 evaluating [time: 0.21s, valid_score: 0.071900]
Thu 26 Jan 2023 15:25:29 INFO  valid result: 
recall@10 : 0.0289    mrr@10 : 0.0719    ndcg@10 : 0.0338    hit@10 : 0.228    precision@10 : 0.0297
Thu 26 Jan 2023 15:25:29 INFO  Saving current: saved/KGAT-Jan-26-2023_15-21-32.pth
Thu 26 Jan 2023 15:25:34 INFO  epoch 52 training [time: 4.65s, train_loss1: 22.0681, train_loss2: 31.1445]
Thu 26 Jan 2023 15:25:34 INFO  epoch 52 evaluating [time: 0.24s, valid_score: 0.063500]
Thu 26 Jan 2023 15:25:34 INFO  valid result: 
recall@10 : 0.0258    mrr@10 : 0.0635    ndcg@10 : 0.0308    hit@10 : 0.21    precision@10 : 0.0278
Thu 26 Jan 2023 15:25:39 INFO  epoch 53 training [time: 5.43s, train_loss1: 21.9047, train_loss2: 31.1430]
Thu 26 Jan 2023 15:25:39 INFO  epoch 53 evaluating [time: 0.24s, valid_score: 0.072700]
Thu 26 Jan 2023 15:25:39 INFO  valid result: 
recall@10 : 0.0307    mrr@10 : 0.0727    ndcg@10 : 0.035    hit@10 : 0.228    precision@10 : 0.0303
Thu 26 Jan 2023 15:25:40 INFO  Saving current: saved/KGAT-Jan-26-2023_15-21-32.pth
Thu 26 Jan 2023 15:25:45 INFO  epoch 54 training [time: 5.60s, train_loss1: 21.7224, train_loss2: 31.1408]
Thu 26 Jan 2023 15:25:45 INFO  epoch 54 evaluating [time: 0.24s, valid_score: 0.070400]
Thu 26 Jan 2023 15:25:45 INFO  valid result: 
recall@10 : 0.0274    mrr@10 : 0.0704    ndcg@10 : 0.0332    hit@10 : 0.2131    precision@10 : 0.0291
Thu 26 Jan 2023 15:25:51 INFO  epoch 55 training [time: 5.27s, train_loss1: 21.5745, train_loss2: 31.1395]
Thu 26 Jan 2023 15:25:51 INFO  epoch 55 evaluating [time: 0.23s, valid_score: 0.072600]
Thu 26 Jan 2023 15:25:51 INFO  valid result: 
recall@10 : 0.0299    mrr@10 : 0.0726    ndcg@10 : 0.0347    hit@10 : 0.2238    precision@10 : 0.0302
Thu 26 Jan 2023 15:25:55 INFO  epoch 56 training [time: 4.18s, train_loss1: 21.4990, train_loss2: 31.1381]
Thu 26 Jan 2023 15:25:55 INFO  epoch 56 evaluating [time: 0.19s, valid_score: 0.070800]
Thu 26 Jan 2023 15:25:55 INFO  valid result: 
recall@10 : 0.0286    mrr@10 : 0.0708    ndcg@10 : 0.0346    hit@10 : 0.2227    precision@10 : 0.0308
Thu 26 Jan 2023 15:25:59 INFO  epoch 57 training [time: 4.15s, train_loss1: 21.3618, train_loss2: 31.1364]
Thu 26 Jan 2023 15:26:00 INFO  epoch 57 evaluating [time: 0.19s, valid_score: 0.073300]
Thu 26 Jan 2023 15:26:00 INFO  valid result: 
recall@10 : 0.0312    mrr@10 : 0.0733    ndcg@10 : 0.0355    hit@10 : 0.2354    precision@10 : 0.0315
Thu 26 Jan 2023 15:26:00 INFO  Saving current: saved/KGAT-Jan-26-2023_15-21-32.pth
Thu 26 Jan 2023 15:26:04 INFO  epoch 58 training [time: 4.16s, train_loss1: 21.1973, train_loss2: 31.1348]
Thu 26 Jan 2023 15:26:04 INFO  epoch 58 evaluating [time: 0.20s, valid_score: 0.075100]
Thu 26 Jan 2023 15:26:04 INFO  valid result: 
recall@10 : 0.032    mrr@10 : 0.0751    ndcg@10 : 0.0361    hit@10 : 0.2397    precision@10 : 0.0315
Thu 26 Jan 2023 15:26:04 INFO  Saving current: saved/KGAT-Jan-26-2023_15-21-32.pth
Thu 26 Jan 2023 15:26:08 INFO  epoch 59 training [time: 3.67s, train_loss1: 21.1336, train_loss2: 31.1332]
Thu 26 Jan 2023 15:26:08 INFO  epoch 59 evaluating [time: 0.19s, valid_score: 0.078700]
Thu 26 Jan 2023 15:26:08 INFO  valid result: 
recall@10 : 0.0322    mrr@10 : 0.0787    ndcg@10 : 0.0369    hit@10 : 0.2397    precision@10 : 0.0319
Thu 26 Jan 2023 15:26:08 INFO  Saving current: saved/KGAT-Jan-26-2023_15-21-32.pth
Thu 26 Jan 2023 15:26:12 INFO  epoch 60 training [time: 3.70s, train_loss1: 20.9655, train_loss2: 31.1314]
Thu 26 Jan 2023 15:26:12 INFO  epoch 60 evaluating [time: 0.19s, valid_score: 0.080500]
Thu 26 Jan 2023 15:26:12 INFO  valid result: 
recall@10 : 0.033    mrr@10 : 0.0805    ndcg@10 : 0.0382    hit@10 : 0.2534    precision@10 : 0.0337
Thu 26 Jan 2023 15:26:12 INFO  Saving current: saved/KGAT-Jan-26-2023_15-21-32.pth
Thu 26 Jan 2023 15:26:16 INFO  epoch 61 training [time: 3.66s, train_loss1: 20.9286, train_loss2: 31.1296]
Thu 26 Jan 2023 15:26:16 INFO  epoch 61 evaluating [time: 0.19s, valid_score: 0.076300]
Thu 26 Jan 2023 15:26:16 INFO  valid result: 
recall@10 : 0.0323    mrr@10 : 0.0763    ndcg@10 : 0.0376    hit@10 : 0.2397    precision@10 : 0.0335
Thu 26 Jan 2023 15:26:20 INFO  epoch 62 training [time: 4.48s, train_loss1: 20.8329, train_loss2: 31.1277]
Thu 26 Jan 2023 15:26:20 INFO  epoch 62 evaluating [time: 0.20s, valid_score: 0.075100]
Thu 26 Jan 2023 15:26:20 INFO  valid result: 
recall@10 : 0.0313    mrr@10 : 0.0751    ndcg@10 : 0.0363    hit@10 : 0.2418    precision@10 : 0.0321
Thu 26 Jan 2023 15:26:25 INFO  epoch 63 training [time: 4.17s, train_loss1: 20.7797, train_loss2: 31.1257]
Thu 26 Jan 2023 15:26:25 INFO  epoch 63 evaluating [time: 0.20s, valid_score: 0.075800]
Thu 26 Jan 2023 15:26:25 INFO  valid result: 
recall@10 : 0.033    mrr@10 : 0.0758    ndcg@10 : 0.0374    hit@10 : 0.2439    precision@10 : 0.0336
Thu 26 Jan 2023 15:26:29 INFO  epoch 64 training [time: 4.25s, train_loss1: 20.7550, train_loss2: 31.1241]
Thu 26 Jan 2023 15:26:29 INFO  epoch 64 evaluating [time: 0.19s, valid_score: 0.080500]
Thu 26 Jan 2023 15:26:29 INFO  valid result: 
recall@10 : 0.0306    mrr@10 : 0.0805    ndcg@10 : 0.0367    hit@10 : 0.2301    precision@10 : 0.0313
Thu 26 Jan 2023 15:26:29 INFO  Saving current: saved/KGAT-Jan-26-2023_15-21-32.pth
Thu 26 Jan 2023 15:26:34 INFO  epoch 65 training [time: 4.31s, train_loss1: 20.6123, train_loss2: 31.1222]
Thu 26 Jan 2023 15:26:34 INFO  epoch 65 evaluating [time: 0.20s, valid_score: 0.080800]
Thu 26 Jan 2023 15:26:34 INFO  valid result: 
recall@10 : 0.0292    mrr@10 : 0.0808    ndcg@10 : 0.0367    hit@10 : 0.2386    precision@10 : 0.0317
Thu 26 Jan 2023 15:26:34 INFO  Saving current: saved/KGAT-Jan-26-2023_15-21-32.pth
Thu 26 Jan 2023 15:26:38 INFO  epoch 66 training [time: 4.37s, train_loss1: 20.5744, train_loss2: 31.1202]
Thu 26 Jan 2023 15:26:38 INFO  epoch 66 evaluating [time: 0.19s, valid_score: 0.077700]
Thu 26 Jan 2023 15:26:38 INFO  valid result: 
recall@10 : 0.0308    mrr@10 : 0.0777    ndcg@10 : 0.0372    hit@10 : 0.245    precision@10 : 0.033
Thu 26 Jan 2023 15:26:42 INFO  epoch 67 training [time: 3.99s, train_loss1: 20.5188, train_loss2: 31.1183]
Thu 26 Jan 2023 15:26:43 INFO  epoch 67 evaluating [time: 0.19s, valid_score: 0.078200]
Thu 26 Jan 2023 15:26:43 INFO  valid result: 
recall@10 : 0.0304    mrr@10 : 0.0782    ndcg@10 : 0.0372    hit@10 : 0.2344    precision@10 : 0.0326
Thu 26 Jan 2023 15:26:47 INFO  epoch 68 training [time: 4.32s, train_loss1: 20.4784, train_loss2: 31.1162]
Thu 26 Jan 2023 15:26:47 INFO  epoch 68 evaluating [time: 0.19s, valid_score: 0.080700]
Thu 26 Jan 2023 15:26:47 INFO  valid result: 
recall@10 : 0.0312    mrr@10 : 0.0807    ndcg@10 : 0.0381    hit@10 : 0.2439    precision@10 : 0.0333
Thu 26 Jan 2023 15:26:52 INFO  epoch 69 training [time: 4.41s, train_loss1: 20.3852, train_loss2: 31.1139]
Thu 26 Jan 2023 15:26:52 INFO  epoch 69 evaluating [time: 0.19s, valid_score: 0.073900]
Thu 26 Jan 2023 15:26:52 INFO  valid result: 
recall@10 : 0.0295    mrr@10 : 0.0739    ndcg@10 : 0.0358    hit@10 : 0.2344    precision@10 : 0.0316
Thu 26 Jan 2023 15:26:56 INFO  epoch 70 training [time: 4.04s, train_loss1: 20.3061, train_loss2: 31.1123]
Thu 26 Jan 2023 15:26:56 INFO  epoch 70 evaluating [time: 0.19s, valid_score: 0.079100]
Thu 26 Jan 2023 15:26:56 INFO  valid result: 
recall@10 : 0.0315    mrr@10 : 0.0791    ndcg@10 : 0.0372    hit@10 : 0.2375    precision@10 : 0.0319
Thu 26 Jan 2023 15:27:00 INFO  epoch 71 training [time: 4.27s, train_loss1: 20.2730, train_loss2: 31.1100]
Thu 26 Jan 2023 15:27:00 INFO  epoch 71 evaluating [time: 0.20s, valid_score: 0.080000]
Thu 26 Jan 2023 15:27:00 INFO  valid result: 
recall@10 : 0.0316    mrr@10 : 0.08    ndcg@10 : 0.0382    hit@10 : 0.2407    precision@10 : 0.0331
Thu 26 Jan 2023 15:27:04 INFO  epoch 72 training [time: 3.85s, train_loss1: 20.2241, train_loss2: 31.1082]
Thu 26 Jan 2023 15:27:05 INFO  epoch 72 evaluating [time: 0.20s, valid_score: 0.077800]
Thu 26 Jan 2023 15:27:05 INFO  valid result: 
recall@10 : 0.0307    mrr@10 : 0.0778    ndcg@10 : 0.0365    hit@10 : 0.2386    precision@10 : 0.0321
Thu 26 Jan 2023 15:27:09 INFO  epoch 73 training [time: 4.43s, train_loss1: 20.2115, train_loss2: 31.1060]
Thu 26 Jan 2023 15:27:09 INFO  epoch 73 evaluating [time: 0.19s, valid_score: 0.080600]
Thu 26 Jan 2023 15:27:09 INFO  valid result: 
recall@10 : 0.0321    mrr@10 : 0.0806    ndcg@10 : 0.0377    hit@10 : 0.2397    precision@10 : 0.032
Thu 26 Jan 2023 15:27:14 INFO  epoch 74 training [time: 4.36s, train_loss1: 20.1143, train_loss2: 31.1034]
Thu 26 Jan 2023 15:27:14 INFO  epoch 74 evaluating [time: 0.19s, valid_score: 0.082200]
Thu 26 Jan 2023 15:27:14 INFO  valid result: 
recall@10 : 0.031    mrr@10 : 0.0822    ndcg@10 : 0.0379    hit@10 : 0.2503    precision@10 : 0.0328
Thu 26 Jan 2023 15:27:14 INFO  Saving current: saved/KGAT-Jan-26-2023_15-21-32.pth
Thu 26 Jan 2023 15:27:19 INFO  epoch 75 training [time: 5.55s, train_loss1: 20.0842, train_loss2: 31.1014]
Thu 26 Jan 2023 15:27:20 INFO  epoch 75 evaluating [time: 0.25s, valid_score: 0.080000]
Thu 26 Jan 2023 15:27:20 INFO  valid result: 
recall@10 : 0.0325    mrr@10 : 0.08    ndcg@10 : 0.0382    hit@10 : 0.2513    precision@10 : 0.0332
Thu 26 Jan 2023 15:27:24 INFO  epoch 76 training [time: 4.44s, train_loss1: 20.0723, train_loss2: 31.0995]
Thu 26 Jan 2023 15:27:24 INFO  epoch 76 evaluating [time: 0.19s, valid_score: 0.078800]
Thu 26 Jan 2023 15:27:24 INFO  valid result: 
recall@10 : 0.0299    mrr@10 : 0.0788    ndcg@10 : 0.0368    hit@10 : 0.2397    precision@10 : 0.0322
Thu 26 Jan 2023 15:27:29 INFO  epoch 77 training [time: 4.57s, train_loss1: 20.0807, train_loss2: 31.0969]
Thu 26 Jan 2023 15:27:29 INFO  epoch 77 evaluating [time: 0.25s, valid_score: 0.076800]
Thu 26 Jan 2023 15:27:29 INFO  valid result: 
recall@10 : 0.0314    mrr@10 : 0.0768    ndcg@10 : 0.0366    hit@10 : 0.2471    precision@10 : 0.0323
Thu 26 Jan 2023 15:27:33 INFO  epoch 78 training [time: 4.34s, train_loss1: 19.9971, train_loss2: 31.0943]
Thu 26 Jan 2023 15:27:34 INFO  epoch 78 evaluating [time: 0.19s, valid_score: 0.076700]
Thu 26 Jan 2023 15:27:34 INFO  valid result: 
recall@10 : 0.0308    mrr@10 : 0.0767    ndcg@10 : 0.0372    hit@10 : 0.2439    precision@10 : 0.0331
Thu 26 Jan 2023 15:27:37 INFO  epoch 79 training [time: 3.49s, train_loss1: 19.9703, train_loss2: 31.0923]
Thu 26 Jan 2023 15:27:37 INFO  epoch 79 evaluating [time: 0.19s, valid_score: 0.082500]
Thu 26 Jan 2023 15:27:37 INFO  valid result: 
recall@10 : 0.0321    mrr@10 : 0.0825    ndcg@10 : 0.0389    hit@10 : 0.2503    precision@10 : 0.0343
Thu 26 Jan 2023 15:27:38 INFO  Saving current: saved/KGAT-Jan-26-2023_15-21-32.pth
Thu 26 Jan 2023 15:27:41 INFO  epoch 80 training [time: 3.57s, train_loss1: 19.9175, train_loss2: 31.0899]
Thu 26 Jan 2023 15:27:42 INFO  epoch 80 evaluating [time: 0.19s, valid_score: 0.075900]
Thu 26 Jan 2023 15:27:42 INFO  valid result: 
recall@10 : 0.031    mrr@10 : 0.0759    ndcg@10 : 0.0371    hit@10 : 0.2418    precision@10 : 0.0329
Thu 26 Jan 2023 15:27:45 INFO  epoch 81 training [time: 3.53s, train_loss1: 19.8532, train_loss2: 31.0871]
Thu 26 Jan 2023 15:27:45 INFO  epoch 81 evaluating [time: 0.19s, valid_score: 0.076500]
Thu 26 Jan 2023 15:27:45 INFO  valid result: 
recall@10 : 0.0306    mrr@10 : 0.0765    ndcg@10 : 0.0369    hit@10 : 0.2428    precision@10 : 0.0331
Thu 26 Jan 2023 15:27:49 INFO  epoch 82 training [time: 3.67s, train_loss1: 19.8182, train_loss2: 31.0845]
Thu 26 Jan 2023 15:27:49 INFO  epoch 82 evaluating [time: 0.20s, valid_score: 0.078600]
Thu 26 Jan 2023 15:27:49 INFO  valid result: 
recall@10 : 0.0325    mrr@10 : 0.0786    ndcg@10 : 0.0385    hit@10 : 0.2556    precision@10 : 0.0347
Thu 26 Jan 2023 15:27:53 INFO  epoch 83 training [time: 3.54s, train_loss1: 19.8234, train_loss2: 31.0819]
Thu 26 Jan 2023 15:27:53 INFO  epoch 83 evaluating [time: 0.19s, valid_score: 0.080000]
Thu 26 Jan 2023 15:27:53 INFO  valid result: 
recall@10 : 0.0315    mrr@10 : 0.08    ndcg@10 : 0.0385    hit@10 : 0.2513    precision@10 : 0.0338
Thu 26 Jan 2023 15:27:56 INFO  epoch 84 training [time: 3.54s, train_loss1: 19.8109, train_loss2: 31.0797]
Thu 26 Jan 2023 15:27:57 INFO  epoch 84 evaluating [time: 0.19s, valid_score: 0.076200]
Thu 26 Jan 2023 15:27:57 INFO  valid result: 
recall@10 : 0.0311    mrr@10 : 0.0762    ndcg@10 : 0.0375    hit@10 : 0.2471    precision@10 : 0.0332
Thu 26 Jan 2023 15:28:00 INFO  epoch 85 training [time: 3.64s, train_loss1: 19.7898, train_loss2: 31.0772]
Thu 26 Jan 2023 15:28:00 INFO  epoch 85 evaluating [time: 0.19s, valid_score: 0.078600]
Thu 26 Jan 2023 15:28:00 INFO  valid result: 
recall@10 : 0.0321    mrr@10 : 0.0786    ndcg@10 : 0.0381    hit@10 : 0.2386    precision@10 : 0.0331
Thu 26 Jan 2023 15:28:04 INFO  epoch 86 training [time: 3.71s, train_loss1: 19.7402, train_loss2: 31.0739]
Thu 26 Jan 2023 15:28:04 INFO  epoch 86 evaluating [time: 0.19s, valid_score: 0.079800]
Thu 26 Jan 2023 15:28:04 INFO  valid result: 
recall@10 : 0.033    mrr@10 : 0.0798    ndcg@10 : 0.0392    hit@10 : 0.2545    precision@10 : 0.0348
Thu 26 Jan 2023 15:28:08 INFO  epoch 87 training [time: 3.73s, train_loss1: 19.7529, train_loss2: 31.0710]
Thu 26 Jan 2023 15:28:08 INFO  epoch 87 evaluating [time: 0.19s, valid_score: 0.076700]
Thu 26 Jan 2023 15:28:08 INFO  valid result: 
recall@10 : 0.032    mrr@10 : 0.0767    ndcg@10 : 0.0379    hit@10 : 0.2545    precision@10 : 0.0344
Thu 26 Jan 2023 15:28:12 INFO  epoch 88 training [time: 3.68s, train_loss1: 19.6441, train_loss2: 31.0685]
Thu 26 Jan 2023 15:28:12 INFO  epoch 88 evaluating [time: 0.19s, valid_score: 0.075200]
Thu 26 Jan 2023 15:28:12 INFO  valid result: 
recall@10 : 0.0322    mrr@10 : 0.0752    ndcg@10 : 0.038    hit@10 : 0.2492    precision@10 : 0.0343
Thu 26 Jan 2023 15:28:16 INFO  epoch 89 training [time: 3.71s, train_loss1: 19.6148, train_loss2: 31.0659]
Thu 26 Jan 2023 15:28:16 INFO  epoch 89 evaluating [time: 0.19s, valid_score: 0.071900]
Thu 26 Jan 2023 15:28:16 INFO  valid result: 
recall@10 : 0.0297    mrr@10 : 0.0719    ndcg@10 : 0.0362    hit@10 : 0.2397    precision@10 : 0.0332
Thu 26 Jan 2023 15:28:20 INFO  epoch 90 training [time: 3.72s, train_loss1: 19.5524, train_loss2: 31.0635]
Thu 26 Jan 2023 15:28:20 INFO  epoch 90 evaluating [time: 0.20s, valid_score: 0.076200]
Thu 26 Jan 2023 15:28:20 INFO  valid result: 
recall@10 : 0.0314    mrr@10 : 0.0762    ndcg@10 : 0.0377    hit@10 : 0.2492    precision@10 : 0.0341
Thu 26 Jan 2023 15:28:20 INFO  Finished training, best eval result in epoch 79
Thu 26 Jan 2023 15:28:20 INFO  Loading model structure and parameters from saved/KGAT-Jan-26-2023_15-21-32.pth
Thu 26 Jan 2023 15:28:21 INFO  best valid : OrderedDict([('recall@10', 0.0321), ('mrr@10', 0.0825), ('ndcg@10', 0.0389), ('hit@10', 0.2503), ('precision@10', 0.0343)])
Thu 26 Jan 2023 15:28:21 INFO  test result: OrderedDict([('recall@10', 0.0327), ('mrr@10', 0.0824), ('ndcg@10', 0.0404), ('hit@10', 0.2524), ('precision@10', 0.0363)])
