Mon 30 Jan 2023 17:27:55 INFO  momentum
Mon 30 Jan 2023 17:27:55 INFO  ['recbole_test.py']
Mon 30 Jan 2023 17:27:55 INFO  
General Hyper Parameters:
gpu_id = 0
use_gpu = True
seed = 2020
state = INFO
reproducibility = True
data_path = /work/03/gu14/k36095/kgat_bai/recbole/config/../dataset_example/ml-100k
checkpoint_dir = saved
show_progress = True
save_dataset = True
dataset_save_path = None
save_dataloaders = False
dataloaders_save_path = None
log_wandb = False

Training Hyper Parameters:
epochs = 300
train_batch_size = 2048
learner = adam
learning_rate = 0.001
train_neg_sample_args = {'distribution': 'uniform', 'sample_num': 1, 'alpha': 1.0, 'dynamic': False, 'candidate_num': 0}
eval_step = 1
stopping_step = 10
clip_grad_norm = None
weight_decay = 0.0
loss_decimal_place = 4

Evaluation Hyper Parameters:
eval_args = {'split': {'RS': [0.8, 0.1, 0.1]}, 'group_by': 'user', 'order': 'RO', 'mode': 'full'}
repeatable = False
metrics = ['Recall', 'MRR', 'NDCG', 'Hit', 'Precision']
topk = [10]
valid_metric = MRR@10
valid_metric_bigger = True
eval_batch_size = 4096
metric_decimal_place = 4

Dataset Hyper Parameters:
field_separator = 	
seq_separator =  
USER_ID_FIELD = user_id
ITEM_ID_FIELD = item_id
RATING_FIELD = rating
TIME_FIELD = timestamp
seq_len = None
LABEL_FIELD = label
threshold = None
NEG_PREFIX = neg_
load_col = {'inter': ['user_id', 'item_id', 'rating', 'timestamp'], 'kg': ['head_id', 'relation_id', 'tail_id'], 'link': ['item_id', 'entity_id']}
unload_col = None
unused_col = None
additional_feat_suffix = None
rm_dup_inter = None
val_interval = None
filter_inter_by_user_or_item = True
user_inter_num_interval = None
item_inter_num_interval = None
alias_of_user_id = None
alias_of_item_id = None
alias_of_entity_id = None
alias_of_relation_id = None
preload_weight = None
normalize_field = None
normalize_all = True
ITEM_LIST_LENGTH_FIELD = item_length
LIST_SUFFIX = _list
MAX_ITEM_LIST_LENGTH = 50
POSITION_FIELD = position_id
HEAD_ENTITY_ID_FIELD = head_id
TAIL_ENTITY_ID_FIELD = tail_id
RELATION_ID_FIELD = relation_id
ENTITY_ID_FIELD = entity_id
kg_reverse_r = False
entity_kg_num_interval = [0,inf)
relation_kg_num_interval = [0,inf)
benchmark_filename = None

Other Hyper Parameters: 
worker = 0
wandb_project = recbole
shuffle = True
require_pow = False
enable_amp = False
enable_scaler = False
transform = None
embedding_size = 64
kg_embedding_size = 64
layers = [64]
mess_dropout = 0.1
reg_weight = 1e-05
aggregator_type = bi
numerical_features = []
discretization = None
MODEL_TYPE = ModelType.KNOWLEDGE
MODEL_INPUT_TYPE = InputType.PAIRWISE
eval_type = EvaluatorType.RANKING
single_spec = True
local_rank = 0
device = cpu
eval_neg_sample_args = {'distribution': 'uniform', 'sample_num': 'none'}


Mon 30 Jan 2023 17:27:56 INFO  Saving filtered dataset into [saved/ml-100k-dataset.pth]
Mon 30 Jan 2023 17:27:56 INFO  ml-100k
The number of users: 944
Average actions of users: 103.4506892895016
The number of items: 1599
Average actions of items: 61.04755944931164
The number of inters: 97554
The sparsity of the dataset: 93.53714185772888%
Remain Fields: ['entity_id', 'user_id', 'item_id', 'rating', 'timestamp', 'head_id', 'relation_id', 'tail_id']
The number of entities: 34629
The number of relations: 26
The number of triples: 91631
The number of items that have been linked to KG: 1598
Mon 30 Jan 2023 17:27:56 INFO  [Training]: train_batch_size = [2048] train_neg_sample_args: [{'distribution': 'uniform', 'sample_num': 1, 'alpha': 1.0, 'dynamic': False, 'candidate_num': 0}]
Mon 30 Jan 2023 17:27:56 INFO  [Evaluation]: eval_batch_size = [4096] eval_args: [{'split': {'RS': [0.8, 0.1, 0.1]}, 'group_by': 'user', 'order': 'RO', 'mode': 'full'}]
Mon 30 Jan 2023 17:27:57 INFO  KGAT(
  (user_embedding): Embedding(944, 64)
  (entity_embedding): Embedding(34629, 64)
  (relation_embedding): Embedding(26, 64)
  (trans_w): Embedding(26, 4096)
  (aggregator_layers): ModuleList(
    (0): Aggregator(
      (message_dropout): Dropout(p=0.1, inplace=False)
      (W1): Linear(in_features=64, out_features=64, bias=True)
      (W2): Linear(in_features=64, out_features=64, bias=True)
      (activation): LeakyReLU(negative_slope=0.01)
    )
  )
  (tanh): Tanh()
  (mf_loss): BPRLoss()
  (reg_loss): EmbLoss()
)
Trainable parameters: 2393152
Mon 30 Jan 2023 17:27:57 INFO  FLOPs: 291414016.0
Mon 30 Jan 2023 17:28:02 INFO  epoch 0 training [time: 4.60s, train_loss1: 26.5156, train_loss2: 31.1893]
Mon 30 Jan 2023 17:28:02 INFO  epoch 0 evaluating [time: 0.20s, valid_score: 0.016800]
Mon 30 Jan 2023 17:28:02 INFO  valid result: 
recall@10 : 0.0051    mrr@10 : 0.0168    ndcg@10 : 0.0066    hit@10 : 0.053    precision@10 : 0.0055
Mon 30 Jan 2023 17:28:02 INFO  Saving current: saved/KGAT-Jan-30-2023_17-27-57.pth
Mon 30 Jan 2023 17:28:05 INFO  epoch 1 training [time: 3.72s, train_loss1: 26.6224, train_loss2: 31.1863]
Mon 30 Jan 2023 17:28:06 INFO  epoch 1 evaluating [time: 0.24s, valid_score: 0.020900]
Mon 30 Jan 2023 17:28:06 INFO  valid result: 
recall@10 : 0.0069    mrr@10 : 0.0209    ndcg@10 : 0.0085    hit@10 : 0.0785    precision@10 : 0.0081
Mon 30 Jan 2023 17:28:06 INFO  Saving current: saved/KGAT-Jan-30-2023_17-27-57.pth
Mon 30 Jan 2023 17:28:09 INFO  epoch 2 training [time: 3.62s, train_loss1: 26.0634, train_loss2: 31.1835]
Mon 30 Jan 2023 17:28:10 INFO  epoch 2 evaluating [time: 0.19s, valid_score: 0.018400]
Mon 30 Jan 2023 17:28:10 INFO  valid result: 
recall@10 : 0.0114    mrr@10 : 0.0184    ndcg@10 : 0.0101    hit@10 : 0.088    precision@10 : 0.0095
Mon 30 Jan 2023 17:28:13 INFO  epoch 3 training [time: 3.75s, train_loss1: 25.5856, train_loss2: 31.1809]
Mon 30 Jan 2023 17:28:14 INFO  epoch 3 evaluating [time: 0.20s, valid_score: 0.026300]
Mon 30 Jan 2023 17:28:14 INFO  valid result: 
recall@10 : 0.0106    mrr@10 : 0.0263    ndcg@10 : 0.0119    hit@10 : 0.0944    precision@10 : 0.0104
Mon 30 Jan 2023 17:28:14 INFO  Saving current: saved/KGAT-Jan-30-2023_17-27-57.pth
Mon 30 Jan 2023 17:28:17 INFO  epoch 4 training [time: 3.79s, train_loss1: 26.4406, train_loss2: 31.1771]
Mon 30 Jan 2023 17:28:18 INFO  epoch 4 evaluating [time: 0.19s, valid_score: 0.021800]
Mon 30 Jan 2023 17:28:18 INFO  valid result: 
recall@10 : 0.0074    mrr@10 : 0.0218    ndcg@10 : 0.0091    hit@10 : 0.071    precision@10 : 0.0082
Mon 30 Jan 2023 17:28:21 INFO  epoch 5 training [time: 3.81s, train_loss1: 26.8745, train_loss2: 31.1731]
Mon 30 Jan 2023 17:28:22 INFO  epoch 5 evaluating [time: 0.19s, valid_score: 0.023000]
Mon 30 Jan 2023 17:28:22 INFO  valid result: 
recall@10 : 0.0086    mrr@10 : 0.023    ndcg@10 : 0.01    hit@10 : 0.0848    precision@10 : 0.0097
Mon 30 Jan 2023 17:28:25 INFO  epoch 6 training [time: 3.62s, train_loss1: 26.5031, train_loss2: 31.1689]
Mon 30 Jan 2023 17:28:25 INFO  epoch 6 evaluating [time: 0.19s, valid_score: 0.016900]
Mon 30 Jan 2023 17:28:25 INFO  valid result: 
recall@10 : 0.0083    mrr@10 : 0.0169    ndcg@10 : 0.0085    hit@10 : 0.0753    precision@10 : 0.0083
Mon 30 Jan 2023 17:28:29 INFO  epoch 7 training [time: 3.86s, train_loss1: 26.9585, train_loss2: 31.1649]
Mon 30 Jan 2023 17:28:29 INFO  epoch 7 evaluating [time: 0.19s, valid_score: 0.026200]
Mon 30 Jan 2023 17:28:29 INFO  valid result: 
recall@10 : 0.0121    mrr@10 : 0.0262    ndcg@10 : 0.0124    hit@10 : 0.105    precision@10 : 0.0112
Mon 30 Jan 2023 17:28:33 INFO  epoch 8 training [time: 3.86s, train_loss1: 26.5210, train_loss2: 31.1596]
Mon 30 Jan 2023 17:28:34 INFO  epoch 8 evaluating [time: 0.19s, valid_score: 0.033300]
Mon 30 Jan 2023 17:28:34 INFO  valid result: 
recall@10 : 0.0137    mrr@10 : 0.0333    ndcg@10 : 0.0157    hit@10 : 0.1368    precision@10 : 0.0156
Mon 30 Jan 2023 17:28:34 INFO  Saving current: saved/KGAT-Jan-30-2023_17-27-57.pth
Mon 30 Jan 2023 17:28:37 INFO  epoch 9 training [time: 3.69s, train_loss1: 26.7474, train_loss2: 31.1532]
Mon 30 Jan 2023 17:28:37 INFO  epoch 9 evaluating [time: 0.19s, valid_score: 0.040700]
Mon 30 Jan 2023 17:28:37 INFO  valid result: 
recall@10 : 0.0168    mrr@10 : 0.0407    ndcg@10 : 0.0178    hit@10 : 0.1389    precision@10 : 0.0154
Mon 30 Jan 2023 17:28:37 INFO  Saving current: saved/KGAT-Jan-30-2023_17-27-57.pth
Mon 30 Jan 2023 17:28:41 INFO  epoch 10 training [time: 3.88s, train_loss1: 26.6517, train_loss2: 31.1476]
Mon 30 Jan 2023 17:28:42 INFO  epoch 10 evaluating [time: 0.20s, valid_score: 0.053900]
Mon 30 Jan 2023 17:28:42 INFO  valid result: 
recall@10 : 0.0256    mrr@10 : 0.0539    ndcg@10 : 0.026    hit@10 : 0.1972    precision@10 : 0.023
Mon 30 Jan 2023 17:28:42 INFO  Saving current: saved/KGAT-Jan-30-2023_17-27-57.pth
Mon 30 Jan 2023 17:28:45 INFO  epoch 11 training [time: 3.80s, train_loss1: 26.7963, train_loss2: 31.1405]
Mon 30 Jan 2023 17:28:46 INFO  epoch 11 evaluating [time: 0.19s, valid_score: 0.038200]
Mon 30 Jan 2023 17:28:46 INFO  valid result: 
recall@10 : 0.015    mrr@10 : 0.0382    ndcg@10 : 0.0172    hit@10 : 0.122    precision@10 : 0.0144
Mon 30 Jan 2023 17:28:49 INFO  epoch 12 training [time: 3.73s, train_loss1: 26.4292, train_loss2: 31.1329]
Mon 30 Jan 2023 17:28:50 INFO  epoch 12 evaluating [time: 0.19s, valid_score: 0.064500]
Mon 30 Jan 2023 17:28:50 INFO  valid result: 
recall@10 : 0.0272    mrr@10 : 0.0645    ndcg@10 : 0.0305    hit@10 : 0.2089    precision@10 : 0.0267
Mon 30 Jan 2023 17:28:50 INFO  Saving current: saved/KGAT-Jan-30-2023_17-27-57.pth
Mon 30 Jan 2023 17:28:54 INFO  epoch 13 training [time: 4.12s, train_loss1: 26.5871, train_loss2: 31.1238]
Mon 30 Jan 2023 17:28:54 INFO  epoch 13 evaluating [time: 0.19s, valid_score: 0.069100]
Mon 30 Jan 2023 17:28:54 INFO  valid result: 
recall@10 : 0.0227    mrr@10 : 0.0691    ndcg@10 : 0.0294    hit@10 : 0.1888    precision@10 : 0.0239
Mon 30 Jan 2023 17:28:54 INFO  Saving current: saved/KGAT-Jan-30-2023_17-27-57.pth
Mon 30 Jan 2023 17:28:58 INFO  epoch 14 training [time: 4.04s, train_loss1: 26.7813, train_loss2: 31.1147]
Mon 30 Jan 2023 17:28:58 INFO  epoch 14 evaluating [time: 0.19s, valid_score: 0.065900]
Mon 30 Jan 2023 17:28:58 INFO  valid result: 
recall@10 : 0.0252    mrr@10 : 0.0659    ndcg@10 : 0.0293    hit@10 : 0.1866    precision@10 : 0.0238
Mon 30 Jan 2023 17:29:02 INFO  epoch 15 training [time: 4.04s, train_loss1: 26.2483, train_loss2: 31.1051]
Mon 30 Jan 2023 17:29:02 INFO  epoch 15 evaluating [time: 0.19s, valid_score: 0.126000]
Mon 30 Jan 2023 17:29:02 INFO  valid result: 
recall@10 : 0.0648    mrr@10 : 0.126    ndcg@10 : 0.0655    hit@10 : 0.3712    precision@10 : 0.0512
Mon 30 Jan 2023 17:29:02 INFO  Saving current: saved/KGAT-Jan-30-2023_17-27-57.pth
Mon 30 Jan 2023 17:29:07 INFO  epoch 16 training [time: 4.13s, train_loss1: 26.4877, train_loss2: 31.0948]
Mon 30 Jan 2023 17:29:07 INFO  epoch 16 evaluating [time: 0.19s, valid_score: 0.113500]
Mon 30 Jan 2023 17:29:07 INFO  valid result: 
recall@10 : 0.0421    mrr@10 : 0.1135    ndcg@10 : 0.0512    hit@10 : 0.2884    precision@10 : 0.0392
Mon 30 Jan 2023 17:29:11 INFO  epoch 17 training [time: 4.06s, train_loss1: 26.3918, train_loss2: 31.0825]
Mon 30 Jan 2023 17:29:11 INFO  epoch 17 evaluating [time: 0.21s, valid_score: 0.146400]
Mon 30 Jan 2023 17:29:11 INFO  valid result: 
recall@10 : 0.0696    mrr@10 : 0.1464    ndcg@10 : 0.0788    hit@10 : 0.4146    precision@10 : 0.0665
Mon 30 Jan 2023 17:29:11 INFO  Saving current: saved/KGAT-Jan-30-2023_17-27-57.pth
Mon 30 Jan 2023 17:29:15 INFO  epoch 18 training [time: 4.06s, train_loss1: 26.2013, train_loss2: 31.0695]
Mon 30 Jan 2023 17:29:15 INFO  epoch 18 evaluating [time: 0.19s, valid_score: 0.074800]
Mon 30 Jan 2023 17:29:15 INFO  valid result: 
recall@10 : 0.032    mrr@10 : 0.0748    ndcg@10 : 0.0358    hit@10 : 0.2216    precision@10 : 0.0283
Mon 30 Jan 2023 17:29:19 INFO  epoch 19 training [time: 4.01s, train_loss1: 26.3263, train_loss2: 31.0560]
Mon 30 Jan 2023 17:29:20 INFO  epoch 19 evaluating [time: 0.19s, valid_score: 0.107900]
Mon 30 Jan 2023 17:29:20 INFO  valid result: 
recall@10 : 0.0368    mrr@10 : 0.1079    ndcg@10 : 0.0481    hit@10 : 0.2789    precision@10 : 0.039
Mon 30 Jan 2023 17:29:24 INFO  epoch 20 training [time: 4.07s, train_loss1: 25.1580, train_loss2: 31.0390]
Mon 30 Jan 2023 17:29:24 INFO  epoch 20 evaluating [time: 0.19s, valid_score: 0.124800]
Mon 30 Jan 2023 17:29:24 INFO  valid result: 
recall@10 : 0.0562    mrr@10 : 0.1248    ndcg@10 : 0.0647    hit@10 : 0.3616    precision@10 : 0.0559
Mon 30 Jan 2023 17:29:28 INFO  epoch 21 training [time: 4.18s, train_loss1: 24.9856, train_loss2: 31.0186]
Mon 30 Jan 2023 17:29:28 INFO  epoch 21 evaluating [time: 0.19s, valid_score: 0.178400]
Mon 30 Jan 2023 17:29:28 INFO  valid result: 
recall@10 : 0.0813    mrr@10 : 0.1784    ndcg@10 : 0.0931    hit@10 : 0.4613    precision@10 : 0.0754
Mon 30 Jan 2023 17:29:28 INFO  Saving current: saved/KGAT-Jan-30-2023_17-27-57.pth
Mon 30 Jan 2023 17:29:32 INFO  epoch 22 training [time: 4.14s, train_loss1: 25.7429, train_loss2: 30.9999]
Mon 30 Jan 2023 17:29:33 INFO  epoch 22 evaluating [time: 0.19s, valid_score: 0.150200]
Mon 30 Jan 2023 17:29:33 INFO  valid result: 
recall@10 : 0.0723    mrr@10 : 0.1502    ndcg@10 : 0.0785    hit@10 : 0.4221    precision@10 : 0.0663
Mon 30 Jan 2023 17:29:37 INFO  epoch 23 training [time: 4.10s, train_loss1: 25.0516, train_loss2: 30.9764]
Mon 30 Jan 2023 17:29:37 INFO  epoch 23 evaluating [time: 0.19s, valid_score: 0.169400]
Mon 30 Jan 2023 17:29:37 INFO  valid result: 
recall@10 : 0.0798    mrr@10 : 0.1694    ndcg@10 : 0.0901    hit@10 : 0.4358    precision@10 : 0.0725
Mon 30 Jan 2023 17:29:41 INFO  epoch 24 training [time: 4.11s, train_loss1: 22.3842, train_loss2: 30.9540]
Mon 30 Jan 2023 17:29:41 INFO  epoch 24 evaluating [time: 0.19s, valid_score: 0.058200]
Mon 30 Jan 2023 17:29:41 INFO  valid result: 
recall@10 : 0.0221    mrr@10 : 0.0582    ndcg@10 : 0.0276    hit@10 : 0.176    precision@10 : 0.0245
Mon 30 Jan 2023 17:29:45 INFO  epoch 25 training [time: 4.10s, train_loss1: 20.3164, train_loss2: 30.9291]
Mon 30 Jan 2023 17:29:45 INFO  epoch 25 evaluating [time: 0.19s, valid_score: 0.073600]
Mon 30 Jan 2023 17:29:45 INFO  valid result: 
recall@10 : 0.0254    mrr@10 : 0.0736    ndcg@10 : 0.0345    hit@10 : 0.2142    precision@10 : 0.0304
Mon 30 Jan 2023 17:29:50 INFO  epoch 26 training [time: 4.14s, train_loss1: 19.7114, train_loss2: 30.9044]
Mon 30 Jan 2023 17:29:50 INFO  epoch 26 evaluating [time: 0.19s, valid_score: 0.047500]
Mon 30 Jan 2023 17:29:50 INFO  valid result: 
recall@10 : 0.0169    mrr@10 : 0.0475    ndcg@10 : 0.0218    hit@10 : 0.158    precision@10 : 0.0204
Mon 30 Jan 2023 17:29:54 INFO  epoch 27 training [time: 4.02s, train_loss1: 19.3380, train_loss2: 30.8780]
Mon 30 Jan 2023 17:29:54 INFO  epoch 27 evaluating [time: 0.19s, valid_score: 0.060500]
Mon 30 Jan 2023 17:29:54 INFO  valid result: 
recall@10 : 0.0215    mrr@10 : 0.0605    ndcg@10 : 0.0273    hit@10 : 0.1813    precision@10 : 0.0243
Mon 30 Jan 2023 17:29:58 INFO  epoch 28 training [time: 3.73s, train_loss1: 19.2370, train_loss2: 30.8509]
Mon 30 Jan 2023 17:29:58 INFO  epoch 28 evaluating [time: 0.19s, valid_score: 0.051500]
Mon 30 Jan 2023 17:29:58 INFO  valid result: 
recall@10 : 0.0176    mrr@10 : 0.0515    ndcg@10 : 0.0229    hit@10 : 0.1538    precision@10 : 0.0203
Mon 30 Jan 2023 17:30:02 INFO  epoch 29 training [time: 4.09s, train_loss1: 18.8651, train_loss2: 30.8228]
Mon 30 Jan 2023 17:30:02 INFO  epoch 29 evaluating [time: 0.19s, valid_score: 0.056600]
Mon 30 Jan 2023 17:30:02 INFO  valid result: 
recall@10 : 0.0226    mrr@10 : 0.0566    ndcg@10 : 0.0275    hit@10 : 0.1771    precision@10 : 0.0248
Mon 30 Jan 2023 17:30:06 INFO  epoch 30 training [time: 4.05s, train_loss1: 18.6592, train_loss2: 30.7945]
Mon 30 Jan 2023 17:30:06 INFO  epoch 30 evaluating [time: 0.19s, valid_score: 0.069800]
Mon 30 Jan 2023 17:30:06 INFO  valid result: 
recall@10 : 0.0284    mrr@10 : 0.0698    ndcg@10 : 0.0337    hit@10 : 0.2163    precision@10 : 0.0291
Mon 30 Jan 2023 17:30:11 INFO  epoch 31 training [time: 4.06s, train_loss1: 18.4729, train_loss2: 30.7631]
Mon 30 Jan 2023 17:30:11 INFO  epoch 31 evaluating [time: 0.20s, valid_score: 0.063200]
Mon 30 Jan 2023 17:30:11 INFO  valid result: 
recall@10 : 0.025    mrr@10 : 0.0632    ndcg@10 : 0.0299    hit@10 : 0.1972    precision@10 : 0.0268
Mon 30 Jan 2023 17:30:15 INFO  epoch 32 training [time: 4.05s, train_loss1: 18.2727, train_loss2: 30.7312]
Mon 30 Jan 2023 17:30:15 INFO  epoch 32 evaluating [time: 0.19s, valid_score: 0.062700]
Mon 30 Jan 2023 17:30:15 INFO  valid result: 
recall@10 : 0.0299    mrr@10 : 0.0627    ndcg@10 : 0.0323    hit@10 : 0.2185    precision@10 : 0.0298
Mon 30 Jan 2023 17:30:15 INFO  Finished training, best eval result in epoch 21
Mon 30 Jan 2023 17:30:15 INFO  Loading model structure and parameters from saved/KGAT-Jan-30-2023_17-27-57.pth
Mon 30 Jan 2023 17:30:15 INFO  best valid : OrderedDict([('recall@10', 0.0813), ('mrr@10', 0.1784), ('ndcg@10', 0.0931), ('hit@10', 0.4613), ('precision@10', 0.0754)])
Mon 30 Jan 2023 17:30:15 INFO  test result: OrderedDict([('recall@10', 0.0826), ('mrr@10', 0.1973), ('ndcg@10', 0.0997), ('hit@10', 0.4592), ('precision@10', 0.0782)])
