Fri 20 Jan 2023 00:30:56 INFO  ['recbole_test.py']
Fri 20 Jan 2023 00:30:56 INFO  
General Hyper Parameters:
gpu_id = 0
use_gpu = True
seed = 2020
state = INFO
reproducibility = True
data_path = /work/03/gu14/k36095/kgat_bai/recbole/config/../dataset_example/ml-100k
checkpoint_dir = saved
show_progress = True
save_dataset = True
dataset_save_path = None
save_dataloaders = False
dataloaders_save_path = None
log_wandb = False

Training Hyper Parameters:
epochs = 300
train_batch_size = 2048
learner = adam
learning_rate = 0.001
train_neg_sample_args = {'distribution': 'uniform', 'sample_num': 1, 'alpha': 1.0, 'dynamic': False, 'candidate_num': 0}
eval_step = 1
stopping_step = 10
clip_grad_norm = None
weight_decay = 0.0
loss_decimal_place = 4

Evaluation Hyper Parameters:
eval_args = {'split': {'RS': [0.8, 0.1, 0.1]}, 'group_by': 'user', 'order': 'RO', 'mode': 'full'}
repeatable = False
metrics = ['Recall', 'MRR', 'NDCG', 'Hit', 'Precision']
topk = [10]
valid_metric = MRR@10
valid_metric_bigger = True
eval_batch_size = 4096
metric_decimal_place = 4

Dataset Hyper Parameters:
field_separator = 	
seq_separator =  
USER_ID_FIELD = user_id
ITEM_ID_FIELD = item_id
RATING_FIELD = rating
TIME_FIELD = timestamp
seq_len = None
LABEL_FIELD = label
threshold = None
NEG_PREFIX = neg_
load_col = {'inter': ['user_id', 'item_id', 'rating', 'timestamp'], 'kg': ['head_id', 'relation_id', 'tail_id'], 'link': ['item_id', 'entity_id']}
unload_col = None
unused_col = None
additional_feat_suffix = None
rm_dup_inter = None
val_interval = None
filter_inter_by_user_or_item = True
user_inter_num_interval = None
item_inter_num_interval = None
alias_of_user_id = None
alias_of_item_id = None
alias_of_entity_id = None
alias_of_relation_id = None
preload_weight = None
normalize_field = None
normalize_all = True
ITEM_LIST_LENGTH_FIELD = item_length
LIST_SUFFIX = _list
MAX_ITEM_LIST_LENGTH = 50
POSITION_FIELD = position_id
HEAD_ENTITY_ID_FIELD = head_id
TAIL_ENTITY_ID_FIELD = tail_id
RELATION_ID_FIELD = relation_id
ENTITY_ID_FIELD = entity_id
kg_reverse_r = False
entity_kg_num_interval = [0,inf)
relation_kg_num_interval = [0,inf)
benchmark_filename = None

Other Hyper Parameters: 
worker = 0
wandb_project = recbole
shuffle = True
require_pow = False
enable_amp = False
enable_scaler = False
transform = None
embedding_size = 64
kg_embedding_size = 64
layers = [64]
mess_dropout = 0.1
reg_weight = 1e-05
aggregator_type = graphsage
numerical_features = []
discretization = None
MODEL_TYPE = ModelType.KNOWLEDGE
MODEL_INPUT_TYPE = InputType.PAIRWISE
eval_type = EvaluatorType.RANKING
single_spec = True
local_rank = 0
device = cpu
eval_neg_sample_args = {'distribution': 'uniform', 'sample_num': 'none'}


Fri 20 Jan 2023 00:30:57 INFO  Saving filtered dataset into [saved/ml-100k-dataset.pth]
Fri 20 Jan 2023 00:30:57 INFO  ml-100k
The number of users: 944
Average actions of users: 103.4506892895016
The number of items: 1599
Average actions of items: 61.04755944931164
The number of inters: 97554
The sparsity of the dataset: 93.53714185772888%
Remain Fields: ['entity_id', 'user_id', 'item_id', 'rating', 'timestamp', 'head_id', 'relation_id', 'tail_id']
The number of entities: 34629
The number of relations: 26
The number of triples: 91631
The number of items that have been linked to KG: 1598
Fri 20 Jan 2023 00:30:57 INFO  [Training]: train_batch_size = [2048] train_neg_sample_args: [{'distribution': 'uniform', 'sample_num': 1, 'alpha': 1.0, 'dynamic': False, 'candidate_num': 0}]
Fri 20 Jan 2023 00:30:57 INFO  [Evaluation]: eval_batch_size = [4096] eval_args: [{'split': {'RS': [0.8, 0.1, 0.1]}, 'group_by': 'user', 'order': 'RO', 'mode': 'full'}]
Fri 20 Jan 2023 00:31:04 INFO  KGAT(
  (user_embedding): Embedding(944, 64)
  (entity_embedding): Embedding(34629, 64)
  (relation_embedding): Embedding(26, 64)
  (trans_w): Embedding(26, 4096)
  (aggregator_layers): ModuleList(
    (0): Aggregator(
      (message_dropout): Dropout(p=0.1, inplace=False)
      (W): Linear(in_features=128, out_features=64, bias=True)
      (activation): LeakyReLU(negative_slope=0.01)
    )
  )
  (tanh): Tanh()
  (mf_loss): BPRLoss()
  (reg_loss): EmbLoss()
)
Trainable parameters: 2393088
Fri 20 Jan 2023 00:31:04 INFO  FLOPs: 291414016.0
Fri 20 Jan 2023 00:31:09 INFO  epoch 0 training [time: 4.74s, train_loss1: 23.7237, train_loss2: 29.5182]
Fri 20 Jan 2023 00:31:09 INFO  epoch 0 evaluating [time: 0.21s, valid_score: 0.070000]
Fri 20 Jan 2023 00:31:09 INFO  valid result: 
recall@10 : 0.0238    mrr@10 : 0.07    ndcg@10 : 0.0302    hit@10 : 0.1951    precision@10 : 0.0251
Fri 20 Jan 2023 00:31:10 INFO  Saving current: saved/KGAT-Jan-20-2023_00-31-04.pth
Fri 20 Jan 2023 00:31:14 INFO  epoch 1 training [time: 4.50s, train_loss1: 19.7571, train_loss2: 18.8393]
Fri 20 Jan 2023 00:31:14 INFO  epoch 1 evaluating [time: 0.20s, valid_score: 0.161900]
Fri 20 Jan 2023 00:31:14 INFO  valid result: 
recall@10 : 0.0613    mrr@10 : 0.1619    ndcg@10 : 0.0778    hit@10 : 0.3871    precision@10 : 0.0627
Fri 20 Jan 2023 00:31:14 INFO  Saving current: saved/KGAT-Jan-20-2023_00-31-04.pth
Fri 20 Jan 2023 00:31:18 INFO  epoch 2 training [time: 3.85s, train_loss1: 17.3153, train_loss2: 12.6094]
Fri 20 Jan 2023 00:31:18 INFO  epoch 2 evaluating [time: 0.20s, valid_score: 0.128900]
Fri 20 Jan 2023 00:31:18 INFO  valid result: 
recall@10 : 0.0594    mrr@10 : 0.1289    ndcg@10 : 0.0665    hit@10 : 0.3701    precision@10 : 0.0547
Fri 20 Jan 2023 00:31:22 INFO  epoch 3 training [time: 3.88s, train_loss1: 16.6890, train_loss2: 10.3124]
Fri 20 Jan 2023 00:31:22 INFO  epoch 3 evaluating [time: 0.19s, valid_score: 0.154000]
Fri 20 Jan 2023 00:31:22 INFO  valid result: 
recall@10 : 0.0801    mrr@10 : 0.154    ndcg@10 : 0.0835    hit@10 : 0.4178    precision@10 : 0.0672
Fri 20 Jan 2023 00:31:26 INFO  epoch 4 training [time: 3.82s, train_loss1: 16.5239, train_loss2: 9.0191]
Fri 20 Jan 2023 00:31:26 INFO  epoch 4 evaluating [time: 0.19s, valid_score: 0.200200]
Fri 20 Jan 2023 00:31:26 INFO  valid result: 
recall@10 : 0.0941    mrr@10 : 0.2002    ndcg@10 : 0.102    hit@10 : 0.4645    precision@10 : 0.0769
Fri 20 Jan 2023 00:31:26 INFO  Saving current: saved/KGAT-Jan-20-2023_00-31-04.pth
Fri 20 Jan 2023 00:31:30 INFO  epoch 5 training [time: 3.73s, train_loss1: 16.4049, train_loss2: 8.2793]
Fri 20 Jan 2023 00:31:30 INFO  epoch 5 evaluating [time: 0.19s, valid_score: 0.210000]
Fri 20 Jan 2023 00:31:30 INFO  valid result: 
recall@10 : 0.1155    mrr@10 : 0.21    ndcg@10 : 0.115    hit@10 : 0.4984    precision@10 : 0.0834
Fri 20 Jan 2023 00:31:30 INFO  Saving current: saved/KGAT-Jan-20-2023_00-31-04.pth
Fri 20 Jan 2023 00:31:34 INFO  epoch 6 training [time: 3.73s, train_loss1: 16.1840, train_loss2: 7.8530]
Fri 20 Jan 2023 00:31:34 INFO  epoch 6 evaluating [time: 0.20s, valid_score: 0.230800]
Fri 20 Jan 2023 00:31:34 INFO  valid result: 
recall@10 : 0.1208    mrr@10 : 0.2308    ndcg@10 : 0.1236    hit@10 : 0.5323    precision@10 : 0.089
Fri 20 Jan 2023 00:31:34 INFO  Saving current: saved/KGAT-Jan-20-2023_00-31-04.pth
Fri 20 Jan 2023 00:31:38 INFO  epoch 7 training [time: 3.73s, train_loss1: 16.0397, train_loss2: 7.4661]
Fri 20 Jan 2023 00:31:38 INFO  epoch 7 evaluating [time: 0.19s, valid_score: 0.222900]
Fri 20 Jan 2023 00:31:38 INFO  valid result: 
recall@10 : 0.1239    mrr@10 : 0.2229    ndcg@10 : 0.1253    hit@10 : 0.5387    precision@10 : 0.0927
Fri 20 Jan 2023 00:31:42 INFO  epoch 8 training [time: 3.70s, train_loss1: 15.8762, train_loss2: 7.1265]
Fri 20 Jan 2023 00:31:42 INFO  epoch 8 evaluating [time: 0.19s, valid_score: 0.234000]
Fri 20 Jan 2023 00:31:42 INFO  valid result: 
recall@10 : 0.1314    mrr@10 : 0.234    ndcg@10 : 0.1314    hit@10 : 0.5408    precision@10 : 0.095
Fri 20 Jan 2023 00:31:42 INFO  Saving current: saved/KGAT-Jan-20-2023_00-31-04.pth
Fri 20 Jan 2023 00:31:46 INFO  epoch 9 training [time: 3.73s, train_loss1: 15.5928, train_loss2: 6.8859]
Fri 20 Jan 2023 00:31:46 INFO  epoch 9 evaluating [time: 0.19s, valid_score: 0.230600]
Fri 20 Jan 2023 00:31:46 INFO  valid result: 
recall@10 : 0.1256    mrr@10 : 0.2306    ndcg@10 : 0.1308    hit@10 : 0.5504    precision@10 : 0.0979
Fri 20 Jan 2023 00:31:50 INFO  epoch 10 training [time: 3.69s, train_loss1: 15.3580, train_loss2: 6.5222]
Fri 20 Jan 2023 00:31:50 INFO  epoch 10 evaluating [time: 0.20s, valid_score: 0.246400]
Fri 20 Jan 2023 00:31:50 INFO  valid result: 
recall@10 : 0.1342    mrr@10 : 0.2464    ndcg@10 : 0.1399    hit@10 : 0.5737    precision@10 : 0.1046
Fri 20 Jan 2023 00:31:50 INFO  Saving current: saved/KGAT-Jan-20-2023_00-31-04.pth
Fri 20 Jan 2023 00:31:54 INFO  epoch 11 training [time: 3.98s, train_loss1: 15.0339, train_loss2: 6.3142]
Fri 20 Jan 2023 00:31:54 INFO  epoch 11 evaluating [time: 0.20s, valid_score: 0.257700]
Fri 20 Jan 2023 00:31:54 INFO  valid result: 
recall@10 : 0.1445    mrr@10 : 0.2577    ndcg@10 : 0.1481    hit@10 : 0.5992    precision@10 : 0.1086
Fri 20 Jan 2023 00:31:54 INFO  Saving current: saved/KGAT-Jan-20-2023_00-31-04.pth
Fri 20 Jan 2023 00:31:58 INFO  epoch 12 training [time: 3.71s, train_loss1: 14.7842, train_loss2: 5.8474]
Fri 20 Jan 2023 00:31:58 INFO  epoch 12 evaluating [time: 0.19s, valid_score: 0.264900]
Fri 20 Jan 2023 00:31:58 INFO  valid result: 
recall@10 : 0.1469    mrr@10 : 0.2649    ndcg@10 : 0.1536    hit@10 : 0.6098    precision@10 : 0.1133
Fri 20 Jan 2023 00:31:58 INFO  Saving current: saved/KGAT-Jan-20-2023_00-31-04.pth
Fri 20 Jan 2023 00:32:02 INFO  epoch 13 training [time: 3.75s, train_loss1: 14.4021, train_loss2: 5.4364]
Fri 20 Jan 2023 00:32:02 INFO  epoch 13 evaluating [time: 0.20s, valid_score: 0.271200]
Fri 20 Jan 2023 00:32:02 INFO  valid result: 
recall@10 : 0.1494    mrr@10 : 0.2712    ndcg@10 : 0.1563    hit@10 : 0.6034    precision@10 : 0.113
Fri 20 Jan 2023 00:32:02 INFO  Saving current: saved/KGAT-Jan-20-2023_00-31-04.pth
Fri 20 Jan 2023 00:32:06 INFO  epoch 14 training [time: 3.69s, train_loss1: 14.0427, train_loss2: 5.1494]
Fri 20 Jan 2023 00:32:06 INFO  epoch 14 evaluating [time: 0.20s, valid_score: 0.281900]
Fri 20 Jan 2023 00:32:06 INFO  valid result: 
recall@10 : 0.1576    mrr@10 : 0.2819    ndcg@10 : 0.1633    hit@10 : 0.6193    precision@10 : 0.1173
Fri 20 Jan 2023 00:32:06 INFO  Saving current: saved/KGAT-Jan-20-2023_00-31-04.pth
Fri 20 Jan 2023 00:32:10 INFO  epoch 15 training [time: 3.71s, train_loss1: 13.7628, train_loss2: 5.0038]
Fri 20 Jan 2023 00:32:10 INFO  epoch 15 evaluating [time: 0.20s, valid_score: 0.278900]
Fri 20 Jan 2023 00:32:10 INFO  valid result: 
recall@10 : 0.1575    mrr@10 : 0.2789    ndcg@10 : 0.1634    hit@10 : 0.6225    precision@10 : 0.1177
Fri 20 Jan 2023 00:32:14 INFO  epoch 16 training [time: 3.98s, train_loss1: 13.4302, train_loss2: 4.7622]
Fri 20 Jan 2023 00:32:15 INFO  epoch 16 evaluating [time: 0.20s, valid_score: 0.282200]
Fri 20 Jan 2023 00:32:15 INFO  valid result: 
recall@10 : 0.1585    mrr@10 : 0.2822    ndcg@10 : 0.1663    hit@10 : 0.6257    precision@10 : 0.1208
Fri 20 Jan 2023 00:32:15 INFO  Saving current: saved/KGAT-Jan-20-2023_00-31-04.pth
Fri 20 Jan 2023 00:32:18 INFO  epoch 17 training [time: 3.73s, train_loss1: 13.0596, train_loss2: 4.5773]
Fri 20 Jan 2023 00:32:19 INFO  epoch 17 evaluating [time: 0.20s, valid_score: 0.294700]
Fri 20 Jan 2023 00:32:19 INFO  valid result: 
recall@10 : 0.1595    mrr@10 : 0.2947    ndcg@10 : 0.1711    hit@10 : 0.6214    precision@10 : 0.1222
Fri 20 Jan 2023 00:32:19 INFO  Saving current: saved/KGAT-Jan-20-2023_00-31-04.pth
Fri 20 Jan 2023 00:32:22 INFO  epoch 18 training [time: 3.84s, train_loss1: 12.6738, train_loss2: 4.3355]
Fri 20 Jan 2023 00:32:23 INFO  epoch 18 evaluating [time: 0.19s, valid_score: 0.304100]
Fri 20 Jan 2023 00:32:23 INFO  valid result: 
recall@10 : 0.1615    mrr@10 : 0.3041    ndcg@10 : 0.1735    hit@10 : 0.6299    precision@10 : 0.1225
Fri 20 Jan 2023 00:32:23 INFO  Saving current: saved/KGAT-Jan-20-2023_00-31-04.pth
Fri 20 Jan 2023 00:32:26 INFO  epoch 19 training [time: 3.71s, train_loss1: 12.3915, train_loss2: 4.3133]
Fri 20 Jan 2023 00:32:27 INFO  epoch 19 evaluating [time: 0.19s, valid_score: 0.312600]
Fri 20 Jan 2023 00:32:27 INFO  valid result: 
recall@10 : 0.1676    mrr@10 : 0.3126    ndcg@10 : 0.1796    hit@10 : 0.6458    precision@10 : 0.1267
Fri 20 Jan 2023 00:32:27 INFO  Saving current: saved/KGAT-Jan-20-2023_00-31-04.pth
Fri 20 Jan 2023 00:32:30 INFO  epoch 20 training [time: 3.72s, train_loss1: 12.1187, train_loss2: 4.2081]
Fri 20 Jan 2023 00:32:31 INFO  epoch 20 evaluating [time: 0.19s, valid_score: 0.319500]
Fri 20 Jan 2023 00:32:31 INFO  valid result: 
recall@10 : 0.1719    mrr@10 : 0.3195    ndcg@10 : 0.1838    hit@10 : 0.6522    precision@10 : 0.1287
Fri 20 Jan 2023 00:32:31 INFO  Saving current: saved/KGAT-Jan-20-2023_00-31-04.pth
Fri 20 Jan 2023 00:32:35 INFO  epoch 21 training [time: 3.98s, train_loss1: 11.7790, train_loss2: 4.0120]
Fri 20 Jan 2023 00:32:35 INFO  epoch 21 evaluating [time: 0.20s, valid_score: 0.328700]
Fri 20 Jan 2023 00:32:35 INFO  valid result: 
recall@10 : 0.1715    mrr@10 : 0.3287    ndcg@10 : 0.187    hit@10 : 0.6575    precision@10 : 0.1302
Fri 20 Jan 2023 00:32:35 INFO  Saving current: saved/KGAT-Jan-20-2023_00-31-04.pth
Fri 20 Jan 2023 00:32:39 INFO  epoch 22 training [time: 3.74s, train_loss1: 11.5525, train_loss2: 3.8814]
Fri 20 Jan 2023 00:32:39 INFO  epoch 22 evaluating [time: 0.19s, valid_score: 0.339500]
Fri 20 Jan 2023 00:32:39 INFO  valid result: 
recall@10 : 0.1699    mrr@10 : 0.3395    ndcg@10 : 0.1894    hit@10 : 0.6575    precision@10 : 0.1303
Fri 20 Jan 2023 00:32:39 INFO  Saving current: saved/KGAT-Jan-20-2023_00-31-04.pth
Fri 20 Jan 2023 00:32:43 INFO  epoch 23 training [time: 3.74s, train_loss1: 11.2539, train_loss2: 3.7813]
Fri 20 Jan 2023 00:32:43 INFO  epoch 23 evaluating [time: 0.20s, valid_score: 0.343600]
Fri 20 Jan 2023 00:32:43 INFO  valid result: 
recall@10 : 0.1708    mrr@10 : 0.3436    ndcg@10 : 0.1915    hit@10 : 0.6628    precision@10 : 0.1315
Fri 20 Jan 2023 00:32:43 INFO  Saving current: saved/KGAT-Jan-20-2023_00-31-04.pth
Fri 20 Jan 2023 00:32:47 INFO  epoch 24 training [time: 3.96s, train_loss1: 11.0242, train_loss2: 3.6472]
Fri 20 Jan 2023 00:32:47 INFO  epoch 24 evaluating [time: 0.21s, valid_score: 0.344000]
Fri 20 Jan 2023 00:32:47 INFO  valid result: 
recall@10 : 0.1755    mrr@10 : 0.344    ndcg@10 : 0.1948    hit@10 : 0.6713    precision@10 : 0.1347
Fri 20 Jan 2023 00:32:47 INFO  Saving current: saved/KGAT-Jan-20-2023_00-31-04.pth
Fri 20 Jan 2023 00:32:51 INFO  epoch 25 training [time: 3.77s, train_loss1: 10.8415, train_loss2: 3.6460]
Fri 20 Jan 2023 00:32:51 INFO  epoch 25 evaluating [time: 0.19s, valid_score: 0.353400]
Fri 20 Jan 2023 00:32:51 INFO  valid result: 
recall@10 : 0.1769    mrr@10 : 0.3534    ndcg@10 : 0.1979    hit@10 : 0.6734    precision@10 : 0.1358
Fri 20 Jan 2023 00:32:51 INFO  Saving current: saved/KGAT-Jan-20-2023_00-31-04.pth
Fri 20 Jan 2023 00:32:55 INFO  epoch 26 training [time: 3.76s, train_loss1: 10.6266, train_loss2: 3.6370]
Fri 20 Jan 2023 00:32:55 INFO  epoch 26 evaluating [time: 0.20s, valid_score: 0.346100]
Fri 20 Jan 2023 00:32:55 INFO  valid result: 
recall@10 : 0.1786    mrr@10 : 0.3461    ndcg@10 : 0.1978    hit@10 : 0.6702    precision@10 : 0.1373
Fri 20 Jan 2023 00:32:59 INFO  epoch 27 training [time: 3.83s, train_loss1: 10.3734, train_loss2: 3.3528]
Fri 20 Jan 2023 00:32:59 INFO  epoch 27 evaluating [time: 0.20s, valid_score: 0.348800]
Fri 20 Jan 2023 00:32:59 INFO  valid result: 
recall@10 : 0.1783    mrr@10 : 0.3488    ndcg@10 : 0.1988    hit@10 : 0.6755    precision@10 : 0.1376
Fri 20 Jan 2023 00:33:03 INFO  epoch 28 training [time: 4.06s, train_loss1: 10.3245, train_loss2: 3.2527]
Fri 20 Jan 2023 00:33:03 INFO  epoch 28 evaluating [time: 0.20s, valid_score: 0.352900]
Fri 20 Jan 2023 00:33:03 INFO  valid result: 
recall@10 : 0.179    mrr@10 : 0.3529    ndcg@10 : 0.2002    hit@10 : 0.6734    precision@10 : 0.1382
Fri 20 Jan 2023 00:33:07 INFO  epoch 29 training [time: 3.69s, train_loss1: 10.1037, train_loss2: 3.1385]
Fri 20 Jan 2023 00:33:07 INFO  epoch 29 evaluating [time: 0.20s, valid_score: 0.352000]
Fri 20 Jan 2023 00:33:07 INFO  valid result: 
recall@10 : 0.1807    mrr@10 : 0.352    ndcg@10 : 0.2008    hit@10 : 0.6766    precision@10 : 0.1386
Fri 20 Jan 2023 00:33:11 INFO  epoch 30 training [time: 3.78s, train_loss1: 9.9589, train_loss2: 3.0330]
Fri 20 Jan 2023 00:33:11 INFO  epoch 30 evaluating [time: 0.20s, valid_score: 0.353500]
Fri 20 Jan 2023 00:33:11 INFO  valid result: 
recall@10 : 0.1819    mrr@10 : 0.3535    ndcg@10 : 0.2015    hit@10 : 0.6829    precision@10 : 0.139
Fri 20 Jan 2023 00:33:11 INFO  Saving current: saved/KGAT-Jan-20-2023_00-31-04.pth
Fri 20 Jan 2023 00:33:15 INFO  epoch 31 training [time: 3.72s, train_loss1: 9.8859, train_loss2: 2.9354]
Fri 20 Jan 2023 00:33:15 INFO  epoch 31 evaluating [time: 0.19s, valid_score: 0.354000]
Fri 20 Jan 2023 00:33:15 INFO  valid result: 
recall@10 : 0.1814    mrr@10 : 0.354    ndcg@10 : 0.2021    hit@10 : 0.6829    precision@10 : 0.1387
Fri 20 Jan 2023 00:33:15 INFO  Saving current: saved/KGAT-Jan-20-2023_00-31-04.pth
Fri 20 Jan 2023 00:33:19 INFO  epoch 32 training [time: 3.71s, train_loss1: 9.6750, train_loss2: 2.8638]
Fri 20 Jan 2023 00:33:19 INFO  epoch 32 evaluating [time: 0.19s, valid_score: 0.353000]
Fri 20 Jan 2023 00:33:19 INFO  valid result: 
recall@10 : 0.1818    mrr@10 : 0.353    ndcg@10 : 0.2029    hit@10 : 0.6797    precision@10 : 0.1391
Fri 20 Jan 2023 00:33:23 INFO  epoch 33 training [time: 3.78s, train_loss1: 9.6448, train_loss2: 2.7540]
Fri 20 Jan 2023 00:33:23 INFO  epoch 33 evaluating [time: 0.19s, valid_score: 0.360000]
Fri 20 Jan 2023 00:33:23 INFO  valid result: 
recall@10 : 0.1828    mrr@10 : 0.36    ndcg@10 : 0.2057    hit@10 : 0.6776    precision@10 : 0.1408
Fri 20 Jan 2023 00:33:23 INFO  Saving current: saved/KGAT-Jan-20-2023_00-31-04.pth
Fri 20 Jan 2023 00:33:27 INFO  epoch 34 training [time: 3.78s, train_loss1: 9.4737, train_loss2: 2.5854]
Fri 20 Jan 2023 00:33:27 INFO  epoch 34 evaluating [time: 0.19s, valid_score: 0.361000]
Fri 20 Jan 2023 00:33:27 INFO  valid result: 
recall@10 : 0.1821    mrr@10 : 0.361    ndcg@10 : 0.2046    hit@10 : 0.6766    precision@10 : 0.14
Fri 20 Jan 2023 00:33:27 INFO  Saving current: saved/KGAT-Jan-20-2023_00-31-04.pth
Fri 20 Jan 2023 00:33:31 INFO  epoch 35 training [time: 3.75s, train_loss1: 9.5421, train_loss2: 2.5937]
Fri 20 Jan 2023 00:33:31 INFO  epoch 35 evaluating [time: 0.19s, valid_score: 0.362200]
Fri 20 Jan 2023 00:33:31 INFO  valid result: 
recall@10 : 0.182    mrr@10 : 0.3622    ndcg@10 : 0.2054    hit@10 : 0.6744    precision@10 : 0.1397
Fri 20 Jan 2023 00:33:31 INFO  Saving current: saved/KGAT-Jan-20-2023_00-31-04.pth
Fri 20 Jan 2023 00:33:35 INFO  epoch 36 training [time: 3.84s, train_loss1: 9.2383, train_loss2: 2.4781]
Fri 20 Jan 2023 00:33:35 INFO  epoch 36 evaluating [time: 0.19s, valid_score: 0.358500]
Fri 20 Jan 2023 00:33:35 INFO  valid result: 
recall@10 : 0.1865    mrr@10 : 0.3585    ndcg@10 : 0.205    hit@10 : 0.6882    precision@10 : 0.141
Fri 20 Jan 2023 00:33:39 INFO  epoch 37 training [time: 3.74s, train_loss1: 9.1929, train_loss2: 2.4227]
Fri 20 Jan 2023 00:33:39 INFO  epoch 37 evaluating [time: 0.19s, valid_score: 0.357800]
Fri 20 Jan 2023 00:33:39 INFO  valid result: 
recall@10 : 0.1822    mrr@10 : 0.3578    ndcg@10 : 0.2042    hit@10 : 0.6713    precision@10 : 0.1404
Fri 20 Jan 2023 00:33:43 INFO  epoch 38 training [time: 3.97s, train_loss1: 9.2333, train_loss2: 2.3502]
Fri 20 Jan 2023 00:33:44 INFO  epoch 38 evaluating [time: 0.20s, valid_score: 0.361200]
Fri 20 Jan 2023 00:33:44 INFO  valid result: 
recall@10 : 0.1866    mrr@10 : 0.3612    ndcg@10 : 0.2069    hit@10 : 0.6819    precision@10 : 0.1421
Fri 20 Jan 2023 00:33:47 INFO  epoch 39 training [time: 3.75s, train_loss1: 9.0371, train_loss2: 2.3250]
Fri 20 Jan 2023 00:33:47 INFO  epoch 39 evaluating [time: 0.19s, valid_score: 0.364800]
Fri 20 Jan 2023 00:33:47 INFO  valid result: 
recall@10 : 0.1903    mrr@10 : 0.3648    ndcg@10 : 0.2093    hit@10 : 0.6935    precision@10 : 0.1439
Fri 20 Jan 2023 00:33:48 INFO  Saving current: saved/KGAT-Jan-20-2023_00-31-04.pth
Fri 20 Jan 2023 00:33:51 INFO  epoch 40 training [time: 3.75s, train_loss1: 8.9883, train_loss2: 2.2492]
Fri 20 Jan 2023 00:33:51 INFO  epoch 40 evaluating [time: 0.19s, valid_score: 0.365600]
Fri 20 Jan 2023 00:33:51 INFO  valid result: 
recall@10 : 0.1904    mrr@10 : 0.3656    ndcg@10 : 0.2099    hit@10 : 0.6946    precision@10 : 0.1441
Fri 20 Jan 2023 00:33:52 INFO  Saving current: saved/KGAT-Jan-20-2023_00-31-04.pth
Fri 20 Jan 2023 00:33:56 INFO  epoch 41 training [time: 4.00s, train_loss1: 8.8537, train_loss2: 2.1566]
Fri 20 Jan 2023 00:33:56 INFO  epoch 41 evaluating [time: 0.19s, valid_score: 0.368300]
Fri 20 Jan 2023 00:33:56 INFO  valid result: 
recall@10 : 0.1887    mrr@10 : 0.3683    ndcg@10 : 0.2102    hit@10 : 0.6925    precision@10 : 0.1445
Fri 20 Jan 2023 00:33:56 INFO  Saving current: saved/KGAT-Jan-20-2023_00-31-04.pth
Fri 20 Jan 2023 00:34:00 INFO  epoch 42 training [time: 3.72s, train_loss1: 8.7559, train_loss2: 2.1239]
Fri 20 Jan 2023 00:34:00 INFO  epoch 42 evaluating [time: 0.19s, valid_score: 0.367300]
Fri 20 Jan 2023 00:34:00 INFO  valid result: 
recall@10 : 0.1865    mrr@10 : 0.3673    ndcg@10 : 0.21    hit@10 : 0.6946    precision@10 : 0.1453
Fri 20 Jan 2023 00:34:03 INFO  epoch 43 training [time: 3.76s, train_loss1: 8.6968, train_loss2: 2.0948]
Fri 20 Jan 2023 00:34:04 INFO  epoch 43 evaluating [time: 0.19s, valid_score: 0.375000]
Fri 20 Jan 2023 00:34:04 INFO  valid result: 
recall@10 : 0.1868    mrr@10 : 0.375    ndcg@10 : 0.211    hit@10 : 0.6988    precision@10 : 0.1446
Fri 20 Jan 2023 00:34:04 INFO  Saving current: saved/KGAT-Jan-20-2023_00-31-04.pth
Fri 20 Jan 2023 00:34:07 INFO  epoch 44 training [time: 3.74s, train_loss1: 8.5134, train_loss2: 2.1061]
Fri 20 Jan 2023 00:34:08 INFO  epoch 44 evaluating [time: 0.20s, valid_score: 0.372600]
Fri 20 Jan 2023 00:34:08 INFO  valid result: 
recall@10 : 0.1883    mrr@10 : 0.3726    ndcg@10 : 0.2128    hit@10 : 0.6999    precision@10 : 0.1476
Fri 20 Jan 2023 00:34:12 INFO  epoch 45 training [time: 3.91s, train_loss1: 8.5009, train_loss2: 2.0366]
Fri 20 Jan 2023 00:34:12 INFO  epoch 45 evaluating [time: 0.19s, valid_score: 0.371900]
Fri 20 Jan 2023 00:34:12 INFO  valid result: 
recall@10 : 0.1898    mrr@10 : 0.3719    ndcg@10 : 0.2136    hit@10 : 0.6999    precision@10 : 0.1481
Fri 20 Jan 2023 00:34:16 INFO  epoch 46 training [time: 3.94s, train_loss1: 8.3298, train_loss2: 1.9935]
Fri 20 Jan 2023 00:34:16 INFO  epoch 46 evaluating [time: 0.22s, valid_score: 0.375800]
Fri 20 Jan 2023 00:34:16 INFO  valid result: 
recall@10 : 0.1918    mrr@10 : 0.3758    ndcg@10 : 0.2152    hit@10 : 0.7094    precision@10 : 0.1486
Fri 20 Jan 2023 00:34:16 INFO  Saving current: saved/KGAT-Jan-20-2023_00-31-04.pth
Fri 20 Jan 2023 00:34:20 INFO  epoch 47 training [time: 3.77s, train_loss1: 8.3081, train_loss2: 1.9176]
Fri 20 Jan 2023 00:34:20 INFO  epoch 47 evaluating [time: 0.20s, valid_score: 0.377400]
Fri 20 Jan 2023 00:34:20 INFO  valid result: 
recall@10 : 0.1936    mrr@10 : 0.3774    ndcg@10 : 0.2161    hit@10 : 0.7041    precision@10 : 0.1487
Fri 20 Jan 2023 00:34:20 INFO  Saving current: saved/KGAT-Jan-20-2023_00-31-04.pth
Fri 20 Jan 2023 00:34:24 INFO  epoch 48 training [time: 3.78s, train_loss1: 8.1655, train_loss2: 1.8976]
Fri 20 Jan 2023 00:34:24 INFO  epoch 48 evaluating [time: 0.20s, valid_score: 0.379300]
Fri 20 Jan 2023 00:34:24 INFO  valid result: 
recall@10 : 0.1914    mrr@10 : 0.3793    ndcg@10 : 0.2165    hit@10 : 0.6957    precision@10 : 0.1484
Fri 20 Jan 2023 00:34:24 INFO  Saving current: saved/KGAT-Jan-20-2023_00-31-04.pth
Fri 20 Jan 2023 00:34:28 INFO  epoch 49 training [time: 3.77s, train_loss1: 8.1747, train_loss2: 1.9055]
Fri 20 Jan 2023 00:34:28 INFO  epoch 49 evaluating [time: 0.20s, valid_score: 0.383400]
Fri 20 Jan 2023 00:34:28 INFO  valid result: 
recall@10 : 0.1966    mrr@10 : 0.3834    ndcg@10 : 0.2197    hit@10 : 0.7147    precision@10 : 0.1501
Fri 20 Jan 2023 00:34:28 INFO  Saving current: saved/KGAT-Jan-20-2023_00-31-04.pth
Fri 20 Jan 2023 00:34:32 INFO  epoch 50 training [time: 3.76s, train_loss1: 8.0722, train_loss2: 1.8492]
Fri 20 Jan 2023 00:34:32 INFO  epoch 50 evaluating [time: 0.20s, valid_score: 0.383500]
Fri 20 Jan 2023 00:34:32 INFO  valid result: 
recall@10 : 0.1972    mrr@10 : 0.3835    ndcg@10 : 0.2207    hit@10 : 0.7116    precision@10 : 0.1512
Fri 20 Jan 2023 00:34:32 INFO  Saving current: saved/KGAT-Jan-20-2023_00-31-04.pth
Fri 20 Jan 2023 00:34:36 INFO  epoch 51 training [time: 3.72s, train_loss1: 7.9073, train_loss2: 1.8757]
Fri 20 Jan 2023 00:34:36 INFO  epoch 51 evaluating [time: 0.20s, valid_score: 0.383600]
Fri 20 Jan 2023 00:34:36 INFO  valid result: 
recall@10 : 0.1936    mrr@10 : 0.3836    ndcg@10 : 0.2196    hit@10 : 0.7084    precision@10 : 0.1497
Fri 20 Jan 2023 00:34:36 INFO  Saving current: saved/KGAT-Jan-20-2023_00-31-04.pth
Fri 20 Jan 2023 00:34:40 INFO  epoch 52 training [time: 3.77s, train_loss1: 7.8252, train_loss2: 1.7833]
Fri 20 Jan 2023 00:34:40 INFO  epoch 52 evaluating [time: 0.20s, valid_score: 0.385200]
Fri 20 Jan 2023 00:34:40 INFO  valid result: 
recall@10 : 0.1959    mrr@10 : 0.3852    ndcg@10 : 0.2203    hit@10 : 0.7169    precision@10 : 0.1502
Fri 20 Jan 2023 00:34:40 INFO  Saving current: saved/KGAT-Jan-20-2023_00-31-04.pth
Fri 20 Jan 2023 00:34:44 INFO  epoch 53 training [time: 4.09s, train_loss1: 7.6869, train_loss2: 1.7482]
Fri 20 Jan 2023 00:34:44 INFO  epoch 53 evaluating [time: 0.20s, valid_score: 0.386400]
Fri 20 Jan 2023 00:34:44 INFO  valid result: 
recall@10 : 0.1955    mrr@10 : 0.3864    ndcg@10 : 0.2198    hit@10 : 0.7169    precision@10 : 0.1495
Fri 20 Jan 2023 00:34:45 INFO  Saving current: saved/KGAT-Jan-20-2023_00-31-04.pth
Fri 20 Jan 2023 00:34:48 INFO  epoch 54 training [time: 3.87s, train_loss1: 7.7087, train_loss2: 1.7290]
Fri 20 Jan 2023 00:34:49 INFO  epoch 54 evaluating [time: 0.20s, valid_score: 0.386800]
Fri 20 Jan 2023 00:34:49 INFO  valid result: 
recall@10 : 0.2001    mrr@10 : 0.3868    ndcg@10 : 0.2215    hit@10 : 0.7232    precision@10 : 0.1513
Fri 20 Jan 2023 00:34:49 INFO  Saving current: saved/KGAT-Jan-20-2023_00-31-04.pth
Fri 20 Jan 2023 00:34:53 INFO  epoch 55 training [time: 3.86s, train_loss1: 7.5569, train_loss2: 1.6674]
Fri 20 Jan 2023 00:34:53 INFO  epoch 55 evaluating [time: 0.20s, valid_score: 0.385800]
Fri 20 Jan 2023 00:34:53 INFO  valid result: 
recall@10 : 0.2042    mrr@10 : 0.3858    ndcg@10 : 0.224    hit@10 : 0.7243    precision@10 : 0.1533
Fri 20 Jan 2023 00:34:57 INFO  epoch 56 training [time: 3.85s, train_loss1: 7.5799, train_loss2: 1.6891]
Fri 20 Jan 2023 00:34:57 INFO  epoch 56 evaluating [time: 0.20s, valid_score: 0.384300]
Fri 20 Jan 2023 00:34:57 INFO  valid result: 
recall@10 : 0.2022    mrr@10 : 0.3843    ndcg@10 : 0.2234    hit@10 : 0.7211    precision@10 : 0.1534
Fri 20 Jan 2023 00:35:01 INFO  epoch 57 training [time: 3.77s, train_loss1: 7.3893, train_loss2: 1.6447]
Fri 20 Jan 2023 00:35:01 INFO  epoch 57 evaluating [time: 0.20s, valid_score: 0.387700]
Fri 20 Jan 2023 00:35:01 INFO  valid result: 
recall@10 : 0.2018    mrr@10 : 0.3877    ndcg@10 : 0.2241    hit@10 : 0.7211    precision@10 : 0.1538
Fri 20 Jan 2023 00:35:01 INFO  Saving current: saved/KGAT-Jan-20-2023_00-31-04.pth
Fri 20 Jan 2023 00:35:05 INFO  epoch 58 training [time: 3.78s, train_loss1: 7.4405, train_loss2: 1.6471]
Fri 20 Jan 2023 00:35:05 INFO  epoch 58 evaluating [time: 0.20s, valid_score: 0.390500]
Fri 20 Jan 2023 00:35:05 INFO  valid result: 
recall@10 : 0.2029    mrr@10 : 0.3905    ndcg@10 : 0.2242    hit@10 : 0.7306    precision@10 : 0.1533
Fri 20 Jan 2023 00:35:05 INFO  Saving current: saved/KGAT-Jan-20-2023_00-31-04.pth
Fri 20 Jan 2023 00:35:09 INFO  epoch 59 training [time: 3.96s, train_loss1: 7.3068, train_loss2: 1.6065]
Fri 20 Jan 2023 00:35:09 INFO  epoch 59 evaluating [time: 0.19s, valid_score: 0.394400]
Fri 20 Jan 2023 00:35:09 INFO  valid result: 
recall@10 : 0.2053    mrr@10 : 0.3944    ndcg@10 : 0.2272    hit@10 : 0.737    precision@10 : 0.1549
Fri 20 Jan 2023 00:35:09 INFO  Saving current: saved/KGAT-Jan-20-2023_00-31-04.pth
Fri 20 Jan 2023 00:35:13 INFO  epoch 60 training [time: 3.75s, train_loss1: 7.2353, train_loss2: 1.5770]
Fri 20 Jan 2023 00:35:13 INFO  epoch 60 evaluating [time: 0.20s, valid_score: 0.390400]
Fri 20 Jan 2023 00:35:13 INFO  valid result: 
recall@10 : 0.2036    mrr@10 : 0.3904    ndcg@10 : 0.2251    hit@10 : 0.7317    precision@10 : 0.1533
Fri 20 Jan 2023 00:35:17 INFO  epoch 61 training [time: 3.80s, train_loss1: 7.0989, train_loss2: 1.5538]
Fri 20 Jan 2023 00:35:17 INFO  epoch 61 evaluating [time: 0.20s, valid_score: 0.397000]
Fri 20 Jan 2023 00:35:17 INFO  valid result: 
recall@10 : 0.205    mrr@10 : 0.397    ndcg@10 : 0.2283    hit@10 : 0.7359    precision@10 : 0.1555
Fri 20 Jan 2023 00:35:17 INFO  Saving current: saved/KGAT-Jan-20-2023_00-31-04.pth
Fri 20 Jan 2023 00:35:21 INFO  epoch 62 training [time: 3.85s, train_loss1: 7.0819, train_loss2: 1.5424]
Fri 20 Jan 2023 00:35:21 INFO  epoch 62 evaluating [time: 0.20s, valid_score: 0.398400]
Fri 20 Jan 2023 00:35:21 INFO  valid result: 
recall@10 : 0.2057    mrr@10 : 0.3984    ndcg@10 : 0.2287    hit@10 : 0.7359    precision@10 : 0.1552
Fri 20 Jan 2023 00:35:21 INFO  Saving current: saved/KGAT-Jan-20-2023_00-31-04.pth
Fri 20 Jan 2023 00:35:25 INFO  epoch 63 training [time: 3.78s, train_loss1: 7.0237, train_loss2: 1.4811]
Fri 20 Jan 2023 00:35:25 INFO  epoch 63 evaluating [time: 0.20s, valid_score: 0.395700]
Fri 20 Jan 2023 00:35:25 INFO  valid result: 
recall@10 : 0.2063    mrr@10 : 0.3957    ndcg@10 : 0.2281    hit@10 : 0.7338    precision@10 : 0.1549
Fri 20 Jan 2023 00:35:29 INFO  epoch 64 training [time: 3.78s, train_loss1: 6.9057, train_loss2: 1.4566]
Fri 20 Jan 2023 00:35:29 INFO  epoch 64 evaluating [time: 0.20s, valid_score: 0.394200]
Fri 20 Jan 2023 00:35:29 INFO  valid result: 
recall@10 : 0.2066    mrr@10 : 0.3942    ndcg@10 : 0.2283    hit@10 : 0.7306    precision@10 : 0.1551
Fri 20 Jan 2023 00:35:33 INFO  epoch 65 training [time: 3.99s, train_loss1: 6.9456, train_loss2: 1.4592]
Fri 20 Jan 2023 00:35:33 INFO  epoch 65 evaluating [time: 0.20s, valid_score: 0.395700]
Fri 20 Jan 2023 00:35:33 INFO  valid result: 
recall@10 : 0.2094    mrr@10 : 0.3957    ndcg@10 : 0.2305    hit@10 : 0.737    precision@10 : 0.1564
Fri 20 Jan 2023 00:35:37 INFO  epoch 66 training [time: 3.74s, train_loss1: 6.8922, train_loss2: 1.3823]
Fri 20 Jan 2023 00:35:37 INFO  epoch 66 evaluating [time: 0.20s, valid_score: 0.396100]
Fri 20 Jan 2023 00:35:37 INFO  valid result: 
recall@10 : 0.2104    mrr@10 : 0.3961    ndcg@10 : 0.2305    hit@10 : 0.7359    precision@10 : 0.1567
Fri 20 Jan 2023 00:35:41 INFO  epoch 67 training [time: 3.77s, train_loss1: 6.8418, train_loss2: 1.4341]
Fri 20 Jan 2023 00:35:41 INFO  epoch 67 evaluating [time: 0.20s, valid_score: 0.391000]
Fri 20 Jan 2023 00:35:41 INFO  valid result: 
recall@10 : 0.2096    mrr@10 : 0.391    ndcg@10 : 0.2293    hit@10 : 0.7381    precision@10 : 0.1567
Fri 20 Jan 2023 00:35:45 INFO  epoch 68 training [time: 3.77s, train_loss1: 6.6814, train_loss2: 1.3997]
Fri 20 Jan 2023 00:35:45 INFO  epoch 68 evaluating [time: 0.20s, valid_score: 0.393700]
Fri 20 Jan 2023 00:35:45 INFO  valid result: 
recall@10 : 0.2127    mrr@10 : 0.3937    ndcg@10 : 0.2318    hit@10 : 0.7423    precision@10 : 0.1584
Fri 20 Jan 2023 00:35:49 INFO  epoch 69 training [time: 3.98s, train_loss1: 6.6692, train_loss2: 1.4696]
Fri 20 Jan 2023 00:35:49 INFO  epoch 69 evaluating [time: 0.20s, valid_score: 0.386800]
Fri 20 Jan 2023 00:35:49 INFO  valid result: 
recall@10 : 0.2095    mrr@10 : 0.3868    ndcg@10 : 0.2278    hit@10 : 0.7338    precision@10 : 0.1561
Fri 20 Jan 2023 00:35:53 INFO  epoch 70 training [time: 3.77s, train_loss1: 6.6697, train_loss2: 1.3719]
Fri 20 Jan 2023 00:35:53 INFO  epoch 70 evaluating [time: 0.20s, valid_score: 0.387700]
Fri 20 Jan 2023 00:35:53 INFO  valid result: 
recall@10 : 0.2114    mrr@10 : 0.3877    ndcg@10 : 0.2304    hit@10 : 0.737    precision@10 : 0.1598
Fri 20 Jan 2023 00:35:57 INFO  epoch 71 training [time: 3.75s, train_loss1: 6.5650, train_loss2: 1.3675]
Fri 20 Jan 2023 00:35:57 INFO  epoch 71 evaluating [time: 0.20s, valid_score: 0.389400]
Fri 20 Jan 2023 00:35:57 INFO  valid result: 
recall@10 : 0.2096    mrr@10 : 0.3894    ndcg@10 : 0.229    hit@10 : 0.7413    precision@10 : 0.1569
Fri 20 Jan 2023 00:36:01 INFO  epoch 72 training [time: 3.83s, train_loss1: 6.4955, train_loss2: 1.3938]
Fri 20 Jan 2023 00:36:01 INFO  epoch 72 evaluating [time: 0.20s, valid_score: 0.387300]
Fri 20 Jan 2023 00:36:01 INFO  valid result: 
recall@10 : 0.2116    mrr@10 : 0.3873    ndcg@10 : 0.2288    hit@10 : 0.7413    precision@10 : 0.1574
Fri 20 Jan 2023 00:36:05 INFO  epoch 73 training [time: 3.84s, train_loss1: 6.5442, train_loss2: 1.3524]
Fri 20 Jan 2023 00:36:05 INFO  epoch 73 evaluating [time: 0.20s, valid_score: 0.388900]
Fri 20 Jan 2023 00:36:05 INFO  valid result: 
recall@10 : 0.2112    mrr@10 : 0.3889    ndcg@10 : 0.229    hit@10 : 0.7476    precision@10 : 0.1568
Fri 20 Jan 2023 00:36:05 INFO  Finished training, best eval result in epoch 62
Fri 20 Jan 2023 00:36:06 INFO  Loading model structure and parameters from saved/KGAT-Jan-20-2023_00-31-04.pth
Fri 20 Jan 2023 00:36:06 INFO  best valid : OrderedDict([('recall@10', 0.2057), ('mrr@10', 0.3984), ('ndcg@10', 0.2287), ('hit@10', 0.7359), ('precision@10', 0.1552)])
Fri 20 Jan 2023 00:36:06 INFO  test result: OrderedDict([('recall@10', 0.2373), ('mrr@10', 0.4563), ('ndcg@10', 0.277), ('hit@10', 0.7635), ('precision@10', 0.1909)])
