Thu 26 Jan 2023 18:42:42 INFO  momentum
Thu 26 Jan 2023 18:42:42 INFO  ['recbole_test.py']
Thu 26 Jan 2023 18:42:42 INFO  
General Hyper Parameters:
gpu_id = 0
use_gpu = True
seed = 2020
state = INFO
reproducibility = True
data_path = /work/03/gu14/k36095/kgat_bai/recbole/config/../dataset_example/ml-100k
checkpoint_dir = saved
show_progress = True
save_dataset = True
dataset_save_path = None
save_dataloaders = False
dataloaders_save_path = None
log_wandb = False

Training Hyper Parameters:
epochs = 300
train_batch_size = 2048
learner = rmsprop
learning_rate = 0.001
train_neg_sample_args = {'distribution': 'uniform', 'sample_num': 1, 'alpha': 1.0, 'dynamic': False, 'candidate_num': 0}
eval_step = 1
stopping_step = 10
clip_grad_norm = None
weight_decay = 0.0
loss_decimal_place = 4

Evaluation Hyper Parameters:
eval_args = {'split': {'RS': [0.8, 0.1, 0.1]}, 'group_by': 'user', 'order': 'RO', 'mode': 'full'}
repeatable = False
metrics = ['Recall', 'MRR', 'NDCG', 'Hit', 'Precision']
topk = [10]
valid_metric = MRR@10
valid_metric_bigger = True
eval_batch_size = 4096
metric_decimal_place = 4

Dataset Hyper Parameters:
field_separator = 	
seq_separator =  
USER_ID_FIELD = user_id
ITEM_ID_FIELD = item_id
RATING_FIELD = rating
TIME_FIELD = timestamp
seq_len = None
LABEL_FIELD = label
threshold = None
NEG_PREFIX = neg_
load_col = {'inter': ['user_id', 'item_id', 'rating', 'timestamp'], 'kg': ['head_id', 'relation_id', 'tail_id'], 'link': ['item_id', 'entity_id']}
unload_col = None
unused_col = None
additional_feat_suffix = None
rm_dup_inter = None
val_interval = None
filter_inter_by_user_or_item = True
user_inter_num_interval = None
item_inter_num_interval = None
alias_of_user_id = None
alias_of_item_id = None
alias_of_entity_id = None
alias_of_relation_id = None
preload_weight = None
normalize_field = None
normalize_all = True
ITEM_LIST_LENGTH_FIELD = item_length
LIST_SUFFIX = _list
MAX_ITEM_LIST_LENGTH = 50
POSITION_FIELD = position_id
HEAD_ENTITY_ID_FIELD = head_id
TAIL_ENTITY_ID_FIELD = tail_id
RELATION_ID_FIELD = relation_id
ENTITY_ID_FIELD = entity_id
kg_reverse_r = False
entity_kg_num_interval = [0,inf)
relation_kg_num_interval = [0,inf)
benchmark_filename = None

Other Hyper Parameters: 
worker = 0
wandb_project = recbole
shuffle = True
require_pow = False
enable_amp = False
enable_scaler = False
transform = None
embedding_size = 64
kg_embedding_size = 64
layers = [64]
mess_dropout = 0.1
reg_weight = 1e-05
aggregator_type = bi
numerical_features = []
discretization = None
MODEL_TYPE = ModelType.KNOWLEDGE
MODEL_INPUT_TYPE = InputType.PAIRWISE
eval_type = EvaluatorType.RANKING
single_spec = True
local_rank = 0
device = cpu
eval_neg_sample_args = {'distribution': 'uniform', 'sample_num': 'none'}


Thu 26 Jan 2023 18:42:43 INFO  Saving filtered dataset into [saved/ml-100k-dataset.pth]
Thu 26 Jan 2023 18:42:43 INFO  ml-100k
The number of users: 944
Average actions of users: 103.4506892895016
The number of items: 1599
Average actions of items: 61.04755944931164
The number of inters: 97554
The sparsity of the dataset: 93.53714185772888%
Remain Fields: ['entity_id', 'user_id', 'item_id', 'rating', 'timestamp', 'head_id', 'relation_id', 'tail_id']
The number of entities: 34629
The number of relations: 26
The number of triples: 91631
The number of items that have been linked to KG: 1598
Thu 26 Jan 2023 18:42:44 INFO  [Training]: train_batch_size = [2048] train_neg_sample_args: [{'distribution': 'uniform', 'sample_num': 1, 'alpha': 1.0, 'dynamic': False, 'candidate_num': 0}]
Thu 26 Jan 2023 18:42:44 INFO  [Evaluation]: eval_batch_size = [4096] eval_args: [{'split': {'RS': [0.8, 0.1, 0.1]}, 'group_by': 'user', 'order': 'RO', 'mode': 'full'}]
Thu 26 Jan 2023 18:42:45 INFO  KGAT(
  (user_embedding): Embedding(944, 64)
  (entity_embedding): Embedding(34629, 64)
  (relation_embedding): Embedding(26, 64)
  (trans_w): Embedding(26, 4096)
  (aggregator_layers): ModuleList(
    (0): Aggregator(
      (message_dropout): Dropout(p=0.1, inplace=False)
      (W1): Linear(in_features=64, out_features=64, bias=True)
      (W2): Linear(in_features=64, out_features=64, bias=True)
      (activation): LeakyReLU(negative_slope=0.01)
    )
  )
  (tanh): Tanh()
  (mf_loss): BPRLoss()
  (reg_loss): EmbLoss()
)
Trainable parameters: 2393152
Thu 26 Jan 2023 18:42:45 INFO  FLOPs: 291414016.0
Thu 26 Jan 2023 18:42:49 INFO  epoch 0 training [time: 4.31s, train_loss1: 26.7761, train_loss2: 31.1894]
Thu 26 Jan 2023 18:42:50 INFO  epoch 0 evaluating [time: 0.23s, valid_score: 0.015600]
Thu 26 Jan 2023 18:42:50 INFO  valid result: 
recall@10 : 0.0046    mrr@10 : 0.0156    ndcg@10 : 0.0062    hit@10 : 0.0573    precision@10 : 0.0059
Thu 26 Jan 2023 18:42:50 INFO  Saving current: saved/KGAT-Jan-26-2023_18-42-45.pth
Thu 26 Jan 2023 18:42:53 INFO  epoch 1 training [time: 3.67s, train_loss1: 26.7496, train_loss2: 31.1893]
Thu 26 Jan 2023 18:42:53 INFO  epoch 1 evaluating [time: 0.19s, valid_score: 0.016700]
Thu 26 Jan 2023 18:42:53 INFO  valid result: 
recall@10 : 0.0048    mrr@10 : 0.0167    ndcg@10 : 0.0066    hit@10 : 0.0583    precision@10 : 0.0062
Thu 26 Jan 2023 18:42:53 INFO  Saving current: saved/KGAT-Jan-26-2023_18-42-45.pth
Thu 26 Jan 2023 18:42:57 INFO  epoch 2 training [time: 3.46s, train_loss1: 26.7142, train_loss2: 31.1891]
Thu 26 Jan 2023 18:42:57 INFO  epoch 2 evaluating [time: 0.21s, valid_score: 0.017500]
Thu 26 Jan 2023 18:42:57 INFO  valid result: 
recall@10 : 0.005    mrr@10 : 0.0175    ndcg@10 : 0.0069    hit@10 : 0.0626    precision@10 : 0.0066
Thu 26 Jan 2023 18:42:57 INFO  Saving current: saved/KGAT-Jan-26-2023_18-42-45.pth
Thu 26 Jan 2023 18:43:01 INFO  epoch 3 training [time: 3.56s, train_loss1: 26.6865, train_loss2: 31.1893]
Thu 26 Jan 2023 18:43:01 INFO  epoch 3 evaluating [time: 0.20s, valid_score: 0.018400]
Thu 26 Jan 2023 18:43:01 INFO  valid result: 
recall@10 : 0.0052    mrr@10 : 0.0184    ndcg@10 : 0.0073    hit@10 : 0.0679    precision@10 : 0.0071
Thu 26 Jan 2023 18:43:01 INFO  Saving current: saved/KGAT-Jan-26-2023_18-42-45.pth
Thu 26 Jan 2023 18:43:05 INFO  epoch 4 training [time: 3.69s, train_loss1: 26.6822, train_loss2: 31.1886]
Thu 26 Jan 2023 18:43:05 INFO  epoch 4 evaluating [time: 0.20s, valid_score: 0.018400]
Thu 26 Jan 2023 18:43:05 INFO  valid result: 
recall@10 : 0.0054    mrr@10 : 0.0184    ndcg@10 : 0.0072    hit@10 : 0.0689    precision@10 : 0.0071
Thu 26 Jan 2023 18:43:05 INFO  Saving current: saved/KGAT-Jan-26-2023_18-42-45.pth
Thu 26 Jan 2023 18:43:08 INFO  epoch 5 training [time: 3.54s, train_loss1: 26.6674, train_loss2: 31.1887]
Thu 26 Jan 2023 18:43:09 INFO  epoch 5 evaluating [time: 0.20s, valid_score: 0.018500]
Thu 26 Jan 2023 18:43:09 INFO  valid result: 
recall@10 : 0.0054    mrr@10 : 0.0185    ndcg@10 : 0.0073    hit@10 : 0.0689    precision@10 : 0.0071
Thu 26 Jan 2023 18:43:09 INFO  Saving current: saved/KGAT-Jan-26-2023_18-42-45.pth
Thu 26 Jan 2023 18:43:12 INFO  epoch 6 training [time: 3.55s, train_loss1: 26.6398, train_loss2: 31.1887]
Thu 26 Jan 2023 18:43:12 INFO  epoch 6 evaluating [time: 0.20s, valid_score: 0.018700]
Thu 26 Jan 2023 18:43:12 INFO  valid result: 
recall@10 : 0.0056    mrr@10 : 0.0187    ndcg@10 : 0.0074    hit@10 : 0.07    precision@10 : 0.0072
Thu 26 Jan 2023 18:43:13 INFO  Saving current: saved/KGAT-Jan-26-2023_18-42-45.pth
Thu 26 Jan 2023 18:43:16 INFO  epoch 7 training [time: 3.52s, train_loss1: 26.6247, train_loss2: 31.1890]
Thu 26 Jan 2023 18:43:16 INFO  epoch 7 evaluating [time: 0.19s, valid_score: 0.018500]
Thu 26 Jan 2023 18:43:16 INFO  valid result: 
recall@10 : 0.0055    mrr@10 : 0.0185    ndcg@10 : 0.0073    hit@10 : 0.0689    precision@10 : 0.0071
Thu 26 Jan 2023 18:43:20 INFO  epoch 8 training [time: 3.75s, train_loss1: 26.6294, train_loss2: 31.1893]
Thu 26 Jan 2023 18:43:20 INFO  epoch 8 evaluating [time: 0.24s, valid_score: 0.018300]
Thu 26 Jan 2023 18:43:20 INFO  valid result: 
recall@10 : 0.0055    mrr@10 : 0.0183    ndcg@10 : 0.0073    hit@10 : 0.07    precision@10 : 0.0072
Thu 26 Jan 2023 18:43:24 INFO  epoch 9 training [time: 4.19s, train_loss1: 26.6072, train_loss2: 31.1884]
Thu 26 Jan 2023 18:43:25 INFO  epoch 9 evaluating [time: 0.19s, valid_score: 0.018600]
Thu 26 Jan 2023 18:43:25 INFO  valid result: 
recall@10 : 0.0059    mrr@10 : 0.0186    ndcg@10 : 0.0075    hit@10 : 0.071    precision@10 : 0.0074
Thu 26 Jan 2023 18:43:28 INFO  epoch 10 training [time: 3.67s, train_loss1: 26.5918, train_loss2: 31.1888]
Thu 26 Jan 2023 18:43:28 INFO  epoch 10 evaluating [time: 0.19s, valid_score: 0.018800]
Thu 26 Jan 2023 18:43:28 INFO  valid result: 
recall@10 : 0.0059    mrr@10 : 0.0188    ndcg@10 : 0.0076    hit@10 : 0.0721    precision@10 : 0.0075
Thu 26 Jan 2023 18:43:29 INFO  Saving current: saved/KGAT-Jan-26-2023_18-42-45.pth
Thu 26 Jan 2023 18:43:32 INFO  epoch 11 training [time: 3.61s, train_loss1: 26.5798, train_loss2: 31.1885]
Thu 26 Jan 2023 18:43:32 INFO  epoch 11 evaluating [time: 0.19s, valid_score: 0.018700]
Thu 26 Jan 2023 18:43:32 INFO  valid result: 
recall@10 : 0.0059    mrr@10 : 0.0187    ndcg@10 : 0.0076    hit@10 : 0.071    precision@10 : 0.0074
Thu 26 Jan 2023 18:43:36 INFO  epoch 12 training [time: 3.55s, train_loss1: 26.5715, train_loss2: 31.1887]
Thu 26 Jan 2023 18:43:36 INFO  epoch 12 evaluating [time: 0.19s, valid_score: 0.019300]
Thu 26 Jan 2023 18:43:36 INFO  valid result: 
recall@10 : 0.0059    mrr@10 : 0.0193    ndcg@10 : 0.0077    hit@10 : 0.071    precision@10 : 0.0074
Thu 26 Jan 2023 18:43:36 INFO  Saving current: saved/KGAT-Jan-26-2023_18-42-45.pth
Thu 26 Jan 2023 18:43:40 INFO  epoch 13 training [time: 3.53s, train_loss1: 26.5575, train_loss2: 31.1883]
Thu 26 Jan 2023 18:43:40 INFO  epoch 13 evaluating [time: 0.19s, valid_score: 0.019600]
Thu 26 Jan 2023 18:43:40 INFO  valid result: 
recall@10 : 0.006    mrr@10 : 0.0196    ndcg@10 : 0.0078    hit@10 : 0.0721    precision@10 : 0.0075
Thu 26 Jan 2023 18:43:40 INFO  Saving current: saved/KGAT-Jan-26-2023_18-42-45.pth
Thu 26 Jan 2023 18:43:43 INFO  epoch 14 training [time: 3.54s, train_loss1: 26.5542, train_loss2: 31.1881]
Thu 26 Jan 2023 18:43:44 INFO  epoch 14 evaluating [time: 0.19s, valid_score: 0.020000]
Thu 26 Jan 2023 18:43:44 INFO  valid result: 
recall@10 : 0.0059    mrr@10 : 0.02    ndcg@10 : 0.0078    hit@10 : 0.071    precision@10 : 0.0074
Thu 26 Jan 2023 18:43:44 INFO  Saving current: saved/KGAT-Jan-26-2023_18-42-45.pth
Thu 26 Jan 2023 18:43:47 INFO  epoch 15 training [time: 3.52s, train_loss1: 26.5314, train_loss2: 31.1881]
Thu 26 Jan 2023 18:43:47 INFO  epoch 15 evaluating [time: 0.19s, valid_score: 0.020200]
Thu 26 Jan 2023 18:43:47 INFO  valid result: 
recall@10 : 0.0059    mrr@10 : 0.0202    ndcg@10 : 0.0078    hit@10 : 0.07    precision@10 : 0.0073
Thu 26 Jan 2023 18:43:47 INFO  Saving current: saved/KGAT-Jan-26-2023_18-42-45.pth
Thu 26 Jan 2023 18:43:51 INFO  epoch 16 training [time: 3.51s, train_loss1: 26.5258, train_loss2: 31.1886]
Thu 26 Jan 2023 18:43:51 INFO  epoch 16 evaluating [time: 0.19s, valid_score: 0.020300]
Thu 26 Jan 2023 18:43:51 INFO  valid result: 
recall@10 : 0.0059    mrr@10 : 0.0203    ndcg@10 : 0.0079    hit@10 : 0.071    precision@10 : 0.0074
Thu 26 Jan 2023 18:43:51 INFO  Saving current: saved/KGAT-Jan-26-2023_18-42-45.pth
Thu 26 Jan 2023 18:43:55 INFO  epoch 17 training [time: 3.61s, train_loss1: 26.5216, train_loss2: 31.1884]
Thu 26 Jan 2023 18:43:55 INFO  epoch 17 evaluating [time: 0.19s, valid_score: 0.020500]
Thu 26 Jan 2023 18:43:55 INFO  valid result: 
recall@10 : 0.006    mrr@10 : 0.0205    ndcg@10 : 0.008    hit@10 : 0.0721    precision@10 : 0.0075
Thu 26 Jan 2023 18:43:55 INFO  Saving current: saved/KGAT-Jan-26-2023_18-42-45.pth
Thu 26 Jan 2023 18:43:58 INFO  epoch 18 training [time: 3.51s, train_loss1: 26.5010, train_loss2: 31.1883]
Thu 26 Jan 2023 18:43:59 INFO  epoch 18 evaluating [time: 0.19s, valid_score: 0.020700]
Thu 26 Jan 2023 18:43:59 INFO  valid result: 
recall@10 : 0.0065    mrr@10 : 0.0207    ndcg@10 : 0.0082    hit@10 : 0.0732    precision@10 : 0.0076
Thu 26 Jan 2023 18:43:59 INFO  Saving current: saved/KGAT-Jan-26-2023_18-42-45.pth
Thu 26 Jan 2023 18:44:02 INFO  epoch 19 training [time: 3.57s, train_loss1: 26.4986, train_loss2: 31.1881]
Thu 26 Jan 2023 18:44:02 INFO  epoch 19 evaluating [time: 0.19s, valid_score: 0.021100]
Thu 26 Jan 2023 18:44:02 INFO  valid result: 
recall@10 : 0.006    mrr@10 : 0.0211    ndcg@10 : 0.0081    hit@10 : 0.0721    precision@10 : 0.0075
Thu 26 Jan 2023 18:44:03 INFO  Saving current: saved/KGAT-Jan-26-2023_18-42-45.pth
Thu 26 Jan 2023 18:44:06 INFO  epoch 20 training [time: 3.62s, train_loss1: 26.4635, train_loss2: 31.1885]
Thu 26 Jan 2023 18:44:06 INFO  epoch 20 evaluating [time: 0.19s, valid_score: 0.021700]
Thu 26 Jan 2023 18:44:06 INFO  valid result: 
recall@10 : 0.0069    mrr@10 : 0.0217    ndcg@10 : 0.0085    hit@10 : 0.0742    precision@10 : 0.0077
Thu 26 Jan 2023 18:44:06 INFO  Saving current: saved/KGAT-Jan-26-2023_18-42-45.pth
Thu 26 Jan 2023 18:44:10 INFO  epoch 21 training [time: 3.52s, train_loss1: 26.4776, train_loss2: 31.1880]
Thu 26 Jan 2023 18:44:10 INFO  epoch 21 evaluating [time: 0.19s, valid_score: 0.021700]
Thu 26 Jan 2023 18:44:10 INFO  valid result: 
recall@10 : 0.0069    mrr@10 : 0.0217    ndcg@10 : 0.0085    hit@10 : 0.0742    precision@10 : 0.0077
Thu 26 Jan 2023 18:44:10 INFO  Saving current: saved/KGAT-Jan-26-2023_18-42-45.pth
Thu 26 Jan 2023 18:44:14 INFO  epoch 22 training [time: 3.56s, train_loss1: 26.4768, train_loss2: 31.1882]
Thu 26 Jan 2023 18:44:14 INFO  epoch 22 evaluating [time: 0.19s, valid_score: 0.021700]
Thu 26 Jan 2023 18:44:14 INFO  valid result: 
recall@10 : 0.0066    mrr@10 : 0.0217    ndcg@10 : 0.0084    hit@10 : 0.0742    precision@10 : 0.0077
Thu 26 Jan 2023 18:44:14 INFO  Saving current: saved/KGAT-Jan-26-2023_18-42-45.pth
Thu 26 Jan 2023 18:44:17 INFO  epoch 23 training [time: 3.55s, train_loss1: 26.4461, train_loss2: 31.1878]
Thu 26 Jan 2023 18:44:18 INFO  epoch 23 evaluating [time: 0.19s, valid_score: 0.021600]
Thu 26 Jan 2023 18:44:18 INFO  valid result: 
recall@10 : 0.0071    mrr@10 : 0.0216    ndcg@10 : 0.0086    hit@10 : 0.0753    precision@10 : 0.0078
Thu 26 Jan 2023 18:44:21 INFO  epoch 24 training [time: 3.54s, train_loss1: 26.4234, train_loss2: 31.1880]
Thu 26 Jan 2023 18:44:21 INFO  epoch 24 evaluating [time: 0.19s, valid_score: 0.022400]
Thu 26 Jan 2023 18:44:21 INFO  valid result: 
recall@10 : 0.0072    mrr@10 : 0.0224    ndcg@10 : 0.0088    hit@10 : 0.0764    precision@10 : 0.008
Thu 26 Jan 2023 18:44:21 INFO  Saving current: saved/KGAT-Jan-26-2023_18-42-45.pth
Thu 26 Jan 2023 18:44:25 INFO  epoch 25 training [time: 3.62s, train_loss1: 26.4185, train_loss2: 31.1875]
Thu 26 Jan 2023 18:44:25 INFO  epoch 25 evaluating [time: 0.19s, valid_score: 0.022200]
Thu 26 Jan 2023 18:44:25 INFO  valid result: 
recall@10 : 0.0076    mrr@10 : 0.0222    ndcg@10 : 0.009    hit@10 : 0.0795    precision@10 : 0.0083
Thu 26 Jan 2023 18:44:29 INFO  epoch 26 training [time: 3.56s, train_loss1: 26.3945, train_loss2: 31.1876]
Thu 26 Jan 2023 18:44:29 INFO  epoch 26 evaluating [time: 0.19s, valid_score: 0.022300]
Thu 26 Jan 2023 18:44:29 INFO  valid result: 
recall@10 : 0.0076    mrr@10 : 0.0223    ndcg@10 : 0.009    hit@10 : 0.0806    precision@10 : 0.0084
Thu 26 Jan 2023 18:44:32 INFO  epoch 27 training [time: 3.48s, train_loss1: 26.3865, train_loss2: 31.1876]
Thu 26 Jan 2023 18:44:33 INFO  epoch 27 evaluating [time: 0.19s, valid_score: 0.022600]
Thu 26 Jan 2023 18:44:33 INFO  valid result: 
recall@10 : 0.0075    mrr@10 : 0.0226    ndcg@10 : 0.0091    hit@10 : 0.0795    precision@10 : 0.0084
Thu 26 Jan 2023 18:44:33 INFO  Saving current: saved/KGAT-Jan-26-2023_18-42-45.pth
Thu 26 Jan 2023 18:44:36 INFO  epoch 28 training [time: 3.58s, train_loss1: 26.3958, train_loss2: 31.1875]
Thu 26 Jan 2023 18:44:37 INFO  epoch 28 evaluating [time: 0.19s, valid_score: 0.022300]
Thu 26 Jan 2023 18:44:37 INFO  valid result: 
recall@10 : 0.0077    mrr@10 : 0.0223    ndcg@10 : 0.0092    hit@10 : 0.0817    precision@10 : 0.0086
Thu 26 Jan 2023 18:44:40 INFO  epoch 29 training [time: 3.53s, train_loss1: 26.3658, train_loss2: 31.1878]
Thu 26 Jan 2023 18:44:40 INFO  epoch 29 evaluating [time: 0.19s, valid_score: 0.022900]
Thu 26 Jan 2023 18:44:40 INFO  valid result: 
recall@10 : 0.0076    mrr@10 : 0.0229    ndcg@10 : 0.0092    hit@10 : 0.0806    precision@10 : 0.0085
Thu 26 Jan 2023 18:44:40 INFO  Saving current: saved/KGAT-Jan-26-2023_18-42-45.pth
Thu 26 Jan 2023 18:44:44 INFO  epoch 30 training [time: 3.50s, train_loss1: 26.3610, train_loss2: 31.1877]
Thu 26 Jan 2023 18:44:44 INFO  epoch 30 evaluating [time: 0.19s, valid_score: 0.022800]
Thu 26 Jan 2023 18:44:44 INFO  valid result: 
recall@10 : 0.0072    mrr@10 : 0.0228    ndcg@10 : 0.009    hit@10 : 0.0795    precision@10 : 0.0084
Thu 26 Jan 2023 18:44:48 INFO  epoch 31 training [time: 3.67s, train_loss1: 26.3595, train_loss2: 31.1875]
Thu 26 Jan 2023 18:44:48 INFO  epoch 31 evaluating [time: 0.19s, valid_score: 0.023200]
Thu 26 Jan 2023 18:44:48 INFO  valid result: 
recall@10 : 0.0075    mrr@10 : 0.0232    ndcg@10 : 0.0092    hit@10 : 0.0795    precision@10 : 0.0084
Thu 26 Jan 2023 18:44:48 INFO  Saving current: saved/KGAT-Jan-26-2023_18-42-45.pth
Thu 26 Jan 2023 18:44:51 INFO  epoch 32 training [time: 3.52s, train_loss1: 26.3474, train_loss2: 31.1872]
Thu 26 Jan 2023 18:44:52 INFO  epoch 32 evaluating [time: 0.19s, valid_score: 0.023100]
Thu 26 Jan 2023 18:44:52 INFO  valid result: 
recall@10 : 0.0077    mrr@10 : 0.0231    ndcg@10 : 0.0093    hit@10 : 0.0817    precision@10 : 0.0086
Thu 26 Jan 2023 18:44:55 INFO  epoch 33 training [time: 3.69s, train_loss1: 26.3281, train_loss2: 31.1875]
Thu 26 Jan 2023 18:44:55 INFO  epoch 33 evaluating [time: 0.19s, valid_score: 0.023200]
Thu 26 Jan 2023 18:44:55 INFO  valid result: 
recall@10 : 0.0072    mrr@10 : 0.0232    ndcg@10 : 0.0092    hit@10 : 0.0806    precision@10 : 0.0085
Thu 26 Jan 2023 18:44:55 INFO  Saving current: saved/KGAT-Jan-26-2023_18-42-45.pth
Thu 26 Jan 2023 18:44:59 INFO  epoch 34 training [time: 3.50s, train_loss1: 26.3236, train_loss2: 31.1875]
Thu 26 Jan 2023 18:44:59 INFO  epoch 34 evaluating [time: 0.19s, valid_score: 0.023300]
Thu 26 Jan 2023 18:44:59 INFO  valid result: 
recall@10 : 0.0078    mrr@10 : 0.0233    ndcg@10 : 0.0094    hit@10 : 0.0827    precision@10 : 0.0087
Thu 26 Jan 2023 18:44:59 INFO  Saving current: saved/KGAT-Jan-26-2023_18-42-45.pth
Thu 26 Jan 2023 18:45:03 INFO  epoch 35 training [time: 3.52s, train_loss1: 26.3110, train_loss2: 31.1874]
Thu 26 Jan 2023 18:45:03 INFO  epoch 35 evaluating [time: 0.19s, valid_score: 0.023000]
Thu 26 Jan 2023 18:45:03 INFO  valid result: 
recall@10 : 0.0071    mrr@10 : 0.023    ndcg@10 : 0.0092    hit@10 : 0.0795    precision@10 : 0.0086
Thu 26 Jan 2023 18:45:06 INFO  epoch 36 training [time: 3.50s, train_loss1: 26.3043, train_loss2: 31.1867]
Thu 26 Jan 2023 18:45:07 INFO  epoch 36 evaluating [time: 0.19s, valid_score: 0.023400]
Thu 26 Jan 2023 18:45:07 INFO  valid result: 
recall@10 : 0.0073    mrr@10 : 0.0234    ndcg@10 : 0.0094    hit@10 : 0.0817    precision@10 : 0.0088
Thu 26 Jan 2023 18:45:07 INFO  Saving current: saved/KGAT-Jan-26-2023_18-42-45.pth
Thu 26 Jan 2023 18:45:10 INFO  epoch 37 training [time: 3.49s, train_loss1: 26.2991, train_loss2: 31.1870]
Thu 26 Jan 2023 18:45:10 INFO  epoch 37 evaluating [time: 0.20s, valid_score: 0.024100]
Thu 26 Jan 2023 18:45:10 INFO  valid result: 
recall@10 : 0.0073    mrr@10 : 0.0241    ndcg@10 : 0.0095    hit@10 : 0.0817    precision@10 : 0.0088
Thu 26 Jan 2023 18:45:10 INFO  Saving current: saved/KGAT-Jan-26-2023_18-42-45.pth
Thu 26 Jan 2023 18:45:14 INFO  epoch 38 training [time: 3.62s, train_loss1: 26.2746, train_loss2: 31.1869]
Thu 26 Jan 2023 18:45:14 INFO  epoch 38 evaluating [time: 0.20s, valid_score: 0.024100]
Thu 26 Jan 2023 18:45:14 INFO  valid result: 
recall@10 : 0.0076    mrr@10 : 0.0241    ndcg@10 : 0.0096    hit@10 : 0.0827    precision@10 : 0.0089
Thu 26 Jan 2023 18:45:14 INFO  Saving current: saved/KGAT-Jan-26-2023_18-42-45.pth
Thu 26 Jan 2023 18:45:18 INFO  epoch 39 training [time: 3.57s, train_loss1: 26.2745, train_loss2: 31.1867]
Thu 26 Jan 2023 18:45:18 INFO  epoch 39 evaluating [time: 0.20s, valid_score: 0.024400]
Thu 26 Jan 2023 18:45:18 INFO  valid result: 
recall@10 : 0.0078    mrr@10 : 0.0244    ndcg@10 : 0.0098    hit@10 : 0.0848    precision@10 : 0.0091
Thu 26 Jan 2023 18:45:18 INFO  Saving current: saved/KGAT-Jan-26-2023_18-42-45.pth
Thu 26 Jan 2023 18:45:22 INFO  epoch 40 training [time: 3.64s, train_loss1: 26.2433, train_loss2: 31.1867]
Thu 26 Jan 2023 18:45:22 INFO  epoch 40 evaluating [time: 0.20s, valid_score: 0.024300]
Thu 26 Jan 2023 18:45:22 INFO  valid result: 
recall@10 : 0.0078    mrr@10 : 0.0243    ndcg@10 : 0.0098    hit@10 : 0.0848    precision@10 : 0.0091
Thu 26 Jan 2023 18:45:26 INFO  epoch 41 training [time: 3.65s, train_loss1: 26.2536, train_loss2: 31.1864]
Thu 26 Jan 2023 18:45:26 INFO  epoch 41 evaluating [time: 0.20s, valid_score: 0.023900]
Thu 26 Jan 2023 18:45:26 INFO  valid result: 
recall@10 : 0.008    mrr@10 : 0.0239    ndcg@10 : 0.0099    hit@10 : 0.087    precision@10 : 0.0093
Thu 26 Jan 2023 18:45:29 INFO  epoch 42 training [time: 3.61s, train_loss1: 26.2347, train_loss2: 31.1867]
Thu 26 Jan 2023 18:45:30 INFO  epoch 42 evaluating [time: 0.20s, valid_score: 0.024300]
Thu 26 Jan 2023 18:45:30 INFO  valid result: 
recall@10 : 0.0078    mrr@10 : 0.0243    ndcg@10 : 0.0098    hit@10 : 0.0848    precision@10 : 0.0091
Thu 26 Jan 2023 18:45:33 INFO  epoch 43 training [time: 3.61s, train_loss1: 26.2185, train_loss2: 31.1864]
Thu 26 Jan 2023 18:45:33 INFO  epoch 43 evaluating [time: 0.19s, valid_score: 0.024200]
Thu 26 Jan 2023 18:45:33 INFO  valid result: 
recall@10 : 0.0078    mrr@10 : 0.0242    ndcg@10 : 0.0098    hit@10 : 0.0848    precision@10 : 0.0091
Thu 26 Jan 2023 18:45:37 INFO  epoch 44 training [time: 3.55s, train_loss1: 26.2217, train_loss2: 31.1864]
Thu 26 Jan 2023 18:45:37 INFO  epoch 44 evaluating [time: 0.19s, valid_score: 0.024500]
Thu 26 Jan 2023 18:45:37 INFO  valid result: 
recall@10 : 0.0079    mrr@10 : 0.0245    ndcg@10 : 0.0099    hit@10 : 0.0859    precision@10 : 0.0092
Thu 26 Jan 2023 18:45:37 INFO  Saving current: saved/KGAT-Jan-26-2023_18-42-45.pth
Thu 26 Jan 2023 18:45:41 INFO  epoch 45 training [time: 3.51s, train_loss1: 26.1990, train_loss2: 31.1870]
Thu 26 Jan 2023 18:45:41 INFO  epoch 45 evaluating [time: 0.19s, valid_score: 0.024600]
Thu 26 Jan 2023 18:45:41 INFO  valid result: 
recall@10 : 0.008    mrr@10 : 0.0246    ndcg@10 : 0.01    hit@10 : 0.087    precision@10 : 0.0093
Thu 26 Jan 2023 18:45:41 INFO  Saving current: saved/KGAT-Jan-26-2023_18-42-45.pth
Thu 26 Jan 2023 18:45:44 INFO  epoch 46 training [time: 3.52s, train_loss1: 26.2109, train_loss2: 31.1866]
Thu 26 Jan 2023 18:45:45 INFO  epoch 46 evaluating [time: 0.19s, valid_score: 0.024900]
Thu 26 Jan 2023 18:45:45 INFO  valid result: 
recall@10 : 0.0087    mrr@10 : 0.0249    ndcg@10 : 0.0103    hit@10 : 0.0891    precision@10 : 0.0095
Thu 26 Jan 2023 18:45:45 INFO  Saving current: saved/KGAT-Jan-26-2023_18-42-45.pth
Thu 26 Jan 2023 18:45:48 INFO  epoch 47 training [time: 3.51s, train_loss1: 26.1636, train_loss2: 31.1862]
Thu 26 Jan 2023 18:45:48 INFO  epoch 47 evaluating [time: 0.19s, valid_score: 0.024700]
Thu 26 Jan 2023 18:45:48 INFO  valid result: 
recall@10 : 0.008    mrr@10 : 0.0247    ndcg@10 : 0.01    hit@10 : 0.087    precision@10 : 0.0092
Thu 26 Jan 2023 18:45:52 INFO  epoch 48 training [time: 3.58s, train_loss1: 26.1805, train_loss2: 31.1864]
Thu 26 Jan 2023 18:45:52 INFO  epoch 48 evaluating [time: 0.19s, valid_score: 0.024600]
Thu 26 Jan 2023 18:45:52 INFO  valid result: 
recall@10 : 0.0079    mrr@10 : 0.0246    ndcg@10 : 0.01    hit@10 : 0.0859    precision@10 : 0.0093
Thu 26 Jan 2023 18:45:56 INFO  epoch 49 training [time: 3.72s, train_loss1: 26.1765, train_loss2: 31.1863]
Thu 26 Jan 2023 18:45:56 INFO  epoch 49 evaluating [time: 0.20s, valid_score: 0.024700]
Thu 26 Jan 2023 18:45:56 INFO  valid result: 
recall@10 : 0.0079    mrr@10 : 0.0247    ndcg@10 : 0.0101    hit@10 : 0.0859    precision@10 : 0.0093
Thu 26 Jan 2023 18:46:00 INFO  epoch 50 training [time: 3.61s, train_loss1: 26.1489, train_loss2: 31.1863]
Thu 26 Jan 2023 18:46:00 INFO  epoch 50 evaluating [time: 0.20s, valid_score: 0.024900]
Thu 26 Jan 2023 18:46:00 INFO  valid result: 
recall@10 : 0.0079    mrr@10 : 0.0249    ndcg@10 : 0.0101    hit@10 : 0.0859    precision@10 : 0.0093
Thu 26 Jan 2023 18:46:00 INFO  Saving current: saved/KGAT-Jan-26-2023_18-42-45.pth
Thu 26 Jan 2023 18:46:04 INFO  epoch 51 training [time: 3.63s, train_loss1: 26.1537, train_loss2: 31.1861]
Thu 26 Jan 2023 18:46:04 INFO  epoch 51 evaluating [time: 0.19s, valid_score: 0.025000]
Thu 26 Jan 2023 18:46:04 INFO  valid result: 
recall@10 : 0.008    mrr@10 : 0.025    ndcg@10 : 0.0102    hit@10 : 0.087    precision@10 : 0.0095
Thu 26 Jan 2023 18:46:04 INFO  Saving current: saved/KGAT-Jan-26-2023_18-42-45.pth
Thu 26 Jan 2023 18:46:07 INFO  epoch 52 training [time: 3.73s, train_loss1: 26.1300, train_loss2: 31.1860]
Thu 26 Jan 2023 18:46:08 INFO  epoch 52 evaluating [time: 0.20s, valid_score: 0.025100]
Thu 26 Jan 2023 18:46:08 INFO  valid result: 
recall@10 : 0.0081    mrr@10 : 0.0251    ndcg@10 : 0.0103    hit@10 : 0.0859    precision@10 : 0.0095
Thu 26 Jan 2023 18:46:08 INFO  Saving current: saved/KGAT-Jan-26-2023_18-42-45.pth
Thu 26 Jan 2023 18:46:11 INFO  epoch 53 training [time: 3.58s, train_loss1: 26.1108, train_loss2: 31.1863]
Thu 26 Jan 2023 18:46:11 INFO  epoch 53 evaluating [time: 0.19s, valid_score: 0.025200]
Thu 26 Jan 2023 18:46:11 INFO  valid result: 
recall@10 : 0.0078    mrr@10 : 0.0252    ndcg@10 : 0.0102    hit@10 : 0.0838    precision@10 : 0.0093
Thu 26 Jan 2023 18:46:12 INFO  Saving current: saved/KGAT-Jan-26-2023_18-42-45.pth
Thu 26 Jan 2023 18:46:15 INFO  epoch 54 training [time: 3.65s, train_loss1: 26.1058, train_loss2: 31.1858]
Thu 26 Jan 2023 18:46:15 INFO  epoch 54 evaluating [time: 0.19s, valid_score: 0.025200]
Thu 26 Jan 2023 18:46:15 INFO  valid result: 
recall@10 : 0.0078    mrr@10 : 0.0252    ndcg@10 : 0.0102    hit@10 : 0.0827    precision@10 : 0.0093
Thu 26 Jan 2023 18:46:15 INFO  Saving current: saved/KGAT-Jan-26-2023_18-42-45.pth
Thu 26 Jan 2023 18:46:19 INFO  epoch 55 training [time: 3.54s, train_loss1: 26.0948, train_loss2: 31.1860]
Thu 26 Jan 2023 18:46:19 INFO  epoch 55 evaluating [time: 0.19s, valid_score: 0.025500]
Thu 26 Jan 2023 18:46:19 INFO  valid result: 
recall@10 : 0.0079    mrr@10 : 0.0255    ndcg@10 : 0.0103    hit@10 : 0.0848    precision@10 : 0.0094
Thu 26 Jan 2023 18:46:19 INFO  Saving current: saved/KGAT-Jan-26-2023_18-42-45.pth
Thu 26 Jan 2023 18:46:23 INFO  epoch 56 training [time: 3.63s, train_loss1: 26.0850, train_loss2: 31.1858]
Thu 26 Jan 2023 18:46:23 INFO  epoch 56 evaluating [time: 0.19s, valid_score: 0.025800]
Thu 26 Jan 2023 18:46:23 INFO  valid result: 
recall@10 : 0.0082    mrr@10 : 0.0258    ndcg@10 : 0.0104    hit@10 : 0.087    precision@10 : 0.0095
Thu 26 Jan 2023 18:46:23 INFO  Saving current: saved/KGAT-Jan-26-2023_18-42-45.pth
Thu 26 Jan 2023 18:46:27 INFO  epoch 57 training [time: 3.57s, train_loss1: 26.0686, train_loss2: 31.1859]
Thu 26 Jan 2023 18:46:27 INFO  epoch 57 evaluating [time: 0.19s, valid_score: 0.026500]
Thu 26 Jan 2023 18:46:27 INFO  valid result: 
recall@10 : 0.0084    mrr@10 : 0.0265    ndcg@10 : 0.0108    hit@10 : 0.0912    precision@10 : 0.01
Thu 26 Jan 2023 18:46:27 INFO  Saving current: saved/KGAT-Jan-26-2023_18-42-45.pth
Thu 26 Jan 2023 18:46:30 INFO  epoch 58 training [time: 3.52s, train_loss1: 26.0749, train_loss2: 31.1858]
Thu 26 Jan 2023 18:46:31 INFO  epoch 58 evaluating [time: 0.19s, valid_score: 0.026000]
Thu 26 Jan 2023 18:46:31 INFO  valid result: 
recall@10 : 0.0082    mrr@10 : 0.026    ndcg@10 : 0.0105    hit@10 : 0.087    precision@10 : 0.0095
Thu 26 Jan 2023 18:46:34 INFO  epoch 59 training [time: 3.58s, train_loss1: 26.0702, train_loss2: 31.1856]
Thu 26 Jan 2023 18:46:34 INFO  epoch 59 evaluating [time: 0.19s, valid_score: 0.026000]
Thu 26 Jan 2023 18:46:34 INFO  valid result: 
recall@10 : 0.008    mrr@10 : 0.026    ndcg@10 : 0.0105    hit@10 : 0.087    precision@10 : 0.0095
Thu 26 Jan 2023 18:46:38 INFO  epoch 60 training [time: 3.60s, train_loss1: 26.0438, train_loss2: 31.1852]
Thu 26 Jan 2023 18:46:38 INFO  epoch 60 evaluating [time: 0.20s, valid_score: 0.026200]
Thu 26 Jan 2023 18:46:38 INFO  valid result: 
recall@10 : 0.008    mrr@10 : 0.0262    ndcg@10 : 0.0105    hit@10 : 0.088    precision@10 : 0.0097
Thu 26 Jan 2023 18:46:42 INFO  epoch 61 training [time: 3.55s, train_loss1: 26.0430, train_loss2: 31.1854]
Thu 26 Jan 2023 18:46:42 INFO  epoch 61 evaluating [time: 0.19s, valid_score: 0.026400]
Thu 26 Jan 2023 18:46:42 INFO  valid result: 
recall@10 : 0.0082    mrr@10 : 0.0264    ndcg@10 : 0.0106    hit@10 : 0.0891    precision@10 : 0.0098
Thu 26 Jan 2023 18:46:45 INFO  epoch 62 training [time: 3.52s, train_loss1: 26.0227, train_loss2: 31.1853]
Thu 26 Jan 2023 18:46:46 INFO  epoch 62 evaluating [time: 0.19s, valid_score: 0.026400]
Thu 26 Jan 2023 18:46:46 INFO  valid result: 
recall@10 : 0.0082    mrr@10 : 0.0264    ndcg@10 : 0.0107    hit@10 : 0.0912    precision@10 : 0.01
Thu 26 Jan 2023 18:46:49 INFO  epoch 63 training [time: 3.65s, train_loss1: 26.0211, train_loss2: 31.1857]
Thu 26 Jan 2023 18:46:49 INFO  epoch 63 evaluating [time: 0.19s, valid_score: 0.027400]
Thu 26 Jan 2023 18:46:49 INFO  valid result: 
recall@10 : 0.0087    mrr@10 : 0.0274    ndcg@10 : 0.0112    hit@10 : 0.0933    precision@10 : 0.0103
Thu 26 Jan 2023 18:46:49 INFO  Saving current: saved/KGAT-Jan-26-2023_18-42-45.pth
Thu 26 Jan 2023 18:46:53 INFO  epoch 64 training [time: 3.47s, train_loss1: 25.9970, train_loss2: 31.1853]
Thu 26 Jan 2023 18:46:53 INFO  epoch 64 evaluating [time: 0.19s, valid_score: 0.028100]
Thu 26 Jan 2023 18:46:53 INFO  valid result: 
recall@10 : 0.0086    mrr@10 : 0.0281    ndcg@10 : 0.0113    hit@10 : 0.0923    precision@10 : 0.0102
Thu 26 Jan 2023 18:46:53 INFO  Saving current: saved/KGAT-Jan-26-2023_18-42-45.pth
Thu 26 Jan 2023 18:46:57 INFO  epoch 65 training [time: 3.64s, train_loss1: 26.0049, train_loss2: 31.1854]
Thu 26 Jan 2023 18:46:57 INFO  epoch 65 evaluating [time: 0.19s, valid_score: 0.027300]
Thu 26 Jan 2023 18:46:57 INFO  valid result: 
recall@10 : 0.0089    mrr@10 : 0.0273    ndcg@10 : 0.0112    hit@10 : 0.0923    precision@10 : 0.0102
Thu 26 Jan 2023 18:47:01 INFO  epoch 66 training [time: 3.64s, train_loss1: 26.0029, train_loss2: 31.1852]
Thu 26 Jan 2023 18:47:01 INFO  epoch 66 evaluating [time: 0.19s, valid_score: 0.027600]
Thu 26 Jan 2023 18:47:01 INFO  valid result: 
recall@10 : 0.0086    mrr@10 : 0.0276    ndcg@10 : 0.0111    hit@10 : 0.0912    precision@10 : 0.0101
Thu 26 Jan 2023 18:47:04 INFO  epoch 67 training [time: 3.58s, train_loss1: 25.9841, train_loss2: 31.1850]
Thu 26 Jan 2023 18:47:05 INFO  epoch 67 evaluating [time: 0.19s, valid_score: 0.027700]
Thu 26 Jan 2023 18:47:05 INFO  valid result: 
recall@10 : 0.0087    mrr@10 : 0.0277    ndcg@10 : 0.0113    hit@10 : 0.0933    precision@10 : 0.0103
Thu 26 Jan 2023 18:47:08 INFO  epoch 68 training [time: 3.53s, train_loss1: 25.9662, train_loss2: 31.1853]
Thu 26 Jan 2023 18:47:08 INFO  epoch 68 evaluating [time: 0.19s, valid_score: 0.028000]
Thu 26 Jan 2023 18:47:08 INFO  valid result: 
recall@10 : 0.0089    mrr@10 : 0.028    ndcg@10 : 0.0114    hit@10 : 0.0944    precision@10 : 0.0104
Thu 26 Jan 2023 18:47:12 INFO  epoch 69 training [time: 3.66s, train_loss1: 25.9735, train_loss2: 31.1847]
Thu 26 Jan 2023 18:47:12 INFO  epoch 69 evaluating [time: 0.22s, valid_score: 0.027900]
Thu 26 Jan 2023 18:47:12 INFO  valid result: 
recall@10 : 0.0088    mrr@10 : 0.0279    ndcg@10 : 0.0114    hit@10 : 0.0933    precision@10 : 0.0103
Thu 26 Jan 2023 18:47:16 INFO  epoch 70 training [time: 3.63s, train_loss1: 25.9544, train_loss2: 31.1853]
Thu 26 Jan 2023 18:47:16 INFO  epoch 70 evaluating [time: 0.19s, valid_score: 0.028800]
Thu 26 Jan 2023 18:47:16 INFO  valid result: 
recall@10 : 0.0089    mrr@10 : 0.0288    ndcg@10 : 0.0117    hit@10 : 0.0954    precision@10 : 0.0105
Thu 26 Jan 2023 18:47:16 INFO  Saving current: saved/KGAT-Jan-26-2023_18-42-45.pth
Thu 26 Jan 2023 18:47:20 INFO  epoch 71 training [time: 3.46s, train_loss1: 25.9531, train_loss2: 31.1843]
Thu 26 Jan 2023 18:47:20 INFO  epoch 71 evaluating [time: 0.20s, valid_score: 0.027700]
Thu 26 Jan 2023 18:47:20 INFO  valid result: 
recall@10 : 0.009    mrr@10 : 0.0277    ndcg@10 : 0.0115    hit@10 : 0.0954    precision@10 : 0.0105
Thu 26 Jan 2023 18:47:23 INFO  epoch 72 training [time: 3.62s, train_loss1: 25.9266, train_loss2: 31.1847]
Thu 26 Jan 2023 18:47:24 INFO  epoch 72 evaluating [time: 0.19s, valid_score: 0.028300]
Thu 26 Jan 2023 18:47:24 INFO  valid result: 
recall@10 : 0.0093    mrr@10 : 0.0283    ndcg@10 : 0.0116    hit@10 : 0.0954    precision@10 : 0.0105
Thu 26 Jan 2023 18:47:27 INFO  epoch 73 training [time: 3.49s, train_loss1: 25.9404, train_loss2: 31.1845]
Thu 26 Jan 2023 18:47:27 INFO  epoch 73 evaluating [time: 0.19s, valid_score: 0.029300]
Thu 26 Jan 2023 18:47:27 INFO  valid result: 
recall@10 : 0.0096    mrr@10 : 0.0293    ndcg@10 : 0.0121    hit@10 : 0.0997    precision@10 : 0.0109
Thu 26 Jan 2023 18:47:27 INFO  Saving current: saved/KGAT-Jan-26-2023_18-42-45.pth
Thu 26 Jan 2023 18:47:31 INFO  epoch 74 training [time: 3.53s, train_loss1: 25.9208, train_loss2: 31.1847]
Thu 26 Jan 2023 18:47:31 INFO  epoch 74 evaluating [time: 0.19s, valid_score: 0.029300]
Thu 26 Jan 2023 18:47:31 INFO  valid result: 
recall@10 : 0.0096    mrr@10 : 0.0293    ndcg@10 : 0.0121    hit@10 : 0.0997    precision@10 : 0.0109
Thu 26 Jan 2023 18:47:31 INFO  Saving current: saved/KGAT-Jan-26-2023_18-42-45.pth
Thu 26 Jan 2023 18:47:35 INFO  epoch 75 training [time: 3.49s, train_loss1: 25.9142, train_loss2: 31.1846]
Thu 26 Jan 2023 18:47:35 INFO  epoch 75 evaluating [time: 0.19s, valid_score: 0.029100]
Thu 26 Jan 2023 18:47:35 INFO  valid result: 
recall@10 : 0.0094    mrr@10 : 0.0291    ndcg@10 : 0.012    hit@10 : 0.0986    precision@10 : 0.0108
Thu 26 Jan 2023 18:47:38 INFO  epoch 76 training [time: 3.56s, train_loss1: 25.9048, train_loss2: 31.1844]
Thu 26 Jan 2023 18:47:38 INFO  epoch 76 evaluating [time: 0.19s, valid_score: 0.029700]
Thu 26 Jan 2023 18:47:38 INFO  valid result: 
recall@10 : 0.0098    mrr@10 : 0.0297    ndcg@10 : 0.0123    hit@10 : 0.1029    precision@10 : 0.0112
Thu 26 Jan 2023 18:47:39 INFO  Saving current: saved/KGAT-Jan-26-2023_18-42-45.pth
Thu 26 Jan 2023 18:47:42 INFO  epoch 77 training [time: 3.49s, train_loss1: 25.9048, train_loss2: 31.1847]
Thu 26 Jan 2023 18:47:42 INFO  epoch 77 evaluating [time: 0.19s, valid_score: 0.030200]
Thu 26 Jan 2023 18:47:42 INFO  valid result: 
recall@10 : 0.0097    mrr@10 : 0.0302    ndcg@10 : 0.0125    hit@10 : 0.1007    precision@10 : 0.0112
Thu 26 Jan 2023 18:47:42 INFO  Saving current: saved/KGAT-Jan-26-2023_18-42-45.pth
Thu 26 Jan 2023 18:47:46 INFO  epoch 78 training [time: 3.48s, train_loss1: 25.8759, train_loss2: 31.1846]
Thu 26 Jan 2023 18:47:46 INFO  epoch 78 evaluating [time: 0.19s, valid_score: 0.030200]
Thu 26 Jan 2023 18:47:46 INFO  valid result: 
recall@10 : 0.0096    mrr@10 : 0.0302    ndcg@10 : 0.0124    hit@10 : 0.1007    precision@10 : 0.0111
Thu 26 Jan 2023 18:47:46 INFO  Saving current: saved/KGAT-Jan-26-2023_18-42-45.pth
Thu 26 Jan 2023 18:47:50 INFO  epoch 79 training [time: 3.51s, train_loss1: 25.8687, train_loss2: 31.1844]
Thu 26 Jan 2023 18:47:50 INFO  epoch 79 evaluating [time: 0.19s, valid_score: 0.030200]
Thu 26 Jan 2023 18:47:50 INFO  valid result: 
recall@10 : 0.0096    mrr@10 : 0.0302    ndcg@10 : 0.0124    hit@10 : 0.1007    precision@10 : 0.0111
Thu 26 Jan 2023 18:47:50 INFO  Saving current: saved/KGAT-Jan-26-2023_18-42-45.pth
Thu 26 Jan 2023 18:47:53 INFO  epoch 80 training [time: 3.59s, train_loss1: 25.8618, train_loss2: 31.1845]
Thu 26 Jan 2023 18:47:54 INFO  epoch 80 evaluating [time: 0.19s, valid_score: 0.029800]
Thu 26 Jan 2023 18:47:54 INFO  valid result: 
recall@10 : 0.0094    mrr@10 : 0.0298    ndcg@10 : 0.0122    hit@10 : 0.0997    precision@10 : 0.011
Thu 26 Jan 2023 18:47:57 INFO  epoch 81 training [time: 3.55s, train_loss1: 25.8694, train_loss2: 31.1844]
Thu 26 Jan 2023 18:47:57 INFO  epoch 81 evaluating [time: 0.21s, valid_score: 0.030200]
Thu 26 Jan 2023 18:47:57 INFO  valid result: 
recall@10 : 0.0096    mrr@10 : 0.0302    ndcg@10 : 0.0125    hit@10 : 0.1018    precision@10 : 0.0112
Thu 26 Jan 2023 18:47:57 INFO  Saving current: saved/KGAT-Jan-26-2023_18-42-45.pth
Thu 26 Jan 2023 18:48:01 INFO  epoch 82 training [time: 3.48s, train_loss1: 25.8647, train_loss2: 31.1843]
Thu 26 Jan 2023 18:48:01 INFO  epoch 82 evaluating [time: 0.19s, valid_score: 0.030800]
Thu 26 Jan 2023 18:48:01 INFO  valid result: 
recall@10 : 0.0096    mrr@10 : 0.0308    ndcg@10 : 0.0127    hit@10 : 0.1029    precision@10 : 0.0115
Thu 26 Jan 2023 18:48:01 INFO  Saving current: saved/KGAT-Jan-26-2023_18-42-45.pth
Thu 26 Jan 2023 18:48:05 INFO  epoch 83 training [time: 3.51s, train_loss1: 25.8428, train_loss2: 31.1843]
Thu 26 Jan 2023 18:48:05 INFO  epoch 83 evaluating [time: 0.19s, valid_score: 0.031400]
Thu 26 Jan 2023 18:48:05 INFO  valid result: 
recall@10 : 0.0099    mrr@10 : 0.0314    ndcg@10 : 0.0129    hit@10 : 0.1039    precision@10 : 0.0115
Thu 26 Jan 2023 18:48:05 INFO  Saving current: saved/KGAT-Jan-26-2023_18-42-45.pth
Thu 26 Jan 2023 18:48:08 INFO  epoch 84 training [time: 3.55s, train_loss1: 25.8192, train_loss2: 31.1840]
Thu 26 Jan 2023 18:48:09 INFO  epoch 84 evaluating [time: 0.19s, valid_score: 0.031600]
Thu 26 Jan 2023 18:48:09 INFO  valid result: 
recall@10 : 0.01    mrr@10 : 0.0316    ndcg@10 : 0.013    hit@10 : 0.106    precision@10 : 0.0117
Thu 26 Jan 2023 18:48:09 INFO  Saving current: saved/KGAT-Jan-26-2023_18-42-45.pth
Thu 26 Jan 2023 18:48:12 INFO  epoch 85 training [time: 3.49s, train_loss1: 25.8334, train_loss2: 31.1837]
Thu 26 Jan 2023 18:48:12 INFO  epoch 85 evaluating [time: 0.19s, valid_score: 0.030100]
Thu 26 Jan 2023 18:48:12 INFO  valid result: 
recall@10 : 0.0098    mrr@10 : 0.0301    ndcg@10 : 0.0125    hit@10 : 0.1039    precision@10 : 0.0113
Thu 26 Jan 2023 18:48:16 INFO  epoch 86 training [time: 3.48s, train_loss1: 25.8181, train_loss2: 31.1839]
Thu 26 Jan 2023 18:48:16 INFO  epoch 86 evaluating [time: 0.20s, valid_score: 0.031100]
Thu 26 Jan 2023 18:48:16 INFO  valid result: 
recall@10 : 0.0098    mrr@10 : 0.0311    ndcg@10 : 0.0128    hit@10 : 0.1029    precision@10 : 0.0113
Thu 26 Jan 2023 18:48:19 INFO  epoch 87 training [time: 3.49s, train_loss1: 25.8077, train_loss2: 31.1840]
Thu 26 Jan 2023 18:48:20 INFO  epoch 87 evaluating [time: 0.19s, valid_score: 0.031600]
Thu 26 Jan 2023 18:48:20 INFO  valid result: 
recall@10 : 0.0098    mrr@10 : 0.0316    ndcg@10 : 0.0129    hit@10 : 0.1039    precision@10 : 0.0113
Thu 26 Jan 2023 18:48:20 INFO  Saving current: saved/KGAT-Jan-26-2023_18-42-45.pth
Thu 26 Jan 2023 18:48:23 INFO  epoch 88 training [time: 3.43s, train_loss1: 25.7978, train_loss2: 31.1840]
Thu 26 Jan 2023 18:48:23 INFO  epoch 88 evaluating [time: 0.19s, valid_score: 0.031200]
Thu 26 Jan 2023 18:48:23 INFO  valid result: 
recall@10 : 0.0098    mrr@10 : 0.0312    ndcg@10 : 0.0127    hit@10 : 0.1029    precision@10 : 0.0112
Thu 26 Jan 2023 18:48:27 INFO  epoch 89 training [time: 3.50s, train_loss1: 25.7849, train_loss2: 31.1835]
Thu 26 Jan 2023 18:48:27 INFO  epoch 89 evaluating [time: 0.19s, valid_score: 0.031700]
Thu 26 Jan 2023 18:48:27 INFO  valid result: 
recall@10 : 0.0098    mrr@10 : 0.0317    ndcg@10 : 0.0129    hit@10 : 0.1039    precision@10 : 0.0113
Thu 26 Jan 2023 18:48:27 INFO  Saving current: saved/KGAT-Jan-26-2023_18-42-45.pth
Thu 26 Jan 2023 18:48:31 INFO  epoch 90 training [time: 3.49s, train_loss1: 25.7990, train_loss2: 31.1837]
Thu 26 Jan 2023 18:48:31 INFO  epoch 90 evaluating [time: 0.19s, valid_score: 0.030900]
Thu 26 Jan 2023 18:48:31 INFO  valid result: 
recall@10 : 0.0098    mrr@10 : 0.0309    ndcg@10 : 0.0128    hit@10 : 0.1029    precision@10 : 0.0113
Thu 26 Jan 2023 18:48:34 INFO  epoch 91 training [time: 3.48s, train_loss1: 25.7895, train_loss2: 31.1834]
Thu 26 Jan 2023 18:48:34 INFO  epoch 91 evaluating [time: 0.19s, valid_score: 0.031900]
Thu 26 Jan 2023 18:48:34 INFO  valid result: 
recall@10 : 0.0098    mrr@10 : 0.0319    ndcg@10 : 0.013    hit@10 : 0.1039    precision@10 : 0.0113
Thu 26 Jan 2023 18:48:34 INFO  Saving current: saved/KGAT-Jan-26-2023_18-42-45.pth
Thu 26 Jan 2023 18:48:38 INFO  epoch 92 training [time: 3.47s, train_loss1: 25.7644, train_loss2: 31.1837]
Thu 26 Jan 2023 18:48:38 INFO  epoch 92 evaluating [time: 0.19s, valid_score: 0.031900]
Thu 26 Jan 2023 18:48:38 INFO  valid result: 
recall@10 : 0.0098    mrr@10 : 0.0319    ndcg@10 : 0.013    hit@10 : 0.1029    precision@10 : 0.0113
Thu 26 Jan 2023 18:48:38 INFO  Saving current: saved/KGAT-Jan-26-2023_18-42-45.pth
Thu 26 Jan 2023 18:48:42 INFO  epoch 93 training [time: 3.49s, train_loss1: 25.7661, train_loss2: 31.1829]
Thu 26 Jan 2023 18:48:42 INFO  epoch 93 evaluating [time: 0.20s, valid_score: 0.032400]
Thu 26 Jan 2023 18:48:42 INFO  valid result: 
recall@10 : 0.0097    mrr@10 : 0.0324    ndcg@10 : 0.0131    hit@10 : 0.105    precision@10 : 0.0116
Thu 26 Jan 2023 18:48:42 INFO  Saving current: saved/KGAT-Jan-26-2023_18-42-45.pth
Thu 26 Jan 2023 18:48:45 INFO  epoch 94 training [time: 3.54s, train_loss1: 25.7501, train_loss2: 31.1836]
Thu 26 Jan 2023 18:48:46 INFO  epoch 94 evaluating [time: 0.19s, valid_score: 0.033100]
Thu 26 Jan 2023 18:48:46 INFO  valid result: 
recall@10 : 0.0098    mrr@10 : 0.0331    ndcg@10 : 0.0133    hit@10 : 0.1071    precision@10 : 0.0117
Thu 26 Jan 2023 18:48:46 INFO  Saving current: saved/KGAT-Jan-26-2023_18-42-45.pth
Thu 26 Jan 2023 18:48:49 INFO  epoch 95 training [time: 3.49s, train_loss1: 25.7367, train_loss2: 31.1832]
Thu 26 Jan 2023 18:48:49 INFO  epoch 95 evaluating [time: 0.19s, valid_score: 0.032900]
Thu 26 Jan 2023 18:48:49 INFO  valid result: 
recall@10 : 0.0101    mrr@10 : 0.0329    ndcg@10 : 0.0133    hit@10 : 0.1071    precision@10 : 0.0117
Thu 26 Jan 2023 18:48:53 INFO  epoch 96 training [time: 3.47s, train_loss1: 25.7610, train_loss2: 31.1831]
Thu 26 Jan 2023 18:48:53 INFO  epoch 96 evaluating [time: 0.20s, valid_score: 0.033000]
Thu 26 Jan 2023 18:48:53 INFO  valid result: 
recall@10 : 0.0101    mrr@10 : 0.033    ndcg@10 : 0.0133    hit@10 : 0.106    precision@10 : 0.0116
Thu 26 Jan 2023 18:48:56 INFO  epoch 97 training [time: 3.50s, train_loss1: 25.7402, train_loss2: 31.1834]
Thu 26 Jan 2023 18:48:57 INFO  epoch 97 evaluating [time: 0.19s, valid_score: 0.032500]
Thu 26 Jan 2023 18:48:57 INFO  valid result: 
recall@10 : 0.01    mrr@10 : 0.0325    ndcg@10 : 0.0132    hit@10 : 0.105    precision@10 : 0.0115
Thu 26 Jan 2023 18:49:00 INFO  epoch 98 training [time: 3.49s, train_loss1: 25.7188, train_loss2: 31.1834]
Thu 26 Jan 2023 18:49:00 INFO  epoch 98 evaluating [time: 0.19s, valid_score: 0.034000]
Thu 26 Jan 2023 18:49:00 INFO  valid result: 
recall@10 : 0.0098    mrr@10 : 0.034    ndcg@10 : 0.0135    hit@10 : 0.1071    precision@10 : 0.0117
Thu 26 Jan 2023 18:49:00 INFO  Saving current: saved/KGAT-Jan-26-2023_18-42-45.pth
Thu 26 Jan 2023 18:49:04 INFO  epoch 99 training [time: 3.54s, train_loss1: 25.7171, train_loss2: 31.1830]
Thu 26 Jan 2023 18:49:04 INFO  epoch 99 evaluating [time: 0.19s, valid_score: 0.033000]
Thu 26 Jan 2023 18:49:04 INFO  valid result: 
recall@10 : 0.0098    mrr@10 : 0.033    ndcg@10 : 0.0132    hit@10 : 0.106    precision@10 : 0.0116
Thu 26 Jan 2023 18:49:08 INFO  epoch 100 training [time: 3.59s, train_loss1: 25.6971, train_loss2: 31.1826]
Thu 26 Jan 2023 18:49:08 INFO  epoch 100 evaluating [time: 0.19s, valid_score: 0.034100]
Thu 26 Jan 2023 18:49:08 INFO  valid result: 
recall@10 : 0.0108    mrr@10 : 0.0341    ndcg@10 : 0.0138    hit@10 : 0.1092    precision@10 : 0.0119
Thu 26 Jan 2023 18:49:08 INFO  Saving current: saved/KGAT-Jan-26-2023_18-42-45.pth
Thu 26 Jan 2023 18:49:11 INFO  epoch 101 training [time: 3.55s, train_loss1: 25.6996, train_loss2: 31.1829]
Thu 26 Jan 2023 18:49:12 INFO  epoch 101 evaluating [time: 0.19s, valid_score: 0.033100]
Thu 26 Jan 2023 18:49:12 INFO  valid result: 
recall@10 : 0.0099    mrr@10 : 0.0331    ndcg@10 : 0.0134    hit@10 : 0.1071    precision@10 : 0.0119
Thu 26 Jan 2023 18:49:15 INFO  epoch 102 training [time: 3.51s, train_loss1: 25.6821, train_loss2: 31.1827]
Thu 26 Jan 2023 18:49:15 INFO  epoch 102 evaluating [time: 0.19s, valid_score: 0.034100]
Thu 26 Jan 2023 18:49:15 INFO  valid result: 
recall@10 : 0.0105    mrr@10 : 0.0341    ndcg@10 : 0.0137    hit@10 : 0.1103    precision@10 : 0.012
Thu 26 Jan 2023 18:49:15 INFO  Saving current: saved/KGAT-Jan-26-2023_18-42-45.pth
Thu 26 Jan 2023 18:49:19 INFO  epoch 103 training [time: 3.58s, train_loss1: 25.6947, train_loss2: 31.1825]
Thu 26 Jan 2023 18:49:19 INFO  epoch 103 evaluating [time: 0.21s, valid_score: 0.034300]
Thu 26 Jan 2023 18:49:19 INFO  valid result: 
recall@10 : 0.0106    mrr@10 : 0.0343    ndcg@10 : 0.014    hit@10 : 0.1103    precision@10 : 0.0124
Thu 26 Jan 2023 18:49:19 INFO  Saving current: saved/KGAT-Jan-26-2023_18-42-45.pth
Thu 26 Jan 2023 18:49:23 INFO  epoch 104 training [time: 3.49s, train_loss1: 25.6771, train_loss2: 31.1833]
Thu 26 Jan 2023 18:49:23 INFO  epoch 104 evaluating [time: 0.19s, valid_score: 0.033300]
Thu 26 Jan 2023 18:49:23 INFO  valid result: 
recall@10 : 0.011    mrr@10 : 0.0333    ndcg@10 : 0.0139    hit@10 : 0.1092    precision@10 : 0.0123
Thu 26 Jan 2023 18:49:26 INFO  epoch 105 training [time: 3.50s, train_loss1: 25.6462, train_loss2: 31.1825]
Thu 26 Jan 2023 18:49:27 INFO  epoch 105 evaluating [time: 0.19s, valid_score: 0.033700]
Thu 26 Jan 2023 18:49:27 INFO  valid result: 
recall@10 : 0.011    mrr@10 : 0.0337    ndcg@10 : 0.0139    hit@10 : 0.1103    precision@10 : 0.0122
Thu 26 Jan 2023 18:49:30 INFO  epoch 106 training [time: 3.52s, train_loss1: 25.6560, train_loss2: 31.1828]
Thu 26 Jan 2023 18:49:30 INFO  epoch 106 evaluating [time: 0.19s, valid_score: 0.034100]
Thu 26 Jan 2023 18:49:30 INFO  valid result: 
recall@10 : 0.0109    mrr@10 : 0.0341    ndcg@10 : 0.014    hit@10 : 0.1124    precision@10 : 0.0124
Thu 26 Jan 2023 18:49:34 INFO  epoch 107 training [time: 3.52s, train_loss1: 25.6553, train_loss2: 31.1826]
Thu 26 Jan 2023 18:49:34 INFO  epoch 107 evaluating [time: 0.19s, valid_score: 0.034200]
Thu 26 Jan 2023 18:49:34 INFO  valid result: 
recall@10 : 0.0112    mrr@10 : 0.0342    ndcg@10 : 0.0141    hit@10 : 0.1124    precision@10 : 0.0124
Thu 26 Jan 2023 18:49:38 INFO  epoch 108 training [time: 3.49s, train_loss1: 25.6574, train_loss2: 31.1827]
Thu 26 Jan 2023 18:49:38 INFO  epoch 108 evaluating [time: 0.19s, valid_score: 0.033800]
Thu 26 Jan 2023 18:49:38 INFO  valid result: 
recall@10 : 0.011    mrr@10 : 0.0338    ndcg@10 : 0.0138    hit@10 : 0.1103    precision@10 : 0.012
Thu 26 Jan 2023 18:49:41 INFO  epoch 109 training [time: 3.49s, train_loss1: 25.6382, train_loss2: 31.1819]
Thu 26 Jan 2023 18:49:41 INFO  epoch 109 evaluating [time: 0.19s, valid_score: 0.034000]
Thu 26 Jan 2023 18:49:41 INFO  valid result: 
recall@10 : 0.0115    mrr@10 : 0.034    ndcg@10 : 0.0142    hit@10 : 0.1156    precision@10 : 0.0127
Thu 26 Jan 2023 18:49:45 INFO  epoch 110 training [time: 3.48s, train_loss1: 25.6245, train_loss2: 31.1823]
Thu 26 Jan 2023 18:49:45 INFO  epoch 110 evaluating [time: 0.19s, valid_score: 0.034800]
Thu 26 Jan 2023 18:49:45 INFO  valid result: 
recall@10 : 0.0114    mrr@10 : 0.0348    ndcg@10 : 0.0143    hit@10 : 0.1156    precision@10 : 0.0125
Thu 26 Jan 2023 18:49:45 INFO  Saving current: saved/KGAT-Jan-26-2023_18-42-45.pth
Thu 26 Jan 2023 18:49:49 INFO  epoch 111 training [time: 3.51s, train_loss1: 25.6137, train_loss2: 31.1823]
Thu 26 Jan 2023 18:49:49 INFO  epoch 111 evaluating [time: 0.19s, valid_score: 0.034500]
Thu 26 Jan 2023 18:49:49 INFO  valid result: 
recall@10 : 0.0111    mrr@10 : 0.0345    ndcg@10 : 0.0142    hit@10 : 0.1135    precision@10 : 0.0126
Thu 26 Jan 2023 18:49:52 INFO  epoch 112 training [time: 3.52s, train_loss1: 25.6098, train_loss2: 31.1823]
Thu 26 Jan 2023 18:49:53 INFO  epoch 112 evaluating [time: 0.19s, valid_score: 0.034400]
Thu 26 Jan 2023 18:49:53 INFO  valid result: 
recall@10 : 0.0114    mrr@10 : 0.0344    ndcg@10 : 0.0142    hit@10 : 0.1145    precision@10 : 0.0126
Thu 26 Jan 2023 18:49:56 INFO  epoch 113 training [time: 3.51s, train_loss1: 25.6105, train_loss2: 31.1823]
Thu 26 Jan 2023 18:49:56 INFO  epoch 113 evaluating [time: 0.19s, valid_score: 0.034600]
Thu 26 Jan 2023 18:49:56 INFO  valid result: 
recall@10 : 0.0111    mrr@10 : 0.0346    ndcg@10 : 0.0142    hit@10 : 0.1135    precision@10 : 0.0126
Thu 26 Jan 2023 18:50:00 INFO  epoch 114 training [time: 3.51s, train_loss1: 25.5943, train_loss2: 31.1822]
Thu 26 Jan 2023 18:50:00 INFO  epoch 114 evaluating [time: 0.19s, valid_score: 0.035600]
Thu 26 Jan 2023 18:50:00 INFO  valid result: 
recall@10 : 0.0118    mrr@10 : 0.0356    ndcg@10 : 0.0148    hit@10 : 0.1156    precision@10 : 0.0129
Thu 26 Jan 2023 18:50:00 INFO  Saving current: saved/KGAT-Jan-26-2023_18-42-45.pth
Thu 26 Jan 2023 18:50:04 INFO  epoch 115 training [time: 3.62s, train_loss1: 25.5915, train_loss2: 31.1821]
Thu 26 Jan 2023 18:50:04 INFO  epoch 115 evaluating [time: 0.19s, valid_score: 0.035000]
Thu 26 Jan 2023 18:50:04 INFO  valid result: 
recall@10 : 0.0114    mrr@10 : 0.035    ndcg@10 : 0.0145    hit@10 : 0.1145    precision@10 : 0.0128
Thu 26 Jan 2023 18:50:07 INFO  epoch 116 training [time: 3.51s, train_loss1: 25.5898, train_loss2: 31.1820]
Thu 26 Jan 2023 18:50:07 INFO  epoch 116 evaluating [time: 0.19s, valid_score: 0.034600]
Thu 26 Jan 2023 18:50:07 INFO  valid result: 
recall@10 : 0.0113    mrr@10 : 0.0346    ndcg@10 : 0.0144    hit@10 : 0.1135    precision@10 : 0.0127
Thu 26 Jan 2023 18:50:11 INFO  epoch 117 training [time: 3.52s, train_loss1: 25.5837, train_loss2: 31.1820]
Thu 26 Jan 2023 18:50:11 INFO  epoch 117 evaluating [time: 0.19s, valid_score: 0.034500]
Thu 26 Jan 2023 18:50:11 INFO  valid result: 
recall@10 : 0.0115    mrr@10 : 0.0345    ndcg@10 : 0.0145    hit@10 : 0.1145    precision@10 : 0.0129
Thu 26 Jan 2023 18:50:15 INFO  epoch 118 training [time: 3.52s, train_loss1: 25.5682, train_loss2: 31.1820]
Thu 26 Jan 2023 18:50:15 INFO  epoch 118 evaluating [time: 0.19s, valid_score: 0.034800]
Thu 26 Jan 2023 18:50:15 INFO  valid result: 
recall@10 : 0.0115    mrr@10 : 0.0348    ndcg@10 : 0.0146    hit@10 : 0.1156    precision@10 : 0.013
Thu 26 Jan 2023 18:50:18 INFO  epoch 119 training [time: 3.50s, train_loss1: 25.5657, train_loss2: 31.1817]
Thu 26 Jan 2023 18:50:19 INFO  epoch 119 evaluating [time: 0.19s, valid_score: 0.035600]
Thu 26 Jan 2023 18:50:19 INFO  valid result: 
recall@10 : 0.0115    mrr@10 : 0.0356    ndcg@10 : 0.0147    hit@10 : 0.1156    precision@10 : 0.013
Thu 26 Jan 2023 18:50:19 INFO  Saving current: saved/KGAT-Jan-26-2023_18-42-45.pth
Thu 26 Jan 2023 18:50:22 INFO  epoch 120 training [time: 3.51s, train_loss1: 25.5601, train_loss2: 31.1816]
Thu 26 Jan 2023 18:50:22 INFO  epoch 120 evaluating [time: 0.19s, valid_score: 0.035200]
Thu 26 Jan 2023 18:50:22 INFO  valid result: 
recall@10 : 0.0114    mrr@10 : 0.0352    ndcg@10 : 0.0145    hit@10 : 0.1135    precision@10 : 0.0127
Thu 26 Jan 2023 18:50:26 INFO  epoch 121 training [time: 3.62s, train_loss1: 25.5401, train_loss2: 31.1818]
Thu 26 Jan 2023 18:50:26 INFO  epoch 121 evaluating [time: 0.19s, valid_score: 0.035000]
Thu 26 Jan 2023 18:50:26 INFO  valid result: 
recall@10 : 0.0112    mrr@10 : 0.035    ndcg@10 : 0.0146    hit@10 : 0.1156    precision@10 : 0.0131
Thu 26 Jan 2023 18:50:30 INFO  epoch 122 training [time: 3.74s, train_loss1: 25.5388, train_loss2: 31.1818]
Thu 26 Jan 2023 18:50:30 INFO  epoch 122 evaluating [time: 0.19s, valid_score: 0.034000]
Thu 26 Jan 2023 18:50:30 INFO  valid result: 
recall@10 : 0.011    mrr@10 : 0.034    ndcg@10 : 0.0142    hit@10 : 0.1113    precision@10 : 0.0126
Thu 26 Jan 2023 18:50:34 INFO  epoch 123 training [time: 3.64s, train_loss1: 25.5193, train_loss2: 31.1816]
Thu 26 Jan 2023 18:50:34 INFO  epoch 123 evaluating [time: 0.19s, valid_score: 0.034700]
Thu 26 Jan 2023 18:50:34 INFO  valid result: 
recall@10 : 0.0118    mrr@10 : 0.0347    ndcg@10 : 0.0147    hit@10 : 0.1166    precision@10 : 0.0131
Thu 26 Jan 2023 18:50:38 INFO  epoch 124 training [time: 3.67s, train_loss1: 25.5124, train_loss2: 31.1817]
Thu 26 Jan 2023 18:50:38 INFO  epoch 124 evaluating [time: 0.19s, valid_score: 0.035000]
Thu 26 Jan 2023 18:50:38 INFO  valid result: 
recall@10 : 0.0115    mrr@10 : 0.035    ndcg@10 : 0.0146    hit@10 : 0.1156    precision@10 : 0.0129
Thu 26 Jan 2023 18:50:41 INFO  epoch 125 training [time: 3.71s, train_loss1: 25.5242, train_loss2: 31.1817]
Thu 26 Jan 2023 18:50:42 INFO  epoch 125 evaluating [time: 0.19s, valid_score: 0.036300]
Thu 26 Jan 2023 18:50:42 INFO  valid result: 
recall@10 : 0.0113    mrr@10 : 0.0363    ndcg@10 : 0.0148    hit@10 : 0.1166    precision@10 : 0.0131
Thu 26 Jan 2023 18:50:42 INFO  Saving current: saved/KGAT-Jan-26-2023_18-42-45.pth
Thu 26 Jan 2023 18:50:45 INFO  epoch 126 training [time: 3.68s, train_loss1: 25.5088, train_loss2: 31.1813]
Thu 26 Jan 2023 18:50:46 INFO  epoch 126 evaluating [time: 0.19s, valid_score: 0.035800]
Thu 26 Jan 2023 18:50:46 INFO  valid result: 
recall@10 : 0.0116    mrr@10 : 0.0358    ndcg@10 : 0.0149    hit@10 : 0.1156    precision@10 : 0.0131
Thu 26 Jan 2023 18:50:49 INFO  epoch 127 training [time: 3.68s, train_loss1: 25.4979, train_loss2: 31.1815]
Thu 26 Jan 2023 18:50:49 INFO  epoch 127 evaluating [time: 0.20s, valid_score: 0.035800]
Thu 26 Jan 2023 18:50:49 INFO  valid result: 
recall@10 : 0.0115    mrr@10 : 0.0358    ndcg@10 : 0.0147    hit@10 : 0.1135    precision@10 : 0.0128
Thu 26 Jan 2023 18:50:53 INFO  epoch 128 training [time: 3.71s, train_loss1: 25.5075, train_loss2: 31.1813]
Thu 26 Jan 2023 18:50:53 INFO  epoch 128 evaluating [time: 0.19s, valid_score: 0.035300]
Thu 26 Jan 2023 18:50:53 INFO  valid result: 
recall@10 : 0.0115    mrr@10 : 0.0353    ndcg@10 : 0.0147    hit@10 : 0.1156    precision@10 : 0.013
Thu 26 Jan 2023 18:50:57 INFO  epoch 129 training [time: 3.79s, train_loss1: 25.4848, train_loss2: 31.1808]
Thu 26 Jan 2023 18:50:57 INFO  epoch 129 evaluating [time: 0.21s, valid_score: 0.035200]
Thu 26 Jan 2023 18:50:57 INFO  valid result: 
recall@10 : 0.0116    mrr@10 : 0.0352    ndcg@10 : 0.0148    hit@10 : 0.1145    precision@10 : 0.0131
Thu 26 Jan 2023 18:51:01 INFO  epoch 130 training [time: 3.90s, train_loss1: 25.4858, train_loss2: 31.1811]
Thu 26 Jan 2023 18:51:01 INFO  epoch 130 evaluating [time: 0.19s, valid_score: 0.036000]
Thu 26 Jan 2023 18:51:01 INFO  valid result: 
recall@10 : 0.0115    mrr@10 : 0.036    ndcg@10 : 0.0149    hit@10 : 0.1166    precision@10 : 0.0131
Thu 26 Jan 2023 18:51:05 INFO  epoch 131 training [time: 3.78s, train_loss1: 25.4705, train_loss2: 31.1810]
Thu 26 Jan 2023 18:51:05 INFO  epoch 131 evaluating [time: 0.19s, valid_score: 0.035500]
Thu 26 Jan 2023 18:51:05 INFO  valid result: 
recall@10 : 0.0118    mrr@10 : 0.0355    ndcg@10 : 0.0151    hit@10 : 0.1177    precision@10 : 0.0136
Thu 26 Jan 2023 18:51:09 INFO  epoch 132 training [time: 3.85s, train_loss1: 25.4795, train_loss2: 31.1808]
Thu 26 Jan 2023 18:51:10 INFO  epoch 132 evaluating [time: 0.22s, valid_score: 0.035800]
Thu 26 Jan 2023 18:51:10 INFO  valid result: 
recall@10 : 0.0118    mrr@10 : 0.0358    ndcg@10 : 0.015    hit@10 : 0.1177    precision@10 : 0.0134
Thu 26 Jan 2023 18:51:13 INFO  epoch 133 training [time: 3.69s, train_loss1: 25.4603, train_loss2: 31.1811]
Thu 26 Jan 2023 18:51:13 INFO  epoch 133 evaluating [time: 0.21s, valid_score: 0.036100]
Thu 26 Jan 2023 18:51:13 INFO  valid result: 
recall@10 : 0.0121    mrr@10 : 0.0361    ndcg@10 : 0.0152    hit@10 : 0.1198    precision@10 : 0.0137
Thu 26 Jan 2023 18:51:17 INFO  epoch 134 training [time: 3.67s, train_loss1: 25.4514, train_loss2: 31.1812]
Thu 26 Jan 2023 18:51:17 INFO  epoch 134 evaluating [time: 0.19s, valid_score: 0.036400]
Thu 26 Jan 2023 18:51:17 INFO  valid result: 
recall@10 : 0.0119    mrr@10 : 0.0364    ndcg@10 : 0.0152    hit@10 : 0.1177    precision@10 : 0.0136
Thu 26 Jan 2023 18:51:17 INFO  Saving current: saved/KGAT-Jan-26-2023_18-42-45.pth
Thu 26 Jan 2023 18:51:21 INFO  epoch 135 training [time: 3.68s, train_loss1: 25.4371, train_loss2: 31.1806]
Thu 26 Jan 2023 18:51:21 INFO  epoch 135 evaluating [time: 0.20s, valid_score: 0.036200]
Thu 26 Jan 2023 18:51:21 INFO  valid result: 
recall@10 : 0.0118    mrr@10 : 0.0362    ndcg@10 : 0.0151    hit@10 : 0.1166    precision@10 : 0.0134
Thu 26 Jan 2023 18:51:25 INFO  epoch 136 training [time: 3.65s, train_loss1: 25.4475, train_loss2: 31.1807]
Thu 26 Jan 2023 18:51:25 INFO  epoch 136 evaluating [time: 0.20s, valid_score: 0.035300]
Thu 26 Jan 2023 18:51:25 INFO  valid result: 
recall@10 : 0.012    mrr@10 : 0.0353    ndcg@10 : 0.0152    hit@10 : 0.1177    precision@10 : 0.0137
Thu 26 Jan 2023 18:51:29 INFO  epoch 137 training [time: 3.73s, train_loss1: 25.4179, train_loss2: 31.1806]
Thu 26 Jan 2023 18:51:29 INFO  epoch 137 evaluating [time: 0.20s, valid_score: 0.035900]
Thu 26 Jan 2023 18:51:29 INFO  valid result: 
recall@10 : 0.013    mrr@10 : 0.0359    ndcg@10 : 0.0156    hit@10 : 0.1209    precision@10 : 0.014
Thu 26 Jan 2023 18:51:33 INFO  epoch 138 training [time: 3.79s, train_loss1: 25.4291, train_loss2: 31.1804]
Thu 26 Jan 2023 18:51:33 INFO  epoch 138 evaluating [time: 0.20s, valid_score: 0.036200]
Thu 26 Jan 2023 18:51:33 INFO  valid result: 
recall@10 : 0.0122    mrr@10 : 0.0362    ndcg@10 : 0.0154    hit@10 : 0.1198    precision@10 : 0.0139
Thu 26 Jan 2023 18:51:37 INFO  epoch 139 training [time: 3.66s, train_loss1: 25.4253, train_loss2: 31.1807]
Thu 26 Jan 2023 18:51:37 INFO  epoch 139 evaluating [time: 0.20s, valid_score: 0.036300]
Thu 26 Jan 2023 18:51:37 INFO  valid result: 
recall@10 : 0.0122    mrr@10 : 0.0363    ndcg@10 : 0.0155    hit@10 : 0.1198    precision@10 : 0.014
Thu 26 Jan 2023 18:51:40 INFO  epoch 140 training [time: 3.66s, train_loss1: 25.4141, train_loss2: 31.1805]
Thu 26 Jan 2023 18:51:41 INFO  epoch 140 evaluating [time: 0.20s, valid_score: 0.036200]
Thu 26 Jan 2023 18:51:41 INFO  valid result: 
recall@10 : 0.013    mrr@10 : 0.0362    ndcg@10 : 0.0157    hit@10 : 0.1209    precision@10 : 0.0141
Thu 26 Jan 2023 18:51:44 INFO  epoch 141 training [time: 3.65s, train_loss1: 25.4075, train_loss2: 31.1799]
Thu 26 Jan 2023 18:51:45 INFO  epoch 141 evaluating [time: 0.20s, valid_score: 0.036800]
Thu 26 Jan 2023 18:51:45 INFO  valid result: 
recall@10 : 0.0124    mrr@10 : 0.0368    ndcg@10 : 0.0157    hit@10 : 0.123    precision@10 : 0.0141
Thu 26 Jan 2023 18:51:45 INFO  Saving current: saved/KGAT-Jan-26-2023_18-42-45.pth
Thu 26 Jan 2023 18:51:48 INFO  epoch 142 training [time: 3.65s, train_loss1: 25.3913, train_loss2: 31.1803]
Thu 26 Jan 2023 18:51:48 INFO  epoch 142 evaluating [time: 0.20s, valid_score: 0.036600]
Thu 26 Jan 2023 18:51:48 INFO  valid result: 
recall@10 : 0.0122    mrr@10 : 0.0366    ndcg@10 : 0.0157    hit@10 : 0.122    precision@10 : 0.0143
Thu 26 Jan 2023 18:51:52 INFO  epoch 143 training [time: 3.64s, train_loss1: 25.3887, train_loss2: 31.1804]
Thu 26 Jan 2023 18:51:52 INFO  epoch 143 evaluating [time: 0.20s, valid_score: 0.036900]
Thu 26 Jan 2023 18:51:52 INFO  valid result: 
recall@10 : 0.0127    mrr@10 : 0.0369    ndcg@10 : 0.016    hit@10 : 0.1251    precision@10 : 0.0147
Thu 26 Jan 2023 18:51:52 INFO  Saving current: saved/KGAT-Jan-26-2023_18-42-45.pth
Thu 26 Jan 2023 18:51:56 INFO  epoch 144 training [time: 3.65s, train_loss1: 25.3768, train_loss2: 31.1800]
Thu 26 Jan 2023 18:51:56 INFO  epoch 144 evaluating [time: 0.20s, valid_score: 0.036900]
Thu 26 Jan 2023 18:51:56 INFO  valid result: 
recall@10 : 0.0136    mrr@10 : 0.0369    ndcg@10 : 0.0162    hit@10 : 0.1241    precision@10 : 0.0145
Thu 26 Jan 2023 18:51:56 INFO  Saving current: saved/KGAT-Jan-26-2023_18-42-45.pth
Thu 26 Jan 2023 18:52:00 INFO  epoch 145 training [time: 3.66s, train_loss1: 25.3736, train_loss2: 31.1804]
Thu 26 Jan 2023 18:52:00 INFO  epoch 145 evaluating [time: 0.19s, valid_score: 0.037200]
Thu 26 Jan 2023 18:52:00 INFO  valid result: 
recall@10 : 0.013    mrr@10 : 0.0372    ndcg@10 : 0.0163    hit@10 : 0.1262    precision@10 : 0.015
Thu 26 Jan 2023 18:52:00 INFO  Saving current: saved/KGAT-Jan-26-2023_18-42-45.pth
Thu 26 Jan 2023 18:52:04 INFO  epoch 146 training [time: 3.66s, train_loss1: 25.3648, train_loss2: 31.1801]
Thu 26 Jan 2023 18:52:04 INFO  epoch 146 evaluating [time: 0.20s, valid_score: 0.036700]
Thu 26 Jan 2023 18:52:04 INFO  valid result: 
recall@10 : 0.0129    mrr@10 : 0.0367    ndcg@10 : 0.0162    hit@10 : 0.1251    precision@10 : 0.015
Thu 26 Jan 2023 18:52:08 INFO  epoch 147 training [time: 3.62s, train_loss1: 25.3616, train_loss2: 31.1796]
Thu 26 Jan 2023 18:52:08 INFO  epoch 147 evaluating [time: 0.20s, valid_score: 0.036800]
Thu 26 Jan 2023 18:52:08 INFO  valid result: 
recall@10 : 0.0128    mrr@10 : 0.0368    ndcg@10 : 0.0161    hit@10 : 0.1251    precision@10 : 0.0148
Thu 26 Jan 2023 18:52:11 INFO  epoch 148 training [time: 3.64s, train_loss1: 25.3573, train_loss2: 31.1798]
Thu 26 Jan 2023 18:52:12 INFO  epoch 148 evaluating [time: 0.20s, valid_score: 0.037000]
Thu 26 Jan 2023 18:52:12 INFO  valid result: 
recall@10 : 0.013    mrr@10 : 0.037    ndcg@10 : 0.0163    hit@10 : 0.1262    precision@10 : 0.015
Thu 26 Jan 2023 18:52:15 INFO  epoch 149 training [time: 3.73s, train_loss1: 25.3424, train_loss2: 31.1797]
Thu 26 Jan 2023 18:52:16 INFO  epoch 149 evaluating [time: 0.20s, valid_score: 0.037200]
Thu 26 Jan 2023 18:52:16 INFO  valid result: 
recall@10 : 0.0131    mrr@10 : 0.0372    ndcg@10 : 0.0164    hit@10 : 0.1283    precision@10 : 0.0152
Thu 26 Jan 2023 18:52:16 INFO  Saving current: saved/KGAT-Jan-26-2023_18-42-45.pth
Thu 26 Jan 2023 18:52:19 INFO  epoch 150 training [time: 3.61s, train_loss1: 25.3484, train_loss2: 31.1797]
Thu 26 Jan 2023 18:52:19 INFO  epoch 150 evaluating [time: 0.19s, valid_score: 0.037800]
Thu 26 Jan 2023 18:52:19 INFO  valid result: 
recall@10 : 0.0132    mrr@10 : 0.0378    ndcg@10 : 0.0166    hit@10 : 0.1283    precision@10 : 0.0153
Thu 26 Jan 2023 18:52:19 INFO  Saving current: saved/KGAT-Jan-26-2023_18-42-45.pth
Thu 26 Jan 2023 18:52:23 INFO  epoch 151 training [time: 3.65s, train_loss1: 25.3150, train_loss2: 31.1804]
Thu 26 Jan 2023 18:52:23 INFO  epoch 151 evaluating [time: 0.23s, valid_score: 0.037500]
Thu 26 Jan 2023 18:52:23 INFO  valid result: 
recall@10 : 0.0128    mrr@10 : 0.0375    ndcg@10 : 0.0165    hit@10 : 0.1294    precision@10 : 0.0154
Thu 26 Jan 2023 18:52:27 INFO  epoch 152 training [time: 3.64s, train_loss1: 25.3300, train_loss2: 31.1796]
Thu 26 Jan 2023 18:52:27 INFO  epoch 152 evaluating [time: 0.19s, valid_score: 0.037700]
Thu 26 Jan 2023 18:52:27 INFO  valid result: 
recall@10 : 0.0132    mrr@10 : 0.0377    ndcg@10 : 0.0167    hit@10 : 0.1315    precision@10 : 0.0157
Thu 26 Jan 2023 18:52:31 INFO  epoch 153 training [time: 3.63s, train_loss1: 25.3258, train_loss2: 31.1796]
Thu 26 Jan 2023 18:52:31 INFO  epoch 153 evaluating [time: 0.19s, valid_score: 0.037400]
Thu 26 Jan 2023 18:52:31 INFO  valid result: 
recall@10 : 0.0131    mrr@10 : 0.0374    ndcg@10 : 0.0166    hit@10 : 0.1304    precision@10 : 0.0155
Thu 26 Jan 2023 18:52:35 INFO  epoch 154 training [time: 3.61s, train_loss1: 25.3144, train_loss2: 31.1794]
Thu 26 Jan 2023 18:52:35 INFO  epoch 154 evaluating [time: 0.19s, valid_score: 0.036900]
Thu 26 Jan 2023 18:52:35 INFO  valid result: 
recall@10 : 0.0128    mrr@10 : 0.0369    ndcg@10 : 0.0164    hit@10 : 0.1273    precision@10 : 0.0153
Thu 26 Jan 2023 18:52:38 INFO  epoch 155 training [time: 3.70s, train_loss1: 25.3048, train_loss2: 31.1794]
Thu 26 Jan 2023 18:52:39 INFO  epoch 155 evaluating [time: 0.19s, valid_score: 0.037600]
Thu 26 Jan 2023 18:52:39 INFO  valid result: 
recall@10 : 0.013    mrr@10 : 0.0376    ndcg@10 : 0.0167    hit@10 : 0.1294    precision@10 : 0.0157
Thu 26 Jan 2023 18:52:42 INFO  epoch 156 training [time: 3.63s, train_loss1: 25.3035, train_loss2: 31.1793]
Thu 26 Jan 2023 18:52:42 INFO  epoch 156 evaluating [time: 0.20s, valid_score: 0.037300]
Thu 26 Jan 2023 18:52:42 INFO  valid result: 
recall@10 : 0.0128    mrr@10 : 0.0373    ndcg@10 : 0.0165    hit@10 : 0.1283    precision@10 : 0.0155
Thu 26 Jan 2023 18:52:46 INFO  epoch 157 training [time: 3.63s, train_loss1: 25.2790, train_loss2: 31.1790]
Thu 26 Jan 2023 18:52:46 INFO  epoch 157 evaluating [time: 0.19s, valid_score: 0.037300]
Thu 26 Jan 2023 18:52:46 INFO  valid result: 
recall@10 : 0.0126    mrr@10 : 0.0373    ndcg@10 : 0.0165    hit@10 : 0.1273    precision@10 : 0.0154
Thu 26 Jan 2023 18:52:50 INFO  epoch 158 training [time: 3.65s, train_loss1: 25.2982, train_loss2: 31.1789]
Thu 26 Jan 2023 18:52:50 INFO  epoch 158 evaluating [time: 0.20s, valid_score: 0.037500]
Thu 26 Jan 2023 18:52:50 INFO  valid result: 
recall@10 : 0.0125    mrr@10 : 0.0375    ndcg@10 : 0.0165    hit@10 : 0.1283    precision@10 : 0.0155
Thu 26 Jan 2023 18:52:54 INFO  epoch 159 training [time: 3.63s, train_loss1: 25.2699, train_loss2: 31.1791]
Thu 26 Jan 2023 18:52:54 INFO  epoch 159 evaluating [time: 0.20s, valid_score: 0.037400]
Thu 26 Jan 2023 18:52:54 INFO  valid result: 
recall@10 : 0.0127    mrr@10 : 0.0374    ndcg@10 : 0.0166    hit@10 : 0.1283    precision@10 : 0.0155
Thu 26 Jan 2023 18:52:58 INFO  epoch 160 training [time: 3.85s, train_loss1: 25.2998, train_loss2: 31.1789]
Thu 26 Jan 2023 18:52:58 INFO  epoch 160 evaluating [time: 0.20s, valid_score: 0.037400]
Thu 26 Jan 2023 18:52:58 INFO  valid result: 
recall@10 : 0.0123    mrr@10 : 0.0374    ndcg@10 : 0.0164    hit@10 : 0.1262    precision@10 : 0.0154
Thu 26 Jan 2023 18:53:02 INFO  epoch 161 training [time: 3.84s, train_loss1: 25.2571, train_loss2: 31.1787]
Thu 26 Jan 2023 18:53:02 INFO  epoch 161 evaluating [time: 0.20s, valid_score: 0.037400]
Thu 26 Jan 2023 18:53:02 INFO  valid result: 
recall@10 : 0.0127    mrr@10 : 0.0374    ndcg@10 : 0.0165    hit@10 : 0.1283    precision@10 : 0.0154
Thu 26 Jan 2023 18:53:02 INFO  Finished training, best eval result in epoch 150
Thu 26 Jan 2023 18:53:02 INFO  Loading model structure and parameters from saved/KGAT-Jan-26-2023_18-42-45.pth
Thu 26 Jan 2023 18:53:02 INFO  best valid : OrderedDict([('recall@10', 0.0132), ('mrr@10', 0.0378), ('ndcg@10', 0.0166), ('hit@10', 0.1283), ('precision@10', 0.0153)])
Thu 26 Jan 2023 18:53:02 INFO  test result: OrderedDict([('recall@10', 0.0189), ('mrr@10', 0.039), ('ndcg@10', 0.0194), ('hit@10', 0.1336), ('precision@10', 0.0164)])
