Sun 15 Jan 2023 17:42:15 INFO  ['recbole_test.py']
Sun 15 Jan 2023 17:42:15 INFO  
General Hyper Parameters:
gpu_id = 0
use_gpu = True
seed = 2020
state = INFO
reproducibility = True
data_path = /work/03/gu14/k36095/kgat_bai/recbole/config/../dataset_example/ml-100k
checkpoint_dir = saved
show_progress = True
save_dataset = False
dataset_save_path = None
save_dataloaders = False
dataloaders_save_path = None
log_wandb = False

Training Hyper Parameters:
epochs = 300
train_batch_size = 2048
learner = adam
learning_rate = 0.001
train_neg_sample_args = {'distribution': 'uniform', 'sample_num': 1, 'alpha': 1.0, 'dynamic': False, 'candidate_num': 0}
eval_step = 1
stopping_step = 10
clip_grad_norm = None
weight_decay = 0.0
loss_decimal_place = 4

Evaluation Hyper Parameters:
eval_args = {'split': {'RS': [0.8, 0.1, 0.1]}, 'group_by': 'user', 'order': 'RO', 'mode': 'full'}
repeatable = False
metrics = ['Recall', 'MRR', 'NDCG', 'Hit', 'Precision']
topk = [10]
valid_metric = MRR@10
valid_metric_bigger = True
eval_batch_size = 4096
metric_decimal_place = 4

Dataset Hyper Parameters:
field_separator = 	
seq_separator =  
USER_ID_FIELD = user_id
ITEM_ID_FIELD = item_id
RATING_FIELD = rating
TIME_FIELD = timestamp
seq_len = None
LABEL_FIELD = label
threshold = None
NEG_PREFIX = neg_
load_col = {'inter': ['user_id', 'item_id', 'rating', 'timestamp'], 'kg': ['head_id', 'relation_id', 'tail_id'], 'link': ['item_id', 'entity_id']}
unload_col = None
unused_col = None
additional_feat_suffix = None
rm_dup_inter = None
val_interval = None
filter_inter_by_user_or_item = True
user_inter_num_interval = None
item_inter_num_interval = None
alias_of_user_id = None
alias_of_item_id = None
alias_of_entity_id = None
alias_of_relation_id = None
preload_weight = None
normalize_field = None
normalize_all = True
ITEM_LIST_LENGTH_FIELD = item_length
LIST_SUFFIX = _list
MAX_ITEM_LIST_LENGTH = 50
POSITION_FIELD = position_id
HEAD_ENTITY_ID_FIELD = head_id
TAIL_ENTITY_ID_FIELD = tail_id
RELATION_ID_FIELD = relation_id
ENTITY_ID_FIELD = entity_id
kg_reverse_r = False
entity_kg_num_interval = [0,inf)
relation_kg_num_interval = [0,inf)
benchmark_filename = None

Other Hyper Parameters: 
worker = 0
wandb_project = recbole
shuffle = True
require_pow = False
enable_amp = False
enable_scaler = False
transform = None
embedding_size = 64
kg_embedding_size = 64
layers = [64]
mess_dropout = 0.1
reg_weight = 1e-05
aggregator_type = bi
numerical_features = []
discretization = None
MODEL_TYPE = ModelType.KNOWLEDGE
MODEL_INPUT_TYPE = InputType.PAIRWISE
eval_type = EvaluatorType.RANKING
single_spec = True
local_rank = 0
device = cpu
eval_neg_sample_args = {'distribution': 'uniform', 'sample_num': 'none'}


Sun 15 Jan 2023 17:42:16 INFO  ml-100k
The number of users: 944
Average actions of users: 103.4506892895016
The number of items: 1599
Average actions of items: 61.04755944931164
The number of inters: 97554
The sparsity of the dataset: 93.53714185772888%
Remain Fields: ['entity_id', 'user_id', 'item_id', 'rating', 'timestamp', 'head_id', 'relation_id', 'tail_id']
The number of entities: 34629
The number of relations: 26
The number of triples: 91631
The number of items that have been linked to KG: 1598
Sun 15 Jan 2023 17:42:16 INFO  [Training]: train_batch_size = [2048] train_neg_sample_args: [{'distribution': 'uniform', 'sample_num': 1, 'alpha': 1.0, 'dynamic': False, 'candidate_num': 0}]
Sun 15 Jan 2023 17:42:16 INFO  [Evaluation]: eval_batch_size = [4096] eval_args: [{'split': {'RS': [0.8, 0.1, 0.1]}, 'group_by': 'user', 'order': 'RO', 'mode': 'full'}]
Sun 15 Jan 2023 17:42:17 INFO  KGAT(
  (user_embedding): Embedding(944, 64)
  (entity_embedding): Embedding(34629, 64)
  (relation_embedding): Embedding(26, 64)
  (trans_w): Embedding(26, 4096)
  (aggregator_layers): ModuleList(
    (0): Aggregator(
      (message_dropout): Dropout(p=0.1, inplace=False)
      (W1): Linear(in_features=64, out_features=64, bias=True)
      (W2): Linear(in_features=64, out_features=64, bias=True)
      (activation): LeakyReLU(negative_slope=0.01)
    )
  )
  (tanh): Tanh()
  (mf_loss): BPRLoss()
  (reg_loss): EmbLoss()
)
Trainable parameters: 2393152
Sun 15 Jan 2023 17:42:17 INFO  FLOPs: 291414016.0
Sun 15 Jan 2023 17:42:24 INFO  epoch 0 training [time: 6.57s, train_loss1: 23.6983, train_loss2: 29.7586]
Sun 15 Jan 2023 17:42:25 INFO  epoch 0 evaluating [time: 0.29s, valid_score: 0.080700]
Sun 15 Jan 2023 17:42:25 INFO  valid result: 
recall@10 : 0.0336    mrr@10 : 0.0807    ndcg@10 : 0.0385    hit@10 : 0.2344    precision@10 : 0.0316
Sun 15 Jan 2023 17:42:25 INFO  Saving current: saved/KGAT-Jan-15-2023_17-42-18.pth
Sun 15 Jan 2023 17:42:30 INFO  epoch 1 training [time: 5.26s, train_loss1: 21.2554, train_loss2: 19.7071]
Sun 15 Jan 2023 17:42:30 INFO  epoch 1 evaluating [time: 0.24s, valid_score: 0.130800]
Sun 15 Jan 2023 17:42:30 INFO  valid result: 
recall@10 : 0.0698    mrr@10 : 0.1308    ndcg@10 : 0.0695    hit@10 : 0.3913    precision@10 : 0.0555
Sun 15 Jan 2023 17:42:30 INFO  Saving current: saved/KGAT-Jan-15-2023_17-42-18.pth
Sun 15 Jan 2023 17:42:35 INFO  epoch 2 training [time: 4.99s, train_loss1: 18.9901, train_loss2: 12.3602]
Sun 15 Jan 2023 17:42:36 INFO  epoch 2 evaluating [time: 0.24s, valid_score: 0.145500]
Sun 15 Jan 2023 17:42:36 INFO  valid result: 
recall@10 : 0.081    mrr@10 : 0.1455    ndcg@10 : 0.0775    hit@10 : 0.4083    precision@10 : 0.0598
Sun 15 Jan 2023 17:42:36 INFO  Saving current: saved/KGAT-Jan-15-2023_17-42-18.pth
Sun 15 Jan 2023 17:42:40 INFO  epoch 3 training [time: 4.29s, train_loss1: 16.9279, train_loss2: 10.0776]
Sun 15 Jan 2023 17:42:40 INFO  epoch 3 evaluating [time: 0.22s, valid_score: 0.162500]
Sun 15 Jan 2023 17:42:40 INFO  valid result: 
recall@10 : 0.096    mrr@10 : 0.1625    ndcg@10 : 0.0914    hit@10 : 0.4602    precision@10 : 0.0716
Sun 15 Jan 2023 17:42:40 INFO  Saving current: saved/KGAT-Jan-15-2023_17-42-18.pth
Sun 15 Jan 2023 17:42:44 INFO  epoch 4 training [time: 3.48s, train_loss1: 16.4220, train_loss2: 8.9160]
Sun 15 Jan 2023 17:42:44 INFO  epoch 4 evaluating [time: 0.17s, valid_score: 0.192400]
Sun 15 Jan 2023 17:42:44 INFO  valid result: 
recall@10 : 0.1122    mrr@10 : 0.1924    ndcg@10 : 0.1106    hit@10 : 0.4995    precision@10 : 0.0834
Sun 15 Jan 2023 17:42:44 INFO  Saving current: saved/KGAT-Jan-15-2023_17-42-18.pth
Sun 15 Jan 2023 17:42:47 INFO  epoch 5 training [time: 3.23s, train_loss1: 16.1698, train_loss2: 8.1666]
Sun 15 Jan 2023 17:42:48 INFO  epoch 5 evaluating [time: 0.17s, valid_score: 0.225000]
Sun 15 Jan 2023 17:42:48 INFO  valid result: 
recall@10 : 0.1166    mrr@10 : 0.225    ndcg@10 : 0.1217    hit@10 : 0.5154    precision@10 : 0.0858
Sun 15 Jan 2023 17:42:48 INFO  Saving current: saved/KGAT-Jan-15-2023_17-42-18.pth
Sun 15 Jan 2023 17:42:51 INFO  epoch 6 training [time: 3.24s, train_loss1: 15.9093, train_loss2: 7.7523]
Sun 15 Jan 2023 17:42:51 INFO  epoch 6 evaluating [time: 0.17s, valid_score: 0.226900]
Sun 15 Jan 2023 17:42:51 INFO  valid result: 
recall@10 : 0.1128    mrr@10 : 0.2269    ndcg@10 : 0.1214    hit@10 : 0.5175    precision@10 : 0.0864
Sun 15 Jan 2023 17:42:51 INFO  Saving current: saved/KGAT-Jan-15-2023_17-42-18.pth
Sun 15 Jan 2023 17:42:54 INFO  epoch 7 training [time: 3.30s, train_loss1: 15.7807, train_loss2: 7.3770]
Sun 15 Jan 2023 17:42:55 INFO  epoch 7 evaluating [time: 0.17s, valid_score: 0.216600]
Sun 15 Jan 2023 17:42:55 INFO  valid result: 
recall@10 : 0.1099    mrr@10 : 0.2166    ndcg@10 : 0.1182    hit@10 : 0.5027    precision@10 : 0.0862
Sun 15 Jan 2023 17:42:58 INFO  epoch 8 training [time: 3.62s, train_loss1: 15.6171, train_loss2: 7.0001]
Sun 15 Jan 2023 17:42:58 INFO  epoch 8 evaluating [time: 0.17s, valid_score: 0.229800]
Sun 15 Jan 2023 17:42:58 INFO  valid result: 
recall@10 : 0.1156    mrr@10 : 0.2298    ndcg@10 : 0.1236    hit@10 : 0.5186    precision@10 : 0.0888
Sun 15 Jan 2023 17:42:58 INFO  Saving current: saved/KGAT-Jan-15-2023_17-42-18.pth
Sun 15 Jan 2023 17:43:02 INFO  epoch 9 training [time: 3.31s, train_loss1: 15.3881, train_loss2: 6.6692]
Sun 15 Jan 2023 17:43:02 INFO  epoch 9 evaluating [time: 0.18s, valid_score: 0.224100]
Sun 15 Jan 2023 17:43:02 INFO  valid result: 
recall@10 : 0.118    mrr@10 : 0.2241    ndcg@10 : 0.124    hit@10 : 0.5239    precision@10 : 0.0906
Sun 15 Jan 2023 17:43:05 INFO  epoch 10 training [time: 3.33s, train_loss1: 15.1194, train_loss2: 6.2586]
Sun 15 Jan 2023 17:43:05 INFO  epoch 10 evaluating [time: 0.17s, valid_score: 0.238400]
Sun 15 Jan 2023 17:43:05 INFO  valid result: 
recall@10 : 0.1235    mrr@10 : 0.2384    ndcg@10 : 0.1318    hit@10 : 0.5483    precision@10 : 0.0958
Sun 15 Jan 2023 17:43:05 INFO  Saving current: saved/KGAT-Jan-15-2023_17-42-18.pth
Sun 15 Jan 2023 17:43:09 INFO  epoch 11 training [time: 3.31s, train_loss1: 14.8142, train_loss2: 5.9477]
Sun 15 Jan 2023 17:43:09 INFO  epoch 11 evaluating [time: 0.17s, valid_score: 0.246700]
Sun 15 Jan 2023 17:43:09 INFO  valid result: 
recall@10 : 0.1246    mrr@10 : 0.2467    ndcg@10 : 0.1353    hit@10 : 0.5504    precision@10 : 0.0965
Sun 15 Jan 2023 17:43:09 INFO  Saving current: saved/KGAT-Jan-15-2023_17-42-18.pth
Sun 15 Jan 2023 17:43:12 INFO  epoch 12 training [time: 3.24s, train_loss1: 14.5943, train_loss2: 5.4541]
Sun 15 Jan 2023 17:43:12 INFO  epoch 12 evaluating [time: 0.17s, valid_score: 0.259100]
Sun 15 Jan 2023 17:43:12 INFO  valid result: 
recall@10 : 0.1307    mrr@10 : 0.2591    ndcg@10 : 0.1429    hit@10 : 0.5748    precision@10 : 0.1033
Sun 15 Jan 2023 17:43:12 INFO  Saving current: saved/KGAT-Jan-15-2023_17-42-18.pth
Sun 15 Jan 2023 17:43:16 INFO  epoch 13 training [time: 3.34s, train_loss1: 14.2027, train_loss2: 5.1998]
Sun 15 Jan 2023 17:43:16 INFO  epoch 13 evaluating [time: 0.17s, valid_score: 0.270100]
Sun 15 Jan 2023 17:43:16 INFO  valid result: 
recall@10 : 0.1386    mrr@10 : 0.2701    ndcg@10 : 0.151    hit@10 : 0.5843    precision@10 : 0.109
Sun 15 Jan 2023 17:43:16 INFO  Saving current: saved/KGAT-Jan-15-2023_17-42-18.pth
Sun 15 Jan 2023 17:43:19 INFO  epoch 14 training [time: 3.21s, train_loss1: 13.8363, train_loss2: 4.9683]
Sun 15 Jan 2023 17:43:19 INFO  epoch 14 evaluating [time: 0.17s, valid_score: 0.282400]
Sun 15 Jan 2023 17:43:19 INFO  valid result: 
recall@10 : 0.1486    mrr@10 : 0.2824    ndcg@10 : 0.1589    hit@10 : 0.6172    precision@10 : 0.1143
Sun 15 Jan 2023 17:43:20 INFO  Saving current: saved/KGAT-Jan-15-2023_17-42-18.pth
Sun 15 Jan 2023 17:43:23 INFO  epoch 15 training [time: 3.36s, train_loss1: 13.5352, train_loss2: 4.8403]
Sun 15 Jan 2023 17:43:23 INFO  epoch 15 evaluating [time: 0.17s, valid_score: 0.293100]
Sun 15 Jan 2023 17:43:23 INFO  valid result: 
recall@10 : 0.1534    mrr@10 : 0.2931    ndcg@10 : 0.1631    hit@10 : 0.6161    precision@10 : 0.1153
Sun 15 Jan 2023 17:43:23 INFO  Saving current: saved/KGAT-Jan-15-2023_17-42-18.pth
Sun 15 Jan 2023 17:43:26 INFO  epoch 16 training [time: 3.24s, train_loss1: 13.1564, train_loss2: 4.5224]
Sun 15 Jan 2023 17:43:27 INFO  epoch 16 evaluating [time: 0.17s, valid_score: 0.302100]
Sun 15 Jan 2023 17:43:27 INFO  valid result: 
recall@10 : 0.1582    mrr@10 : 0.3021    ndcg@10 : 0.1689    hit@10 : 0.632    precision@10 : 0.1195
Sun 15 Jan 2023 17:43:27 INFO  Saving current: saved/KGAT-Jan-15-2023_17-42-18.pth
Sun 15 Jan 2023 17:43:30 INFO  epoch 17 training [time: 3.23s, train_loss1: 12.7768, train_loss2: 4.3303]
Sun 15 Jan 2023 17:43:30 INFO  epoch 17 evaluating [time: 0.17s, valid_score: 0.309200]
Sun 15 Jan 2023 17:43:30 INFO  valid result: 
recall@10 : 0.1611    mrr@10 : 0.3092    ndcg@10 : 0.1737    hit@10 : 0.6373    precision@10 : 0.1223
Sun 15 Jan 2023 17:43:30 INFO  Saving current: saved/KGAT-Jan-15-2023_17-42-18.pth
Sun 15 Jan 2023 17:43:33 INFO  epoch 18 training [time: 3.23s, train_loss1: 12.3376, train_loss2: 4.0566]
Sun 15 Jan 2023 17:43:33 INFO  epoch 18 evaluating [time: 0.17s, valid_score: 0.315200]
Sun 15 Jan 2023 17:43:33 INFO  valid result: 
recall@10 : 0.1673    mrr@10 : 0.3152    ndcg@10 : 0.1783    hit@10 : 0.6554    precision@10 : 0.1259
Sun 15 Jan 2023 17:43:34 INFO  Saving current: saved/KGAT-Jan-15-2023_17-42-18.pth
Sun 15 Jan 2023 17:43:37 INFO  epoch 19 training [time: 3.24s, train_loss1: 12.0683, train_loss2: 3.9366]
Sun 15 Jan 2023 17:43:37 INFO  epoch 19 evaluating [time: 0.17s, valid_score: 0.319200]
Sun 15 Jan 2023 17:43:37 INFO  valid result: 
recall@10 : 0.1724    mrr@10 : 0.3192    ndcg@10 : 0.1828    hit@10 : 0.6617    precision@10 : 0.129
Sun 15 Jan 2023 17:43:37 INFO  Saving current: saved/KGAT-Jan-15-2023_17-42-18.pth
Sun 15 Jan 2023 17:43:40 INFO  epoch 20 training [time: 3.15s, train_loss1: 11.7679, train_loss2: 3.7538]
Sun 15 Jan 2023 17:43:40 INFO  epoch 20 evaluating [time: 0.17s, valid_score: 0.321800]
Sun 15 Jan 2023 17:43:40 INFO  valid result: 
recall@10 : 0.1749    mrr@10 : 0.3218    ndcg@10 : 0.1865    hit@10 : 0.6649    precision@10 : 0.1317
Sun 15 Jan 2023 17:43:40 INFO  Saving current: saved/KGAT-Jan-15-2023_17-42-18.pth
Sun 15 Jan 2023 17:43:44 INFO  epoch 21 training [time: 3.35s, train_loss1: 11.4639, train_loss2: 3.5146]
Sun 15 Jan 2023 17:43:44 INFO  epoch 21 evaluating [time: 0.22s, valid_score: 0.325800]
Sun 15 Jan 2023 17:43:44 INFO  valid result: 
recall@10 : 0.1755    mrr@10 : 0.3258    ndcg@10 : 0.1887    hit@10 : 0.6607    precision@10 : 0.1327
Sun 15 Jan 2023 17:43:44 INFO  Saving current: saved/KGAT-Jan-15-2023_17-42-18.pth
Sun 15 Jan 2023 17:43:47 INFO  epoch 22 training [time: 3.27s, train_loss1: 11.2531, train_loss2: 3.3063]
Sun 15 Jan 2023 17:43:47 INFO  epoch 22 evaluating [time: 0.17s, valid_score: 0.333000]
Sun 15 Jan 2023 17:43:47 INFO  valid result: 
recall@10 : 0.1737    mrr@10 : 0.333    ndcg@10 : 0.1903    hit@10 : 0.6607    precision@10 : 0.1328
Sun 15 Jan 2023 17:43:48 INFO  Saving current: saved/KGAT-Jan-15-2023_17-42-18.pth
Sun 15 Jan 2023 17:43:51 INFO  epoch 23 training [time: 3.19s, train_loss1: 10.9454, train_loss2: 3.1535]
Sun 15 Jan 2023 17:43:51 INFO  epoch 23 evaluating [time: 0.17s, valid_score: 0.340300]
Sun 15 Jan 2023 17:43:51 INFO  valid result: 
recall@10 : 0.1731    mrr@10 : 0.3403    ndcg@10 : 0.1922    hit@10 : 0.667    precision@10 : 0.1333
Sun 15 Jan 2023 17:43:51 INFO  Saving current: saved/KGAT-Jan-15-2023_17-42-18.pth
