Thu 26 Jan 2023 15:16:15 INFO  momentum
Thu 26 Jan 2023 15:16:15 INFO  ['recbole_test.py']
Thu 26 Jan 2023 15:16:15 INFO  
General Hyper Parameters:
gpu_id = 0
use_gpu = True
seed = 2020
state = INFO
reproducibility = True
data_path = /work/03/gu14/k36095/kgat_bai/recbole/config/../dataset_example/ml-100k
checkpoint_dir = saved
show_progress = True
save_dataset = True
dataset_save_path = None
save_dataloaders = False
dataloaders_save_path = None
log_wandb = False

Training Hyper Parameters:
epochs = 300
train_batch_size = 2048
learner = adam
learning_rate = 0.001
train_neg_sample_args = {'distribution': 'uniform', 'sample_num': 1, 'alpha': 1.0, 'dynamic': False, 'candidate_num': 0}
eval_step = 1
stopping_step = 10
clip_grad_norm = None
weight_decay = 0.0
loss_decimal_place = 4

Evaluation Hyper Parameters:
eval_args = {'split': {'RS': [0.8, 0.1, 0.1]}, 'group_by': 'user', 'order': 'RO', 'mode': 'full'}
repeatable = False
metrics = ['Recall', 'MRR', 'NDCG', 'Hit', 'Precision']
topk = [10]
valid_metric = MRR@10
valid_metric_bigger = True
eval_batch_size = 4096
metric_decimal_place = 4

Dataset Hyper Parameters:
field_separator = 	
seq_separator =  
USER_ID_FIELD = user_id
ITEM_ID_FIELD = item_id
RATING_FIELD = rating
TIME_FIELD = timestamp
seq_len = None
LABEL_FIELD = label
threshold = None
NEG_PREFIX = neg_
load_col = {'inter': ['user_id', 'item_id', 'rating', 'timestamp'], 'kg': ['head_id', 'relation_id', 'tail_id'], 'link': ['item_id', 'entity_id']}
unload_col = None
unused_col = None
additional_feat_suffix = None
rm_dup_inter = None
val_interval = None
filter_inter_by_user_or_item = True
user_inter_num_interval = None
item_inter_num_interval = None
alias_of_user_id = None
alias_of_item_id = None
alias_of_entity_id = None
alias_of_relation_id = None
preload_weight = None
normalize_field = None
normalize_all = True
ITEM_LIST_LENGTH_FIELD = item_length
LIST_SUFFIX = _list
MAX_ITEM_LIST_LENGTH = 50
POSITION_FIELD = position_id
HEAD_ENTITY_ID_FIELD = head_id
TAIL_ENTITY_ID_FIELD = tail_id
RELATION_ID_FIELD = relation_id
ENTITY_ID_FIELD = entity_id
kg_reverse_r = False
entity_kg_num_interval = [0,inf)
relation_kg_num_interval = [0,inf)
benchmark_filename = None

Other Hyper Parameters: 
worker = 0
wandb_project = recbole
shuffle = True
require_pow = False
enable_amp = False
enable_scaler = False
transform = None
embedding_size = 64
kg_embedding_size = 64
layers = [64]
mess_dropout = 0.1
reg_weight = 1e-05
aggregator_type = bi
numerical_features = []
discretization = None
MODEL_TYPE = ModelType.KNOWLEDGE
MODEL_INPUT_TYPE = InputType.PAIRWISE
eval_type = EvaluatorType.RANKING
single_spec = True
local_rank = 0
device = cpu
eval_neg_sample_args = {'distribution': 'uniform', 'sample_num': 'none'}


Thu 26 Jan 2023 15:16:16 INFO  Saving filtered dataset into [saved/ml-100k-dataset.pth]
Thu 26 Jan 2023 15:16:17 INFO  ml-100k
The number of users: 944
Average actions of users: 103.4506892895016
The number of items: 1599
Average actions of items: 61.04755944931164
The number of inters: 97554
The sparsity of the dataset: 93.53714185772888%
Remain Fields: ['entity_id', 'user_id', 'item_id', 'rating', 'timestamp', 'head_id', 'relation_id', 'tail_id']
The number of entities: 34629
The number of relations: 26
The number of triples: 91631
The number of items that have been linked to KG: 1598
Thu 26 Jan 2023 15:16:17 INFO  [Training]: train_batch_size = [2048] train_neg_sample_args: [{'distribution': 'uniform', 'sample_num': 1, 'alpha': 1.0, 'dynamic': False, 'candidate_num': 0}]
Thu 26 Jan 2023 15:16:17 INFO  [Evaluation]: eval_batch_size = [4096] eval_args: [{'split': {'RS': [0.8, 0.1, 0.1]}, 'group_by': 'user', 'order': 'RO', 'mode': 'full'}]
Thu 26 Jan 2023 15:16:17 INFO  KGAT(
  (user_embedding): Embedding(944, 64)
  (entity_embedding): Embedding(34629, 64)
  (relation_embedding): Embedding(26, 64)
  (trans_w): Embedding(26, 4096)
  (aggregator_layers): ModuleList(
    (0): Aggregator(
      (message_dropout): Dropout(p=0.1, inplace=False)
      (W1): Linear(in_features=64, out_features=64, bias=True)
      (W2): Linear(in_features=64, out_features=64, bias=True)
      (activation): LeakyReLU(negative_slope=0.01)
    )
  )
  (tanh): Tanh()
  (mf_loss): BPRLoss()
  (reg_loss): EmbLoss()
)
Trainable parameters: 2393152
Thu 26 Jan 2023 15:16:17 INFO  FLOPs: 291414016.0
Thu 26 Jan 2023 15:16:21 INFO  epoch 0 training [time: 4.11s, train_loss1: 26.6703, train_loss2: 31.1894]
Thu 26 Jan 2023 15:16:22 INFO  epoch 0 evaluating [time: 0.20s, valid_score: 0.015600]
Thu 26 Jan 2023 15:16:22 INFO  valid result: 
recall@10 : 0.0048    mrr@10 : 0.0156    ndcg@10 : 0.0062    hit@10 : 0.0541    precision@10 : 0.0057
Thu 26 Jan 2023 15:16:22 INFO  Saving current: saved/KGAT-Jan-26-2023_15-16-17.pth
Thu 26 Jan 2023 15:16:26 INFO  epoch 1 training [time: 4.02s, train_loss1: 26.8021, train_loss2: 31.1887]
Thu 26 Jan 2023 15:16:26 INFO  epoch 1 evaluating [time: 0.20s, valid_score: 0.018300]
Thu 26 Jan 2023 15:16:26 INFO  valid result: 
recall@10 : 0.0055    mrr@10 : 0.0183    ndcg@10 : 0.0074    hit@10 : 0.0689    precision@10 : 0.0073
Thu 26 Jan 2023 15:16:26 INFO  Saving current: saved/KGAT-Jan-26-2023_15-16-17.pth
Thu 26 Jan 2023 15:16:30 INFO  epoch 2 training [time: 3.92s, train_loss1: 26.6368, train_loss2: 31.1879]
Thu 26 Jan 2023 15:16:30 INFO  epoch 2 evaluating [time: 0.19s, valid_score: 0.017700]
Thu 26 Jan 2023 15:16:30 INFO  valid result: 
recall@10 : 0.0055    mrr@10 : 0.0177    ndcg@10 : 0.0072    hit@10 : 0.0689    precision@10 : 0.0073
Thu 26 Jan 2023 15:16:34 INFO  epoch 3 training [time: 3.81s, train_loss1: 26.5246, train_loss2: 31.1875]
Thu 26 Jan 2023 15:16:34 INFO  epoch 3 evaluating [time: 0.20s, valid_score: 0.020300]
Thu 26 Jan 2023 15:16:34 INFO  valid result: 
recall@10 : 0.0064    mrr@10 : 0.0203    ndcg@10 : 0.0081    hit@10 : 0.0732    precision@10 : 0.0077
Thu 26 Jan 2023 15:16:34 INFO  Saving current: saved/KGAT-Jan-26-2023_15-16-17.pth
Thu 26 Jan 2023 15:16:38 INFO  epoch 4 training [time: 3.99s, train_loss1: 26.4359, train_loss2: 31.1864]
Thu 26 Jan 2023 15:16:39 INFO  epoch 4 evaluating [time: 0.19s, valid_score: 0.019800]
Thu 26 Jan 2023 15:16:39 INFO  valid result: 
recall@10 : 0.007    mrr@10 : 0.0198    ndcg@10 : 0.0084    hit@10 : 0.0785    precision@10 : 0.0083
Thu 26 Jan 2023 15:16:42 INFO  epoch 5 training [time: 3.73s, train_loss1: 26.3415, train_loss2: 31.1859]
Thu 26 Jan 2023 15:16:42 INFO  epoch 5 evaluating [time: 0.19s, valid_score: 0.020600]
Thu 26 Jan 2023 15:16:42 INFO  valid result: 
recall@10 : 0.0069    mrr@10 : 0.0206    ndcg@10 : 0.0086    hit@10 : 0.0774    precision@10 : 0.0084
Thu 26 Jan 2023 15:16:42 INFO  Saving current: saved/KGAT-Jan-26-2023_15-16-17.pth
Thu 26 Jan 2023 15:16:46 INFO  epoch 6 training [time: 3.74s, train_loss1: 26.2324, train_loss2: 31.1854]
Thu 26 Jan 2023 15:16:46 INFO  epoch 6 evaluating [time: 0.19s, valid_score: 0.022300]
Thu 26 Jan 2023 15:16:46 INFO  valid result: 
recall@10 : 0.0078    mrr@10 : 0.0223    ndcg@10 : 0.0094    hit@10 : 0.0827    precision@10 : 0.009
Thu 26 Jan 2023 15:16:46 INFO  Saving current: saved/KGAT-Jan-26-2023_15-16-17.pth
Thu 26 Jan 2023 15:16:50 INFO  epoch 7 training [time: 3.71s, train_loss1: 26.1393, train_loss2: 31.1852]
Thu 26 Jan 2023 15:16:50 INFO  epoch 7 evaluating [time: 0.19s, valid_score: 0.023500]
Thu 26 Jan 2023 15:16:50 INFO  valid result: 
recall@10 : 0.0081    mrr@10 : 0.0235    ndcg@10 : 0.0098    hit@10 : 0.0817    precision@10 : 0.0092
Thu 26 Jan 2023 15:16:50 INFO  Saving current: saved/KGAT-Jan-26-2023_15-16-17.pth
Thu 26 Jan 2023 15:16:54 INFO  epoch 8 training [time: 3.78s, train_loss1: 26.0694, train_loss2: 31.1849]
Thu 26 Jan 2023 15:16:54 INFO  epoch 8 evaluating [time: 0.19s, valid_score: 0.022300]
Thu 26 Jan 2023 15:16:54 INFO  valid result: 
recall@10 : 0.0084    mrr@10 : 0.0223    ndcg@10 : 0.0099    hit@10 : 0.087    precision@10 : 0.0098
Thu 26 Jan 2023 15:16:58 INFO  epoch 9 training [time: 3.69s, train_loss1: 25.9688, train_loss2: 31.1835]
Thu 26 Jan 2023 15:16:58 INFO  epoch 9 evaluating [time: 0.20s, valid_score: 0.024400]
Thu 26 Jan 2023 15:16:58 INFO  valid result: 
recall@10 : 0.0085    mrr@10 : 0.0244    ndcg@10 : 0.0107    hit@10 : 0.0923    precision@10 : 0.0105
Thu 26 Jan 2023 15:16:58 INFO  Saving current: saved/KGAT-Jan-26-2023_15-16-17.pth
Thu 26 Jan 2023 15:17:02 INFO  epoch 10 training [time: 3.96s, train_loss1: 25.8808, train_loss2: 31.1833]
Thu 26 Jan 2023 15:17:03 INFO  epoch 10 evaluating [time: 0.20s, valid_score: 0.025900]
Thu 26 Jan 2023 15:17:03 INFO  valid result: 
recall@10 : 0.0098    mrr@10 : 0.0259    ndcg@10 : 0.0114    hit@10 : 0.0976    precision@10 : 0.0109
Thu 26 Jan 2023 15:17:03 INFO  Saving current: saved/KGAT-Jan-26-2023_15-16-17.pth
Thu 26 Jan 2023 15:17:06 INFO  epoch 11 training [time: 3.87s, train_loss1: 25.8043, train_loss2: 31.1825]
Thu 26 Jan 2023 15:17:07 INFO  epoch 11 evaluating [time: 0.20s, valid_score: 0.025700]
Thu 26 Jan 2023 15:17:07 INFO  valid result: 
recall@10 : 0.0109    mrr@10 : 0.0257    ndcg@10 : 0.012    hit@10 : 0.1029    precision@10 : 0.0118
Thu 26 Jan 2023 15:17:11 INFO  epoch 12 training [time: 4.04s, train_loss1: 25.7220, train_loss2: 31.1822]
Thu 26 Jan 2023 15:17:11 INFO  epoch 12 evaluating [time: 0.20s, valid_score: 0.025600]
Thu 26 Jan 2023 15:17:11 INFO  valid result: 
recall@10 : 0.0115    mrr@10 : 0.0256    ndcg@10 : 0.0124    hit@10 : 0.106    precision@10 : 0.0123
Thu 26 Jan 2023 15:17:15 INFO  epoch 13 training [time: 3.91s, train_loss1: 25.6481, train_loss2: 31.1813]
Thu 26 Jan 2023 15:17:15 INFO  epoch 13 evaluating [time: 0.20s, valid_score: 0.025700]
Thu 26 Jan 2023 15:17:15 INFO  valid result: 
recall@10 : 0.0116    mrr@10 : 0.0257    ndcg@10 : 0.0124    hit@10 : 0.1071    precision@10 : 0.0125
Thu 26 Jan 2023 15:17:19 INFO  epoch 14 training [time: 3.94s, train_loss1: 25.5711, train_loss2: 31.1805]
Thu 26 Jan 2023 15:17:19 INFO  epoch 14 evaluating [time: 0.19s, valid_score: 0.028500]
Thu 26 Jan 2023 15:17:19 INFO  valid result: 
recall@10 : 0.012    mrr@10 : 0.0285    ndcg@10 : 0.0132    hit@10 : 0.1082    precision@10 : 0.0127
Thu 26 Jan 2023 15:17:19 INFO  Saving current: saved/KGAT-Jan-26-2023_15-16-17.pth
Thu 26 Jan 2023 15:17:23 INFO  epoch 15 training [time: 3.96s, train_loss1: 25.5023, train_loss2: 31.1800]
Thu 26 Jan 2023 15:17:23 INFO  epoch 15 evaluating [time: 0.20s, valid_score: 0.028700]
Thu 26 Jan 2023 15:17:23 INFO  valid result: 
recall@10 : 0.0111    mrr@10 : 0.0287    ndcg@10 : 0.013    hit@10 : 0.1092    precision@10 : 0.0126
Thu 26 Jan 2023 15:17:23 INFO  Saving current: saved/KGAT-Jan-26-2023_15-16-17.pth
Thu 26 Jan 2023 15:17:27 INFO  epoch 16 training [time: 3.97s, train_loss1: 25.4261, train_loss2: 31.1799]
Thu 26 Jan 2023 15:17:28 INFO  epoch 16 evaluating [time: 0.19s, valid_score: 0.027800]
Thu 26 Jan 2023 15:17:28 INFO  valid result: 
recall@10 : 0.0117    mrr@10 : 0.0278    ndcg@10 : 0.0131    hit@10 : 0.1092    precision@10 : 0.0126
Thu 26 Jan 2023 15:17:32 INFO  epoch 17 training [time: 3.92s, train_loss1: 25.3772, train_loss2: 31.1792]
Thu 26 Jan 2023 15:17:32 INFO  epoch 17 evaluating [time: 0.20s, valid_score: 0.031500]
Thu 26 Jan 2023 15:17:32 INFO  valid result: 
recall@10 : 0.0123    mrr@10 : 0.0315    ndcg@10 : 0.014    hit@10 : 0.1135    precision@10 : 0.0129
Thu 26 Jan 2023 15:17:32 INFO  Saving current: saved/KGAT-Jan-26-2023_15-16-17.pth
Thu 26 Jan 2023 15:17:36 INFO  epoch 18 training [time: 3.95s, train_loss1: 25.2865, train_loss2: 31.1784]
Thu 26 Jan 2023 15:17:36 INFO  epoch 18 evaluating [time: 0.21s, valid_score: 0.033000]
Thu 26 Jan 2023 15:17:36 INFO  valid result: 
recall@10 : 0.0136    mrr@10 : 0.033    ndcg@10 : 0.0152    hit@10 : 0.122    precision@10 : 0.0142
Thu 26 Jan 2023 15:17:36 INFO  Saving current: saved/KGAT-Jan-26-2023_15-16-17.pth
Thu 26 Jan 2023 15:17:40 INFO  epoch 19 training [time: 3.71s, train_loss1: 25.2310, train_loss2: 31.1776]
Thu 26 Jan 2023 15:17:40 INFO  epoch 19 evaluating [time: 0.19s, valid_score: 0.032700]
Thu 26 Jan 2023 15:17:40 INFO  valid result: 
recall@10 : 0.0152    mrr@10 : 0.0327    ndcg@10 : 0.0163    hit@10 : 0.1304    precision@10 : 0.0157
Thu 26 Jan 2023 15:17:44 INFO  epoch 20 training [time: 3.90s, train_loss1: 25.1607, train_loss2: 31.1774]
Thu 26 Jan 2023 15:17:44 INFO  epoch 20 evaluating [time: 0.19s, valid_score: 0.035900]
Thu 26 Jan 2023 15:17:44 INFO  valid result: 
recall@10 : 0.0154    mrr@10 : 0.0359    ndcg@10 : 0.0172    hit@10 : 0.1315    precision@10 : 0.0161
Thu 26 Jan 2023 15:17:44 INFO  Saving current: saved/KGAT-Jan-26-2023_15-16-17.pth
Thu 26 Jan 2023 15:17:48 INFO  epoch 21 training [time: 3.70s, train_loss1: 25.1053, train_loss2: 31.1763]
Thu 26 Jan 2023 15:17:48 INFO  epoch 21 evaluating [time: 0.19s, valid_score: 0.034800]
Thu 26 Jan 2023 15:17:48 INFO  valid result: 
recall@10 : 0.0141    mrr@10 : 0.0348    ndcg@10 : 0.0165    hit@10 : 0.1251    precision@10 : 0.0148
Thu 26 Jan 2023 15:17:52 INFO  epoch 22 training [time: 3.72s, train_loss1: 25.0584, train_loss2: 31.1758]
Thu 26 Jan 2023 15:17:52 INFO  epoch 22 evaluating [time: 0.20s, valid_score: 0.036300]
Thu 26 Jan 2023 15:17:52 INFO  valid result: 
recall@10 : 0.0152    mrr@10 : 0.0363    ndcg@10 : 0.0175    hit@10 : 0.1379    precision@10 : 0.0165
Thu 26 Jan 2023 15:17:52 INFO  Saving current: saved/KGAT-Jan-26-2023_15-16-17.pth
Thu 26 Jan 2023 15:17:56 INFO  epoch 23 training [time: 3.92s, train_loss1: 24.9765, train_loss2: 31.1748]
Thu 26 Jan 2023 15:17:56 INFO  epoch 23 evaluating [time: 0.19s, valid_score: 0.035600]
Thu 26 Jan 2023 15:17:56 INFO  valid result: 
recall@10 : 0.0163    mrr@10 : 0.0356    ndcg@10 : 0.0177    hit@10 : 0.1389    precision@10 : 0.0172
Thu 26 Jan 2023 15:18:00 INFO  epoch 24 training [time: 3.88s, train_loss1: 24.9160, train_loss2: 31.1743]
Thu 26 Jan 2023 15:18:00 INFO  epoch 24 evaluating [time: 0.19s, valid_score: 0.038700]
Thu 26 Jan 2023 15:18:00 INFO  valid result: 
recall@10 : 0.0168    mrr@10 : 0.0387    ndcg@10 : 0.019    hit@10 : 0.1389    precision@10 : 0.0175
Thu 26 Jan 2023 15:18:00 INFO  Saving current: saved/KGAT-Jan-26-2023_15-16-17.pth
Thu 26 Jan 2023 15:18:04 INFO  epoch 25 training [time: 3.98s, train_loss1: 24.8515, train_loss2: 31.1732]
Thu 26 Jan 2023 15:18:04 INFO  epoch 25 evaluating [time: 0.19s, valid_score: 0.041500]
Thu 26 Jan 2023 15:18:04 INFO  valid result: 
recall@10 : 0.0166    mrr@10 : 0.0415    ndcg@10 : 0.0197    hit@10 : 0.1442    precision@10 : 0.0178
Thu 26 Jan 2023 15:18:04 INFO  Saving current: saved/KGAT-Jan-26-2023_15-16-17.pth
Thu 26 Jan 2023 15:18:08 INFO  epoch 26 training [time: 3.96s, train_loss1: 24.7788, train_loss2: 31.1725]
Thu 26 Jan 2023 15:18:09 INFO  epoch 26 evaluating [time: 0.19s, valid_score: 0.040400]
Thu 26 Jan 2023 15:18:09 INFO  valid result: 
recall@10 : 0.0178    mrr@10 : 0.0404    ndcg@10 : 0.02    hit@10 : 0.1527    precision@10 : 0.0187
Thu 26 Jan 2023 15:18:12 INFO  epoch 27 training [time: 3.74s, train_loss1: 24.7196, train_loss2: 31.1719]
Thu 26 Jan 2023 15:18:12 INFO  epoch 27 evaluating [time: 0.20s, valid_score: 0.041400]
Thu 26 Jan 2023 15:18:12 INFO  valid result: 
recall@10 : 0.0167    mrr@10 : 0.0414    ndcg@10 : 0.0204    hit@10 : 0.1474    precision@10 : 0.0191
Thu 26 Jan 2023 15:18:17 INFO  epoch 28 training [time: 4.26s, train_loss1: 24.6966, train_loss2: 31.1711]
Thu 26 Jan 2023 15:18:17 INFO  epoch 28 evaluating [time: 0.20s, valid_score: 0.041600]
Thu 26 Jan 2023 15:18:17 INFO  valid result: 
recall@10 : 0.0167    mrr@10 : 0.0416    ndcg@10 : 0.0204    hit@10 : 0.1506    precision@10 : 0.0194
Thu 26 Jan 2023 15:18:17 INFO  Saving current: saved/KGAT-Jan-26-2023_15-16-17.pth
Thu 26 Jan 2023 15:18:21 INFO  epoch 29 training [time: 3.76s, train_loss1: 24.6084, train_loss2: 31.1705]
Thu 26 Jan 2023 15:18:21 INFO  epoch 29 evaluating [time: 0.20s, valid_score: 0.040700]
Thu 26 Jan 2023 15:18:21 INFO  valid result: 
recall@10 : 0.0173    mrr@10 : 0.0407    ndcg@10 : 0.0208    hit@10 : 0.1538    precision@10 : 0.0199
Thu 26 Jan 2023 15:18:25 INFO  epoch 30 training [time: 3.94s, train_loss1: 24.5346, train_loss2: 31.1697]
Thu 26 Jan 2023 15:18:25 INFO  epoch 30 evaluating [time: 0.19s, valid_score: 0.043600]
Thu 26 Jan 2023 15:18:25 INFO  valid result: 
recall@10 : 0.0193    mrr@10 : 0.0436    ndcg@10 : 0.0217    hit@10 : 0.1644    precision@10 : 0.0204
Thu 26 Jan 2023 15:18:25 INFO  Saving current: saved/KGAT-Jan-26-2023_15-16-17.pth
Thu 26 Jan 2023 15:18:29 INFO  epoch 31 training [time: 3.94s, train_loss1: 24.4850, train_loss2: 31.1688]
Thu 26 Jan 2023 15:18:29 INFO  epoch 31 evaluating [time: 0.19s, valid_score: 0.044000]
Thu 26 Jan 2023 15:18:29 INFO  valid result: 
recall@10 : 0.0188    mrr@10 : 0.044    ndcg@10 : 0.0219    hit@10 : 0.1612    precision@10 : 0.0203
Thu 26 Jan 2023 15:18:29 INFO  Saving current: saved/KGAT-Jan-26-2023_15-16-17.pth
Thu 26 Jan 2023 15:18:33 INFO  epoch 32 training [time: 3.94s, train_loss1: 24.3868, train_loss2: 31.1676]
Thu 26 Jan 2023 15:18:33 INFO  epoch 32 evaluating [time: 0.19s, valid_score: 0.044900]
Thu 26 Jan 2023 15:18:33 INFO  valid result: 
recall@10 : 0.0189    mrr@10 : 0.0449    ndcg@10 : 0.0223    hit@10 : 0.1665    precision@10 : 0.0208
Thu 26 Jan 2023 15:18:33 INFO  Saving current: saved/KGAT-Jan-26-2023_15-16-17.pth
Thu 26 Jan 2023 15:18:37 INFO  epoch 33 training [time: 3.93s, train_loss1: 24.2978, train_loss2: 31.1671]
Thu 26 Jan 2023 15:18:38 INFO  epoch 33 evaluating [time: 0.19s, valid_score: 0.048100]
Thu 26 Jan 2023 15:18:38 INFO  valid result: 
recall@10 : 0.0198    mrr@10 : 0.0481    ndcg@10 : 0.0234    hit@10 : 0.1707    precision@10 : 0.0218
Thu 26 Jan 2023 15:18:38 INFO  Saving current: saved/KGAT-Jan-26-2023_15-16-17.pth
Thu 26 Jan 2023 15:18:42 INFO  epoch 34 training [time: 3.98s, train_loss1: 24.1730, train_loss2: 31.1664]
Thu 26 Jan 2023 15:18:42 INFO  epoch 34 evaluating [time: 0.19s, valid_score: 0.050700]
Thu 26 Jan 2023 15:18:42 INFO  valid result: 
recall@10 : 0.0203    mrr@10 : 0.0507    ndcg@10 : 0.0242    hit@10 : 0.1866    precision@10 : 0.0229
Thu 26 Jan 2023 15:18:42 INFO  Saving current: saved/KGAT-Jan-26-2023_15-16-17.pth
Thu 26 Jan 2023 15:18:46 INFO  epoch 35 training [time: 3.73s, train_loss1: 24.0657, train_loss2: 31.1655]
Thu 26 Jan 2023 15:18:46 INFO  epoch 35 evaluating [time: 0.19s, valid_score: 0.049300]
Thu 26 Jan 2023 15:18:46 INFO  valid result: 
recall@10 : 0.0211    mrr@10 : 0.0493    ndcg@10 : 0.0249    hit@10 : 0.1813    precision@10 : 0.0229
Thu 26 Jan 2023 15:18:50 INFO  epoch 36 training [time: 3.79s, train_loss1: 23.8681, train_loss2: 31.1639]
Thu 26 Jan 2023 15:18:50 INFO  epoch 36 evaluating [time: 0.19s, valid_score: 0.048800]
Thu 26 Jan 2023 15:18:50 INFO  valid result: 
recall@10 : 0.0184    mrr@10 : 0.0488    ndcg@10 : 0.0229    hit@10 : 0.1665    precision@10 : 0.0209
Thu 26 Jan 2023 15:18:54 INFO  epoch 37 training [time: 3.99s, train_loss1: 23.6293, train_loss2: 31.1633]
Thu 26 Jan 2023 15:18:54 INFO  epoch 37 evaluating [time: 0.21s, valid_score: 0.054100]
Thu 26 Jan 2023 15:18:54 INFO  valid result: 
recall@10 : 0.0211    mrr@10 : 0.0541    ndcg@10 : 0.0254    hit@10 : 0.1909    precision@10 : 0.0236
Thu 26 Jan 2023 15:18:54 INFO  Saving current: saved/KGAT-Jan-26-2023_15-16-17.pth
Thu 26 Jan 2023 15:18:58 INFO  epoch 38 training [time: 3.94s, train_loss1: 23.4008, train_loss2: 31.1623]
Thu 26 Jan 2023 15:18:58 INFO  epoch 38 evaluating [time: 0.20s, valid_score: 0.052100]
Thu 26 Jan 2023 15:18:58 INFO  valid result: 
recall@10 : 0.0219    mrr@10 : 0.0521    ndcg@10 : 0.0251    hit@10 : 0.1835    precision@10 : 0.0231
Thu 26 Jan 2023 15:19:02 INFO  epoch 39 training [time: 3.85s, train_loss1: 23.0831, train_loss2: 31.1612]
Thu 26 Jan 2023 15:19:02 INFO  epoch 39 evaluating [time: 0.19s, valid_score: 0.055700]
Thu 26 Jan 2023 15:19:02 INFO  valid result: 
recall@10 : 0.0227    mrr@10 : 0.0557    ndcg@10 : 0.0272    hit@10 : 0.1951    precision@10 : 0.0253
Thu 26 Jan 2023 15:19:02 INFO  Saving current: saved/KGAT-Jan-26-2023_15-16-17.pth
Thu 26 Jan 2023 15:19:06 INFO  epoch 40 training [time: 3.60s, train_loss1: 22.7499, train_loss2: 31.1604]
Thu 26 Jan 2023 15:19:06 INFO  epoch 40 evaluating [time: 0.19s, valid_score: 0.059600]
Thu 26 Jan 2023 15:19:06 INFO  valid result: 
recall@10 : 0.0243    mrr@10 : 0.0596    ndcg@10 : 0.029    hit@10 : 0.2004    precision@10 : 0.0262
Thu 26 Jan 2023 15:19:06 INFO  Saving current: saved/KGAT-Jan-26-2023_15-16-17.pth
Thu 26 Jan 2023 15:19:10 INFO  epoch 41 training [time: 3.57s, train_loss1: 22.5138, train_loss2: 31.1591]
Thu 26 Jan 2023 15:19:10 INFO  epoch 41 evaluating [time: 0.19s, valid_score: 0.061900]
Thu 26 Jan 2023 15:19:10 INFO  valid result: 
recall@10 : 0.0238    mrr@10 : 0.0619    ndcg@10 : 0.0289    hit@10 : 0.1951    precision@10 : 0.0251
Thu 26 Jan 2023 15:19:10 INFO  Saving current: saved/KGAT-Jan-26-2023_15-16-17.pth
Thu 26 Jan 2023 15:19:14 INFO  epoch 42 training [time: 3.68s, train_loss1: 22.2205, train_loss2: 31.1584]
Thu 26 Jan 2023 15:19:14 INFO  epoch 42 evaluating [time: 0.19s, valid_score: 0.061700]
Thu 26 Jan 2023 15:19:14 INFO  valid result: 
recall@10 : 0.0261    mrr@10 : 0.0617    ndcg@10 : 0.0298    hit@10 : 0.2163    precision@10 : 0.0271
Thu 26 Jan 2023 15:19:17 INFO  epoch 43 training [time: 3.66s, train_loss1: 21.9478, train_loss2: 31.1571]
Thu 26 Jan 2023 15:19:18 INFO  epoch 43 evaluating [time: 0.20s, valid_score: 0.058000]
Thu 26 Jan 2023 15:19:18 INFO  valid result: 
recall@10 : 0.0254    mrr@10 : 0.058    ndcg@10 : 0.0292    hit@10 : 0.2121    precision@10 : 0.0276
Thu 26 Jan 2023 15:19:22 INFO  epoch 44 training [time: 3.86s, train_loss1: 21.7200, train_loss2: 31.1560]
Thu 26 Jan 2023 15:19:22 INFO  epoch 44 evaluating [time: 0.20s, valid_score: 0.066900]
Thu 26 Jan 2023 15:19:22 INFO  valid result: 
recall@10 : 0.0292    mrr@10 : 0.0669    ndcg@10 : 0.0326    hit@10 : 0.2259    precision@10 : 0.0293
Thu 26 Jan 2023 15:19:22 INFO  Saving current: saved/KGAT-Jan-26-2023_15-16-17.pth
Thu 26 Jan 2023 15:19:25 INFO  epoch 45 training [time: 3.67s, train_loss1: 21.5378, train_loss2: 31.1555]
Thu 26 Jan 2023 15:19:26 INFO  epoch 45 evaluating [time: 0.19s, valid_score: 0.068800]
Thu 26 Jan 2023 15:19:26 INFO  valid result: 
recall@10 : 0.0301    mrr@10 : 0.0688    ndcg@10 : 0.0342    hit@10 : 0.2354    precision@10 : 0.0315
Thu 26 Jan 2023 15:19:26 INFO  Saving current: saved/KGAT-Jan-26-2023_15-16-17.pth
Thu 26 Jan 2023 15:19:30 INFO  epoch 46 training [time: 3.84s, train_loss1: 21.3801, train_loss2: 31.1540]
Thu 26 Jan 2023 15:19:30 INFO  epoch 46 evaluating [time: 0.19s, valid_score: 0.068100]
Thu 26 Jan 2023 15:19:30 INFO  valid result: 
recall@10 : 0.0299    mrr@10 : 0.0681    ndcg@10 : 0.0338    hit@10 : 0.2301    precision@10 : 0.0305
Thu 26 Jan 2023 15:19:33 INFO  epoch 47 training [time: 3.71s, train_loss1: 21.2368, train_loss2: 31.1525]
Thu 26 Jan 2023 15:19:34 INFO  epoch 47 evaluating [time: 0.20s, valid_score: 0.069400]
Thu 26 Jan 2023 15:19:34 INFO  valid result: 
recall@10 : 0.0296    mrr@10 : 0.0694    ndcg@10 : 0.0339    hit@10 : 0.228    precision@10 : 0.03
Thu 26 Jan 2023 15:19:34 INFO  Saving current: saved/KGAT-Jan-26-2023_15-16-17.pth
Thu 26 Jan 2023 15:19:38 INFO  epoch 48 training [time: 3.88s, train_loss1: 21.1068, train_loss2: 31.1517]
Thu 26 Jan 2023 15:19:38 INFO  epoch 48 evaluating [time: 0.19s, valid_score: 0.070900]
Thu 26 Jan 2023 15:19:38 INFO  valid result: 
recall@10 : 0.0303    mrr@10 : 0.0709    ndcg@10 : 0.0345    hit@10 : 0.2322    precision@10 : 0.0311
Thu 26 Jan 2023 15:19:38 INFO  Saving current: saved/KGAT-Jan-26-2023_15-16-17.pth
Thu 26 Jan 2023 15:19:42 INFO  epoch 49 training [time: 3.90s, train_loss1: 21.0460, train_loss2: 31.1504]
Thu 26 Jan 2023 15:19:42 INFO  epoch 49 evaluating [time: 0.19s, valid_score: 0.069800]
Thu 26 Jan 2023 15:19:42 INFO  valid result: 
recall@10 : 0.0279    mrr@10 : 0.0698    ndcg@10 : 0.0339    hit@10 : 0.2227    precision@10 : 0.0301
Thu 26 Jan 2023 15:19:46 INFO  epoch 50 training [time: 3.83s, train_loss1: 20.8667, train_loss2: 31.1493]
Thu 26 Jan 2023 15:19:46 INFO  epoch 50 evaluating [time: 0.20s, valid_score: 0.068000]
Thu 26 Jan 2023 15:19:46 INFO  valid result: 
recall@10 : 0.0293    mrr@10 : 0.068    ndcg@10 : 0.0337    hit@10 : 0.2238    precision@10 : 0.0303
Thu 26 Jan 2023 15:19:50 INFO  epoch 51 training [time: 3.80s, train_loss1: 20.8125, train_loss2: 31.1478]
Thu 26 Jan 2023 15:19:50 INFO  epoch 51 evaluating [time: 0.19s, valid_score: 0.069100]
Thu 26 Jan 2023 15:19:50 INFO  valid result: 
recall@10 : 0.0296    mrr@10 : 0.0691    ndcg@10 : 0.0339    hit@10 : 0.2248    precision@10 : 0.0305
Thu 26 Jan 2023 15:19:54 INFO  epoch 52 training [time: 3.80s, train_loss1: 20.6750, train_loss2: 31.1464]
Thu 26 Jan 2023 15:19:54 INFO  epoch 52 evaluating [time: 0.20s, valid_score: 0.074000]
Thu 26 Jan 2023 15:19:54 INFO  valid result: 
recall@10 : 0.0305    mrr@10 : 0.074    ndcg@10 : 0.0354    hit@10 : 0.2344    precision@10 : 0.0316
Thu 26 Jan 2023 15:19:54 INFO  Saving current: saved/KGAT-Jan-26-2023_15-16-17.pth
Thu 26 Jan 2023 15:19:58 INFO  epoch 53 training [time: 3.83s, train_loss1: 20.5615, train_loss2: 31.1454]
Thu 26 Jan 2023 15:19:58 INFO  epoch 53 evaluating [time: 0.19s, valid_score: 0.071000]
Thu 26 Jan 2023 15:19:58 INFO  valid result: 
recall@10 : 0.028    mrr@10 : 0.071    ndcg@10 : 0.034    hit@10 : 0.2206    precision@10 : 0.0298
Thu 26 Jan 2023 15:20:02 INFO  epoch 54 training [time: 3.89s, train_loss1: 20.5504, train_loss2: 31.1435]
Thu 26 Jan 2023 15:20:02 INFO  epoch 54 evaluating [time: 0.19s, valid_score: 0.072600]
Thu 26 Jan 2023 15:20:02 INFO  valid result: 
recall@10 : 0.0291    mrr@10 : 0.0726    ndcg@10 : 0.0355    hit@10 : 0.2259    precision@10 : 0.0313
Thu 26 Jan 2023 15:20:06 INFO  epoch 55 training [time: 3.86s, train_loss1: 20.4208, train_loss2: 31.1424]
Thu 26 Jan 2023 15:20:06 INFO  epoch 55 evaluating [time: 0.19s, valid_score: 0.070300]
Thu 26 Jan 2023 15:20:06 INFO  valid result: 
recall@10 : 0.0297    mrr@10 : 0.0703    ndcg@10 : 0.0349    hit@10 : 0.2301    precision@10 : 0.031
Thu 26 Jan 2023 15:20:10 INFO  epoch 56 training [time: 3.86s, train_loss1: 20.4071, train_loss2: 31.1409]
Thu 26 Jan 2023 15:20:10 INFO  epoch 56 evaluating [time: 0.19s, valid_score: 0.073800]
Thu 26 Jan 2023 15:20:10 INFO  valid result: 
recall@10 : 0.0311    mrr@10 : 0.0738    ndcg@10 : 0.0358    hit@10 : 0.2386    precision@10 : 0.0316
Thu 26 Jan 2023 15:20:14 INFO  epoch 57 training [time: 3.76s, train_loss1: 20.2903, train_loss2: 31.1395]
Thu 26 Jan 2023 15:20:14 INFO  epoch 57 evaluating [time: 0.20s, valid_score: 0.074500]
Thu 26 Jan 2023 15:20:14 INFO  valid result: 
recall@10 : 0.0294    mrr@10 : 0.0745    ndcg@10 : 0.0352    hit@10 : 0.2259    precision@10 : 0.0303
Thu 26 Jan 2023 15:20:14 INFO  Saving current: saved/KGAT-Jan-26-2023_15-16-17.pth
Thu 26 Jan 2023 15:20:18 INFO  epoch 58 training [time: 3.88s, train_loss1: 20.3333, train_loss2: 31.1380]
Thu 26 Jan 2023 15:20:18 INFO  epoch 58 evaluating [time: 0.20s, valid_score: 0.068700]
Thu 26 Jan 2023 15:20:18 INFO  valid result: 
recall@10 : 0.0302    mrr@10 : 0.0687    ndcg@10 : 0.0343    hit@10 : 0.2216    precision@10 : 0.0298
Thu 26 Jan 2023 15:20:22 INFO  epoch 59 training [time: 3.84s, train_loss1: 20.2532, train_loss2: 31.1364]
Thu 26 Jan 2023 15:20:22 INFO  epoch 59 evaluating [time: 0.20s, valid_score: 0.071200]
Thu 26 Jan 2023 15:20:22 INFO  valid result: 
recall@10 : 0.0283    mrr@10 : 0.0712    ndcg@10 : 0.0339    hit@10 : 0.2269    precision@10 : 0.0298
Thu 26 Jan 2023 15:20:26 INFO  epoch 60 training [time: 3.86s, train_loss1: 20.1845, train_loss2: 31.1345]
Thu 26 Jan 2023 15:20:26 INFO  epoch 60 evaluating [time: 0.20s, valid_score: 0.070100]
Thu 26 Jan 2023 15:20:26 INFO  valid result: 
recall@10 : 0.0292    mrr@10 : 0.0701    ndcg@10 : 0.0343    hit@10 : 0.228    precision@10 : 0.0302
Thu 26 Jan 2023 15:20:30 INFO  epoch 61 training [time: 3.71s, train_loss1: 20.1604, train_loss2: 31.1331]
Thu 26 Jan 2023 15:20:30 INFO  epoch 61 evaluating [time: 0.20s, valid_score: 0.071900]
Thu 26 Jan 2023 15:20:30 INFO  valid result: 
recall@10 : 0.0303    mrr@10 : 0.0719    ndcg@10 : 0.0354    hit@10 : 0.2322    precision@10 : 0.031
Thu 26 Jan 2023 15:20:34 INFO  epoch 62 training [time: 3.85s, train_loss1: 20.1519, train_loss2: 31.1315]
Thu 26 Jan 2023 15:20:34 INFO  epoch 62 evaluating [time: 0.20s, valid_score: 0.066600]
Thu 26 Jan 2023 15:20:34 INFO  valid result: 
recall@10 : 0.0289    mrr@10 : 0.0666    ndcg@10 : 0.0335    hit@10 : 0.2195    precision@10 : 0.0301
Thu 26 Jan 2023 15:20:38 INFO  epoch 63 training [time: 3.90s, train_loss1: 20.0688, train_loss2: 31.1303]
Thu 26 Jan 2023 15:20:38 INFO  epoch 63 evaluating [time: 0.20s, valid_score: 0.071500]
Thu 26 Jan 2023 15:20:38 INFO  valid result: 
recall@10 : 0.0293    mrr@10 : 0.0715    ndcg@10 : 0.0344    hit@10 : 0.2269    precision@10 : 0.0297
Thu 26 Jan 2023 15:20:42 INFO  epoch 64 training [time: 3.68s, train_loss1: 20.0360, train_loss2: 31.1284]
Thu 26 Jan 2023 15:20:42 INFO  epoch 64 evaluating [time: 0.20s, valid_score: 0.071500]
Thu 26 Jan 2023 15:20:42 INFO  valid result: 
recall@10 : 0.0302    mrr@10 : 0.0715    ndcg@10 : 0.0349    hit@10 : 0.228    precision@10 : 0.0305
Thu 26 Jan 2023 15:20:46 INFO  epoch 65 training [time: 3.85s, train_loss1: 19.9691, train_loss2: 31.1268]
Thu 26 Jan 2023 15:20:46 INFO  epoch 65 evaluating [time: 0.20s, valid_score: 0.068400]
Thu 26 Jan 2023 15:20:46 INFO  valid result: 
recall@10 : 0.0293    mrr@10 : 0.0684    ndcg@10 : 0.034    hit@10 : 0.2163    precision@10 : 0.0296
Thu 26 Jan 2023 15:20:50 INFO  epoch 66 training [time: 3.93s, train_loss1: 19.9486, train_loss2: 31.1250]
Thu 26 Jan 2023 15:20:51 INFO  epoch 66 evaluating [time: 0.19s, valid_score: 0.073500]
Thu 26 Jan 2023 15:20:51 INFO  valid result: 
recall@10 : 0.0315    mrr@10 : 0.0735    ndcg@10 : 0.0355    hit@10 : 0.2291    precision@10 : 0.0299
Thu 26 Jan 2023 15:20:54 INFO  epoch 67 training [time: 3.67s, train_loss1: 19.8944, train_loss2: 31.1230]
Thu 26 Jan 2023 15:20:54 INFO  epoch 67 evaluating [time: 0.20s, valid_score: 0.072300]
Thu 26 Jan 2023 15:20:54 INFO  valid result: 
recall@10 : 0.0316    mrr@10 : 0.0723    ndcg@10 : 0.0357    hit@10 : 0.2354    precision@10 : 0.0311
Thu 26 Jan 2023 15:20:58 INFO  epoch 68 training [time: 3.94s, train_loss1: 19.7742, train_loss2: 31.1216]
Thu 26 Jan 2023 15:20:59 INFO  epoch 68 evaluating [time: 0.20s, valid_score: 0.067200]
Thu 26 Jan 2023 15:20:59 INFO  valid result: 
recall@10 : 0.0307    mrr@10 : 0.0672    ndcg@10 : 0.0339    hit@10 : 0.2344    precision@10 : 0.0301
Thu 26 Jan 2023 15:20:59 INFO  Finished training, best eval result in epoch 57
Thu 26 Jan 2023 15:20:59 INFO  Loading model structure and parameters from saved/KGAT-Jan-26-2023_15-16-17.pth
Thu 26 Jan 2023 15:20:59 INFO  best valid : OrderedDict([('recall@10', 0.0294), ('mrr@10', 0.0745), ('ndcg@10', 0.0352), ('hit@10', 0.2259), ('precision@10', 0.0303)])
Thu 26 Jan 2023 15:20:59 INFO  test result: OrderedDict([('recall@10', 0.0354), ('mrr@10', 0.0722), ('ndcg@10', 0.0399), ('hit@10', 0.2587), ('precision@10', 0.0376)])
