Mon 30 Jan 2023 17:57:34 INFO  momentum
Mon 30 Jan 2023 17:57:34 INFO  ['recbole_test.py']
Mon 30 Jan 2023 17:57:34 INFO  
General Hyper Parameters:
gpu_id = 0
use_gpu = True
seed = 2022
state = INFO
reproducibility = True
data_path = /work/03/gu14/k36095/kgat_bai/recbole/config/../dataset_example/ml-100k
checkpoint_dir = saved
show_progress = True
save_dataset = True
dataset_save_path = None
save_dataloaders = False
dataloaders_save_path = None
log_wandb = False

Training Hyper Parameters:
epochs = 300
train_batch_size = 2048
learner = adam
learning_rate = 0.001
train_neg_sample_args = {'distribution': 'uniform', 'sample_num': 1, 'alpha': 1.0, 'dynamic': False, 'candidate_num': 0}
eval_step = 1
stopping_step = 10
clip_grad_norm = None
weight_decay = 0.0
loss_decimal_place = 4

Evaluation Hyper Parameters:
eval_args = {'split': {'RS': [0.8, 0.1, 0.1]}, 'group_by': 'user', 'order': 'RO', 'mode': 'full'}
repeatable = False
metrics = ['Recall', 'MRR', 'NDCG', 'Hit', 'Precision']
topk = [10]
valid_metric = MRR@10
valid_metric_bigger = True
eval_batch_size = 4096
metric_decimal_place = 4

Dataset Hyper Parameters:
field_separator = 	
seq_separator =  
USER_ID_FIELD = user_id
ITEM_ID_FIELD = item_id
RATING_FIELD = rating
TIME_FIELD = timestamp
seq_len = None
LABEL_FIELD = label
threshold = None
NEG_PREFIX = neg_
load_col = {'inter': ['user_id', 'item_id', 'rating', 'timestamp'], 'kg': ['head_id', 'relation_id', 'tail_id'], 'link': ['item_id', 'entity_id']}
unload_col = None
unused_col = None
additional_feat_suffix = None
rm_dup_inter = None
val_interval = None
filter_inter_by_user_or_item = True
user_inter_num_interval = None
item_inter_num_interval = None
alias_of_user_id = None
alias_of_item_id = None
alias_of_entity_id = None
alias_of_relation_id = None
preload_weight = None
normalize_field = None
normalize_all = True
ITEM_LIST_LENGTH_FIELD = item_length
LIST_SUFFIX = _list
MAX_ITEM_LIST_LENGTH = 50
POSITION_FIELD = position_id
HEAD_ENTITY_ID_FIELD = head_id
TAIL_ENTITY_ID_FIELD = tail_id
RELATION_ID_FIELD = relation_id
ENTITY_ID_FIELD = entity_id
kg_reverse_r = False
entity_kg_num_interval = [0,inf)
relation_kg_num_interval = [0,inf)
benchmark_filename = None

Other Hyper Parameters: 
worker = 0
wandb_project = recbole
shuffle = True
require_pow = False
enable_amp = False
enable_scaler = False
transform = None
embedding_size = 64
kg_embedding_size = 64
layers = [64]
mess_dropout = 0.1
reg_weight = 1e-05
aggregator_type = bi
numerical_features = []
discretization = None
MODEL_TYPE = ModelType.KNOWLEDGE
MODEL_INPUT_TYPE = InputType.PAIRWISE
eval_type = EvaluatorType.RANKING
single_spec = True
local_rank = 0
device = cpu
eval_neg_sample_args = {'distribution': 'uniform', 'sample_num': 'none'}


Mon 30 Jan 2023 17:57:35 INFO  Saving filtered dataset into [saved/ml-100k-dataset.pth]
Mon 30 Jan 2023 17:57:35 INFO  ml-100k
The number of users: 944
Average actions of users: 103.4506892895016
The number of items: 1599
Average actions of items: 61.04755944931164
The number of inters: 97554
The sparsity of the dataset: 93.53714185772888%
Remain Fields: ['entity_id', 'user_id', 'item_id', 'rating', 'timestamp', 'head_id', 'relation_id', 'tail_id']
The number of entities: 34629
The number of relations: 26
The number of triples: 91631
The number of items that have been linked to KG: 1598
Mon 30 Jan 2023 17:57:35 INFO  [Training]: train_batch_size = [2048] train_neg_sample_args: [{'distribution': 'uniform', 'sample_num': 1, 'alpha': 1.0, 'dynamic': False, 'candidate_num': 0}]
Mon 30 Jan 2023 17:57:35 INFO  [Evaluation]: eval_batch_size = [4096] eval_args: [{'split': {'RS': [0.8, 0.1, 0.1]}, 'group_by': 'user', 'order': 'RO', 'mode': 'full'}]
Mon 30 Jan 2023 17:57:37 INFO  KGAT(
  (user_embedding): Embedding(944, 64)
  (entity_embedding): Embedding(34629, 64)
  (relation_embedding): Embedding(26, 64)
  (trans_w): Embedding(26, 4096)
  (aggregator_layers): ModuleList(
    (0): Aggregator(
      (message_dropout): Dropout(p=0.1, inplace=False)
      (W1): Linear(in_features=64, out_features=64, bias=True)
      (W2): Linear(in_features=64, out_features=64, bias=True)
      (activation): LeakyReLU(negative_slope=0.01)
    )
  )
  (tanh): Tanh()
  (mf_loss): BPRLoss()
  (reg_loss): EmbLoss()
)
Trainable parameters: 2393152
Mon 30 Jan 2023 17:57:37 INFO  FLOPs: 291414016.0
Mon 30 Jan 2023 17:57:42 INFO  epoch 0 training [time: 4.32s, train_loss1: 19.0746, train_loss2: 40.2855]
Mon 30 Jan 2023 17:57:42 INFO  epoch 0 evaluating [time: 0.21s, valid_score: 0.125600]
Mon 30 Jan 2023 17:57:42 INFO  valid result: 
recall@10 : 0.049    mrr@10 : 0.1256    ndcg@10 : 0.0594    hit@10 : 0.3181    precision@10 : 0.0466
Mon 30 Jan 2023 17:57:42 INFO  Saving current: saved/KGAT-Jan-30-2023_17-57-37.pth
Mon 30 Jan 2023 17:57:46 INFO  epoch 1 training [time: 4.13s, train_loss1: 16.6615, train_loss2: 427.3088]
Mon 30 Jan 2023 17:57:46 INFO  epoch 1 evaluating [time: 0.21s, valid_score: 0.086900]
Mon 30 Jan 2023 17:57:46 INFO  valid result: 
recall@10 : 0.0378    mrr@10 : 0.0869    ndcg@10 : 0.0408    hit@10 : 0.2545    precision@10 : 0.0321
Mon 30 Jan 2023 17:57:52 INFO  epoch 2 training [time: 5.62s, train_loss1: 29.0275, train_loss2: 1164.3193]
Mon 30 Jan 2023 17:57:52 INFO  epoch 2 evaluating [time: 0.20s, valid_score: 0.090000]
Mon 30 Jan 2023 17:57:52 INFO  valid result: 
recall@10 : 0.0348    mrr@10 : 0.09    ndcg@10 : 0.0416    hit@10 : 0.2503    precision@10 : 0.0329
Mon 30 Jan 2023 17:57:57 INFO  epoch 3 training [time: 4.68s, train_loss1: 35.3942, train_loss2: 1517.5895]
Mon 30 Jan 2023 17:57:57 INFO  epoch 3 evaluating [time: 0.20s, valid_score: 0.085200]
Mon 30 Jan 2023 17:57:57 INFO  valid result: 
recall@10 : 0.0327    mrr@10 : 0.0852    ndcg@10 : 0.038    hit@10 : 0.2386    precision@10 : 0.0314
Mon 30 Jan 2023 17:58:01 INFO  epoch 4 training [time: 4.26s, train_loss1: 38.6334, train_loss2: 1821.7724]
Mon 30 Jan 2023 17:58:02 INFO  epoch 4 evaluating [time: 0.20s, valid_score: 0.077000]
Mon 30 Jan 2023 17:58:02 INFO  valid result: 
recall@10 : 0.0293    mrr@10 : 0.077    ndcg@10 : 0.0339    hit@10 : 0.2322    precision@10 : 0.029
Mon 30 Jan 2023 17:58:06 INFO  epoch 5 training [time: 4.29s, train_loss1: 40.5174, train_loss2: 2008.6452]
Mon 30 Jan 2023 17:58:06 INFO  epoch 5 evaluating [time: 0.20s, valid_score: 0.088100]
Mon 30 Jan 2023 17:58:06 INFO  valid result: 
recall@10 : 0.0313    mrr@10 : 0.0881    ndcg@10 : 0.0385    hit@10 : 0.2556    precision@10 : 0.0327
Mon 30 Jan 2023 17:58:10 INFO  epoch 6 training [time: 4.17s, train_loss1: 42.5733, train_loss2: 2036.4475]
Mon 30 Jan 2023 17:58:10 INFO  epoch 6 evaluating [time: 0.19s, valid_score: 0.087700]
Mon 30 Jan 2023 17:58:10 INFO  valid result: 
recall@10 : 0.0313    mrr@10 : 0.0877    ndcg@10 : 0.0388    hit@10 : 0.2418    precision@10 : 0.0318
Mon 30 Jan 2023 17:58:14 INFO  epoch 7 training [time: 3.98s, train_loss1: 42.8937, train_loss2: 2261.4046]
Mon 30 Jan 2023 17:58:15 INFO  epoch 7 evaluating [time: 0.19s, valid_score: 0.080000]
Mon 30 Jan 2023 17:58:15 INFO  valid result: 
recall@10 : 0.0304    mrr@10 : 0.08    ndcg@10 : 0.0351    hit@10 : 0.2259    precision@10 : 0.0281
Mon 30 Jan 2023 17:58:19 INFO  epoch 8 training [time: 3.98s, train_loss1: 46.6694, train_loss2: 2549.3943]
Mon 30 Jan 2023 17:58:19 INFO  epoch 8 evaluating [time: 0.19s, valid_score: 0.083300]
Mon 30 Jan 2023 17:58:19 INFO  valid result: 
recall@10 : 0.0297    mrr@10 : 0.0833    ndcg@10 : 0.0372    hit@10 : 0.2375    precision@10 : 0.0309
Mon 30 Jan 2023 17:58:23 INFO  epoch 9 training [time: 3.88s, train_loss1: 50.0585, train_loss2: 2794.8259]
Mon 30 Jan 2023 17:58:23 INFO  epoch 9 evaluating [time: 0.20s, valid_score: 0.091800]
Mon 30 Jan 2023 17:58:23 INFO  valid result: 
recall@10 : 0.0339    mrr@10 : 0.0918    ndcg@10 : 0.0404    hit@10 : 0.2577    precision@10 : 0.0319
Mon 30 Jan 2023 17:58:27 INFO  epoch 10 training [time: 4.05s, train_loss1: 52.0652, train_loss2: 3369.9019]
Mon 30 Jan 2023 17:58:27 INFO  epoch 10 evaluating [time: 0.19s, valid_score: 0.087700]
Mon 30 Jan 2023 17:58:27 INFO  valid result: 
recall@10 : 0.0346    mrr@10 : 0.0877    ndcg@10 : 0.0385    hit@10 : 0.2566    precision@10 : 0.0318
Mon 30 Jan 2023 17:58:31 INFO  epoch 11 training [time: 4.03s, train_loss1: 52.7548, train_loss2: 3905.7429]
Mon 30 Jan 2023 17:58:31 INFO  epoch 11 evaluating [time: 0.19s, valid_score: 0.066000]
Mon 30 Jan 2023 17:58:31 INFO  valid result: 
recall@10 : 0.0314    mrr@10 : 0.066    ndcg@10 : 0.0316    hit@10 : 0.2259    precision@10 : 0.0268
Mon 30 Jan 2023 17:58:31 INFO  Finished training, best eval result in epoch 0
Mon 30 Jan 2023 17:58:31 INFO  Loading model structure and parameters from saved/KGAT-Jan-30-2023_17-57-37.pth
Mon 30 Jan 2023 17:58:32 INFO  best valid : OrderedDict([('recall@10', 0.049), ('mrr@10', 0.1256), ('ndcg@10', 0.0594), ('hit@10', 0.3181), ('precision@10', 0.0466)])
Mon 30 Jan 2023 17:58:32 INFO  test result: OrderedDict([('recall@10', 0.0512), ('mrr@10', 0.1462), ('ndcg@10', 0.0659), ('hit@10', 0.3457), ('precision@10', 0.0525)])
