Thu 26 Jan 2023 19:21:16 INFO  momentum
Thu 26 Jan 2023 19:21:16 INFO  ['recbole_test.py']
Thu 26 Jan 2023 19:21:16 INFO  
General Hyper Parameters:
gpu_id = 0
use_gpu = True
seed = 2020
state = INFO
reproducibility = True
data_path = /work/03/gu14/k36095/kgat_bai/recbole/config/../dataset_example/ml-100k
checkpoint_dir = saved
show_progress = True
save_dataset = True
dataset_save_path = None
save_dataloaders = False
dataloaders_save_path = None
log_wandb = False

Training Hyper Parameters:
epochs = 300
train_batch_size = 2048
learner = adam
learning_rate = 0.001
train_neg_sample_args = {'distribution': 'uniform', 'sample_num': 1, 'alpha': 1.0, 'dynamic': False, 'candidate_num': 0}
eval_step = 1
stopping_step = 10
clip_grad_norm = None
weight_decay = 0.0
loss_decimal_place = 4

Evaluation Hyper Parameters:
eval_args = {'split': {'RS': [0.8, 0.1, 0.1]}, 'group_by': 'user', 'order': 'RO', 'mode': 'full'}
repeatable = False
metrics = ['Recall', 'MRR', 'NDCG', 'Hit', 'Precision']
topk = [10]
valid_metric = MRR@10
valid_metric_bigger = True
eval_batch_size = 4096
metric_decimal_place = 4

Dataset Hyper Parameters:
field_separator = 	
seq_separator =  
USER_ID_FIELD = user_id
ITEM_ID_FIELD = item_id
RATING_FIELD = rating
TIME_FIELD = timestamp
seq_len = None
LABEL_FIELD = label
threshold = None
NEG_PREFIX = neg_
load_col = {'inter': ['user_id', 'item_id', 'rating', 'timestamp'], 'kg': ['head_id', 'relation_id', 'tail_id'], 'link': ['item_id', 'entity_id']}
unload_col = None
unused_col = None
additional_feat_suffix = None
rm_dup_inter = None
val_interval = None
filter_inter_by_user_or_item = True
user_inter_num_interval = None
item_inter_num_interval = None
alias_of_user_id = None
alias_of_item_id = None
alias_of_entity_id = None
alias_of_relation_id = None
preload_weight = None
normalize_field = None
normalize_all = True
ITEM_LIST_LENGTH_FIELD = item_length
LIST_SUFFIX = _list
MAX_ITEM_LIST_LENGTH = 50
POSITION_FIELD = position_id
HEAD_ENTITY_ID_FIELD = head_id
TAIL_ENTITY_ID_FIELD = tail_id
RELATION_ID_FIELD = relation_id
ENTITY_ID_FIELD = entity_id
kg_reverse_r = False
entity_kg_num_interval = [0,inf)
relation_kg_num_interval = [0,inf)
benchmark_filename = None

Other Hyper Parameters: 
worker = 0
wandb_project = recbole
shuffle = True
require_pow = False
enable_amp = False
enable_scaler = False
transform = None
embedding_size = 64
kg_embedding_size = 64
layers = [64]
mess_dropout = 0.1
reg_weight = 1e-05
aggregator_type = bi
numerical_features = []
discretization = None
MODEL_TYPE = ModelType.KNOWLEDGE
MODEL_INPUT_TYPE = InputType.PAIRWISE
eval_type = EvaluatorType.RANKING
single_spec = True
local_rank = 0
device = cpu
eval_neg_sample_args = {'distribution': 'uniform', 'sample_num': 'none'}


Thu 26 Jan 2023 19:21:17 INFO  Saving filtered dataset into [saved/ml-100k-dataset.pth]
Thu 26 Jan 2023 19:21:17 INFO  ml-100k
The number of users: 944
Average actions of users: 103.4506892895016
The number of items: 1599
Average actions of items: 61.04755944931164
The number of inters: 97554
The sparsity of the dataset: 93.53714185772888%
Remain Fields: ['entity_id', 'user_id', 'item_id', 'rating', 'timestamp', 'head_id', 'relation_id', 'tail_id']
The number of entities: 34629
The number of relations: 26
The number of triples: 91631
The number of items that have been linked to KG: 1598
Thu 26 Jan 2023 19:21:17 INFO  [Training]: train_batch_size = [2048] train_neg_sample_args: [{'distribution': 'uniform', 'sample_num': 1, 'alpha': 1.0, 'dynamic': False, 'candidate_num': 0}]
Thu 26 Jan 2023 19:21:17 INFO  [Evaluation]: eval_batch_size = [4096] eval_args: [{'split': {'RS': [0.8, 0.1, 0.1]}, 'group_by': 'user', 'order': 'RO', 'mode': 'full'}]
Thu 26 Jan 2023 19:21:18 INFO  KGAT(
  (user_embedding): Embedding(944, 64)
  (entity_embedding): Embedding(34629, 64)
  (relation_embedding): Embedding(26, 64)
  (trans_w): Embedding(26, 4096)
  (aggregator_layers): ModuleList(
    (0): Aggregator(
      (message_dropout): Dropout(p=0.1, inplace=False)
      (W1): Linear(in_features=64, out_features=64, bias=True)
      (W2): Linear(in_features=64, out_features=64, bias=True)
      (activation): LeakyReLU(negative_slope=0.01)
    )
  )
  (tanh): Tanh()
  (mf_loss): BPRLoss()
  (reg_loss): EmbLoss()
)
Trainable parameters: 2393152
Thu 26 Jan 2023 19:21:18 INFO  FLOPs: 291414016.0
Thu 26 Jan 2023 19:21:22 INFO  epoch 0 training [time: 4.11s, train_loss1: 26.7761, train_loss2: 31.1894]
Thu 26 Jan 2023 19:21:22 INFO  epoch 0 evaluating [time: 0.22s, valid_score: 0.015600]
Thu 26 Jan 2023 19:21:22 INFO  valid result: 
recall@10 : 0.0046    mrr@10 : 0.0156    ndcg@10 : 0.0062    hit@10 : 0.0573    precision@10 : 0.0059
Thu 26 Jan 2023 19:21:22 INFO  Saving current: saved/KGAT-Jan-26-2023_19-21-18.pth
Thu 26 Jan 2023 19:21:26 INFO  epoch 1 training [time: 3.90s, train_loss1: 26.7496, train_loss2: 31.1893]
Thu 26 Jan 2023 19:21:26 INFO  epoch 1 evaluating [time: 0.19s, valid_score: 0.016700]
Thu 26 Jan 2023 19:21:26 INFO  valid result: 
recall@10 : 0.0048    mrr@10 : 0.0167    ndcg@10 : 0.0066    hit@10 : 0.0583    precision@10 : 0.0062
Thu 26 Jan 2023 19:21:26 INFO  Saving current: saved/KGAT-Jan-26-2023_19-21-18.pth
Thu 26 Jan 2023 19:21:30 INFO  epoch 2 training [time: 3.88s, train_loss1: 26.7143, train_loss2: 31.1891]
Thu 26 Jan 2023 19:21:30 INFO  epoch 2 evaluating [time: 0.19s, valid_score: 0.017500]
Thu 26 Jan 2023 19:21:30 INFO  valid result: 
recall@10 : 0.005    mrr@10 : 0.0175    ndcg@10 : 0.0069    hit@10 : 0.0626    precision@10 : 0.0066
Thu 26 Jan 2023 19:21:30 INFO  Saving current: saved/KGAT-Jan-26-2023_19-21-18.pth
Thu 26 Jan 2023 19:21:34 INFO  epoch 3 training [time: 3.85s, train_loss1: 26.6865, train_loss2: 31.1893]
Thu 26 Jan 2023 19:21:35 INFO  epoch 3 evaluating [time: 0.21s, valid_score: 0.018400]
Thu 26 Jan 2023 19:21:35 INFO  valid result: 
recall@10 : 0.0052    mrr@10 : 0.0184    ndcg@10 : 0.0073    hit@10 : 0.0679    precision@10 : 0.0071
Thu 26 Jan 2023 19:21:35 INFO  Saving current: saved/KGAT-Jan-26-2023_19-21-18.pth
Thu 26 Jan 2023 19:21:38 INFO  epoch 4 training [time: 3.83s, train_loss1: 26.6822, train_loss2: 31.1886]
Thu 26 Jan 2023 19:21:39 INFO  epoch 4 evaluating [time: 0.20s, valid_score: 0.018300]
Thu 26 Jan 2023 19:21:39 INFO  valid result: 
recall@10 : 0.0054    mrr@10 : 0.0183    ndcg@10 : 0.0072    hit@10 : 0.0689    precision@10 : 0.0071
Thu 26 Jan 2023 19:21:42 INFO  epoch 5 training [time: 3.73s, train_loss1: 26.6674, train_loss2: 31.1887]
Thu 26 Jan 2023 19:21:43 INFO  epoch 5 evaluating [time: 0.19s, valid_score: 0.018500]
Thu 26 Jan 2023 19:21:43 INFO  valid result: 
recall@10 : 0.0054    mrr@10 : 0.0185    ndcg@10 : 0.0073    hit@10 : 0.0689    precision@10 : 0.0071
Thu 26 Jan 2023 19:21:43 INFO  Saving current: saved/KGAT-Jan-26-2023_19-21-18.pth
Thu 26 Jan 2023 19:21:46 INFO  epoch 6 training [time: 3.67s, train_loss1: 26.6398, train_loss2: 31.1887]
Thu 26 Jan 2023 19:21:46 INFO  epoch 6 evaluating [time: 0.20s, valid_score: 0.018700]
Thu 26 Jan 2023 19:21:46 INFO  valid result: 
recall@10 : 0.0056    mrr@10 : 0.0187    ndcg@10 : 0.0074    hit@10 : 0.07    precision@10 : 0.0072
Thu 26 Jan 2023 19:21:46 INFO  Saving current: saved/KGAT-Jan-26-2023_19-21-18.pth
Thu 26 Jan 2023 19:21:50 INFO  epoch 7 training [time: 3.79s, train_loss1: 26.6247, train_loss2: 31.1890]
Thu 26 Jan 2023 19:21:50 INFO  epoch 7 evaluating [time: 0.19s, valid_score: 0.018500]
Thu 26 Jan 2023 19:21:50 INFO  valid result: 
recall@10 : 0.0055    mrr@10 : 0.0185    ndcg@10 : 0.0073    hit@10 : 0.0689    precision@10 : 0.0071
Thu 26 Jan 2023 19:21:54 INFO  epoch 8 training [time: 3.77s, train_loss1: 26.6294, train_loss2: 31.1893]
Thu 26 Jan 2023 19:21:54 INFO  epoch 8 evaluating [time: 0.19s, valid_score: 0.018300]
Thu 26 Jan 2023 19:21:54 INFO  valid result: 
recall@10 : 0.0055    mrr@10 : 0.0183    ndcg@10 : 0.0073    hit@10 : 0.07    precision@10 : 0.0072
Thu 26 Jan 2023 19:21:58 INFO  epoch 9 training [time: 3.75s, train_loss1: 26.6072, train_loss2: 31.1884]
Thu 26 Jan 2023 19:21:58 INFO  epoch 9 evaluating [time: 0.19s, valid_score: 0.018600]
Thu 26 Jan 2023 19:21:58 INFO  valid result: 
recall@10 : 0.0059    mrr@10 : 0.0186    ndcg@10 : 0.0075    hit@10 : 0.071    precision@10 : 0.0074
Thu 26 Jan 2023 19:22:02 INFO  epoch 10 training [time: 3.96s, train_loss1: 26.5918, train_loss2: 31.1888]
Thu 26 Jan 2023 19:22:03 INFO  epoch 10 evaluating [time: 0.19s, valid_score: 0.018800]
Thu 26 Jan 2023 19:22:03 INFO  valid result: 
recall@10 : 0.0059    mrr@10 : 0.0188    ndcg@10 : 0.0076    hit@10 : 0.071    precision@10 : 0.0074
Thu 26 Jan 2023 19:22:03 INFO  Saving current: saved/KGAT-Jan-26-2023_19-21-18.pth
Thu 26 Jan 2023 19:22:06 INFO  epoch 11 training [time: 3.84s, train_loss1: 26.5797, train_loss2: 31.1885]
Thu 26 Jan 2023 19:22:07 INFO  epoch 11 evaluating [time: 0.19s, valid_score: 0.018700]
Thu 26 Jan 2023 19:22:07 INFO  valid result: 
recall@10 : 0.0059    mrr@10 : 0.0187    ndcg@10 : 0.0076    hit@10 : 0.071    precision@10 : 0.0074
