Thu 26 Jan 2023 07:29:35 INFO  ['recbole_test.py']
Thu 26 Jan 2023 07:29:35 INFO  
General Hyper Parameters:
gpu_id = 0
use_gpu = True
seed = 2020
state = INFO
reproducibility = True
data_path = /work/03/gu14/k36095/kgat_bai/recbole/config/../dataset_example/ml-100k
checkpoint_dir = saved
show_progress = True
save_dataset = True
dataset_save_path = None
save_dataloaders = False
dataloaders_save_path = None
log_wandb = False

Training Hyper Parameters:
epochs = 300
train_batch_size = 2048
learner = adam
learning_rate = 0.001
train_neg_sample_args = {'distribution': 'uniform', 'sample_num': 1, 'alpha': 1.0, 'dynamic': False, 'candidate_num': 0}
eval_step = 1
stopping_step = 10
clip_grad_norm = None
weight_decay = 0.0
loss_decimal_place = 4

Evaluation Hyper Parameters:
eval_args = {'split': {'RS': [0.8, 0.1, 0.1]}, 'group_by': 'user', 'order': 'RO', 'mode': 'full'}
repeatable = False
metrics = ['Recall', 'MRR', 'NDCG', 'Hit', 'Precision']
topk = [10]
valid_metric = MRR@10
valid_metric_bigger = True
eval_batch_size = 4096
metric_decimal_place = 4

Dataset Hyper Parameters:
field_separator = 	
seq_separator =  
USER_ID_FIELD = user_id
ITEM_ID_FIELD = item_id
RATING_FIELD = rating
TIME_FIELD = timestamp
seq_len = None
LABEL_FIELD = label
threshold = None
NEG_PREFIX = neg_
load_col = {'inter': ['user_id', 'item_id', 'rating', 'timestamp'], 'kg': ['head_id', 'relation_id', 'tail_id'], 'link': ['item_id', 'entity_id']}
unload_col = None
unused_col = None
additional_feat_suffix = None
rm_dup_inter = None
val_interval = None
filter_inter_by_user_or_item = True
user_inter_num_interval = None
item_inter_num_interval = None
alias_of_user_id = None
alias_of_item_id = None
alias_of_entity_id = None
alias_of_relation_id = None
preload_weight = None
normalize_field = None
normalize_all = True
ITEM_LIST_LENGTH_FIELD = item_length
LIST_SUFFIX = _list
MAX_ITEM_LIST_LENGTH = 50
POSITION_FIELD = position_id
HEAD_ENTITY_ID_FIELD = head_id
TAIL_ENTITY_ID_FIELD = tail_id
RELATION_ID_FIELD = relation_id
ENTITY_ID_FIELD = entity_id
kg_reverse_r = False
entity_kg_num_interval = [0,inf)
relation_kg_num_interval = [0,inf)
benchmark_filename = None

Other Hyper Parameters: 
worker = 0
wandb_project = recbole
shuffle = True
require_pow = False
enable_amp = False
enable_scaler = False
transform = None
embedding_size = 64
kg_embedding_size = 64
layers = [64]
mess_dropout = 0.1
reg_weight = 1e-05
aggregator_type = graphsage
numerical_features = []
discretization = None
MODEL_TYPE = ModelType.KNOWLEDGE
MODEL_INPUT_TYPE = InputType.PAIRWISE
eval_type = EvaluatorType.RANKING
single_spec = True
local_rank = 0
device = cpu
eval_neg_sample_args = {'distribution': 'uniform', 'sample_num': 'none'}


Thu 26 Jan 2023 07:29:36 INFO  Saving filtered dataset into [saved/ml-100k-dataset.pth]
Thu 26 Jan 2023 07:29:36 INFO  ml-100k
The number of users: 944
Average actions of users: 103.4506892895016
The number of items: 1599
Average actions of items: 61.04755944931164
The number of inters: 97554
The sparsity of the dataset: 93.53714185772888%
Remain Fields: ['entity_id', 'user_id', 'item_id', 'rating', 'timestamp', 'head_id', 'relation_id', 'tail_id']
The number of entities: 34629
The number of relations: 26
The number of triples: 91631
The number of items that have been linked to KG: 1598
Thu 26 Jan 2023 07:29:37 INFO  [Training]: train_batch_size = [2048] train_neg_sample_args: [{'distribution': 'uniform', 'sample_num': 1, 'alpha': 1.0, 'dynamic': False, 'candidate_num': 0}]
Thu 26 Jan 2023 07:29:37 INFO  [Evaluation]: eval_batch_size = [4096] eval_args: [{'split': {'RS': [0.8, 0.1, 0.1]}, 'group_by': 'user', 'order': 'RO', 'mode': 'full'}]
Thu 26 Jan 2023 07:29:43 INFO  KGAT(
  (user_embedding): Embedding(944, 64)
  (entity_embedding): Embedding(34629, 64)
  (relation_embedding): Embedding(26, 64)
  (trans_w): Embedding(26, 4096)
  (aggregator_layers): ModuleList(
    (0): Aggregator(
      (message_dropout): Dropout(p=0.1, inplace=False)
      (W): Linear(in_features=128, out_features=64, bias=True)
      (activation): LeakyReLU(negative_slope=0.01)
    )
  )
  (tanh): Tanh()
  (mf_loss): BPRLoss()
  (reg_loss): EmbLoss()
)
Trainable parameters: 2393088
Thu 26 Jan 2023 07:29:43 INFO  FLOPs: 291414016.0
Thu 26 Jan 2023 07:29:50 INFO  epoch 0 training [time: 5.70s, train_loss1: 23.7237, train_loss2: 29.5182]
Thu 26 Jan 2023 07:29:50 INFO  epoch 0 evaluating [time: 0.24s, valid_score: 0.070000]
Thu 26 Jan 2023 07:29:50 INFO  valid result: 
recall@10 : 0.0238    mrr@10 : 0.07    ndcg@10 : 0.0302    hit@10 : 0.1951    precision@10 : 0.0251
Thu 26 Jan 2023 07:29:50 INFO  Saving current: saved/KGAT-Jan-26-2023_07-29-44.pth
Thu 26 Jan 2023 07:29:55 INFO  epoch 1 training [time: 4.93s, train_loss1: 19.7571, train_loss2: 18.8392]
Thu 26 Jan 2023 07:29:55 INFO  epoch 1 evaluating [time: 0.20s, valid_score: 0.161900]
Thu 26 Jan 2023 07:29:55 INFO  valid result: 
recall@10 : 0.0612    mrr@10 : 0.1619    ndcg@10 : 0.0778    hit@10 : 0.3871    precision@10 : 0.0626
Thu 26 Jan 2023 07:29:55 INFO  Saving current: saved/KGAT-Jan-26-2023_07-29-44.pth
Thu 26 Jan 2023 07:30:00 INFO  epoch 2 training [time: 5.15s, train_loss1: 17.3165, train_loss2: 12.6096]
Thu 26 Jan 2023 07:30:00 INFO  epoch 2 evaluating [time: 0.20s, valid_score: 0.128700]
Thu 26 Jan 2023 07:30:00 INFO  valid result: 
recall@10 : 0.0602    mrr@10 : 0.1287    ndcg@10 : 0.0667    hit@10 : 0.3722    precision@10 : 0.0546
Thu 26 Jan 2023 07:30:06 INFO  epoch 3 training [time: 5.33s, train_loss1: 16.6726, train_loss2: 10.3148]
Thu 26 Jan 2023 07:30:06 INFO  epoch 3 evaluating [time: 0.20s, valid_score: 0.157700]
Thu 26 Jan 2023 07:30:06 INFO  valid result: 
recall@10 : 0.0815    mrr@10 : 0.1577    ndcg@10 : 0.0855    hit@10 : 0.4284    precision@10 : 0.0679
Thu 26 Jan 2023 07:30:11 INFO  epoch 4 training [time: 4.76s, train_loss1: 16.5110, train_loss2: 9.0214]
Thu 26 Jan 2023 07:30:11 INFO  epoch 4 evaluating [time: 0.19s, valid_score: 0.197600]
Thu 26 Jan 2023 07:30:11 INFO  valid result: 
recall@10 : 0.0942    mrr@10 : 0.1976    ndcg@10 : 0.1019    hit@10 : 0.4549    precision@10 : 0.0758
Thu 26 Jan 2023 07:30:11 INFO  Saving current: saved/KGAT-Jan-26-2023_07-29-44.pth
Thu 26 Jan 2023 07:30:16 INFO  epoch 5 training [time: 5.23s, train_loss1: 16.3786, train_loss2: 8.2739]
Thu 26 Jan 2023 07:30:16 INFO  epoch 5 evaluating [time: 0.20s, valid_score: 0.213500]
Thu 26 Jan 2023 07:30:16 INFO  valid result: 
recall@10 : 0.111    mrr@10 : 0.2135    ndcg@10 : 0.1141    hit@10 : 0.4942    precision@10 : 0.0823
Thu 26 Jan 2023 07:30:16 INFO  Saving current: saved/KGAT-Jan-26-2023_07-29-44.pth
Thu 26 Jan 2023 07:30:21 INFO  epoch 6 training [time: 4.71s, train_loss1: 16.1602, train_loss2: 7.8582]
Thu 26 Jan 2023 07:30:21 INFO  epoch 6 evaluating [time: 0.20s, valid_score: 0.224400]
Thu 26 Jan 2023 07:30:21 INFO  valid result: 
recall@10 : 0.1154    mrr@10 : 0.2244    ndcg@10 : 0.12    hit@10 : 0.5154    precision@10 : 0.087
Thu 26 Jan 2023 07:30:21 INFO  Saving current: saved/KGAT-Jan-26-2023_07-29-44.pth
Thu 26 Jan 2023 07:30:26 INFO  epoch 7 training [time: 4.75s, train_loss1: 16.0380, train_loss2: 7.4661]
Thu 26 Jan 2023 07:30:26 INFO  epoch 7 evaluating [time: 0.20s, valid_score: 0.229200]
Thu 26 Jan 2023 07:30:26 INFO  valid result: 
recall@10 : 0.1242    mrr@10 : 0.2292    ndcg@10 : 0.1271    hit@10 : 0.5408    precision@10 : 0.0932
Thu 26 Jan 2023 07:30:26 INFO  Saving current: saved/KGAT-Jan-26-2023_07-29-44.pth
Thu 26 Jan 2023 07:30:31 INFO  epoch 8 training [time: 4.78s, train_loss1: 15.8519, train_loss2: 7.1255]
Thu 26 Jan 2023 07:30:31 INFO  epoch 8 evaluating [time: 0.19s, valid_score: 0.233500]
Thu 26 Jan 2023 07:30:31 INFO  valid result: 
recall@10 : 0.1274    mrr@10 : 0.2335    ndcg@10 : 0.1301    hit@10 : 0.5429    precision@10 : 0.0947
Thu 26 Jan 2023 07:30:32 INFO  Saving current: saved/KGAT-Jan-26-2023_07-29-44.pth
Thu 26 Jan 2023 07:30:36 INFO  epoch 9 training [time: 4.71s, train_loss1: 15.5735, train_loss2: 6.8844]
Thu 26 Jan 2023 07:30:36 INFO  epoch 9 evaluating [time: 0.19s, valid_score: 0.230500]
Thu 26 Jan 2023 07:30:36 INFO  valid result: 
recall@10 : 0.1295    mrr@10 : 0.2305    ndcg@10 : 0.1322    hit@10 : 0.5599    precision@10 : 0.0992
Thu 26 Jan 2023 07:30:42 INFO  epoch 10 training [time: 5.27s, train_loss1: 15.3178, train_loss2: 6.5163]
Thu 26 Jan 2023 07:30:42 INFO  epoch 10 evaluating [time: 0.19s, valid_score: 0.244100]
Thu 26 Jan 2023 07:30:42 INFO  valid result: 
recall@10 : 0.1358    mrr@10 : 0.2441    ndcg@10 : 0.1398    hit@10 : 0.5726    precision@10 : 0.1042
Thu 26 Jan 2023 07:30:42 INFO  Saving current: saved/KGAT-Jan-26-2023_07-29-44.pth
Thu 26 Jan 2023 07:30:47 INFO  epoch 11 training [time: 5.08s, train_loss1: 15.0023, train_loss2: 6.3117]
Thu 26 Jan 2023 07:30:47 INFO  epoch 11 evaluating [time: 0.19s, valid_score: 0.253800]
Thu 26 Jan 2023 07:30:47 INFO  valid result: 
recall@10 : 0.1418    mrr@10 : 0.2538    ndcg@10 : 0.1461    hit@10 : 0.5864    precision@10 : 0.1067
Thu 26 Jan 2023 07:30:47 INFO  Saving current: saved/KGAT-Jan-26-2023_07-29-44.pth
Thu 26 Jan 2023 07:30:52 INFO  epoch 12 training [time: 4.70s, train_loss1: 14.7884, train_loss2: 5.8440]
Thu 26 Jan 2023 07:30:52 INFO  epoch 12 evaluating [time: 0.19s, valid_score: 0.264100]
Thu 26 Jan 2023 07:30:52 INFO  valid result: 
recall@10 : 0.1434    mrr@10 : 0.2641    ndcg@10 : 0.1519    hit@10 : 0.5992    precision@10 : 0.111
Thu 26 Jan 2023 07:30:52 INFO  Saving current: saved/KGAT-Jan-26-2023_07-29-44.pth
Thu 26 Jan 2023 07:30:57 INFO  epoch 13 training [time: 5.04s, train_loss1: 14.4252, train_loss2: 5.4322]
Thu 26 Jan 2023 07:30:57 INFO  epoch 13 evaluating [time: 0.20s, valid_score: 0.266400]
Thu 26 Jan 2023 07:30:57 INFO  valid result: 
recall@10 : 0.1503    mrr@10 : 0.2664    ndcg@10 : 0.1555    hit@10 : 0.6045    precision@10 : 0.1135
Thu 26 Jan 2023 07:30:58 INFO  Saving current: saved/KGAT-Jan-26-2023_07-29-44.pth
Thu 26 Jan 2023 07:31:02 INFO  epoch 14 training [time: 4.65s, train_loss1: 14.0700, train_loss2: 5.1507]
Thu 26 Jan 2023 07:31:02 INFO  epoch 14 evaluating [time: 0.19s, valid_score: 0.278200]
Thu 26 Jan 2023 07:31:02 INFO  valid result: 
recall@10 : 0.1567    mrr@10 : 0.2782    ndcg@10 : 0.1618    hit@10 : 0.6161    precision@10 : 0.1161
Thu 26 Jan 2023 07:31:02 INFO  Saving current: saved/KGAT-Jan-26-2023_07-29-44.pth
Thu 26 Jan 2023 07:31:07 INFO  epoch 15 training [time: 4.70s, train_loss1: 13.7884, train_loss2: 5.0097]
Thu 26 Jan 2023 07:31:07 INFO  epoch 15 evaluating [time: 0.19s, valid_score: 0.280800]
Thu 26 Jan 2023 07:31:07 INFO  valid result: 
recall@10 : 0.1613    mrr@10 : 0.2808    ndcg@10 : 0.1651    hit@10 : 0.632    precision@10 : 0.1191
Thu 26 Jan 2023 07:31:07 INFO  Saving current: saved/KGAT-Jan-26-2023_07-29-44.pth
Thu 26 Jan 2023 07:31:12 INFO  epoch 16 training [time: 4.99s, train_loss1: 13.4251, train_loss2: 4.7578]
Thu 26 Jan 2023 07:31:13 INFO  epoch 16 evaluating [time: 0.19s, valid_score: 0.284200]
Thu 26 Jan 2023 07:31:13 INFO  valid result: 
recall@10 : 0.1595    mrr@10 : 0.2842    ndcg@10 : 0.1671    hit@10 : 0.6257    precision@10 : 0.1211
Thu 26 Jan 2023 07:31:13 INFO  Saving current: saved/KGAT-Jan-26-2023_07-29-44.pth
Thu 26 Jan 2023 07:31:17 INFO  epoch 17 training [time: 4.65s, train_loss1: 13.0501, train_loss2: 4.5603]
Thu 26 Jan 2023 07:31:18 INFO  epoch 17 evaluating [time: 0.19s, valid_score: 0.296200]
Thu 26 Jan 2023 07:31:18 INFO  valid result: 
recall@10 : 0.1624    mrr@10 : 0.2962    ndcg@10 : 0.1724    hit@10 : 0.6257    precision@10 : 0.1231
Thu 26 Jan 2023 07:31:18 INFO  Saving current: saved/KGAT-Jan-26-2023_07-29-44.pth
Thu 26 Jan 2023 07:31:23 INFO  epoch 18 training [time: 4.95s, train_loss1: 12.6427, train_loss2: 4.3371]
Thu 26 Jan 2023 07:31:23 INFO  epoch 18 evaluating [time: 0.20s, valid_score: 0.306400]
Thu 26 Jan 2023 07:31:23 INFO  valid result: 
recall@10 : 0.1637    mrr@10 : 0.3064    ndcg@10 : 0.175    hit@10 : 0.6363    precision@10 : 0.1232
Thu 26 Jan 2023 07:31:23 INFO  Saving current: saved/KGAT-Jan-26-2023_07-29-44.pth
Thu 26 Jan 2023 07:31:27 INFO  epoch 19 training [time: 4.47s, train_loss1: 12.4018, train_loss2: 4.3109]
Thu 26 Jan 2023 07:31:27 INFO  epoch 19 evaluating [time: 0.19s, valid_score: 0.314000]
Thu 26 Jan 2023 07:31:27 INFO  valid result: 
recall@10 : 0.1688    mrr@10 : 0.314    ndcg@10 : 0.1811    hit@10 : 0.649    precision@10 : 0.1275
Thu 26 Jan 2023 07:31:28 INFO  Saving current: saved/KGAT-Jan-26-2023_07-29-44.pth
Thu 26 Jan 2023 07:31:32 INFO  epoch 20 training [time: 4.58s, train_loss1: 12.1142, train_loss2: 4.1924]
Thu 26 Jan 2023 07:31:32 INFO  epoch 20 evaluating [time: 0.19s, valid_score: 0.321900]
Thu 26 Jan 2023 07:31:32 INFO  valid result: 
recall@10 : 0.1744    mrr@10 : 0.3219    ndcg@10 : 0.1859    hit@10 : 0.6522    precision@10 : 0.1287
Thu 26 Jan 2023 07:31:32 INFO  Saving current: saved/KGAT-Jan-26-2023_07-29-44.pth
Thu 26 Jan 2023 07:31:37 INFO  epoch 21 training [time: 4.66s, train_loss1: 11.7803, train_loss2: 4.0175]
Thu 26 Jan 2023 07:31:37 INFO  epoch 21 evaluating [time: 0.19s, valid_score: 0.329200]
Thu 26 Jan 2023 07:31:37 INFO  valid result: 
recall@10 : 0.1723    mrr@10 : 0.3292    ndcg@10 : 0.1878    hit@10 : 0.6554    precision@10 : 0.1306
Thu 26 Jan 2023 07:31:37 INFO  Saving current: saved/KGAT-Jan-26-2023_07-29-44.pth
Thu 26 Jan 2023 07:31:42 INFO  epoch 22 training [time: 4.56s, train_loss1: 11.5583, train_loss2: 3.8886]
Thu 26 Jan 2023 07:31:42 INFO  epoch 22 evaluating [time: 0.19s, valid_score: 0.341100]
Thu 26 Jan 2023 07:31:42 INFO  valid result: 
recall@10 : 0.1726    mrr@10 : 0.3411    ndcg@10 : 0.191    hit@10 : 0.6628    precision@10 : 0.1313
Thu 26 Jan 2023 07:31:42 INFO  Saving current: saved/KGAT-Jan-26-2023_07-29-44.pth
Thu 26 Jan 2023 07:31:47 INFO  epoch 23 training [time: 4.67s, train_loss1: 11.2621, train_loss2: 3.7711]
Thu 26 Jan 2023 07:31:47 INFO  epoch 23 evaluating [time: 0.19s, valid_score: 0.343300]
Thu 26 Jan 2023 07:31:47 INFO  valid result: 
recall@10 : 0.1745    mrr@10 : 0.3433    ndcg@10 : 0.193    hit@10 : 0.6681    precision@10 : 0.1333
Thu 26 Jan 2023 07:31:47 INFO  Saving current: saved/KGAT-Jan-26-2023_07-29-44.pth
Thu 26 Jan 2023 07:31:52 INFO  epoch 24 training [time: 4.69s, train_loss1: 11.0496, train_loss2: 3.6413]
Thu 26 Jan 2023 07:31:52 INFO  epoch 24 evaluating [time: 0.20s, valid_score: 0.346200]
Thu 26 Jan 2023 07:31:52 INFO  valid result: 
recall@10 : 0.1775    mrr@10 : 0.3462    ndcg@10 : 0.1962    hit@10 : 0.6755    precision@10 : 0.1355
Thu 26 Jan 2023 07:31:52 INFO  Saving current: saved/KGAT-Jan-26-2023_07-29-44.pth
Thu 26 Jan 2023 07:31:57 INFO  epoch 25 training [time: 4.66s, train_loss1: 10.8399, train_loss2: 3.6567]
Thu 26 Jan 2023 07:31:57 INFO  epoch 25 evaluating [time: 0.19s, valid_score: 0.351200]
Thu 26 Jan 2023 07:31:57 INFO  valid result: 
recall@10 : 0.1768    mrr@10 : 0.3512    ndcg@10 : 0.1975    hit@10 : 0.6734    precision@10 : 0.1362
Thu 26 Jan 2023 07:31:57 INFO  Saving current: saved/KGAT-Jan-26-2023_07-29-44.pth
Thu 26 Jan 2023 07:32:02 INFO  epoch 26 training [time: 4.99s, train_loss1: 10.6405, train_loss2: 3.6451]
Thu 26 Jan 2023 07:32:02 INFO  epoch 26 evaluating [time: 0.20s, valid_score: 0.348900]
Thu 26 Jan 2023 07:32:02 INFO  valid result: 
recall@10 : 0.1773    mrr@10 : 0.3489    ndcg@10 : 0.1983    hit@10 : 0.666    precision@10 : 0.1371
Thu 26 Jan 2023 07:32:07 INFO  epoch 27 training [time: 4.71s, train_loss1: 10.3623, train_loss2: 3.3774]
Thu 26 Jan 2023 07:32:07 INFO  epoch 27 evaluating [time: 0.20s, valid_score: 0.349200]
Thu 26 Jan 2023 07:32:07 INFO  valid result: 
recall@10 : 0.1787    mrr@10 : 0.3492    ndcg@10 : 0.1993    hit@10 : 0.6723    precision@10 : 0.1383
Thu 26 Jan 2023 07:32:12 INFO  epoch 28 training [time: 4.63s, train_loss1: 10.3347, train_loss2: 3.2688]
Thu 26 Jan 2023 07:32:12 INFO  epoch 28 evaluating [time: 0.20s, valid_score: 0.351900]
Thu 26 Jan 2023 07:32:12 INFO  valid result: 
recall@10 : 0.1785    mrr@10 : 0.3519    ndcg@10 : 0.1998    hit@10 : 0.6681    precision@10 : 0.1379
Thu 26 Jan 2023 07:32:12 INFO  Saving current: saved/KGAT-Jan-26-2023_07-29-44.pth
Thu 26 Jan 2023 07:32:17 INFO  epoch 29 training [time: 4.63s, train_loss1: 10.0997, train_loss2: 3.1347]
Thu 26 Jan 2023 07:32:17 INFO  epoch 29 evaluating [time: 0.19s, valid_score: 0.352700]
Thu 26 Jan 2023 07:32:17 INFO  valid result: 
recall@10 : 0.1797    mrr@10 : 0.3527    ndcg@10 : 0.2007    hit@10 : 0.6713    precision@10 : 0.1381
Thu 26 Jan 2023 07:32:17 INFO  Saving current: saved/KGAT-Jan-26-2023_07-29-44.pth
Thu 26 Jan 2023 07:32:21 INFO  epoch 30 training [time: 4.57s, train_loss1: 9.9472, train_loss2: 3.0327]
Thu 26 Jan 2023 07:32:22 INFO  epoch 30 evaluating [time: 0.19s, valid_score: 0.353000]
Thu 26 Jan 2023 07:32:22 INFO  valid result: 
recall@10 : 0.1828    mrr@10 : 0.353    ndcg@10 : 0.2016    hit@10 : 0.6829    precision@10 : 0.1386
Thu 26 Jan 2023 07:32:22 INFO  Saving current: saved/KGAT-Jan-26-2023_07-29-44.pth
Thu 26 Jan 2023 07:32:26 INFO  epoch 31 training [time: 4.70s, train_loss1: 9.8709, train_loss2: 2.9459]
Thu 26 Jan 2023 07:32:27 INFO  epoch 31 evaluating [time: 0.19s, valid_score: 0.354200]
Thu 26 Jan 2023 07:32:27 INFO  valid result: 
recall@10 : 0.1825    mrr@10 : 0.3542    ndcg@10 : 0.2023    hit@10 : 0.6808    precision@10 : 0.1386
Thu 26 Jan 2023 07:32:27 INFO  Saving current: saved/KGAT-Jan-26-2023_07-29-44.pth
Thu 26 Jan 2023 07:32:31 INFO  epoch 32 training [time: 4.62s, train_loss1: 9.6739, train_loss2: 2.8693]
Thu 26 Jan 2023 07:32:31 INFO  epoch 32 evaluating [time: 0.20s, valid_score: 0.357600]
Thu 26 Jan 2023 07:32:31 INFO  valid result: 
recall@10 : 0.1832    mrr@10 : 0.3576    ndcg@10 : 0.2048    hit@10 : 0.6797    precision@10 : 0.1402
Thu 26 Jan 2023 07:32:32 INFO  Saving current: saved/KGAT-Jan-26-2023_07-29-44.pth
Thu 26 Jan 2023 07:32:36 INFO  epoch 33 training [time: 4.73s, train_loss1: 9.6332, train_loss2: 2.7650]
Thu 26 Jan 2023 07:32:36 INFO  epoch 33 evaluating [time: 0.20s, valid_score: 0.360900]
Thu 26 Jan 2023 07:32:36 INFO  valid result: 
recall@10 : 0.1855    mrr@10 : 0.3609    ndcg@10 : 0.2065    hit@10 : 0.6808    precision@10 : 0.1415
Thu 26 Jan 2023 07:32:37 INFO  Saving current: saved/KGAT-Jan-26-2023_07-29-44.pth
Thu 26 Jan 2023 07:32:42 INFO  epoch 34 training [time: 5.17s, train_loss1: 9.4652, train_loss2: 2.5872]
Thu 26 Jan 2023 07:32:42 INFO  epoch 34 evaluating [time: 0.20s, valid_score: 0.361400]
Thu 26 Jan 2023 07:32:42 INFO  valid result: 
recall@10 : 0.1835    mrr@10 : 0.3614    ndcg@10 : 0.2057    hit@10 : 0.6808    precision@10 : 0.1408
Thu 26 Jan 2023 07:32:42 INFO  Saving current: saved/KGAT-Jan-26-2023_07-29-44.pth
Thu 26 Jan 2023 07:32:47 INFO  epoch 35 training [time: 4.63s, train_loss1: 9.5403, train_loss2: 2.6014]
Thu 26 Jan 2023 07:32:47 INFO  epoch 35 evaluating [time: 0.19s, valid_score: 0.360800]
Thu 26 Jan 2023 07:32:47 INFO  valid result: 
recall@10 : 0.1837    mrr@10 : 0.3608    ndcg@10 : 0.2062    hit@10 : 0.6797    precision@10 : 0.1407
Thu 26 Jan 2023 07:32:52 INFO  epoch 36 training [time: 5.04s, train_loss1: 9.2373, train_loss2: 2.4913]
Thu 26 Jan 2023 07:32:52 INFO  epoch 36 evaluating [time: 0.19s, valid_score: 0.360000]
Thu 26 Jan 2023 07:32:52 INFO  valid result: 
recall@10 : 0.1871    mrr@10 : 0.36    ndcg@10 : 0.2059    hit@10 : 0.6893    precision@10 : 0.1413
Thu 26 Jan 2023 07:32:57 INFO  epoch 37 training [time: 4.71s, train_loss1: 9.2003, train_loss2: 2.4184]
Thu 26 Jan 2023 07:32:57 INFO  epoch 37 evaluating [time: 0.19s, valid_score: 0.360200]
Thu 26 Jan 2023 07:32:57 INFO  valid result: 
recall@10 : 0.1847    mrr@10 : 0.3602    ndcg@10 : 0.206    hit@10 : 0.6755    precision@10 : 0.1418
Thu 26 Jan 2023 07:33:02 INFO  epoch 38 training [time: 4.70s, train_loss1: 9.2378, train_loss2: 2.3541]
Thu 26 Jan 2023 07:33:02 INFO  epoch 38 evaluating [time: 0.19s, valid_score: 0.360600]
Thu 26 Jan 2023 07:33:02 INFO  valid result: 
recall@10 : 0.185    mrr@10 : 0.3606    ndcg@10 : 0.2064    hit@10 : 0.6819    precision@10 : 0.1422
Thu 26 Jan 2023 07:33:06 INFO  epoch 39 training [time: 4.64s, train_loss1: 9.0500, train_loss2: 2.3077]
Thu 26 Jan 2023 07:33:07 INFO  epoch 39 evaluating [time: 0.20s, valid_score: 0.364300]
Thu 26 Jan 2023 07:33:07 INFO  valid result: 
recall@10 : 0.187    mrr@10 : 0.3643    ndcg@10 : 0.2078    hit@10 : 0.684    precision@10 : 0.142
Thu 26 Jan 2023 07:33:07 INFO  Saving current: saved/KGAT-Jan-26-2023_07-29-44.pth
Thu 26 Jan 2023 07:33:11 INFO  epoch 40 training [time: 4.59s, train_loss1: 9.0046, train_loss2: 2.2654]
Thu 26 Jan 2023 07:33:12 INFO  epoch 40 evaluating [time: 0.20s, valid_score: 0.367000]
Thu 26 Jan 2023 07:33:12 INFO  valid result: 
recall@10 : 0.1886    mrr@10 : 0.367    ndcg@10 : 0.2091    hit@10 : 0.685    precision@10 : 0.1427
Thu 26 Jan 2023 07:33:12 INFO  Saving current: saved/KGAT-Jan-26-2023_07-29-44.pth
Thu 26 Jan 2023 07:33:16 INFO  epoch 41 training [time: 4.64s, train_loss1: 8.8652, train_loss2: 2.1538]
Thu 26 Jan 2023 07:33:16 INFO  epoch 41 evaluating [time: 0.20s, valid_score: 0.368100]
Thu 26 Jan 2023 07:33:16 INFO  valid result: 
recall@10 : 0.1882    mrr@10 : 0.3681    ndcg@10 : 0.2097    hit@10 : 0.6882    precision@10 : 0.1435
Thu 26 Jan 2023 07:33:16 INFO  Saving current: saved/KGAT-Jan-26-2023_07-29-44.pth
Thu 26 Jan 2023 07:33:22 INFO  epoch 42 training [time: 5.17s, train_loss1: 8.7713, train_loss2: 2.1195]
Thu 26 Jan 2023 07:33:22 INFO  epoch 42 evaluating [time: 0.20s, valid_score: 0.367700]
Thu 26 Jan 2023 07:33:22 INFO  valid result: 
recall@10 : 0.1872    mrr@10 : 0.3677    ndcg@10 : 0.21    hit@10 : 0.6914    precision@10 : 0.1452
Thu 26 Jan 2023 07:33:27 INFO  epoch 43 training [time: 4.72s, train_loss1: 8.7123, train_loss2: 2.0932]
Thu 26 Jan 2023 07:33:27 INFO  epoch 43 evaluating [time: 0.19s, valid_score: 0.372000]
Thu 26 Jan 2023 07:33:27 INFO  valid result: 
recall@10 : 0.1871    mrr@10 : 0.372    ndcg@10 : 0.2104    hit@10 : 0.6935    precision@10 : 0.1441
Thu 26 Jan 2023 07:33:27 INFO  Saving current: saved/KGAT-Jan-26-2023_07-29-44.pth
Thu 26 Jan 2023 07:33:31 INFO  epoch 44 training [time: 4.65s, train_loss1: 8.5271, train_loss2: 2.0868]
Thu 26 Jan 2023 07:33:32 INFO  epoch 44 evaluating [time: 0.19s, valid_score: 0.367500]
Thu 26 Jan 2023 07:33:32 INFO  valid result: 
recall@10 : 0.1866    mrr@10 : 0.3675    ndcg@10 : 0.2103    hit@10 : 0.6882    precision@10 : 0.1454
Thu 26 Jan 2023 07:33:36 INFO  epoch 45 training [time: 4.77s, train_loss1: 8.5185, train_loss2: 2.0299]
Thu 26 Jan 2023 07:33:37 INFO  epoch 45 evaluating [time: 0.19s, valid_score: 0.373400]
Thu 26 Jan 2023 07:33:37 INFO  valid result: 
recall@10 : 0.1919    mrr@10 : 0.3734    ndcg@10 : 0.2147    hit@10 : 0.7052    precision@10 : 0.1483
Thu 26 Jan 2023 07:33:37 INFO  Saving current: saved/KGAT-Jan-26-2023_07-29-44.pth
Thu 26 Jan 2023 07:33:42 INFO  epoch 46 training [time: 5.03s, train_loss1: 8.3468, train_loss2: 2.0017]
Thu 26 Jan 2023 07:33:42 INFO  epoch 46 evaluating [time: 0.19s, valid_score: 0.376500]
Thu 26 Jan 2023 07:33:42 INFO  valid result: 
recall@10 : 0.1927    mrr@10 : 0.3765    ndcg@10 : 0.2154    hit@10 : 0.702    precision@10 : 0.1475
Thu 26 Jan 2023 07:33:42 INFO  Saving current: saved/KGAT-Jan-26-2023_07-29-44.pth
Thu 26 Jan 2023 07:33:47 INFO  epoch 47 training [time: 4.63s, train_loss1: 8.3341, train_loss2: 1.9244]
Thu 26 Jan 2023 07:33:47 INFO  epoch 47 evaluating [time: 0.20s, valid_score: 0.374800]
Thu 26 Jan 2023 07:33:47 INFO  valid result: 
recall@10 : 0.1929    mrr@10 : 0.3748    ndcg@10 : 0.2155    hit@10 : 0.7031    precision@10 : 0.1483
Thu 26 Jan 2023 07:33:52 INFO  epoch 48 training [time: 4.70s, train_loss1: 8.1935, train_loss2: 1.8984]
Thu 26 Jan 2023 07:33:52 INFO  epoch 48 evaluating [time: 0.20s, valid_score: 0.382000]
Thu 26 Jan 2023 07:33:52 INFO  valid result: 
recall@10 : 0.1936    mrr@10 : 0.382    ndcg@10 : 0.2177    hit@10 : 0.701    precision@10 : 0.1485
Thu 26 Jan 2023 07:33:52 INFO  Saving current: saved/KGAT-Jan-26-2023_07-29-44.pth
Thu 26 Jan 2023 07:33:57 INFO  epoch 49 training [time: 4.70s, train_loss1: 8.2062, train_loss2: 1.8937]
Thu 26 Jan 2023 07:33:57 INFO  epoch 49 evaluating [time: 0.20s, valid_score: 0.383000]
Thu 26 Jan 2023 07:33:57 INFO  valid result: 
recall@10 : 0.1976    mrr@10 : 0.383    ndcg@10 : 0.2197    hit@10 : 0.7147    precision@10 : 0.1495
Thu 26 Jan 2023 07:33:57 INFO  Saving current: saved/KGAT-Jan-26-2023_07-29-44.pth
Thu 26 Jan 2023 07:34:01 INFO  epoch 50 training [time: 4.69s, train_loss1: 8.0892, train_loss2: 1.8406]
Thu 26 Jan 2023 07:34:02 INFO  epoch 50 evaluating [time: 0.19s, valid_score: 0.381200]
Thu 26 Jan 2023 07:34:02 INFO  valid result: 
recall@10 : 0.1945    mrr@10 : 0.3812    ndcg@10 : 0.2185    hit@10 : 0.7105    precision@10 : 0.1487
Thu 26 Jan 2023 07:34:07 INFO  epoch 51 training [time: 4.97s, train_loss1: 7.9458, train_loss2: 1.8621]
Thu 26 Jan 2023 07:34:07 INFO  epoch 51 evaluating [time: 0.19s, valid_score: 0.384300]
Thu 26 Jan 2023 07:34:07 INFO  valid result: 
recall@10 : 0.1953    mrr@10 : 0.3843    ndcg@10 : 0.2199    hit@10 : 0.7105    precision@10 : 0.1498
Thu 26 Jan 2023 07:34:07 INFO  Saving current: saved/KGAT-Jan-26-2023_07-29-44.pth
Thu 26 Jan 2023 07:34:12 INFO  epoch 52 training [time: 4.62s, train_loss1: 7.8501, train_loss2: 1.7847]
Thu 26 Jan 2023 07:34:12 INFO  epoch 52 evaluating [time: 0.19s, valid_score: 0.384500]
Thu 26 Jan 2023 07:34:12 INFO  valid result: 
recall@10 : 0.1942    mrr@10 : 0.3845    ndcg@10 : 0.219    hit@10 : 0.7126    precision@10 : 0.1488
Thu 26 Jan 2023 07:34:12 INFO  Saving current: saved/KGAT-Jan-26-2023_07-29-44.pth
Thu 26 Jan 2023 07:34:16 INFO  epoch 53 training [time: 4.66s, train_loss1: 7.7219, train_loss2: 1.7431]
Thu 26 Jan 2023 07:34:17 INFO  epoch 53 evaluating [time: 0.19s, valid_score: 0.382800]
Thu 26 Jan 2023 07:34:17 INFO  valid result: 
recall@10 : 0.1935    mrr@10 : 0.3828    ndcg@10 : 0.2185    hit@10 : 0.7084    precision@10 : 0.1485
Thu 26 Jan 2023 07:34:21 INFO  epoch 54 training [time: 4.59s, train_loss1: 7.7414, train_loss2: 1.7332]
Thu 26 Jan 2023 07:34:21 INFO  epoch 54 evaluating [time: 0.19s, valid_score: 0.384800]
Thu 26 Jan 2023 07:34:21 INFO  valid result: 
recall@10 : 0.1974    mrr@10 : 0.3848    ndcg@10 : 0.22    hit@10 : 0.7137    precision@10 : 0.1498
Thu 26 Jan 2023 07:34:22 INFO  Saving current: saved/KGAT-Jan-26-2023_07-29-44.pth
Thu 26 Jan 2023 07:34:26 INFO  epoch 55 training [time: 4.65s, train_loss1: 7.5914, train_loss2: 1.6780]
Thu 26 Jan 2023 07:34:26 INFO  epoch 55 evaluating [time: 0.19s, valid_score: 0.384900]
Thu 26 Jan 2023 07:34:26 INFO  valid result: 
recall@10 : 0.2019    mrr@10 : 0.3849    ndcg@10 : 0.2226    hit@10 : 0.7179    precision@10 : 0.1514
Thu 26 Jan 2023 07:34:26 INFO  Saving current: saved/KGAT-Jan-26-2023_07-29-44.pth
Thu 26 Jan 2023 07:34:31 INFO  epoch 56 training [time: 4.66s, train_loss1: 7.6176, train_loss2: 1.6850]
Thu 26 Jan 2023 07:34:31 INFO  epoch 56 evaluating [time: 0.19s, valid_score: 0.390500]
Thu 26 Jan 2023 07:34:31 INFO  valid result: 
recall@10 : 0.2025    mrr@10 : 0.3905    ndcg@10 : 0.2232    hit@10 : 0.7253    precision@10 : 0.1521
Thu 26 Jan 2023 07:34:31 INFO  Saving current: saved/KGAT-Jan-26-2023_07-29-44.pth
Thu 26 Jan 2023 07:34:36 INFO  epoch 57 training [time: 4.56s, train_loss1: 7.4102, train_loss2: 1.6257]
Thu 26 Jan 2023 07:34:36 INFO  epoch 57 evaluating [time: 0.19s, valid_score: 0.392400]
Thu 26 Jan 2023 07:34:36 INFO  valid result: 
recall@10 : 0.2041    mrr@10 : 0.3924    ndcg@10 : 0.2251    hit@10 : 0.7296    precision@10 : 0.1528
Thu 26 Jan 2023 07:34:36 INFO  Saving current: saved/KGAT-Jan-26-2023_07-29-44.pth
Thu 26 Jan 2023 07:34:41 INFO  epoch 58 training [time: 4.79s, train_loss1: 7.4603, train_loss2: 1.6474]
Thu 26 Jan 2023 07:34:41 INFO  epoch 58 evaluating [time: 0.19s, valid_score: 0.390200]
Thu 26 Jan 2023 07:34:41 INFO  valid result: 
recall@10 : 0.2016    mrr@10 : 0.3902    ndcg@10 : 0.2235    hit@10 : 0.7253    precision@10 : 0.1524
Thu 26 Jan 2023 07:34:46 INFO  epoch 59 training [time: 4.59s, train_loss1: 7.3418, train_loss2: 1.5999]
Thu 26 Jan 2023 07:34:46 INFO  epoch 59 evaluating [time: 0.21s, valid_score: 0.389300]
Thu 26 Jan 2023 07:34:46 INFO  valid result: 
recall@10 : 0.2023    mrr@10 : 0.3893    ndcg@10 : 0.2232    hit@10 : 0.7306    precision@10 : 0.1523
Thu 26 Jan 2023 07:34:51 INFO  epoch 60 training [time: 4.69s, train_loss1: 7.2664, train_loss2: 1.5777]
Thu 26 Jan 2023 07:34:51 INFO  epoch 60 evaluating [time: 0.20s, valid_score: 0.389400]
Thu 26 Jan 2023 07:34:51 INFO  valid result: 
recall@10 : 0.2021    mrr@10 : 0.3894    ndcg@10 : 0.2234    hit@10 : 0.7296    precision@10 : 0.1524
Thu 26 Jan 2023 07:34:56 INFO  epoch 61 training [time: 4.68s, train_loss1: 7.1244, train_loss2: 1.5718]
Thu 26 Jan 2023 07:34:56 INFO  epoch 61 evaluating [time: 0.19s, valid_score: 0.392600]
Thu 26 Jan 2023 07:34:56 INFO  valid result: 
recall@10 : 0.2041    mrr@10 : 0.3926    ndcg@10 : 0.2266    hit@10 : 0.7328    precision@10 : 0.1554
Thu 26 Jan 2023 07:34:56 INFO  Saving current: saved/KGAT-Jan-26-2023_07-29-44.pth
Thu 26 Jan 2023 07:35:00 INFO  epoch 62 training [time: 4.59s, train_loss1: 7.1120, train_loss2: 1.5372]
Thu 26 Jan 2023 07:35:01 INFO  epoch 62 evaluating [time: 0.19s, valid_score: 0.392400]
Thu 26 Jan 2023 07:35:01 INFO  valid result: 
recall@10 : 0.2056    mrr@10 : 0.3924    ndcg@10 : 0.2266    hit@10 : 0.7306    precision@10 : 0.1555
Thu 26 Jan 2023 07:35:05 INFO  epoch 63 training [time: 4.66s, train_loss1: 7.0654, train_loss2: 1.4873]
Thu 26 Jan 2023 07:35:05 INFO  epoch 63 evaluating [time: 0.19s, valid_score: 0.390700]
Thu 26 Jan 2023 07:35:05 INFO  valid result: 
recall@10 : 0.2078    mrr@10 : 0.3907    ndcg@10 : 0.2276    hit@10 : 0.7381    precision@10 : 0.1567
Thu 26 Jan 2023 07:35:10 INFO  epoch 64 training [time: 4.67s, train_loss1: 6.9444, train_loss2: 1.4557]
Thu 26 Jan 2023 07:35:10 INFO  epoch 64 evaluating [time: 0.19s, valid_score: 0.391200]
Thu 26 Jan 2023 07:35:10 INFO  valid result: 
recall@10 : 0.2084    mrr@10 : 0.3912    ndcg@10 : 0.2287    hit@10 : 0.7328    precision@10 : 0.1566
Thu 26 Jan 2023 07:35:15 INFO  epoch 65 training [time: 4.71s, train_loss1: 6.9828, train_loss2: 1.4618]
Thu 26 Jan 2023 07:35:15 INFO  epoch 65 evaluating [time: 0.19s, valid_score: 0.393900]
Thu 26 Jan 2023 07:35:15 INFO  valid result: 
recall@10 : 0.2091    mrr@10 : 0.3939    ndcg@10 : 0.23    hit@10 : 0.7349    precision@10 : 0.1568
Thu 26 Jan 2023 07:35:15 INFO  Saving current: saved/KGAT-Jan-26-2023_07-29-44.pth
Thu 26 Jan 2023 07:35:20 INFO  epoch 66 training [time: 4.96s, train_loss1: 6.9268, train_loss2: 1.4037]
Thu 26 Jan 2023 07:35:20 INFO  epoch 66 evaluating [time: 0.19s, valid_score: 0.392400]
Thu 26 Jan 2023 07:35:20 INFO  valid result: 
recall@10 : 0.2119    mrr@10 : 0.3924    ndcg@10 : 0.2318    hit@10 : 0.7349    precision@10 : 0.1592
Thu 26 Jan 2023 07:35:25 INFO  epoch 67 training [time: 4.63s, train_loss1: 6.8755, train_loss2: 1.4411]
Thu 26 Jan 2023 07:35:25 INFO  epoch 67 evaluating [time: 0.19s, valid_score: 0.390500]
Thu 26 Jan 2023 07:35:25 INFO  valid result: 
recall@10 : 0.2094    mrr@10 : 0.3905    ndcg@10 : 0.2299    hit@10 : 0.7381    precision@10 : 0.1574
Thu 26 Jan 2023 07:35:30 INFO  epoch 68 training [time: 4.70s, train_loss1: 6.7145, train_loss2: 1.3920]
Thu 26 Jan 2023 07:35:30 INFO  epoch 68 evaluating [time: 0.19s, valid_score: 0.391200]
Thu 26 Jan 2023 07:35:30 INFO  valid result: 
recall@10 : 0.2132    mrr@10 : 0.3912    ndcg@10 : 0.2316    hit@10 : 0.7444    precision@10 : 0.1586
Thu 26 Jan 2023 07:35:35 INFO  epoch 69 training [time: 4.57s, train_loss1: 6.6923, train_loss2: 1.4705]
Thu 26 Jan 2023 07:35:35 INFO  epoch 69 evaluating [time: 0.19s, valid_score: 0.388800]
Thu 26 Jan 2023 07:35:35 INFO  valid result: 
recall@10 : 0.2087    mrr@10 : 0.3888    ndcg@10 : 0.2277    hit@10 : 0.7359    precision@10 : 0.1559
Thu 26 Jan 2023 07:35:40 INFO  epoch 70 training [time: 4.71s, train_loss1: 6.6952, train_loss2: 1.3860]
Thu 26 Jan 2023 07:35:40 INFO  epoch 70 evaluating [time: 0.19s, valid_score: 0.387500]
Thu 26 Jan 2023 07:35:40 INFO  valid result: 
recall@10 : 0.2104    mrr@10 : 0.3875    ndcg@10 : 0.2293    hit@10 : 0.737    precision@10 : 0.1589
Thu 26 Jan 2023 07:35:44 INFO  epoch 71 training [time: 4.66s, train_loss1: 6.5990, train_loss2: 1.3575]
Thu 26 Jan 2023 07:35:45 INFO  epoch 71 evaluating [time: 0.19s, valid_score: 0.390000]
Thu 26 Jan 2023 07:35:45 INFO  valid result: 
recall@10 : 0.2113    mrr@10 : 0.39    ndcg@10 : 0.2302    hit@10 : 0.7413    precision@10 : 0.1582
Thu 26 Jan 2023 07:35:50 INFO  epoch 72 training [time: 5.07s, train_loss1: 6.5254, train_loss2: 1.3930]
Thu 26 Jan 2023 07:35:50 INFO  epoch 72 evaluating [time: 0.19s, valid_score: 0.383600]
Thu 26 Jan 2023 07:35:50 INFO  valid result: 
recall@10 : 0.211    mrr@10 : 0.3836    ndcg@10 : 0.228    hit@10 : 0.7402    precision@10 : 0.1574
Thu 26 Jan 2023 07:35:55 INFO  epoch 73 training [time: 4.73s, train_loss1: 6.5693, train_loss2: 1.3433]
Thu 26 Jan 2023 07:35:55 INFO  epoch 73 evaluating [time: 0.19s, valid_score: 0.389700]
Thu 26 Jan 2023 07:35:55 INFO  valid result: 
recall@10 : 0.2126    mrr@10 : 0.3897    ndcg@10 : 0.2306    hit@10 : 0.7476    precision@10 : 0.1594
Thu 26 Jan 2023 07:36:00 INFO  epoch 74 training [time: 5.13s, train_loss1: 6.4153, train_loss2: 1.3172]
Thu 26 Jan 2023 07:36:00 INFO  epoch 74 evaluating [time: 0.19s, valid_score: 0.389700]
Thu 26 Jan 2023 07:36:00 INFO  valid result: 
recall@10 : 0.212    mrr@10 : 0.3897    ndcg@10 : 0.2304    hit@10 : 0.7455    precision@10 : 0.1583
Thu 26 Jan 2023 07:36:05 INFO  epoch 75 training [time: 5.09s, train_loss1: 6.3236, train_loss2: 1.3227]
Thu 26 Jan 2023 07:36:05 INFO  epoch 75 evaluating [time: 0.20s, valid_score: 0.390800]
Thu 26 Jan 2023 07:36:05 INFO  valid result: 
recall@10 : 0.213    mrr@10 : 0.3908    ndcg@10 : 0.2317    hit@10 : 0.7434    precision@10 : 0.1582
Thu 26 Jan 2023 07:36:10 INFO  epoch 76 training [time: 4.68s, train_loss1: 6.2895, train_loss2: 1.2235]
Thu 26 Jan 2023 07:36:10 INFO  epoch 76 evaluating [time: 0.19s, valid_score: 0.387500]
Thu 26 Jan 2023 07:36:10 INFO  valid result: 
recall@10 : 0.2147    mrr@10 : 0.3875    ndcg@10 : 0.2317    hit@10 : 0.7455    precision@10 : 0.1584
Thu 26 Jan 2023 07:36:10 INFO  Finished training, best eval result in epoch 65
Thu 26 Jan 2023 07:36:10 INFO  Loading model structure and parameters from saved/KGAT-Jan-26-2023_07-29-44.pth
Thu 26 Jan 2023 07:36:11 INFO  best valid : OrderedDict([('recall@10', 0.2091), ('mrr@10', 0.3939), ('ndcg@10', 0.23), ('hit@10', 0.7349), ('precision@10', 0.1568)])
Thu 26 Jan 2023 07:36:11 INFO  test result: OrderedDict([('recall@10', 0.2411), ('mrr@10', 0.448), ('ndcg@10', 0.2776), ('hit@10', 0.7678), ('precision@10', 0.1923)])
