Wed 25 Jan 2023 23:24:01 INFO  ['recbole_test.py']
Wed 25 Jan 2023 23:24:01 INFO  
General Hyper Parameters:
gpu_id = 0
use_gpu = True
seed = 2020
state = INFO
reproducibility = True
data_path = /work/03/gu14/k36095/kgat_bai/recbole/config/../dataset_example/ml-100k
checkpoint_dir = saved
show_progress = True
save_dataset = True
dataset_save_path = None
save_dataloaders = False
dataloaders_save_path = None
log_wandb = False

Training Hyper Parameters:
epochs = 300
train_batch_size = 2048
learner = adam
learning_rate = 0.001
train_neg_sample_args = {'distribution': 'uniform', 'sample_num': 1, 'alpha': 1.0, 'dynamic': False, 'candidate_num': 0}
eval_step = 1
stopping_step = 10
clip_grad_norm = None
weight_decay = 0.0
loss_decimal_place = 4

Evaluation Hyper Parameters:
eval_args = {'split': {'RS': [0.8, 0.1, 0.1]}, 'group_by': 'user', 'order': 'RO', 'mode': 'full'}
repeatable = False
metrics = ['Recall', 'MRR', 'NDCG', 'Hit', 'Precision']
topk = [10]
valid_metric = MRR@10
valid_metric_bigger = True
eval_batch_size = 4096
metric_decimal_place = 4

Dataset Hyper Parameters:
field_separator = 	
seq_separator =  
USER_ID_FIELD = user_id
ITEM_ID_FIELD = item_id
RATING_FIELD = rating
TIME_FIELD = timestamp
seq_len = None
LABEL_FIELD = label
threshold = None
NEG_PREFIX = neg_
load_col = {'inter': ['user_id', 'item_id', 'rating', 'timestamp'], 'kg': ['head_id', 'relation_id', 'tail_id'], 'link': ['item_id', 'entity_id']}
unload_col = None
unused_col = None
additional_feat_suffix = None
rm_dup_inter = None
val_interval = None
filter_inter_by_user_or_item = True
user_inter_num_interval = None
item_inter_num_interval = None
alias_of_user_id = None
alias_of_item_id = None
alias_of_entity_id = None
alias_of_relation_id = None
preload_weight = None
normalize_field = None
normalize_all = True
ITEM_LIST_LENGTH_FIELD = item_length
LIST_SUFFIX = _list
MAX_ITEM_LIST_LENGTH = 50
POSITION_FIELD = position_id
HEAD_ENTITY_ID_FIELD = head_id
TAIL_ENTITY_ID_FIELD = tail_id
RELATION_ID_FIELD = relation_id
ENTITY_ID_FIELD = entity_id
kg_reverse_r = False
entity_kg_num_interval = [0,inf)
relation_kg_num_interval = [0,inf)
benchmark_filename = None

Other Hyper Parameters: 
worker = 0
wandb_project = recbole
shuffle = True
require_pow = False
enable_amp = False
enable_scaler = False
transform = None
embedding_size = 64
kg_embedding_size = 64
layers = [64]
mess_dropout = 0.1
reg_weight = 1e-05
aggregator_type = graphsage
numerical_features = []
discretization = None
MODEL_TYPE = ModelType.KNOWLEDGE
MODEL_INPUT_TYPE = InputType.PAIRWISE
eval_type = EvaluatorType.RANKING
single_spec = True
local_rank = 0
device = cpu
eval_neg_sample_args = {'distribution': 'uniform', 'sample_num': 'none'}


Wed 25 Jan 2023 23:24:02 INFO  Saving filtered dataset into [saved/ml-100k-dataset.pth]
Wed 25 Jan 2023 23:24:02 INFO  ml-100k
The number of users: 944
Average actions of users: 103.4506892895016
The number of items: 1599
Average actions of items: 61.04755944931164
The number of inters: 97554
The sparsity of the dataset: 93.53714185772888%
Remain Fields: ['entity_id', 'user_id', 'item_id', 'rating', 'timestamp', 'head_id', 'relation_id', 'tail_id']
The number of entities: 34629
The number of relations: 26
The number of triples: 91631
The number of items that have been linked to KG: 1598
Wed 25 Jan 2023 23:24:03 INFO  [Training]: train_batch_size = [2048] train_neg_sample_args: [{'distribution': 'uniform', 'sample_num': 1, 'alpha': 1.0, 'dynamic': False, 'candidate_num': 0}]
Wed 25 Jan 2023 23:24:03 INFO  [Evaluation]: eval_batch_size = [4096] eval_args: [{'split': {'RS': [0.8, 0.1, 0.1]}, 'group_by': 'user', 'order': 'RO', 'mode': 'full'}]
Wed 25 Jan 2023 23:24:04 INFO  KGAT(
  (user_embedding): Embedding(944, 64)
  (entity_embedding): Embedding(34629, 64)
  (relation_embedding): Embedding(26, 64)
  (trans_w): Embedding(26, 4096)
  (aggregator_layers): ModuleList(
    (0): Aggregator(
      (message_dropout): Dropout(p=0.1, inplace=False)
      (W): Linear(in_features=128, out_features=64, bias=True)
      (activation): LeakyReLU(negative_slope=0.01)
    )
  )
  (tanh): Tanh()
  (mf_loss): BPRLoss()
  (reg_loss): EmbLoss()
)
Trainable parameters: 2393088
Wed 25 Jan 2023 23:24:05 INFO  FLOPs: 291414016.0
Wed 25 Jan 2023 23:24:10 INFO  epoch 0 training [time: 5.47s, train_loss1: 23.7237, train_loss2: 29.5182]
Wed 25 Jan 2023 23:24:10 INFO  epoch 0 evaluating [time: 0.20s, valid_score: 0.070000]
Wed 25 Jan 2023 23:24:10 INFO  valid result: 
recall@10 : 0.0238    mrr@10 : 0.07    ndcg@10 : 0.0302    hit@10 : 0.1951    precision@10 : 0.0251
Wed 25 Jan 2023 23:24:11 INFO  Saving current: saved/KGAT-Jan-25-2023_23-24-05.pth
Wed 25 Jan 2023 23:24:15 INFO  epoch 1 training [time: 4.51s, train_loss1: 19.7571, train_loss2: 18.8393]
Wed 25 Jan 2023 23:24:15 INFO  epoch 1 evaluating [time: 0.23s, valid_score: 0.161900]
Wed 25 Jan 2023 23:24:15 INFO  valid result: 
recall@10 : 0.0612    mrr@10 : 0.1619    ndcg@10 : 0.0777    hit@10 : 0.3871    precision@10 : 0.0626
Wed 25 Jan 2023 23:24:15 INFO  Saving current: saved/KGAT-Jan-25-2023_23-24-05.pth
Wed 25 Jan 2023 23:24:20 INFO  epoch 2 training [time: 4.58s, train_loss1: 17.3150, train_loss2: 12.6090]
Wed 25 Jan 2023 23:24:20 INFO  epoch 2 evaluating [time: 0.20s, valid_score: 0.127900]
Wed 25 Jan 2023 23:24:20 INFO  valid result: 
recall@10 : 0.0583    mrr@10 : 0.1279    ndcg@10 : 0.0662    hit@10 : 0.369    precision@10 : 0.0543
Wed 25 Jan 2023 23:24:25 INFO  epoch 3 training [time: 4.37s, train_loss1: 16.6747, train_loss2: 10.3146]
Wed 25 Jan 2023 23:24:25 INFO  epoch 3 evaluating [time: 0.21s, valid_score: 0.155900]
Wed 25 Jan 2023 23:24:25 INFO  valid result: 
recall@10 : 0.0772    mrr@10 : 0.1559    ndcg@10 : 0.0832    hit@10 : 0.4093    precision@10 : 0.0666
Wed 25 Jan 2023 23:24:29 INFO  epoch 4 training [time: 4.23s, train_loss1: 16.5128, train_loss2: 9.0213]
Wed 25 Jan 2023 23:24:29 INFO  epoch 4 evaluating [time: 0.20s, valid_score: 0.196300]
Wed 25 Jan 2023 23:24:29 INFO  valid result: 
recall@10 : 0.093    mrr@10 : 0.1963    ndcg@10 : 0.1004    hit@10 : 0.4571    precision@10 : 0.0756
Wed 25 Jan 2023 23:24:29 INFO  Saving current: saved/KGAT-Jan-25-2023_23-24-05.pth
Wed 25 Jan 2023 23:24:33 INFO  epoch 5 training [time: 4.20s, train_loss1: 16.3424, train_loss2: 8.2768]
Wed 25 Jan 2023 23:24:34 INFO  epoch 5 evaluating [time: 0.19s, valid_score: 0.213200]
Wed 25 Jan 2023 23:24:34 INFO  valid result: 
recall@10 : 0.112    mrr@10 : 0.2132    ndcg@10 : 0.1135    hit@10 : 0.5005    precision@10 : 0.0823
Wed 25 Jan 2023 23:24:34 INFO  Saving current: saved/KGAT-Jan-25-2023_23-24-05.pth
Wed 25 Jan 2023 23:24:38 INFO  epoch 6 training [time: 4.19s, train_loss1: 16.1577, train_loss2: 7.8547]
Wed 25 Jan 2023 23:24:38 INFO  epoch 6 evaluating [time: 0.19s, valid_score: 0.236500]
Wed 25 Jan 2023 23:24:38 INFO  valid result: 
recall@10 : 0.1208    mrr@10 : 0.2365    ndcg@10 : 0.1252    hit@10 : 0.5334    precision@10 : 0.0887
Wed 25 Jan 2023 23:24:38 INFO  Saving current: saved/KGAT-Jan-25-2023_23-24-05.pth
Wed 25 Jan 2023 23:24:42 INFO  epoch 7 training [time: 4.21s, train_loss1: 16.0319, train_loss2: 7.4593]
Wed 25 Jan 2023 23:24:43 INFO  epoch 7 evaluating [time: 0.19s, valid_score: 0.227000]
Wed 25 Jan 2023 23:24:43 INFO  valid result: 
recall@10 : 0.1249    mrr@10 : 0.227    ndcg@10 : 0.1274    hit@10 : 0.5387    precision@10 : 0.0941
Wed 25 Jan 2023 23:24:47 INFO  epoch 8 training [time: 4.27s, train_loss1: 15.8399, train_loss2: 7.1272]
Wed 25 Jan 2023 23:24:47 INFO  epoch 8 evaluating [time: 0.20s, valid_score: 0.233000]
Wed 25 Jan 2023 23:24:47 INFO  valid result: 
recall@10 : 0.1283    mrr@10 : 0.233    ndcg@10 : 0.1306    hit@10 : 0.5398    precision@10 : 0.0953
Wed 25 Jan 2023 23:24:51 INFO  epoch 9 training [time: 4.21s, train_loss1: 15.5939, train_loss2: 6.8833]
Wed 25 Jan 2023 23:24:51 INFO  epoch 9 evaluating [time: 0.19s, valid_score: 0.229900]
Wed 25 Jan 2023 23:24:51 INFO  valid result: 
recall@10 : 0.1299    mrr@10 : 0.2299    ndcg@10 : 0.1324    hit@10 : 0.5589    precision@10 : 0.1001
Wed 25 Jan 2023 23:24:56 INFO  epoch 10 training [time: 4.32s, train_loss1: 15.3201, train_loss2: 6.5226]
Wed 25 Jan 2023 23:24:56 INFO  epoch 10 evaluating [time: 0.19s, valid_score: 0.247800]
Wed 25 Jan 2023 23:24:56 INFO  valid result: 
recall@10 : 0.1352    mrr@10 : 0.2478    ndcg@10 : 0.1412    hit@10 : 0.5748    precision@10 : 0.105
Wed 25 Jan 2023 23:24:56 INFO  Saving current: saved/KGAT-Jan-25-2023_23-24-05.pth
Wed 25 Jan 2023 23:25:00 INFO  epoch 11 training [time: 3.91s, train_loss1: 14.9998, train_loss2: 6.3155]
Wed 25 Jan 2023 23:25:00 INFO  epoch 11 evaluating [time: 0.21s, valid_score: 0.256900]
Wed 25 Jan 2023 23:25:00 INFO  valid result: 
recall@10 : 0.143    mrr@10 : 0.2569    ndcg@10 : 0.1478    hit@10 : 0.5928    precision@10 : 0.1086
Wed 25 Jan 2023 23:25:00 INFO  Saving current: saved/KGAT-Jan-25-2023_23-24-05.pth
Wed 25 Jan 2023 23:25:04 INFO  epoch 12 training [time: 4.19s, train_loss1: 14.7817, train_loss2: 5.8484]
Wed 25 Jan 2023 23:25:05 INFO  epoch 12 evaluating [time: 0.19s, valid_score: 0.263000]
Wed 25 Jan 2023 23:25:05 INFO  valid result: 
recall@10 : 0.1461    mrr@10 : 0.263    ndcg@10 : 0.152    hit@10 : 0.6023    precision@10 : 0.112
Wed 25 Jan 2023 23:25:05 INFO  Saving current: saved/KGAT-Jan-25-2023_23-24-05.pth
Wed 25 Jan 2023 23:25:09 INFO  epoch 13 training [time: 4.13s, train_loss1: 14.4258, train_loss2: 5.4392]
Wed 25 Jan 2023 23:25:09 INFO  epoch 13 evaluating [time: 0.19s, valid_score: 0.265300]
Wed 25 Jan 2023 23:25:09 INFO  valid result: 
recall@10 : 0.1499    mrr@10 : 0.2653    ndcg@10 : 0.1559    hit@10 : 0.5992    precision@10 : 0.1138
Wed 25 Jan 2023 23:25:09 INFO  Saving current: saved/KGAT-Jan-25-2023_23-24-05.pth
Wed 25 Jan 2023 23:25:13 INFO  epoch 14 training [time: 4.26s, train_loss1: 14.0419, train_loss2: 5.1558]
Wed 25 Jan 2023 23:25:14 INFO  epoch 14 evaluating [time: 0.19s, valid_score: 0.283000]
Wed 25 Jan 2023 23:25:14 INFO  valid result: 
recall@10 : 0.1566    mrr@10 : 0.283    ndcg@10 : 0.1627    hit@10 : 0.6204    precision@10 : 0.1166
Wed 25 Jan 2023 23:25:14 INFO  Saving current: saved/KGAT-Jan-25-2023_23-24-05.pth
Wed 25 Jan 2023 23:25:18 INFO  epoch 15 training [time: 4.24s, train_loss1: 13.7514, train_loss2: 5.0115]
Wed 25 Jan 2023 23:25:18 INFO  epoch 15 evaluating [time: 0.19s, valid_score: 0.278400]
Wed 25 Jan 2023 23:25:18 INFO  valid result: 
recall@10 : 0.1589    mrr@10 : 0.2784    ndcg@10 : 0.1638    hit@10 : 0.6225    precision@10 : 0.1185
Wed 25 Jan 2023 23:25:22 INFO  epoch 16 training [time: 3.73s, train_loss1: 13.3893, train_loss2: 4.7578]
Wed 25 Jan 2023 23:25:22 INFO  epoch 16 evaluating [time: 0.24s, valid_score: 0.285300]
Wed 25 Jan 2023 23:25:22 INFO  valid result: 
recall@10 : 0.159    mrr@10 : 0.2853    ndcg@10 : 0.1675    hit@10 : 0.6257    precision@10 : 0.1214
Wed 25 Jan 2023 23:25:22 INFO  Saving current: saved/KGAT-Jan-25-2023_23-24-05.pth
Wed 25 Jan 2023 23:25:26 INFO  epoch 17 training [time: 4.25s, train_loss1: 13.0324, train_loss2: 4.5752]
Wed 25 Jan 2023 23:25:27 INFO  epoch 17 evaluating [time: 0.19s, valid_score: 0.300000]
Wed 25 Jan 2023 23:25:27 INFO  valid result: 
recall@10 : 0.1611    mrr@10 : 0.3    ndcg@10 : 0.173    hit@10 : 0.6235    precision@10 : 0.1227
Wed 25 Jan 2023 23:25:27 INFO  Saving current: saved/KGAT-Jan-25-2023_23-24-05.pth
Wed 25 Jan 2023 23:25:31 INFO  epoch 18 training [time: 4.28s, train_loss1: 12.6090, train_loss2: 4.3414]
Wed 25 Jan 2023 23:25:31 INFO  epoch 18 evaluating [time: 0.19s, valid_score: 0.306600]
Wed 25 Jan 2023 23:25:31 INFO  valid result: 
recall@10 : 0.1625    mrr@10 : 0.3066    ndcg@10 : 0.1748    hit@10 : 0.632    precision@10 : 0.1231
Wed 25 Jan 2023 23:25:31 INFO  Saving current: saved/KGAT-Jan-25-2023_23-24-05.pth
Wed 25 Jan 2023 23:25:35 INFO  epoch 19 training [time: 4.20s, train_loss1: 12.3464, train_loss2: 4.3113]
Wed 25 Jan 2023 23:25:36 INFO  epoch 19 evaluating [time: 0.19s, valid_score: 0.317200]
Wed 25 Jan 2023 23:25:36 INFO  valid result: 
recall@10 : 0.1696    mrr@10 : 0.3172    ndcg@10 : 0.1821    hit@10 : 0.6469    precision@10 : 0.1281
Wed 25 Jan 2023 23:25:36 INFO  Saving current: saved/KGAT-Jan-25-2023_23-24-05.pth
Wed 25 Jan 2023 23:25:40 INFO  epoch 20 training [time: 4.19s, train_loss1: 12.0566, train_loss2: 4.1982]
Wed 25 Jan 2023 23:25:40 INFO  epoch 20 evaluating [time: 0.19s, valid_score: 0.324400]
Wed 25 Jan 2023 23:25:40 INFO  valid result: 
recall@10 : 0.1726    mrr@10 : 0.3244    ndcg@10 : 0.1861    hit@10 : 0.6532    precision@10 : 0.1295
Wed 25 Jan 2023 23:25:40 INFO  Saving current: saved/KGAT-Jan-25-2023_23-24-05.pth
Wed 25 Jan 2023 23:25:44 INFO  epoch 21 training [time: 4.21s, train_loss1: 11.7365, train_loss2: 4.0272]
Wed 25 Jan 2023 23:25:44 INFO  epoch 21 evaluating [time: 0.19s, valid_score: 0.333500]
Wed 25 Jan 2023 23:25:44 INFO  valid result: 
recall@10 : 0.1728    mrr@10 : 0.3335    ndcg@10 : 0.1897    hit@10 : 0.6649    precision@10 : 0.1321
Wed 25 Jan 2023 23:25:45 INFO  Saving current: saved/KGAT-Jan-25-2023_23-24-05.pth
Wed 25 Jan 2023 23:25:49 INFO  epoch 22 training [time: 4.19s, train_loss1: 11.5164, train_loss2: 3.8797]
Wed 25 Jan 2023 23:25:49 INFO  epoch 22 evaluating [time: 0.19s, valid_score: 0.339500]
Wed 25 Jan 2023 23:25:49 INFO  valid result: 
recall@10 : 0.1713    mrr@10 : 0.3395    ndcg@10 : 0.1912    hit@10 : 0.6638    precision@10 : 0.1321
Wed 25 Jan 2023 23:25:49 INFO  Saving current: saved/KGAT-Jan-25-2023_23-24-05.pth
Wed 25 Jan 2023 23:25:53 INFO  epoch 23 training [time: 4.29s, train_loss1: 11.2092, train_loss2: 3.7745]
Wed 25 Jan 2023 23:25:53 INFO  epoch 23 evaluating [time: 0.19s, valid_score: 0.342600]
Wed 25 Jan 2023 23:25:53 INFO  valid result: 
recall@10 : 0.1752    mrr@10 : 0.3426    ndcg@10 : 0.1942    hit@10 : 0.6702    precision@10 : 0.1347
Wed 25 Jan 2023 23:25:54 INFO  Saving current: saved/KGAT-Jan-25-2023_23-24-05.pth
Wed 25 Jan 2023 23:25:58 INFO  epoch 24 training [time: 4.60s, train_loss1: 10.9862, train_loss2: 3.6402]
Wed 25 Jan 2023 23:25:58 INFO  epoch 24 evaluating [time: 0.19s, valid_score: 0.344200]
Wed 25 Jan 2023 23:25:58 INFO  valid result: 
recall@10 : 0.1772    mrr@10 : 0.3442    ndcg@10 : 0.1954    hit@10 : 0.6755    precision@10 : 0.1353
Wed 25 Jan 2023 23:25:58 INFO  Saving current: saved/KGAT-Jan-25-2023_23-24-05.pth
Wed 25 Jan 2023 23:26:03 INFO  epoch 25 training [time: 5.06s, train_loss1: 10.8179, train_loss2: 3.6425]
Wed 25 Jan 2023 23:26:04 INFO  epoch 25 evaluating [time: 0.19s, valid_score: 0.353000]
Wed 25 Jan 2023 23:26:04 INFO  valid result: 
recall@10 : 0.1783    mrr@10 : 0.353    ndcg@10 : 0.1981    hit@10 : 0.6766    precision@10 : 0.1363
Wed 25 Jan 2023 23:26:04 INFO  Saving current: saved/KGAT-Jan-25-2023_23-24-05.pth
Wed 25 Jan 2023 23:26:08 INFO  epoch 26 training [time: 4.22s, train_loss1: 10.5882, train_loss2: 3.6343]
Wed 25 Jan 2023 23:26:08 INFO  epoch 26 evaluating [time: 0.19s, valid_score: 0.347300]
Wed 25 Jan 2023 23:26:08 INFO  valid result: 
recall@10 : 0.1777    mrr@10 : 0.3473    ndcg@10 : 0.1982    hit@10 : 0.666    precision@10 : 0.1378
Wed 25 Jan 2023 23:26:12 INFO  epoch 27 training [time: 4.32s, train_loss1: 10.3319, train_loss2: 3.3365]
Wed 25 Jan 2023 23:26:13 INFO  epoch 27 evaluating [time: 0.19s, valid_score: 0.351400]
Wed 25 Jan 2023 23:26:13 INFO  valid result: 
recall@10 : 0.1762    mrr@10 : 0.3514    ndcg@10 : 0.1985    hit@10 : 0.6702    precision@10 : 0.1365
Wed 25 Jan 2023 23:26:17 INFO  epoch 28 training [time: 3.95s, train_loss1: 10.3103, train_loss2: 3.2371]
Wed 25 Jan 2023 23:26:17 INFO  epoch 28 evaluating [time: 0.19s, valid_score: 0.353400]
Wed 25 Jan 2023 23:26:17 INFO  valid result: 
recall@10 : 0.178    mrr@10 : 0.3534    ndcg@10 : 0.1997    hit@10 : 0.6713    precision@10 : 0.1371
Wed 25 Jan 2023 23:26:17 INFO  Saving current: saved/KGAT-Jan-25-2023_23-24-05.pth
Wed 25 Jan 2023 23:26:21 INFO  epoch 29 training [time: 4.12s, train_loss1: 10.0753, train_loss2: 3.1196]
Wed 25 Jan 2023 23:26:21 INFO  epoch 29 evaluating [time: 0.19s, valid_score: 0.352900]
Wed 25 Jan 2023 23:26:21 INFO  valid result: 
recall@10 : 0.1812    mrr@10 : 0.3529    ndcg@10 : 0.2012    hit@10 : 0.6776    precision@10 : 0.1387
Wed 25 Jan 2023 23:26:25 INFO  epoch 30 training [time: 4.10s, train_loss1: 9.9292, train_loss2: 3.0206]
Wed 25 Jan 2023 23:26:25 INFO  epoch 30 evaluating [time: 0.19s, valid_score: 0.354600]
Wed 25 Jan 2023 23:26:25 INFO  valid result: 
recall@10 : 0.1837    mrr@10 : 0.3546    ndcg@10 : 0.203    hit@10 : 0.6829    precision@10 : 0.1396
Wed 25 Jan 2023 23:26:25 INFO  Saving current: saved/KGAT-Jan-25-2023_23-24-05.pth
Wed 25 Jan 2023 23:26:29 INFO  epoch 31 training [time: 3.95s, train_loss1: 9.8501, train_loss2: 2.9254]
Wed 25 Jan 2023 23:26:30 INFO  epoch 31 evaluating [time: 0.19s, valid_score: 0.354800]
Wed 25 Jan 2023 23:26:30 INFO  valid result: 
recall@10 : 0.181    mrr@10 : 0.3548    ndcg@10 : 0.2024    hit@10 : 0.6808    precision@10 : 0.1388
Wed 25 Jan 2023 23:26:30 INFO  Saving current: saved/KGAT-Jan-25-2023_23-24-05.pth
Wed 25 Jan 2023 23:26:34 INFO  epoch 32 training [time: 4.61s, train_loss1: 9.6605, train_loss2: 2.8352]
Wed 25 Jan 2023 23:26:35 INFO  epoch 32 evaluating [time: 0.19s, valid_score: 0.356700]
Wed 25 Jan 2023 23:26:35 INFO  valid result: 
recall@10 : 0.1816    mrr@10 : 0.3567    ndcg@10 : 0.2038    hit@10 : 0.6787    precision@10 : 0.1393
Wed 25 Jan 2023 23:26:35 INFO  Saving current: saved/KGAT-Jan-25-2023_23-24-05.pth
Wed 25 Jan 2023 23:26:38 INFO  epoch 33 training [time: 3.88s, train_loss1: 9.6166, train_loss2: 2.7399]
Wed 25 Jan 2023 23:26:39 INFO  epoch 33 evaluating [time: 0.19s, valid_score: 0.360200]
Wed 25 Jan 2023 23:26:39 INFO  valid result: 
recall@10 : 0.1851    mrr@10 : 0.3602    ndcg@10 : 0.2068    hit@10 : 0.6787    precision@10 : 0.1423
Wed 25 Jan 2023 23:26:39 INFO  Saving current: saved/KGAT-Jan-25-2023_23-24-05.pth
Wed 25 Jan 2023 23:26:43 INFO  epoch 34 training [time: 4.23s, train_loss1: 9.4525, train_loss2: 2.5626]
Wed 25 Jan 2023 23:26:43 INFO  epoch 34 evaluating [time: 0.21s, valid_score: 0.361200]
Wed 25 Jan 2023 23:26:43 INFO  valid result: 
recall@10 : 0.1824    mrr@10 : 0.3612    ndcg@10 : 0.205    hit@10 : 0.6808    precision@10 : 0.1402
Wed 25 Jan 2023 23:26:43 INFO  Saving current: saved/KGAT-Jan-25-2023_23-24-05.pth
Wed 25 Jan 2023 23:26:47 INFO  epoch 35 training [time: 4.24s, train_loss1: 9.5135, train_loss2: 2.5703]
Wed 25 Jan 2023 23:26:48 INFO  epoch 35 evaluating [time: 0.19s, valid_score: 0.363100]
Wed 25 Jan 2023 23:26:48 INFO  valid result: 
recall@10 : 0.1841    mrr@10 : 0.3631    ndcg@10 : 0.207    hit@10 : 0.6797    precision@10 : 0.1408
Wed 25 Jan 2023 23:26:48 INFO  Saving current: saved/KGAT-Jan-25-2023_23-24-05.pth
Wed 25 Jan 2023 23:26:52 INFO  epoch 36 training [time: 4.25s, train_loss1: 9.2074, train_loss2: 2.4728]
Wed 25 Jan 2023 23:26:52 INFO  epoch 36 evaluating [time: 0.20s, valid_score: 0.362000]
Wed 25 Jan 2023 23:26:52 INFO  valid result: 
recall@10 : 0.1871    mrr@10 : 0.362    ndcg@10 : 0.2072    hit@10 : 0.6914    precision@10 : 0.1423
Wed 25 Jan 2023 23:26:56 INFO  epoch 37 training [time: 4.21s, train_loss1: 9.1785, train_loss2: 2.3937]
Wed 25 Jan 2023 23:26:57 INFO  epoch 37 evaluating [time: 0.19s, valid_score: 0.361000]
Wed 25 Jan 2023 23:26:57 INFO  valid result: 
recall@10 : 0.1846    mrr@10 : 0.361    ndcg@10 : 0.206    hit@10 : 0.6723    precision@10 : 0.1415
Wed 25 Jan 2023 23:27:01 INFO  epoch 38 training [time: 4.01s, train_loss1: 9.2129, train_loss2: 2.3277]
Wed 25 Jan 2023 23:27:01 INFO  epoch 38 evaluating [time: 0.19s, valid_score: 0.362900]
Wed 25 Jan 2023 23:27:01 INFO  valid result: 
recall@10 : 0.1856    mrr@10 : 0.3629    ndcg@10 : 0.2071    hit@10 : 0.684    precision@10 : 0.1421
Wed 25 Jan 2023 23:27:05 INFO  epoch 39 training [time: 4.17s, train_loss1: 9.0186, train_loss2: 2.2895]
Wed 25 Jan 2023 23:27:05 INFO  epoch 39 evaluating [time: 0.19s, valid_score: 0.367600]
Wed 25 Jan 2023 23:27:05 INFO  valid result: 
recall@10 : 0.1888    mrr@10 : 0.3676    ndcg@10 : 0.2093    hit@10 : 0.6925    precision@10 : 0.1429
Wed 25 Jan 2023 23:27:05 INFO  Saving current: saved/KGAT-Jan-25-2023_23-24-05.pth
Wed 25 Jan 2023 23:27:09 INFO  epoch 40 training [time: 4.23s, train_loss1: 8.9606, train_loss2: 2.2430]
Wed 25 Jan 2023 23:27:10 INFO  epoch 40 evaluating [time: 0.19s, valid_score: 0.369200]
Wed 25 Jan 2023 23:27:10 INFO  valid result: 
recall@10 : 0.1908    mrr@10 : 0.3692    ndcg@10 : 0.2111    hit@10 : 0.6925    precision@10 : 0.1443
Wed 25 Jan 2023 23:27:10 INFO  Saving current: saved/KGAT-Jan-25-2023_23-24-05.pth
Wed 25 Jan 2023 23:27:14 INFO  epoch 41 training [time: 4.39s, train_loss1: 8.8285, train_loss2: 2.1398]
Wed 25 Jan 2023 23:27:14 INFO  epoch 41 evaluating [time: 0.19s, valid_score: 0.372200]
Wed 25 Jan 2023 23:27:14 INFO  valid result: 
recall@10 : 0.1896    mrr@10 : 0.3722    ndcg@10 : 0.2112    hit@10 : 0.6967    precision@10 : 0.1444
Wed 25 Jan 2023 23:27:14 INFO  Saving current: saved/KGAT-Jan-25-2023_23-24-05.pth
Wed 25 Jan 2023 23:27:19 INFO  epoch 42 training [time: 4.18s, train_loss1: 8.7262, train_loss2: 2.1113]
Wed 25 Jan 2023 23:27:19 INFO  epoch 42 evaluating [time: 0.19s, valid_score: 0.370300]
Wed 25 Jan 2023 23:27:19 INFO  valid result: 
recall@10 : 0.189    mrr@10 : 0.3703    ndcg@10 : 0.2111    hit@10 : 0.6967    precision@10 : 0.1457
Wed 25 Jan 2023 23:27:23 INFO  epoch 43 training [time: 3.89s, train_loss1: 8.6641, train_loss2: 2.0947]
Wed 25 Jan 2023 23:27:23 INFO  epoch 43 evaluating [time: 0.19s, valid_score: 0.372200]
Wed 25 Jan 2023 23:27:23 INFO  valid result: 
recall@10 : 0.1872    mrr@10 : 0.3722    ndcg@10 : 0.2106    hit@10 : 0.6988    precision@10 : 0.145
Wed 25 Jan 2023 23:27:23 INFO  Saving current: saved/KGAT-Jan-25-2023_23-24-05.pth
Wed 25 Jan 2023 23:27:27 INFO  epoch 44 training [time: 4.22s, train_loss1: 8.4724, train_loss2: 2.0828]
Wed 25 Jan 2023 23:27:27 INFO  epoch 44 evaluating [time: 0.19s, valid_score: 0.376400]
Wed 25 Jan 2023 23:27:27 INFO  valid result: 
recall@10 : 0.1885    mrr@10 : 0.3764    ndcg@10 : 0.2134    hit@10 : 0.6978    precision@10 : 0.1469
Wed 25 Jan 2023 23:27:27 INFO  Saving current: saved/KGAT-Jan-25-2023_23-24-05.pth
Wed 25 Jan 2023 23:27:32 INFO  epoch 45 training [time: 4.22s, train_loss1: 8.4727, train_loss2: 2.0174]
Wed 25 Jan 2023 23:27:32 INFO  epoch 45 evaluating [time: 0.19s, valid_score: 0.373300]
Wed 25 Jan 2023 23:27:32 INFO  valid result: 
recall@10 : 0.1917    mrr@10 : 0.3733    ndcg@10 : 0.2149    hit@10 : 0.7052    precision@10 : 0.1489
Wed 25 Jan 2023 23:27:36 INFO  epoch 46 training [time: 4.27s, train_loss1: 8.2953, train_loss2: 1.9899]
Wed 25 Jan 2023 23:27:36 INFO  epoch 46 evaluating [time: 0.21s, valid_score: 0.377200]
Wed 25 Jan 2023 23:27:36 INFO  valid result: 
recall@10 : 0.1923    mrr@10 : 0.3772    ndcg@10 : 0.2161    hit@10 : 0.7041    precision@10 : 0.1486
Wed 25 Jan 2023 23:27:36 INFO  Saving current: saved/KGAT-Jan-25-2023_23-24-05.pth
Wed 25 Jan 2023 23:27:41 INFO  epoch 47 training [time: 4.37s, train_loss1: 8.2871, train_loss2: 1.9094]
Wed 25 Jan 2023 23:27:41 INFO  epoch 47 evaluating [time: 0.19s, valid_score: 0.374700]
Wed 25 Jan 2023 23:27:41 INFO  valid result: 
recall@10 : 0.1949    mrr@10 : 0.3747    ndcg@10 : 0.2162    hit@10 : 0.7105    precision@10 : 0.1488
Wed 25 Jan 2023 23:27:45 INFO  epoch 48 training [time: 4.42s, train_loss1: 8.1314, train_loss2: 1.8826]
Wed 25 Jan 2023 23:27:45 INFO  epoch 48 evaluating [time: 0.19s, valid_score: 0.381000]
Wed 25 Jan 2023 23:27:45 INFO  valid result: 
recall@10 : 0.195    mrr@10 : 0.381    ndcg@10 : 0.2183    hit@10 : 0.7041    precision@10 : 0.1496
Wed 25 Jan 2023 23:27:46 INFO  Saving current: saved/KGAT-Jan-25-2023_23-24-05.pth
Wed 25 Jan 2023 23:27:50 INFO  epoch 49 training [time: 4.26s, train_loss1: 8.1448, train_loss2: 1.8781]
Wed 25 Jan 2023 23:27:50 INFO  epoch 49 evaluating [time: 0.19s, valid_score: 0.385300]
Wed 25 Jan 2023 23:27:50 INFO  valid result: 
recall@10 : 0.1975    mrr@10 : 0.3853    ndcg@10 : 0.2206    hit@10 : 0.7158    precision@10 : 0.1504
Wed 25 Jan 2023 23:27:50 INFO  Saving current: saved/KGAT-Jan-25-2023_23-24-05.pth
Wed 25 Jan 2023 23:27:54 INFO  epoch 50 training [time: 4.26s, train_loss1: 8.0389, train_loss2: 1.8467]
Wed 25 Jan 2023 23:27:55 INFO  epoch 50 evaluating [time: 0.19s, valid_score: 0.384000]
Wed 25 Jan 2023 23:27:55 INFO  valid result: 
recall@10 : 0.1978    mrr@10 : 0.384    ndcg@10 : 0.2206    hit@10 : 0.72    precision@10 : 0.1506
Wed 25 Jan 2023 23:27:59 INFO  epoch 51 training [time: 4.18s, train_loss1: 7.8844, train_loss2: 1.8646]
Wed 25 Jan 2023 23:27:59 INFO  epoch 51 evaluating [time: 0.19s, valid_score: 0.384400]
Wed 25 Jan 2023 23:27:59 INFO  valid result: 
recall@10 : 0.197    mrr@10 : 0.3844    ndcg@10 : 0.2207    hit@10 : 0.7179    precision@10 : 0.1509
Wed 25 Jan 2023 23:28:03 INFO  epoch 52 training [time: 4.17s, train_loss1: 7.8074, train_loss2: 1.7716]
Wed 25 Jan 2023 23:28:03 INFO  epoch 52 evaluating [time: 0.19s, valid_score: 0.385200]
Wed 25 Jan 2023 23:28:03 INFO  valid result: 
recall@10 : 0.1992    mrr@10 : 0.3852    ndcg@10 : 0.2217    hit@10 : 0.7222    precision@10 : 0.1512
Wed 25 Jan 2023 23:28:07 INFO  epoch 53 training [time: 4.17s, train_loss1: 7.6669, train_loss2: 1.7317]
Wed 25 Jan 2023 23:28:08 INFO  epoch 53 evaluating [time: 0.19s, valid_score: 0.389800]
Wed 25 Jan 2023 23:28:08 INFO  valid result: 
recall@10 : 0.1989    mrr@10 : 0.3898    ndcg@10 : 0.2224    hit@10 : 0.7232    precision@10 : 0.1515
Wed 25 Jan 2023 23:28:08 INFO  Saving current: saved/KGAT-Jan-25-2023_23-24-05.pth
Wed 25 Jan 2023 23:28:12 INFO  epoch 54 training [time: 4.25s, train_loss1: 7.7000, train_loss2: 1.7225]
Wed 25 Jan 2023 23:28:12 INFO  epoch 54 evaluating [time: 0.19s, valid_score: 0.388700]
Wed 25 Jan 2023 23:28:12 INFO  valid result: 
recall@10 : 0.2    mrr@10 : 0.3887    ndcg@10 : 0.2223    hit@10 : 0.7222    precision@10 : 0.1513
Wed 25 Jan 2023 23:28:16 INFO  epoch 55 training [time: 4.16s, train_loss1: 7.5533, train_loss2: 1.6620]
Wed 25 Jan 2023 23:28:16 INFO  epoch 55 evaluating [time: 0.19s, valid_score: 0.384400]
Wed 25 Jan 2023 23:28:16 INFO  valid result: 
recall@10 : 0.2052    mrr@10 : 0.3844    ndcg@10 : 0.2244    hit@10 : 0.7296    precision@10 : 0.1539
Wed 25 Jan 2023 23:28:21 INFO  epoch 56 training [time: 4.19s, train_loss1: 7.5732, train_loss2: 1.6759]
Wed 25 Jan 2023 23:28:21 INFO  epoch 56 evaluating [time: 0.19s, valid_score: 0.389500]
Wed 25 Jan 2023 23:28:21 INFO  valid result: 
recall@10 : 0.2038    mrr@10 : 0.3895    ndcg@10 : 0.2248    hit@10 : 0.7285    precision@10 : 0.1537
Wed 25 Jan 2023 23:28:25 INFO  epoch 57 training [time: 4.20s, train_loss1: 7.3772, train_loss2: 1.6255]
Wed 25 Jan 2023 23:28:25 INFO  epoch 57 evaluating [time: 0.19s, valid_score: 0.394700]
Wed 25 Jan 2023 23:28:25 INFO  valid result: 
recall@10 : 0.206    mrr@10 : 0.3947    ndcg@10 : 0.2273    hit@10 : 0.7338    precision@10 : 0.1554
Wed 25 Jan 2023 23:28:25 INFO  Saving current: saved/KGAT-Jan-25-2023_23-24-05.pth
Wed 25 Jan 2023 23:28:29 INFO  epoch 58 training [time: 4.18s, train_loss1: 7.4352, train_loss2: 1.6330]
Wed 25 Jan 2023 23:28:30 INFO  epoch 58 evaluating [time: 0.19s, valid_score: 0.393300]
Wed 25 Jan 2023 23:28:30 INFO  valid result: 
recall@10 : 0.2047    mrr@10 : 0.3933    ndcg@10 : 0.2264    hit@10 : 0.7359    precision@10 : 0.1547
Wed 25 Jan 2023 23:28:34 INFO  epoch 59 training [time: 4.13s, train_loss1: 7.3027, train_loss2: 1.5944]
Wed 25 Jan 2023 23:28:34 INFO  epoch 59 evaluating [time: 0.19s, valid_score: 0.392100]
Wed 25 Jan 2023 23:28:34 INFO  valid result: 
recall@10 : 0.2059    mrr@10 : 0.3921    ndcg@10 : 0.2271    hit@10 : 0.7359    precision@10 : 0.1556
Wed 25 Jan 2023 23:28:38 INFO  epoch 60 training [time: 4.24s, train_loss1: 7.2272, train_loss2: 1.5844]
Wed 25 Jan 2023 23:28:38 INFO  epoch 60 evaluating [time: 0.19s, valid_score: 0.392000]
Wed 25 Jan 2023 23:28:38 INFO  valid result: 
recall@10 : 0.2036    mrr@10 : 0.392    ndcg@10 : 0.2259    hit@10 : 0.7306    precision@10 : 0.1538
Wed 25 Jan 2023 23:28:43 INFO  epoch 61 training [time: 4.24s, train_loss1: 7.0934, train_loss2: 1.5630]
Wed 25 Jan 2023 23:28:43 INFO  epoch 61 evaluating [time: 0.19s, valid_score: 0.400000]
Wed 25 Jan 2023 23:28:43 INFO  valid result: 
recall@10 : 0.2064    mrr@10 : 0.4    ndcg@10 : 0.2296    hit@10 : 0.7349    precision@10 : 0.156
Wed 25 Jan 2023 23:28:43 INFO  Saving current: saved/KGAT-Jan-25-2023_23-24-05.pth
Wed 25 Jan 2023 23:28:47 INFO  epoch 62 training [time: 4.29s, train_loss1: 7.0800, train_loss2: 1.5313]
Wed 25 Jan 2023 23:28:47 INFO  epoch 62 evaluating [time: 0.21s, valid_score: 0.397100]
Wed 25 Jan 2023 23:28:47 INFO  valid result: 
recall@10 : 0.2093    mrr@10 : 0.3971    ndcg@10 : 0.2304    hit@10 : 0.7423    precision@10 : 0.1574
Wed 25 Jan 2023 23:28:51 INFO  epoch 63 training [time: 3.97s, train_loss1: 7.0323, train_loss2: 1.4742]
Wed 25 Jan 2023 23:28:52 INFO  epoch 63 evaluating [time: 0.25s, valid_score: 0.398300]
Wed 25 Jan 2023 23:28:52 INFO  valid result: 
recall@10 : 0.2075    mrr@10 : 0.3983    ndcg@10 : 0.2298    hit@10 : 0.7359    precision@10 : 0.1568
Wed 25 Jan 2023 23:28:56 INFO  epoch 64 training [time: 4.22s, train_loss1: 6.9108, train_loss2: 1.4355]
Wed 25 Jan 2023 23:28:56 INFO  epoch 64 evaluating [time: 0.19s, valid_score: 0.394300]
Wed 25 Jan 2023 23:28:56 INFO  valid result: 
recall@10 : 0.2091    mrr@10 : 0.3943    ndcg@10 : 0.2299    hit@10 : 0.737    precision@10 : 0.1574
Wed 25 Jan 2023 23:29:00 INFO  epoch 65 training [time: 4.18s, train_loss1: 6.9408, train_loss2: 1.4639]
Wed 25 Jan 2023 23:29:00 INFO  epoch 65 evaluating [time: 0.19s, valid_score: 0.398700]
Wed 25 Jan 2023 23:29:00 INFO  valid result: 
recall@10 : 0.2103    mrr@10 : 0.3987    ndcg@10 : 0.2323    hit@10 : 0.7349    precision@10 : 0.1578
Wed 25 Jan 2023 23:29:05 INFO  epoch 66 training [time: 4.14s, train_loss1: 6.9004, train_loss2: 1.3807]
Wed 25 Jan 2023 23:29:05 INFO  epoch 66 evaluating [time: 0.19s, valid_score: 0.394500]
Wed 25 Jan 2023 23:29:05 INFO  valid result: 
recall@10 : 0.2139    mrr@10 : 0.3945    ndcg@10 : 0.2331    hit@10 : 0.7413    precision@10 : 0.1593
Wed 25 Jan 2023 23:29:09 INFO  epoch 67 training [time: 4.01s, train_loss1: 6.8523, train_loss2: 1.4228]
Wed 25 Jan 2023 23:29:09 INFO  epoch 67 evaluating [time: 0.19s, valid_score: 0.392400]
Wed 25 Jan 2023 23:29:09 INFO  valid result: 
recall@10 : 0.2094    mrr@10 : 0.3924    ndcg@10 : 0.2305    hit@10 : 0.7402    precision@10 : 0.158
Wed 25 Jan 2023 23:29:13 INFO  epoch 68 training [time: 4.11s, train_loss1: 6.6934, train_loss2: 1.3978]
Wed 25 Jan 2023 23:29:13 INFO  epoch 68 evaluating [time: 0.19s, valid_score: 0.396600]
Wed 25 Jan 2023 23:29:13 INFO  valid result: 
recall@10 : 0.2132    mrr@10 : 0.3966    ndcg@10 : 0.2331    hit@10 : 0.7444    precision@10 : 0.158
Wed 25 Jan 2023 23:29:17 INFO  epoch 69 training [time: 4.14s, train_loss1: 6.6836, train_loss2: 1.4774]
Wed 25 Jan 2023 23:29:18 INFO  epoch 69 evaluating [time: 0.20s, valid_score: 0.390100]
Wed 25 Jan 2023 23:29:18 INFO  valid result: 
recall@10 : 0.2108    mrr@10 : 0.3901    ndcg@10 : 0.2295    hit@10 : 0.7391    precision@10 : 0.1563
Wed 25 Jan 2023 23:29:22 INFO  epoch 70 training [time: 4.22s, train_loss1: 6.6835, train_loss2: 1.3682]
Wed 25 Jan 2023 23:29:22 INFO  epoch 70 evaluating [time: 0.19s, valid_score: 0.391200]
Wed 25 Jan 2023 23:29:22 INFO  valid result: 
recall@10 : 0.2134    mrr@10 : 0.3912    ndcg@10 : 0.232    hit@10 : 0.7381    precision@10 : 0.1594
Wed 25 Jan 2023 23:29:26 INFO  epoch 71 training [time: 4.05s, train_loss1: 6.5833, train_loss2: 1.3598]
Wed 25 Jan 2023 23:29:26 INFO  epoch 71 evaluating [time: 0.19s, valid_score: 0.392500]
Wed 25 Jan 2023 23:29:26 INFO  valid result: 
recall@10 : 0.215    mrr@10 : 0.3925    ndcg@10 : 0.2326    hit@10 : 0.7466    precision@10 : 0.1607
Wed 25 Jan 2023 23:29:30 INFO  epoch 72 training [time: 4.04s, train_loss1: 6.5101, train_loss2: 1.4029]
Wed 25 Jan 2023 23:29:31 INFO  epoch 72 evaluating [time: 0.19s, valid_score: 0.388900]
Wed 25 Jan 2023 23:29:31 INFO  valid result: 
recall@10 : 0.2149    mrr@10 : 0.3889    ndcg@10 : 0.2311    hit@10 : 0.7466    precision@10 : 0.1592
Wed 25 Jan 2023 23:29:31 INFO  Finished training, best eval result in epoch 61
Wed 25 Jan 2023 23:29:31 INFO  Loading model structure and parameters from saved/KGAT-Jan-25-2023_23-24-05.pth
Wed 25 Jan 2023 23:29:31 INFO  best valid : OrderedDict([('recall@10', 0.2064), ('mrr@10', 0.4), ('ndcg@10', 0.2296), ('hit@10', 0.7349), ('precision@10', 0.156)])
Wed 25 Jan 2023 23:29:31 INFO  test result: OrderedDict([('recall@10', 0.2339), ('mrr@10', 0.4509), ('ndcg@10', 0.2738), ('hit@10', 0.7625), ('precision@10', 0.1881)])
