Mon 30 Jan 2023 21:17:36 INFO  ['recbole_test.py', '--seed', '2021', '--aggr', 'bi', '--opti', 'rmsprop', '--is_swa', 'true', '--is_momentum', 'false']
Mon 30 Jan 2023 21:17:36 INFO  
General Hyper Parameters:
gpu_id = 0
use_gpu = True
seed = 2021
state = INFO
reproducibility = True
data_path = /work/03/gu14/k36095/kgat_bai/recbole/config/../dataset_example/ml-100k
checkpoint_dir = saved
show_progress = True
save_dataset = True
dataset_save_path = None
save_dataloaders = False
dataloaders_save_path = None
log_wandb = False

Training Hyper Parameters:
epochs = 300
train_batch_size = 2048
learner = rmsprop
learning_rate = 0.001
train_neg_sample_args = {'distribution': 'uniform', 'sample_num': 1, 'alpha': 1.0, 'dynamic': False, 'candidate_num': 0}
eval_step = 1
stopping_step = 10
clip_grad_norm = None
weight_decay = 0.0
loss_decimal_place = 4

Evaluation Hyper Parameters:
eval_args = {'split': {'RS': [0.8, 0.1, 0.1]}, 'group_by': 'user', 'order': 'RO', 'mode': 'full'}
repeatable = False
metrics = ['Recall', 'MRR', 'NDCG', 'Hit', 'Precision']
topk = [10]
valid_metric = MRR@10
valid_metric_bigger = True
eval_batch_size = 4096
metric_decimal_place = 4

Dataset Hyper Parameters:
field_separator = 	
seq_separator =  
USER_ID_FIELD = user_id
ITEM_ID_FIELD = item_id
RATING_FIELD = rating
TIME_FIELD = timestamp
seq_len = None
LABEL_FIELD = label
threshold = None
NEG_PREFIX = neg_
load_col = {'inter': ['user_id', 'item_id', 'rating', 'timestamp'], 'kg': ['head_id', 'relation_id', 'tail_id'], 'link': ['item_id', 'entity_id']}
unload_col = None
unused_col = None
additional_feat_suffix = None
rm_dup_inter = None
val_interval = None
filter_inter_by_user_or_item = True
user_inter_num_interval = None
item_inter_num_interval = None
alias_of_user_id = None
alias_of_item_id = None
alias_of_entity_id = None
alias_of_relation_id = None
preload_weight = None
normalize_field = None
normalize_all = True
ITEM_LIST_LENGTH_FIELD = item_length
LIST_SUFFIX = _list
MAX_ITEM_LIST_LENGTH = 50
POSITION_FIELD = position_id
HEAD_ENTITY_ID_FIELD = head_id
TAIL_ENTITY_ID_FIELD = tail_id
RELATION_ID_FIELD = relation_id
ENTITY_ID_FIELD = entity_id
kg_reverse_r = False
entity_kg_num_interval = [0,inf)
relation_kg_num_interval = [0,inf)
benchmark_filename = None

Other Hyper Parameters: 
worker = 0
wandb_project = recbole
shuffle = True
require_pow = False
enable_amp = False
enable_scaler = False
transform = None
embedding_size = 64
kg_embedding_size = 64
layers = [64]
mess_dropout = 0.1
reg_weight = 1e-05
aggregator_type = bi
numerical_features = []
discretization = None
MODEL_TYPE = ModelType.KNOWLEDGE
is_swa = 1
is_momentum = 0
MODEL_INPUT_TYPE = InputType.PAIRWISE
eval_type = EvaluatorType.RANKING
single_spec = True
local_rank = 0
device = cpu
eval_neg_sample_args = {'distribution': 'uniform', 'sample_num': 'none'}


Mon 30 Jan 2023 21:17:37 INFO  Saving filtered dataset into [saved/ml-100k-dataset.pth]
Mon 30 Jan 2023 21:17:37 INFO  ml-100k
The number of users: 944
Average actions of users: 103.4506892895016
The number of items: 1599
Average actions of items: 61.04755944931164
The number of inters: 97554
The sparsity of the dataset: 93.53714185772888%
Remain Fields: ['entity_id', 'user_id', 'item_id', 'rating', 'timestamp', 'head_id', 'relation_id', 'tail_id']
The number of entities: 34629
The number of relations: 26
The number of triples: 91631
The number of items that have been linked to KG: 1598
Mon 30 Jan 2023 21:17:37 INFO  [Training]: train_batch_size = [2048] train_neg_sample_args: [{'distribution': 'uniform', 'sample_num': 1, 'alpha': 1.0, 'dynamic': False, 'candidate_num': 0}]
Mon 30 Jan 2023 21:17:37 INFO  [Evaluation]: eval_batch_size = [4096] eval_args: [{'split': {'RS': [0.8, 0.1, 0.1]}, 'group_by': 'user', 'order': 'RO', 'mode': 'full'}]
Mon 30 Jan 2023 21:17:38 INFO  KGAT(
  (user_embedding): Embedding(944, 64)
  (entity_embedding): Embedding(34629, 64)
  (relation_embedding): Embedding(26, 64)
  (trans_w): Embedding(26, 4096)
  (aggregator_layers): ModuleList(
    (0): Aggregator(
      (message_dropout): Dropout(p=0.1, inplace=False)
      (W1): Linear(in_features=64, out_features=64, bias=True)
      (W2): Linear(in_features=64, out_features=64, bias=True)
      (activation): LeakyReLU(negative_slope=0.01)
    )
  )
  (tanh): Tanh()
  (mf_loss): BPRLoss()
  (reg_loss): EmbLoss()
)
Trainable parameters: 2393152
Mon 30 Jan 2023 21:17:38 INFO  FLOPs: 291414016.0
Mon 30 Jan 2023 21:17:43 INFO  epoch 0 training [time: 4.50s, train_loss1: 21.5815, train_loss2: 3218.9185]
Mon 30 Jan 2023 21:17:43 INFO  epoch 0 evaluating [time: 0.25s, valid_score: 0.059400]
Mon 30 Jan 2023 21:17:43 INFO  valid result: 
recall@10 : 0.0193    mrr@10 : 0.0594    ndcg@10 : 0.025    hit@10 : 0.1622    precision@10 : 0.0188
Mon 30 Jan 2023 21:17:43 INFO  Saving current: saved/KGAT-Jan-30-2023_21-17-38.pth
Mon 30 Jan 2023 21:17:51 INFO  epoch 1 training [time: 8.34s, train_loss1: 37.8453, train_loss2: 253.7061]
Mon 30 Jan 2023 21:17:51 INFO  epoch 1 evaluating [time: 0.26s, valid_score: 0.085900]
Mon 30 Jan 2023 21:17:51 INFO  valid result: 
recall@10 : 0.0302    mrr@10 : 0.0859    ndcg@10 : 0.0374    hit@10 : 0.2333    precision@10 : 0.0306
Mon 30 Jan 2023 21:17:52 INFO  Saving current: saved/KGAT-Jan-30-2023_21-17-38.pth
Mon 30 Jan 2023 21:18:01 INFO  epoch 2 training [time: 9.03s, train_loss1: 22.9682, train_loss2: 605.0760]
Mon 30 Jan 2023 21:18:01 INFO  epoch 2 evaluating [time: 0.25s, valid_score: 0.115300]
Mon 30 Jan 2023 21:18:01 INFO  valid result: 
recall@10 : 0.0409    mrr@10 : 0.1153    ndcg@10 : 0.05    hit@10 : 0.316    precision@10 : 0.0413
Mon 30 Jan 2023 21:18:01 INFO  Saving current: saved/KGAT-Jan-30-2023_21-17-38.pth
Mon 30 Jan 2023 21:18:10 INFO  epoch 3 training [time: 9.04s, train_loss1: 20.6548, train_loss2: 323.0026]
Mon 30 Jan 2023 21:18:10 INFO  epoch 3 evaluating [time: 0.25s, valid_score: 0.125100]
Mon 30 Jan 2023 21:18:10 INFO  valid result: 
recall@10 : 0.0453    mrr@10 : 0.1251    ndcg@10 : 0.0553    hit@10 : 0.3319    precision@10 : 0.045
Mon 30 Jan 2023 21:18:10 INFO  Saving current: saved/KGAT-Jan-30-2023_21-17-38.pth
Mon 30 Jan 2023 21:18:19 INFO  epoch 4 training [time: 8.58s, train_loss1: 19.5128, train_loss2: 335.0598]
Mon 30 Jan 2023 21:18:19 INFO  epoch 4 evaluating [time: 0.21s, valid_score: 0.138900]
Mon 30 Jan 2023 21:18:19 INFO  valid result: 
recall@10 : 0.0489    mrr@10 : 0.1389    ndcg@10 : 0.0629    hit@10 : 0.3393    precision@10 : 0.0491
Mon 30 Jan 2023 21:18:19 INFO  Saving current: saved/KGAT-Jan-30-2023_21-17-38.pth
Mon 30 Jan 2023 21:18:25 INFO  epoch 5 training [time: 5.67s, train_loss1: 19.9403, train_loss2: 870.3650]
Mon 30 Jan 2023 21:18:25 INFO  epoch 5 evaluating [time: 0.21s, valid_score: 0.125000]
Mon 30 Jan 2023 21:18:25 INFO  valid result: 
recall@10 : 0.0482    mrr@10 : 0.125    ndcg@10 : 0.0581    hit@10 : 0.3287    precision@10 : 0.0467
