Mon 30 Jan 2023 16:18:51 INFO  momentum
Mon 30 Jan 2023 16:18:51 INFO  ['recbole_test.py']
Mon 30 Jan 2023 16:18:51 INFO  
General Hyper Parameters:
gpu_id = 0
use_gpu = True
seed = 2022
state = INFO
reproducibility = True
data_path = /work/03/gu14/k36095/kgat_bai/recbole/config/../dataset_example/ml-100k
checkpoint_dir = saved
show_progress = True
save_dataset = True
dataset_save_path = None
save_dataloaders = False
dataloaders_save_path = None
log_wandb = False

Training Hyper Parameters:
epochs = 300
train_batch_size = 2048
learner = adam
learning_rate = 0.001
train_neg_sample_args = {'distribution': 'uniform', 'sample_num': 1, 'alpha': 1.0, 'dynamic': False, 'candidate_num': 0}
eval_step = 1
stopping_step = 10
clip_grad_norm = None
weight_decay = 0.0
loss_decimal_place = 4

Evaluation Hyper Parameters:
eval_args = {'split': {'RS': [0.8, 0.1, 0.1]}, 'group_by': 'user', 'order': 'RO', 'mode': 'full'}
repeatable = False
metrics = ['Recall', 'MRR', 'NDCG', 'Hit', 'Precision']
topk = [10]
valid_metric = MRR@10
valid_metric_bigger = True
eval_batch_size = 4096
metric_decimal_place = 4

Dataset Hyper Parameters:
field_separator = 	
seq_separator =  
USER_ID_FIELD = user_id
ITEM_ID_FIELD = item_id
RATING_FIELD = rating
TIME_FIELD = timestamp
seq_len = None
LABEL_FIELD = label
threshold = None
NEG_PREFIX = neg_
load_col = {'inter': ['user_id', 'item_id', 'rating', 'timestamp'], 'kg': ['head_id', 'relation_id', 'tail_id'], 'link': ['item_id', 'entity_id']}
unload_col = None
unused_col = None
additional_feat_suffix = None
rm_dup_inter = None
val_interval = None
filter_inter_by_user_or_item = True
user_inter_num_interval = None
item_inter_num_interval = None
alias_of_user_id = None
alias_of_item_id = None
alias_of_entity_id = None
alias_of_relation_id = None
preload_weight = None
normalize_field = None
normalize_all = True
ITEM_LIST_LENGTH_FIELD = item_length
LIST_SUFFIX = _list
MAX_ITEM_LIST_LENGTH = 50
POSITION_FIELD = position_id
HEAD_ENTITY_ID_FIELD = head_id
TAIL_ENTITY_ID_FIELD = tail_id
RELATION_ID_FIELD = relation_id
ENTITY_ID_FIELD = entity_id
kg_reverse_r = False
entity_kg_num_interval = [0,inf)
relation_kg_num_interval = [0,inf)
benchmark_filename = None

Other Hyper Parameters: 
worker = 0
wandb_project = recbole
shuffle = True
require_pow = False
enable_amp = False
enable_scaler = False
transform = None
embedding_size = 64
kg_embedding_size = 64
layers = [64]
mess_dropout = 0.1
reg_weight = 1e-05
aggregator_type = bi
numerical_features = []
discretization = None
MODEL_TYPE = ModelType.KNOWLEDGE
MODEL_INPUT_TYPE = InputType.PAIRWISE
eval_type = EvaluatorType.RANKING
single_spec = True
local_rank = 0
device = cpu
eval_neg_sample_args = {'distribution': 'uniform', 'sample_num': 'none'}


Mon 30 Jan 2023 16:18:52 INFO  Saving filtered dataset into [saved/ml-100k-dataset.pth]
Mon 30 Jan 2023 16:18:52 INFO  ml-100k
The number of users: 944
Average actions of users: 103.4506892895016
The number of items: 1599
Average actions of items: 61.04755944931164
The number of inters: 97554
The sparsity of the dataset: 93.53714185772888%
Remain Fields: ['entity_id', 'user_id', 'item_id', 'rating', 'timestamp', 'head_id', 'relation_id', 'tail_id']
The number of entities: 34629
The number of relations: 26
The number of triples: 91631
The number of items that have been linked to KG: 1598
Mon 30 Jan 2023 16:18:52 INFO  [Training]: train_batch_size = [2048] train_neg_sample_args: [{'distribution': 'uniform', 'sample_num': 1, 'alpha': 1.0, 'dynamic': False, 'candidate_num': 0}]
Mon 30 Jan 2023 16:18:52 INFO  [Evaluation]: eval_batch_size = [4096] eval_args: [{'split': {'RS': [0.8, 0.1, 0.1]}, 'group_by': 'user', 'order': 'RO', 'mode': 'full'}]
Mon 30 Jan 2023 16:18:53 INFO  KGAT(
  (user_embedding): Embedding(944, 64)
  (entity_embedding): Embedding(34629, 64)
  (relation_embedding): Embedding(26, 64)
  (trans_w): Embedding(26, 4096)
  (aggregator_layers): ModuleList(
    (0): Aggregator(
      (message_dropout): Dropout(p=0.1, inplace=False)
      (W1): Linear(in_features=64, out_features=64, bias=True)
      (W2): Linear(in_features=64, out_features=64, bias=True)
      (activation): LeakyReLU(negative_slope=0.01)
    )
  )
  (tanh): Tanh()
  (mf_loss): BPRLoss()
  (reg_loss): EmbLoss()
)
Trainable parameters: 2393152
Mon 30 Jan 2023 16:18:53 INFO  FLOPs: 291414016.0
Mon 30 Jan 2023 16:18:58 INFO  epoch 0 training [time: 5.03s, train_loss1: 19.0746, train_loss2: 40.2837]
Mon 30 Jan 2023 16:18:58 INFO  epoch 0 evaluating [time: 0.20s, valid_score: 0.125800]
Mon 30 Jan 2023 16:18:58 INFO  valid result: 
recall@10 : 0.049    mrr@10 : 0.1258    ndcg@10 : 0.0594    hit@10 : 0.3181    precision@10 : 0.0466
Mon 30 Jan 2023 16:18:58 INFO  Saving current: saved/KGAT-Jan-30-2023_16-18-53.pth
Mon 30 Jan 2023 16:19:03 INFO  epoch 1 training [time: 4.30s, train_loss1: 16.6570, train_loss2: 416.7880]
Mon 30 Jan 2023 16:19:03 INFO  epoch 1 evaluating [time: 0.22s, valid_score: 0.088300]
Mon 30 Jan 2023 16:19:03 INFO  valid result: 
recall@10 : 0.0394    mrr@10 : 0.0883    ndcg@10 : 0.0413    hit@10 : 0.2566    precision@10 : 0.0323
Mon 30 Jan 2023 16:19:09 INFO  epoch 2 training [time: 6.49s, train_loss1: 29.1412, train_loss2: 1121.0354]
Mon 30 Jan 2023 16:19:10 INFO  epoch 2 evaluating [time: 0.20s, valid_score: 0.095500]
Mon 30 Jan 2023 16:19:10 INFO  valid result: 
recall@10 : 0.0372    mrr@10 : 0.0955    ndcg@10 : 0.0423    hit@10 : 0.2651    precision@10 : 0.0329
Mon 30 Jan 2023 16:19:15 INFO  epoch 3 training [time: 4.84s, train_loss1: 35.1974, train_loss2: 1499.8733]
Mon 30 Jan 2023 16:19:15 INFO  epoch 3 evaluating [time: 0.20s, valid_score: 0.103300]
Mon 30 Jan 2023 16:19:15 INFO  valid result: 
recall@10 : 0.0398    mrr@10 : 0.1033    ndcg@10 : 0.0454    hit@10 : 0.2694    precision@10 : 0.035
Mon 30 Jan 2023 16:19:19 INFO  epoch 4 training [time: 4.38s, train_loss1: 39.0471, train_loss2: 1717.0405]
Mon 30 Jan 2023 16:19:19 INFO  epoch 4 evaluating [time: 0.20s, valid_score: 0.079600]
Mon 30 Jan 2023 16:19:19 INFO  valid result: 
recall@10 : 0.0299    mrr@10 : 0.0796    ndcg@10 : 0.0352    hit@10 : 0.228    precision@10 : 0.0277
Mon 30 Jan 2023 16:19:24 INFO  epoch 5 training [time: 4.33s, train_loss1: 40.7372, train_loss2: 1974.8883]
Mon 30 Jan 2023 16:19:24 INFO  epoch 5 evaluating [time: 0.20s, valid_score: 0.081800]
Mon 30 Jan 2023 16:19:24 INFO  valid result: 
recall@10 : 0.0334    mrr@10 : 0.0818    ndcg@10 : 0.037    hit@10 : 0.2322    precision@10 : 0.0285
Mon 30 Jan 2023 16:19:28 INFO  epoch 6 training [time: 4.29s, train_loss1: 43.1666, train_loss2: 2204.4568]
Mon 30 Jan 2023 16:19:28 INFO  epoch 6 evaluating [time: 0.19s, valid_score: 0.070500]
Mon 30 Jan 2023 16:19:28 INFO  valid result: 
recall@10 : 0.031    mrr@10 : 0.0705    ndcg@10 : 0.034    hit@10 : 0.2185    precision@10 : 0.0276
Mon 30 Jan 2023 16:19:33 INFO  epoch 7 training [time: 4.40s, train_loss1: 44.5501, train_loss2: 2445.8476]
Mon 30 Jan 2023 16:19:33 INFO  epoch 7 evaluating [time: 0.19s, valid_score: 0.071800]
Mon 30 Jan 2023 16:19:33 INFO  valid result: 
recall@10 : 0.0305    mrr@10 : 0.0718    ndcg@10 : 0.0332    hit@10 : 0.2227    precision@10 : 0.0264
Mon 30 Jan 2023 16:19:37 INFO  epoch 8 training [time: 4.38s, train_loss1: 46.9501, train_loss2: 2657.8187]
Mon 30 Jan 2023 16:19:37 INFO  epoch 8 evaluating [time: 0.19s, valid_score: 0.082100]
Mon 30 Jan 2023 16:19:37 INFO  valid result: 
recall@10 : 0.0316    mrr@10 : 0.0821    ndcg@10 : 0.036    hit@10 : 0.2322    precision@10 : 0.0293
Mon 30 Jan 2023 16:19:42 INFO  epoch 9 training [time: 4.29s, train_loss1: 48.4274, train_loss2: 2867.5579]
Mon 30 Jan 2023 16:19:42 INFO  epoch 9 evaluating [time: 0.19s, valid_score: 0.083000]
Mon 30 Jan 2023 16:19:42 INFO  valid result: 
recall@10 : 0.0369    mrr@10 : 0.083    ndcg@10 : 0.0396    hit@10 : 0.2545    precision@10 : 0.0322
Mon 30 Jan 2023 16:19:46 INFO  epoch 10 training [time: 4.28s, train_loss1: 50.1386, train_loss2: 3179.4082]
Mon 30 Jan 2023 16:19:46 INFO  epoch 10 evaluating [time: 0.19s, valid_score: 0.083400]
Mon 30 Jan 2023 16:19:46 INFO  valid result: 
recall@10 : 0.0345    mrr@10 : 0.0834    ndcg@10 : 0.0379    hit@10 : 0.2503    precision@10 : 0.0312
Mon 30 Jan 2023 16:19:51 INFO  epoch 11 training [time: 4.28s, train_loss1: 51.5808, train_loss2: 3069.9732]
Mon 30 Jan 2023 16:19:51 INFO  epoch 11 evaluating [time: 0.19s, valid_score: 0.076900]
Mon 30 Jan 2023 16:19:51 INFO  valid result: 
recall@10 : 0.0301    mrr@10 : 0.0769    ndcg@10 : 0.034    hit@10 : 0.2174    precision@10 : 0.0278
Mon 30 Jan 2023 16:19:51 INFO  Finished training, best eval result in epoch 0
Mon 30 Jan 2023 16:19:51 INFO  Loading model structure and parameters from saved/KGAT-Jan-30-2023_16-18-53.pth
Mon 30 Jan 2023 16:19:51 INFO  best valid : OrderedDict([('recall@10', 0.049), ('mrr@10', 0.1258), ('ndcg@10', 0.0594), ('hit@10', 0.3181), ('precision@10', 0.0466)])
Mon 30 Jan 2023 16:19:51 INFO  test result: OrderedDict([('recall@10', 0.0514), ('mrr@10', 0.1464), ('ndcg@10', 0.0661), ('hit@10', 0.3478), ('precision@10', 0.0528)])
