Mon 30 Jan 2023 17:38:40 INFO  momentum
Mon 30 Jan 2023 17:38:40 INFO  ['recbole_test.py']
Mon 30 Jan 2023 17:38:40 INFO  
General Hyper Parameters:
gpu_id = 0
use_gpu = True
seed = 2021
state = INFO
reproducibility = True
data_path = /work/03/gu14/k36095/kgat_bai/recbole/config/../dataset_example/ml-100k
checkpoint_dir = saved
show_progress = True
save_dataset = True
dataset_save_path = None
save_dataloaders = False
dataloaders_save_path = None
log_wandb = False

Training Hyper Parameters:
epochs = 300
train_batch_size = 2048
learner = adam
learning_rate = 0.001
train_neg_sample_args = {'distribution': 'uniform', 'sample_num': 1, 'alpha': 1.0, 'dynamic': False, 'candidate_num': 0}
eval_step = 1
stopping_step = 10
clip_grad_norm = None
weight_decay = 0.0
loss_decimal_place = 4

Evaluation Hyper Parameters:
eval_args = {'split': {'RS': [0.8, 0.1, 0.1]}, 'group_by': 'user', 'order': 'RO', 'mode': 'full'}
repeatable = False
metrics = ['Recall', 'MRR', 'NDCG', 'Hit', 'Precision']
topk = [10]
valid_metric = MRR@10
valid_metric_bigger = True
eval_batch_size = 4096
metric_decimal_place = 4

Dataset Hyper Parameters:
field_separator = 	
seq_separator =  
USER_ID_FIELD = user_id
ITEM_ID_FIELD = item_id
RATING_FIELD = rating
TIME_FIELD = timestamp
seq_len = None
LABEL_FIELD = label
threshold = None
NEG_PREFIX = neg_
load_col = {'inter': ['user_id', 'item_id', 'rating', 'timestamp'], 'kg': ['head_id', 'relation_id', 'tail_id'], 'link': ['item_id', 'entity_id']}
unload_col = None
unused_col = None
additional_feat_suffix = None
rm_dup_inter = None
val_interval = None
filter_inter_by_user_or_item = True
user_inter_num_interval = None
item_inter_num_interval = None
alias_of_user_id = None
alias_of_item_id = None
alias_of_entity_id = None
alias_of_relation_id = None
preload_weight = None
normalize_field = None
normalize_all = True
ITEM_LIST_LENGTH_FIELD = item_length
LIST_SUFFIX = _list
MAX_ITEM_LIST_LENGTH = 50
POSITION_FIELD = position_id
HEAD_ENTITY_ID_FIELD = head_id
TAIL_ENTITY_ID_FIELD = tail_id
RELATION_ID_FIELD = relation_id
ENTITY_ID_FIELD = entity_id
kg_reverse_r = False
entity_kg_num_interval = [0,inf)
relation_kg_num_interval = [0,inf)
benchmark_filename = None

Other Hyper Parameters: 
worker = 0
wandb_project = recbole
shuffle = True
require_pow = False
enable_amp = False
enable_scaler = False
transform = None
embedding_size = 64
kg_embedding_size = 64
layers = [64]
mess_dropout = 0.1
reg_weight = 1e-05
aggregator_type = bi
numerical_features = []
discretization = None
MODEL_TYPE = ModelType.KNOWLEDGE
MODEL_INPUT_TYPE = InputType.PAIRWISE
eval_type = EvaluatorType.RANKING
single_spec = True
local_rank = 0
device = cpu
eval_neg_sample_args = {'distribution': 'uniform', 'sample_num': 'none'}


Mon 30 Jan 2023 17:38:41 INFO  Saving filtered dataset into [saved/ml-100k-dataset.pth]
Mon 30 Jan 2023 17:38:41 INFO  ml-100k
The number of users: 944
Average actions of users: 103.4506892895016
The number of items: 1599
Average actions of items: 61.04755944931164
The number of inters: 97554
The sparsity of the dataset: 93.53714185772888%
Remain Fields: ['entity_id', 'user_id', 'item_id', 'rating', 'timestamp', 'head_id', 'relation_id', 'tail_id']
The number of entities: 34629
The number of relations: 26
The number of triples: 91631
The number of items that have been linked to KG: 1598
Mon 30 Jan 2023 17:38:41 INFO  [Training]: train_batch_size = [2048] train_neg_sample_args: [{'distribution': 'uniform', 'sample_num': 1, 'alpha': 1.0, 'dynamic': False, 'candidate_num': 0}]
Mon 30 Jan 2023 17:38:41 INFO  [Evaluation]: eval_batch_size = [4096] eval_args: [{'split': {'RS': [0.8, 0.1, 0.1]}, 'group_by': 'user', 'order': 'RO', 'mode': 'full'}]
Mon 30 Jan 2023 17:38:42 INFO  KGAT(
  (user_embedding): Embedding(944, 64)
  (entity_embedding): Embedding(34629, 64)
  (relation_embedding): Embedding(26, 64)
  (trans_w): Embedding(26, 4096)
  (aggregator_layers): ModuleList(
    (0): Aggregator(
      (message_dropout): Dropout(p=0.1, inplace=False)
      (W1): Linear(in_features=64, out_features=64, bias=True)
      (W2): Linear(in_features=64, out_features=64, bias=True)
      (activation): LeakyReLU(negative_slope=0.01)
    )
  )
  (tanh): Tanh()
  (mf_loss): BPRLoss()
  (reg_loss): EmbLoss()
)
Trainable parameters: 2393152
Mon 30 Jan 2023 17:38:42 INFO  FLOPs: 291414016.0
Mon 30 Jan 2023 17:38:47 INFO  epoch 0 training [time: 4.06s, train_loss1: 26.5560, train_loss2: 31.1926]
Mon 30 Jan 2023 17:38:47 INFO  epoch 0 evaluating [time: 0.20s, valid_score: 0.017600]
Mon 30 Jan 2023 17:38:47 INFO  valid result: 
recall@10 : 0.0047    mrr@10 : 0.0176    ndcg@10 : 0.0066    hit@10 : 0.0498    precision@10 : 0.0052
Mon 30 Jan 2023 17:38:47 INFO  Saving current: saved/KGAT-Jan-30-2023_17-38-43.pth
Mon 30 Jan 2023 17:38:51 INFO  epoch 1 training [time: 3.79s, train_loss1: 26.6728, train_loss2: 31.1886]
Mon 30 Jan 2023 17:38:51 INFO  epoch 1 evaluating [time: 0.19s, valid_score: 0.021200]
Mon 30 Jan 2023 17:38:51 INFO  valid result: 
recall@10 : 0.0064    mrr@10 : 0.0212    ndcg@10 : 0.0086    hit@10 : 0.0689    precision@10 : 0.0075
Mon 30 Jan 2023 17:38:51 INFO  Saving current: saved/KGAT-Jan-30-2023_17-38-43.pth
Mon 30 Jan 2023 17:38:55 INFO  epoch 2 training [time: 3.84s, train_loss1: 26.1779, train_loss2: 31.1853]
Mon 30 Jan 2023 17:38:55 INFO  epoch 2 evaluating [time: 0.19s, valid_score: 0.021400]
Mon 30 Jan 2023 17:38:55 INFO  valid result: 
recall@10 : 0.0072    mrr@10 : 0.0214    ndcg@10 : 0.0087    hit@10 : 0.0742    precision@10 : 0.008
Mon 30 Jan 2023 17:38:55 INFO  Saving current: saved/KGAT-Jan-30-2023_17-38-43.pth
Mon 30 Jan 2023 17:38:59 INFO  epoch 3 training [time: 3.68s, train_loss1: 25.8463, train_loss2: 31.1816]
Mon 30 Jan 2023 17:38:59 INFO  epoch 3 evaluating [time: 0.19s, valid_score: 0.025100]
Mon 30 Jan 2023 17:38:59 INFO  valid result: 
recall@10 : 0.0084    mrr@10 : 0.0251    ndcg@10 : 0.0106    hit@10 : 0.0838    precision@10 : 0.0088
Mon 30 Jan 2023 17:38:59 INFO  Saving current: saved/KGAT-Jan-30-2023_17-38-43.pth
Mon 30 Jan 2023 17:39:03 INFO  epoch 4 training [time: 3.60s, train_loss1: 26.3386, train_loss2: 31.1769]
Mon 30 Jan 2023 17:39:03 INFO  epoch 4 evaluating [time: 0.20s, valid_score: 0.023800]
Mon 30 Jan 2023 17:39:03 INFO  valid result: 
recall@10 : 0.0102    mrr@10 : 0.0238    ndcg@10 : 0.0108    hit@10 : 0.0954    precision@10 : 0.0103
Mon 30 Jan 2023 17:39:07 INFO  epoch 5 training [time: 3.60s, train_loss1: 26.7536, train_loss2: 31.1721]
Mon 30 Jan 2023 17:39:07 INFO  epoch 5 evaluating [time: 0.19s, valid_score: 0.030400]
Mon 30 Jan 2023 17:39:07 INFO  valid result: 
recall@10 : 0.0117    mrr@10 : 0.0304    ndcg@10 : 0.0131    hit@10 : 0.0901    precision@10 : 0.0104
Mon 30 Jan 2023 17:39:07 INFO  Saving current: saved/KGAT-Jan-30-2023_17-38-43.pth
Mon 30 Jan 2023 17:39:10 INFO  epoch 6 training [time: 3.51s, train_loss1: 26.8751, train_loss2: 31.1672]
Mon 30 Jan 2023 17:39:11 INFO  epoch 6 evaluating [time: 0.19s, valid_score: 0.042600]
Mon 30 Jan 2023 17:39:11 INFO  valid result: 
recall@10 : 0.0134    mrr@10 : 0.0426    ndcg@10 : 0.017    hit@10 : 0.1304    precision@10 : 0.0141
Mon 30 Jan 2023 17:39:11 INFO  Saving current: saved/KGAT-Jan-30-2023_17-38-43.pth
Mon 30 Jan 2023 17:39:14 INFO  epoch 7 training [time: 3.56s, train_loss1: 26.5705, train_loss2: 31.1603]
Mon 30 Jan 2023 17:39:14 INFO  epoch 7 evaluating [time: 0.19s, valid_score: 0.068700]
Mon 30 Jan 2023 17:39:14 INFO  valid result: 
recall@10 : 0.0329    mrr@10 : 0.0687    ndcg@10 : 0.0336    hit@10 : 0.2163    precision@10 : 0.0253
Mon 30 Jan 2023 17:39:15 INFO  Saving current: saved/KGAT-Jan-30-2023_17-38-43.pth
Mon 30 Jan 2023 17:39:18 INFO  epoch 8 training [time: 3.63s, train_loss1: 27.0721, train_loss2: 31.1544]
Mon 30 Jan 2023 17:39:18 INFO  epoch 8 evaluating [time: 0.19s, valid_score: 0.035300]
Mon 30 Jan 2023 17:39:18 INFO  valid result: 
recall@10 : 0.0122    mrr@10 : 0.0353    ndcg@10 : 0.0147    hit@10 : 0.1156    precision@10 : 0.0126
Mon 30 Jan 2023 17:39:22 INFO  epoch 9 training [time: 3.62s, train_loss1: 26.6533, train_loss2: 31.1473]
Mon 30 Jan 2023 17:39:22 INFO  epoch 9 evaluating [time: 0.19s, valid_score: 0.076200]
Mon 30 Jan 2023 17:39:22 INFO  valid result: 
recall@10 : 0.0396    mrr@10 : 0.0762    ndcg@10 : 0.0391    hit@10 : 0.245    precision@10 : 0.0299
Mon 30 Jan 2023 17:39:22 INFO  Saving current: saved/KGAT-Jan-30-2023_17-38-43.pth
Mon 30 Jan 2023 17:39:26 INFO  epoch 10 training [time: 3.72s, train_loss1: 26.4082, train_loss2: 31.1398]
Mon 30 Jan 2023 17:39:26 INFO  epoch 10 evaluating [time: 0.19s, valid_score: 0.064900]
Mon 30 Jan 2023 17:39:26 INFO  valid result: 
recall@10 : 0.0249    mrr@10 : 0.0649    ndcg@10 : 0.0287    hit@10 : 0.1654    precision@10 : 0.0206
Mon 30 Jan 2023 17:39:30 INFO  epoch 11 training [time: 3.41s, train_loss1: 26.7431, train_loss2: 31.1313]
Mon 30 Jan 2023 17:39:30 INFO  epoch 11 evaluating [time: 0.19s, valid_score: 0.101600]
Mon 30 Jan 2023 17:39:30 INFO  valid result: 
recall@10 : 0.0452    mrr@10 : 0.1016    ndcg@10 : 0.0466    hit@10 : 0.2789    precision@10 : 0.0338
Mon 30 Jan 2023 17:39:30 INFO  Saving current: saved/KGAT-Jan-30-2023_17-38-43.pth
Mon 30 Jan 2023 17:39:33 INFO  epoch 12 training [time: 3.48s, train_loss1: 26.7573, train_loss2: 31.1224]
Mon 30 Jan 2023 17:39:33 INFO  epoch 12 evaluating [time: 0.19s, valid_score: 0.047800]
Mon 30 Jan 2023 17:39:33 INFO  valid result: 
recall@10 : 0.017    mrr@10 : 0.0478    ndcg@10 : 0.0201    hit@10 : 0.1463    precision@10 : 0.0172
Mon 30 Jan 2023 17:39:37 INFO  epoch 13 training [time: 3.49s, train_loss1: 26.7961, train_loss2: 31.1121]
Mon 30 Jan 2023 17:39:37 INFO  epoch 13 evaluating [time: 0.19s, valid_score: 0.048300]
Mon 30 Jan 2023 17:39:37 INFO  valid result: 
recall@10 : 0.02    mrr@10 : 0.0483    ndcg@10 : 0.0238    hit@10 : 0.1792    precision@10 : 0.023
Mon 30 Jan 2023 17:39:41 INFO  epoch 14 training [time: 3.49s, train_loss1: 26.7585, train_loss2: 31.1022]
Mon 30 Jan 2023 17:39:41 INFO  epoch 14 evaluating [time: 0.19s, valid_score: 0.098600]
Mon 30 Jan 2023 17:39:41 INFO  valid result: 
recall@10 : 0.0396    mrr@10 : 0.0986    ndcg@10 : 0.0461    hit@10 : 0.2439    precision@10 : 0.0337
Mon 30 Jan 2023 17:39:44 INFO  epoch 15 training [time: 3.57s, train_loss1: 26.4963, train_loss2: 31.0902]
Mon 30 Jan 2023 17:39:45 INFO  epoch 15 evaluating [time: 0.19s, valid_score: 0.086000]
Mon 30 Jan 2023 17:39:45 INFO  valid result: 
recall@10 : 0.0361    mrr@10 : 0.086    ndcg@10 : 0.0409    hit@10 : 0.2556    precision@10 : 0.0344
Mon 30 Jan 2023 17:39:48 INFO  epoch 16 training [time: 3.52s, train_loss1: 26.7209, train_loss2: 31.0774]
Mon 30 Jan 2023 17:39:48 INFO  epoch 16 evaluating [time: 0.19s, valid_score: 0.071500]
Mon 30 Jan 2023 17:39:48 INFO  valid result: 
recall@10 : 0.0291    mrr@10 : 0.0715    ndcg@10 : 0.0344    hit@10 : 0.2153    precision@10 : 0.029
Mon 30 Jan 2023 17:39:52 INFO  epoch 17 training [time: 3.53s, train_loss1: 26.1990, train_loss2: 31.0633]
Mon 30 Jan 2023 17:39:52 INFO  epoch 17 evaluating [time: 0.19s, valid_score: 0.087600]
Mon 30 Jan 2023 17:39:52 INFO  valid result: 
recall@10 : 0.0385    mrr@10 : 0.0876    ndcg@10 : 0.0428    hit@10 : 0.245    precision@10 : 0.0324
Mon 30 Jan 2023 17:39:56 INFO  epoch 18 training [time: 3.50s, train_loss1: 26.6562, train_loss2: 31.0484]
Mon 30 Jan 2023 17:39:56 INFO  epoch 18 evaluating [time: 0.19s, valid_score: 0.094300]
Mon 30 Jan 2023 17:39:56 INFO  valid result: 
recall@10 : 0.0448    mrr@10 : 0.0943    ndcg@10 : 0.0489    hit@10 : 0.2884    precision@10 : 0.0417
Mon 30 Jan 2023 17:39:59 INFO  epoch 19 training [time: 3.50s, train_loss1: 26.0661, train_loss2: 31.0309]
Mon 30 Jan 2023 17:39:59 INFO  epoch 19 evaluating [time: 0.19s, valid_score: 0.125200]
Mon 30 Jan 2023 17:39:59 INFO  valid result: 
recall@10 : 0.0555    mrr@10 : 0.1252    ndcg@10 : 0.0613    hit@10 : 0.3457    precision@10 : 0.0477
Mon 30 Jan 2023 17:39:59 INFO  Saving current: saved/KGAT-Jan-30-2023_17-38-43.pth
Mon 30 Jan 2023 17:40:03 INFO  epoch 20 training [time: 3.89s, train_loss1: 25.9153, train_loss2: 31.0128]
Mon 30 Jan 2023 17:40:04 INFO  epoch 20 evaluating [time: 0.19s, valid_score: 0.139100]
Mon 30 Jan 2023 17:40:04 INFO  valid result: 
recall@10 : 0.0555    mrr@10 : 0.1391    ndcg@10 : 0.0665    hit@10 : 0.3616    precision@10 : 0.0524
Mon 30 Jan 2023 17:40:04 INFO  Saving current: saved/KGAT-Jan-30-2023_17-38-43.pth
Mon 30 Jan 2023 17:40:07 INFO  epoch 21 training [time: 3.49s, train_loss1: 25.3527, train_loss2: 30.9898]
Mon 30 Jan 2023 17:40:07 INFO  epoch 21 evaluating [time: 0.19s, valid_score: 0.135700]
Mon 30 Jan 2023 17:40:07 INFO  valid result: 
recall@10 : 0.0501    mrr@10 : 0.1357    ndcg@10 : 0.063    hit@10 : 0.3139    precision@10 : 0.0476
Mon 30 Jan 2023 17:40:11 INFO  epoch 22 training [time: 3.50s, train_loss1: 25.3004, train_loss2: 30.9659]
Mon 30 Jan 2023 17:40:11 INFO  epoch 22 evaluating [time: 0.19s, valid_score: 0.080100]
Mon 30 Jan 2023 17:40:11 INFO  valid result: 
recall@10 : 0.038    mrr@10 : 0.0801    ndcg@10 : 0.0416    hit@10 : 0.2216    precision@10 : 0.0317
Mon 30 Jan 2023 17:40:15 INFO  epoch 23 training [time: 3.56s, train_loss1: 24.2395, train_loss2: 30.9383]
Mon 30 Jan 2023 17:40:15 INFO  epoch 23 evaluating [time: 0.20s, valid_score: 0.150900]
Mon 30 Jan 2023 17:40:15 INFO  valid result: 
recall@10 : 0.0666    mrr@10 : 0.1509    ndcg@10 : 0.0769    hit@10 : 0.404    precision@10 : 0.0627
Mon 30 Jan 2023 17:40:15 INFO  Saving current: saved/KGAT-Jan-30-2023_17-38-43.pth
Mon 30 Jan 2023 17:40:18 INFO  epoch 24 training [time: 3.65s, train_loss1: 22.7500, train_loss2: 30.9108]
Mon 30 Jan 2023 17:40:19 INFO  epoch 24 evaluating [time: 0.19s, valid_score: 0.060200]
Mon 30 Jan 2023 17:40:19 INFO  valid result: 
recall@10 : 0.0272    mrr@10 : 0.0602    ndcg@10 : 0.0297    hit@10 : 0.1888    precision@10 : 0.024
Mon 30 Jan 2023 17:40:22 INFO  epoch 25 training [time: 3.73s, train_loss1: 20.2637, train_loss2: 30.8804]
Mon 30 Jan 2023 17:40:23 INFO  epoch 25 evaluating [time: 0.20s, valid_score: 0.068200]
Mon 30 Jan 2023 17:40:23 INFO  valid result: 
recall@10 : 0.0276    mrr@10 : 0.0682    ndcg@10 : 0.0329    hit@10 : 0.1898    precision@10 : 0.0256
Mon 30 Jan 2023 17:40:26 INFO  epoch 26 training [time: 3.70s, train_loss1: 19.7302, train_loss2: 30.8507]
Mon 30 Jan 2023 17:40:26 INFO  epoch 26 evaluating [time: 0.19s, valid_score: 0.070000]
Mon 30 Jan 2023 17:40:26 INFO  valid result: 
recall@10 : 0.0315    mrr@10 : 0.07    ndcg@10 : 0.0347    hit@10 : 0.2089    precision@10 : 0.027
Mon 30 Jan 2023 17:40:30 INFO  epoch 27 training [time: 3.53s, train_loss1: 19.2594, train_loss2: 30.8184]
Mon 30 Jan 2023 17:40:30 INFO  epoch 27 evaluating [time: 0.19s, valid_score: 0.068800]
Mon 30 Jan 2023 17:40:30 INFO  valid result: 
recall@10 : 0.0306    mrr@10 : 0.0688    ndcg@10 : 0.0342    hit@10 : 0.2238    precision@10 : 0.0287
Mon 30 Jan 2023 17:40:34 INFO  epoch 28 training [time: 3.50s, train_loss1: 19.0718, train_loss2: 30.7849]
Mon 30 Jan 2023 17:40:34 INFO  epoch 28 evaluating [time: 0.21s, valid_score: 0.077800]
Mon 30 Jan 2023 17:40:34 INFO  valid result: 
recall@10 : 0.0351    mrr@10 : 0.0778    ndcg@10 : 0.0391    hit@10 : 0.2407    precision@10 : 0.0327
Mon 30 Jan 2023 17:40:37 INFO  epoch 29 training [time: 3.58s, train_loss1: 18.7187, train_loss2: 30.7502]
Mon 30 Jan 2023 17:40:38 INFO  epoch 29 evaluating [time: 0.19s, valid_score: 0.066600]
Mon 30 Jan 2023 17:40:38 INFO  valid result: 
recall@10 : 0.0282    mrr@10 : 0.0666    ndcg@10 : 0.0328    hit@10 : 0.2216    precision@10 : 0.029
Mon 30 Jan 2023 17:40:41 INFO  epoch 30 training [time: 3.82s, train_loss1: 18.6320, train_loss2: 30.7140]
Mon 30 Jan 2023 17:40:42 INFO  epoch 30 evaluating [time: 0.25s, valid_score: 0.066900]
Mon 30 Jan 2023 17:40:42 INFO  valid result: 
recall@10 : 0.0276    mrr@10 : 0.0669    ndcg@10 : 0.0326    hit@10 : 0.2259    precision@10 : 0.0287
Mon 30 Jan 2023 17:40:46 INFO  epoch 31 training [time: 4.74s, train_loss1: 18.5255, train_loss2: 30.6761]
Mon 30 Jan 2023 17:40:47 INFO  epoch 31 evaluating [time: 0.24s, valid_score: 0.070200]
Mon 30 Jan 2023 17:40:47 INFO  valid result: 
recall@10 : 0.0308    mrr@10 : 0.0702    ndcg@10 : 0.0351    hit@10 : 0.2206    precision@10 : 0.0304
Mon 30 Jan 2023 17:40:51 INFO  epoch 32 training [time: 4.01s, train_loss1: 18.3876, train_loss2: 30.6369]
Mon 30 Jan 2023 17:40:51 INFO  epoch 32 evaluating [time: 0.19s, valid_score: 0.069500]
Mon 30 Jan 2023 17:40:51 INFO  valid result: 
recall@10 : 0.0279    mrr@10 : 0.0695    ndcg@10 : 0.0333    hit@10 : 0.2238    precision@10 : 0.0298
Mon 30 Jan 2023 17:40:55 INFO  epoch 33 training [time: 3.59s, train_loss1: 18.2043, train_loss2: 30.5963]
Mon 30 Jan 2023 17:40:55 INFO  epoch 33 evaluating [time: 0.20s, valid_score: 0.077100]
Mon 30 Jan 2023 17:40:55 INFO  valid result: 
recall@10 : 0.0347    mrr@10 : 0.0771    ndcg@10 : 0.0385    hit@10 : 0.2428    precision@10 : 0.0331
Mon 30 Jan 2023 17:40:58 INFO  epoch 34 training [time: 3.50s, train_loss1: 18.1794, train_loss2: 30.5550]
Mon 30 Jan 2023 17:40:58 INFO  epoch 34 evaluating [time: 0.19s, valid_score: 0.075900]
Mon 30 Jan 2023 17:40:58 INFO  valid result: 
recall@10 : 0.0307    mrr@10 : 0.0759    ndcg@10 : 0.0368    hit@10 : 0.2333    precision@10 : 0.0322
Mon 30 Jan 2023 17:40:58 INFO  Finished training, best eval result in epoch 23
Mon 30 Jan 2023 17:40:58 INFO  Loading model structure and parameters from saved/KGAT-Jan-30-2023_17-38-43.pth
Mon 30 Jan 2023 17:40:59 INFO  best valid : OrderedDict([('recall@10', 0.0666), ('mrr@10', 0.1509), ('ndcg@10', 0.0769), ('hit@10', 0.404), ('precision@10', 0.0627)])
Mon 30 Jan 2023 17:40:59 INFO  test result: OrderedDict([('recall@10', 0.0691), ('mrr@10', 0.1601), ('ndcg@10', 0.0838), ('hit@10', 0.4136), ('precision@10', 0.0694)])
