Thu 26 Jan 2023 17:30:32 INFO  momentum
Thu 26 Jan 2023 17:30:33 INFO  ['recbole_test.py']
Thu 26 Jan 2023 17:30:33 INFO  
General Hyper Parameters:
gpu_id = 0
use_gpu = True
seed = 2020
state = INFO
reproducibility = True
data_path = /work/03/gu14/k36095/kgat_bai/recbole/config/../dataset_example/ml-100k
checkpoint_dir = saved
show_progress = True
save_dataset = True
dataset_save_path = None
save_dataloaders = False
dataloaders_save_path = None
log_wandb = False

Training Hyper Parameters:
epochs = 300
train_batch_size = 2048
learner = adam
learning_rate = 0.001
train_neg_sample_args = {'distribution': 'uniform', 'sample_num': 1, 'alpha': 1.0, 'dynamic': False, 'candidate_num': 0}
eval_step = 1
stopping_step = 300
clip_grad_norm = None
weight_decay = 0.0
loss_decimal_place = 4

Evaluation Hyper Parameters:
eval_args = {'split': {'RS': [0.8, 0.1, 0.1]}, 'group_by': 'user', 'order': 'RO', 'mode': 'full'}
repeatable = False
metrics = ['Recall', 'MRR', 'NDCG', 'Hit', 'Precision']
topk = [10]
valid_metric = MRR@10
valid_metric_bigger = True
eval_batch_size = 4096
metric_decimal_place = 4

Dataset Hyper Parameters:
field_separator = 	
seq_separator =  
USER_ID_FIELD = user_id
ITEM_ID_FIELD = item_id
RATING_FIELD = rating
TIME_FIELD = timestamp
seq_len = None
LABEL_FIELD = label
threshold = None
NEG_PREFIX = neg_
load_col = {'inter': ['user_id', 'item_id', 'rating', 'timestamp'], 'kg': ['head_id', 'relation_id', 'tail_id'], 'link': ['item_id', 'entity_id']}
unload_col = None
unused_col = None
additional_feat_suffix = None
rm_dup_inter = None
val_interval = None
filter_inter_by_user_or_item = True
user_inter_num_interval = None
item_inter_num_interval = None
alias_of_user_id = None
alias_of_item_id = None
alias_of_entity_id = None
alias_of_relation_id = None
preload_weight = None
normalize_field = None
normalize_all = True
ITEM_LIST_LENGTH_FIELD = item_length
LIST_SUFFIX = _list
MAX_ITEM_LIST_LENGTH = 50
POSITION_FIELD = position_id
HEAD_ENTITY_ID_FIELD = head_id
TAIL_ENTITY_ID_FIELD = tail_id
RELATION_ID_FIELD = relation_id
ENTITY_ID_FIELD = entity_id
kg_reverse_r = False
entity_kg_num_interval = [0,inf)
relation_kg_num_interval = [0,inf)
benchmark_filename = None

Other Hyper Parameters: 
worker = 0
wandb_project = recbole
shuffle = True
require_pow = False
enable_amp = False
enable_scaler = False
transform = None
embedding_size = 64
kg_embedding_size = 64
layers = [64]
mess_dropout = 0.1
reg_weight = 1e-05
aggregator_type = bi
numerical_features = []
discretization = None
MODEL_TYPE = ModelType.KNOWLEDGE
MODEL_INPUT_TYPE = InputType.PAIRWISE
eval_type = EvaluatorType.RANKING
single_spec = True
local_rank = 0
device = cpu
eval_neg_sample_args = {'distribution': 'uniform', 'sample_num': 'none'}


Thu 26 Jan 2023 17:30:34 INFO  Saving filtered dataset into [saved/ml-100k-dataset.pth]
Thu 26 Jan 2023 17:30:35 INFO  ml-100k
The number of users: 944
Average actions of users: 103.4506892895016
The number of items: 1599
Average actions of items: 61.04755944931164
The number of inters: 97554
The sparsity of the dataset: 93.53714185772888%
Remain Fields: ['entity_id', 'user_id', 'item_id', 'rating', 'timestamp', 'head_id', 'relation_id', 'tail_id']
The number of entities: 34629
The number of relations: 26
The number of triples: 91631
The number of items that have been linked to KG: 1598
Thu 26 Jan 2023 17:30:36 INFO  [Training]: train_batch_size = [2048] train_neg_sample_args: [{'distribution': 'uniform', 'sample_num': 1, 'alpha': 1.0, 'dynamic': False, 'candidate_num': 0}]
Thu 26 Jan 2023 17:30:36 INFO  [Evaluation]: eval_batch_size = [4096] eval_args: [{'split': {'RS': [0.8, 0.1, 0.1]}, 'group_by': 'user', 'order': 'RO', 'mode': 'full'}]
Thu 26 Jan 2023 17:30:44 INFO  KGAT(
  (user_embedding): Embedding(944, 64)
  (entity_embedding): Embedding(34629, 64)
  (relation_embedding): Embedding(26, 64)
  (trans_w): Embedding(26, 4096)
  (aggregator_layers): ModuleList(
    (0): Aggregator(
      (message_dropout): Dropout(p=0.1, inplace=False)
      (W1): Linear(in_features=64, out_features=64, bias=True)
      (W2): Linear(in_features=64, out_features=64, bias=True)
      (activation): LeakyReLU(negative_slope=0.01)
    )
  )
  (tanh): Tanh()
  (mf_loss): BPRLoss()
  (reg_loss): EmbLoss()
)
Trainable parameters: 2393152
Thu 26 Jan 2023 17:30:45 INFO  FLOPs: 291414016.0
Thu 26 Jan 2023 17:30:54 INFO  epoch 0 training [time: 8.94s, train_loss1: 26.6703, train_loss2: 31.1894]
Thu 26 Jan 2023 17:30:55 INFO  epoch 0 evaluating [time: 0.55s, valid_score: 0.015600]
Thu 26 Jan 2023 17:30:55 INFO  valid result: 
recall@10 : 0.0048    mrr@10 : 0.0156    ndcg@10 : 0.0062    hit@10 : 0.0541    precision@10 : 0.0057
Thu 26 Jan 2023 17:30:55 INFO  Saving current: saved/KGAT-Jan-26-2023_17-30-45.pth
Thu 26 Jan 2023 17:31:03 INFO  epoch 1 training [time: 7.64s, train_loss1: 26.8021, train_loss2: 31.1887]
Thu 26 Jan 2023 17:31:03 INFO  epoch 1 evaluating [time: 0.29s, valid_score: 0.018300]
Thu 26 Jan 2023 17:31:03 INFO  valid result: 
recall@10 : 0.0055    mrr@10 : 0.0183    ndcg@10 : 0.0074    hit@10 : 0.0689    precision@10 : 0.0073
Thu 26 Jan 2023 17:31:03 INFO  Saving current: saved/KGAT-Jan-26-2023_17-30-45.pth
Thu 26 Jan 2023 17:31:11 INFO  epoch 2 training [time: 7.61s, train_loss1: 26.6368, train_loss2: 31.1879]
Thu 26 Jan 2023 17:31:11 INFO  epoch 2 evaluating [time: 0.36s, valid_score: 0.017700]
Thu 26 Jan 2023 17:31:11 INFO  valid result: 
recall@10 : 0.0055    mrr@10 : 0.0177    ndcg@10 : 0.0072    hit@10 : 0.0689    precision@10 : 0.0073
Thu 26 Jan 2023 17:31:18 INFO  epoch 3 training [time: 7.20s, train_loss1: 26.5246, train_loss2: 31.1875]
Thu 26 Jan 2023 17:31:19 INFO  epoch 3 evaluating [time: 0.30s, valid_score: 0.020300]
Thu 26 Jan 2023 17:31:19 INFO  valid result: 
recall@10 : 0.0064    mrr@10 : 0.0203    ndcg@10 : 0.0081    hit@10 : 0.0732    precision@10 : 0.0077
Thu 26 Jan 2023 17:31:19 INFO  Saving current: saved/KGAT-Jan-26-2023_17-30-45.pth
Thu 26 Jan 2023 17:31:26 INFO  epoch 4 training [time: 6.84s, train_loss1: 26.4359, train_loss2: 31.1864]
Thu 26 Jan 2023 17:31:26 INFO  epoch 4 evaluating [time: 0.37s, valid_score: 0.019800]
Thu 26 Jan 2023 17:31:26 INFO  valid result: 
recall@10 : 0.007    mrr@10 : 0.0198    ndcg@10 : 0.0084    hit@10 : 0.0785    precision@10 : 0.0083
Thu 26 Jan 2023 17:31:33 INFO  epoch 5 training [time: 6.86s, train_loss1: 26.3415, train_loss2: 31.1859]
Thu 26 Jan 2023 17:31:33 INFO  epoch 5 evaluating [time: 0.30s, valid_score: 0.020600]
Thu 26 Jan 2023 17:31:33 INFO  valid result: 
recall@10 : 0.0069    mrr@10 : 0.0206    ndcg@10 : 0.0086    hit@10 : 0.0774    precision@10 : 0.0084
Thu 26 Jan 2023 17:31:33 INFO  Saving current: saved/KGAT-Jan-26-2023_17-30-45.pth
Thu 26 Jan 2023 17:31:40 INFO  epoch 6 training [time: 7.07s, train_loss1: 26.2324, train_loss2: 31.1854]
Thu 26 Jan 2023 17:31:41 INFO  epoch 6 evaluating [time: 0.29s, valid_score: 0.022300]
Thu 26 Jan 2023 17:31:41 INFO  valid result: 
recall@10 : 0.0078    mrr@10 : 0.0223    ndcg@10 : 0.0094    hit@10 : 0.0827    precision@10 : 0.009
Thu 26 Jan 2023 17:31:41 INFO  Saving current: saved/KGAT-Jan-26-2023_17-30-45.pth
Thu 26 Jan 2023 17:31:48 INFO  epoch 7 training [time: 7.34s, train_loss1: 26.1393, train_loss2: 31.1852]
Thu 26 Jan 2023 17:31:48 INFO  epoch 7 evaluating [time: 0.38s, valid_score: 0.023500]
Thu 26 Jan 2023 17:31:48 INFO  valid result: 
recall@10 : 0.0081    mrr@10 : 0.0235    ndcg@10 : 0.0098    hit@10 : 0.0817    precision@10 : 0.0092
Thu 26 Jan 2023 17:31:48 INFO  Saving current: saved/KGAT-Jan-26-2023_17-30-45.pth
Thu 26 Jan 2023 17:31:56 INFO  epoch 8 training [time: 7.57s, train_loss1: 26.0694, train_loss2: 31.1849]
Thu 26 Jan 2023 17:31:56 INFO  epoch 8 evaluating [time: 0.32s, valid_score: 0.022300]
Thu 26 Jan 2023 17:31:56 INFO  valid result: 
recall@10 : 0.0084    mrr@10 : 0.0223    ndcg@10 : 0.0099    hit@10 : 0.087    precision@10 : 0.0098
Thu 26 Jan 2023 17:32:04 INFO  epoch 9 training [time: 7.54s, train_loss1: 25.9688, train_loss2: 31.1835]
Thu 26 Jan 2023 17:32:04 INFO  epoch 9 evaluating [time: 0.29s, valid_score: 0.024400]
Thu 26 Jan 2023 17:32:04 INFO  valid result: 
recall@10 : 0.0085    mrr@10 : 0.0244    ndcg@10 : 0.0107    hit@10 : 0.0923    precision@10 : 0.0105
Thu 26 Jan 2023 17:32:04 INFO  Saving current: saved/KGAT-Jan-26-2023_17-30-45.pth
Thu 26 Jan 2023 17:32:12 INFO  epoch 10 training [time: 7.33s, train_loss1: 25.8808, train_loss2: 31.1833]
Thu 26 Jan 2023 17:32:12 INFO  epoch 10 evaluating [time: 0.28s, valid_score: 0.025900]
Thu 26 Jan 2023 17:32:12 INFO  valid result: 
recall@10 : 0.0098    mrr@10 : 0.0259    ndcg@10 : 0.0114    hit@10 : 0.0976    precision@10 : 0.0109
Thu 26 Jan 2023 17:32:12 INFO  Saving current: saved/KGAT-Jan-26-2023_17-30-45.pth
Thu 26 Jan 2023 17:32:20 INFO  epoch 11 training [time: 7.65s, train_loss1: 25.8043, train_loss2: 31.1825]
Thu 26 Jan 2023 17:32:20 INFO  epoch 11 evaluating [time: 0.28s, valid_score: 0.025700]
Thu 26 Jan 2023 17:32:20 INFO  valid result: 
recall@10 : 0.0109    mrr@10 : 0.0257    ndcg@10 : 0.012    hit@10 : 0.1029    precision@10 : 0.0118
Thu 26 Jan 2023 17:32:28 INFO  epoch 12 training [time: 8.41s, train_loss1: 25.7220, train_loss2: 31.1822]
Thu 26 Jan 2023 17:32:29 INFO  epoch 12 evaluating [time: 0.62s, valid_score: 0.025600]
Thu 26 Jan 2023 17:32:29 INFO  valid result: 
recall@10 : 0.0115    mrr@10 : 0.0256    ndcg@10 : 0.0124    hit@10 : 0.106    precision@10 : 0.0123
Thu 26 Jan 2023 17:32:37 INFO  epoch 13 training [time: 7.58s, train_loss1: 25.6481, train_loss2: 31.1813]
Thu 26 Jan 2023 17:32:37 INFO  epoch 13 evaluating [time: 0.46s, valid_score: 0.025700]
Thu 26 Jan 2023 17:32:37 INFO  valid result: 
recall@10 : 0.0116    mrr@10 : 0.0257    ndcg@10 : 0.0124    hit@10 : 0.1071    precision@10 : 0.0125
Thu 26 Jan 2023 17:32:45 INFO  epoch 14 training [time: 8.10s, train_loss1: 25.5711, train_loss2: 31.1805]
Thu 26 Jan 2023 17:32:46 INFO  epoch 14 evaluating [time: 0.35s, valid_score: 0.028500]
Thu 26 Jan 2023 17:32:46 INFO  valid result: 
recall@10 : 0.012    mrr@10 : 0.0285    ndcg@10 : 0.0132    hit@10 : 0.1082    precision@10 : 0.0127
Thu 26 Jan 2023 17:32:46 INFO  Saving current: saved/KGAT-Jan-26-2023_17-30-45.pth
Thu 26 Jan 2023 17:32:53 INFO  epoch 15 training [time: 7.33s, train_loss1: 25.5023, train_loss2: 31.1800]
Thu 26 Jan 2023 17:32:53 INFO  epoch 15 evaluating [time: 0.36s, valid_score: 0.028700]
Thu 26 Jan 2023 17:32:53 INFO  valid result: 
recall@10 : 0.0111    mrr@10 : 0.0287    ndcg@10 : 0.013    hit@10 : 0.1092    precision@10 : 0.0126
Thu 26 Jan 2023 17:32:53 INFO  Saving current: saved/KGAT-Jan-26-2023_17-30-45.pth
Thu 26 Jan 2023 17:33:01 INFO  epoch 16 training [time: 7.40s, train_loss1: 25.4261, train_loss2: 31.1799]
Thu 26 Jan 2023 17:33:01 INFO  epoch 16 evaluating [time: 0.28s, valid_score: 0.027800]
Thu 26 Jan 2023 17:33:01 INFO  valid result: 
recall@10 : 0.0117    mrr@10 : 0.0278    ndcg@10 : 0.0131    hit@10 : 0.1092    precision@10 : 0.0126
Thu 26 Jan 2023 17:33:08 INFO  epoch 17 training [time: 7.28s, train_loss1: 25.3772, train_loss2: 31.1792]
Thu 26 Jan 2023 17:33:09 INFO  epoch 17 evaluating [time: 0.28s, valid_score: 0.031500]
Thu 26 Jan 2023 17:33:09 INFO  valid result: 
recall@10 : 0.0123    mrr@10 : 0.0315    ndcg@10 : 0.014    hit@10 : 0.1135    precision@10 : 0.0129
Thu 26 Jan 2023 17:33:09 INFO  Saving current: saved/KGAT-Jan-26-2023_17-30-45.pth
Thu 26 Jan 2023 17:33:17 INFO  epoch 18 training [time: 8.16s, train_loss1: 25.2865, train_loss2: 31.1784]
Thu 26 Jan 2023 17:33:17 INFO  epoch 18 evaluating [time: 0.40s, valid_score: 0.033000]
Thu 26 Jan 2023 17:33:17 INFO  valid result: 
recall@10 : 0.0136    mrr@10 : 0.033    ndcg@10 : 0.0152    hit@10 : 0.122    precision@10 : 0.0142
Thu 26 Jan 2023 17:33:17 INFO  Saving current: saved/KGAT-Jan-26-2023_17-30-45.pth
Thu 26 Jan 2023 17:33:25 INFO  epoch 19 training [time: 7.82s, train_loss1: 25.2310, train_loss2: 31.1776]
Thu 26 Jan 2023 17:33:26 INFO  epoch 19 evaluating [time: 0.36s, valid_score: 0.032700]
Thu 26 Jan 2023 17:33:26 INFO  valid result: 
recall@10 : 0.0152    mrr@10 : 0.0327    ndcg@10 : 0.0163    hit@10 : 0.1304    precision@10 : 0.0157
Thu 26 Jan 2023 17:33:33 INFO  epoch 20 training [time: 7.86s, train_loss1: 25.1607, train_loss2: 31.1774]
Thu 26 Jan 2023 17:33:34 INFO  epoch 20 evaluating [time: 0.52s, valid_score: 0.035900]
Thu 26 Jan 2023 17:33:34 INFO  valid result: 
recall@10 : 0.0154    mrr@10 : 0.0359    ndcg@10 : 0.0172    hit@10 : 0.1315    precision@10 : 0.0161
Thu 26 Jan 2023 17:33:34 INFO  Saving current: saved/KGAT-Jan-26-2023_17-30-45.pth
Thu 26 Jan 2023 17:33:48 INFO  epoch 21 training [time: 14.04s, train_loss1: 25.1053, train_loss2: 31.1763]
Thu 26 Jan 2023 17:33:49 INFO  epoch 21 evaluating [time: 0.37s, valid_score: 0.034800]
Thu 26 Jan 2023 17:33:49 INFO  valid result: 
recall@10 : 0.0141    mrr@10 : 0.0348    ndcg@10 : 0.0165    hit@10 : 0.1251    precision@10 : 0.0148
Thu 26 Jan 2023 17:33:56 INFO  epoch 22 training [time: 7.86s, train_loss1: 25.0584, train_loss2: 31.1758]
Thu 26 Jan 2023 17:33:57 INFO  epoch 22 evaluating [time: 0.39s, valid_score: 0.036300]
Thu 26 Jan 2023 17:33:57 INFO  valid result: 
recall@10 : 0.0152    mrr@10 : 0.0363    ndcg@10 : 0.0175    hit@10 : 0.1379    precision@10 : 0.0165
Thu 26 Jan 2023 17:33:57 INFO  Saving current: saved/KGAT-Jan-26-2023_17-30-45.pth
Thu 26 Jan 2023 17:34:04 INFO  epoch 23 training [time: 7.50s, train_loss1: 24.9765, train_loss2: 31.1748]
Thu 26 Jan 2023 17:34:05 INFO  epoch 23 evaluating [time: 0.38s, valid_score: 0.035600]
Thu 26 Jan 2023 17:34:05 INFO  valid result: 
recall@10 : 0.0163    mrr@10 : 0.0356    ndcg@10 : 0.0177    hit@10 : 0.1389    precision@10 : 0.0172
Thu 26 Jan 2023 17:34:13 INFO  epoch 24 training [time: 8.47s, train_loss1: 24.9160, train_loss2: 31.1743]
Thu 26 Jan 2023 17:34:14 INFO  epoch 24 evaluating [time: 0.28s, valid_score: 0.038700]
Thu 26 Jan 2023 17:34:14 INFO  valid result: 
recall@10 : 0.0168    mrr@10 : 0.0387    ndcg@10 : 0.019    hit@10 : 0.1389    precision@10 : 0.0175
Thu 26 Jan 2023 17:34:14 INFO  Saving current: saved/KGAT-Jan-26-2023_17-30-45.pth
Thu 26 Jan 2023 17:34:21 INFO  epoch 25 training [time: 7.15s, train_loss1: 24.8515, train_loss2: 31.1732]
Thu 26 Jan 2023 17:34:21 INFO  epoch 25 evaluating [time: 0.26s, valid_score: 0.041500]
Thu 26 Jan 2023 17:34:21 INFO  valid result: 
recall@10 : 0.0166    mrr@10 : 0.0415    ndcg@10 : 0.0197    hit@10 : 0.1442    precision@10 : 0.0178
Thu 26 Jan 2023 17:34:21 INFO  Saving current: saved/KGAT-Jan-26-2023_17-30-45.pth
Thu 26 Jan 2023 17:34:28 INFO  epoch 26 training [time: 7.09s, train_loss1: 24.7788, train_loss2: 31.1725]
Thu 26 Jan 2023 17:34:29 INFO  epoch 26 evaluating [time: 0.38s, valid_score: 0.040400]
Thu 26 Jan 2023 17:34:29 INFO  valid result: 
recall@10 : 0.0178    mrr@10 : 0.0404    ndcg@10 : 0.02    hit@10 : 0.1527    precision@10 : 0.0187
Thu 26 Jan 2023 17:34:36 INFO  epoch 27 training [time: 7.05s, train_loss1: 24.7196, train_loss2: 31.1719]
Thu 26 Jan 2023 17:34:36 INFO  epoch 27 evaluating [time: 0.33s, valid_score: 0.041500]
Thu 26 Jan 2023 17:34:36 INFO  valid result: 
recall@10 : 0.0167    mrr@10 : 0.0415    ndcg@10 : 0.0204    hit@10 : 0.1474    precision@10 : 0.019
Thu 26 Jan 2023 17:34:36 INFO  Saving current: saved/KGAT-Jan-26-2023_17-30-45.pth
Thu 26 Jan 2023 17:34:44 INFO  epoch 28 training [time: 7.61s, train_loss1: 24.6966, train_loss2: 31.1711]
Thu 26 Jan 2023 17:34:44 INFO  epoch 28 evaluating [time: 0.34s, valid_score: 0.041800]
Thu 26 Jan 2023 17:34:44 INFO  valid result: 
recall@10 : 0.0171    mrr@10 : 0.0418    ndcg@10 : 0.0206    hit@10 : 0.1527    precision@10 : 0.0196
Thu 26 Jan 2023 17:34:44 INFO  Saving current: saved/KGAT-Jan-26-2023_17-30-45.pth
Thu 26 Jan 2023 17:34:52 INFO  epoch 29 training [time: 8.17s, train_loss1: 24.6084, train_loss2: 31.1705]
Thu 26 Jan 2023 17:34:53 INFO  epoch 29 evaluating [time: 0.31s, valid_score: 0.040700]
Thu 26 Jan 2023 17:34:53 INFO  valid result: 
recall@10 : 0.0173    mrr@10 : 0.0407    ndcg@10 : 0.0208    hit@10 : 0.1538    precision@10 : 0.0198
Thu 26 Jan 2023 17:35:02 INFO  epoch 30 training [time: 9.29s, train_loss1: 24.5347, train_loss2: 31.1697]
Thu 26 Jan 2023 17:35:02 INFO  epoch 30 evaluating [time: 0.33s, valid_score: 0.044300]
Thu 26 Jan 2023 17:35:02 INFO  valid result: 
recall@10 : 0.0193    mrr@10 : 0.0443    ndcg@10 : 0.0217    hit@10 : 0.1644    precision@10 : 0.0203
Thu 26 Jan 2023 17:35:02 INFO  Saving current: saved/KGAT-Jan-26-2023_17-30-45.pth
Thu 26 Jan 2023 17:35:10 INFO  epoch 31 training [time: 7.83s, train_loss1: 24.4851, train_loss2: 31.1688]
Thu 26 Jan 2023 17:35:11 INFO  epoch 31 evaluating [time: 0.31s, valid_score: 0.043500]
Thu 26 Jan 2023 17:35:11 INFO  valid result: 
recall@10 : 0.0189    mrr@10 : 0.0435    ndcg@10 : 0.0219    hit@10 : 0.1601    precision@10 : 0.0204
Thu 26 Jan 2023 17:35:18 INFO  epoch 32 training [time: 7.89s, train_loss1: 24.3869, train_loss2: 31.1676]
Thu 26 Jan 2023 17:35:19 INFO  epoch 32 evaluating [time: 0.26s, valid_score: 0.044800]
Thu 26 Jan 2023 17:35:19 INFO  valid result: 
recall@10 : 0.0193    mrr@10 : 0.0448    ndcg@10 : 0.0224    hit@10 : 0.1676    precision@10 : 0.021
Thu 26 Jan 2023 17:35:19 INFO  Saving current: saved/KGAT-Jan-26-2023_17-30-45.pth
Thu 26 Jan 2023 17:35:26 INFO  epoch 33 training [time: 7.05s, train_loss1: 24.2977, train_loss2: 31.1671]
Thu 26 Jan 2023 17:35:26 INFO  epoch 33 evaluating [time: 0.29s, valid_score: 0.048300]
Thu 26 Jan 2023 17:35:26 INFO  valid result: 
recall@10 : 0.02    mrr@10 : 0.0483    ndcg@10 : 0.0236    hit@10 : 0.1729    precision@10 : 0.022
Thu 26 Jan 2023 17:35:26 INFO  Saving current: saved/KGAT-Jan-26-2023_17-30-45.pth
Thu 26 Jan 2023 17:35:33 INFO  epoch 34 training [time: 6.39s, train_loss1: 24.1731, train_loss2: 31.1664]
Thu 26 Jan 2023 17:35:33 INFO  epoch 34 evaluating [time: 0.26s, valid_score: 0.050500]
Thu 26 Jan 2023 17:35:33 INFO  valid result: 
recall@10 : 0.0198    mrr@10 : 0.0505    ndcg@10 : 0.0239    hit@10 : 0.1845    precision@10 : 0.0227
Thu 26 Jan 2023 17:35:33 INFO  Saving current: saved/KGAT-Jan-26-2023_17-30-45.pth
Thu 26 Jan 2023 17:35:40 INFO  epoch 35 training [time: 6.87s, train_loss1: 24.0646, train_loss2: 31.1655]
Thu 26 Jan 2023 17:35:40 INFO  epoch 35 evaluating [time: 0.27s, valid_score: 0.048800]
Thu 26 Jan 2023 17:35:40 INFO  valid result: 
recall@10 : 0.0208    mrr@10 : 0.0488    ndcg@10 : 0.0245    hit@10 : 0.1771    precision@10 : 0.0224
Thu 26 Jan 2023 17:35:48 INFO  epoch 36 training [time: 7.83s, train_loss1: 23.8481, train_loss2: 31.1639]
Thu 26 Jan 2023 17:35:48 INFO  epoch 36 evaluating [time: 0.49s, valid_score: 0.048900]
Thu 26 Jan 2023 17:35:48 INFO  valid result: 
recall@10 : 0.0215    mrr@10 : 0.0489    ndcg@10 : 0.0245    hit@10 : 0.1771    precision@10 : 0.0227
Thu 26 Jan 2023 17:35:57 INFO  epoch 37 training [time: 8.42s, train_loss1: 23.5230, train_loss2: 31.1634]
Thu 26 Jan 2023 17:35:57 INFO  epoch 37 evaluating [time: 0.42s, valid_score: 0.053100]
Thu 26 Jan 2023 17:35:57 INFO  valid result: 
recall@10 : 0.0226    mrr@10 : 0.0531    ndcg@10 : 0.0261    hit@10 : 0.1898    precision@10 : 0.0241
Thu 26 Jan 2023 17:35:57 INFO  Saving current: saved/KGAT-Jan-26-2023_17-30-45.pth
Thu 26 Jan 2023 17:36:05 INFO  epoch 38 training [time: 7.37s, train_loss1: 23.2546, train_loss2: 31.1624]
Thu 26 Jan 2023 17:36:05 INFO  epoch 38 evaluating [time: 0.39s, valid_score: 0.052700]
Thu 26 Jan 2023 17:36:05 INFO  valid result: 
recall@10 : 0.0228    mrr@10 : 0.0527    ndcg@10 : 0.0263    hit@10 : 0.1909    precision@10 : 0.0245
Thu 26 Jan 2023 17:36:12 INFO  epoch 39 training [time: 7.18s, train_loss1: 22.9391, train_loss2: 31.1613]
Thu 26 Jan 2023 17:36:13 INFO  epoch 39 evaluating [time: 0.30s, valid_score: 0.057800]
Thu 26 Jan 2023 17:36:13 INFO  valid result: 
recall@10 : 0.024    mrr@10 : 0.0578    ndcg@10 : 0.0279    hit@10 : 0.1983    precision@10 : 0.0256
Thu 26 Jan 2023 17:36:13 INFO  Saving current: saved/KGAT-Jan-26-2023_17-30-45.pth
Thu 26 Jan 2023 17:36:20 INFO  epoch 40 training [time: 7.46s, train_loss1: 22.6493, train_loss2: 31.1605]
Thu 26 Jan 2023 17:36:21 INFO  epoch 40 evaluating [time: 0.25s, valid_score: 0.061400]
Thu 26 Jan 2023 17:36:21 INFO  valid result: 
recall@10 : 0.0251    mrr@10 : 0.0614    ndcg@10 : 0.0295    hit@10 : 0.21    precision@10 : 0.0266
Thu 26 Jan 2023 17:36:21 INFO  Saving current: saved/KGAT-Jan-26-2023_17-30-45.pth
Thu 26 Jan 2023 17:36:28 INFO  epoch 41 training [time: 7.55s, train_loss1: 22.4193, train_loss2: 31.1592]
Thu 26 Jan 2023 17:36:28 INFO  epoch 41 evaluating [time: 0.28s, valid_score: 0.062300]
Thu 26 Jan 2023 17:36:28 INFO  valid result: 
recall@10 : 0.0248    mrr@10 : 0.0623    ndcg@10 : 0.0294    hit@10 : 0.1972    precision@10 : 0.0256
Thu 26 Jan 2023 17:36:29 INFO  Saving current: saved/KGAT-Jan-26-2023_17-30-45.pth
Thu 26 Jan 2023 17:36:36 INFO  epoch 42 training [time: 6.99s, train_loss1: 22.1299, train_loss2: 31.1585]
Thu 26 Jan 2023 17:36:36 INFO  epoch 42 evaluating [time: 0.49s, valid_score: 0.062800]
Thu 26 Jan 2023 17:36:36 INFO  valid result: 
recall@10 : 0.0263    mrr@10 : 0.0628    ndcg@10 : 0.03    hit@10 : 0.2142    precision@10 : 0.027
Thu 26 Jan 2023 17:36:36 INFO  Saving current: saved/KGAT-Jan-26-2023_17-30-45.pth
Thu 26 Jan 2023 17:36:43 INFO  epoch 43 training [time: 6.56s, train_loss1: 21.8803, train_loss2: 31.1572]
Thu 26 Jan 2023 17:36:43 INFO  epoch 43 evaluating [time: 0.25s, valid_score: 0.060500]
Thu 26 Jan 2023 17:36:43 INFO  valid result: 
recall@10 : 0.0264    mrr@10 : 0.0605    ndcg@10 : 0.0302    hit@10 : 0.2142    precision@10 : 0.0279
Thu 26 Jan 2023 17:36:50 INFO  epoch 44 training [time: 7.17s, train_loss1: 21.6641, train_loss2: 31.1561]
Thu 26 Jan 2023 17:36:50 INFO  epoch 44 evaluating [time: 0.33s, valid_score: 0.064000]
Thu 26 Jan 2023 17:36:50 INFO  valid result: 
recall@10 : 0.0288    mrr@10 : 0.064    ndcg@10 : 0.0324    hit@10 : 0.2269    precision@10 : 0.0299
Thu 26 Jan 2023 17:36:51 INFO  Saving current: saved/KGAT-Jan-26-2023_17-30-45.pth
Thu 26 Jan 2023 17:36:57 INFO  epoch 45 training [time: 6.80s, train_loss1: 21.5027, train_loss2: 31.1556]
Thu 26 Jan 2023 17:36:58 INFO  epoch 45 evaluating [time: 0.27s, valid_score: 0.068300]
Thu 26 Jan 2023 17:36:58 INFO  valid result: 
recall@10 : 0.0293    mrr@10 : 0.0683    ndcg@10 : 0.0338    hit@10 : 0.2344    precision@10 : 0.0312
Thu 26 Jan 2023 17:36:58 INFO  Saving current: saved/KGAT-Jan-26-2023_17-30-45.pth
Thu 26 Jan 2023 17:37:05 INFO  epoch 46 training [time: 7.70s, train_loss1: 21.3448, train_loss2: 31.1541]
Thu 26 Jan 2023 17:37:06 INFO  epoch 46 evaluating [time: 0.28s, valid_score: 0.069800]
Thu 26 Jan 2023 17:37:06 INFO  valid result: 
recall@10 : 0.0292    mrr@10 : 0.0698    ndcg@10 : 0.034    hit@10 : 0.2291    precision@10 : 0.0303
Thu 26 Jan 2023 17:37:06 INFO  Saving current: saved/KGAT-Jan-26-2023_17-30-45.pth
Thu 26 Jan 2023 17:37:13 INFO  epoch 47 training [time: 7.21s, train_loss1: 21.2044, train_loss2: 31.1526]
Thu 26 Jan 2023 17:37:13 INFO  epoch 47 evaluating [time: 0.32s, valid_score: 0.070700]
Thu 26 Jan 2023 17:37:13 INFO  valid result: 
recall@10 : 0.03    mrr@10 : 0.0707    ndcg@10 : 0.0344    hit@10 : 0.2312    precision@10 : 0.0305
Thu 26 Jan 2023 17:37:13 INFO  Saving current: saved/KGAT-Jan-26-2023_17-30-45.pth
Thu 26 Jan 2023 17:37:20 INFO  epoch 48 training [time: 6.42s, train_loss1: 21.1078, train_loss2: 31.1517]
Thu 26 Jan 2023 17:37:20 INFO  epoch 48 evaluating [time: 0.26s, valid_score: 0.073300]
Thu 26 Jan 2023 17:37:20 INFO  valid result: 
recall@10 : 0.0309    mrr@10 : 0.0733    ndcg@10 : 0.0354    hit@10 : 0.2375    precision@10 : 0.0317
Thu 26 Jan 2023 17:37:20 INFO  Saving current: saved/KGAT-Jan-26-2023_17-30-45.pth
Thu 26 Jan 2023 17:37:27 INFO  epoch 49 training [time: 7.06s, train_loss1: 21.0242, train_loss2: 31.1505]
Thu 26 Jan 2023 17:37:28 INFO  epoch 49 evaluating [time: 0.31s, valid_score: 0.071200]
Thu 26 Jan 2023 17:37:28 INFO  valid result: 
recall@10 : 0.0308    mrr@10 : 0.0712    ndcg@10 : 0.0351    hit@10 : 0.2291    precision@10 : 0.0306
Thu 26 Jan 2023 17:37:34 INFO  epoch 50 training [time: 6.73s, train_loss1: 20.8509, train_loss2: 31.1493]
Thu 26 Jan 2023 17:37:34 INFO  epoch 50 evaluating [time: 0.27s, valid_score: 0.069300]
Thu 26 Jan 2023 17:37:34 INFO  valid result: 
recall@10 : 0.0282    mrr@10 : 0.0693    ndcg@10 : 0.034    hit@10 : 0.2216    precision@10 : 0.0305
Thu 26 Jan 2023 17:37:42 INFO  epoch 51 training [time: 7.29s, train_loss1: 20.7952, train_loss2: 31.1479]
Thu 26 Jan 2023 17:37:42 INFO  epoch 51 evaluating [time: 0.26s, valid_score: 0.067700]
Thu 26 Jan 2023 17:37:42 INFO  valid result: 
recall@10 : 0.028    mrr@10 : 0.0677    ndcg@10 : 0.0328    hit@10 : 0.2195    precision@10 : 0.0293
Thu 26 Jan 2023 17:37:49 INFO  epoch 52 training [time: 6.76s, train_loss1: 20.6666, train_loss2: 31.1465]
Thu 26 Jan 2023 17:37:49 INFO  epoch 52 evaluating [time: 0.26s, valid_score: 0.072400]
Thu 26 Jan 2023 17:37:49 INFO  valid result: 
recall@10 : 0.0297    mrr@10 : 0.0724    ndcg@10 : 0.0351    hit@10 : 0.2269    precision@10 : 0.0312
Thu 26 Jan 2023 17:37:56 INFO  epoch 53 training [time: 7.17s, train_loss1: 20.5526, train_loss2: 31.1454]
Thu 26 Jan 2023 17:37:57 INFO  epoch 53 evaluating [time: 0.26s, valid_score: 0.069800]
Thu 26 Jan 2023 17:37:57 INFO  valid result: 
recall@10 : 0.0285    mrr@10 : 0.0698    ndcg@10 : 0.0339    hit@10 : 0.2238    precision@10 : 0.03
Thu 26 Jan 2023 17:38:04 INFO  epoch 54 training [time: 7.24s, train_loss1: 20.5441, train_loss2: 31.1436]
Thu 26 Jan 2023 17:38:04 INFO  epoch 54 evaluating [time: 0.59s, valid_score: 0.073800]
Thu 26 Jan 2023 17:38:04 INFO  valid result: 
recall@10 : 0.0293    mrr@10 : 0.0738    ndcg@10 : 0.0356    hit@10 : 0.2291    precision@10 : 0.0314
Thu 26 Jan 2023 17:38:04 INFO  Saving current: saved/KGAT-Jan-26-2023_17-30-45.pth
Thu 26 Jan 2023 17:38:11 INFO  epoch 55 training [time: 6.96s, train_loss1: 20.4098, train_loss2: 31.1424]
Thu 26 Jan 2023 17:38:12 INFO  epoch 55 evaluating [time: 0.26s, valid_score: 0.070500]
Thu 26 Jan 2023 17:38:12 INFO  valid result: 
recall@10 : 0.0295    mrr@10 : 0.0705    ndcg@10 : 0.0348    hit@10 : 0.2301    precision@10 : 0.0306
Thu 26 Jan 2023 17:38:18 INFO  epoch 56 training [time: 6.11s, train_loss1: 20.3980, train_loss2: 31.1409]
Thu 26 Jan 2023 17:38:18 INFO  epoch 56 evaluating [time: 0.31s, valid_score: 0.074900]
Thu 26 Jan 2023 17:38:18 INFO  valid result: 
recall@10 : 0.0294    mrr@10 : 0.0749    ndcg@10 : 0.0356    hit@10 : 0.2301    precision@10 : 0.0313
Thu 26 Jan 2023 17:38:18 INFO  Saving current: saved/KGAT-Jan-26-2023_17-30-45.pth
Thu 26 Jan 2023 17:38:25 INFO  epoch 57 training [time: 7.22s, train_loss1: 20.2809, train_loss2: 31.1396]
Thu 26 Jan 2023 17:38:26 INFO  epoch 57 evaluating [time: 0.33s, valid_score: 0.074100]
Thu 26 Jan 2023 17:38:26 INFO  valid result: 
recall@10 : 0.0305    mrr@10 : 0.0741    ndcg@10 : 0.0353    hit@10 : 0.2301    precision@10 : 0.0305
Thu 26 Jan 2023 17:38:34 INFO  epoch 58 training [time: 7.85s, train_loss1: 20.3027, train_loss2: 31.1380]
Thu 26 Jan 2023 17:38:34 INFO  epoch 58 evaluating [time: 0.38s, valid_score: 0.069500]
Thu 26 Jan 2023 17:38:34 INFO  valid result: 
recall@10 : 0.0295    mrr@10 : 0.0695    ndcg@10 : 0.0338    hit@10 : 0.2206    precision@10 : 0.0291
Thu 26 Jan 2023 17:38:41 INFO  epoch 59 training [time: 7.35s, train_loss1: 20.2094, train_loss2: 31.1364]
Thu 26 Jan 2023 17:38:42 INFO  epoch 59 evaluating [time: 0.30s, valid_score: 0.072200]
Thu 26 Jan 2023 17:38:42 INFO  valid result: 
recall@10 : 0.0295    mrr@10 : 0.0722    ndcg@10 : 0.0345    hit@10 : 0.2291    precision@10 : 0.03
Thu 26 Jan 2023 17:38:49 INFO  epoch 60 training [time: 7.00s, train_loss1: 20.1830, train_loss2: 31.1345]
Thu 26 Jan 2023 17:38:49 INFO  epoch 60 evaluating [time: 0.36s, valid_score: 0.071000]
Thu 26 Jan 2023 17:38:49 INFO  valid result: 
recall@10 : 0.028    mrr@10 : 0.071    ndcg@10 : 0.0337    hit@10 : 0.2206    precision@10 : 0.029
Thu 26 Jan 2023 17:38:56 INFO  epoch 61 training [time: 6.83s, train_loss1: 20.1275, train_loss2: 31.1331]
Thu 26 Jan 2023 17:38:56 INFO  epoch 61 evaluating [time: 0.29s, valid_score: 0.072900]
Thu 26 Jan 2023 17:38:56 INFO  valid result: 
recall@10 : 0.0297    mrr@10 : 0.0729    ndcg@10 : 0.0354    hit@10 : 0.2301    precision@10 : 0.0305
Thu 26 Jan 2023 17:39:05 INFO  epoch 62 training [time: 8.96s, train_loss1: 20.1398, train_loss2: 31.1315]
Thu 26 Jan 2023 17:39:05 INFO  epoch 62 evaluating [time: 0.29s, valid_score: 0.064900]
Thu 26 Jan 2023 17:39:05 INFO  valid result: 
recall@10 : 0.0286    mrr@10 : 0.0649    ndcg@10 : 0.0335    hit@10 : 0.2195    precision@10 : 0.031
Thu 26 Jan 2023 17:39:13 INFO  epoch 63 training [time: 7.85s, train_loss1: 20.0794, train_loss2: 31.1303]
Thu 26 Jan 2023 17:39:14 INFO  epoch 63 evaluating [time: 0.36s, valid_score: 0.071800]
Thu 26 Jan 2023 17:39:14 INFO  valid result: 
recall@10 : 0.0312    mrr@10 : 0.0718    ndcg@10 : 0.0365    hit@10 : 0.2386    precision@10 : 0.0326
Thu 26 Jan 2023 17:39:22 INFO  epoch 64 training [time: 8.81s, train_loss1: 20.0172, train_loss2: 31.1284]
Thu 26 Jan 2023 17:39:23 INFO  epoch 64 evaluating [time: 0.39s, valid_score: 0.072100]
Thu 26 Jan 2023 17:39:23 INFO  valid result: 
recall@10 : 0.0304    mrr@10 : 0.0721    ndcg@10 : 0.0349    hit@10 : 0.228    precision@10 : 0.03
Thu 26 Jan 2023 17:39:32 INFO  epoch 65 training [time: 9.44s, train_loss1: 19.9437, train_loss2: 31.1269]
Thu 26 Jan 2023 17:39:33 INFO  epoch 65 evaluating [time: 0.34s, valid_score: 0.070400]
Thu 26 Jan 2023 17:39:33 INFO  valid result: 
recall@10 : 0.0287    mrr@10 : 0.0704    ndcg@10 : 0.0342    hit@10 : 0.2195    precision@10 : 0.0295
Thu 26 Jan 2023 17:39:41 INFO  epoch 66 training [time: 8.67s, train_loss1: 19.9420, train_loss2: 31.1251]
Thu 26 Jan 2023 17:39:42 INFO  epoch 66 evaluating [time: 0.40s, valid_score: 0.073000]
Thu 26 Jan 2023 17:39:42 INFO  valid result: 
recall@10 : 0.0305    mrr@10 : 0.073    ndcg@10 : 0.0353    hit@10 : 0.2301    precision@10 : 0.0306
Thu 26 Jan 2023 17:39:50 INFO  epoch 67 training [time: 8.64s, train_loss1: 19.8924, train_loss2: 31.1231]
Thu 26 Jan 2023 17:39:51 INFO  epoch 67 evaluating [time: 0.56s, valid_score: 0.073900]
Thu 26 Jan 2023 17:39:51 INFO  valid result: 
recall@10 : 0.0306    mrr@10 : 0.0739    ndcg@10 : 0.0357    hit@10 : 0.2333    precision@10 : 0.031
Thu 26 Jan 2023 17:39:59 INFO  epoch 68 training [time: 8.12s, train_loss1: 19.8028, train_loss2: 31.1216]
Thu 26 Jan 2023 17:39:59 INFO  epoch 68 evaluating [time: 0.31s, valid_score: 0.070400]
Thu 26 Jan 2023 17:39:59 INFO  valid result: 
recall@10 : 0.0306    mrr@10 : 0.0704    ndcg@10 : 0.0347    hit@10 : 0.2333    precision@10 : 0.0303
Thu 26 Jan 2023 17:40:08 INFO  epoch 69 training [time: 8.14s, train_loss1: 19.8188, train_loss2: 31.1193]
Thu 26 Jan 2023 17:40:08 INFO  epoch 69 evaluating [time: 0.29s, valid_score: 0.068800]
Thu 26 Jan 2023 17:40:08 INFO  valid result: 
recall@10 : 0.0302    mrr@10 : 0.0688    ndcg@10 : 0.0344    hit@10 : 0.2301    precision@10 : 0.0303
Thu 26 Jan 2023 17:40:14 INFO  epoch 70 training [time: 6.04s, train_loss1: 19.7907, train_loss2: 31.1180]
Thu 26 Jan 2023 17:40:14 INFO  epoch 70 evaluating [time: 0.32s, valid_score: 0.075100]
Thu 26 Jan 2023 17:40:14 INFO  valid result: 
recall@10 : 0.0321    mrr@10 : 0.0751    ndcg@10 : 0.0371    hit@10 : 0.2375    precision@10 : 0.0316
Thu 26 Jan 2023 17:40:14 INFO  Saving current: saved/KGAT-Jan-26-2023_17-30-45.pth
Thu 26 Jan 2023 17:40:21 INFO  epoch 71 training [time: 6.84s, train_loss1: 19.7153, train_loss2: 31.1154]
Thu 26 Jan 2023 17:40:21 INFO  epoch 71 evaluating [time: 0.25s, valid_score: 0.072000]
Thu 26 Jan 2023 17:40:21 INFO  valid result: 
recall@10 : 0.0328    mrr@10 : 0.072    ndcg@10 : 0.036    hit@10 : 0.2375    precision@10 : 0.0311
Thu 26 Jan 2023 17:40:28 INFO  epoch 72 training [time: 6.46s, train_loss1: 19.6777, train_loss2: 31.1137]
Thu 26 Jan 2023 17:40:28 INFO  epoch 72 evaluating [time: 0.36s, valid_score: 0.073100]
Thu 26 Jan 2023 17:40:28 INFO  valid result: 
recall@10 : 0.0307    mrr@10 : 0.0731    ndcg@10 : 0.0354    hit@10 : 0.2333    precision@10 : 0.0305
Thu 26 Jan 2023 17:40:36 INFO  epoch 73 training [time: 7.51s, train_loss1: 19.6516, train_loss2: 31.1117]
Thu 26 Jan 2023 17:40:36 INFO  epoch 73 evaluating [time: 0.29s, valid_score: 0.073000]
Thu 26 Jan 2023 17:40:36 INFO  valid result: 
recall@10 : 0.0319    mrr@10 : 0.073    ndcg@10 : 0.0361    hit@10 : 0.2386    precision@10 : 0.031
Thu 26 Jan 2023 17:40:45 INFO  epoch 74 training [time: 8.62s, train_loss1: 19.6181, train_loss2: 31.1100]
Thu 26 Jan 2023 17:40:45 INFO  epoch 74 evaluating [time: 0.38s, valid_score: 0.072300]
Thu 26 Jan 2023 17:40:45 INFO  valid result: 
recall@10 : 0.0315    mrr@10 : 0.0723    ndcg@10 : 0.036    hit@10 : 0.2354    precision@10 : 0.0313
Thu 26 Jan 2023 17:40:53 INFO  epoch 75 training [time: 7.99s, train_loss1: 19.5796, train_loss2: 31.1078]
Thu 26 Jan 2023 17:40:53 INFO  epoch 75 evaluating [time: 0.29s, valid_score: 0.070900]
Thu 26 Jan 2023 17:40:53 INFO  valid result: 
recall@10 : 0.0317    mrr@10 : 0.0709    ndcg@10 : 0.0355    hit@10 : 0.2375    precision@10 : 0.0311
Thu 26 Jan 2023 17:41:01 INFO  epoch 76 training [time: 7.84s, train_loss1: 19.5831, train_loss2: 31.1057]
Thu 26 Jan 2023 17:41:02 INFO  epoch 76 evaluating [time: 0.43s, valid_score: 0.071200]
Thu 26 Jan 2023 17:41:02 INFO  valid result: 
recall@10 : 0.0328    mrr@10 : 0.0712    ndcg@10 : 0.0359    hit@10 : 0.2375    precision@10 : 0.0308
Thu 26 Jan 2023 17:41:09 INFO  epoch 77 training [time: 7.27s, train_loss1: 19.5507, train_loss2: 31.1039]
Thu 26 Jan 2023 17:41:09 INFO  epoch 77 evaluating [time: 0.33s, valid_score: 0.071700]
Thu 26 Jan 2023 17:41:09 INFO  valid result: 
recall@10 : 0.0316    mrr@10 : 0.0717    ndcg@10 : 0.036    hit@10 : 0.2301    precision@10 : 0.031
Thu 26 Jan 2023 17:41:17 INFO  epoch 78 training [time: 7.83s, train_loss1: 19.4893, train_loss2: 31.1018]
Thu 26 Jan 2023 17:41:18 INFO  epoch 78 evaluating [time: 0.58s, valid_score: 0.071200]
Thu 26 Jan 2023 17:41:18 INFO  valid result: 
recall@10 : 0.0325    mrr@10 : 0.0712    ndcg@10 : 0.0364    hit@10 : 0.2407    precision@10 : 0.0316
Thu 26 Jan 2023 17:41:24 INFO  epoch 79 training [time: 6.43s, train_loss1: 19.4542, train_loss2: 31.0995]
Thu 26 Jan 2023 17:41:24 INFO  epoch 79 evaluating [time: 0.29s, valid_score: 0.067800]
Thu 26 Jan 2023 17:41:24 INFO  valid result: 
recall@10 : 0.0313    mrr@10 : 0.0678    ndcg@10 : 0.0346    hit@10 : 0.2354    precision@10 : 0.0305
Thu 26 Jan 2023 17:41:31 INFO  epoch 80 training [time: 6.53s, train_loss1: 19.4171, train_loss2: 31.0975]
Thu 26 Jan 2023 17:41:31 INFO  epoch 80 evaluating [time: 0.28s, valid_score: 0.070200]
Thu 26 Jan 2023 17:41:31 INFO  valid result: 
recall@10 : 0.0344    mrr@10 : 0.0702    ndcg@10 : 0.0365    hit@10 : 0.2418    precision@10 : 0.032
Thu 26 Jan 2023 17:41:38 INFO  epoch 81 training [time: 6.63s, train_loss1: 19.4053, train_loss2: 31.0953]
Thu 26 Jan 2023 17:41:38 INFO  epoch 81 evaluating [time: 0.25s, valid_score: 0.070300]
Thu 26 Jan 2023 17:41:38 INFO  valid result: 
recall@10 : 0.0309    mrr@10 : 0.0703    ndcg@10 : 0.0352    hit@10 : 0.2312    precision@10 : 0.0309
Thu 26 Jan 2023 17:41:45 INFO  epoch 82 training [time: 6.75s, train_loss1: 19.3760, train_loss2: 31.0928]
Thu 26 Jan 2023 17:41:45 INFO  epoch 82 evaluating [time: 0.36s, valid_score: 0.069600]
Thu 26 Jan 2023 17:41:45 INFO  valid result: 
recall@10 : 0.0313    mrr@10 : 0.0696    ndcg@10 : 0.0352    hit@10 : 0.2344    precision@10 : 0.0312
Thu 26 Jan 2023 17:41:52 INFO  epoch 83 training [time: 7.11s, train_loss1: 19.3413, train_loss2: 31.0908]
Thu 26 Jan 2023 17:41:53 INFO  epoch 83 evaluating [time: 0.31s, valid_score: 0.066600]
Thu 26 Jan 2023 17:41:53 INFO  valid result: 
recall@10 : 0.032    mrr@10 : 0.0666    ndcg@10 : 0.0348    hit@10 : 0.2322    precision@10 : 0.0313
Thu 26 Jan 2023 17:42:00 INFO  epoch 84 training [time: 7.42s, train_loss1: 19.3155, train_loss2: 31.0883]
Thu 26 Jan 2023 17:42:00 INFO  epoch 84 evaluating [time: 0.26s, valid_score: 0.067700]
Thu 26 Jan 2023 17:42:00 INFO  valid result: 
recall@10 : 0.0317    mrr@10 : 0.0677    ndcg@10 : 0.0347    hit@10 : 0.2344    precision@10 : 0.0309
Thu 26 Jan 2023 17:42:07 INFO  epoch 85 training [time: 6.65s, train_loss1: 19.2767, train_loss2: 31.0856]
Thu 26 Jan 2023 17:42:07 INFO  epoch 85 evaluating [time: 0.34s, valid_score: 0.067900]
Thu 26 Jan 2023 17:42:07 INFO  valid result: 
recall@10 : 0.0332    mrr@10 : 0.0679    ndcg@10 : 0.0357    hit@10 : 0.2386    precision@10 : 0.0321
Thu 26 Jan 2023 17:42:15 INFO  epoch 86 training [time: 7.27s, train_loss1: 19.2814, train_loss2: 31.0835]
Thu 26 Jan 2023 17:42:15 INFO  epoch 86 evaluating [time: 0.29s, valid_score: 0.070700]
Thu 26 Jan 2023 17:42:15 INFO  valid result: 
recall@10 : 0.0342    mrr@10 : 0.0707    ndcg@10 : 0.0368    hit@10 : 0.2333    precision@10 : 0.0318
Thu 26 Jan 2023 17:42:21 INFO  epoch 87 training [time: 6.46s, train_loss1: 19.2656, train_loss2: 31.0812]
Thu 26 Jan 2023 17:42:22 INFO  epoch 87 evaluating [time: 0.26s, valid_score: 0.066800]
Thu 26 Jan 2023 17:42:22 INFO  valid result: 
recall@10 : 0.0303    mrr@10 : 0.0668    ndcg@10 : 0.034    hit@10 : 0.2206    precision@10 : 0.0299
Thu 26 Jan 2023 17:42:28 INFO  epoch 88 training [time: 6.52s, train_loss1: 19.2443, train_loss2: 31.0787]
Thu 26 Jan 2023 17:42:28 INFO  epoch 88 evaluating [time: 0.25s, valid_score: 0.069600]
Thu 26 Jan 2023 17:42:28 INFO  valid result: 
recall@10 : 0.0334    mrr@10 : 0.0696    ndcg@10 : 0.0358    hit@10 : 0.2344    precision@10 : 0.031
Thu 26 Jan 2023 17:42:35 INFO  epoch 89 training [time: 6.83s, train_loss1: 19.1571, train_loss2: 31.0757]
Thu 26 Jan 2023 17:42:36 INFO  epoch 89 evaluating [time: 0.28s, valid_score: 0.065500]
Thu 26 Jan 2023 17:42:36 INFO  valid result: 
recall@10 : 0.0325    mrr@10 : 0.0655    ndcg@10 : 0.0346    hit@10 : 0.2238    precision@10 : 0.0308
Thu 26 Jan 2023 17:42:44 INFO  epoch 90 training [time: 8.43s, train_loss1: 19.2325, train_loss2: 31.0736]
Thu 26 Jan 2023 17:42:44 INFO  epoch 90 evaluating [time: 0.36s, valid_score: 0.066500]
Thu 26 Jan 2023 17:42:44 INFO  valid result: 
recall@10 : 0.0321    mrr@10 : 0.0665    ndcg@10 : 0.0348    hit@10 : 0.2291    precision@10 : 0.0308
Thu 26 Jan 2023 17:42:51 INFO  epoch 91 training [time: 7.01s, train_loss1: 19.1686, train_loss2: 31.0707]
Thu 26 Jan 2023 17:42:52 INFO  epoch 91 evaluating [time: 0.37s, valid_score: 0.067600]
Thu 26 Jan 2023 17:42:52 INFO  valid result: 
recall@10 : 0.0321    mrr@10 : 0.0676    ndcg@10 : 0.0354    hit@10 : 0.2312    precision@10 : 0.0314
Thu 26 Jan 2023 17:42:58 INFO  epoch 92 training [time: 6.43s, train_loss1: 19.1066, train_loss2: 31.0685]
Thu 26 Jan 2023 17:42:58 INFO  epoch 92 evaluating [time: 0.28s, valid_score: 0.063400]
Thu 26 Jan 2023 17:42:58 INFO  valid result: 
recall@10 : 0.0289    mrr@10 : 0.0634    ndcg@10 : 0.0328    hit@10 : 0.2153    precision@10 : 0.0291
Thu 26 Jan 2023 17:43:06 INFO  epoch 93 training [time: 7.90s, train_loss1: 19.1537, train_loss2: 31.0650]
Thu 26 Jan 2023 17:43:07 INFO  epoch 93 evaluating [time: 0.25s, valid_score: 0.066200]
Thu 26 Jan 2023 17:43:07 INFO  valid result: 
recall@10 : 0.0307    mrr@10 : 0.0662    ndcg@10 : 0.0342    hit@10 : 0.2195    precision@10 : 0.0301
Thu 26 Jan 2023 17:43:13 INFO  epoch 94 training [time: 5.99s, train_loss1: 19.1265, train_loss2: 31.0630]
Thu 26 Jan 2023 17:43:13 INFO  epoch 94 evaluating [time: 0.24s, valid_score: 0.065500]
Thu 26 Jan 2023 17:43:13 INFO  valid result: 
recall@10 : 0.0345    mrr@10 : 0.0655    ndcg@10 : 0.0359    hit@10 : 0.2354    precision@10 : 0.0322
Thu 26 Jan 2023 17:43:19 INFO  epoch 95 training [time: 6.28s, train_loss1: 19.0984, train_loss2: 31.0599]
Thu 26 Jan 2023 17:43:19 INFO  epoch 95 evaluating [time: 0.24s, valid_score: 0.062500]
Thu 26 Jan 2023 17:43:19 INFO  valid result: 
recall@10 : 0.0304    mrr@10 : 0.0625    ndcg@10 : 0.0333    hit@10 : 0.2185    precision@10 : 0.0298
Thu 26 Jan 2023 17:43:26 INFO  epoch 96 training [time: 6.89s, train_loss1: 19.0711, train_loss2: 31.0573]
Thu 26 Jan 2023 17:43:26 INFO  epoch 96 evaluating [time: 0.28s, valid_score: 0.065300]
Thu 26 Jan 2023 17:43:26 INFO  valid result: 
recall@10 : 0.0315    mrr@10 : 0.0653    ndcg@10 : 0.0341    hit@10 : 0.2269    precision@10 : 0.0306
Thu 26 Jan 2023 17:43:33 INFO  epoch 97 training [time: 6.81s, train_loss1: 18.9983, train_loss2: 31.0549]
Thu 26 Jan 2023 17:43:34 INFO  epoch 97 evaluating [time: 0.27s, valid_score: 0.061900]
Thu 26 Jan 2023 17:43:34 INFO  valid result: 
recall@10 : 0.0307    mrr@10 : 0.0619    ndcg@10 : 0.0331    hit@10 : 0.2195    precision@10 : 0.0301
Thu 26 Jan 2023 17:43:41 INFO  epoch 98 training [time: 7.38s, train_loss1: 19.0477, train_loss2: 31.0519]
Thu 26 Jan 2023 17:43:41 INFO  epoch 98 evaluating [time: 0.29s, valid_score: 0.066000]
Thu 26 Jan 2023 17:43:41 INFO  valid result: 
recall@10 : 0.0323    mrr@10 : 0.066    ndcg@10 : 0.0348    hit@10 : 0.2269    precision@10 : 0.0303
Thu 26 Jan 2023 17:43:48 INFO  epoch 99 training [time: 6.83s, train_loss1: 19.0569, train_loss2: 31.0488]
Thu 26 Jan 2023 17:43:48 INFO  epoch 99 evaluating [time: 0.24s, valid_score: 0.063200]
Thu 26 Jan 2023 17:43:48 INFO  valid result: 
recall@10 : 0.031    mrr@10 : 0.0632    ndcg@10 : 0.0334    hit@10 : 0.2174    precision@10 : 0.03
Thu 26 Jan 2023 17:43:56 INFO  epoch 100 training [time: 7.55s, train_loss1: 18.9659, train_loss2: 31.0457]
Thu 26 Jan 2023 17:43:56 INFO  epoch 100 evaluating [time: 0.28s, valid_score: 0.062800]
Thu 26 Jan 2023 17:43:56 INFO  valid result: 
recall@10 : 0.0328    mrr@10 : 0.0628    ndcg@10 : 0.0341    hit@10 : 0.2238    precision@10 : 0.0306
Thu 26 Jan 2023 17:44:03 INFO  epoch 101 training [time: 6.87s, train_loss1: 18.9582, train_loss2: 31.0429]
Thu 26 Jan 2023 17:44:03 INFO  epoch 101 evaluating [time: 0.27s, valid_score: 0.065500]
Thu 26 Jan 2023 17:44:03 INFO  valid result: 
recall@10 : 0.0313    mrr@10 : 0.0655    ndcg@10 : 0.0342    hit@10 : 0.2216    precision@10 : 0.0302
Thu 26 Jan 2023 17:44:11 INFO  epoch 102 training [time: 7.74s, train_loss1: 18.9654, train_loss2: 31.0399]
Thu 26 Jan 2023 17:44:11 INFO  epoch 102 evaluating [time: 0.38s, valid_score: 0.065300]
Thu 26 Jan 2023 17:44:11 INFO  valid result: 
recall@10 : 0.0302    mrr@10 : 0.0653    ndcg@10 : 0.0341    hit@10 : 0.2142    precision@10 : 0.0299
Thu 26 Jan 2023 17:44:19 INFO  epoch 103 training [time: 7.12s, train_loss1: 18.9406, train_loss2: 31.0366]
Thu 26 Jan 2023 17:44:19 INFO  epoch 103 evaluating [time: 0.37s, valid_score: 0.065700]
Thu 26 Jan 2023 17:44:19 INFO  valid result: 
recall@10 : 0.031    mrr@10 : 0.0657    ndcg@10 : 0.0339    hit@10 : 0.2195    precision@10 : 0.0296
Thu 26 Jan 2023 17:44:27 INFO  epoch 104 training [time: 8.22s, train_loss1: 18.8139, train_loss2: 31.0343]
Thu 26 Jan 2023 17:44:28 INFO  epoch 104 evaluating [time: 0.37s, valid_score: 0.065900]
Thu 26 Jan 2023 17:44:28 INFO  valid result: 
recall@10 : 0.0314    mrr@10 : 0.0659    ndcg@10 : 0.0342    hit@10 : 0.2206    precision@10 : 0.0299
Thu 26 Jan 2023 17:44:34 INFO  epoch 105 training [time: 6.20s, train_loss1: 18.8400, train_loss2: 31.0307]
Thu 26 Jan 2023 17:44:34 INFO  epoch 105 evaluating [time: 0.27s, valid_score: 0.065500]
Thu 26 Jan 2023 17:44:34 INFO  valid result: 
recall@10 : 0.0326    mrr@10 : 0.0655    ndcg@10 : 0.0343    hit@10 : 0.2248    precision@10 : 0.0303
Thu 26 Jan 2023 17:44:41 INFO  epoch 106 training [time: 7.15s, train_loss1: 18.7979, train_loss2: 31.0279]
Thu 26 Jan 2023 17:44:41 INFO  epoch 106 evaluating [time: 0.33s, valid_score: 0.067100]
Thu 26 Jan 2023 17:44:41 INFO  valid result: 
recall@10 : 0.0325    mrr@10 : 0.0671    ndcg@10 : 0.035    hit@10 : 0.2216    precision@10 : 0.0301
Thu 26 Jan 2023 17:44:48 INFO  epoch 107 training [time: 6.76s, train_loss1: 18.7871, train_loss2: 31.0246]
Thu 26 Jan 2023 17:44:48 INFO  epoch 107 evaluating [time: 0.26s, valid_score: 0.064700]
Thu 26 Jan 2023 17:44:48 INFO  valid result: 
recall@10 : 0.0323    mrr@10 : 0.0647    ndcg@10 : 0.0343    hit@10 : 0.2259    precision@10 : 0.0305
Thu 26 Jan 2023 17:44:55 INFO  epoch 108 training [time: 6.95s, train_loss1: 18.8232, train_loss2: 31.0215]
Thu 26 Jan 2023 17:44:56 INFO  epoch 108 evaluating [time: 0.36s, valid_score: 0.067400]
Thu 26 Jan 2023 17:44:56 INFO  valid result: 
recall@10 : 0.0326    mrr@10 : 0.0674    ndcg@10 : 0.0348    hit@10 : 0.2259    precision@10 : 0.0303
Thu 26 Jan 2023 17:45:03 INFO  epoch 109 training [time: 6.76s, train_loss1: 18.7951, train_loss2: 31.0174]
Thu 26 Jan 2023 17:45:03 INFO  epoch 109 evaluating [time: 0.27s, valid_score: 0.063800]
Thu 26 Jan 2023 17:45:03 INFO  valid result: 
recall@10 : 0.0308    mrr@10 : 0.0638    ndcg@10 : 0.0332    hit@10 : 0.2174    precision@10 : 0.0292
Thu 26 Jan 2023 17:45:10 INFO  epoch 110 training [time: 7.24s, train_loss1: 18.8164, train_loss2: 31.0146]
Thu 26 Jan 2023 17:45:11 INFO  epoch 110 evaluating [time: 0.45s, valid_score: 0.066600]
Thu 26 Jan 2023 17:45:11 INFO  valid result: 
recall@10 : 0.0336    mrr@10 : 0.0666    ndcg@10 : 0.0351    hit@10 : 0.2333    precision@10 : 0.0313
Thu 26 Jan 2023 17:45:17 INFO  epoch 111 training [time: 6.83s, train_loss1: 18.7723, train_loss2: 31.0113]
Thu 26 Jan 2023 17:45:18 INFO  epoch 111 evaluating [time: 0.25s, valid_score: 0.064800]
Thu 26 Jan 2023 17:45:18 INFO  valid result: 
recall@10 : 0.0311    mrr@10 : 0.0648    ndcg@10 : 0.0336    hit@10 : 0.2195    precision@10 : 0.0295
Thu 26 Jan 2023 17:45:24 INFO  epoch 112 training [time: 6.79s, train_loss1: 18.7564, train_loss2: 31.0077]
Thu 26 Jan 2023 17:45:25 INFO  epoch 112 evaluating [time: 0.30s, valid_score: 0.065500]
Thu 26 Jan 2023 17:45:25 INFO  valid result: 
recall@10 : 0.033    mrr@10 : 0.0655    ndcg@10 : 0.0348    hit@10 : 0.2269    precision@10 : 0.0308
Thu 26 Jan 2023 17:45:31 INFO  epoch 113 training [time: 6.26s, train_loss1: 18.7314, train_loss2: 31.0044]
Thu 26 Jan 2023 17:45:31 INFO  epoch 113 evaluating [time: 0.23s, valid_score: 0.064700]
Thu 26 Jan 2023 17:45:31 INFO  valid result: 
recall@10 : 0.0304    mrr@10 : 0.0647    ndcg@10 : 0.0339    hit@10 : 0.2238    precision@10 : 0.0305
Thu 26 Jan 2023 17:45:38 INFO  epoch 114 training [time: 6.35s, train_loss1: 18.7465, train_loss2: 31.0010]
Thu 26 Jan 2023 17:45:38 INFO  epoch 114 evaluating [time: 0.26s, valid_score: 0.065000]
Thu 26 Jan 2023 17:45:38 INFO  valid result: 
recall@10 : 0.03    mrr@10 : 0.065    ndcg@10 : 0.0333    hit@10 : 0.2163    precision@10 : 0.0296
Thu 26 Jan 2023 17:45:44 INFO  epoch 115 training [time: 6.13s, train_loss1: 18.7053, train_loss2: 30.9975]
Thu 26 Jan 2023 17:45:44 INFO  epoch 115 evaluating [time: 0.43s, valid_score: 0.063100]
Thu 26 Jan 2023 17:45:44 INFO  valid result: 
recall@10 : 0.03    mrr@10 : 0.0631    ndcg@10 : 0.0334    hit@10 : 0.2206    precision@10 : 0.0303
Thu 26 Jan 2023 17:45:51 INFO  epoch 116 training [time: 6.80s, train_loss1: 18.6888, train_loss2: 30.9938]
Thu 26 Jan 2023 17:45:51 INFO  epoch 116 evaluating [time: 0.25s, valid_score: 0.066300]
Thu 26 Jan 2023 17:45:51 INFO  valid result: 
recall@10 : 0.0335    mrr@10 : 0.0663    ndcg@10 : 0.0354    hit@10 : 0.2291    precision@10 : 0.031
Thu 26 Jan 2023 17:45:57 INFO  epoch 117 training [time: 5.98s, train_loss1: 18.7419, train_loss2: 30.9905]
Thu 26 Jan 2023 17:45:58 INFO  epoch 117 evaluating [time: 0.27s, valid_score: 0.065400]
Thu 26 Jan 2023 17:45:58 INFO  valid result: 
recall@10 : 0.0305    mrr@10 : 0.0654    ndcg@10 : 0.0338    hit@10 : 0.2163    precision@10 : 0.0298
Thu 26 Jan 2023 17:46:05 INFO  epoch 118 training [time: 7.41s, train_loss1: 18.6673, train_loss2: 30.9866]
Thu 26 Jan 2023 17:46:05 INFO  epoch 118 evaluating [time: 0.27s, valid_score: 0.069300]
Thu 26 Jan 2023 17:46:05 INFO  valid result: 
recall@10 : 0.0338    mrr@10 : 0.0693    ndcg@10 : 0.0363    hit@10 : 0.2259    precision@10 : 0.0313
Thu 26 Jan 2023 17:46:12 INFO  epoch 119 training [time: 6.94s, train_loss1: 18.6758, train_loss2: 30.9828]
Thu 26 Jan 2023 17:46:13 INFO  epoch 119 evaluating [time: 0.25s, valid_score: 0.067500]
Thu 26 Jan 2023 17:46:13 INFO  valid result: 
recall@10 : 0.0336    mrr@10 : 0.0675    ndcg@10 : 0.0358    hit@10 : 0.228    precision@10 : 0.0314
Thu 26 Jan 2023 17:46:19 INFO  epoch 120 training [time: 6.67s, train_loss1: 18.5919, train_loss2: 30.9790]
Thu 26 Jan 2023 17:46:20 INFO  epoch 120 evaluating [time: 0.27s, valid_score: 0.067000]
Thu 26 Jan 2023 17:46:20 INFO  valid result: 
recall@10 : 0.0317    mrr@10 : 0.067    ndcg@10 : 0.0344    hit@10 : 0.2227    precision@10 : 0.0303
Thu 26 Jan 2023 17:46:26 INFO  epoch 121 training [time: 6.95s, train_loss1: 18.6207, train_loss2: 30.9756]
Thu 26 Jan 2023 17:46:27 INFO  epoch 121 evaluating [time: 0.33s, valid_score: 0.067100]
Thu 26 Jan 2023 17:46:27 INFO  valid result: 
recall@10 : 0.032    mrr@10 : 0.0671    ndcg@10 : 0.0348    hit@10 : 0.2185    precision@10 : 0.0302
Thu 26 Jan 2023 17:46:34 INFO  epoch 122 training [time: 7.52s, train_loss1: 18.6104, train_loss2: 30.9718]
Thu 26 Jan 2023 17:46:35 INFO  epoch 122 evaluating [time: 0.26s, valid_score: 0.068200]
Thu 26 Jan 2023 17:46:35 INFO  valid result: 
recall@10 : 0.0319    mrr@10 : 0.0682    ndcg@10 : 0.0352    hit@10 : 0.2216    precision@10 : 0.0303
Thu 26 Jan 2023 17:46:41 INFO  epoch 123 training [time: 6.85s, train_loss1: 18.6107, train_loss2: 30.9676]
Thu 26 Jan 2023 17:46:42 INFO  epoch 123 evaluating [time: 0.27s, valid_score: 0.065100]
Thu 26 Jan 2023 17:46:42 INFO  valid result: 
recall@10 : 0.034    mrr@10 : 0.0651    ndcg@10 : 0.035    hit@10 : 0.2269    precision@10 : 0.0309
Thu 26 Jan 2023 17:46:48 INFO  epoch 124 training [time: 6.11s, train_loss1: 18.5554, train_loss2: 30.9641]
Thu 26 Jan 2023 17:46:48 INFO  epoch 124 evaluating [time: 0.25s, valid_score: 0.066200]
Thu 26 Jan 2023 17:46:48 INFO  valid result: 
recall@10 : 0.0329    mrr@10 : 0.0662    ndcg@10 : 0.0353    hit@10 : 0.2259    precision@10 : 0.0317
Thu 26 Jan 2023 17:46:55 INFO  epoch 125 training [time: 6.43s, train_loss1: 18.5499, train_loss2: 30.9601]
Thu 26 Jan 2023 17:46:55 INFO  epoch 125 evaluating [time: 0.47s, valid_score: 0.063300]
Thu 26 Jan 2023 17:46:55 INFO  valid result: 
recall@10 : 0.0311    mrr@10 : 0.0633    ndcg@10 : 0.0342    hit@10 : 0.2206    precision@10 : 0.0306
Thu 26 Jan 2023 17:47:03 INFO  epoch 126 training [time: 7.79s, train_loss1: 18.5279, train_loss2: 30.9558]
Thu 26 Jan 2023 17:47:03 INFO  epoch 126 evaluating [time: 0.26s, valid_score: 0.067400]
Thu 26 Jan 2023 17:47:03 INFO  valid result: 
recall@10 : 0.0326    mrr@10 : 0.0674    ndcg@10 : 0.035    hit@10 : 0.2216    precision@10 : 0.0303
Thu 26 Jan 2023 17:47:09 INFO  epoch 127 training [time: 6.38s, train_loss1: 18.4806, train_loss2: 30.9520]
Thu 26 Jan 2023 17:47:10 INFO  epoch 127 evaluating [time: 0.25s, valid_score: 0.066600]
Thu 26 Jan 2023 17:47:10 INFO  valid result: 
recall@10 : 0.0332    mrr@10 : 0.0666    ndcg@10 : 0.035    hit@10 : 0.228    precision@10 : 0.0312
Thu 26 Jan 2023 17:47:16 INFO  epoch 128 training [time: 6.64s, train_loss1: 18.5084, train_loss2: 30.9479]
Thu 26 Jan 2023 17:47:17 INFO  epoch 128 evaluating [time: 0.34s, valid_score: 0.065300]
Thu 26 Jan 2023 17:47:17 INFO  valid result: 
recall@10 : 0.0317    mrr@10 : 0.0653    ndcg@10 : 0.0343    hit@10 : 0.2227    precision@10 : 0.0304
