Wed 25 Jan 2023 23:05:34 INFO  ['recbole_test.py']
Wed 25 Jan 2023 23:05:34 INFO  
General Hyper Parameters:
gpu_id = 0
use_gpu = True
seed = 2021
state = INFO
reproducibility = True
data_path = /work/03/gu14/k36095/kgat_bai/recbole/config/../dataset_example/ml-100k
checkpoint_dir = saved
show_progress = True
save_dataset = True
dataset_save_path = None
save_dataloaders = False
dataloaders_save_path = None
log_wandb = False

Training Hyper Parameters:
epochs = 300
train_batch_size = 2048
learner = adam
learning_rate = 0.001
train_neg_sample_args = {'distribution': 'uniform', 'sample_num': 1, 'alpha': 1.0, 'dynamic': False, 'candidate_num': 0}
eval_step = 1
stopping_step = 10
clip_grad_norm = None
weight_decay = 0.0
loss_decimal_place = 4

Evaluation Hyper Parameters:
eval_args = {'split': {'RS': [0.8, 0.1, 0.1]}, 'group_by': 'user', 'order': 'RO', 'mode': 'full'}
repeatable = False
metrics = ['Recall', 'MRR', 'NDCG', 'Hit', 'Precision']
topk = [10]
valid_metric = MRR@10
valid_metric_bigger = True
eval_batch_size = 4096
metric_decimal_place = 4

Dataset Hyper Parameters:
field_separator = 	
seq_separator =  
USER_ID_FIELD = user_id
ITEM_ID_FIELD = item_id
RATING_FIELD = rating
TIME_FIELD = timestamp
seq_len = None
LABEL_FIELD = label
threshold = None
NEG_PREFIX = neg_
load_col = {'inter': ['user_id', 'item_id', 'rating', 'timestamp'], 'kg': ['head_id', 'relation_id', 'tail_id'], 'link': ['item_id', 'entity_id']}
unload_col = None
unused_col = None
additional_feat_suffix = None
rm_dup_inter = None
val_interval = None
filter_inter_by_user_or_item = True
user_inter_num_interval = None
item_inter_num_interval = None
alias_of_user_id = None
alias_of_item_id = None
alias_of_entity_id = None
alias_of_relation_id = None
preload_weight = None
normalize_field = None
normalize_all = True
ITEM_LIST_LENGTH_FIELD = item_length
LIST_SUFFIX = _list
MAX_ITEM_LIST_LENGTH = 50
POSITION_FIELD = position_id
HEAD_ENTITY_ID_FIELD = head_id
TAIL_ENTITY_ID_FIELD = tail_id
RELATION_ID_FIELD = relation_id
ENTITY_ID_FIELD = entity_id
kg_reverse_r = False
entity_kg_num_interval = [0,inf)
relation_kg_num_interval = [0,inf)
benchmark_filename = None

Other Hyper Parameters: 
worker = 0
wandb_project = recbole
shuffle = True
require_pow = False
enable_amp = False
enable_scaler = False
transform = None
embedding_size = 64
kg_embedding_size = 64
layers = [64]
mess_dropout = 0.1
reg_weight = 1e-05
aggregator_type = graphsage
numerical_features = []
discretization = None
MODEL_TYPE = ModelType.KNOWLEDGE
MODEL_INPUT_TYPE = InputType.PAIRWISE
eval_type = EvaluatorType.RANKING
single_spec = True
local_rank = 0
device = cpu
eval_neg_sample_args = {'distribution': 'uniform', 'sample_num': 'none'}


Wed 25 Jan 2023 23:05:35 INFO  Saving filtered dataset into [saved/ml-100k-dataset.pth]
Wed 25 Jan 2023 23:05:35 INFO  ml-100k
The number of users: 944
Average actions of users: 103.4506892895016
The number of items: 1599
Average actions of items: 61.04755944931164
The number of inters: 97554
The sparsity of the dataset: 93.53714185772888%
Remain Fields: ['entity_id', 'user_id', 'item_id', 'rating', 'timestamp', 'head_id', 'relation_id', 'tail_id']
The number of entities: 34629
The number of relations: 26
The number of triples: 91631
The number of items that have been linked to KG: 1598
Wed 25 Jan 2023 23:05:35 INFO  [Training]: train_batch_size = [2048] train_neg_sample_args: [{'distribution': 'uniform', 'sample_num': 1, 'alpha': 1.0, 'dynamic': False, 'candidate_num': 0}]
Wed 25 Jan 2023 23:05:35 INFO  [Evaluation]: eval_batch_size = [4096] eval_args: [{'split': {'RS': [0.8, 0.1, 0.1]}, 'group_by': 'user', 'order': 'RO', 'mode': 'full'}]
Wed 25 Jan 2023 23:05:36 INFO  KGAT(
  (user_embedding): Embedding(944, 64)
  (entity_embedding): Embedding(34629, 64)
  (relation_embedding): Embedding(26, 64)
  (trans_w): Embedding(26, 4096)
  (aggregator_layers): ModuleList(
    (0): Aggregator(
      (message_dropout): Dropout(p=0.1, inplace=False)
      (W): Linear(in_features=128, out_features=64, bias=True)
      (activation): LeakyReLU(negative_slope=0.01)
    )
  )
  (tanh): Tanh()
  (mf_loss): BPRLoss()
  (reg_loss): EmbLoss()
)
Trainable parameters: 2393088
Wed 25 Jan 2023 23:05:36 INFO  FLOPs: 291414016.0
Wed 25 Jan 2023 23:05:41 INFO  epoch 0 training [time: 4.98s, train_loss1: 23.6776, train_loss2: 29.4891]
Wed 25 Jan 2023 23:05:41 INFO  epoch 0 evaluating [time: 0.19s, valid_score: 0.068400]
Wed 25 Jan 2023 23:05:41 INFO  valid result: 
recall@10 : 0.028    mrr@10 : 0.0684    ndcg@10 : 0.0326    hit@10 : 0.2163    precision@10 : 0.0287
Wed 25 Jan 2023 23:05:42 INFO  Saving current: saved/KGAT-Jan-25-2023_23-05-36.pth
Wed 25 Jan 2023 23:05:46 INFO  epoch 1 training [time: 4.25s, train_loss1: 20.8288, train_loss2: 18.5906]
Wed 25 Jan 2023 23:05:46 INFO  epoch 1 evaluating [time: 0.19s, valid_score: 0.192000]
Wed 25 Jan 2023 23:05:46 INFO  valid result: 
recall@10 : 0.0896    mrr@10 : 0.192    ndcg@10 : 0.1011    hit@10 : 0.4677    precision@10 : 0.0751
Wed 25 Jan 2023 23:05:46 INFO  Saving current: saved/KGAT-Jan-25-2023_23-05-36.pth
Wed 25 Jan 2023 23:05:50 INFO  epoch 2 training [time: 3.89s, train_loss1: 17.4358, train_loss2: 12.4226]
Wed 25 Jan 2023 23:05:50 INFO  epoch 2 evaluating [time: 0.19s, valid_score: 0.201600]
Wed 25 Jan 2023 23:05:50 INFO  valid result: 
recall@10 : 0.0993    mrr@10 : 0.2016    ndcg@10 : 0.1065    hit@10 : 0.4783    precision@10 : 0.0758
Wed 25 Jan 2023 23:05:50 INFO  Saving current: saved/KGAT-Jan-25-2023_23-05-36.pth
Wed 25 Jan 2023 23:05:54 INFO  epoch 3 training [time: 4.27s, train_loss1: 16.7962, train_loss2: 10.3167]
Wed 25 Jan 2023 23:05:55 INFO  epoch 3 evaluating [time: 0.19s, valid_score: 0.226900]
Wed 25 Jan 2023 23:05:55 INFO  valid result: 
recall@10 : 0.1076    mrr@10 : 0.2269    ndcg@10 : 0.1177    hit@10 : 0.4878    precision@10 : 0.0831
Wed 25 Jan 2023 23:05:55 INFO  Saving current: saved/KGAT-Jan-25-2023_23-05-36.pth
Wed 25 Jan 2023 23:05:59 INFO  epoch 4 training [time: 4.17s, train_loss1: 16.5594, train_loss2: 9.0725]
Wed 25 Jan 2023 23:05:59 INFO  epoch 4 evaluating [time: 0.19s, valid_score: 0.239400]
Wed 25 Jan 2023 23:05:59 INFO  valid result: 
recall@10 : 0.1082    mrr@10 : 0.2394    ndcg@10 : 0.1214    hit@10 : 0.4995    precision@10 : 0.0843
Wed 25 Jan 2023 23:05:59 INFO  Saving current: saved/KGAT-Jan-25-2023_23-05-36.pth
Wed 25 Jan 2023 23:06:03 INFO  epoch 5 training [time: 4.28s, train_loss1: 16.2101, train_loss2: 8.2648]
Wed 25 Jan 2023 23:06:04 INFO  epoch 5 evaluating [time: 0.22s, valid_score: 0.235900]
Wed 25 Jan 2023 23:06:04 INFO  valid result: 
recall@10 : 0.1105    mrr@10 : 0.2359    ndcg@10 : 0.1241    hit@10 : 0.5058    precision@10 : 0.087
Wed 25 Jan 2023 23:06:08 INFO  epoch 6 training [time: 4.23s, train_loss1: 16.0185, train_loss2: 7.8156]
Wed 25 Jan 2023 23:06:08 INFO  epoch 6 evaluating [time: 0.19s, valid_score: 0.225700]
Wed 25 Jan 2023 23:06:08 INFO  valid result: 
recall@10 : 0.1203    mrr@10 : 0.2257    ndcg@10 : 0.1251    hit@10 : 0.5345    precision@10 : 0.088
Wed 25 Jan 2023 23:06:12 INFO  epoch 7 training [time: 4.26s, train_loss1: 15.8399, train_loss2: 7.4976]
Wed 25 Jan 2023 23:06:13 INFO  epoch 7 evaluating [time: 0.19s, valid_score: 0.222600]
Wed 25 Jan 2023 23:06:13 INFO  valid result: 
recall@10 : 0.1214    mrr@10 : 0.2226    ndcg@10 : 0.127    hit@10 : 0.5472    precision@10 : 0.0937
Wed 25 Jan 2023 23:06:16 INFO  epoch 8 training [time: 3.86s, train_loss1: 15.6102, train_loss2: 7.1106]
Wed 25 Jan 2023 23:06:17 INFO  epoch 8 evaluating [time: 0.20s, valid_score: 0.228000]
Wed 25 Jan 2023 23:06:17 INFO  valid result: 
recall@10 : 0.1215    mrr@10 : 0.228    ndcg@10 : 0.128    hit@10 : 0.5557    precision@10 : 0.0959
Wed 25 Jan 2023 23:06:21 INFO  epoch 9 training [time: 4.17s, train_loss1: 15.3185, train_loss2: 6.8240]
Wed 25 Jan 2023 23:06:21 INFO  epoch 9 evaluating [time: 0.19s, valid_score: 0.230200]
Wed 25 Jan 2023 23:06:21 INFO  valid result: 
recall@10 : 0.126    mrr@10 : 0.2302    ndcg@10 : 0.1308    hit@10 : 0.562    precision@10 : 0.0983
Wed 25 Jan 2023 23:06:25 INFO  epoch 10 training [time: 3.90s, train_loss1: 15.1092, train_loss2: 6.6163]
Wed 25 Jan 2023 23:06:25 INFO  epoch 10 evaluating [time: 0.19s, valid_score: 0.243400]
Wed 25 Jan 2023 23:06:25 INFO  valid result: 
recall@10 : 0.1353    mrr@10 : 0.2434    ndcg@10 : 0.1408    hit@10 : 0.5726    precision@10 : 0.1029
Wed 25 Jan 2023 23:06:25 INFO  Saving current: saved/KGAT-Jan-25-2023_23-05-36.pth
Wed 25 Jan 2023 23:06:30 INFO  epoch 11 training [time: 4.56s, train_loss1: 14.7433, train_loss2: 6.3411]
Wed 25 Jan 2023 23:06:30 INFO  epoch 11 evaluating [time: 0.19s, valid_score: 0.255100]
Wed 25 Jan 2023 23:06:30 INFO  valid result: 
recall@10 : 0.1447    mrr@10 : 0.2551    ndcg@10 : 0.1474    hit@10 : 0.596    precision@10 : 0.1071
Wed 25 Jan 2023 23:06:30 INFO  Saving current: saved/KGAT-Jan-25-2023_23-05-36.pth
Wed 25 Jan 2023 23:06:34 INFO  epoch 12 training [time: 3.85s, train_loss1: 14.4038, train_loss2: 5.9825]
Wed 25 Jan 2023 23:06:34 INFO  epoch 12 evaluating [time: 0.19s, valid_score: 0.257300]
Wed 25 Jan 2023 23:06:34 INFO  valid result: 
recall@10 : 0.1447    mrr@10 : 0.2573    ndcg@10 : 0.1498    hit@10 : 0.6108    precision@10 : 0.1119
Wed 25 Jan 2023 23:06:34 INFO  Saving current: saved/KGAT-Jan-25-2023_23-05-36.pth
Wed 25 Jan 2023 23:06:38 INFO  epoch 13 training [time: 4.15s, train_loss1: 14.0737, train_loss2: 5.9025]
Wed 25 Jan 2023 23:06:38 INFO  epoch 13 evaluating [time: 0.19s, valid_score: 0.259400]
Wed 25 Jan 2023 23:06:38 INFO  valid result: 
recall@10 : 0.1477    mrr@10 : 0.2594    ndcg@10 : 0.1528    hit@10 : 0.6129    precision@10 : 0.1147
Wed 25 Jan 2023 23:06:38 INFO  Saving current: saved/KGAT-Jan-25-2023_23-05-36.pth
Wed 25 Jan 2023 23:06:43 INFO  epoch 14 training [time: 4.14s, train_loss1: 13.6816, train_loss2: 5.4219]
Wed 25 Jan 2023 23:06:43 INFO  epoch 14 evaluating [time: 0.19s, valid_score: 0.265400]
Wed 25 Jan 2023 23:06:43 INFO  valid result: 
recall@10 : 0.1486    mrr@10 : 0.2654    ndcg@10 : 0.1566    hit@10 : 0.6204    precision@10 : 0.116
Wed 25 Jan 2023 23:06:43 INFO  Saving current: saved/KGAT-Jan-25-2023_23-05-36.pth
Wed 25 Jan 2023 23:06:47 INFO  epoch 15 training [time: 3.96s, train_loss1: 13.3554, train_loss2: 5.0897]
Wed 25 Jan 2023 23:06:47 INFO  epoch 15 evaluating [time: 0.19s, valid_score: 0.275200]
Wed 25 Jan 2023 23:06:47 INFO  valid result: 
recall@10 : 0.152    mrr@10 : 0.2752    ndcg@10 : 0.1613    hit@10 : 0.6299    precision@10 : 0.1175
Wed 25 Jan 2023 23:06:47 INFO  Saving current: saved/KGAT-Jan-25-2023_23-05-36.pth
Wed 25 Jan 2023 23:06:51 INFO  epoch 16 training [time: 3.96s, train_loss1: 13.0246, train_loss2: 4.9192]
Wed 25 Jan 2023 23:06:51 INFO  epoch 16 evaluating [time: 0.24s, valid_score: 0.284200]
Wed 25 Jan 2023 23:06:51 INFO  valid result: 
recall@10 : 0.1571    mrr@10 : 0.2842    ndcg@10 : 0.1662    hit@10 : 0.632    precision@10 : 0.119
Wed 25 Jan 2023 23:06:51 INFO  Saving current: saved/KGAT-Jan-25-2023_23-05-36.pth
Wed 25 Jan 2023 23:06:57 INFO  epoch 17 training [time: 5.15s, train_loss1: 12.7517, train_loss2: 4.7194]
Wed 25 Jan 2023 23:06:57 INFO  epoch 17 evaluating [time: 0.24s, valid_score: 0.289500]
Wed 25 Jan 2023 23:06:57 INFO  valid result: 
recall@10 : 0.1653    mrr@10 : 0.2895    ndcg@10 : 0.171    hit@10 : 0.6384    precision@10 : 0.122
Wed 25 Jan 2023 23:06:57 INFO  Saving current: saved/KGAT-Jan-25-2023_23-05-36.pth
Wed 25 Jan 2023 23:07:02 INFO  epoch 18 training [time: 5.12s, train_loss1: 12.4904, train_loss2: 4.4851]
Wed 25 Jan 2023 23:07:02 INFO  epoch 18 evaluating [time: 0.24s, valid_score: 0.287200]
Wed 25 Jan 2023 23:07:02 INFO  valid result: 
recall@10 : 0.1672    mrr@10 : 0.2872    ndcg@10 : 0.1717    hit@10 : 0.6405    precision@10 : 0.1232
Wed 25 Jan 2023 23:07:07 INFO  epoch 19 training [time: 5.09s, train_loss1: 12.1224, train_loss2: 4.3910]
Wed 25 Jan 2023 23:07:07 INFO  epoch 19 evaluating [time: 0.20s, valid_score: 0.294600]
Wed 25 Jan 2023 23:07:07 INFO  valid result: 
recall@10 : 0.1707    mrr@10 : 0.2946    ndcg@10 : 0.175    hit@10 : 0.6532    precision@10 : 0.1247
Wed 25 Jan 2023 23:07:08 INFO  Saving current: saved/KGAT-Jan-25-2023_23-05-36.pth
Wed 25 Jan 2023 23:07:12 INFO  epoch 20 training [time: 4.11s, train_loss1: 11.8691, train_loss2: 4.1905]
Wed 25 Jan 2023 23:07:12 INFO  epoch 20 evaluating [time: 0.19s, valid_score: 0.302500]
Wed 25 Jan 2023 23:07:12 INFO  valid result: 
recall@10 : 0.1715    mrr@10 : 0.3025    ndcg@10 : 0.1782    hit@10 : 0.6564    precision@10 : 0.1264
Wed 25 Jan 2023 23:07:12 INFO  Saving current: saved/KGAT-Jan-25-2023_23-05-36.pth
Wed 25 Jan 2023 23:07:16 INFO  epoch 21 training [time: 4.05s, train_loss1: 11.5692, train_loss2: 4.0329]
Wed 25 Jan 2023 23:07:16 INFO  epoch 21 evaluating [time: 0.19s, valid_score: 0.315600]
Wed 25 Jan 2023 23:07:16 INFO  valid result: 
recall@10 : 0.1734    mrr@10 : 0.3156    ndcg@10 : 0.182    hit@10 : 0.6649    precision@10 : 0.1276
Wed 25 Jan 2023 23:07:16 INFO  Saving current: saved/KGAT-Jan-25-2023_23-05-36.pth
Wed 25 Jan 2023 23:07:20 INFO  epoch 22 training [time: 4.02s, train_loss1: 11.2714, train_loss2: 3.9135]
Wed 25 Jan 2023 23:07:20 INFO  epoch 22 evaluating [time: 0.19s, valid_score: 0.313900]
Wed 25 Jan 2023 23:07:20 INFO  valid result: 
recall@10 : 0.1783    mrr@10 : 0.3139    ndcg@10 : 0.1848    hit@10 : 0.6713    precision@10 : 0.1309
Wed 25 Jan 2023 23:07:24 INFO  epoch 23 training [time: 3.99s, train_loss1: 11.1161, train_loss2: 3.7994]
Wed 25 Jan 2023 23:07:25 INFO  epoch 23 evaluating [time: 0.19s, valid_score: 0.317900]
Wed 25 Jan 2023 23:07:25 INFO  valid result: 
recall@10 : 0.1793    mrr@10 : 0.3179    ndcg@10 : 0.1866    hit@10 : 0.6734    precision@10 : 0.1319
Wed 25 Jan 2023 23:07:25 INFO  Saving current: saved/KGAT-Jan-25-2023_23-05-36.pth
Wed 25 Jan 2023 23:07:29 INFO  epoch 24 training [time: 4.01s, train_loss1: 10.8464, train_loss2: 3.6655]
Wed 25 Jan 2023 23:07:29 INFO  epoch 24 evaluating [time: 0.19s, valid_score: 0.328400]
Wed 25 Jan 2023 23:07:29 INFO  valid result: 
recall@10 : 0.1823    mrr@10 : 0.3284    ndcg@10 : 0.1909    hit@10 : 0.6776    precision@10 : 0.1339
Wed 25 Jan 2023 23:07:29 INFO  Saving current: saved/KGAT-Jan-25-2023_23-05-36.pth
Wed 25 Jan 2023 23:07:33 INFO  epoch 25 training [time: 4.11s, train_loss1: 10.6369, train_loss2: 3.5206]
Wed 25 Jan 2023 23:07:33 INFO  epoch 25 evaluating [time: 0.19s, valid_score: 0.330300]
Wed 25 Jan 2023 23:07:33 INFO  valid result: 
recall@10 : 0.1828    mrr@10 : 0.3303    ndcg@10 : 0.1918    hit@10 : 0.6787    precision@10 : 0.1348
Wed 25 Jan 2023 23:07:33 INFO  Saving current: saved/KGAT-Jan-25-2023_23-05-36.pth
Wed 25 Jan 2023 23:07:37 INFO  epoch 26 training [time: 4.09s, train_loss1: 10.4573, train_loss2: 3.3757]
Wed 25 Jan 2023 23:07:38 INFO  epoch 26 evaluating [time: 0.19s, valid_score: 0.329800]
Wed 25 Jan 2023 23:07:38 INFO  valid result: 
recall@10 : 0.1841    mrr@10 : 0.3298    ndcg@10 : 0.1929    hit@10 : 0.6914    precision@10 : 0.1361
Wed 25 Jan 2023 23:07:42 INFO  epoch 27 training [time: 4.06s, train_loss1: 10.2827, train_loss2: 3.3340]
Wed 25 Jan 2023 23:07:42 INFO  epoch 27 evaluating [time: 0.19s, valid_score: 0.332400]
Wed 25 Jan 2023 23:07:42 INFO  valid result: 
recall@10 : 0.1836    mrr@10 : 0.3324    ndcg@10 : 0.1946    hit@10 : 0.685    precision@10 : 0.1371
Wed 25 Jan 2023 23:07:42 INFO  Saving current: saved/KGAT-Jan-25-2023_23-05-36.pth
Wed 25 Jan 2023 23:07:46 INFO  epoch 28 training [time: 4.04s, train_loss1: 10.2809, train_loss2: 3.1832]
Wed 25 Jan 2023 23:07:46 INFO  epoch 28 evaluating [time: 0.19s, valid_score: 0.335300]
Wed 25 Jan 2023 23:07:46 INFO  valid result: 
recall@10 : 0.1875    mrr@10 : 0.3353    ndcg@10 : 0.1963    hit@10 : 0.6925    precision@10 : 0.1378
Wed 25 Jan 2023 23:07:46 INFO  Saving current: saved/KGAT-Jan-25-2023_23-05-36.pth
Wed 25 Jan 2023 23:07:50 INFO  epoch 29 training [time: 4.03s, train_loss1: 10.0228, train_loss2: 3.1060]
Wed 25 Jan 2023 23:07:50 INFO  epoch 29 evaluating [time: 0.19s, valid_score: 0.333900]
Wed 25 Jan 2023 23:07:50 INFO  valid result: 
recall@10 : 0.1866    mrr@10 : 0.3339    ndcg@10 : 0.1944    hit@10 : 0.6946    precision@10 : 0.1363
Wed 25 Jan 2023 23:07:54 INFO  epoch 30 training [time: 3.86s, train_loss1: 9.8640, train_loss2: 2.8912]
Wed 25 Jan 2023 23:07:54 INFO  epoch 30 evaluating [time: 0.19s, valid_score: 0.335000]
Wed 25 Jan 2023 23:07:54 INFO  valid result: 
recall@10 : 0.1867    mrr@10 : 0.335    ndcg@10 : 0.1953    hit@10 : 0.6988    precision@10 : 0.1379
Wed 25 Jan 2023 23:07:59 INFO  epoch 31 training [time: 4.12s, train_loss1: 9.8354, train_loss2: 2.8726]
Wed 25 Jan 2023 23:07:59 INFO  epoch 31 evaluating [time: 0.19s, valid_score: 0.338500]
Wed 25 Jan 2023 23:07:59 INFO  valid result: 
recall@10 : 0.1875    mrr@10 : 0.3385    ndcg@10 : 0.1965    hit@10 : 0.6967    precision@10 : 0.1369
Wed 25 Jan 2023 23:07:59 INFO  Saving current: saved/KGAT-Jan-25-2023_23-05-36.pth
Wed 25 Jan 2023 23:08:03 INFO  epoch 32 training [time: 3.86s, train_loss1: 9.7389, train_loss2: 2.8256]
Wed 25 Jan 2023 23:08:03 INFO  epoch 32 evaluating [time: 0.19s, valid_score: 0.338600]
Wed 25 Jan 2023 23:08:03 INFO  valid result: 
recall@10 : 0.1864    mrr@10 : 0.3386    ndcg@10 : 0.1968    hit@10 : 0.6957    precision@10 : 0.1368
Wed 25 Jan 2023 23:08:03 INFO  Saving current: saved/KGAT-Jan-25-2023_23-05-36.pth
Wed 25 Jan 2023 23:08:07 INFO  epoch 33 training [time: 4.13s, train_loss1: 9.6490, train_loss2: 2.7635]
Wed 25 Jan 2023 23:08:07 INFO  epoch 33 evaluating [time: 0.19s, valid_score: 0.347700]
Wed 25 Jan 2023 23:08:07 INFO  valid result: 
recall@10 : 0.1884    mrr@10 : 0.3477    ndcg@10 : 0.1988    hit@10 : 0.6978    precision@10 : 0.1373
Wed 25 Jan 2023 23:08:07 INFO  Saving current: saved/KGAT-Jan-25-2023_23-05-36.pth
Wed 25 Jan 2023 23:08:12 INFO  epoch 34 training [time: 4.25s, train_loss1: 9.5142, train_loss2: 2.6718]
Wed 25 Jan 2023 23:08:12 INFO  epoch 34 evaluating [time: 0.19s, valid_score: 0.341200]
Wed 25 Jan 2023 23:08:12 INFO  valid result: 
recall@10 : 0.1847    mrr@10 : 0.3412    ndcg@10 : 0.1966    hit@10 : 0.6957    precision@10 : 0.1359
Wed 25 Jan 2023 23:08:16 INFO  epoch 35 training [time: 4.16s, train_loss1: 9.4086, train_loss2: 2.6427]
Wed 25 Jan 2023 23:08:16 INFO  epoch 35 evaluating [time: 0.19s, valid_score: 0.345100]
Wed 25 Jan 2023 23:08:16 INFO  valid result: 
recall@10 : 0.1897    mrr@10 : 0.3451    ndcg@10 : 0.1997    hit@10 : 0.6988    precision@10 : 0.1381
Wed 25 Jan 2023 23:08:20 INFO  epoch 36 training [time: 4.09s, train_loss1: 9.2843, train_loss2: 2.4995]
Wed 25 Jan 2023 23:08:20 INFO  epoch 36 evaluating [time: 0.19s, valid_score: 0.349900]
Wed 25 Jan 2023 23:08:20 INFO  valid result: 
recall@10 : 0.191    mrr@10 : 0.3499    ndcg@10 : 0.2026    hit@10 : 0.7063    precision@10 : 0.1382
Wed 25 Jan 2023 23:08:21 INFO  Saving current: saved/KGAT-Jan-25-2023_23-05-36.pth
Wed 25 Jan 2023 23:08:25 INFO  epoch 37 training [time: 4.27s, train_loss1: 9.2867, train_loss2: 2.6325]
Wed 25 Jan 2023 23:08:25 INFO  epoch 37 evaluating [time: 0.19s, valid_score: 0.350800]
Wed 25 Jan 2023 23:08:25 INFO  valid result: 
recall@10 : 0.1938    mrr@10 : 0.3508    ndcg@10 : 0.2034    hit@10 : 0.7063    precision@10 : 0.1401
Wed 25 Jan 2023 23:08:25 INFO  Saving current: saved/KGAT-Jan-25-2023_23-05-36.pth
Wed 25 Jan 2023 23:08:30 INFO  epoch 38 training [time: 4.50s, train_loss1: 9.1802, train_loss2: 2.4015]
Wed 25 Jan 2023 23:08:30 INFO  epoch 38 evaluating [time: 0.19s, valid_score: 0.351300]
Wed 25 Jan 2023 23:08:30 INFO  valid result: 
recall@10 : 0.1937    mrr@10 : 0.3513    ndcg@10 : 0.2044    hit@10 : 0.7094    precision@10 : 0.1411
Wed 25 Jan 2023 23:08:30 INFO  Saving current: saved/KGAT-Jan-25-2023_23-05-36.pth
Wed 25 Jan 2023 23:08:34 INFO  epoch 39 training [time: 4.02s, train_loss1: 9.0385, train_loss2: 2.3777]
Wed 25 Jan 2023 23:08:34 INFO  epoch 39 evaluating [time: 0.19s, valid_score: 0.351200]
Wed 25 Jan 2023 23:08:34 INFO  valid result: 
recall@10 : 0.1933    mrr@10 : 0.3512    ndcg@10 : 0.2044    hit@10 : 0.7137    precision@10 : 0.1413
Wed 25 Jan 2023 23:08:38 INFO  epoch 40 training [time: 4.05s, train_loss1: 8.9112, train_loss2: 2.3799]
Wed 25 Jan 2023 23:08:38 INFO  epoch 40 evaluating [time: 0.19s, valid_score: 0.350700]
Wed 25 Jan 2023 23:08:38 INFO  valid result: 
recall@10 : 0.1942    mrr@10 : 0.3507    ndcg@10 : 0.2039    hit@10 : 0.7137    precision@10 : 0.1415
Wed 25 Jan 2023 23:08:42 INFO  epoch 41 training [time: 4.11s, train_loss1: 8.9076, train_loss2: 2.3107]
Wed 25 Jan 2023 23:08:43 INFO  epoch 41 evaluating [time: 0.19s, valid_score: 0.351900]
Wed 25 Jan 2023 23:08:43 INFO  valid result: 
recall@10 : 0.1941    mrr@10 : 0.3519    ndcg@10 : 0.2055    hit@10 : 0.7073    precision@10 : 0.1419
Wed 25 Jan 2023 23:08:43 INFO  Saving current: saved/KGAT-Jan-25-2023_23-05-36.pth
Wed 25 Jan 2023 23:08:47 INFO  epoch 42 training [time: 4.17s, train_loss1: 8.8321, train_loss2: 2.1730]
Wed 25 Jan 2023 23:08:47 INFO  epoch 42 evaluating [time: 0.19s, valid_score: 0.351500]
Wed 25 Jan 2023 23:08:47 INFO  valid result: 
recall@10 : 0.1959    mrr@10 : 0.3515    ndcg@10 : 0.2062    hit@10 : 0.7126    precision@10 : 0.1428
Wed 25 Jan 2023 23:08:51 INFO  epoch 43 training [time: 3.90s, train_loss1: 8.7904, train_loss2: 2.1953]
Wed 25 Jan 2023 23:08:51 INFO  epoch 43 evaluating [time: 0.21s, valid_score: 0.356600]
Wed 25 Jan 2023 23:08:51 INFO  valid result: 
recall@10 : 0.1955    mrr@10 : 0.3566    ndcg@10 : 0.2082    hit@10 : 0.7137    precision@10 : 0.1433
Wed 25 Jan 2023 23:08:51 INFO  Saving current: saved/KGAT-Jan-25-2023_23-05-36.pth
Wed 25 Jan 2023 23:08:55 INFO  epoch 44 training [time: 4.07s, train_loss1: 8.6642, train_loss2: 2.1089]
Wed 25 Jan 2023 23:08:55 INFO  epoch 44 evaluating [time: 0.19s, valid_score: 0.355500]
Wed 25 Jan 2023 23:08:55 INFO  valid result: 
recall@10 : 0.1963    mrr@10 : 0.3555    ndcg@10 : 0.2073    hit@10 : 0.7158    precision@10 : 0.1422
Wed 25 Jan 2023 23:09:00 INFO  epoch 45 training [time: 4.13s, train_loss1: 8.5135, train_loss2: 2.0977]
Wed 25 Jan 2023 23:09:00 INFO  epoch 45 evaluating [time: 0.20s, valid_score: 0.360500]
Wed 25 Jan 2023 23:09:00 INFO  valid result: 
recall@10 : 0.1963    mrr@10 : 0.3605    ndcg@10 : 0.2089    hit@10 : 0.7243    precision@10 : 0.1434
Wed 25 Jan 2023 23:09:00 INFO  Saving current: saved/KGAT-Jan-25-2023_23-05-36.pth
Wed 25 Jan 2023 23:09:04 INFO  epoch 46 training [time: 4.22s, train_loss1: 8.4146, train_loss2: 2.0529]
Wed 25 Jan 2023 23:09:04 INFO  epoch 46 evaluating [time: 0.19s, valid_score: 0.365800]
Wed 25 Jan 2023 23:09:04 INFO  valid result: 
recall@10 : 0.2006    mrr@10 : 0.3658    ndcg@10 : 0.2128    hit@10 : 0.7222    precision@10 : 0.1452
Wed 25 Jan 2023 23:09:04 INFO  Saving current: saved/KGAT-Jan-25-2023_23-05-36.pth
Wed 25 Jan 2023 23:09:08 INFO  epoch 47 training [time: 3.81s, train_loss1: 8.3172, train_loss2: 2.0563]
Wed 25 Jan 2023 23:09:08 INFO  epoch 47 evaluating [time: 0.19s, valid_score: 0.368500]
Wed 25 Jan 2023 23:09:08 INFO  valid result: 
recall@10 : 0.1999    mrr@10 : 0.3685    ndcg@10 : 0.2129    hit@10 : 0.7243    precision@10 : 0.1452
Wed 25 Jan 2023 23:09:08 INFO  Saving current: saved/KGAT-Jan-25-2023_23-05-36.pth
Wed 25 Jan 2023 23:09:13 INFO  epoch 48 training [time: 4.14s, train_loss1: 8.2524, train_loss2: 2.0237]
Wed 25 Jan 2023 23:09:13 INFO  epoch 48 evaluating [time: 0.19s, valid_score: 0.365600]
Wed 25 Jan 2023 23:09:13 INFO  valid result: 
recall@10 : 0.205    mrr@10 : 0.3656    ndcg@10 : 0.2158    hit@10 : 0.7264    precision@10 : 0.1488
Wed 25 Jan 2023 23:09:17 INFO  epoch 49 training [time: 4.14s, train_loss1: 8.1297, train_loss2: 1.9969]
Wed 25 Jan 2023 23:09:17 INFO  epoch 49 evaluating [time: 0.19s, valid_score: 0.373700]
Wed 25 Jan 2023 23:09:17 INFO  valid result: 
recall@10 : 0.206    mrr@10 : 0.3737    ndcg@10 : 0.2184    hit@10 : 0.7381    precision@10 : 0.1494
Wed 25 Jan 2023 23:09:17 INFO  Saving current: saved/KGAT-Jan-25-2023_23-05-36.pth
Wed 25 Jan 2023 23:09:21 INFO  epoch 50 training [time: 4.12s, train_loss1: 8.0959, train_loss2: 1.8777]
Wed 25 Jan 2023 23:09:21 INFO  epoch 50 evaluating [time: 0.19s, valid_score: 0.375000]
Wed 25 Jan 2023 23:09:21 INFO  valid result: 
recall@10 : 0.2064    mrr@10 : 0.375    ndcg@10 : 0.2184    hit@10 : 0.737    precision@10 : 0.1496
Wed 25 Jan 2023 23:09:22 INFO  Saving current: saved/KGAT-Jan-25-2023_23-05-36.pth
Wed 25 Jan 2023 23:09:26 INFO  epoch 51 training [time: 4.13s, train_loss1: 8.0073, train_loss2: 1.9560]
Wed 25 Jan 2023 23:09:26 INFO  epoch 51 evaluating [time: 0.21s, valid_score: 0.375600]
Wed 25 Jan 2023 23:09:26 INFO  valid result: 
recall@10 : 0.208    mrr@10 : 0.3756    ndcg@10 : 0.2204    hit@10 : 0.7413    precision@10 : 0.1513
Wed 25 Jan 2023 23:09:26 INFO  Saving current: saved/KGAT-Jan-25-2023_23-05-36.pth
Wed 25 Jan 2023 23:09:30 INFO  epoch 52 training [time: 4.19s, train_loss1: 7.9050, train_loss2: 1.9370]
Wed 25 Jan 2023 23:09:30 INFO  epoch 52 evaluating [time: 0.19s, valid_score: 0.381100]
Wed 25 Jan 2023 23:09:30 INFO  valid result: 
recall@10 : 0.2086    mrr@10 : 0.3811    ndcg@10 : 0.2234    hit@10 : 0.7391    precision@10 : 0.1521
Wed 25 Jan 2023 23:09:30 INFO  Saving current: saved/KGAT-Jan-25-2023_23-05-36.pth
Wed 25 Jan 2023 23:09:34 INFO  epoch 53 training [time: 3.87s, train_loss1: 7.8306, train_loss2: 1.8225]
Wed 25 Jan 2023 23:09:34 INFO  epoch 53 evaluating [time: 0.19s, valid_score: 0.381200]
Wed 25 Jan 2023 23:09:34 INFO  valid result: 
recall@10 : 0.214    mrr@10 : 0.3812    ndcg@10 : 0.2257    hit@10 : 0.7444    precision@10 : 0.1537
Wed 25 Jan 2023 23:09:35 INFO  Saving current: saved/KGAT-Jan-25-2023_23-05-36.pth
Wed 25 Jan 2023 23:09:39 INFO  epoch 54 training [time: 4.11s, train_loss1: 7.6777, train_loss2: 1.7816]
Wed 25 Jan 2023 23:09:39 INFO  epoch 54 evaluating [time: 0.19s, valid_score: 0.380500]
Wed 25 Jan 2023 23:09:39 INFO  valid result: 
recall@10 : 0.2128    mrr@10 : 0.3805    ndcg@10 : 0.2261    hit@10 : 0.7434    precision@10 : 0.154
Wed 25 Jan 2023 23:09:43 INFO  epoch 55 training [time: 3.93s, train_loss1: 7.6125, train_loss2: 1.8060]
Wed 25 Jan 2023 23:09:43 INFO  epoch 55 evaluating [time: 0.20s, valid_score: 0.375900]
Wed 25 Jan 2023 23:09:43 INFO  valid result: 
recall@10 : 0.2106    mrr@10 : 0.3759    ndcg@10 : 0.2249    hit@10 : 0.7402    precision@10 : 0.1533
Wed 25 Jan 2023 23:09:47 INFO  epoch 56 training [time: 4.49s, train_loss1: 7.5866, train_loss2: 1.6329]
Wed 25 Jan 2023 23:09:48 INFO  epoch 56 evaluating [time: 0.19s, valid_score: 0.382900]
Wed 25 Jan 2023 23:09:48 INFO  valid result: 
recall@10 : 0.2147    mrr@10 : 0.3829    ndcg@10 : 0.2285    hit@10 : 0.7444    precision@10 : 0.1549
Wed 25 Jan 2023 23:09:48 INFO  Saving current: saved/KGAT-Jan-25-2023_23-05-36.pth
Wed 25 Jan 2023 23:09:52 INFO  epoch 57 training [time: 4.42s, train_loss1: 7.5278, train_loss2: 1.6144]
Wed 25 Jan 2023 23:09:52 INFO  epoch 57 evaluating [time: 0.19s, valid_score: 0.384800]
Wed 25 Jan 2023 23:09:52 INFO  valid result: 
recall@10 : 0.2165    mrr@10 : 0.3848    ndcg@10 : 0.23    hit@10 : 0.7455    precision@10 : 0.1557
Wed 25 Jan 2023 23:09:52 INFO  Saving current: saved/KGAT-Jan-25-2023_23-05-36.pth
Wed 25 Jan 2023 23:09:57 INFO  epoch 58 training [time: 4.21s, train_loss1: 7.3756, train_loss2: 1.6503]
Wed 25 Jan 2023 23:09:57 INFO  epoch 58 evaluating [time: 0.19s, valid_score: 0.385400]
Wed 25 Jan 2023 23:09:57 INFO  valid result: 
recall@10 : 0.2125    mrr@10 : 0.3854    ndcg@10 : 0.2275    hit@10 : 0.7381    precision@10 : 0.1528
Wed 25 Jan 2023 23:09:57 INFO  Saving current: saved/KGAT-Jan-25-2023_23-05-36.pth
Wed 25 Jan 2023 23:10:01 INFO  epoch 59 training [time: 4.17s, train_loss1: 7.3841, train_loss2: 1.6068]
Wed 25 Jan 2023 23:10:01 INFO  epoch 59 evaluating [time: 0.21s, valid_score: 0.385700]
Wed 25 Jan 2023 23:10:01 INFO  valid result: 
recall@10 : 0.2159    mrr@10 : 0.3857    ndcg@10 : 0.2289    hit@10 : 0.7444    precision@10 : 0.155
Wed 25 Jan 2023 23:10:01 INFO  Saving current: saved/KGAT-Jan-25-2023_23-05-36.pth
Wed 25 Jan 2023 23:10:06 INFO  epoch 60 training [time: 4.20s, train_loss1: 7.2115, train_loss2: 1.6132]
Wed 25 Jan 2023 23:10:06 INFO  epoch 60 evaluating [time: 0.19s, valid_score: 0.387800]
Wed 25 Jan 2023 23:10:06 INFO  valid result: 
recall@10 : 0.2151    mrr@10 : 0.3878    ndcg@10 : 0.2293    hit@10 : 0.7466    precision@10 : 0.1545
Wed 25 Jan 2023 23:10:06 INFO  Saving current: saved/KGAT-Jan-25-2023_23-05-36.pth
Wed 25 Jan 2023 23:10:10 INFO  epoch 61 training [time: 4.01s, train_loss1: 7.1791, train_loss2: 1.5780]
Wed 25 Jan 2023 23:10:10 INFO  epoch 61 evaluating [time: 0.19s, valid_score: 0.382800]
Wed 25 Jan 2023 23:10:10 INFO  valid result: 
recall@10 : 0.2154    mrr@10 : 0.3828    ndcg@10 : 0.2293    hit@10 : 0.7476    precision@10 : 0.1555
Wed 25 Jan 2023 23:10:14 INFO  epoch 62 training [time: 4.11s, train_loss1: 7.1595, train_loss2: 1.5811]
Wed 25 Jan 2023 23:10:14 INFO  epoch 62 evaluating [time: 0.19s, valid_score: 0.382300]
Wed 25 Jan 2023 23:10:14 INFO  valid result: 
recall@10 : 0.2187    mrr@10 : 0.3823    ndcg@10 : 0.2306    hit@10 : 0.7561    precision@10 : 0.1589
Wed 25 Jan 2023 23:10:18 INFO  epoch 63 training [time: 4.06s, train_loss1: 7.0890, train_loss2: 1.5241]
Wed 25 Jan 2023 23:10:19 INFO  epoch 63 evaluating [time: 0.19s, valid_score: 0.384100]
Wed 25 Jan 2023 23:10:19 INFO  valid result: 
recall@10 : 0.2177    mrr@10 : 0.3841    ndcg@10 : 0.2303    hit@10 : 0.7508    precision@10 : 0.1581
Wed 25 Jan 2023 23:10:23 INFO  epoch 64 training [time: 4.09s, train_loss1: 7.1062, train_loss2: 1.4650]
Wed 25 Jan 2023 23:10:23 INFO  epoch 64 evaluating [time: 0.19s, valid_score: 0.383500]
Wed 25 Jan 2023 23:10:23 INFO  valid result: 
recall@10 : 0.2198    mrr@10 : 0.3835    ndcg@10 : 0.2315    hit@10 : 0.754    precision@10 : 0.1586
Wed 25 Jan 2023 23:10:27 INFO  epoch 65 training [time: 4.12s, train_loss1: 6.9287, train_loss2: 1.4755]
Wed 25 Jan 2023 23:10:27 INFO  epoch 65 evaluating [time: 0.19s, valid_score: 0.381500]
Wed 25 Jan 2023 23:10:27 INFO  valid result: 
recall@10 : 0.2139    mrr@10 : 0.3815    ndcg@10 : 0.2289    hit@10 : 0.7434    precision@10 : 0.1575
Wed 25 Jan 2023 23:10:31 INFO  epoch 66 training [time: 3.80s, train_loss1: 6.9696, train_loss2: 1.3976]
Wed 25 Jan 2023 23:10:31 INFO  epoch 66 evaluating [time: 0.19s, valid_score: 0.391100]
Wed 25 Jan 2023 23:10:31 INFO  valid result: 
recall@10 : 0.218    mrr@10 : 0.3911    ndcg@10 : 0.2326    hit@10 : 0.7487    precision@10 : 0.1589
Wed 25 Jan 2023 23:10:31 INFO  Saving current: saved/KGAT-Jan-25-2023_23-05-36.pth
Wed 25 Jan 2023 23:10:35 INFO  epoch 67 training [time: 4.07s, train_loss1: 6.7941, train_loss2: 1.4419]
Wed 25 Jan 2023 23:10:35 INFO  epoch 67 evaluating [time: 0.19s, valid_score: 0.397200]
Wed 25 Jan 2023 23:10:35 INFO  valid result: 
recall@10 : 0.218    mrr@10 : 0.3972    ndcg@10 : 0.2343    hit@10 : 0.754    precision@10 : 0.1585
Wed 25 Jan 2023 23:10:36 INFO  Saving current: saved/KGAT-Jan-25-2023_23-05-36.pth
Wed 25 Jan 2023 23:10:40 INFO  epoch 68 training [time: 4.07s, train_loss1: 6.7464, train_loss2: 1.4441]
Wed 25 Jan 2023 23:10:40 INFO  epoch 68 evaluating [time: 0.19s, valid_score: 0.391600]
Wed 25 Jan 2023 23:10:40 INFO  valid result: 
recall@10 : 0.219    mrr@10 : 0.3916    ndcg@10 : 0.2326    hit@10 : 0.7561    precision@10 : 0.1587
Wed 25 Jan 2023 23:10:44 INFO  epoch 69 training [time: 4.04s, train_loss1: 6.7120, train_loss2: 1.3557]
Wed 25 Jan 2023 23:10:44 INFO  epoch 69 evaluating [time: 0.19s, valid_score: 0.395300]
Wed 25 Jan 2023 23:10:44 INFO  valid result: 
recall@10 : 0.2227    mrr@10 : 0.3953    ndcg@10 : 0.2362    hit@10 : 0.7603    precision@10 : 0.1604
Wed 25 Jan 2023 23:10:48 INFO  epoch 70 training [time: 4.02s, train_loss1: 6.6786, train_loss2: 1.3251]
Wed 25 Jan 2023 23:10:48 INFO  epoch 70 evaluating [time: 0.19s, valid_score: 0.392600]
Wed 25 Jan 2023 23:10:48 INFO  valid result: 
recall@10 : 0.2228    mrr@10 : 0.3926    ndcg@10 : 0.2355    hit@10 : 0.7582    precision@10 : 0.1597
Wed 25 Jan 2023 23:10:52 INFO  epoch 71 training [time: 3.73s, train_loss1: 6.5023, train_loss2: 1.3509]
Wed 25 Jan 2023 23:10:52 INFO  epoch 71 evaluating [time: 0.19s, valid_score: 0.393800]
Wed 25 Jan 2023 23:10:52 INFO  valid result: 
recall@10 : 0.222    mrr@10 : 0.3938    ndcg@10 : 0.2342    hit@10 : 0.7572    precision@10 : 0.1598
Wed 25 Jan 2023 23:10:56 INFO  epoch 72 training [time: 3.80s, train_loss1: 6.5627, train_loss2: 1.3561]
Wed 25 Jan 2023 23:10:56 INFO  epoch 72 evaluating [time: 0.19s, valid_score: 0.390800]
Wed 25 Jan 2023 23:10:56 INFO  valid result: 
recall@10 : 0.2235    mrr@10 : 0.3908    ndcg@10 : 0.235    hit@10 : 0.7625    precision@10 : 0.161
Wed 25 Jan 2023 23:11:00 INFO  epoch 73 training [time: 4.04s, train_loss1: 6.3657, train_loss2: 1.3078]
Wed 25 Jan 2023 23:11:00 INFO  epoch 73 evaluating [time: 0.19s, valid_score: 0.385800]
Wed 25 Jan 2023 23:11:00 INFO  valid result: 
recall@10 : 0.2211    mrr@10 : 0.3858    ndcg@10 : 0.2322    hit@10 : 0.7572    precision@10 : 0.16
Wed 25 Jan 2023 23:11:04 INFO  epoch 74 training [time: 4.11s, train_loss1: 6.3485, train_loss2: 1.3295]
Wed 25 Jan 2023 23:11:05 INFO  epoch 74 evaluating [time: 0.19s, valid_score: 0.388500]
Wed 25 Jan 2023 23:11:05 INFO  valid result: 
recall@10 : 0.2242    mrr@10 : 0.3885    ndcg@10 : 0.2359    hit@10 : 0.7561    precision@10 : 0.162
Wed 25 Jan 2023 23:11:09 INFO  epoch 75 training [time: 4.07s, train_loss1: 6.3030, train_loss2: 1.2539]
Wed 25 Jan 2023 23:11:09 INFO  epoch 75 evaluating [time: 0.19s, valid_score: 0.390200]
Wed 25 Jan 2023 23:11:09 INFO  valid result: 
recall@10 : 0.2252    mrr@10 : 0.3902    ndcg@10 : 0.2368    hit@10 : 0.7582    precision@10 : 0.1631
Wed 25 Jan 2023 23:11:13 INFO  epoch 76 training [time: 4.04s, train_loss1: 6.2736, train_loss2: 1.3117]
Wed 25 Jan 2023 23:11:13 INFO  epoch 76 evaluating [time: 0.19s, valid_score: 0.393000]
Wed 25 Jan 2023 23:11:13 INFO  valid result: 
recall@10 : 0.2245    mrr@10 : 0.393    ndcg@10 : 0.2368    hit@10 : 0.7582    precision@10 : 0.1619
Wed 25 Jan 2023 23:11:17 INFO  epoch 77 training [time: 4.28s, train_loss1: 6.1958, train_loss2: 1.2343]
Wed 25 Jan 2023 23:11:18 INFO  epoch 77 evaluating [time: 0.20s, valid_score: 0.393900]
Wed 25 Jan 2023 23:11:18 INFO  valid result: 
recall@10 : 0.2258    mrr@10 : 0.3939    ndcg@10 : 0.2389    hit@10 : 0.7572    precision@10 : 0.1629
Wed 25 Jan 2023 23:11:22 INFO  epoch 78 training [time: 4.23s, train_loss1: 6.2277, train_loss2: 1.1800]
Wed 25 Jan 2023 23:11:22 INFO  epoch 78 evaluating [time: 0.24s, valid_score: 0.397300]
Wed 25 Jan 2023 23:11:22 INFO  valid result: 
recall@10 : 0.2245    mrr@10 : 0.3973    ndcg@10 : 0.238    hit@10 : 0.7603    precision@10 : 0.1616
Wed 25 Jan 2023 23:11:22 INFO  Saving current: saved/KGAT-Jan-25-2023_23-05-36.pth
Wed 25 Jan 2023 23:11:26 INFO  epoch 79 training [time: 4.21s, train_loss1: 6.1263, train_loss2: 1.2097]
Wed 25 Jan 2023 23:11:27 INFO  epoch 79 evaluating [time: 0.20s, valid_score: 0.397100]
Wed 25 Jan 2023 23:11:27 INFO  valid result: 
recall@10 : 0.2226    mrr@10 : 0.3971    ndcg@10 : 0.2363    hit@10 : 0.7593    precision@10 : 0.161
Wed 25 Jan 2023 23:11:31 INFO  epoch 80 training [time: 4.11s, train_loss1: 6.1550, train_loss2: 1.2469]
Wed 25 Jan 2023 23:11:31 INFO  epoch 80 evaluating [time: 0.20s, valid_score: 0.395800]
Wed 25 Jan 2023 23:11:31 INFO  valid result: 
recall@10 : 0.2246    mrr@10 : 0.3958    ndcg@10 : 0.2379    hit@10 : 0.755    precision@10 : 0.162
Wed 25 Jan 2023 23:11:35 INFO  epoch 81 training [time: 4.22s, train_loss1: 6.0028, train_loss2: 1.1307]
Wed 25 Jan 2023 23:11:35 INFO  epoch 81 evaluating [time: 0.19s, valid_score: 0.398500]
Wed 25 Jan 2023 23:11:35 INFO  valid result: 
recall@10 : 0.221    mrr@10 : 0.3985    ndcg@10 : 0.2366    hit@10 : 0.7572    precision@10 : 0.1607
Wed 25 Jan 2023 23:11:35 INFO  Saving current: saved/KGAT-Jan-25-2023_23-05-36.pth
Wed 25 Jan 2023 23:11:40 INFO  epoch 82 training [time: 4.26s, train_loss1: 5.9053, train_loss2: 1.1875]
Wed 25 Jan 2023 23:11:40 INFO  epoch 82 evaluating [time: 0.19s, valid_score: 0.399100]
Wed 25 Jan 2023 23:11:40 INFO  valid result: 
recall@10 : 0.2281    mrr@10 : 0.3991    ndcg@10 : 0.2393    hit@10 : 0.7614    precision@10 : 0.1633
Wed 25 Jan 2023 23:11:40 INFO  Saving current: saved/KGAT-Jan-25-2023_23-05-36.pth
Wed 25 Jan 2023 23:11:44 INFO  epoch 83 training [time: 4.19s, train_loss1: 5.9241, train_loss2: 1.2362]
Wed 25 Jan 2023 23:11:44 INFO  epoch 83 evaluating [time: 0.20s, valid_score: 0.399000]
Wed 25 Jan 2023 23:11:44 INFO  valid result: 
recall@10 : 0.229    mrr@10 : 0.399    ndcg@10 : 0.2407    hit@10 : 0.7667    precision@10 : 0.1636
Wed 25 Jan 2023 23:11:48 INFO  epoch 84 training [time: 3.81s, train_loss1: 5.8470, train_loss2: 1.1753]
Wed 25 Jan 2023 23:11:48 INFO  epoch 84 evaluating [time: 0.20s, valid_score: 0.391900]
Wed 25 Jan 2023 23:11:48 INFO  valid result: 
recall@10 : 0.2284    mrr@10 : 0.3919    ndcg@10 : 0.2373    hit@10 : 0.7667    precision@10 : 0.1624
Wed 25 Jan 2023 23:11:52 INFO  epoch 85 training [time: 3.95s, train_loss1: 5.7797, train_loss2: 1.1118]
Wed 25 Jan 2023 23:11:52 INFO  epoch 85 evaluating [time: 0.19s, valid_score: 0.392500]
Wed 25 Jan 2023 23:11:52 INFO  valid result: 
recall@10 : 0.228    mrr@10 : 0.3925    ndcg@10 : 0.2366    hit@10 : 0.7593    precision@10 : 0.1612
Wed 25 Jan 2023 23:11:56 INFO  epoch 86 training [time: 3.79s, train_loss1: 5.7392, train_loss2: 1.1332]
Wed 25 Jan 2023 23:11:56 INFO  epoch 86 evaluating [time: 0.19s, valid_score: 0.399500]
Wed 25 Jan 2023 23:11:56 INFO  valid result: 
recall@10 : 0.2229    mrr@10 : 0.3995    ndcg@10 : 0.2364    hit@10 : 0.7561    precision@10 : 0.159
Wed 25 Jan 2023 23:11:57 INFO  Saving current: saved/KGAT-Jan-25-2023_23-05-36.pth
Wed 25 Jan 2023 23:12:01 INFO  epoch 87 training [time: 4.07s, train_loss1: 5.7965, train_loss2: 1.1316]
Wed 25 Jan 2023 23:12:01 INFO  epoch 87 evaluating [time: 0.19s, valid_score: 0.391200]
Wed 25 Jan 2023 23:12:01 INFO  valid result: 
recall@10 : 0.226    mrr@10 : 0.3912    ndcg@10 : 0.2372    hit@10 : 0.7603    precision@10 : 0.1613
Wed 25 Jan 2023 23:12:05 INFO  epoch 88 training [time: 4.14s, train_loss1: 5.6348, train_loss2: 1.0587]
Wed 25 Jan 2023 23:12:05 INFO  epoch 88 evaluating [time: 0.19s, valid_score: 0.398400]
Wed 25 Jan 2023 23:12:05 INFO  valid result: 
recall@10 : 0.2238    mrr@10 : 0.3984    ndcg@10 : 0.2372    hit@10 : 0.7497    precision@10 : 0.1592
Wed 25 Jan 2023 23:12:09 INFO  epoch 89 training [time: 4.11s, train_loss1: 5.5516, train_loss2: 1.0730]
Wed 25 Jan 2023 23:12:09 INFO  epoch 89 evaluating [time: 0.20s, valid_score: 0.391200]
Wed 25 Jan 2023 23:12:09 INFO  valid result: 
recall@10 : 0.2221    mrr@10 : 0.3912    ndcg@10 : 0.234    hit@10 : 0.755    precision@10 : 0.1598
Wed 25 Jan 2023 23:12:14 INFO  epoch 90 training [time: 4.23s, train_loss1: 5.4517, train_loss2: 1.0688]
Wed 25 Jan 2023 23:12:14 INFO  epoch 90 evaluating [time: 0.19s, valid_score: 0.396400]
Wed 25 Jan 2023 23:12:14 INFO  valid result: 
recall@10 : 0.2235    mrr@10 : 0.3964    ndcg@10 : 0.2366    hit@10 : 0.754    precision@10 : 0.16
Wed 25 Jan 2023 23:12:18 INFO  epoch 91 training [time: 4.36s, train_loss1: 5.4937, train_loss2: 1.0937]
Wed 25 Jan 2023 23:12:18 INFO  epoch 91 evaluating [time: 0.19s, valid_score: 0.398000]
Wed 25 Jan 2023 23:12:18 INFO  valid result: 
recall@10 : 0.2265    mrr@10 : 0.398    ndcg@10 : 0.239    hit@10 : 0.7572    precision@10 : 0.1616
Wed 25 Jan 2023 23:12:23 INFO  epoch 92 training [time: 4.25s, train_loss1: 5.4474, train_loss2: 1.0441]
Wed 25 Jan 2023 23:12:23 INFO  epoch 92 evaluating [time: 0.20s, valid_score: 0.396200]
Wed 25 Jan 2023 23:12:23 INFO  valid result: 
recall@10 : 0.2243    mrr@10 : 0.3962    ndcg@10 : 0.2366    hit@10 : 0.7635    precision@10 : 0.1611
Wed 25 Jan 2023 23:12:27 INFO  epoch 93 training [time: 4.09s, train_loss1: 5.3602, train_loss2: 1.0776]
Wed 25 Jan 2023 23:12:27 INFO  epoch 93 evaluating [time: 0.19s, valid_score: 0.395300]
Wed 25 Jan 2023 23:12:27 INFO  valid result: 
recall@10 : 0.228    mrr@10 : 0.3953    ndcg@10 : 0.2369    hit@10 : 0.7625    precision@10 : 0.1616
Wed 25 Jan 2023 23:12:31 INFO  epoch 94 training [time: 4.03s, train_loss1: 5.3318, train_loss2: 1.0484]
Wed 25 Jan 2023 23:12:31 INFO  epoch 94 evaluating [time: 0.19s, valid_score: 0.400500]
Wed 25 Jan 2023 23:12:31 INFO  valid result: 
recall@10 : 0.2282    mrr@10 : 0.4005    ndcg@10 : 0.2402    hit@10 : 0.7603    precision@10 : 0.1643
Wed 25 Jan 2023 23:12:31 INFO  Saving current: saved/KGAT-Jan-25-2023_23-05-36.pth
Wed 25 Jan 2023 23:12:35 INFO  epoch 95 training [time: 4.03s, train_loss1: 5.2442, train_loss2: 0.9981]
Wed 25 Jan 2023 23:12:36 INFO  epoch 95 evaluating [time: 0.19s, valid_score: 0.406500]
Wed 25 Jan 2023 23:12:36 INFO  valid result: 
recall@10 : 0.226    mrr@10 : 0.4065    ndcg@10 : 0.2401    hit@10 : 0.7678    precision@10 : 0.162
Wed 25 Jan 2023 23:12:36 INFO  Saving current: saved/KGAT-Jan-25-2023_23-05-36.pth
Wed 25 Jan 2023 23:12:40 INFO  epoch 96 training [time: 4.06s, train_loss1: 5.2323, train_loss2: 1.0326]
Wed 25 Jan 2023 23:12:40 INFO  epoch 96 evaluating [time: 0.19s, valid_score: 0.399600]
Wed 25 Jan 2023 23:12:40 INFO  valid result: 
recall@10 : 0.2236    mrr@10 : 0.3996    ndcg@10 : 0.2375    hit@10 : 0.7582    precision@10 : 0.1619
Wed 25 Jan 2023 23:12:44 INFO  epoch 97 training [time: 4.05s, train_loss1: 5.0824, train_loss2: 1.0305]
Wed 25 Jan 2023 23:12:44 INFO  epoch 97 evaluating [time: 0.19s, valid_score: 0.400000]
Wed 25 Jan 2023 23:12:44 INFO  valid result: 
recall@10 : 0.2259    mrr@10 : 0.4    ndcg@10 : 0.2391    hit@10 : 0.7519    precision@10 : 0.1622
Wed 25 Jan 2023 23:12:48 INFO  epoch 98 training [time: 4.03s, train_loss1: 5.0896, train_loss2: 1.0503]
Wed 25 Jan 2023 23:12:48 INFO  epoch 98 evaluating [time: 0.20s, valid_score: 0.410000]
Wed 25 Jan 2023 23:12:48 INFO  valid result: 
recall@10 : 0.2233    mrr@10 : 0.41    ndcg@10 : 0.2384    hit@10 : 0.7593    precision@10 : 0.1591
Wed 25 Jan 2023 23:12:49 INFO  Saving current: saved/KGAT-Jan-25-2023_23-05-36.pth
Wed 25 Jan 2023 23:12:52 INFO  epoch 99 training [time: 3.98s, train_loss1: 5.0699, train_loss2: 0.9926]
Wed 25 Jan 2023 23:12:53 INFO  epoch 99 evaluating [time: 0.20s, valid_score: 0.400500]
Wed 25 Jan 2023 23:12:53 INFO  valid result: 
recall@10 : 0.2235    mrr@10 : 0.4005    ndcg@10 : 0.2382    hit@10 : 0.7603    precision@10 : 0.1626
Wed 25 Jan 2023 23:12:57 INFO  epoch 100 training [time: 3.97s, train_loss1: 4.9474, train_loss2: 1.0275]
Wed 25 Jan 2023 23:12:57 INFO  epoch 100 evaluating [time: 0.23s, valid_score: 0.403300]
Wed 25 Jan 2023 23:12:57 INFO  valid result: 
recall@10 : 0.2266    mrr@10 : 0.4033    ndcg@10 : 0.2398    hit@10 : 0.7625    precision@10 : 0.1611
Wed 25 Jan 2023 23:13:01 INFO  epoch 101 training [time: 3.87s, train_loss1: 4.8862, train_loss2: 0.9689]
Wed 25 Jan 2023 23:13:01 INFO  epoch 101 evaluating [time: 0.19s, valid_score: 0.404800]
Wed 25 Jan 2023 23:13:01 INFO  valid result: 
recall@10 : 0.2303    mrr@10 : 0.4048    ndcg@10 : 0.2411    hit@10 : 0.772    precision@10 : 0.1631
Wed 25 Jan 2023 23:13:05 INFO  epoch 102 training [time: 3.77s, train_loss1: 4.9372, train_loss2: 0.9612]
Wed 25 Jan 2023 23:13:05 INFO  epoch 102 evaluating [time: 0.19s, valid_score: 0.403800]
Wed 25 Jan 2023 23:13:05 INFO  valid result: 
recall@10 : 0.2235    mrr@10 : 0.4038    ndcg@10 : 0.2374    hit@10 : 0.7603    precision@10 : 0.1596
Wed 25 Jan 2023 23:13:10 INFO  epoch 103 training [time: 4.67s, train_loss1: 4.7704, train_loss2: 0.9847]
Wed 25 Jan 2023 23:13:10 INFO  epoch 103 evaluating [time: 0.19s, valid_score: 0.404100]
Wed 25 Jan 2023 23:13:10 INFO  valid result: 
recall@10 : 0.2231    mrr@10 : 0.4041    ndcg@10 : 0.2384    hit@10 : 0.755    precision@10 : 0.161
Wed 25 Jan 2023 23:13:14 INFO  epoch 104 training [time: 4.42s, train_loss1: 4.8411, train_loss2: 0.9321]
Wed 25 Jan 2023 23:13:14 INFO  epoch 104 evaluating [time: 0.21s, valid_score: 0.399100]
Wed 25 Jan 2023 23:13:14 INFO  valid result: 
recall@10 : 0.2268    mrr@10 : 0.3991    ndcg@10 : 0.2376    hit@10 : 0.7635    precision@10 : 0.1614
Wed 25 Jan 2023 23:13:19 INFO  epoch 105 training [time: 4.19s, train_loss1: 4.7574, train_loss2: 0.9755]
Wed 25 Jan 2023 23:13:19 INFO  epoch 105 evaluating [time: 0.21s, valid_score: 0.394800]
Wed 25 Jan 2023 23:13:19 INFO  valid result: 
recall@10 : 0.2297    mrr@10 : 0.3948    ndcg@10 : 0.2371    hit@10 : 0.772    precision@10 : 0.162
Wed 25 Jan 2023 23:13:23 INFO  epoch 106 training [time: 4.03s, train_loss1: 4.7097, train_loss2: 0.9647]
Wed 25 Jan 2023 23:13:23 INFO  epoch 106 evaluating [time: 0.19s, valid_score: 0.397700]
Wed 25 Jan 2023 23:13:23 INFO  valid result: 
recall@10 : 0.2261    mrr@10 : 0.3977    ndcg@10 : 0.2359    hit@10 : 0.7656    precision@10 : 0.1607
Wed 25 Jan 2023 23:13:27 INFO  epoch 107 training [time: 4.01s, train_loss1: 4.6728, train_loss2: 0.9338]
Wed 25 Jan 2023 23:13:27 INFO  epoch 107 evaluating [time: 0.19s, valid_score: 0.394300]
Wed 25 Jan 2023 23:13:27 INFO  valid result: 
recall@10 : 0.2256    mrr@10 : 0.3943    ndcg@10 : 0.235    hit@10 : 0.7625    precision@10 : 0.1608
Wed 25 Jan 2023 23:13:31 INFO  epoch 108 training [time: 3.97s, train_loss1: 4.6363, train_loss2: 0.9581]
Wed 25 Jan 2023 23:13:31 INFO  epoch 108 evaluating [time: 0.19s, valid_score: 0.396000]
Wed 25 Jan 2023 23:13:31 INFO  valid result: 
recall@10 : 0.2234    mrr@10 : 0.396    ndcg@10 : 0.2349    hit@10 : 0.7646    precision@10 : 0.1594
Wed 25 Jan 2023 23:13:35 INFO  epoch 109 training [time: 4.01s, train_loss1: 4.6063, train_loss2: 0.9036]
Wed 25 Jan 2023 23:13:36 INFO  epoch 109 evaluating [time: 0.20s, valid_score: 0.396600]
Wed 25 Jan 2023 23:13:36 INFO  valid result: 
recall@10 : 0.2226    mrr@10 : 0.3966    ndcg@10 : 0.2343    hit@10 : 0.7625    precision@10 : 0.1594
Wed 25 Jan 2023 23:13:36 INFO  Finished training, best eval result in epoch 98
Wed 25 Jan 2023 23:13:36 INFO  Loading model structure and parameters from saved/KGAT-Jan-25-2023_23-05-36.pth
Wed 25 Jan 2023 23:13:36 INFO  best valid : OrderedDict([('recall@10', 0.2233), ('mrr@10', 0.41), ('ndcg@10', 0.2384), ('hit@10', 0.7593), ('precision@10', 0.1591)])
Wed 25 Jan 2023 23:13:36 INFO  test result: OrderedDict([('recall@10', 0.2579), ('mrr@10', 0.4579), ('ndcg@10', 0.2878), ('hit@10', 0.7784), ('precision@10', 0.1975)])
