Thu 26 Jan 2023 07:43:45 INFO  ['recbole_test.py']
Thu 26 Jan 2023 07:43:45 INFO  
General Hyper Parameters:
gpu_id = 0
use_gpu = True
seed = 2020
state = INFO
reproducibility = True
data_path = /work/03/gu14/k36095/kgat_bai/recbole/config/../dataset_example/ml-100k
checkpoint_dir = saved
show_progress = True
save_dataset = True
dataset_save_path = None
save_dataloaders = False
dataloaders_save_path = None
log_wandb = False

Training Hyper Parameters:
epochs = 300
train_batch_size = 2048
learner = adam
learning_rate = 0.001
train_neg_sample_args = {'distribution': 'uniform', 'sample_num': 1, 'alpha': 1.0, 'dynamic': False, 'candidate_num': 0}
eval_step = 1
stopping_step = 10
clip_grad_norm = None
weight_decay = 0.0
loss_decimal_place = 4

Evaluation Hyper Parameters:
eval_args = {'split': {'RS': [0.8, 0.1, 0.1]}, 'group_by': 'user', 'order': 'RO', 'mode': 'full'}
repeatable = False
metrics = ['Recall', 'MRR', 'NDCG', 'Hit', 'Precision']
topk = [10]
valid_metric = MRR@10
valid_metric_bigger = True
eval_batch_size = 4096
metric_decimal_place = 4

Dataset Hyper Parameters:
field_separator = 	
seq_separator =  
USER_ID_FIELD = user_id
ITEM_ID_FIELD = item_id
RATING_FIELD = rating
TIME_FIELD = timestamp
seq_len = None
LABEL_FIELD = label
threshold = None
NEG_PREFIX = neg_
load_col = {'inter': ['user_id', 'item_id', 'rating', 'timestamp'], 'kg': ['head_id', 'relation_id', 'tail_id'], 'link': ['item_id', 'entity_id']}
unload_col = None
unused_col = None
additional_feat_suffix = None
rm_dup_inter = None
val_interval = None
filter_inter_by_user_or_item = True
user_inter_num_interval = None
item_inter_num_interval = None
alias_of_user_id = None
alias_of_item_id = None
alias_of_entity_id = None
alias_of_relation_id = None
preload_weight = None
normalize_field = None
normalize_all = True
ITEM_LIST_LENGTH_FIELD = item_length
LIST_SUFFIX = _list
MAX_ITEM_LIST_LENGTH = 50
POSITION_FIELD = position_id
HEAD_ENTITY_ID_FIELD = head_id
TAIL_ENTITY_ID_FIELD = tail_id
RELATION_ID_FIELD = relation_id
ENTITY_ID_FIELD = entity_id
kg_reverse_r = False
entity_kg_num_interval = [0,inf)
relation_kg_num_interval = [0,inf)
benchmark_filename = None

Other Hyper Parameters: 
worker = 0
wandb_project = recbole
shuffle = True
require_pow = False
enable_amp = False
enable_scaler = False
transform = None
embedding_size = 64
kg_embedding_size = 64
layers = [64]
mess_dropout = 0.1
reg_weight = 1e-05
aggregator_type = gcn
numerical_features = []
discretization = None
MODEL_TYPE = ModelType.KNOWLEDGE
MODEL_INPUT_TYPE = InputType.PAIRWISE
eval_type = EvaluatorType.RANKING
single_spec = True
local_rank = 0
device = cpu
eval_neg_sample_args = {'distribution': 'uniform', 'sample_num': 'none'}


Thu 26 Jan 2023 07:43:46 INFO  Saving filtered dataset into [saved/ml-100k-dataset.pth]
Thu 26 Jan 2023 07:43:46 INFO  ml-100k
The number of users: 944
Average actions of users: 103.4506892895016
The number of items: 1599
Average actions of items: 61.04755944931164
The number of inters: 97554
The sparsity of the dataset: 93.53714185772888%
Remain Fields: ['entity_id', 'user_id', 'item_id', 'rating', 'timestamp', 'head_id', 'relation_id', 'tail_id']
The number of entities: 34629
The number of relations: 26
The number of triples: 91631
The number of items that have been linked to KG: 1598
Thu 26 Jan 2023 07:43:47 INFO  [Training]: train_batch_size = [2048] train_neg_sample_args: [{'distribution': 'uniform', 'sample_num': 1, 'alpha': 1.0, 'dynamic': False, 'candidate_num': 0}]
Thu 26 Jan 2023 07:43:47 INFO  [Evaluation]: eval_batch_size = [4096] eval_args: [{'split': {'RS': [0.8, 0.1, 0.1]}, 'group_by': 'user', 'order': 'RO', 'mode': 'full'}]
Thu 26 Jan 2023 07:43:47 INFO  KGAT(
  (user_embedding): Embedding(944, 64)
  (entity_embedding): Embedding(34629, 64)
  (relation_embedding): Embedding(26, 64)
  (trans_w): Embedding(26, 4096)
  (aggregator_layers): ModuleList(
    (0): Aggregator(
      (message_dropout): Dropout(p=0.1, inplace=False)
      (W): Linear(in_features=64, out_features=64, bias=True)
      (activation): LeakyReLU(negative_slope=0.01)
    )
  )
  (tanh): Tanh()
  (mf_loss): BPRLoss()
  (reg_loss): EmbLoss()
)
Trainable parameters: 2388992
Thu 26 Jan 2023 07:43:47 INFO  FLOPs: 145707008.0
Thu 26 Jan 2023 07:43:52 INFO  epoch 0 training [time: 4.20s, train_loss1: 23.4772, train_loss2: 29.7189]
Thu 26 Jan 2023 07:43:52 INFO  epoch 0 evaluating [time: 0.20s, valid_score: 0.108400]
Thu 26 Jan 2023 07:43:52 INFO  valid result: 
recall@10 : 0.0507    mrr@10 : 0.1084    ndcg@10 : 0.0554    hit@10 : 0.3192    precision@10 : 0.0461
Thu 26 Jan 2023 07:43:52 INFO  Saving current: saved/KGAT-Jan-26-2023_07-43-47.pth
Thu 26 Jan 2023 07:43:57 INFO  epoch 1 training [time: 4.62s, train_loss1: 18.5829, train_loss2: 20.4086]
Thu 26 Jan 2023 07:43:57 INFO  epoch 1 evaluating [time: 0.21s, valid_score: 0.155600]
Thu 26 Jan 2023 07:43:57 INFO  valid result: 
recall@10 : 0.0911    mrr@10 : 0.1556    ndcg@10 : 0.0873    hit@10 : 0.4528    precision@10 : 0.0694
Thu 26 Jan 2023 07:43:57 INFO  Saving current: saved/KGAT-Jan-26-2023_07-43-47.pth
Thu 26 Jan 2023 07:44:01 INFO  epoch 2 training [time: 4.06s, train_loss1: 16.8324, train_loss2: 12.6355]
Thu 26 Jan 2023 07:44:01 INFO  epoch 2 evaluating [time: 0.19s, valid_score: 0.176300]
Thu 26 Jan 2023 07:44:01 INFO  valid result: 
recall@10 : 0.1027    mrr@10 : 0.1763    ndcg@10 : 0.0982    hit@10 : 0.4666    precision@10 : 0.0719
Thu 26 Jan 2023 07:44:01 INFO  Saving current: saved/KGAT-Jan-26-2023_07-43-47.pth
Thu 26 Jan 2023 07:44:05 INFO  epoch 3 training [time: 4.23s, train_loss1: 16.4518, train_loss2: 10.2692]
Thu 26 Jan 2023 07:44:06 INFO  epoch 3 evaluating [time: 0.19s, valid_score: 0.171900]
Thu 26 Jan 2023 07:44:06 INFO  valid result: 
recall@10 : 0.1075    mrr@10 : 0.1719    ndcg@10 : 0.0988    hit@10 : 0.4793    precision@10 : 0.0736
Thu 26 Jan 2023 07:44:10 INFO  epoch 4 training [time: 3.98s, train_loss1: 16.3027, train_loss2: 9.0719]
Thu 26 Jan 2023 07:44:10 INFO  epoch 4 evaluating [time: 0.19s, valid_score: 0.182600]
Thu 26 Jan 2023 07:44:10 INFO  valid result: 
recall@10 : 0.1075    mrr@10 : 0.1826    ndcg@10 : 0.1032    hit@10 : 0.4899    precision@10 : 0.0782
Thu 26 Jan 2023 07:44:10 INFO  Saving current: saved/KGAT-Jan-26-2023_07-43-47.pth
Thu 26 Jan 2023 07:44:14 INFO  epoch 5 training [time: 4.32s, train_loss1: 16.1666, train_loss2: 8.2908]
Thu 26 Jan 2023 07:44:14 INFO  epoch 5 evaluating [time: 0.19s, valid_score: 0.193600]
Thu 26 Jan 2023 07:44:14 INFO  valid result: 
recall@10 : 0.1003    mrr@10 : 0.1936    ndcg@10 : 0.102    hit@10 : 0.4761    precision@10 : 0.0762
Thu 26 Jan 2023 07:44:14 INFO  Saving current: saved/KGAT-Jan-26-2023_07-43-47.pth
Thu 26 Jan 2023 07:44:19 INFO  epoch 6 training [time: 4.22s, train_loss1: 15.9754, train_loss2: 7.9055]
Thu 26 Jan 2023 07:44:19 INFO  epoch 6 evaluating [time: 0.19s, valid_score: 0.202600]
Thu 26 Jan 2023 07:44:19 INFO  valid result: 
recall@10 : 0.1041    mrr@10 : 0.2026    ndcg@10 : 0.1081    hit@10 : 0.4878    precision@10 : 0.0793
Thu 26 Jan 2023 07:44:19 INFO  Saving current: saved/KGAT-Jan-26-2023_07-43-47.pth
Thu 26 Jan 2023 07:44:23 INFO  epoch 7 training [time: 3.98s, train_loss1: 15.8775, train_loss2: 7.4747]
Thu 26 Jan 2023 07:44:23 INFO  epoch 7 evaluating [time: 0.22s, valid_score: 0.204900]
Thu 26 Jan 2023 07:44:23 INFO  valid result: 
recall@10 : 0.0997    mrr@10 : 0.2049    ndcg@10 : 0.1092    hit@10 : 0.4804    precision@10 : 0.0815
Thu 26 Jan 2023 07:44:23 INFO  Saving current: saved/KGAT-Jan-26-2023_07-43-47.pth
Thu 26 Jan 2023 07:44:27 INFO  epoch 8 training [time: 4.19s, train_loss1: 15.7451, train_loss2: 7.1425]
Thu 26 Jan 2023 07:44:28 INFO  epoch 8 evaluating [time: 0.19s, valid_score: 0.207200]
Thu 26 Jan 2023 07:44:28 INFO  valid result: 
recall@10 : 0.1072    mrr@10 : 0.2072    ndcg@10 : 0.1113    hit@10 : 0.4952    precision@10 : 0.0806
Thu 26 Jan 2023 07:44:28 INFO  Saving current: saved/KGAT-Jan-26-2023_07-43-47.pth
Thu 26 Jan 2023 07:44:32 INFO  epoch 9 training [time: 4.13s, train_loss1: 15.5185, train_loss2: 6.8904]
Thu 26 Jan 2023 07:44:32 INFO  epoch 9 evaluating [time: 0.19s, valid_score: 0.210500]
Thu 26 Jan 2023 07:44:32 INFO  valid result: 
recall@10 : 0.1079    mrr@10 : 0.2105    ndcg@10 : 0.1137    hit@10 : 0.4889    precision@10 : 0.0828
Thu 26 Jan 2023 07:44:32 INFO  Saving current: saved/KGAT-Jan-26-2023_07-43-47.pth
Thu 26 Jan 2023 07:44:36 INFO  epoch 10 training [time: 4.21s, train_loss1: 15.3140, train_loss2: 6.5810]
Thu 26 Jan 2023 07:44:36 INFO  epoch 10 evaluating [time: 0.19s, valid_score: 0.219200]
Thu 26 Jan 2023 07:44:36 INFO  valid result: 
recall@10 : 0.1118    mrr@10 : 0.2192    ndcg@10 : 0.1184    hit@10 : 0.5048    precision@10 : 0.0864
Thu 26 Jan 2023 07:44:36 INFO  Saving current: saved/KGAT-Jan-26-2023_07-43-47.pth
Thu 26 Jan 2023 07:44:41 INFO  epoch 11 training [time: 4.15s, train_loss1: 15.0618, train_loss2: 6.4072]
Thu 26 Jan 2023 07:44:41 INFO  epoch 11 evaluating [time: 0.19s, valid_score: 0.235000]
Thu 26 Jan 2023 07:44:41 INFO  valid result: 
recall@10 : 0.118    mrr@10 : 0.235    ndcg@10 : 0.1268    hit@10 : 0.5249    precision@10 : 0.0922
Thu 26 Jan 2023 07:44:41 INFO  Saving current: saved/KGAT-Jan-26-2023_07-43-47.pth
Thu 26 Jan 2023 07:44:45 INFO  epoch 12 training [time: 4.17s, train_loss1: 14.8711, train_loss2: 6.0049]
Thu 26 Jan 2023 07:44:45 INFO  epoch 12 evaluating [time: 0.19s, valid_score: 0.239800]
Thu 26 Jan 2023 07:44:45 INFO  valid result: 
recall@10 : 0.1234    mrr@10 : 0.2398    ndcg@10 : 0.1333    hit@10 : 0.5429    precision@10 : 0.0988
Thu 26 Jan 2023 07:44:45 INFO  Saving current: saved/KGAT-Jan-26-2023_07-43-47.pth
Thu 26 Jan 2023 07:44:49 INFO  epoch 13 training [time: 4.14s, train_loss1: 14.5010, train_loss2: 5.6489]
Thu 26 Jan 2023 07:44:50 INFO  epoch 13 evaluating [time: 0.19s, valid_score: 0.243800]
Thu 26 Jan 2023 07:44:50 INFO  valid result: 
recall@10 : 0.127    mrr@10 : 0.2438    ndcg@10 : 0.1366    hit@10 : 0.5483    precision@10 : 0.1016
Thu 26 Jan 2023 07:44:50 INFO  Saving current: saved/KGAT-Jan-26-2023_07-43-47.pth
Thu 26 Jan 2023 07:44:54 INFO  epoch 14 training [time: 4.17s, train_loss1: 14.2038, train_loss2: 5.3350]
Thu 26 Jan 2023 07:44:54 INFO  epoch 14 evaluating [time: 0.19s, valid_score: 0.262600]
Thu 26 Jan 2023 07:44:54 INFO  valid result: 
recall@10 : 0.1376    mrr@10 : 0.2626    ndcg@10 : 0.1475    hit@10 : 0.5769    precision@10 : 0.1069
Thu 26 Jan 2023 07:44:54 INFO  Saving current: saved/KGAT-Jan-26-2023_07-43-47.pth
Thu 26 Jan 2023 07:44:58 INFO  epoch 15 training [time: 4.19s, train_loss1: 13.8996, train_loss2: 5.0104]
Thu 26 Jan 2023 07:44:59 INFO  epoch 15 evaluating [time: 0.20s, valid_score: 0.263800]
Thu 26 Jan 2023 07:44:59 INFO  valid result: 
recall@10 : 0.1433    mrr@10 : 0.2638    ndcg@10 : 0.1514    hit@10 : 0.5854    precision@10 : 0.1112
Thu 26 Jan 2023 07:44:59 INFO  Saving current: saved/KGAT-Jan-26-2023_07-43-47.pth
Thu 26 Jan 2023 07:45:03 INFO  epoch 16 training [time: 4.03s, train_loss1: 13.5403, train_loss2: 4.6183]
Thu 26 Jan 2023 07:45:03 INFO  epoch 16 evaluating [time: 0.19s, valid_score: 0.278600]
Thu 26 Jan 2023 07:45:03 INFO  valid result: 
recall@10 : 0.1474    mrr@10 : 0.2786    ndcg@10 : 0.1574    hit@10 : 0.6013    precision@10 : 0.115
Thu 26 Jan 2023 07:45:03 INFO  Saving current: saved/KGAT-Jan-26-2023_07-43-47.pth
Thu 26 Jan 2023 07:45:07 INFO  epoch 17 training [time: 4.15s, train_loss1: 13.1638, train_loss2: 4.2788]
Thu 26 Jan 2023 07:45:07 INFO  epoch 17 evaluating [time: 0.19s, valid_score: 0.290000]
Thu 26 Jan 2023 07:45:07 INFO  valid result: 
recall@10 : 0.1508    mrr@10 : 0.29    ndcg@10 : 0.163    hit@10 : 0.6045    precision@10 : 0.1162
Thu 26 Jan 2023 07:45:07 INFO  Saving current: saved/KGAT-Jan-26-2023_07-43-47.pth
Thu 26 Jan 2023 07:45:11 INFO  epoch 18 training [time: 4.17s, train_loss1: 12.7524, train_loss2: 3.9638]
Thu 26 Jan 2023 07:45:12 INFO  epoch 18 evaluating [time: 0.19s, valid_score: 0.296300]
Thu 26 Jan 2023 07:45:12 INFO  valid result: 
recall@10 : 0.1606    mrr@10 : 0.2963    ndcg@10 : 0.1694    hit@10 : 0.631    precision@10 : 0.1212
Thu 26 Jan 2023 07:45:12 INFO  Saving current: saved/KGAT-Jan-26-2023_07-43-47.pth
Thu 26 Jan 2023 07:45:16 INFO  epoch 19 training [time: 3.96s, train_loss1: 12.4592, train_loss2: 3.9090]
Thu 26 Jan 2023 07:45:16 INFO  epoch 19 evaluating [time: 0.19s, valid_score: 0.305100]
Thu 26 Jan 2023 07:45:16 INFO  valid result: 
recall@10 : 0.1609    mrr@10 : 0.3051    ndcg@10 : 0.1735    hit@10 : 0.6341    precision@10 : 0.1229
Thu 26 Jan 2023 07:45:16 INFO  Saving current: saved/KGAT-Jan-26-2023_07-43-47.pth
Thu 26 Jan 2023 07:45:20 INFO  epoch 20 training [time: 4.48s, train_loss1: 12.1554, train_loss2: 3.7465]
Thu 26 Jan 2023 07:45:21 INFO  epoch 20 evaluating [time: 0.21s, valid_score: 0.313500]
Thu 26 Jan 2023 07:45:21 INFO  valid result: 
recall@10 : 0.1625    mrr@10 : 0.3135    ndcg@10 : 0.1787    hit@10 : 0.6341    precision@10 : 0.125
Thu 26 Jan 2023 07:45:21 INFO  Saving current: saved/KGAT-Jan-26-2023_07-43-47.pth
Thu 26 Jan 2023 07:45:25 INFO  epoch 21 training [time: 4.18s, train_loss1: 11.8251, train_loss2: 3.5803]
Thu 26 Jan 2023 07:45:25 INFO  epoch 21 evaluating [time: 0.19s, valid_score: 0.316600]
Thu 26 Jan 2023 07:45:25 INFO  valid result: 
recall@10 : 0.1687    mrr@10 : 0.3166    ndcg@10 : 0.1836    hit@10 : 0.649    precision@10 : 0.1304
Thu 26 Jan 2023 07:45:25 INFO  Saving current: saved/KGAT-Jan-26-2023_07-43-47.pth
Thu 26 Jan 2023 07:45:29 INFO  epoch 22 training [time: 3.94s, train_loss1: 11.5825, train_loss2: 3.2949]
Thu 26 Jan 2023 07:45:29 INFO  epoch 22 evaluating [time: 0.19s, valid_score: 0.319700]
Thu 26 Jan 2023 07:45:29 INFO  valid result: 
recall@10 : 0.169    mrr@10 : 0.3197    ndcg@10 : 0.1851    hit@10 : 0.6501    precision@10 : 0.1305
Thu 26 Jan 2023 07:45:29 INFO  Saving current: saved/KGAT-Jan-26-2023_07-43-47.pth
Thu 26 Jan 2023 07:45:34 INFO  epoch 23 training [time: 4.20s, train_loss1: 11.2668, train_loss2: 3.2138]
Thu 26 Jan 2023 07:45:34 INFO  epoch 23 evaluating [time: 0.19s, valid_score: 0.330100]
Thu 26 Jan 2023 07:45:34 INFO  valid result: 
recall@10 : 0.1707    mrr@10 : 0.3301    ndcg@10 : 0.1893    hit@10 : 0.6585    precision@10 : 0.1319
Thu 26 Jan 2023 07:45:34 INFO  Saving current: saved/KGAT-Jan-26-2023_07-43-47.pth
Thu 26 Jan 2023 07:45:38 INFO  epoch 24 training [time: 4.15s, train_loss1: 11.0566, train_loss2: 3.1500]
Thu 26 Jan 2023 07:45:38 INFO  epoch 24 evaluating [time: 0.19s, valid_score: 0.342600]
Thu 26 Jan 2023 07:45:38 INFO  valid result: 
recall@10 : 0.1698    mrr@10 : 0.3426    ndcg@10 : 0.1927    hit@10 : 0.667    precision@10 : 0.1327
Thu 26 Jan 2023 07:45:38 INFO  Saving current: saved/KGAT-Jan-26-2023_07-43-47.pth
Thu 26 Jan 2023 07:45:42 INFO  epoch 25 training [time: 4.18s, train_loss1: 10.8451, train_loss2: 3.0507]
Thu 26 Jan 2023 07:45:43 INFO  epoch 25 evaluating [time: 0.19s, valid_score: 0.346800]
Thu 26 Jan 2023 07:45:43 INFO  valid result: 
recall@10 : 0.1724    mrr@10 : 0.3468    ndcg@10 : 0.1951    hit@10 : 0.666    precision@10 : 0.1341
Thu 26 Jan 2023 07:45:43 INFO  Saving current: saved/KGAT-Jan-26-2023_07-43-47.pth
Thu 26 Jan 2023 07:45:47 INFO  epoch 26 training [time: 4.50s, train_loss1: 10.6403, train_loss2: 3.0195]
Thu 26 Jan 2023 07:45:47 INFO  epoch 26 evaluating [time: 0.19s, valid_score: 0.345700]
Thu 26 Jan 2023 07:45:47 INFO  valid result: 
recall@10 : 0.1732    mrr@10 : 0.3457    ndcg@10 : 0.1949    hit@10 : 0.6681    precision@10 : 0.1341
Thu 26 Jan 2023 07:45:51 INFO  epoch 27 training [time: 3.97s, train_loss1: 10.3640, train_loss2: 2.9180]
Thu 26 Jan 2023 07:45:51 INFO  epoch 27 evaluating [time: 0.19s, valid_score: 0.348100]
Thu 26 Jan 2023 07:45:51 INFO  valid result: 
recall@10 : 0.176    mrr@10 : 0.3481    ndcg@10 : 0.1977    hit@10 : 0.6702    precision@10 : 0.1368
Thu 26 Jan 2023 07:45:52 INFO  Saving current: saved/KGAT-Jan-26-2023_07-43-47.pth
Thu 26 Jan 2023 07:45:56 INFO  epoch 28 training [time: 4.14s, train_loss1: 10.3351, train_loss2: 2.8124]
Thu 26 Jan 2023 07:45:56 INFO  epoch 28 evaluating [time: 0.19s, valid_score: 0.347200]
Thu 26 Jan 2023 07:45:56 INFO  valid result: 
recall@10 : 0.1793    mrr@10 : 0.3472    ndcg@10 : 0.1985    hit@10 : 0.6691    precision@10 : 0.1368
Thu 26 Jan 2023 07:46:00 INFO  epoch 29 training [time: 4.17s, train_loss1: 10.0821, train_loss2: 2.7519]
Thu 26 Jan 2023 07:46:00 INFO  epoch 29 evaluating [time: 0.19s, valid_score: 0.354900]
Thu 26 Jan 2023 07:46:00 INFO  valid result: 
recall@10 : 0.1823    mrr@10 : 0.3549    ndcg@10 : 0.2018    hit@10 : 0.6787    precision@10 : 0.1386
Thu 26 Jan 2023 07:46:00 INFO  Saving current: saved/KGAT-Jan-26-2023_07-43-47.pth
Thu 26 Jan 2023 07:46:05 INFO  epoch 30 training [time: 4.19s, train_loss1: 9.9440, train_loss2: 2.6756]
Thu 26 Jan 2023 07:46:05 INFO  epoch 30 evaluating [time: 0.19s, valid_score: 0.353000]
Thu 26 Jan 2023 07:46:05 INFO  valid result: 
recall@10 : 0.1825    mrr@10 : 0.353    ndcg@10 : 0.2015    hit@10 : 0.684    precision@10 : 0.1376
Thu 26 Jan 2023 07:46:09 INFO  epoch 31 training [time: 4.15s, train_loss1: 9.8582, train_loss2: 2.5785]
Thu 26 Jan 2023 07:46:09 INFO  epoch 31 evaluating [time: 0.19s, valid_score: 0.356100]
Thu 26 Jan 2023 07:46:09 INFO  valid result: 
recall@10 : 0.1815    mrr@10 : 0.3561    ndcg@10 : 0.2025    hit@10 : 0.6787    precision@10 : 0.1378
Thu 26 Jan 2023 07:46:09 INFO  Saving current: saved/KGAT-Jan-26-2023_07-43-47.pth
Thu 26 Jan 2023 07:46:13 INFO  epoch 32 training [time: 4.16s, train_loss1: 9.6455, train_loss2: 2.5383]
Thu 26 Jan 2023 07:46:13 INFO  epoch 32 evaluating [time: 0.19s, valid_score: 0.353000]
Thu 26 Jan 2023 07:46:13 INFO  valid result: 
recall@10 : 0.1831    mrr@10 : 0.353    ndcg@10 : 0.2033    hit@10 : 0.6766    precision@10 : 0.1391
Thu 26 Jan 2023 07:46:17 INFO  epoch 33 training [time: 3.91s, train_loss1: 9.6155, train_loss2: 2.4228]
Thu 26 Jan 2023 07:46:18 INFO  epoch 33 evaluating [time: 0.19s, valid_score: 0.363300]
Thu 26 Jan 2023 07:46:18 INFO  valid result: 
recall@10 : 0.1857    mrr@10 : 0.3633    ndcg@10 : 0.2073    hit@10 : 0.6819    precision@10 : 0.1411
Thu 26 Jan 2023 07:46:18 INFO  Saving current: saved/KGAT-Jan-26-2023_07-43-47.pth
Thu 26 Jan 2023 07:46:22 INFO  epoch 34 training [time: 3.92s, train_loss1: 9.4235, train_loss2: 2.3601]
Thu 26 Jan 2023 07:46:22 INFO  epoch 34 evaluating [time: 0.19s, valid_score: 0.364100]
Thu 26 Jan 2023 07:46:22 INFO  valid result: 
recall@10 : 0.1853    mrr@10 : 0.3641    ndcg@10 : 0.2065    hit@10 : 0.6861    precision@10 : 0.1406
Thu 26 Jan 2023 07:46:22 INFO  Saving current: saved/KGAT-Jan-26-2023_07-43-47.pth
Thu 26 Jan 2023 07:46:26 INFO  epoch 35 training [time: 4.16s, train_loss1: 9.4853, train_loss2: 2.3664]
Thu 26 Jan 2023 07:46:26 INFO  epoch 35 evaluating [time: 0.19s, valid_score: 0.363700]
Thu 26 Jan 2023 07:46:26 INFO  valid result: 
recall@10 : 0.1852    mrr@10 : 0.3637    ndcg@10 : 0.2069    hit@10 : 0.6819    precision@10 : 0.1414
Thu 26 Jan 2023 07:46:30 INFO  epoch 36 training [time: 4.14s, train_loss1: 9.1902, train_loss2: 2.2857]
Thu 26 Jan 2023 07:46:31 INFO  epoch 36 evaluating [time: 0.19s, valid_score: 0.366100]
Thu 26 Jan 2023 07:46:31 INFO  valid result: 
recall@10 : 0.1862    mrr@10 : 0.3661    ndcg@10 : 0.2078    hit@10 : 0.685    precision@10 : 0.1421
Thu 26 Jan 2023 07:46:31 INFO  Saving current: saved/KGAT-Jan-26-2023_07-43-47.pth
Thu 26 Jan 2023 07:46:35 INFO  epoch 37 training [time: 4.17s, train_loss1: 9.1482, train_loss2: 2.1787]
Thu 26 Jan 2023 07:46:35 INFO  epoch 37 evaluating [time: 0.19s, valid_score: 0.359500]
Thu 26 Jan 2023 07:46:35 INFO  valid result: 
recall@10 : 0.1888    mrr@10 : 0.3595    ndcg@10 : 0.2076    hit@10 : 0.6829    precision@10 : 0.144
Thu 26 Jan 2023 07:46:39 INFO  epoch 38 training [time: 4.15s, train_loss1: 9.1808, train_loss2: 2.1523]
Thu 26 Jan 2023 07:46:39 INFO  epoch 38 evaluating [time: 0.19s, valid_score: 0.370800]
Thu 26 Jan 2023 07:46:39 INFO  valid result: 
recall@10 : 0.1904    mrr@10 : 0.3708    ndcg@10 : 0.2111    hit@10 : 0.6967    precision@10 : 0.1452
Thu 26 Jan 2023 07:46:39 INFO  Saving current: saved/KGAT-Jan-26-2023_07-43-47.pth
Thu 26 Jan 2023 07:46:43 INFO  epoch 39 training [time: 3.74s, train_loss1: 8.9767, train_loss2: 2.1225]
Thu 26 Jan 2023 07:46:43 INFO  epoch 39 evaluating [time: 0.19s, valid_score: 0.374600]
Thu 26 Jan 2023 07:46:43 INFO  valid result: 
recall@10 : 0.1906    mrr@10 : 0.3746    ndcg@10 : 0.2117    hit@10 : 0.6988    precision@10 : 0.1438
Thu 26 Jan 2023 07:46:43 INFO  Saving current: saved/KGAT-Jan-26-2023_07-43-47.pth
Thu 26 Jan 2023 07:46:47 INFO  epoch 40 training [time: 3.74s, train_loss1: 8.9107, train_loss2: 2.0632]
Thu 26 Jan 2023 07:46:47 INFO  epoch 40 evaluating [time: 0.19s, valid_score: 0.369700]
Thu 26 Jan 2023 07:46:47 INFO  valid result: 
recall@10 : 0.1929    mrr@10 : 0.3697    ndcg@10 : 0.2135    hit@10 : 0.6925    precision@10 : 0.147
Thu 26 Jan 2023 07:46:51 INFO  epoch 41 training [time: 4.18s, train_loss1: 8.7916, train_loss2: 1.9849]
Thu 26 Jan 2023 07:46:52 INFO  epoch 41 evaluating [time: 0.19s, valid_score: 0.372200]
Thu 26 Jan 2023 07:46:52 INFO  valid result: 
recall@10 : 0.1921    mrr@10 : 0.3722    ndcg@10 : 0.2131    hit@10 : 0.6988    precision@10 : 0.1461
Thu 26 Jan 2023 07:46:56 INFO  epoch 42 training [time: 4.17s, train_loss1: 8.7085, train_loss2: 1.9308]
Thu 26 Jan 2023 07:46:56 INFO  epoch 42 evaluating [time: 0.19s, valid_score: 0.366200]
Thu 26 Jan 2023 07:46:56 INFO  valid result: 
recall@10 : 0.1925    mrr@10 : 0.3662    ndcg@10 : 0.2108    hit@10 : 0.702    precision@10 : 0.1441
Thu 26 Jan 2023 07:47:00 INFO  epoch 43 training [time: 4.14s, train_loss1: 8.6599, train_loss2: 1.9582]
Thu 26 Jan 2023 07:47:00 INFO  epoch 43 evaluating [time: 0.19s, valid_score: 0.374000]
Thu 26 Jan 2023 07:47:00 INFO  valid result: 
recall@10 : 0.1923    mrr@10 : 0.374    ndcg@10 : 0.2132    hit@10 : 0.6988    precision@10 : 0.1449
Thu 26 Jan 2023 07:47:04 INFO  epoch 44 training [time: 3.92s, train_loss1: 8.4831, train_loss2: 1.9295]
Thu 26 Jan 2023 07:47:04 INFO  epoch 44 evaluating [time: 0.19s, valid_score: 0.374800]
Thu 26 Jan 2023 07:47:04 INFO  valid result: 
recall@10 : 0.1939    mrr@10 : 0.3748    ndcg@10 : 0.2147    hit@10 : 0.7063    precision@10 : 0.1469
Thu 26 Jan 2023 07:47:05 INFO  Saving current: saved/KGAT-Jan-26-2023_07-43-47.pth
Thu 26 Jan 2023 07:47:09 INFO  epoch 45 training [time: 4.45s, train_loss1: 8.4821, train_loss2: 1.8452]
Thu 26 Jan 2023 07:47:09 INFO  epoch 45 evaluating [time: 0.19s, valid_score: 0.375500]
Thu 26 Jan 2023 07:47:09 INFO  valid result: 
recall@10 : 0.1991    mrr@10 : 0.3755    ndcg@10 : 0.2173    hit@10 : 0.719    precision@10 : 0.1496
Thu 26 Jan 2023 07:47:09 INFO  Saving current: saved/KGAT-Jan-26-2023_07-43-47.pth
Thu 26 Jan 2023 07:47:13 INFO  epoch 46 training [time: 4.13s, train_loss1: 8.2947, train_loss2: 1.8892]
Thu 26 Jan 2023 07:47:14 INFO  epoch 46 evaluating [time: 0.19s, valid_score: 0.377500]
Thu 26 Jan 2023 07:47:14 INFO  valid result: 
recall@10 : 0.1958    mrr@10 : 0.3775    ndcg@10 : 0.2162    hit@10 : 0.7137    precision@10 : 0.1477
Thu 26 Jan 2023 07:47:14 INFO  Saving current: saved/KGAT-Jan-26-2023_07-43-47.pth
Thu 26 Jan 2023 07:47:18 INFO  epoch 47 training [time: 4.13s, train_loss1: 8.2917, train_loss2: 1.8094]
Thu 26 Jan 2023 07:47:18 INFO  epoch 47 evaluating [time: 0.19s, valid_score: 0.377900]
Thu 26 Jan 2023 07:47:18 INFO  valid result: 
recall@10 : 0.1998    mrr@10 : 0.3779    ndcg@10 : 0.2186    hit@10 : 0.7137    precision@10 : 0.1495
Thu 26 Jan 2023 07:47:18 INFO  Saving current: saved/KGAT-Jan-26-2023_07-43-47.pth
Thu 26 Jan 2023 07:47:22 INFO  epoch 48 training [time: 4.16s, train_loss1: 8.1574, train_loss2: 1.7371]
Thu 26 Jan 2023 07:47:22 INFO  epoch 48 evaluating [time: 0.19s, valid_score: 0.375900]
Thu 26 Jan 2023 07:47:22 INFO  valid result: 
recall@10 : 0.2027    mrr@10 : 0.3759    ndcg@10 : 0.2195    hit@10 : 0.7169    precision@10 : 0.1507
Thu 26 Jan 2023 07:47:27 INFO  epoch 49 training [time: 4.18s, train_loss1: 8.1914, train_loss2: 1.7620]
Thu 26 Jan 2023 07:47:27 INFO  epoch 49 evaluating [time: 0.19s, valid_score: 0.386900]
Thu 26 Jan 2023 07:47:27 INFO  valid result: 
recall@10 : 0.199    mrr@10 : 0.3869    ndcg@10 : 0.2209    hit@10 : 0.7137    precision@10 : 0.1491
Thu 26 Jan 2023 07:47:27 INFO  Saving current: saved/KGAT-Jan-26-2023_07-43-47.pth
Thu 26 Jan 2023 07:47:31 INFO  epoch 50 training [time: 4.15s, train_loss1: 8.0747, train_loss2: 1.7651]
Thu 26 Jan 2023 07:47:31 INFO  epoch 50 evaluating [time: 0.19s, valid_score: 0.389700]
Thu 26 Jan 2023 07:47:31 INFO  valid result: 
recall@10 : 0.1981    mrr@10 : 0.3897    ndcg@10 : 0.221    hit@10 : 0.7147    precision@10 : 0.1488
Thu 26 Jan 2023 07:47:31 INFO  Saving current: saved/KGAT-Jan-26-2023_07-43-47.pth
Thu 26 Jan 2023 07:47:35 INFO  epoch 51 training [time: 4.09s, train_loss1: 7.9131, train_loss2: 1.6732]
Thu 26 Jan 2023 07:47:36 INFO  epoch 51 evaluating [time: 0.19s, valid_score: 0.390000]
Thu 26 Jan 2023 07:47:36 INFO  valid result: 
recall@10 : 0.2014    mrr@10 : 0.39    ndcg@10 : 0.2226    hit@10 : 0.7264    precision@10 : 0.1509
Thu 26 Jan 2023 07:47:36 INFO  Saving current: saved/KGAT-Jan-26-2023_07-43-47.pth
Thu 26 Jan 2023 07:47:40 INFO  epoch 52 training [time: 4.10s, train_loss1: 7.8542, train_loss2: 1.7033]
Thu 26 Jan 2023 07:47:40 INFO  epoch 52 evaluating [time: 0.19s, valid_score: 0.384600]
Thu 26 Jan 2023 07:47:40 INFO  valid result: 
recall@10 : 0.2012    mrr@10 : 0.3846    ndcg@10 : 0.2215    hit@10 : 0.7232    precision@10 : 0.1507
Thu 26 Jan 2023 07:47:44 INFO  epoch 53 training [time: 4.19s, train_loss1: 7.7075, train_loss2: 1.6207]
Thu 26 Jan 2023 07:47:44 INFO  epoch 53 evaluating [time: 0.19s, valid_score: 0.384300]
Thu 26 Jan 2023 07:47:44 INFO  valid result: 
recall@10 : 0.204    mrr@10 : 0.3843    ndcg@10 : 0.223    hit@10 : 0.7317    precision@10 : 0.1512
Thu 26 Jan 2023 07:47:48 INFO  epoch 54 training [time: 3.92s, train_loss1: 7.7382, train_loss2: 1.6535]
Thu 26 Jan 2023 07:47:48 INFO  epoch 54 evaluating [time: 0.20s, valid_score: 0.388600]
Thu 26 Jan 2023 07:47:48 INFO  valid result: 
recall@10 : 0.209    mrr@10 : 0.3886    ndcg@10 : 0.226    hit@10 : 0.7349    precision@10 : 0.154
Thu 26 Jan 2023 07:47:53 INFO  epoch 55 training [time: 4.18s, train_loss1: 7.5902, train_loss2: 1.5192]
Thu 26 Jan 2023 07:47:53 INFO  epoch 55 evaluating [time: 0.19s, valid_score: 0.389800]
Thu 26 Jan 2023 07:47:53 INFO  valid result: 
recall@10 : 0.2102    mrr@10 : 0.3898    ndcg@10 : 0.228    hit@10 : 0.7349    precision@10 : 0.155
Thu 26 Jan 2023 07:47:57 INFO  epoch 56 training [time: 4.15s, train_loss1: 7.6253, train_loss2: 1.5808]
Thu 26 Jan 2023 07:47:57 INFO  epoch 56 evaluating [time: 0.19s, valid_score: 0.384500]
Thu 26 Jan 2023 07:47:57 INFO  valid result: 
recall@10 : 0.2103    mrr@10 : 0.3845    ndcg@10 : 0.2282    hit@10 : 0.7328    precision@10 : 0.1569
Thu 26 Jan 2023 07:48:01 INFO  epoch 57 training [time: 4.21s, train_loss1: 7.4168, train_loss2: 1.5485]
Thu 26 Jan 2023 07:48:01 INFO  epoch 57 evaluating [time: 0.19s, valid_score: 0.391800]
Thu 26 Jan 2023 07:48:01 INFO  valid result: 
recall@10 : 0.2106    mrr@10 : 0.3918    ndcg@10 : 0.2291    hit@10 : 0.7359    precision@10 : 0.1564
Thu 26 Jan 2023 07:48:02 INFO  Saving current: saved/KGAT-Jan-26-2023_07-43-47.pth
Thu 26 Jan 2023 07:48:06 INFO  epoch 58 training [time: 4.47s, train_loss1: 7.4458, train_loss2: 1.4889]
Thu 26 Jan 2023 07:48:06 INFO  epoch 58 evaluating [time: 0.19s, valid_score: 0.395900]
Thu 26 Jan 2023 07:48:06 INFO  valid result: 
recall@10 : 0.2117    mrr@10 : 0.3959    ndcg@10 : 0.2307    hit@10 : 0.7381    precision@10 : 0.1566
Thu 26 Jan 2023 07:48:06 INFO  Saving current: saved/KGAT-Jan-26-2023_07-43-47.pth
Thu 26 Jan 2023 07:48:10 INFO  epoch 59 training [time: 3.89s, train_loss1: 7.3412, train_loss2: 1.5241]
Thu 26 Jan 2023 07:48:10 INFO  epoch 59 evaluating [time: 0.19s, valid_score: 0.395800]
Thu 26 Jan 2023 07:48:10 INFO  valid result: 
recall@10 : 0.2065    mrr@10 : 0.3958    ndcg@10 : 0.2294    hit@10 : 0.7296    precision@10 : 0.1551
Thu 26 Jan 2023 07:48:14 INFO  epoch 60 training [time: 4.12s, train_loss1: 7.2426, train_loss2: 1.4857]
Thu 26 Jan 2023 07:48:15 INFO  epoch 60 evaluating [time: 0.19s, valid_score: 0.392200]
Thu 26 Jan 2023 07:48:15 INFO  valid result: 
recall@10 : 0.2092    mrr@10 : 0.3922    ndcg@10 : 0.2294    hit@10 : 0.7359    precision@10 : 0.1558
Thu 26 Jan 2023 07:48:19 INFO  epoch 61 training [time: 4.15s, train_loss1: 7.1044, train_loss2: 1.5126]
Thu 26 Jan 2023 07:48:19 INFO  epoch 61 evaluating [time: 0.19s, valid_score: 0.399700]
Thu 26 Jan 2023 07:48:19 INFO  valid result: 
recall@10 : 0.2111    mrr@10 : 0.3997    ndcg@10 : 0.233    hit@10 : 0.7423    precision@10 : 0.1572
Thu 26 Jan 2023 07:48:19 INFO  Saving current: saved/KGAT-Jan-26-2023_07-43-47.pth
Thu 26 Jan 2023 07:48:23 INFO  epoch 62 training [time: 4.16s, train_loss1: 7.1059, train_loss2: 1.4703]
Thu 26 Jan 2023 07:48:23 INFO  epoch 62 evaluating [time: 0.22s, valid_score: 0.394800]
Thu 26 Jan 2023 07:48:23 INFO  valid result: 
recall@10 : 0.2096    mrr@10 : 0.3948    ndcg@10 : 0.2316    hit@10 : 0.7306    precision@10 : 0.1571
Thu 26 Jan 2023 07:48:28 INFO  epoch 63 training [time: 4.14s, train_loss1: 7.0250, train_loss2: 1.4196]
Thu 26 Jan 2023 07:48:28 INFO  epoch 63 evaluating [time: 0.19s, valid_score: 0.388300]
Thu 26 Jan 2023 07:48:28 INFO  valid result: 
recall@10 : 0.2107    mrr@10 : 0.3883    ndcg@10 : 0.2305    hit@10 : 0.7349    precision@10 : 0.1571
Thu 26 Jan 2023 07:48:32 INFO  epoch 64 training [time: 4.19s, train_loss1: 6.9199, train_loss2: 1.4601]
Thu 26 Jan 2023 07:48:32 INFO  epoch 64 evaluating [time: 0.22s, valid_score: 0.392100]
Thu 26 Jan 2023 07:48:32 INFO  valid result: 
recall@10 : 0.2149    mrr@10 : 0.3921    ndcg@10 : 0.2336    hit@10 : 0.7476    precision@10 : 0.159
Thu 26 Jan 2023 07:48:37 INFO  epoch 65 training [time: 4.46s, train_loss1: 6.9420, train_loss2: 1.4421]
Thu 26 Jan 2023 07:48:37 INFO  epoch 65 evaluating [time: 0.19s, valid_score: 0.391200]
Thu 26 Jan 2023 07:48:37 INFO  valid result: 
recall@10 : 0.2149    mrr@10 : 0.3912    ndcg@10 : 0.2334    hit@10 : 0.7413    precision@10 : 0.1581
Thu 26 Jan 2023 07:48:41 INFO  epoch 66 training [time: 4.16s, train_loss1: 6.8971, train_loss2: 1.3272]
Thu 26 Jan 2023 07:48:41 INFO  epoch 66 evaluating [time: 0.19s, valid_score: 0.394600]
Thu 26 Jan 2023 07:48:41 INFO  valid result: 
recall@10 : 0.2144    mrr@10 : 0.3946    ndcg@10 : 0.2345    hit@10 : 0.737    precision@10 : 0.1585
Thu 26 Jan 2023 07:48:45 INFO  epoch 67 training [time: 4.15s, train_loss1: 6.8368, train_loss2: 1.3355]
Thu 26 Jan 2023 07:48:46 INFO  epoch 67 evaluating [time: 0.19s, valid_score: 0.391100]
Thu 26 Jan 2023 07:48:46 INFO  valid result: 
recall@10 : 0.2181    mrr@10 : 0.3911    ndcg@10 : 0.235    hit@10 : 0.7476    precision@10 : 0.1593
Thu 26 Jan 2023 07:48:50 INFO  epoch 68 training [time: 4.17s, train_loss1: 6.6805, train_loss2: 1.3808]
Thu 26 Jan 2023 07:48:50 INFO  epoch 68 evaluating [time: 0.19s, valid_score: 0.392300]
Thu 26 Jan 2023 07:48:50 INFO  valid result: 
recall@10 : 0.2124    mrr@10 : 0.3923    ndcg@10 : 0.2327    hit@10 : 0.737    precision@10 : 0.1574
Thu 26 Jan 2023 07:48:54 INFO  epoch 69 training [time: 4.16s, train_loss1: 6.6751, train_loss2: 1.3935]
Thu 26 Jan 2023 07:48:54 INFO  epoch 69 evaluating [time: 0.19s, valid_score: 0.392200]
Thu 26 Jan 2023 07:48:54 INFO  valid result: 
recall@10 : 0.2086    mrr@10 : 0.3922    ndcg@10 : 0.2299    hit@10 : 0.7306    precision@10 : 0.1555
Thu 26 Jan 2023 07:48:58 INFO  epoch 70 training [time: 4.13s, train_loss1: 6.6646, train_loss2: 1.3001]
Thu 26 Jan 2023 07:48:59 INFO  epoch 70 evaluating [time: 0.25s, valid_score: 0.391000]
Thu 26 Jan 2023 07:48:59 INFO  valid result: 
recall@10 : 0.2119    mrr@10 : 0.391    ndcg@10 : 0.2319    hit@10 : 0.7349    precision@10 : 0.1587
Thu 26 Jan 2023 07:49:03 INFO  epoch 71 training [time: 4.33s, train_loss1: 6.5606, train_loss2: 1.3016]
Thu 26 Jan 2023 07:49:03 INFO  epoch 71 evaluating [time: 0.19s, valid_score: 0.385800]
Thu 26 Jan 2023 07:49:03 INFO  valid result: 
recall@10 : 0.2132    mrr@10 : 0.3858    ndcg@10 : 0.2304    hit@10 : 0.7402    precision@10 : 0.1581
Thu 26 Jan 2023 07:49:07 INFO  epoch 72 training [time: 4.13s, train_loss1: 6.4867, train_loss2: 1.3391]
Thu 26 Jan 2023 07:49:07 INFO  epoch 72 evaluating [time: 0.19s, valid_score: 0.387700]
Thu 26 Jan 2023 07:49:07 INFO  valid result: 
recall@10 : 0.2157    mrr@10 : 0.3877    ndcg@10 : 0.2319    hit@10 : 0.7444    precision@10 : 0.1594
Thu 26 Jan 2023 07:49:07 INFO  Finished training, best eval result in epoch 61
Thu 26 Jan 2023 07:49:08 INFO  Loading model structure and parameters from saved/KGAT-Jan-26-2023_07-43-47.pth
Thu 26 Jan 2023 07:49:08 INFO  best valid : OrderedDict([('recall@10', 0.2111), ('mrr@10', 0.3997), ('ndcg@10', 0.233), ('hit@10', 0.7423), ('precision@10', 0.1572)])
Thu 26 Jan 2023 07:49:08 INFO  test result: OrderedDict([('recall@10', 0.2306), ('mrr@10', 0.4383), ('ndcg@10', 0.269), ('hit@10', 0.7487), ('precision@10', 0.1861)])
