Thu 26 Jan 2023 15:07:38 INFO  momentum
Thu 26 Jan 2023 15:07:38 INFO  ['recbole_test.py']
Thu 26 Jan 2023 15:07:38 INFO  
General Hyper Parameters:
gpu_id = 0
use_gpu = True
seed = 2020
state = INFO
reproducibility = True
data_path = /work/03/gu14/k36095/kgat_bai/recbole/config/../dataset_example/ml-100k
checkpoint_dir = saved
show_progress = True
save_dataset = True
dataset_save_path = None
save_dataloaders = False
dataloaders_save_path = None
log_wandb = False

Training Hyper Parameters:
epochs = 300
train_batch_size = 2048
learner = adam
learning_rate = 0.001
train_neg_sample_args = {'distribution': 'uniform', 'sample_num': 1, 'alpha': 1.0, 'dynamic': False, 'candidate_num': 0}
eval_step = 1
stopping_step = 10
clip_grad_norm = None
weight_decay = 0.0
loss_decimal_place = 4

Evaluation Hyper Parameters:
eval_args = {'split': {'RS': [0.8, 0.1, 0.1]}, 'group_by': 'user', 'order': 'RO', 'mode': 'full'}
repeatable = False
metrics = ['Recall', 'MRR', 'NDCG', 'Hit', 'Precision']
topk = [10]
valid_metric = MRR@10
valid_metric_bigger = True
eval_batch_size = 4096
metric_decimal_place = 4

Dataset Hyper Parameters:
field_separator = 	
seq_separator =  
USER_ID_FIELD = user_id
ITEM_ID_FIELD = item_id
RATING_FIELD = rating
TIME_FIELD = timestamp
seq_len = None
LABEL_FIELD = label
threshold = None
NEG_PREFIX = neg_
load_col = {'inter': ['user_id', 'item_id', 'rating', 'timestamp'], 'kg': ['head_id', 'relation_id', 'tail_id'], 'link': ['item_id', 'entity_id']}
unload_col = None
unused_col = None
additional_feat_suffix = None
rm_dup_inter = None
val_interval = None
filter_inter_by_user_or_item = True
user_inter_num_interval = None
item_inter_num_interval = None
alias_of_user_id = None
alias_of_item_id = None
alias_of_entity_id = None
alias_of_relation_id = None
preload_weight = None
normalize_field = None
normalize_all = True
ITEM_LIST_LENGTH_FIELD = item_length
LIST_SUFFIX = _list
MAX_ITEM_LIST_LENGTH = 50
POSITION_FIELD = position_id
HEAD_ENTITY_ID_FIELD = head_id
TAIL_ENTITY_ID_FIELD = tail_id
RELATION_ID_FIELD = relation_id
ENTITY_ID_FIELD = entity_id
kg_reverse_r = False
entity_kg_num_interval = [0,inf)
relation_kg_num_interval = [0,inf)
benchmark_filename = None

Other Hyper Parameters: 
worker = 0
wandb_project = recbole
shuffle = True
require_pow = False
enable_amp = False
enable_scaler = False
transform = None
embedding_size = 64
kg_embedding_size = 64
layers = [64]
mess_dropout = 0.1
reg_weight = 1e-05
aggregator_type = bi
numerical_features = []
discretization = None
MODEL_TYPE = ModelType.KNOWLEDGE
MODEL_INPUT_TYPE = InputType.PAIRWISE
eval_type = EvaluatorType.RANKING
single_spec = True
local_rank = 0
device = cpu
eval_neg_sample_args = {'distribution': 'uniform', 'sample_num': 'none'}


Thu 26 Jan 2023 15:07:38 INFO  Saving filtered dataset into [saved/ml-100k-dataset.pth]
Thu 26 Jan 2023 15:07:38 INFO  ml-100k
The number of users: 944
Average actions of users: 103.4506892895016
The number of items: 1599
Average actions of items: 61.04755944931164
The number of inters: 97554
The sparsity of the dataset: 93.53714185772888%
Remain Fields: ['entity_id', 'user_id', 'item_id', 'rating', 'timestamp', 'head_id', 'relation_id', 'tail_id']
The number of entities: 34629
The number of relations: 26
The number of triples: 91631
The number of items that have been linked to KG: 1598
Thu 26 Jan 2023 15:07:39 INFO  [Training]: train_batch_size = [2048] train_neg_sample_args: [{'distribution': 'uniform', 'sample_num': 1, 'alpha': 1.0, 'dynamic': False, 'candidate_num': 0}]
Thu 26 Jan 2023 15:07:39 INFO  [Evaluation]: eval_batch_size = [4096] eval_args: [{'split': {'RS': [0.8, 0.1, 0.1]}, 'group_by': 'user', 'order': 'RO', 'mode': 'full'}]
Thu 26 Jan 2023 15:07:45 INFO  KGAT(
  (user_embedding): Embedding(944, 64)
  (entity_embedding): Embedding(34629, 64)
  (relation_embedding): Embedding(26, 64)
  (trans_w): Embedding(26, 4096)
  (aggregator_layers): ModuleList(
    (0): Aggregator(
      (message_dropout): Dropout(p=0.1, inplace=False)
      (W1): Linear(in_features=64, out_features=64, bias=True)
      (W2): Linear(in_features=64, out_features=64, bias=True)
      (activation): LeakyReLU(negative_slope=0.01)
    )
  )
  (tanh): Tanh()
  (mf_loss): BPRLoss()
  (reg_loss): EmbLoss()
)
Trainable parameters: 2393152
Thu 26 Jan 2023 15:07:45 INFO  FLOPs: 291414016.0
Thu 26 Jan 2023 15:07:50 INFO  epoch 0 training [time: 4.77s, train_loss1: 26.6703, train_loss2: 31.1894]
Thu 26 Jan 2023 15:07:50 INFO  epoch 0 evaluating [time: 0.21s, valid_score: 0.015600]
Thu 26 Jan 2023 15:07:50 INFO  valid result: 
recall@10 : 0.0048    mrr@10 : 0.0156    ndcg@10 : 0.0062    hit@10 : 0.0541    precision@10 : 0.0057
Thu 26 Jan 2023 15:07:50 INFO  Saving current: saved/KGAT-Jan-26-2023_15-07-45.pth
Thu 26 Jan 2023 15:07:54 INFO  epoch 1 training [time: 3.89s, train_loss1: 26.8021, train_loss2: 31.1887]
Thu 26 Jan 2023 15:07:55 INFO  epoch 1 evaluating [time: 0.20s, valid_score: 0.018300]
Thu 26 Jan 2023 15:07:55 INFO  valid result: 
recall@10 : 0.0055    mrr@10 : 0.0183    ndcg@10 : 0.0074    hit@10 : 0.0689    precision@10 : 0.0073
Thu 26 Jan 2023 15:07:55 INFO  Saving current: saved/KGAT-Jan-26-2023_15-07-45.pth
Thu 26 Jan 2023 15:07:59 INFO  epoch 2 training [time: 4.81s, train_loss1: 26.6368, train_loss2: 31.1879]
Thu 26 Jan 2023 15:08:00 INFO  epoch 2 evaluating [time: 0.20s, valid_score: 0.017700]
Thu 26 Jan 2023 15:08:00 INFO  valid result: 
recall@10 : 0.0055    mrr@10 : 0.0177    ndcg@10 : 0.0072    hit@10 : 0.0689    precision@10 : 0.0073
Thu 26 Jan 2023 15:08:04 INFO  epoch 3 training [time: 4.43s, train_loss1: 26.5246, train_loss2: 31.1875]
Thu 26 Jan 2023 15:08:04 INFO  epoch 3 evaluating [time: 0.20s, valid_score: 0.020300]
Thu 26 Jan 2023 15:08:04 INFO  valid result: 
recall@10 : 0.0064    mrr@10 : 0.0203    ndcg@10 : 0.0081    hit@10 : 0.0732    precision@10 : 0.0077
Thu 26 Jan 2023 15:08:04 INFO  Saving current: saved/KGAT-Jan-26-2023_15-07-45.pth
Thu 26 Jan 2023 15:08:09 INFO  epoch 4 training [time: 4.29s, train_loss1: 26.4359, train_loss2: 31.1864]
Thu 26 Jan 2023 15:08:09 INFO  epoch 4 evaluating [time: 0.21s, valid_score: 0.019800]
Thu 26 Jan 2023 15:08:09 INFO  valid result: 
recall@10 : 0.007    mrr@10 : 0.0198    ndcg@10 : 0.0084    hit@10 : 0.0785    precision@10 : 0.0083
Thu 26 Jan 2023 15:08:13 INFO  epoch 5 training [time: 3.99s, train_loss1: 26.3415, train_loss2: 31.1859]
Thu 26 Jan 2023 15:08:13 INFO  epoch 5 evaluating [time: 0.20s, valid_score: 0.020600]
Thu 26 Jan 2023 15:08:13 INFO  valid result: 
recall@10 : 0.0069    mrr@10 : 0.0206    ndcg@10 : 0.0086    hit@10 : 0.0774    precision@10 : 0.0084
Thu 26 Jan 2023 15:08:13 INFO  Saving current: saved/KGAT-Jan-26-2023_15-07-45.pth
Thu 26 Jan 2023 15:08:17 INFO  epoch 6 training [time: 4.35s, train_loss1: 26.2324, train_loss2: 31.1854]
Thu 26 Jan 2023 15:08:18 INFO  epoch 6 evaluating [time: 0.20s, valid_score: 0.022300]
Thu 26 Jan 2023 15:08:18 INFO  valid result: 
recall@10 : 0.0078    mrr@10 : 0.0223    ndcg@10 : 0.0094    hit@10 : 0.0827    precision@10 : 0.009
Thu 26 Jan 2023 15:08:18 INFO  Saving current: saved/KGAT-Jan-26-2023_15-07-45.pth
Thu 26 Jan 2023 15:08:22 INFO  epoch 7 training [time: 4.38s, train_loss1: 26.1393, train_loss2: 31.1852]
Thu 26 Jan 2023 15:08:22 INFO  epoch 7 evaluating [time: 0.20s, valid_score: 0.023500]
Thu 26 Jan 2023 15:08:22 INFO  valid result: 
recall@10 : 0.0081    mrr@10 : 0.0235    ndcg@10 : 0.0098    hit@10 : 0.0817    precision@10 : 0.0092
Thu 26 Jan 2023 15:08:22 INFO  Saving current: saved/KGAT-Jan-26-2023_15-07-45.pth
Thu 26 Jan 2023 15:08:26 INFO  epoch 8 training [time: 4.19s, train_loss1: 26.0694, train_loss2: 31.1849]
Thu 26 Jan 2023 15:08:27 INFO  epoch 8 evaluating [time: 0.20s, valid_score: 0.022300]
Thu 26 Jan 2023 15:08:27 INFO  valid result: 
recall@10 : 0.0084    mrr@10 : 0.0223    ndcg@10 : 0.0099    hit@10 : 0.087    precision@10 : 0.0098
Thu 26 Jan 2023 15:08:31 INFO  epoch 9 training [time: 4.28s, train_loss1: 25.9688, train_loss2: 31.1835]
Thu 26 Jan 2023 15:08:31 INFO  epoch 9 evaluating [time: 0.19s, valid_score: 0.024400]
Thu 26 Jan 2023 15:08:31 INFO  valid result: 
recall@10 : 0.0085    mrr@10 : 0.0244    ndcg@10 : 0.0107    hit@10 : 0.0923    precision@10 : 0.0105
Thu 26 Jan 2023 15:08:31 INFO  Saving current: saved/KGAT-Jan-26-2023_15-07-45.pth
Thu 26 Jan 2023 15:08:36 INFO  epoch 10 training [time: 4.34s, train_loss1: 25.8808, train_loss2: 31.1833]
Thu 26 Jan 2023 15:08:36 INFO  epoch 10 evaluating [time: 0.19s, valid_score: 0.025900]
Thu 26 Jan 2023 15:08:36 INFO  valid result: 
recall@10 : 0.0098    mrr@10 : 0.0259    ndcg@10 : 0.0114    hit@10 : 0.0976    precision@10 : 0.0109
Thu 26 Jan 2023 15:08:36 INFO  Saving current: saved/KGAT-Jan-26-2023_15-07-45.pth
Thu 26 Jan 2023 15:08:40 INFO  epoch 11 training [time: 4.26s, train_loss1: 25.8043, train_loss2: 31.1825]
Thu 26 Jan 2023 15:08:40 INFO  epoch 11 evaluating [time: 0.21s, valid_score: 0.025700]
Thu 26 Jan 2023 15:08:40 INFO  valid result: 
recall@10 : 0.0109    mrr@10 : 0.0257    ndcg@10 : 0.012    hit@10 : 0.1029    precision@10 : 0.0118
Thu 26 Jan 2023 15:08:45 INFO  epoch 12 training [time: 4.32s, train_loss1: 25.7220, train_loss2: 31.1822]
Thu 26 Jan 2023 15:08:45 INFO  epoch 12 evaluating [time: 0.20s, valid_score: 0.025600]
Thu 26 Jan 2023 15:08:45 INFO  valid result: 
recall@10 : 0.0115    mrr@10 : 0.0256    ndcg@10 : 0.0123    hit@10 : 0.106    precision@10 : 0.0122
Thu 26 Jan 2023 15:08:49 INFO  epoch 13 training [time: 4.37s, train_loss1: 25.6481, train_loss2: 31.1813]
Thu 26 Jan 2023 15:08:49 INFO  epoch 13 evaluating [time: 0.25s, valid_score: 0.025700]
Thu 26 Jan 2023 15:08:49 INFO  valid result: 
recall@10 : 0.0116    mrr@10 : 0.0257    ndcg@10 : 0.0124    hit@10 : 0.1071    precision@10 : 0.0125
Thu 26 Jan 2023 15:08:54 INFO  epoch 14 training [time: 4.36s, train_loss1: 25.5710, train_loss2: 31.1805]
Thu 26 Jan 2023 15:08:54 INFO  epoch 14 evaluating [time: 0.20s, valid_score: 0.028700]
Thu 26 Jan 2023 15:08:54 INFO  valid result: 
recall@10 : 0.0121    mrr@10 : 0.0287    ndcg@10 : 0.0133    hit@10 : 0.1092    precision@10 : 0.0128
Thu 26 Jan 2023 15:08:54 INFO  Saving current: saved/KGAT-Jan-26-2023_15-07-45.pth
Thu 26 Jan 2023 15:08:58 INFO  epoch 15 training [time: 4.36s, train_loss1: 25.5022, train_loss2: 31.1800]
Thu 26 Jan 2023 15:08:59 INFO  epoch 15 evaluating [time: 0.20s, valid_score: 0.028600]
Thu 26 Jan 2023 15:08:59 INFO  valid result: 
recall@10 : 0.011    mrr@10 : 0.0286    ndcg@10 : 0.013    hit@10 : 0.1082    precision@10 : 0.0125
Thu 26 Jan 2023 15:09:03 INFO  epoch 16 training [time: 4.04s, train_loss1: 25.4261, train_loss2: 31.1799]
Thu 26 Jan 2023 15:09:03 INFO  epoch 16 evaluating [time: 0.20s, valid_score: 0.027700]
Thu 26 Jan 2023 15:09:03 INFO  valid result: 
recall@10 : 0.0114    mrr@10 : 0.0277    ndcg@10 : 0.0131    hit@10 : 0.1082    precision@10 : 0.0127
Thu 26 Jan 2023 15:09:06 INFO  epoch 17 training [time: 3.66s, train_loss1: 25.3773, train_loss2: 31.1792]
Thu 26 Jan 2023 15:09:07 INFO  epoch 17 evaluating [time: 0.20s, valid_score: 0.031700]
Thu 26 Jan 2023 15:09:07 INFO  valid result: 
recall@10 : 0.0123    mrr@10 : 0.0317    ndcg@10 : 0.0141    hit@10 : 0.1135    precision@10 : 0.0129
Thu 26 Jan 2023 15:09:07 INFO  Saving current: saved/KGAT-Jan-26-2023_15-07-45.pth
Thu 26 Jan 2023 15:09:11 INFO  epoch 18 training [time: 4.33s, train_loss1: 25.2865, train_loss2: 31.1784]
Thu 26 Jan 2023 15:09:11 INFO  epoch 18 evaluating [time: 0.19s, valid_score: 0.032800]
Thu 26 Jan 2023 15:09:11 INFO  valid result: 
recall@10 : 0.0135    mrr@10 : 0.0328    ndcg@10 : 0.0151    hit@10 : 0.1198    precision@10 : 0.014
Thu 26 Jan 2023 15:09:11 INFO  Saving current: saved/KGAT-Jan-26-2023_15-07-45.pth
Thu 26 Jan 2023 15:09:15 INFO  epoch 19 training [time: 3.99s, train_loss1: 25.2308, train_loss2: 31.1776]
Thu 26 Jan 2023 15:09:15 INFO  epoch 19 evaluating [time: 0.20s, valid_score: 0.032400]
Thu 26 Jan 2023 15:09:15 INFO  valid result: 
recall@10 : 0.0152    mrr@10 : 0.0324    ndcg@10 : 0.0162    hit@10 : 0.1294    precision@10 : 0.0156
Thu 26 Jan 2023 15:09:20 INFO  epoch 20 training [time: 4.33s, train_loss1: 25.1606, train_loss2: 31.1774]
Thu 26 Jan 2023 15:09:20 INFO  epoch 20 evaluating [time: 0.19s, valid_score: 0.035700]
Thu 26 Jan 2023 15:09:20 INFO  valid result: 
recall@10 : 0.0152    mrr@10 : 0.0357    ndcg@10 : 0.017    hit@10 : 0.1294    precision@10 : 0.0158
Thu 26 Jan 2023 15:09:20 INFO  Saving current: saved/KGAT-Jan-26-2023_15-07-45.pth
Thu 26 Jan 2023 15:09:24 INFO  epoch 21 training [time: 4.02s, train_loss1: 25.1052, train_loss2: 31.1763]
Thu 26 Jan 2023 15:09:24 INFO  epoch 21 evaluating [time: 0.19s, valid_score: 0.034400]
Thu 26 Jan 2023 15:09:24 INFO  valid result: 
recall@10 : 0.0134    mrr@10 : 0.0344    ndcg@10 : 0.0161    hit@10 : 0.122    precision@10 : 0.0145
Thu 26 Jan 2023 15:09:28 INFO  epoch 22 training [time: 4.24s, train_loss1: 25.0582, train_loss2: 31.1758]
Thu 26 Jan 2023 15:09:29 INFO  epoch 22 evaluating [time: 0.24s, valid_score: 0.036600]
Thu 26 Jan 2023 15:09:29 INFO  valid result: 
recall@10 : 0.0153    mrr@10 : 0.0366    ndcg@10 : 0.0177    hit@10 : 0.1389    precision@10 : 0.0168
Thu 26 Jan 2023 15:09:29 INFO  Saving current: saved/KGAT-Jan-26-2023_15-07-45.pth
Thu 26 Jan 2023 15:09:33 INFO  epoch 23 training [time: 3.87s, train_loss1: 24.9763, train_loss2: 31.1748]
Thu 26 Jan 2023 15:09:33 INFO  epoch 23 evaluating [time: 0.19s, valid_score: 0.035300]
Thu 26 Jan 2023 15:09:33 INFO  valid result: 
recall@10 : 0.0171    mrr@10 : 0.0353    ndcg@10 : 0.018    hit@10 : 0.141    precision@10 : 0.0175
Thu 26 Jan 2023 15:09:37 INFO  epoch 24 training [time: 4.13s, train_loss1: 24.9157, train_loss2: 31.1743]
Thu 26 Jan 2023 15:09:37 INFO  epoch 24 evaluating [time: 0.19s, valid_score: 0.039300]
Thu 26 Jan 2023 15:09:37 INFO  valid result: 
recall@10 : 0.0171    mrr@10 : 0.0393    ndcg@10 : 0.0194    hit@10 : 0.14    precision@10 : 0.0178
Thu 26 Jan 2023 15:09:37 INFO  Saving current: saved/KGAT-Jan-26-2023_15-07-45.pth
Thu 26 Jan 2023 15:09:41 INFO  epoch 25 training [time: 4.26s, train_loss1: 24.8513, train_loss2: 31.1732]
Thu 26 Jan 2023 15:09:42 INFO  epoch 25 evaluating [time: 0.19s, valid_score: 0.041500]
Thu 26 Jan 2023 15:09:42 INFO  valid result: 
recall@10 : 0.0169    mrr@10 : 0.0415    ndcg@10 : 0.0198    hit@10 : 0.1463    precision@10 : 0.018
Thu 26 Jan 2023 15:09:42 INFO  Saving current: saved/KGAT-Jan-26-2023_15-07-45.pth
Thu 26 Jan 2023 15:09:46 INFO  epoch 26 training [time: 4.18s, train_loss1: 24.7786, train_loss2: 31.1725]
Thu 26 Jan 2023 15:09:46 INFO  epoch 26 evaluating [time: 0.20s, valid_score: 0.039200]
Thu 26 Jan 2023 15:09:46 INFO  valid result: 
recall@10 : 0.0175    mrr@10 : 0.0392    ndcg@10 : 0.0196    hit@10 : 0.1516    precision@10 : 0.0186
Thu 26 Jan 2023 15:09:50 INFO  epoch 27 training [time: 4.28s, train_loss1: 24.7194, train_loss2: 31.1719]
Thu 26 Jan 2023 15:09:51 INFO  epoch 27 evaluating [time: 0.20s, valid_score: 0.041300]
Thu 26 Jan 2023 15:09:51 INFO  valid result: 
recall@10 : 0.017    mrr@10 : 0.0413    ndcg@10 : 0.0205    hit@10 : 0.1495    precision@10 : 0.0193
Thu 26 Jan 2023 15:09:55 INFO  epoch 28 training [time: 4.29s, train_loss1: 24.6964, train_loss2: 31.1711]
Thu 26 Jan 2023 15:09:55 INFO  epoch 28 evaluating [time: 0.20s, valid_score: 0.041700]
Thu 26 Jan 2023 15:09:55 INFO  valid result: 
recall@10 : 0.0173    mrr@10 : 0.0417    ndcg@10 : 0.0207    hit@10 : 0.1538    precision@10 : 0.0197
Thu 26 Jan 2023 15:09:55 INFO  Saving current: saved/KGAT-Jan-26-2023_15-07-45.pth
Thu 26 Jan 2023 15:09:59 INFO  epoch 29 training [time: 4.27s, train_loss1: 24.6082, train_loss2: 31.1705]
Thu 26 Jan 2023 15:10:00 INFO  epoch 29 evaluating [time: 0.19s, valid_score: 0.039700]
Thu 26 Jan 2023 15:10:00 INFO  valid result: 
recall@10 : 0.0167    mrr@10 : 0.0397    ndcg@10 : 0.0203    hit@10 : 0.1516    precision@10 : 0.0195
Thu 26 Jan 2023 15:10:04 INFO  epoch 30 training [time: 4.50s, train_loss1: 24.5343, train_loss2: 31.1697]
Thu 26 Jan 2023 15:10:04 INFO  epoch 30 evaluating [time: 0.20s, valid_score: 0.044100]
Thu 26 Jan 2023 15:10:04 INFO  valid result: 
recall@10 : 0.0188    mrr@10 : 0.0441    ndcg@10 : 0.0215    hit@10 : 0.1633    precision@10 : 0.02
Thu 26 Jan 2023 15:10:04 INFO  Saving current: saved/KGAT-Jan-26-2023_15-07-45.pth
Thu 26 Jan 2023 15:10:09 INFO  epoch 31 training [time: 4.27s, train_loss1: 24.4846, train_loss2: 31.1688]
Thu 26 Jan 2023 15:10:09 INFO  epoch 31 evaluating [time: 0.20s, valid_score: 0.043300]
Thu 26 Jan 2023 15:10:09 INFO  valid result: 
recall@10 : 0.0189    mrr@10 : 0.0433    ndcg@10 : 0.0218    hit@10 : 0.1612    precision@10 : 0.0205
Thu 26 Jan 2023 15:10:13 INFO  epoch 32 training [time: 3.99s, train_loss1: 24.3867, train_loss2: 31.1676]
Thu 26 Jan 2023 15:10:13 INFO  epoch 32 evaluating [time: 0.20s, valid_score: 0.044800]
Thu 26 Jan 2023 15:10:13 INFO  valid result: 
recall@10 : 0.0186    mrr@10 : 0.0448    ndcg@10 : 0.0222    hit@10 : 0.1654    precision@10 : 0.0207
Thu 26 Jan 2023 15:10:13 INFO  Saving current: saved/KGAT-Jan-26-2023_15-07-45.pth
Thu 26 Jan 2023 15:10:17 INFO  epoch 33 training [time: 4.28s, train_loss1: 24.2973, train_loss2: 31.1671]
Thu 26 Jan 2023 15:10:18 INFO  epoch 33 evaluating [time: 0.20s, valid_score: 0.048800]
Thu 26 Jan 2023 15:10:18 INFO  valid result: 
recall@10 : 0.0195    mrr@10 : 0.0488    ndcg@10 : 0.0234    hit@10 : 0.1676    precision@10 : 0.0215
Thu 26 Jan 2023 15:10:18 INFO  Saving current: saved/KGAT-Jan-26-2023_15-07-45.pth
Thu 26 Jan 2023 15:10:22 INFO  epoch 34 training [time: 4.32s, train_loss1: 24.1739, train_loss2: 31.1664]
Thu 26 Jan 2023 15:10:22 INFO  epoch 34 evaluating [time: 0.20s, valid_score: 0.050900]
Thu 26 Jan 2023 15:10:22 INFO  valid result: 
recall@10 : 0.0206    mrr@10 : 0.0509    ndcg@10 : 0.0243    hit@10 : 0.1877    precision@10 : 0.023
Thu 26 Jan 2023 15:10:22 INFO  Saving current: saved/KGAT-Jan-26-2023_15-07-45.pth
Thu 26 Jan 2023 15:10:27 INFO  epoch 35 training [time: 4.35s, train_loss1: 24.0624, train_loss2: 31.1655]
Thu 26 Jan 2023 15:10:27 INFO  epoch 35 evaluating [time: 0.20s, valid_score: 0.047600]
Thu 26 Jan 2023 15:10:27 INFO  valid result: 
recall@10 : 0.0205    mrr@10 : 0.0476    ndcg@10 : 0.0239    hit@10 : 0.1729    precision@10 : 0.0218
Thu 26 Jan 2023 15:10:31 INFO  epoch 36 training [time: 4.37s, train_loss1: 23.8265, train_loss2: 31.1639]
Thu 26 Jan 2023 15:10:31 INFO  epoch 36 evaluating [time: 0.23s, valid_score: 0.047800]
Thu 26 Jan 2023 15:10:31 INFO  valid result: 
recall@10 : 0.0207    mrr@10 : 0.0478    ndcg@10 : 0.0236    hit@10 : 0.1739    precision@10 : 0.0218
Thu 26 Jan 2023 15:10:36 INFO  epoch 37 training [time: 4.34s, train_loss1: 23.5160, train_loss2: 31.1634]
Thu 26 Jan 2023 15:10:36 INFO  epoch 37 evaluating [time: 0.20s, valid_score: 0.053100]
Thu 26 Jan 2023 15:10:36 INFO  valid result: 
recall@10 : 0.0218    mrr@10 : 0.0531    ndcg@10 : 0.0256    hit@10 : 0.1888    precision@10 : 0.0236
Thu 26 Jan 2023 15:10:36 INFO  Saving current: saved/KGAT-Jan-26-2023_15-07-45.pth
Thu 26 Jan 2023 15:10:40 INFO  epoch 38 training [time: 4.31s, train_loss1: 23.2435, train_loss2: 31.1624]
Thu 26 Jan 2023 15:10:40 INFO  epoch 38 evaluating [time: 0.20s, valid_score: 0.054000]
Thu 26 Jan 2023 15:10:40 INFO  valid result: 
recall@10 : 0.0224    mrr@10 : 0.054    ndcg@10 : 0.0263    hit@10 : 0.193    precision@10 : 0.0244
Thu 26 Jan 2023 15:10:40 INFO  Saving current: saved/KGAT-Jan-26-2023_15-07-45.pth
Thu 26 Jan 2023 15:10:44 INFO  epoch 39 training [time: 4.01s, train_loss1: 22.9331, train_loss2: 31.1613]
Thu 26 Jan 2023 15:10:45 INFO  epoch 39 evaluating [time: 0.20s, valid_score: 0.057000]
Thu 26 Jan 2023 15:10:45 INFO  valid result: 
recall@10 : 0.0235    mrr@10 : 0.057    ndcg@10 : 0.0275    hit@10 : 0.1962    precision@10 : 0.0251
Thu 26 Jan 2023 15:10:45 INFO  Saving current: saved/KGAT-Jan-26-2023_15-07-45.pth
Thu 26 Jan 2023 15:10:49 INFO  epoch 40 training [time: 4.62s, train_loss1: 22.6309, train_loss2: 31.1604]
Thu 26 Jan 2023 15:10:50 INFO  epoch 40 evaluating [time: 0.24s, valid_score: 0.062000]
Thu 26 Jan 2023 15:10:50 INFO  valid result: 
recall@10 : 0.0254    mrr@10 : 0.062    ndcg@10 : 0.0294    hit@10 : 0.2068    precision@10 : 0.026
Thu 26 Jan 2023 15:10:50 INFO  Saving current: saved/KGAT-Jan-26-2023_15-07-45.pth
Thu 26 Jan 2023 15:10:54 INFO  epoch 41 training [time: 4.13s, train_loss1: 22.3881, train_loss2: 31.1592]
Thu 26 Jan 2023 15:10:54 INFO  epoch 41 evaluating [time: 0.21s, valid_score: 0.063700]
Thu 26 Jan 2023 15:10:54 INFO  valid result: 
recall@10 : 0.0243    mrr@10 : 0.0637    ndcg@10 : 0.0298    hit@10 : 0.2015    precision@10 : 0.0263
Thu 26 Jan 2023 15:10:54 INFO  Saving current: saved/KGAT-Jan-26-2023_15-07-45.pth
Thu 26 Jan 2023 15:10:59 INFO  epoch 42 training [time: 4.67s, train_loss1: 22.0972, train_loss2: 31.1585]
Thu 26 Jan 2023 15:10:59 INFO  epoch 42 evaluating [time: 0.20s, valid_score: 0.064000]
Thu 26 Jan 2023 15:10:59 INFO  valid result: 
recall@10 : 0.0267    mrr@10 : 0.064    ndcg@10 : 0.0303    hit@10 : 0.2142    precision@10 : 0.0269
Thu 26 Jan 2023 15:10:59 INFO  Saving current: saved/KGAT-Jan-26-2023_15-07-45.pth
Thu 26 Jan 2023 15:11:03 INFO  epoch 43 training [time: 4.44s, train_loss1: 21.8544, train_loss2: 31.1571]
Thu 26 Jan 2023 15:11:04 INFO  epoch 43 evaluating [time: 0.24s, valid_score: 0.061700]
Thu 26 Jan 2023 15:11:04 INFO  valid result: 
recall@10 : 0.026    mrr@10 : 0.0617    ndcg@10 : 0.0305    hit@10 : 0.2131    precision@10 : 0.0282
Thu 26 Jan 2023 15:11:08 INFO  epoch 44 training [time: 4.80s, train_loss1: 21.6445, train_loss2: 31.1560]
Thu 26 Jan 2023 15:11:09 INFO  epoch 44 evaluating [time: 0.20s, valid_score: 0.066300]
Thu 26 Jan 2023 15:11:09 INFO  valid result: 
recall@10 : 0.0297    mrr@10 : 0.0663    ndcg@10 : 0.0332    hit@10 : 0.228    precision@10 : 0.0299
Thu 26 Jan 2023 15:11:09 INFO  Saving current: saved/KGAT-Jan-26-2023_15-07-45.pth
Thu 26 Jan 2023 15:11:13 INFO  epoch 45 training [time: 4.64s, train_loss1: 21.4953, train_loss2: 31.1556]
Thu 26 Jan 2023 15:11:14 INFO  epoch 45 evaluating [time: 0.20s, valid_score: 0.068000]
Thu 26 Jan 2023 15:11:14 INFO  valid result: 
recall@10 : 0.0288    mrr@10 : 0.068    ndcg@10 : 0.0333    hit@10 : 0.2312    precision@10 : 0.0305
Thu 26 Jan 2023 15:11:14 INFO  Saving current: saved/KGAT-Jan-26-2023_15-07-45.pth
Thu 26 Jan 2023 15:11:18 INFO  epoch 46 training [time: 4.23s, train_loss1: 21.3388, train_loss2: 31.1541]
Thu 26 Jan 2023 15:11:18 INFO  epoch 46 evaluating [time: 0.20s, valid_score: 0.070700]
Thu 26 Jan 2023 15:11:18 INFO  valid result: 
recall@10 : 0.0292    mrr@10 : 0.0707    ndcg@10 : 0.0343    hit@10 : 0.2291    precision@10 : 0.0304
Thu 26 Jan 2023 15:11:18 INFO  Saving current: saved/KGAT-Jan-26-2023_15-07-45.pth
Thu 26 Jan 2023 15:11:22 INFO  epoch 47 training [time: 3.90s, train_loss1: 21.1986, train_loss2: 31.1526]
Thu 26 Jan 2023 15:11:22 INFO  epoch 47 evaluating [time: 0.20s, valid_score: 0.071100]
Thu 26 Jan 2023 15:11:22 INFO  valid result: 
recall@10 : 0.03    mrr@10 : 0.0711    ndcg@10 : 0.0346    hit@10 : 0.2322    precision@10 : 0.0309
Thu 26 Jan 2023 15:11:22 INFO  Saving current: saved/KGAT-Jan-26-2023_15-07-45.pth
Thu 26 Jan 2023 15:11:27 INFO  epoch 48 training [time: 4.33s, train_loss1: 21.0716, train_loss2: 31.1517]
Thu 26 Jan 2023 15:11:27 INFO  epoch 48 evaluating [time: 0.20s, valid_score: 0.072200]
Thu 26 Jan 2023 15:11:27 INFO  valid result: 
recall@10 : 0.0303    mrr@10 : 0.0722    ndcg@10 : 0.0348    hit@10 : 0.2365    precision@10 : 0.0313
Thu 26 Jan 2023 15:11:27 INFO  Saving current: saved/KGAT-Jan-26-2023_15-07-45.pth
Thu 26 Jan 2023 15:11:31 INFO  epoch 49 training [time: 4.31s, train_loss1: 21.0068, train_loss2: 31.1504]
Thu 26 Jan 2023 15:11:31 INFO  epoch 49 evaluating [time: 0.19s, valid_score: 0.070200]
Thu 26 Jan 2023 15:11:31 INFO  valid result: 
recall@10 : 0.0291    mrr@10 : 0.0702    ndcg@10 : 0.0343    hit@10 : 0.2248    precision@10 : 0.0302
Thu 26 Jan 2023 15:11:37 INFO  epoch 50 training [time: 5.23s, train_loss1: 20.8373, train_loss2: 31.1492]
Thu 26 Jan 2023 15:11:37 INFO  epoch 50 evaluating [time: 0.26s, valid_score: 0.070800]
Thu 26 Jan 2023 15:11:37 INFO  valid result: 
recall@10 : 0.0296    mrr@10 : 0.0708    ndcg@10 : 0.0347    hit@10 : 0.2259    precision@10 : 0.0305
Thu 26 Jan 2023 15:11:41 INFO  epoch 51 training [time: 4.55s, train_loss1: 20.7776, train_loss2: 31.1478]
Thu 26 Jan 2023 15:11:42 INFO  epoch 51 evaluating [time: 0.21s, valid_score: 0.070600]
Thu 26 Jan 2023 15:11:42 INFO  valid result: 
recall@10 : 0.0286    mrr@10 : 0.0706    ndcg@10 : 0.0339    hit@10 : 0.2227    precision@10 : 0.0302
Thu 26 Jan 2023 15:11:46 INFO  epoch 52 training [time: 4.07s, train_loss1: 20.6470, train_loss2: 31.1464]
Thu 26 Jan 2023 15:11:46 INFO  epoch 52 evaluating [time: 0.25s, valid_score: 0.072500]
Thu 26 Jan 2023 15:11:46 INFO  valid result: 
recall@10 : 0.0292    mrr@10 : 0.0725    ndcg@10 : 0.0347    hit@10 : 0.2259    precision@10 : 0.0308
Thu 26 Jan 2023 15:11:46 INFO  Saving current: saved/KGAT-Jan-26-2023_15-07-45.pth
Thu 26 Jan 2023 15:11:51 INFO  epoch 53 training [time: 5.26s, train_loss1: 20.5319, train_loss2: 31.1454]
Thu 26 Jan 2023 15:11:52 INFO  epoch 53 evaluating [time: 0.26s, valid_score: 0.069300]
Thu 26 Jan 2023 15:11:52 INFO  valid result: 
recall@10 : 0.0272    mrr@10 : 0.0693    ndcg@10 : 0.0332    hit@10 : 0.2216    precision@10 : 0.0296
Thu 26 Jan 2023 15:11:57 INFO  epoch 54 training [time: 5.33s, train_loss1: 20.5294, train_loss2: 31.1435]
Thu 26 Jan 2023 15:11:57 INFO  epoch 54 evaluating [time: 0.27s, valid_score: 0.072000]
Thu 26 Jan 2023 15:11:57 INFO  valid result: 
recall@10 : 0.0283    mrr@10 : 0.072    ndcg@10 : 0.0347    hit@10 : 0.2238    precision@10 : 0.0308
Thu 26 Jan 2023 15:12:02 INFO  epoch 55 training [time: 4.62s, train_loss1: 20.4001, train_loss2: 31.1423]
Thu 26 Jan 2023 15:12:02 INFO  epoch 55 evaluating [time: 0.27s, valid_score: 0.070900]
Thu 26 Jan 2023 15:12:02 INFO  valid result: 
recall@10 : 0.0286    mrr@10 : 0.0709    ndcg@10 : 0.0345    hit@10 : 0.228    precision@10 : 0.0306
Thu 26 Jan 2023 15:12:06 INFO  epoch 56 training [time: 4.07s, train_loss1: 20.3916, train_loss2: 31.1408]
Thu 26 Jan 2023 15:12:06 INFO  epoch 56 evaluating [time: 0.22s, valid_score: 0.075500]
Thu 26 Jan 2023 15:12:06 INFO  valid result: 
recall@10 : 0.0324    mrr@10 : 0.0755    ndcg@10 : 0.0369    hit@10 : 0.2397    precision@10 : 0.0322
Thu 26 Jan 2023 15:12:06 INFO  Saving current: saved/KGAT-Jan-26-2023_15-07-45.pth
Thu 26 Jan 2023 15:12:11 INFO  epoch 57 training [time: 4.26s, train_loss1: 20.2752, train_loss2: 31.1395]
Thu 26 Jan 2023 15:12:11 INFO  epoch 57 evaluating [time: 0.20s, valid_score: 0.072200]
Thu 26 Jan 2023 15:12:11 INFO  valid result: 
recall@10 : 0.0295    mrr@10 : 0.0722    ndcg@10 : 0.0346    hit@10 : 0.2291    precision@10 : 0.0303
Thu 26 Jan 2023 15:12:15 INFO  epoch 58 training [time: 4.25s, train_loss1: 20.3258, train_loss2: 31.1379]
Thu 26 Jan 2023 15:12:15 INFO  epoch 58 evaluating [time: 0.21s, valid_score: 0.068900]
Thu 26 Jan 2023 15:12:15 INFO  valid result: 
recall@10 : 0.0309    mrr@10 : 0.0689    ndcg@10 : 0.0344    hit@10 : 0.2248    precision@10 : 0.0299
Thu 26 Jan 2023 15:12:20 INFO  epoch 59 training [time: 4.26s, train_loss1: 20.2176, train_loss2: 31.1363]
Thu 26 Jan 2023 15:12:20 INFO  epoch 59 evaluating [time: 0.22s, valid_score: 0.072900]
Thu 26 Jan 2023 15:12:20 INFO  valid result: 
recall@10 : 0.0303    mrr@10 : 0.0729    ndcg@10 : 0.0352    hit@10 : 0.2312    precision@10 : 0.0308
Thu 26 Jan 2023 15:12:24 INFO  epoch 60 training [time: 4.23s, train_loss1: 20.1657, train_loss2: 31.1344]
Thu 26 Jan 2023 15:12:24 INFO  epoch 60 evaluating [time: 0.20s, valid_score: 0.070400]
Thu 26 Jan 2023 15:12:24 INFO  valid result: 
recall@10 : 0.028    mrr@10 : 0.0704    ndcg@10 : 0.0338    hit@10 : 0.2227    precision@10 : 0.0295
Thu 26 Jan 2023 15:12:29 INFO  epoch 61 training [time: 4.35s, train_loss1: 20.1016, train_loss2: 31.1330]
Thu 26 Jan 2023 15:12:29 INFO  epoch 61 evaluating [time: 0.21s, valid_score: 0.075200]
Thu 26 Jan 2023 15:12:29 INFO  valid result: 
recall@10 : 0.0335    mrr@10 : 0.0752    ndcg@10 : 0.0373    hit@10 : 0.2301    precision@10 : 0.0315
Thu 26 Jan 2023 15:12:33 INFO  epoch 62 training [time: 4.09s, train_loss1: 20.1026, train_loss2: 31.1314]
Thu 26 Jan 2023 15:12:33 INFO  epoch 62 evaluating [time: 0.20s, valid_score: 0.070100]
Thu 26 Jan 2023 15:12:33 INFO  valid result: 
recall@10 : 0.0313    mrr@10 : 0.0701    ndcg@10 : 0.0349    hit@10 : 0.2291    precision@10 : 0.0303
Thu 26 Jan 2023 15:12:37 INFO  epoch 63 training [time: 4.25s, train_loss1: 20.0180, train_loss2: 31.1302]
Thu 26 Jan 2023 15:12:38 INFO  epoch 63 evaluating [time: 0.20s, valid_score: 0.072800]
Thu 26 Jan 2023 15:12:38 INFO  valid result: 
recall@10 : 0.0291    mrr@10 : 0.0728    ndcg@10 : 0.035    hit@10 : 0.2248    precision@10 : 0.0306
Thu 26 Jan 2023 15:12:42 INFO  epoch 64 training [time: 4.37s, train_loss1: 20.0123, train_loss2: 31.1283]
Thu 26 Jan 2023 15:12:42 INFO  epoch 64 evaluating [time: 0.20s, valid_score: 0.072200]
Thu 26 Jan 2023 15:12:42 INFO  valid result: 
recall@10 : 0.0315    mrr@10 : 0.0722    ndcg@10 : 0.0355    hit@10 : 0.2312    precision@10 : 0.0306
Thu 26 Jan 2023 15:12:46 INFO  epoch 65 training [time: 4.35s, train_loss1: 19.9374, train_loss2: 31.1268]
Thu 26 Jan 2023 15:12:47 INFO  epoch 65 evaluating [time: 0.19s, valid_score: 0.069500]
Thu 26 Jan 2023 15:12:47 INFO  valid result: 
recall@10 : 0.0279    mrr@10 : 0.0695    ndcg@10 : 0.0338    hit@10 : 0.2153    precision@10 : 0.029
Thu 26 Jan 2023 15:12:51 INFO  epoch 66 training [time: 4.28s, train_loss1: 19.9301, train_loss2: 31.1250]
Thu 26 Jan 2023 15:12:51 INFO  epoch 66 evaluating [time: 0.20s, valid_score: 0.072700]
Thu 26 Jan 2023 15:12:51 INFO  valid result: 
recall@10 : 0.0302    mrr@10 : 0.0727    ndcg@10 : 0.0352    hit@10 : 0.2301    precision@10 : 0.0304
Thu 26 Jan 2023 15:12:55 INFO  epoch 67 training [time: 4.14s, train_loss1: 19.8864, train_loss2: 31.1230]
Thu 26 Jan 2023 15:12:55 INFO  epoch 67 evaluating [time: 0.21s, valid_score: 0.072800]
Thu 26 Jan 2023 15:12:55 INFO  valid result: 
recall@10 : 0.0299    mrr@10 : 0.0728    ndcg@10 : 0.0353    hit@10 : 0.2291    precision@10 : 0.0308
Thu 26 Jan 2023 15:12:55 INFO  Finished training, best eval result in epoch 56
Thu 26 Jan 2023 15:12:56 INFO  Loading model structure and parameters from saved/KGAT-Jan-26-2023_15-07-45.pth
Thu 26 Jan 2023 15:12:56 INFO  best valid : OrderedDict([('recall@10', 0.0324), ('mrr@10', 0.0755), ('ndcg@10', 0.0369), ('hit@10', 0.2397), ('precision@10', 0.0322)])
Thu 26 Jan 2023 15:12:56 INFO  test result: OrderedDict([('recall@10', 0.0364), ('mrr@10', 0.0756), ('ndcg@10', 0.0406), ('hit@10', 0.2598), ('precision@10', 0.0372)])
