Sun 15 Jan 2023 17:53:12 INFO  ['recbole_test.py']
Sun 15 Jan 2023 17:53:12 INFO  
General Hyper Parameters:
gpu_id = 0
use_gpu = True
seed = 2020
state = INFO
reproducibility = True
data_path = /work/03/gu14/k36095/kgat_bai/recbole/config/../dataset_example/ml-100k
checkpoint_dir = saved
show_progress = True
save_dataset = True
dataset_save_path = None
save_dataloaders = False
dataloaders_save_path = None
log_wandb = False

Training Hyper Parameters:
epochs = 300
train_batch_size = 2048
learner = adam
learning_rate = 0.001
train_neg_sample_args = {'distribution': 'uniform', 'sample_num': 1, 'alpha': 1.0, 'dynamic': False, 'candidate_num': 0}
eval_step = 1
stopping_step = 10
clip_grad_norm = None
weight_decay = 0.0
loss_decimal_place = 4

Evaluation Hyper Parameters:
eval_args = {'split': {'RS': [0.8, 0.1, 0.1]}, 'group_by': 'user', 'order': 'RO', 'mode': 'full'}
repeatable = False
metrics = ['Recall', 'MRR', 'NDCG', 'Hit', 'Precision']
topk = [10]
valid_metric = MRR@10
valid_metric_bigger = True
eval_batch_size = 4096
metric_decimal_place = 4

Dataset Hyper Parameters:
field_separator = 	
seq_separator =  
USER_ID_FIELD = user_id
ITEM_ID_FIELD = item_id
RATING_FIELD = rating
TIME_FIELD = timestamp
seq_len = None
LABEL_FIELD = label
threshold = None
NEG_PREFIX = neg_
load_col = {'inter': ['user_id', 'item_id', 'rating', 'timestamp'], 'kg': ['head_id', 'relation_id', 'tail_id'], 'link': ['item_id', 'entity_id']}
unload_col = None
unused_col = None
additional_feat_suffix = None
rm_dup_inter = None
val_interval = None
filter_inter_by_user_or_item = True
user_inter_num_interval = None
item_inter_num_interval = None
alias_of_user_id = None
alias_of_item_id = None
alias_of_entity_id = None
alias_of_relation_id = None
preload_weight = None
normalize_field = None
normalize_all = True
ITEM_LIST_LENGTH_FIELD = item_length
LIST_SUFFIX = _list
MAX_ITEM_LIST_LENGTH = 50
POSITION_FIELD = position_id
HEAD_ENTITY_ID_FIELD = head_id
TAIL_ENTITY_ID_FIELD = tail_id
RELATION_ID_FIELD = relation_id
ENTITY_ID_FIELD = entity_id
kg_reverse_r = False
entity_kg_num_interval = [0,inf)
relation_kg_num_interval = [0,inf)
benchmark_filename = None

Other Hyper Parameters: 
worker = 0
wandb_project = recbole
shuffle = True
require_pow = False
enable_amp = False
enable_scaler = False
transform = None
embedding_size = 64
kg_embedding_size = 64
layers = [64]
mess_dropout = 0.1
reg_weight = 1e-05
aggregator_type = bi
numerical_features = []
discretization = None
MODEL_TYPE = ModelType.KNOWLEDGE
MODEL_INPUT_TYPE = InputType.PAIRWISE
eval_type = EvaluatorType.RANKING
single_spec = True
local_rank = 0
device = cpu
eval_neg_sample_args = {'distribution': 'uniform', 'sample_num': 'none'}


Sun 15 Jan 2023 17:53:13 INFO  Saving filtered dataset into [saved/ml-100k-dataset.pth]
Sun 15 Jan 2023 17:53:13 INFO  ml-100k
The number of users: 944
Average actions of users: 103.4506892895016
The number of items: 1599
Average actions of items: 61.04755944931164
The number of inters: 97554
The sparsity of the dataset: 93.53714185772888%
Remain Fields: ['entity_id', 'user_id', 'item_id', 'rating', 'timestamp', 'head_id', 'relation_id', 'tail_id']
The number of entities: 34629
The number of relations: 26
The number of triples: 91631
The number of items that have been linked to KG: 1598
Sun 15 Jan 2023 17:53:13 INFO  [Training]: train_batch_size = [2048] train_neg_sample_args: [{'distribution': 'uniform', 'sample_num': 1, 'alpha': 1.0, 'dynamic': False, 'candidate_num': 0}]
Sun 15 Jan 2023 17:53:13 INFO  [Evaluation]: eval_batch_size = [4096] eval_args: [{'split': {'RS': [0.8, 0.1, 0.1]}, 'group_by': 'user', 'order': 'RO', 'mode': 'full'}]
Sun 15 Jan 2023 17:53:21 INFO  KGAT(
  (user_embedding): Embedding(944, 64)
  (entity_embedding): Embedding(34629, 64)
  (relation_embedding): Embedding(26, 64)
  (trans_w): Embedding(26, 4096)
  (aggregator_layers): ModuleList(
    (0): Aggregator(
      (message_dropout): Dropout(p=0.1, inplace=False)
      (W1): Linear(in_features=64, out_features=64, bias=True)
      (W2): Linear(in_features=64, out_features=64, bias=True)
      (activation): LeakyReLU(negative_slope=0.01)
    )
  )
  (tanh): Tanh()
  (mf_loss): BPRLoss()
  (reg_loss): EmbLoss()
)
Trainable parameters: 2393152
Sun 15 Jan 2023 17:53:21 INFO  FLOPs: 291414016.0
Sun 15 Jan 2023 17:53:26 INFO  epoch 0 training [time: 4.60s, train_loss1: 23.6983, train_loss2: 29.7586]
Sun 15 Jan 2023 17:53:26 INFO  epoch 0 evaluating [time: 0.25s, valid_score: 0.080700]
Sun 15 Jan 2023 17:53:26 INFO  valid result: 
recall@10 : 0.0336    mrr@10 : 0.0807    ndcg@10 : 0.0385    hit@10 : 0.2344    precision@10 : 0.0316
Sun 15 Jan 2023 17:53:26 INFO  Saving current: saved/KGAT-Jan-15-2023_17-53-21.pth
Sun 15 Jan 2023 17:53:30 INFO  epoch 1 training [time: 3.93s, train_loss1: 21.2554, train_loss2: 19.7071]
Sun 15 Jan 2023 17:53:30 INFO  epoch 1 evaluating [time: 0.20s, valid_score: 0.130800]
Sun 15 Jan 2023 17:53:30 INFO  valid result: 
recall@10 : 0.0698    mrr@10 : 0.1308    ndcg@10 : 0.0695    hit@10 : 0.3913    precision@10 : 0.0555
Sun 15 Jan 2023 17:53:31 INFO  Saving current: saved/KGAT-Jan-15-2023_17-53-21.pth
Sun 15 Jan 2023 17:53:34 INFO  epoch 2 training [time: 3.67s, train_loss1: 18.9901, train_loss2: 12.3602]
Sun 15 Jan 2023 17:53:34 INFO  epoch 2 evaluating [time: 0.17s, valid_score: 0.145500]
Sun 15 Jan 2023 17:53:34 INFO  valid result: 
recall@10 : 0.081    mrr@10 : 0.1455    ndcg@10 : 0.0775    hit@10 : 0.4083    precision@10 : 0.0598
Sun 15 Jan 2023 17:53:34 INFO  Saving current: saved/KGAT-Jan-15-2023_17-53-21.pth
Sun 15 Jan 2023 17:53:38 INFO  epoch 3 training [time: 3.42s, train_loss1: 16.9279, train_loss2: 10.0776]
Sun 15 Jan 2023 17:53:38 INFO  epoch 3 evaluating [time: 0.17s, valid_score: 0.162500]
Sun 15 Jan 2023 17:53:38 INFO  valid result: 
recall@10 : 0.096    mrr@10 : 0.1625    ndcg@10 : 0.0915    hit@10 : 0.4602    precision@10 : 0.0716
Sun 15 Jan 2023 17:53:38 INFO  Saving current: saved/KGAT-Jan-15-2023_17-53-21.pth
Sun 15 Jan 2023 17:53:42 INFO  epoch 4 training [time: 3.88s, train_loss1: 16.4272, train_loss2: 8.9163]
Sun 15 Jan 2023 17:53:42 INFO  epoch 4 evaluating [time: 0.19s, valid_score: 0.192600]
Sun 15 Jan 2023 17:53:42 INFO  valid result: 
recall@10 : 0.1116    mrr@10 : 0.1926    ndcg@10 : 0.1107    hit@10 : 0.5048    precision@10 : 0.0841
Sun 15 Jan 2023 17:53:42 INFO  Saving current: saved/KGAT-Jan-15-2023_17-53-21.pth
Sun 15 Jan 2023 17:53:46 INFO  epoch 5 training [time: 3.62s, train_loss1: 16.1920, train_loss2: 8.1680]
Sun 15 Jan 2023 17:53:46 INFO  epoch 5 evaluating [time: 0.27s, valid_score: 0.223600]
Sun 15 Jan 2023 17:53:46 INFO  valid result: 
recall@10 : 0.119    mrr@10 : 0.2236    ndcg@10 : 0.1224    hit@10 : 0.5228    precision@10 : 0.0866
Sun 15 Jan 2023 17:53:46 INFO  Saving current: saved/KGAT-Jan-15-2023_17-53-21.pth
Sun 15 Jan 2023 17:53:50 INFO  epoch 6 training [time: 3.97s, train_loss1: 15.9342, train_loss2: 7.7526]
Sun 15 Jan 2023 17:53:50 INFO  epoch 6 evaluating [time: 0.27s, valid_score: 0.227100]
Sun 15 Jan 2023 17:53:50 INFO  valid result: 
recall@10 : 0.1137    mrr@10 : 0.2271    ndcg@10 : 0.1215    hit@10 : 0.5164    precision@10 : 0.0867
Sun 15 Jan 2023 17:53:51 INFO  Saving current: saved/KGAT-Jan-15-2023_17-53-21.pth
Sun 15 Jan 2023 17:53:55 INFO  epoch 7 training [time: 4.45s, train_loss1: 15.7895, train_loss2: 7.3768]
Sun 15 Jan 2023 17:53:55 INFO  epoch 7 evaluating [time: 0.24s, valid_score: 0.217800]
Sun 15 Jan 2023 17:53:55 INFO  valid result: 
recall@10 : 0.1098    mrr@10 : 0.2178    ndcg@10 : 0.1185    hit@10 : 0.5005    precision@10 : 0.0859
Sun 15 Jan 2023 17:53:59 INFO  epoch 8 training [time: 3.33s, train_loss1: 15.6243, train_loss2: 6.9996]
Sun 15 Jan 2023 17:53:59 INFO  epoch 8 evaluating [time: 0.20s, valid_score: 0.229300]
Sun 15 Jan 2023 17:53:59 INFO  valid result: 
recall@10 : 0.114    mrr@10 : 0.2293    ndcg@10 : 0.1217    hit@10 : 0.5122    precision@10 : 0.087
Sun 15 Jan 2023 17:53:59 INFO  Saving current: saved/KGAT-Jan-15-2023_17-53-21.pth
Sun 15 Jan 2023 17:54:02 INFO  epoch 9 training [time: 3.17s, train_loss1: 15.3842, train_loss2: 6.6672]
Sun 15 Jan 2023 17:54:02 INFO  epoch 9 evaluating [time: 0.20s, valid_score: 0.224500]
Sun 15 Jan 2023 17:54:02 INFO  valid result: 
recall@10 : 0.1157    mrr@10 : 0.2245    ndcg@10 : 0.123    hit@10 : 0.5186    precision@10 : 0.0893
Sun 15 Jan 2023 17:54:06 INFO  epoch 10 training [time: 3.34s, train_loss1: 15.1198, train_loss2: 6.2585]
Sun 15 Jan 2023 17:54:06 INFO  epoch 10 evaluating [time: 0.20s, valid_score: 0.238400]
Sun 15 Jan 2023 17:54:06 INFO  valid result: 
recall@10 : 0.124    mrr@10 : 0.2384    ndcg@10 : 0.1315    hit@10 : 0.5525    precision@10 : 0.0952
Sun 15 Jan 2023 17:54:06 INFO  Saving current: saved/KGAT-Jan-15-2023_17-53-21.pth
Sun 15 Jan 2023 17:54:09 INFO  epoch 11 training [time: 3.60s, train_loss1: 14.8310, train_loss2: 5.9532]
Sun 15 Jan 2023 17:54:10 INFO  epoch 11 evaluating [time: 0.20s, valid_score: 0.247200]
Sun 15 Jan 2023 17:54:10 INFO  valid result: 
recall@10 : 0.1245    mrr@10 : 0.2472    ndcg@10 : 0.135    hit@10 : 0.5493    precision@10 : 0.0965
Sun 15 Jan 2023 17:54:10 INFO  Saving current: saved/KGAT-Jan-15-2023_17-53-21.pth
Sun 15 Jan 2023 17:54:13 INFO  epoch 12 training [time: 3.61s, train_loss1: 14.5962, train_loss2: 5.4523]
Sun 15 Jan 2023 17:54:14 INFO  epoch 12 evaluating [time: 0.20s, valid_score: 0.260500]
Sun 15 Jan 2023 17:54:14 INFO  valid result: 
recall@10 : 0.1325    mrr@10 : 0.2605    ndcg@10 : 0.1441    hit@10 : 0.579    precision@10 : 0.1041
Sun 15 Jan 2023 17:54:14 INFO  Saving current: saved/KGAT-Jan-15-2023_17-53-21.pth
Sun 15 Jan 2023 17:54:17 INFO  epoch 13 training [time: 3.33s, train_loss1: 14.1945, train_loss2: 5.1982]
Sun 15 Jan 2023 17:54:17 INFO  epoch 13 evaluating [time: 0.20s, valid_score: 0.270200]
Sun 15 Jan 2023 17:54:17 INFO  valid result: 
recall@10 : 0.1385    mrr@10 : 0.2702    ndcg@10 : 0.151    hit@10 : 0.5875    precision@10 : 0.1089
Sun 15 Jan 2023 17:54:17 INFO  Saving current: saved/KGAT-Jan-15-2023_17-53-21.pth
Sun 15 Jan 2023 17:54:21 INFO  epoch 14 training [time: 3.67s, train_loss1: 13.8323, train_loss2: 4.9712]
Sun 15 Jan 2023 17:54:21 INFO  epoch 14 evaluating [time: 0.23s, valid_score: 0.281000]
Sun 15 Jan 2023 17:54:21 INFO  valid result: 
recall@10 : 0.1464    mrr@10 : 0.281    ndcg@10 : 0.1582    hit@10 : 0.6087    precision@10 : 0.1137
Sun 15 Jan 2023 17:54:21 INFO  Saving current: saved/KGAT-Jan-15-2023_17-53-21.pth
Sun 15 Jan 2023 17:54:25 INFO  epoch 15 training [time: 3.41s, train_loss1: 13.5548, train_loss2: 4.8364]
Sun 15 Jan 2023 17:54:25 INFO  epoch 15 evaluating [time: 0.20s, valid_score: 0.292500]
Sun 15 Jan 2023 17:54:25 INFO  valid result: 
recall@10 : 0.1544    mrr@10 : 0.2925    ndcg@10 : 0.164    hit@10 : 0.6151    precision@10 : 0.1158
Sun 15 Jan 2023 17:54:25 INFO  Saving current: saved/KGAT-Jan-15-2023_17-53-21.pth
Sun 15 Jan 2023 17:54:28 INFO  epoch 16 training [time: 3.51s, train_loss1: 13.1447, train_loss2: 4.5264]
Sun 15 Jan 2023 17:54:29 INFO  epoch 16 evaluating [time: 0.20s, valid_score: 0.303000]
Sun 15 Jan 2023 17:54:29 INFO  valid result: 
recall@10 : 0.1578    mrr@10 : 0.303    ndcg@10 : 0.1695    hit@10 : 0.6278    precision@10 : 0.1195
Sun 15 Jan 2023 17:54:29 INFO  Saving current: saved/KGAT-Jan-15-2023_17-53-21.pth
Sun 15 Jan 2023 17:54:32 INFO  epoch 17 training [time: 3.31s, train_loss1: 12.7980, train_loss2: 4.3366]
Sun 15 Jan 2023 17:54:32 INFO  epoch 17 evaluating [time: 0.20s, valid_score: 0.306400]
Sun 15 Jan 2023 17:54:32 INFO  valid result: 
recall@10 : 0.1614    mrr@10 : 0.3064    ndcg@10 : 0.1728    hit@10 : 0.6384    precision@10 : 0.1215
Sun 15 Jan 2023 17:54:32 INFO  Saving current: saved/KGAT-Jan-15-2023_17-53-21.pth
Sun 15 Jan 2023 17:54:35 INFO  epoch 18 training [time: 3.29s, train_loss1: 12.3549, train_loss2: 4.0639]
Sun 15 Jan 2023 17:54:36 INFO  epoch 18 evaluating [time: 0.20s, valid_score: 0.315200]
Sun 15 Jan 2023 17:54:36 INFO  valid result: 
recall@10 : 0.1659    mrr@10 : 0.3152    ndcg@10 : 0.1787    hit@10 : 0.6532    precision@10 : 0.1259
Sun 15 Jan 2023 17:54:36 INFO  Saving current: saved/KGAT-Jan-15-2023_17-53-21.pth
Sun 15 Jan 2023 17:54:39 INFO  epoch 19 training [time: 3.46s, train_loss1: 12.0884, train_loss2: 3.9383]
Sun 15 Jan 2023 17:54:39 INFO  epoch 19 evaluating [time: 0.20s, valid_score: 0.318800]
Sun 15 Jan 2023 17:54:39 INFO  valid result: 
recall@10 : 0.1713    mrr@10 : 0.3188    ndcg@10 : 0.1829    hit@10 : 0.6585    precision@10 : 0.1294
Sun 15 Jan 2023 17:54:39 INFO  Saving current: saved/KGAT-Jan-15-2023_17-53-21.pth
Sun 15 Jan 2023 17:54:43 INFO  epoch 20 training [time: 3.28s, train_loss1: 11.7645, train_loss2: 3.7542]
Sun 15 Jan 2023 17:54:43 INFO  epoch 20 evaluating [time: 0.20s, valid_score: 0.324700]
Sun 15 Jan 2023 17:54:43 INFO  valid result: 
recall@10 : 0.1736    mrr@10 : 0.3247    ndcg@10 : 0.1864    hit@10 : 0.6628    precision@10 : 0.1305
Sun 15 Jan 2023 17:54:43 INFO  Saving current: saved/KGAT-Jan-15-2023_17-53-21.pth
Sun 15 Jan 2023 17:54:46 INFO  epoch 21 training [time: 3.26s, train_loss1: 11.4789, train_loss2: 3.5253]
Sun 15 Jan 2023 17:54:46 INFO  epoch 21 evaluating [time: 0.20s, valid_score: 0.326100]
Sun 15 Jan 2023 17:54:46 INFO  valid result: 
recall@10 : 0.1746    mrr@10 : 0.3261    ndcg@10 : 0.1881    hit@10 : 0.6628    precision@10 : 0.1322
Sun 15 Jan 2023 17:54:47 INFO  Saving current: saved/KGAT-Jan-15-2023_17-53-21.pth
Sun 15 Jan 2023 17:54:50 INFO  epoch 22 training [time: 3.16s, train_loss1: 11.2485, train_loss2: 3.3103]
Sun 15 Jan 2023 17:54:50 INFO  epoch 22 evaluating [time: 0.20s, valid_score: 0.332000]
Sun 15 Jan 2023 17:54:50 INFO  valid result: 
recall@10 : 0.1718    mrr@10 : 0.332    ndcg@10 : 0.1895    hit@10 : 0.6585    precision@10 : 0.1319
Sun 15 Jan 2023 17:54:50 INFO  Saving current: saved/KGAT-Jan-15-2023_17-53-21.pth
Sun 15 Jan 2023 17:54:53 INFO  epoch 23 training [time: 3.28s, train_loss1: 10.9479, train_loss2: 3.1598]
Sun 15 Jan 2023 17:54:53 INFO  epoch 23 evaluating [time: 0.20s, valid_score: 0.341400]
Sun 15 Jan 2023 17:54:53 INFO  valid result: 
recall@10 : 0.1722    mrr@10 : 0.3414    ndcg@10 : 0.1921    hit@10 : 0.6681    precision@10 : 0.133
Sun 15 Jan 2023 17:54:54 INFO  Saving current: saved/KGAT-Jan-15-2023_17-53-21.pth
Sun 15 Jan 2023 17:54:57 INFO  epoch 24 training [time: 3.87s, train_loss1: 10.7537, train_loss2: 3.0336]
Sun 15 Jan 2023 17:54:58 INFO  epoch 24 evaluating [time: 0.27s, valid_score: 0.348800]
Sun 15 Jan 2023 17:54:58 INFO  valid result: 
recall@10 : 0.1754    mrr@10 : 0.3488    ndcg@10 : 0.196    hit@10 : 0.6776    precision@10 : 0.135
Sun 15 Jan 2023 17:54:58 INFO  Saving current: saved/KGAT-Jan-15-2023_17-53-21.pth
Sun 15 Jan 2023 17:55:01 INFO  epoch 25 training [time: 3.53s, train_loss1: 10.5773, train_loss2: 2.8994]
Sun 15 Jan 2023 17:55:01 INFO  epoch 25 evaluating [time: 0.20s, valid_score: 0.352200]
Sun 15 Jan 2023 17:55:01 INFO  valid result: 
recall@10 : 0.1768    mrr@10 : 0.3522    ndcg@10 : 0.1974    hit@10 : 0.6819    precision@10 : 0.1365
Sun 15 Jan 2023 17:55:02 INFO  Saving current: saved/KGAT-Jan-15-2023_17-53-21.pth
Sun 15 Jan 2023 17:55:05 INFO  epoch 26 training [time: 3.33s, train_loss1: 10.3639, train_loss2: 2.9282]
Sun 15 Jan 2023 17:55:05 INFO  epoch 26 evaluating [time: 0.20s, valid_score: 0.350500]
Sun 15 Jan 2023 17:55:05 INFO  valid result: 
recall@10 : 0.1763    mrr@10 : 0.3505    ndcg@10 : 0.1972    hit@10 : 0.6787    precision@10 : 0.1357
Sun 15 Jan 2023 17:55:08 INFO  epoch 27 training [time: 3.37s, train_loss1: 10.1356, train_loss2: 2.7175]
Sun 15 Jan 2023 17:55:09 INFO  epoch 27 evaluating [time: 0.21s, valid_score: 0.355000]
Sun 15 Jan 2023 17:55:09 INFO  valid result: 
recall@10 : 0.1778    mrr@10 : 0.355    ndcg@10 : 0.1994    hit@10 : 0.6787    precision@10 : 0.1366
Sun 15 Jan 2023 17:55:09 INFO  Saving current: saved/KGAT-Jan-15-2023_17-53-21.pth
Sun 15 Jan 2023 17:55:12 INFO  epoch 28 training [time: 3.28s, train_loss1: 10.1209, train_loss2: 2.6096]
Sun 15 Jan 2023 17:55:12 INFO  epoch 28 evaluating [time: 0.21s, valid_score: 0.351600]
Sun 15 Jan 2023 17:55:12 INFO  valid result: 
recall@10 : 0.1803    mrr@10 : 0.3516    ndcg@10 : 0.1995    hit@10 : 0.6808    precision@10 : 0.1372
Sun 15 Jan 2023 17:55:16 INFO  epoch 29 training [time: 3.68s, train_loss1: 9.8928, train_loss2: 2.5752]
Sun 15 Jan 2023 17:55:16 INFO  epoch 29 evaluating [time: 0.20s, valid_score: 0.350300]
Sun 15 Jan 2023 17:55:16 INFO  valid result: 
recall@10 : 0.1832    mrr@10 : 0.3503    ndcg@10 : 0.201    hit@10 : 0.6808    precision@10 : 0.1382
Sun 15 Jan 2023 17:55:20 INFO  epoch 30 training [time: 4.15s, train_loss1: 9.7573, train_loss2: 2.4586]
Sun 15 Jan 2023 17:55:20 INFO  epoch 30 evaluating [time: 0.20s, valid_score: 0.357200]
Sun 15 Jan 2023 17:55:20 INFO  valid result: 
recall@10 : 0.1813    mrr@10 : 0.3572    ndcg@10 : 0.2015    hit@10 : 0.6797    precision@10 : 0.1369
Sun 15 Jan 2023 17:55:21 INFO  Saving current: saved/KGAT-Jan-15-2023_17-53-21.pth
Sun 15 Jan 2023 17:55:24 INFO  epoch 31 training [time: 3.53s, train_loss1: 9.6742, train_loss2: 2.3685]
Sun 15 Jan 2023 17:55:24 INFO  epoch 31 evaluating [time: 0.17s, valid_score: 0.354700]
Sun 15 Jan 2023 17:55:24 INFO  valid result: 
recall@10 : 0.1836    mrr@10 : 0.3547    ndcg@10 : 0.2029    hit@10 : 0.685    precision@10 : 0.1396
Sun 15 Jan 2023 17:55:28 INFO  epoch 32 training [time: 3.57s, train_loss1: 9.4784, train_loss2: 2.3069]
Sun 15 Jan 2023 17:55:28 INFO  epoch 32 evaluating [time: 0.17s, valid_score: 0.356500]
Sun 15 Jan 2023 17:55:28 INFO  valid result: 
recall@10 : 0.183    mrr@10 : 0.3565    ndcg@10 : 0.204    hit@10 : 0.6797    precision@10 : 0.14
Sun 15 Jan 2023 17:55:31 INFO  epoch 33 training [time: 3.43s, train_loss1: 9.4414, train_loss2: 2.1898]
Sun 15 Jan 2023 17:55:32 INFO  epoch 33 evaluating [time: 0.17s, valid_score: 0.364500]
Sun 15 Jan 2023 17:55:32 INFO  valid result: 
recall@10 : 0.1867    mrr@10 : 0.3645    ndcg@10 : 0.208    hit@10 : 0.684    precision@10 : 0.1421
Sun 15 Jan 2023 17:55:32 INFO  Saving current: saved/KGAT-Jan-15-2023_17-53-21.pth
Sun 15 Jan 2023 17:55:35 INFO  epoch 34 training [time: 3.19s, train_loss1: 9.2652, train_loss2: 2.1365]
Sun 15 Jan 2023 17:55:35 INFO  epoch 34 evaluating [time: 0.17s, valid_score: 0.362800]
Sun 15 Jan 2023 17:55:35 INFO  valid result: 
recall@10 : 0.1873    mrr@10 : 0.3628    ndcg@10 : 0.208    hit@10 : 0.6882    precision@10 : 0.1433
Sun 15 Jan 2023 17:55:38 INFO  epoch 35 training [time: 3.25s, train_loss1: 9.3335, train_loss2: 2.2022]
Sun 15 Jan 2023 17:55:38 INFO  epoch 35 evaluating [time: 0.17s, valid_score: 0.366200]
Sun 15 Jan 2023 17:55:38 INFO  valid result: 
recall@10 : 0.187    mrr@10 : 0.3662    ndcg@10 : 0.2082    hit@10 : 0.6861    precision@10 : 0.1425
Sun 15 Jan 2023 17:55:38 INFO  Saving current: saved/KGAT-Jan-15-2023_17-53-21.pth
Sun 15 Jan 2023 17:55:42 INFO  epoch 36 training [time: 3.34s, train_loss1: 9.0592, train_loss2: 2.0263]
Sun 15 Jan 2023 17:55:42 INFO  epoch 36 evaluating [time: 0.17s, valid_score: 0.367200]
Sun 15 Jan 2023 17:55:42 INFO  valid result: 
recall@10 : 0.1866    mrr@10 : 0.3672    ndcg@10 : 0.208    hit@10 : 0.684    precision@10 : 0.1427
Sun 15 Jan 2023 17:55:42 INFO  Saving current: saved/KGAT-Jan-15-2023_17-53-21.pth
Sun 15 Jan 2023 17:55:45 INFO  epoch 37 training [time: 3.26s, train_loss1: 8.9930, train_loss2: 1.9847]
Sun 15 Jan 2023 17:55:46 INFO  epoch 37 evaluating [time: 0.22s, valid_score: 0.366400]
Sun 15 Jan 2023 17:55:46 INFO  valid result: 
recall@10 : 0.1919    mrr@10 : 0.3664    ndcg@10 : 0.2099    hit@10 : 0.6893    precision@10 : 0.1435
Sun 15 Jan 2023 17:55:49 INFO  epoch 38 training [time: 3.24s, train_loss1: 9.0523, train_loss2: 1.9351]
Sun 15 Jan 2023 17:55:49 INFO  epoch 38 evaluating [time: 0.17s, valid_score: 0.365900]
Sun 15 Jan 2023 17:55:49 INFO  valid result: 
recall@10 : 0.195    mrr@10 : 0.3659    ndcg@10 : 0.2124    hit@10 : 0.7031    precision@10 : 0.147
Sun 15 Jan 2023 17:55:52 INFO  epoch 39 training [time: 3.28s, train_loss1: 8.8279, train_loss2: 1.9417]
Sun 15 Jan 2023 17:55:52 INFO  epoch 39 evaluating [time: 0.17s, valid_score: 0.368600]
Sun 15 Jan 2023 17:55:52 INFO  valid result: 
recall@10 : 0.1922    mrr@10 : 0.3686    ndcg@10 : 0.2122    hit@10 : 0.6988    precision@10 : 0.1451
Sun 15 Jan 2023 17:55:52 INFO  Saving current: saved/KGAT-Jan-15-2023_17-53-21.pth
Sun 15 Jan 2023 17:55:56 INFO  epoch 40 training [time: 3.55s, train_loss1: 8.7719, train_loss2: 1.9042]
Sun 15 Jan 2023 17:55:56 INFO  epoch 40 evaluating [time: 0.17s, valid_score: 0.375700]
Sun 15 Jan 2023 17:55:56 INFO  valid result: 
recall@10 : 0.1986    mrr@10 : 0.3757    ndcg@10 : 0.2168    hit@10 : 0.7063    precision@10 : 0.1488
Sun 15 Jan 2023 17:55:56 INFO  Saving current: saved/KGAT-Jan-15-2023_17-53-21.pth
Sun 15 Jan 2023 17:56:00 INFO  epoch 41 training [time: 3.47s, train_loss1: 8.6341, train_loss2: 1.8444]
Sun 15 Jan 2023 17:56:00 INFO  epoch 41 evaluating [time: 0.17s, valid_score: 0.379400]
Sun 15 Jan 2023 17:56:00 INFO  valid result: 
recall@10 : 0.1933    mrr@10 : 0.3794    ndcg@10 : 0.2156    hit@10 : 0.701    precision@10 : 0.1467
Sun 15 Jan 2023 17:56:00 INFO  Saving current: saved/KGAT-Jan-15-2023_17-53-21.pth
Sun 15 Jan 2023 17:56:03 INFO  epoch 42 training [time: 3.45s, train_loss1: 8.5532, train_loss2: 1.7873]
Sun 15 Jan 2023 17:56:04 INFO  epoch 42 evaluating [time: 0.17s, valid_score: 0.373100]
Sun 15 Jan 2023 17:56:04 INFO  valid result: 
recall@10 : 0.1938    mrr@10 : 0.3731    ndcg@10 : 0.2143    hit@10 : 0.7041    precision@10 : 0.1468
Sun 15 Jan 2023 17:56:07 INFO  epoch 43 training [time: 3.41s, train_loss1: 8.4848, train_loss2: 1.7708]
Sun 15 Jan 2023 17:56:07 INFO  epoch 43 evaluating [time: 0.17s, valid_score: 0.375300]
Sun 15 Jan 2023 17:56:07 INFO  valid result: 
recall@10 : 0.1931    mrr@10 : 0.3753    ndcg@10 : 0.214    hit@10 : 0.7031    precision@10 : 0.146
Sun 15 Jan 2023 17:56:11 INFO  epoch 44 training [time: 3.53s, train_loss1: 8.2949, train_loss2: 1.7916]
Sun 15 Jan 2023 17:56:11 INFO  epoch 44 evaluating [time: 0.17s, valid_score: 0.378200]
Sun 15 Jan 2023 17:56:11 INFO  valid result: 
recall@10 : 0.195    mrr@10 : 0.3782    ndcg@10 : 0.216    hit@10 : 0.7052    precision@10 : 0.1479
Sun 15 Jan 2023 17:56:14 INFO  epoch 45 training [time: 3.45s, train_loss1: 8.2976, train_loss2: 1.7279]
Sun 15 Jan 2023 17:56:14 INFO  epoch 45 evaluating [time: 0.17s, valid_score: 0.377000]
Sun 15 Jan 2023 17:56:14 INFO  valid result: 
recall@10 : 0.1992    mrr@10 : 0.377    ndcg@10 : 0.2186    hit@10 : 0.7126    precision@10 : 0.1508
Sun 15 Jan 2023 17:56:18 INFO  epoch 46 training [time: 3.45s, train_loss1: 8.1001, train_loss2: 1.7215]
Sun 15 Jan 2023 17:56:18 INFO  epoch 46 evaluating [time: 0.17s, valid_score: 0.379000]
Sun 15 Jan 2023 17:56:18 INFO  valid result: 
recall@10 : 0.1983    mrr@10 : 0.379    ndcg@10 : 0.2192    hit@10 : 0.7169    precision@10 : 0.1509
Sun 15 Jan 2023 17:56:22 INFO  epoch 47 training [time: 3.46s, train_loss1: 8.0993, train_loss2: 1.6803]
Sun 15 Jan 2023 17:56:22 INFO  epoch 47 evaluating [time: 0.17s, valid_score: 0.383600]
Sun 15 Jan 2023 17:56:22 INFO  valid result: 
recall@10 : 0.1979    mrr@10 : 0.3836    ndcg@10 : 0.2202    hit@10 : 0.7116    precision@10 : 0.1508
Sun 15 Jan 2023 17:56:22 INFO  Saving current: saved/KGAT-Jan-15-2023_17-53-21.pth
Sun 15 Jan 2023 17:56:25 INFO  epoch 48 training [time: 3.49s, train_loss1: 7.9527, train_loss2: 1.6494]
Sun 15 Jan 2023 17:56:25 INFO  epoch 48 evaluating [time: 0.17s, valid_score: 0.380700]
Sun 15 Jan 2023 17:56:25 INFO  valid result: 
recall@10 : 0.1996    mrr@10 : 0.3807    ndcg@10 : 0.2221    hit@10 : 0.7094    precision@10 : 0.1531
Sun 15 Jan 2023 17:56:29 INFO  epoch 49 training [time: 3.23s, train_loss1: 7.9878, train_loss2: 1.6488]
Sun 15 Jan 2023 17:56:29 INFO  epoch 49 evaluating [time: 0.17s, valid_score: 0.389200]
Sun 15 Jan 2023 17:56:29 INFO  valid result: 
recall@10 : 0.1994    mrr@10 : 0.3892    ndcg@10 : 0.2235    hit@10 : 0.7126    precision@10 : 0.1515
Sun 15 Jan 2023 17:56:29 INFO  Saving current: saved/KGAT-Jan-15-2023_17-53-21.pth
Sun 15 Jan 2023 17:56:32 INFO  epoch 50 training [time: 3.31s, train_loss1: 7.8618, train_loss2: 1.5772]
Sun 15 Jan 2023 17:56:32 INFO  epoch 50 evaluating [time: 0.18s, valid_score: 0.382500]
Sun 15 Jan 2023 17:56:32 INFO  valid result: 
recall@10 : 0.2006    mrr@10 : 0.3825    ndcg@10 : 0.2223    hit@10 : 0.72    precision@10 : 0.1517
Sun 15 Jan 2023 17:56:36 INFO  epoch 51 training [time: 3.50s, train_loss1: 7.6970, train_loss2: 1.5668]
Sun 15 Jan 2023 17:56:36 INFO  epoch 51 evaluating [time: 0.19s, valid_score: 0.385000]
Sun 15 Jan 2023 17:56:36 INFO  valid result: 
recall@10 : 0.1998    mrr@10 : 0.385    ndcg@10 : 0.2232    hit@10 : 0.7116    precision@10 : 0.151
Sun 15 Jan 2023 17:56:39 INFO  epoch 52 training [time: 3.05s, train_loss1: 7.6500, train_loss2: 1.5171]
Sun 15 Jan 2023 17:56:39 INFO  epoch 52 evaluating [time: 0.17s, valid_score: 0.390200]
Sun 15 Jan 2023 17:56:39 INFO  valid result: 
recall@10 : 0.203    mrr@10 : 0.3902    ndcg@10 : 0.2254    hit@10 : 0.719    precision@10 : 0.1524
Sun 15 Jan 2023 17:56:39 INFO  Saving current: saved/KGAT-Jan-15-2023_17-53-21.pth
Sun 15 Jan 2023 17:56:43 INFO  epoch 53 training [time: 3.17s, train_loss1: 7.4724, train_loss2: 1.5145]
Sun 15 Jan 2023 17:56:43 INFO  epoch 53 evaluating [time: 0.17s, valid_score: 0.391100]
Sun 15 Jan 2023 17:56:43 INFO  valid result: 
recall@10 : 0.2042    mrr@10 : 0.3911    ndcg@10 : 0.2258    hit@10 : 0.7275    precision@10 : 0.1527
Sun 15 Jan 2023 17:56:43 INFO  Saving current: saved/KGAT-Jan-15-2023_17-53-21.pth
Sun 15 Jan 2023 17:56:46 INFO  epoch 54 training [time: 3.12s, train_loss1: 7.5069, train_loss2: 1.4974]
Sun 15 Jan 2023 17:56:46 INFO  epoch 54 evaluating [time: 0.17s, valid_score: 0.390500]
Sun 15 Jan 2023 17:56:46 INFO  valid result: 
recall@10 : 0.2095    mrr@10 : 0.3905    ndcg@10 : 0.2286    hit@10 : 0.7338    precision@10 : 0.1555
Sun 15 Jan 2023 17:56:49 INFO  epoch 55 training [time: 3.13s, train_loss1: 7.3711, train_loss2: 1.4409]
Sun 15 Jan 2023 17:56:49 INFO  epoch 55 evaluating [time: 0.17s, valid_score: 0.394100]
Sun 15 Jan 2023 17:56:49 INFO  valid result: 
recall@10 : 0.2079    mrr@10 : 0.3941    ndcg@10 : 0.2291    hit@10 : 0.7317    precision@10 : 0.156
Sun 15 Jan 2023 17:56:49 INFO  Saving current: saved/KGAT-Jan-15-2023_17-53-21.pth
Sun 15 Jan 2023 17:56:53 INFO  epoch 56 training [time: 3.12s, train_loss1: 7.3946, train_loss2: 1.4926]
Sun 15 Jan 2023 17:56:53 INFO  epoch 56 evaluating [time: 0.17s, valid_score: 0.392500]
Sun 15 Jan 2023 17:56:53 INFO  valid result: 
recall@10 : 0.2095    mrr@10 : 0.3925    ndcg@10 : 0.2292    hit@10 : 0.737    precision@10 : 0.156
Sun 15 Jan 2023 17:56:56 INFO  epoch 57 training [time: 3.33s, train_loss1: 7.2043, train_loss2: 1.4250]
Sun 15 Jan 2023 17:56:56 INFO  epoch 57 evaluating [time: 0.21s, valid_score: 0.397600]
Sun 15 Jan 2023 17:56:56 INFO  valid result: 
recall@10 : 0.2112    mrr@10 : 0.3976    ndcg@10 : 0.2324    hit@10 : 0.7391    precision@10 : 0.158
Sun 15 Jan 2023 17:56:56 INFO  Saving current: saved/KGAT-Jan-15-2023_17-53-21.pth
Sun 15 Jan 2023 17:57:00 INFO  epoch 58 training [time: 3.12s, train_loss1: 7.2251, train_loss2: 1.3730]
Sun 15 Jan 2023 17:57:00 INFO  epoch 58 evaluating [time: 0.17s, valid_score: 0.398500]
Sun 15 Jan 2023 17:57:00 INFO  valid result: 
recall@10 : 0.2103    mrr@10 : 0.3985    ndcg@10 : 0.2313    hit@10 : 0.7402    precision@10 : 0.1573
Sun 15 Jan 2023 17:57:00 INFO  Saving current: saved/KGAT-Jan-15-2023_17-53-21.pth
Sun 15 Jan 2023 17:57:03 INFO  epoch 59 training [time: 3.27s, train_loss1: 7.1262, train_loss2: 1.3967]
Sun 15 Jan 2023 17:57:03 INFO  epoch 59 evaluating [time: 0.17s, valid_score: 0.396200]
Sun 15 Jan 2023 17:57:03 INFO  valid result: 
recall@10 : 0.2081    mrr@10 : 0.3962    ndcg@10 : 0.2302    hit@10 : 0.7381    precision@10 : 0.1557
Sun 15 Jan 2023 17:57:06 INFO  epoch 60 training [time: 3.20s, train_loss1: 7.0370, train_loss2: 1.3400]
Sun 15 Jan 2023 17:57:07 INFO  epoch 60 evaluating [time: 0.20s, valid_score: 0.393300]
Sun 15 Jan 2023 17:57:07 INFO  valid result: 
recall@10 : 0.2081    mrr@10 : 0.3933    ndcg@10 : 0.2299    hit@10 : 0.7391    precision@10 : 0.1559
Sun 15 Jan 2023 17:57:10 INFO  epoch 61 training [time: 3.17s, train_loss1: 6.8995, train_loss2: 1.3657]
Sun 15 Jan 2023 17:57:10 INFO  epoch 61 evaluating [time: 0.17s, valid_score: 0.392600]
Sun 15 Jan 2023 17:57:10 INFO  valid result: 
recall@10 : 0.2086    mrr@10 : 0.3926    ndcg@10 : 0.23    hit@10 : 0.7381    precision@10 : 0.1565
Sun 15 Jan 2023 17:57:13 INFO  epoch 62 training [time: 3.18s, train_loss1: 6.8678, train_loss2: 1.3798]
Sun 15 Jan 2023 17:57:13 INFO  epoch 62 evaluating [time: 0.17s, valid_score: 0.399500]
Sun 15 Jan 2023 17:57:13 INFO  valid result: 
recall@10 : 0.2054    mrr@10 : 0.3995    ndcg@10 : 0.2301    hit@10 : 0.7359    precision@10 : 0.1552
Sun 15 Jan 2023 17:57:13 INFO  Saving current: saved/KGAT-Jan-15-2023_17-53-21.pth
Sun 15 Jan 2023 17:57:17 INFO  epoch 63 training [time: 3.29s, train_loss1: 6.8083, train_loss2: 1.2983]
Sun 15 Jan 2023 17:57:17 INFO  epoch 63 evaluating [time: 0.17s, valid_score: 0.391500]
Sun 15 Jan 2023 17:57:17 INFO  valid result: 
recall@10 : 0.2042    mrr@10 : 0.3915    ndcg@10 : 0.2276    hit@10 : 0.7222    precision@10 : 0.1537
Sun 15 Jan 2023 17:57:20 INFO  epoch 64 training [time: 3.20s, train_loss1: 6.6987, train_loss2: 1.2914]
Sun 15 Jan 2023 17:57:20 INFO  epoch 64 evaluating [time: 0.17s, valid_score: 0.387300]
Sun 15 Jan 2023 17:57:20 INFO  valid result: 
recall@10 : 0.2084    mrr@10 : 0.3873    ndcg@10 : 0.2285    hit@10 : 0.7381    precision@10 : 0.1556
Sun 15 Jan 2023 17:57:23 INFO  epoch 65 training [time: 3.21s, train_loss1: 6.7378, train_loss2: 1.3151]
Sun 15 Jan 2023 17:57:24 INFO  epoch 65 evaluating [time: 0.17s, valid_score: 0.389200]
Sun 15 Jan 2023 17:57:24 INFO  valid result: 
recall@10 : 0.2075    mrr@10 : 0.3892    ndcg@10 : 0.2288    hit@10 : 0.7349    precision@10 : 0.155
Sun 15 Jan 2023 17:57:27 INFO  epoch 66 training [time: 3.61s, train_loss1: 6.6759, train_loss2: 1.2558]
Sun 15 Jan 2023 17:57:27 INFO  epoch 66 evaluating [time: 0.17s, valid_score: 0.396200]
Sun 15 Jan 2023 17:57:27 INFO  valid result: 
recall@10 : 0.2084    mrr@10 : 0.3962    ndcg@10 : 0.2314    hit@10 : 0.737    precision@10 : 0.1563
Sun 15 Jan 2023 17:57:31 INFO  epoch 67 training [time: 3.18s, train_loss1: 6.6219, train_loss2: 1.2718]
Sun 15 Jan 2023 17:57:31 INFO  epoch 67 evaluating [time: 0.17s, valid_score: 0.385600]
Sun 15 Jan 2023 17:57:31 INFO  valid result: 
recall@10 : 0.2128    mrr@10 : 0.3856    ndcg@10 : 0.2304    hit@10 : 0.7391    precision@10 : 0.1578
Sun 15 Jan 2023 17:57:34 INFO  epoch 68 training [time: 3.49s, train_loss1: 6.4540, train_loss2: 1.2088]
Sun 15 Jan 2023 17:57:34 INFO  epoch 68 evaluating [time: 0.17s, valid_score: 0.388100]
Sun 15 Jan 2023 17:57:34 INFO  valid result: 
recall@10 : 0.2113    mrr@10 : 0.3881    ndcg@10 : 0.2308    hit@10 : 0.7296    precision@10 : 0.1573
Sun 15 Jan 2023 17:57:38 INFO  epoch 69 training [time: 3.47s, train_loss1: 6.4549, train_loss2: 1.2497]
Sun 15 Jan 2023 17:57:38 INFO  epoch 69 evaluating [time: 0.17s, valid_score: 0.386300]
Sun 15 Jan 2023 17:57:38 INFO  valid result: 
recall@10 : 0.2133    mrr@10 : 0.3863    ndcg@10 : 0.2304    hit@10 : 0.7391    precision@10 : 0.1581
Sun 15 Jan 2023 17:57:42 INFO  epoch 70 training [time: 4.08s, train_loss1: 6.4548, train_loss2: 1.2167]
Sun 15 Jan 2023 17:57:42 INFO  epoch 70 evaluating [time: 0.24s, valid_score: 0.387600]
Sun 15 Jan 2023 17:57:42 INFO  valid result: 
recall@10 : 0.2141    mrr@10 : 0.3876    ndcg@10 : 0.2311    hit@10 : 0.7338    precision@10 : 0.1586
Sun 15 Jan 2023 17:57:46 INFO  epoch 71 training [time: 3.57s, train_loss1: 6.3405, train_loss2: 1.1574]
Sun 15 Jan 2023 17:57:46 INFO  epoch 71 evaluating [time: 0.18s, valid_score: 0.386300]
Sun 15 Jan 2023 17:57:46 INFO  valid result: 
recall@10 : 0.2129    mrr@10 : 0.3863    ndcg@10 : 0.2302    hit@10 : 0.7423    precision@10 : 0.158
Sun 15 Jan 2023 17:57:49 INFO  epoch 72 training [time: 3.32s, train_loss1: 6.2794, train_loss2: 1.2358]
Sun 15 Jan 2023 17:57:50 INFO  epoch 72 evaluating [time: 0.17s, valid_score: 0.386200]
Sun 15 Jan 2023 17:57:50 INFO  valid result: 
recall@10 : 0.2125    mrr@10 : 0.3862    ndcg@10 : 0.2296    hit@10 : 0.7444    precision@10 : 0.1566
Sun 15 Jan 2023 17:57:53 INFO  epoch 73 training [time: 3.17s, train_loss1: 6.3010, train_loss2: 1.1838]
Sun 15 Jan 2023 17:57:53 INFO  epoch 73 evaluating [time: 0.17s, valid_score: 0.393300]
Sun 15 Jan 2023 17:57:53 INFO  valid result: 
recall@10 : 0.2115    mrr@10 : 0.3933    ndcg@10 : 0.2314    hit@10 : 0.7455    precision@10 : 0.1573
Sun 15 Jan 2023 17:57:53 INFO  Finished training, best eval result in epoch 62
Sun 15 Jan 2023 17:57:53 INFO  Loading model structure and parameters from saved/KGAT-Jan-15-2023_17-53-21.pth
Sun 15 Jan 2023 17:57:53 INFO  best valid : OrderedDict([('recall@10', 0.2054), ('mrr@10', 0.3995), ('ndcg@10', 0.2301), ('hit@10', 0.7359), ('precision@10', 0.1552)])
Sun 15 Jan 2023 17:57:53 INFO  test result: OrderedDict([('recall@10', 0.2364), ('mrr@10', 0.46), ('ndcg@10', 0.2786), ('hit@10', 0.754), ('precision@10', 0.1903)])
