Thu 26 Jan 2023 18:09:21 INFO  momentum
Thu 26 Jan 2023 18:09:21 INFO  ['recbole_test.py']
Thu 26 Jan 2023 18:09:21 INFO  
General Hyper Parameters:
gpu_id = 0
use_gpu = True
seed = 2020
state = INFO
reproducibility = True
data_path = /work/03/gu14/k36095/kgat_bai/recbole/config/../dataset_example/ml-100k
checkpoint_dir = saved
show_progress = True
save_dataset = True
dataset_save_path = None
save_dataloaders = False
dataloaders_save_path = None
log_wandb = False

Training Hyper Parameters:
epochs = 300
train_batch_size = 2048
learner = sgd
learning_rate = 0.0005
train_neg_sample_args = {'distribution': 'uniform', 'sample_num': 1, 'alpha': 1.0, 'dynamic': False, 'candidate_num': 0}
eval_step = 1
stopping_step = 10
clip_grad_norm = None
weight_decay = 0.0
loss_decimal_place = 4

Evaluation Hyper Parameters:
eval_args = {'split': {'RS': [0.8, 0.1, 0.1]}, 'group_by': 'user', 'order': 'RO', 'mode': 'full'}
repeatable = False
metrics = ['Recall', 'MRR', 'NDCG', 'Hit', 'Precision']
topk = [10]
valid_metric = MRR@10
valid_metric_bigger = True
eval_batch_size = 4096
metric_decimal_place = 4

Dataset Hyper Parameters:
field_separator = 	
seq_separator =  
USER_ID_FIELD = user_id
ITEM_ID_FIELD = item_id
RATING_FIELD = rating
TIME_FIELD = timestamp
seq_len = None
LABEL_FIELD = label
threshold = None
NEG_PREFIX = neg_
load_col = {'inter': ['user_id', 'item_id', 'rating', 'timestamp'], 'kg': ['head_id', 'relation_id', 'tail_id'], 'link': ['item_id', 'entity_id']}
unload_col = None
unused_col = None
additional_feat_suffix = None
rm_dup_inter = None
val_interval = None
filter_inter_by_user_or_item = True
user_inter_num_interval = None
item_inter_num_interval = None
alias_of_user_id = None
alias_of_item_id = None
alias_of_entity_id = None
alias_of_relation_id = None
preload_weight = None
normalize_field = None
normalize_all = True
ITEM_LIST_LENGTH_FIELD = item_length
LIST_SUFFIX = _list
MAX_ITEM_LIST_LENGTH = 50
POSITION_FIELD = position_id
HEAD_ENTITY_ID_FIELD = head_id
TAIL_ENTITY_ID_FIELD = tail_id
RELATION_ID_FIELD = relation_id
ENTITY_ID_FIELD = entity_id
kg_reverse_r = False
entity_kg_num_interval = [0,inf)
relation_kg_num_interval = [0,inf)
benchmark_filename = None

Other Hyper Parameters: 
worker = 0
wandb_project = recbole
shuffle = True
require_pow = False
enable_amp = False
enable_scaler = False
transform = None
embedding_size = 64
kg_embedding_size = 64
layers = [64]
mess_dropout = 0.1
reg_weight = 1e-05
aggregator_type = bi
numerical_features = []
discretization = None
MODEL_TYPE = ModelType.KNOWLEDGE
MODEL_INPUT_TYPE = InputType.PAIRWISE
eval_type = EvaluatorType.RANKING
single_spec = True
local_rank = 0
device = cpu
eval_neg_sample_args = {'distribution': 'uniform', 'sample_num': 'none'}


Thu 26 Jan 2023 18:09:23 INFO  Saving filtered dataset into [saved/ml-100k-dataset.pth]
Thu 26 Jan 2023 18:09:23 INFO  ml-100k
The number of users: 944
Average actions of users: 103.4506892895016
The number of items: 1599
Average actions of items: 61.04755944931164
The number of inters: 97554
The sparsity of the dataset: 93.53714185772888%
Remain Fields: ['entity_id', 'user_id', 'item_id', 'rating', 'timestamp', 'head_id', 'relation_id', 'tail_id']
The number of entities: 34629
The number of relations: 26
The number of triples: 91631
The number of items that have been linked to KG: 1598
Thu 26 Jan 2023 18:09:23 INFO  [Training]: train_batch_size = [2048] train_neg_sample_args: [{'distribution': 'uniform', 'sample_num': 1, 'alpha': 1.0, 'dynamic': False, 'candidate_num': 0}]
Thu 26 Jan 2023 18:09:23 INFO  [Evaluation]: eval_batch_size = [4096] eval_args: [{'split': {'RS': [0.8, 0.1, 0.1]}, 'group_by': 'user', 'order': 'RO', 'mode': 'full'}]
Thu 26 Jan 2023 18:09:28 INFO  KGAT(
  (user_embedding): Embedding(944, 64)
  (entity_embedding): Embedding(34629, 64)
  (relation_embedding): Embedding(26, 64)
  (trans_w): Embedding(26, 4096)
  (aggregator_layers): ModuleList(
    (0): Aggregator(
      (message_dropout): Dropout(p=0.1, inplace=False)
      (W1): Linear(in_features=64, out_features=64, bias=True)
      (W2): Linear(in_features=64, out_features=64, bias=True)
      (activation): LeakyReLU(negative_slope=0.01)
    )
  )
  (tanh): Tanh()
  (mf_loss): BPRLoss()
  (reg_loss): EmbLoss()
)
Trainable parameters: 2393152
Thu 26 Jan 2023 18:09:28 INFO  FLOPs: 291414016.0
Thu 26 Jan 2023 18:09:33 INFO  epoch 0 training [time: 4.28s, train_loss1: 26.7911, train_loss2: 31.1894]
Thu 26 Jan 2023 18:09:33 INFO  epoch 0 evaluating [time: 0.21s, valid_score: 0.016700]
Thu 26 Jan 2023 18:09:33 INFO  valid result: 
recall@10 : 0.0047    mrr@10 : 0.0167    ndcg@10 : 0.0066    hit@10 : 0.0594    precision@10 : 0.0063
Thu 26 Jan 2023 18:09:33 INFO  Saving current: saved/KGAT-Jan-26-2023_18-09-28.pth
Thu 26 Jan 2023 18:09:37 INFO  epoch 1 training [time: 4.01s, train_loss1: 26.7514, train_loss2: 31.1894]
Thu 26 Jan 2023 18:09:37 INFO  epoch 1 evaluating [time: 0.20s, valid_score: 0.017200]
Thu 26 Jan 2023 18:09:37 INFO  valid result: 
recall@10 : 0.005    mrr@10 : 0.0172    ndcg@10 : 0.0069    hit@10 : 0.0626    precision@10 : 0.0066
Thu 26 Jan 2023 18:09:37 INFO  Saving current: saved/KGAT-Jan-26-2023_18-09-28.pth
Thu 26 Jan 2023 18:09:41 INFO  epoch 2 training [time: 4.34s, train_loss1: 26.7288, train_loss2: 31.1892]
Thu 26 Jan 2023 18:09:42 INFO  epoch 2 evaluating [time: 0.20s, valid_score: 0.017100]
Thu 26 Jan 2023 18:09:42 INFO  valid result: 
recall@10 : 0.005    mrr@10 : 0.0171    ndcg@10 : 0.0069    hit@10 : 0.0636    precision@10 : 0.0067
Thu 26 Jan 2023 18:09:46 INFO  epoch 3 training [time: 4.38s, train_loss1: 26.7082, train_loss2: 31.1894]
Thu 26 Jan 2023 18:09:46 INFO  epoch 3 evaluating [time: 0.20s, valid_score: 0.017700]
Thu 26 Jan 2023 18:09:46 INFO  valid result: 
recall@10 : 0.005    mrr@10 : 0.0177    ndcg@10 : 0.007    hit@10 : 0.0647    precision@10 : 0.0068
Thu 26 Jan 2023 18:09:46 INFO  Saving current: saved/KGAT-Jan-26-2023_18-09-28.pth
Thu 26 Jan 2023 18:09:51 INFO  epoch 4 training [time: 4.57s, train_loss1: 26.7104, train_loss2: 31.1888]
Thu 26 Jan 2023 18:09:51 INFO  epoch 4 evaluating [time: 0.22s, valid_score: 0.018200]
Thu 26 Jan 2023 18:09:51 INFO  valid result: 
recall@10 : 0.0051    mrr@10 : 0.0182    ndcg@10 : 0.0072    hit@10 : 0.0668    precision@10 : 0.007
Thu 26 Jan 2023 18:09:51 INFO  Saving current: saved/KGAT-Jan-26-2023_18-09-28.pth
Thu 26 Jan 2023 18:09:56 INFO  epoch 5 training [time: 4.48s, train_loss1: 26.7009, train_loss2: 31.1889]
Thu 26 Jan 2023 18:09:56 INFO  epoch 5 evaluating [time: 0.20s, valid_score: 0.018600]
Thu 26 Jan 2023 18:09:56 INFO  valid result: 
recall@10 : 0.0053    mrr@10 : 0.0186    ndcg@10 : 0.0073    hit@10 : 0.0668    precision@10 : 0.007
Thu 26 Jan 2023 18:09:56 INFO  Saving current: saved/KGAT-Jan-26-2023_18-09-28.pth
Thu 26 Jan 2023 18:10:00 INFO  epoch 6 training [time: 4.43s, train_loss1: 26.6788, train_loss2: 31.1889]
Thu 26 Jan 2023 18:10:01 INFO  epoch 6 evaluating [time: 0.24s, valid_score: 0.018500]
Thu 26 Jan 2023 18:10:01 INFO  valid result: 
recall@10 : 0.0053    mrr@10 : 0.0185    ndcg@10 : 0.0073    hit@10 : 0.0668    precision@10 : 0.007
Thu 26 Jan 2023 18:10:05 INFO  epoch 7 training [time: 4.29s, train_loss1: 26.6693, train_loss2: 31.1893]
Thu 26 Jan 2023 18:10:05 INFO  epoch 7 evaluating [time: 0.19s, valid_score: 0.018600]
Thu 26 Jan 2023 18:10:05 INFO  valid result: 
recall@10 : 0.0054    mrr@10 : 0.0186    ndcg@10 : 0.0072    hit@10 : 0.0668    precision@10 : 0.0069
Thu 26 Jan 2023 18:10:05 INFO  Saving current: saved/KGAT-Jan-26-2023_18-09-28.pth
Thu 26 Jan 2023 18:10:09 INFO  epoch 8 training [time: 4.44s, train_loss1: 26.6791, train_loss2: 31.1895]
Thu 26 Jan 2023 18:10:10 INFO  epoch 8 evaluating [time: 0.20s, valid_score: 0.018700]
Thu 26 Jan 2023 18:10:10 INFO  valid result: 
recall@10 : 0.0054    mrr@10 : 0.0187    ndcg@10 : 0.0073    hit@10 : 0.0679    precision@10 : 0.007
Thu 26 Jan 2023 18:10:10 INFO  Saving current: saved/KGAT-Jan-26-2023_18-09-28.pth
Thu 26 Jan 2023 18:10:14 INFO  epoch 9 training [time: 4.20s, train_loss1: 26.6610, train_loss2: 31.1887]
Thu 26 Jan 2023 18:10:14 INFO  epoch 9 evaluating [time: 0.20s, valid_score: 0.018600]
Thu 26 Jan 2023 18:10:14 INFO  valid result: 
recall@10 : 0.0056    mrr@10 : 0.0186    ndcg@10 : 0.0073    hit@10 : 0.0689    precision@10 : 0.0071
Thu 26 Jan 2023 18:10:18 INFO  epoch 10 training [time: 4.21s, train_loss1: 26.6522, train_loss2: 31.1891]
Thu 26 Jan 2023 18:10:19 INFO  epoch 10 evaluating [time: 0.20s, valid_score: 0.018400]
Thu 26 Jan 2023 18:10:19 INFO  valid result: 
recall@10 : 0.0055    mrr@10 : 0.0184    ndcg@10 : 0.0072    hit@10 : 0.0679    precision@10 : 0.007
Thu 26 Jan 2023 18:10:23 INFO  epoch 11 training [time: 4.51s, train_loss1: 26.6454, train_loss2: 31.1888]
Thu 26 Jan 2023 18:10:23 INFO  epoch 11 evaluating [time: 0.20s, valid_score: 0.018500]
Thu 26 Jan 2023 18:10:23 INFO  valid result: 
recall@10 : 0.0056    mrr@10 : 0.0185    ndcg@10 : 0.0073    hit@10 : 0.07    precision@10 : 0.0072
Thu 26 Jan 2023 18:10:28 INFO  epoch 12 training [time: 4.64s, train_loss1: 26.6431, train_loss2: 31.1891]
Thu 26 Jan 2023 18:10:28 INFO  epoch 12 evaluating [time: 0.23s, valid_score: 0.018700]
Thu 26 Jan 2023 18:10:28 INFO  valid result: 
recall@10 : 0.0056    mrr@10 : 0.0187    ndcg@10 : 0.0074    hit@10 : 0.07    precision@10 : 0.0072
Thu 26 Jan 2023 18:10:28 INFO  Saving current: saved/KGAT-Jan-26-2023_18-09-28.pth
Thu 26 Jan 2023 18:10:32 INFO  epoch 13 training [time: 4.30s, train_loss1: 26.6334, train_loss2: 31.1887]
Thu 26 Jan 2023 18:10:33 INFO  epoch 13 evaluating [time: 0.20s, valid_score: 0.018700]
Thu 26 Jan 2023 18:10:33 INFO  valid result: 
recall@10 : 0.0057    mrr@10 : 0.0187    ndcg@10 : 0.0075    hit@10 : 0.071    precision@10 : 0.0074
Thu 26 Jan 2023 18:10:33 INFO  Saving current: saved/KGAT-Jan-26-2023_18-09-28.pth
Thu 26 Jan 2023 18:10:38 INFO  epoch 14 training [time: 4.80s, train_loss1: 26.6362, train_loss2: 31.1885]
Thu 26 Jan 2023 18:10:38 INFO  epoch 14 evaluating [time: 0.19s, valid_score: 0.018700]
Thu 26 Jan 2023 18:10:38 INFO  valid result: 
recall@10 : 0.0056    mrr@10 : 0.0187    ndcg@10 : 0.0075    hit@10 : 0.071    precision@10 : 0.0074
Thu 26 Jan 2023 18:10:38 INFO  Saving current: saved/KGAT-Jan-26-2023_18-09-28.pth
Thu 26 Jan 2023 18:10:42 INFO  epoch 15 training [time: 4.24s, train_loss1: 26.6177, train_loss2: 31.1886]
Thu 26 Jan 2023 18:10:42 INFO  epoch 15 evaluating [time: 0.20s, valid_score: 0.019000]
Thu 26 Jan 2023 18:10:42 INFO  valid result: 
recall@10 : 0.0056    mrr@10 : 0.019    ndcg@10 : 0.0076    hit@10 : 0.071    precision@10 : 0.0074
Thu 26 Jan 2023 18:10:42 INFO  Saving current: saved/KGAT-Jan-26-2023_18-09-28.pth
Thu 26 Jan 2023 18:10:47 INFO  epoch 16 training [time: 4.35s, train_loss1: 26.6175, train_loss2: 31.1891]
Thu 26 Jan 2023 18:10:47 INFO  epoch 16 evaluating [time: 0.20s, valid_score: 0.019000]
Thu 26 Jan 2023 18:10:47 INFO  valid result: 
recall@10 : 0.0056    mrr@10 : 0.019    ndcg@10 : 0.0075    hit@10 : 0.07    precision@10 : 0.0073
Thu 26 Jan 2023 18:10:47 INFO  Saving current: saved/KGAT-Jan-26-2023_18-09-28.pth
Thu 26 Jan 2023 18:10:51 INFO  epoch 17 training [time: 4.50s, train_loss1: 26.6192, train_loss2: 31.1890]
Thu 26 Jan 2023 18:10:52 INFO  epoch 17 evaluating [time: 0.20s, valid_score: 0.019000]
Thu 26 Jan 2023 18:10:52 INFO  valid result: 
recall@10 : 0.0056    mrr@10 : 0.019    ndcg@10 : 0.0075    hit@10 : 0.07    precision@10 : 0.0073
Thu 26 Jan 2023 18:10:52 INFO  Saving current: saved/KGAT-Jan-26-2023_18-09-28.pth
Thu 26 Jan 2023 18:10:56 INFO  epoch 18 training [time: 4.40s, train_loss1: 26.6049, train_loss2: 31.1888]
Thu 26 Jan 2023 18:10:56 INFO  epoch 18 evaluating [time: 0.19s, valid_score: 0.019100]
Thu 26 Jan 2023 18:10:56 INFO  valid result: 
recall@10 : 0.0056    mrr@10 : 0.0191    ndcg@10 : 0.0076    hit@10 : 0.071    precision@10 : 0.0074
Thu 26 Jan 2023 18:10:56 INFO  Saving current: saved/KGAT-Jan-26-2023_18-09-28.pth
Thu 26 Jan 2023 18:11:01 INFO  epoch 19 training [time: 4.46s, train_loss1: 26.6068, train_loss2: 31.1887]
Thu 26 Jan 2023 18:11:01 INFO  epoch 19 evaluating [time: 0.23s, valid_score: 0.019200]
Thu 26 Jan 2023 18:11:01 INFO  valid result: 
recall@10 : 0.0056    mrr@10 : 0.0192    ndcg@10 : 0.0075    hit@10 : 0.07    precision@10 : 0.0073
Thu 26 Jan 2023 18:11:01 INFO  Saving current: saved/KGAT-Jan-26-2023_18-09-28.pth
Thu 26 Jan 2023 18:11:06 INFO  epoch 20 training [time: 4.66s, train_loss1: 26.5760, train_loss2: 31.1891]
Thu 26 Jan 2023 18:11:06 INFO  epoch 20 evaluating [time: 0.20s, valid_score: 0.019300]
Thu 26 Jan 2023 18:11:06 INFO  valid result: 
recall@10 : 0.006    mrr@10 : 0.0193    ndcg@10 : 0.0077    hit@10 : 0.0721    precision@10 : 0.0075
Thu 26 Jan 2023 18:11:06 INFO  Saving current: saved/KGAT-Jan-26-2023_18-09-28.pth
Thu 26 Jan 2023 18:11:10 INFO  epoch 21 training [time: 4.53s, train_loss1: 26.5971, train_loss2: 31.1886]
Thu 26 Jan 2023 18:11:11 INFO  epoch 21 evaluating [time: 0.19s, valid_score: 0.019300]
Thu 26 Jan 2023 18:11:11 INFO  valid result: 
recall@10 : 0.006    mrr@10 : 0.0193    ndcg@10 : 0.0077    hit@10 : 0.0721    precision@10 : 0.0075
Thu 26 Jan 2023 18:11:11 INFO  Saving current: saved/KGAT-Jan-26-2023_18-09-28.pth
Thu 26 Jan 2023 18:11:15 INFO  epoch 22 training [time: 4.60s, train_loss1: 26.6006, train_loss2: 31.1888]
Thu 26 Jan 2023 18:11:15 INFO  epoch 22 evaluating [time: 0.20s, valid_score: 0.019000]
Thu 26 Jan 2023 18:11:15 INFO  valid result: 
recall@10 : 0.006    mrr@10 : 0.019    ndcg@10 : 0.0077    hit@10 : 0.0721    precision@10 : 0.0075
Thu 26 Jan 2023 18:11:20 INFO  epoch 23 training [time: 4.58s, train_loss1: 26.5753, train_loss2: 31.1885]
Thu 26 Jan 2023 18:11:20 INFO  epoch 23 evaluating [time: 0.20s, valid_score: 0.019300]
Thu 26 Jan 2023 18:11:20 INFO  valid result: 
recall@10 : 0.006    mrr@10 : 0.0193    ndcg@10 : 0.0077    hit@10 : 0.0721    precision@10 : 0.0075
Thu 26 Jan 2023 18:11:20 INFO  Saving current: saved/KGAT-Jan-26-2023_18-09-28.pth
Thu 26 Jan 2023 18:11:25 INFO  epoch 24 training [time: 4.82s, train_loss1: 26.5570, train_loss2: 31.1887]
Thu 26 Jan 2023 18:11:25 INFO  epoch 24 evaluating [time: 0.24s, valid_score: 0.019400]
Thu 26 Jan 2023 18:11:25 INFO  valid result: 
recall@10 : 0.006    mrr@10 : 0.0194    ndcg@10 : 0.0077    hit@10 : 0.0721    precision@10 : 0.0075
Thu 26 Jan 2023 18:11:25 INFO  Saving current: saved/KGAT-Jan-26-2023_18-09-28.pth
Thu 26 Jan 2023 18:11:30 INFO  epoch 25 training [time: 4.56s, train_loss1: 26.5586, train_loss2: 31.1883]
Thu 26 Jan 2023 18:11:30 INFO  epoch 25 evaluating [time: 0.23s, valid_score: 0.019500]
Thu 26 Jan 2023 18:11:30 INFO  valid result: 
recall@10 : 0.0059    mrr@10 : 0.0195    ndcg@10 : 0.0077    hit@10 : 0.071    precision@10 : 0.0074
Thu 26 Jan 2023 18:11:30 INFO  Saving current: saved/KGAT-Jan-26-2023_18-09-28.pth
Thu 26 Jan 2023 18:11:34 INFO  epoch 26 training [time: 4.19s, train_loss1: 26.5394, train_loss2: 31.1884]
Thu 26 Jan 2023 18:11:35 INFO  epoch 26 evaluating [time: 0.20s, valid_score: 0.019500]
Thu 26 Jan 2023 18:11:35 INFO  valid result: 
recall@10 : 0.0059    mrr@10 : 0.0195    ndcg@10 : 0.0077    hit@10 : 0.071    precision@10 : 0.0074
Thu 26 Jan 2023 18:11:35 INFO  Saving current: saved/KGAT-Jan-26-2023_18-09-28.pth
Thu 26 Jan 2023 18:11:39 INFO  epoch 27 training [time: 4.49s, train_loss1: 26.5365, train_loss2: 31.1885]
Thu 26 Jan 2023 18:11:39 INFO  epoch 27 evaluating [time: 0.19s, valid_score: 0.019600]
Thu 26 Jan 2023 18:11:39 INFO  valid result: 
recall@10 : 0.0059    mrr@10 : 0.0196    ndcg@10 : 0.0077    hit@10 : 0.071    precision@10 : 0.0074
Thu 26 Jan 2023 18:11:39 INFO  Saving current: saved/KGAT-Jan-26-2023_18-09-28.pth
Thu 26 Jan 2023 18:11:44 INFO  epoch 28 training [time: 4.55s, train_loss1: 26.5503, train_loss2: 31.1884]
Thu 26 Jan 2023 18:11:44 INFO  epoch 28 evaluating [time: 0.20s, valid_score: 0.019600]
Thu 26 Jan 2023 18:11:44 INFO  valid result: 
recall@10 : 0.0059    mrr@10 : 0.0196    ndcg@10 : 0.0078    hit@10 : 0.071    precision@10 : 0.0074
Thu 26 Jan 2023 18:11:44 INFO  Saving current: saved/KGAT-Jan-26-2023_18-09-28.pth
Thu 26 Jan 2023 18:11:48 INFO  epoch 29 training [time: 4.22s, train_loss1: 26.5259, train_loss2: 31.1886]
Thu 26 Jan 2023 18:11:49 INFO  epoch 29 evaluating [time: 0.23s, valid_score: 0.019600]
Thu 26 Jan 2023 18:11:49 INFO  valid result: 
recall@10 : 0.0059    mrr@10 : 0.0196    ndcg@10 : 0.0078    hit@10 : 0.071    precision@10 : 0.0074
Thu 26 Jan 2023 18:11:49 INFO  Saving current: saved/KGAT-Jan-26-2023_18-09-28.pth
Thu 26 Jan 2023 18:11:52 INFO  epoch 30 training [time: 3.83s, train_loss1: 26.5266, train_loss2: 31.1886]
Thu 26 Jan 2023 18:11:53 INFO  epoch 30 evaluating [time: 0.22s, valid_score: 0.019700]
Thu 26 Jan 2023 18:11:53 INFO  valid result: 
recall@10 : 0.0059    mrr@10 : 0.0197    ndcg@10 : 0.0078    hit@10 : 0.071    precision@10 : 0.0074
Thu 26 Jan 2023 18:11:53 INFO  Saving current: saved/KGAT-Jan-26-2023_18-09-28.pth
Thu 26 Jan 2023 18:11:57 INFO  epoch 31 training [time: 4.26s, train_loss1: 26.5289, train_loss2: 31.1885]
Thu 26 Jan 2023 18:11:57 INFO  epoch 31 evaluating [time: 0.20s, valid_score: 0.020500]
Thu 26 Jan 2023 18:11:57 INFO  valid result: 
recall@10 : 0.0062    mrr@10 : 0.0205    ndcg@10 : 0.008    hit@10 : 0.0721    precision@10 : 0.0075
Thu 26 Jan 2023 18:11:57 INFO  Saving current: saved/KGAT-Jan-26-2023_18-09-28.pth
Thu 26 Jan 2023 18:12:01 INFO  epoch 32 training [time: 4.28s, train_loss1: 26.5229, train_loss2: 31.1882]
Thu 26 Jan 2023 18:12:02 INFO  epoch 32 evaluating [time: 0.20s, valid_score: 0.020600]
Thu 26 Jan 2023 18:12:02 INFO  valid result: 
recall@10 : 0.0062    mrr@10 : 0.0206    ndcg@10 : 0.0081    hit@10 : 0.0732    precision@10 : 0.0076
Thu 26 Jan 2023 18:12:02 INFO  Saving current: saved/KGAT-Jan-26-2023_18-09-28.pth
Thu 26 Jan 2023 18:12:06 INFO  epoch 33 training [time: 4.61s, train_loss1: 26.5082, train_loss2: 31.1885]
Thu 26 Jan 2023 18:12:07 INFO  epoch 33 evaluating [time: 0.22s, valid_score: 0.020800]
Thu 26 Jan 2023 18:12:07 INFO  valid result: 
recall@10 : 0.0062    mrr@10 : 0.0208    ndcg@10 : 0.0081    hit@10 : 0.0732    precision@10 : 0.0076
Thu 26 Jan 2023 18:12:07 INFO  Saving current: saved/KGAT-Jan-26-2023_18-09-28.pth
Thu 26 Jan 2023 18:12:11 INFO  epoch 34 training [time: 4.49s, train_loss1: 26.5092, train_loss2: 31.1885]
Thu 26 Jan 2023 18:12:11 INFO  epoch 34 evaluating [time: 0.22s, valid_score: 0.020800]
Thu 26 Jan 2023 18:12:11 INFO  valid result: 
recall@10 : 0.0062    mrr@10 : 0.0208    ndcg@10 : 0.0081    hit@10 : 0.0732    precision@10 : 0.0076
Thu 26 Jan 2023 18:12:11 INFO  Saving current: saved/KGAT-Jan-26-2023_18-09-28.pth
Thu 26 Jan 2023 18:12:16 INFO  epoch 35 training [time: 4.54s, train_loss1: 26.4994, train_loss2: 31.1885]
Thu 26 Jan 2023 18:12:16 INFO  epoch 35 evaluating [time: 0.20s, valid_score: 0.020900]
Thu 26 Jan 2023 18:12:16 INFO  valid result: 
recall@10 : 0.0062    mrr@10 : 0.0209    ndcg@10 : 0.0081    hit@10 : 0.0732    precision@10 : 0.0076
Thu 26 Jan 2023 18:12:16 INFO  Saving current: saved/KGAT-Jan-26-2023_18-09-28.pth
Thu 26 Jan 2023 18:12:20 INFO  epoch 36 training [time: 4.19s, train_loss1: 26.4995, train_loss2: 31.1878]
Thu 26 Jan 2023 18:12:21 INFO  epoch 36 evaluating [time: 0.20s, valid_score: 0.021300]
Thu 26 Jan 2023 18:12:21 INFO  valid result: 
recall@10 : 0.0062    mrr@10 : 0.0213    ndcg@10 : 0.0082    hit@10 : 0.0721    precision@10 : 0.0075
Thu 26 Jan 2023 18:12:21 INFO  Saving current: saved/KGAT-Jan-26-2023_18-09-28.pth
Thu 26 Jan 2023 18:12:25 INFO  epoch 37 training [time: 4.37s, train_loss1: 26.4984, train_loss2: 31.1881]
Thu 26 Jan 2023 18:12:25 INFO  epoch 37 evaluating [time: 0.20s, valid_score: 0.021500]
Thu 26 Jan 2023 18:12:25 INFO  valid result: 
recall@10 : 0.0062    mrr@10 : 0.0215    ndcg@10 : 0.0082    hit@10 : 0.0721    precision@10 : 0.0075
Thu 26 Jan 2023 18:12:25 INFO  Saving current: saved/KGAT-Jan-26-2023_18-09-28.pth
Thu 26 Jan 2023 18:12:30 INFO  epoch 38 training [time: 4.36s, train_loss1: 26.4778, train_loss2: 31.1881]
Thu 26 Jan 2023 18:12:30 INFO  epoch 38 evaluating [time: 0.21s, valid_score: 0.021600]
Thu 26 Jan 2023 18:12:30 INFO  valid result: 
recall@10 : 0.0063    mrr@10 : 0.0216    ndcg@10 : 0.0083    hit@10 : 0.0732    precision@10 : 0.0076
Thu 26 Jan 2023 18:12:30 INFO  Saving current: saved/KGAT-Jan-26-2023_18-09-28.pth
Thu 26 Jan 2023 18:12:34 INFO  epoch 39 training [time: 4.28s, train_loss1: 26.4839, train_loss2: 31.1879]
Thu 26 Jan 2023 18:12:34 INFO  epoch 39 evaluating [time: 0.21s, valid_score: 0.021500]
Thu 26 Jan 2023 18:12:34 INFO  valid result: 
recall@10 : 0.0063    mrr@10 : 0.0215    ndcg@10 : 0.0083    hit@10 : 0.0732    precision@10 : 0.0076
Thu 26 Jan 2023 18:12:39 INFO  epoch 40 training [time: 4.72s, train_loss1: 26.4570, train_loss2: 31.1880]
Thu 26 Jan 2023 18:12:39 INFO  epoch 40 evaluating [time: 0.20s, valid_score: 0.021600]
Thu 26 Jan 2023 18:12:39 INFO  valid result: 
recall@10 : 0.0063    mrr@10 : 0.0216    ndcg@10 : 0.0083    hit@10 : 0.0732    precision@10 : 0.0076
Thu 26 Jan 2023 18:12:39 INFO  Saving current: saved/KGAT-Jan-26-2023_18-09-28.pth
Thu 26 Jan 2023 18:12:44 INFO  epoch 41 training [time: 4.50s, train_loss1: 26.4718, train_loss2: 31.1877]
Thu 26 Jan 2023 18:12:44 INFO  epoch 41 evaluating [time: 0.19s, valid_score: 0.021700]
Thu 26 Jan 2023 18:12:44 INFO  valid result: 
recall@10 : 0.0063    mrr@10 : 0.0217    ndcg@10 : 0.0083    hit@10 : 0.0732    precision@10 : 0.0076
Thu 26 Jan 2023 18:12:44 INFO  Saving current: saved/KGAT-Jan-26-2023_18-09-28.pth
Thu 26 Jan 2023 18:12:48 INFO  epoch 42 training [time: 4.33s, train_loss1: 26.4574, train_loss2: 31.1880]
Thu 26 Jan 2023 18:12:49 INFO  epoch 42 evaluating [time: 0.19s, valid_score: 0.021700]
Thu 26 Jan 2023 18:12:49 INFO  valid result: 
recall@10 : 0.0069    mrr@10 : 0.0217    ndcg@10 : 0.0085    hit@10 : 0.0742    precision@10 : 0.0077
Thu 26 Jan 2023 18:12:49 INFO  Saving current: saved/KGAT-Jan-26-2023_18-09-28.pth
Thu 26 Jan 2023 18:12:53 INFO  epoch 43 training [time: 4.60s, train_loss1: 26.4476, train_loss2: 31.1877]
Thu 26 Jan 2023 18:12:53 INFO  epoch 43 evaluating [time: 0.19s, valid_score: 0.021700]
Thu 26 Jan 2023 18:12:53 INFO  valid result: 
recall@10 : 0.0063    mrr@10 : 0.0217    ndcg@10 : 0.0084    hit@10 : 0.0732    precision@10 : 0.0076
Thu 26 Jan 2023 18:12:53 INFO  Saving current: saved/KGAT-Jan-26-2023_18-09-28.pth
Thu 26 Jan 2023 18:12:58 INFO  epoch 44 training [time: 4.57s, train_loss1: 26.4550, train_loss2: 31.1877]
Thu 26 Jan 2023 18:12:58 INFO  epoch 44 evaluating [time: 0.19s, valid_score: 0.021800]
Thu 26 Jan 2023 18:12:58 INFO  valid result: 
recall@10 : 0.0063    mrr@10 : 0.0218    ndcg@10 : 0.0084    hit@10 : 0.0732    precision@10 : 0.0076
Thu 26 Jan 2023 18:12:58 INFO  Saving current: saved/KGAT-Jan-26-2023_18-09-28.pth
Thu 26 Jan 2023 18:13:03 INFO  epoch 45 training [time: 4.51s, train_loss1: 26.4375, train_loss2: 31.1884]
Thu 26 Jan 2023 18:13:03 INFO  epoch 45 evaluating [time: 0.19s, valid_score: 0.022000]
Thu 26 Jan 2023 18:13:03 INFO  valid result: 
recall@10 : 0.0067    mrr@10 : 0.022    ndcg@10 : 0.0085    hit@10 : 0.0742    precision@10 : 0.0077
Thu 26 Jan 2023 18:13:03 INFO  Saving current: saved/KGAT-Jan-26-2023_18-09-28.pth
Thu 26 Jan 2023 18:13:07 INFO  epoch 46 training [time: 4.50s, train_loss1: 26.4533, train_loss2: 31.1880]
Thu 26 Jan 2023 18:13:08 INFO  epoch 46 evaluating [time: 0.21s, valid_score: 0.023000]
Thu 26 Jan 2023 18:13:08 INFO  valid result: 
recall@10 : 0.0068    mrr@10 : 0.023    ndcg@10 : 0.0088    hit@10 : 0.0753    precision@10 : 0.0078
Thu 26 Jan 2023 18:13:08 INFO  Saving current: saved/KGAT-Jan-26-2023_18-09-28.pth
Thu 26 Jan 2023 18:13:13 INFO  epoch 47 training [time: 4.81s, train_loss1: 26.4110, train_loss2: 31.1876]
Thu 26 Jan 2023 18:13:13 INFO  epoch 47 evaluating [time: 0.19s, valid_score: 0.022600]
Thu 26 Jan 2023 18:13:13 INFO  valid result: 
recall@10 : 0.0072    mrr@10 : 0.0226    ndcg@10 : 0.0088    hit@10 : 0.0753    precision@10 : 0.0078
Thu 26 Jan 2023 18:13:17 INFO  epoch 48 training [time: 4.54s, train_loss1: 26.4320, train_loss2: 31.1879]
Thu 26 Jan 2023 18:13:17 INFO  epoch 48 evaluating [time: 0.19s, valid_score: 0.023000]
Thu 26 Jan 2023 18:13:17 INFO  valid result: 
recall@10 : 0.0067    mrr@10 : 0.023    ndcg@10 : 0.0087    hit@10 : 0.0742    precision@10 : 0.0077
Thu 26 Jan 2023 18:13:18 INFO  Saving current: saved/KGAT-Jan-26-2023_18-09-28.pth
Thu 26 Jan 2023 18:13:22 INFO  epoch 49 training [time: 4.19s, train_loss1: 26.4316, train_loss2: 31.1878]
Thu 26 Jan 2023 18:13:22 INFO  epoch 49 evaluating [time: 0.20s, valid_score: 0.023000]
Thu 26 Jan 2023 18:13:22 INFO  valid result: 
recall@10 : 0.0067    mrr@10 : 0.023    ndcg@10 : 0.0087    hit@10 : 0.0742    precision@10 : 0.0077
Thu 26 Jan 2023 18:13:22 INFO  Saving current: saved/KGAT-Jan-26-2023_18-09-28.pth
Thu 26 Jan 2023 18:13:26 INFO  epoch 50 training [time: 4.33s, train_loss1: 26.4086, train_loss2: 31.1878]
Thu 26 Jan 2023 18:13:26 INFO  epoch 50 evaluating [time: 0.20s, valid_score: 0.023000]
Thu 26 Jan 2023 18:13:26 INFO  valid result: 
recall@10 : 0.0067    mrr@10 : 0.023    ndcg@10 : 0.0087    hit@10 : 0.0742    precision@10 : 0.0077
Thu 26 Jan 2023 18:13:27 INFO  Saving current: saved/KGAT-Jan-26-2023_18-09-28.pth
Thu 26 Jan 2023 18:13:31 INFO  epoch 51 training [time: 4.21s, train_loss1: 26.4184, train_loss2: 31.1877]
Thu 26 Jan 2023 18:13:31 INFO  epoch 51 evaluating [time: 0.20s, valid_score: 0.023300]
Thu 26 Jan 2023 18:13:31 INFO  valid result: 
recall@10 : 0.0068    mrr@10 : 0.0233    ndcg@10 : 0.0089    hit@10 : 0.0764    precision@10 : 0.008
Thu 26 Jan 2023 18:13:31 INFO  Saving current: saved/KGAT-Jan-26-2023_18-09-28.pth
Thu 26 Jan 2023 18:13:36 INFO  epoch 52 training [time: 4.53s, train_loss1: 26.3977, train_loss2: 31.1877]
Thu 26 Jan 2023 18:13:36 INFO  epoch 52 evaluating [time: 0.20s, valid_score: 0.023800]
Thu 26 Jan 2023 18:13:36 INFO  valid result: 
recall@10 : 0.007    mrr@10 : 0.0238    ndcg@10 : 0.009    hit@10 : 0.0774    precision@10 : 0.0081
Thu 26 Jan 2023 18:13:36 INFO  Saving current: saved/KGAT-Jan-26-2023_18-09-28.pth
Thu 26 Jan 2023 18:13:40 INFO  epoch 53 training [time: 4.20s, train_loss1: 26.3858, train_loss2: 31.1879]
Thu 26 Jan 2023 18:13:40 INFO  epoch 53 evaluating [time: 0.19s, valid_score: 0.024300]
Thu 26 Jan 2023 18:13:40 INFO  valid result: 
recall@10 : 0.0071    mrr@10 : 0.0243    ndcg@10 : 0.0092    hit@10 : 0.0785    precision@10 : 0.0082
Thu 26 Jan 2023 18:13:40 INFO  Saving current: saved/KGAT-Jan-26-2023_18-09-28.pth
Thu 26 Jan 2023 18:13:44 INFO  epoch 54 training [time: 4.20s, train_loss1: 26.3822, train_loss2: 31.1874]
Thu 26 Jan 2023 18:13:45 INFO  epoch 54 evaluating [time: 0.22s, valid_score: 0.024100]
Thu 26 Jan 2023 18:13:45 INFO  valid result: 
recall@10 : 0.0071    mrr@10 : 0.0241    ndcg@10 : 0.0091    hit@10 : 0.0785    precision@10 : 0.0082
Thu 26 Jan 2023 18:13:49 INFO  epoch 55 training [time: 4.32s, train_loss1: 26.3769, train_loss2: 31.1877]
Thu 26 Jan 2023 18:13:49 INFO  epoch 55 evaluating [time: 0.19s, valid_score: 0.024200]
Thu 26 Jan 2023 18:13:49 INFO  valid result: 
recall@10 : 0.0071    mrr@10 : 0.0242    ndcg@10 : 0.0092    hit@10 : 0.0785    precision@10 : 0.0082
Thu 26 Jan 2023 18:13:53 INFO  epoch 56 training [time: 4.26s, train_loss1: 26.3712, train_loss2: 31.1876]
Thu 26 Jan 2023 18:13:54 INFO  epoch 56 evaluating [time: 0.20s, valid_score: 0.024300]
Thu 26 Jan 2023 18:13:54 INFO  valid result: 
recall@10 : 0.0071    mrr@10 : 0.0243    ndcg@10 : 0.0092    hit@10 : 0.0785    precision@10 : 0.0082
Thu 26 Jan 2023 18:13:54 INFO  Saving current: saved/KGAT-Jan-26-2023_18-09-28.pth
Thu 26 Jan 2023 18:13:58 INFO  epoch 57 training [time: 4.11s, train_loss1: 26.3580, train_loss2: 31.1876]
Thu 26 Jan 2023 18:13:58 INFO  epoch 57 evaluating [time: 0.19s, valid_score: 0.023800]
Thu 26 Jan 2023 18:13:58 INFO  valid result: 
recall@10 : 0.0071    mrr@10 : 0.0238    ndcg@10 : 0.0091    hit@10 : 0.0785    precision@10 : 0.0082
Thu 26 Jan 2023 18:14:02 INFO  epoch 58 training [time: 4.51s, train_loss1: 26.3686, train_loss2: 31.1875]
Thu 26 Jan 2023 18:14:03 INFO  epoch 58 evaluating [time: 0.19s, valid_score: 0.024000]
Thu 26 Jan 2023 18:14:03 INFO  valid result: 
recall@10 : 0.0072    mrr@10 : 0.024    ndcg@10 : 0.0092    hit@10 : 0.0795    precision@10 : 0.0083
Thu 26 Jan 2023 18:14:07 INFO  epoch 59 training [time: 4.07s, train_loss1: 26.3678, train_loss2: 31.1874]
Thu 26 Jan 2023 18:14:07 INFO  epoch 59 evaluating [time: 0.20s, valid_score: 0.023600]
Thu 26 Jan 2023 18:14:07 INFO  valid result: 
recall@10 : 0.0071    mrr@10 : 0.0236    ndcg@10 : 0.0092    hit@10 : 0.0785    precision@10 : 0.0083
Thu 26 Jan 2023 18:14:11 INFO  epoch 60 training [time: 4.56s, train_loss1: 26.3438, train_loss2: 31.1871]
Thu 26 Jan 2023 18:14:12 INFO  epoch 60 evaluating [time: 0.20s, valid_score: 0.024000]
Thu 26 Jan 2023 18:14:12 INFO  valid result: 
recall@10 : 0.0075    mrr@10 : 0.024    ndcg@10 : 0.0094    hit@10 : 0.0795    precision@10 : 0.0084
Thu 26 Jan 2023 18:14:16 INFO  epoch 61 training [time: 4.42s, train_loss1: 26.3501, train_loss2: 31.1873]
Thu 26 Jan 2023 18:14:16 INFO  epoch 61 evaluating [time: 0.19s, valid_score: 0.024200]
Thu 26 Jan 2023 18:14:16 INFO  valid result: 
recall@10 : 0.007    mrr@10 : 0.0242    ndcg@10 : 0.0092    hit@10 : 0.0774    precision@10 : 0.0082
Thu 26 Jan 2023 18:14:21 INFO  epoch 62 training [time: 4.23s, train_loss1: 26.3341, train_loss2: 31.1872]
Thu 26 Jan 2023 18:14:21 INFO  epoch 62 evaluating [time: 0.20s, valid_score: 0.024000]
Thu 26 Jan 2023 18:14:21 INFO  valid result: 
recall@10 : 0.0074    mrr@10 : 0.024    ndcg@10 : 0.0093    hit@10 : 0.0785    precision@10 : 0.0083
Thu 26 Jan 2023 18:14:25 INFO  epoch 63 training [time: 4.14s, train_loss1: 26.3318, train_loss2: 31.1876]
Thu 26 Jan 2023 18:14:25 INFO  epoch 63 evaluating [time: 0.19s, valid_score: 0.024500]
Thu 26 Jan 2023 18:14:25 INFO  valid result: 
recall@10 : 0.0075    mrr@10 : 0.0245    ndcg@10 : 0.0094    hit@10 : 0.0795    precision@10 : 0.0084
Thu 26 Jan 2023 18:14:25 INFO  Saving current: saved/KGAT-Jan-26-2023_18-09-28.pth
Thu 26 Jan 2023 18:14:29 INFO  epoch 64 training [time: 4.28s, train_loss1: 26.3154, train_loss2: 31.1873]
Thu 26 Jan 2023 18:14:30 INFO  epoch 64 evaluating [time: 0.20s, valid_score: 0.024600]
Thu 26 Jan 2023 18:14:30 INFO  valid result: 
recall@10 : 0.0075    mrr@10 : 0.0246    ndcg@10 : 0.0095    hit@10 : 0.0795    precision@10 : 0.0085
Thu 26 Jan 2023 18:14:30 INFO  Saving current: saved/KGAT-Jan-26-2023_18-09-28.pth
Thu 26 Jan 2023 18:14:34 INFO  epoch 65 training [time: 4.47s, train_loss1: 26.3247, train_loss2: 31.1874]
Thu 26 Jan 2023 18:14:34 INFO  epoch 65 evaluating [time: 0.19s, valid_score: 0.023700]
Thu 26 Jan 2023 18:14:34 INFO  valid result: 
recall@10 : 0.0075    mrr@10 : 0.0237    ndcg@10 : 0.0094    hit@10 : 0.0795    precision@10 : 0.0085
Thu 26 Jan 2023 18:14:39 INFO  epoch 66 training [time: 4.50s, train_loss1: 26.3264, train_loss2: 31.1873]
Thu 26 Jan 2023 18:14:39 INFO  epoch 66 evaluating [time: 0.19s, valid_score: 0.024400]
Thu 26 Jan 2023 18:14:39 INFO  valid result: 
recall@10 : 0.0075    mrr@10 : 0.0244    ndcg@10 : 0.0095    hit@10 : 0.0795    precision@10 : 0.0085
Thu 26 Jan 2023 18:14:43 INFO  epoch 67 training [time: 4.47s, train_loss1: 26.3106, train_loss2: 31.1871]
Thu 26 Jan 2023 18:14:44 INFO  epoch 67 evaluating [time: 0.19s, valid_score: 0.024400]
Thu 26 Jan 2023 18:14:44 INFO  valid result: 
recall@10 : 0.0076    mrr@10 : 0.0244    ndcg@10 : 0.0095    hit@10 : 0.0806    precision@10 : 0.0086
Thu 26 Jan 2023 18:14:48 INFO  epoch 68 training [time: 4.51s, train_loss1: 26.2999, train_loss2: 31.1874]
Thu 26 Jan 2023 18:14:48 INFO  epoch 68 evaluating [time: 0.19s, valid_score: 0.024600]
Thu 26 Jan 2023 18:14:48 INFO  valid result: 
recall@10 : 0.0076    mrr@10 : 0.0246    ndcg@10 : 0.0096    hit@10 : 0.0795    precision@10 : 0.0085
Thu 26 Jan 2023 18:14:48 INFO  Saving current: saved/KGAT-Jan-26-2023_18-09-28.pth
Thu 26 Jan 2023 18:14:53 INFO  epoch 69 training [time: 4.60s, train_loss1: 26.3100, train_loss2: 31.1869]
Thu 26 Jan 2023 18:14:53 INFO  epoch 69 evaluating [time: 0.19s, valid_score: 0.024300]
Thu 26 Jan 2023 18:14:53 INFO  valid result: 
recall@10 : 0.0078    mrr@10 : 0.0243    ndcg@10 : 0.0096    hit@10 : 0.0817    precision@10 : 0.0087
Thu 26 Jan 2023 18:14:57 INFO  epoch 70 training [time: 4.20s, train_loss1: 26.2925, train_loss2: 31.1874]
Thu 26 Jan 2023 18:14:58 INFO  epoch 70 evaluating [time: 0.20s, valid_score: 0.024200]
Thu 26 Jan 2023 18:14:58 INFO  valid result: 
recall@10 : 0.0077    mrr@10 : 0.0242    ndcg@10 : 0.0096    hit@10 : 0.0806    precision@10 : 0.0087
Thu 26 Jan 2023 18:15:02 INFO  epoch 71 training [time: 4.29s, train_loss1: 26.2976, train_loss2: 31.1865]
Thu 26 Jan 2023 18:15:02 INFO  epoch 71 evaluating [time: 0.20s, valid_score: 0.024200]
Thu 26 Jan 2023 18:15:02 INFO  valid result: 
recall@10 : 0.0078    mrr@10 : 0.0242    ndcg@10 : 0.0096    hit@10 : 0.0817    precision@10 : 0.0087
Thu 26 Jan 2023 18:15:06 INFO  epoch 72 training [time: 4.41s, train_loss1: 26.2735, train_loss2: 31.1869]
Thu 26 Jan 2023 18:15:07 INFO  epoch 72 evaluating [time: 0.19s, valid_score: 0.024300]
Thu 26 Jan 2023 18:15:07 INFO  valid result: 
recall@10 : 0.0078    mrr@10 : 0.0243    ndcg@10 : 0.0096    hit@10 : 0.0827    precision@10 : 0.0088
Thu 26 Jan 2023 18:15:11 INFO  epoch 73 training [time: 4.07s, train_loss1: 26.2903, train_loss2: 31.1868]
Thu 26 Jan 2023 18:15:11 INFO  epoch 73 evaluating [time: 0.19s, valid_score: 0.024200]
Thu 26 Jan 2023 18:15:11 INFO  valid result: 
recall@10 : 0.0078    mrr@10 : 0.0242    ndcg@10 : 0.0097    hit@10 : 0.0827    precision@10 : 0.0089
Thu 26 Jan 2023 18:15:15 INFO  epoch 74 training [time: 4.40s, train_loss1: 26.2758, train_loss2: 31.1870]
Thu 26 Jan 2023 18:15:16 INFO  epoch 74 evaluating [time: 0.19s, valid_score: 0.024200]
Thu 26 Jan 2023 18:15:16 INFO  valid result: 
recall@10 : 0.0078    mrr@10 : 0.0242    ndcg@10 : 0.0096    hit@10 : 0.0827    precision@10 : 0.0088
Thu 26 Jan 2023 18:15:20 INFO  epoch 75 training [time: 4.34s, train_loss1: 26.2701, train_loss2: 31.1869]
Thu 26 Jan 2023 18:15:20 INFO  epoch 75 evaluating [time: 0.19s, valid_score: 0.024200]
Thu 26 Jan 2023 18:15:20 INFO  valid result: 
recall@10 : 0.008    mrr@10 : 0.0242    ndcg@10 : 0.0097    hit@10 : 0.0838    precision@10 : 0.0089
Thu 26 Jan 2023 18:15:24 INFO  epoch 76 training [time: 4.32s, train_loss1: 26.2636, train_loss2: 31.1868]
Thu 26 Jan 2023 18:15:25 INFO  epoch 76 evaluating [time: 0.19s, valid_score: 0.024300]
Thu 26 Jan 2023 18:15:25 INFO  valid result: 
recall@10 : 0.008    mrr@10 : 0.0243    ndcg@10 : 0.0097    hit@10 : 0.0838    precision@10 : 0.0089
Thu 26 Jan 2023 18:15:29 INFO  epoch 77 training [time: 4.34s, train_loss1: 26.2683, train_loss2: 31.1871]
Thu 26 Jan 2023 18:15:29 INFO  epoch 77 evaluating [time: 0.20s, valid_score: 0.024000]
Thu 26 Jan 2023 18:15:29 INFO  valid result: 
recall@10 : 0.0078    mrr@10 : 0.024    ndcg@10 : 0.0095    hit@10 : 0.0817    precision@10 : 0.0087
Thu 26 Jan 2023 18:15:33 INFO  epoch 78 training [time: 4.30s, train_loss1: 26.2425, train_loss2: 31.1870]
Thu 26 Jan 2023 18:15:34 INFO  epoch 78 evaluating [time: 0.19s, valid_score: 0.024200]
Thu 26 Jan 2023 18:15:34 INFO  valid result: 
recall@10 : 0.008    mrr@10 : 0.0242    ndcg@10 : 0.0098    hit@10 : 0.0838    precision@10 : 0.009
Thu 26 Jan 2023 18:15:38 INFO  epoch 79 training [time: 3.94s, train_loss1: 26.2379, train_loss2: 31.1869]
Thu 26 Jan 2023 18:15:38 INFO  epoch 79 evaluating [time: 0.19s, valid_score: 0.024000]
Thu 26 Jan 2023 18:15:38 INFO  valid result: 
recall@10 : 0.0078    mrr@10 : 0.024    ndcg@10 : 0.0097    hit@10 : 0.0827    precision@10 : 0.0089
Thu 26 Jan 2023 18:15:38 INFO  Finished training, best eval result in epoch 68
Thu 26 Jan 2023 18:15:38 INFO  Loading model structure and parameters from saved/KGAT-Jan-26-2023_18-09-28.pth
Thu 26 Jan 2023 18:15:38 INFO  best valid : OrderedDict([('recall@10', 0.0076), ('mrr@10', 0.0246), ('ndcg@10', 0.0096), ('hit@10', 0.0795), ('precision@10', 0.0085)])
Thu 26 Jan 2023 18:15:38 INFO  test result: OrderedDict([('recall@10', 0.0086), ('mrr@10', 0.0211), ('ndcg@10', 0.0093), ('hit@10', 0.0721), ('precision@10', 0.0077)])
