Thu 26 Jan 2023 12:55:34 INFO  ['recbole_test.py']
Thu 26 Jan 2023 12:55:34 INFO  
General Hyper Parameters:
gpu_id = 0
use_gpu = True
seed = 2020
state = INFO
reproducibility = True
data_path = /work/03/gu14/k36095/kgat_bai/recbole/config/../dataset_example/ml-100k
checkpoint_dir = saved
show_progress = True
save_dataset = True
dataset_save_path = None
save_dataloaders = False
dataloaders_save_path = None
log_wandb = False

Training Hyper Parameters:
epochs = 300
train_batch_size = 2048
learner = adam
learning_rate = 0.001
train_neg_sample_args = {'distribution': 'uniform', 'sample_num': 1, 'alpha': 1.0, 'dynamic': False, 'candidate_num': 0}
eval_step = 1
stopping_step = 10
clip_grad_norm = None
weight_decay = 0.0
loss_decimal_place = 4

Evaluation Hyper Parameters:
eval_args = {'split': {'RS': [0.8, 0.1, 0.1]}, 'group_by': 'user', 'order': 'RO', 'mode': 'full'}
repeatable = False
metrics = ['Recall', 'MRR', 'NDCG', 'Hit', 'Precision']
topk = [10]
valid_metric = MRR@10
valid_metric_bigger = True
eval_batch_size = 4096
metric_decimal_place = 4

Dataset Hyper Parameters:
field_separator = 	
seq_separator =  
USER_ID_FIELD = user_id
ITEM_ID_FIELD = item_id
RATING_FIELD = rating
TIME_FIELD = timestamp
seq_len = None
LABEL_FIELD = label
threshold = None
NEG_PREFIX = neg_
load_col = {'inter': ['user_id', 'item_id', 'rating', 'timestamp'], 'kg': ['head_id', 'relation_id', 'tail_id'], 'link': ['item_id', 'entity_id']}
unload_col = None
unused_col = None
additional_feat_suffix = None
rm_dup_inter = None
val_interval = None
filter_inter_by_user_or_item = True
user_inter_num_interval = None
item_inter_num_interval = None
alias_of_user_id = None
alias_of_item_id = None
alias_of_entity_id = None
alias_of_relation_id = None
preload_weight = None
normalize_field = None
normalize_all = True
ITEM_LIST_LENGTH_FIELD = item_length
LIST_SUFFIX = _list
MAX_ITEM_LIST_LENGTH = 50
POSITION_FIELD = position_id
HEAD_ENTITY_ID_FIELD = head_id
TAIL_ENTITY_ID_FIELD = tail_id
RELATION_ID_FIELD = relation_id
ENTITY_ID_FIELD = entity_id
kg_reverse_r = False
entity_kg_num_interval = [0,inf)
relation_kg_num_interval = [0,inf)
benchmark_filename = None

Other Hyper Parameters: 
worker = 0
wandb_project = recbole
shuffle = True
require_pow = False
enable_amp = False
enable_scaler = False
transform = None
embedding_size = 64
kg_embedding_size = 64
layers = [64]
mess_dropout = 0.1
reg_weight = 1e-05
aggregator_type = graphsage
numerical_features = []
discretization = None
MODEL_TYPE = ModelType.KNOWLEDGE
MODEL_INPUT_TYPE = InputType.PAIRWISE
eval_type = EvaluatorType.RANKING
single_spec = True
local_rank = 0
device = cpu
eval_neg_sample_args = {'distribution': 'uniform', 'sample_num': 'none'}


Thu 26 Jan 2023 12:55:35 INFO  Saving filtered dataset into [saved/ml-100k-dataset.pth]
Thu 26 Jan 2023 12:55:35 INFO  ml-100k
The number of users: 944
Average actions of users: 103.4506892895016
The number of items: 1599
Average actions of items: 61.04755944931164
The number of inters: 97554
The sparsity of the dataset: 93.53714185772888%
Remain Fields: ['entity_id', 'user_id', 'item_id', 'rating', 'timestamp', 'head_id', 'relation_id', 'tail_id']
The number of entities: 34629
The number of relations: 26
The number of triples: 91631
The number of items that have been linked to KG: 1598
Thu 26 Jan 2023 12:55:36 INFO  [Training]: train_batch_size = [2048] train_neg_sample_args: [{'distribution': 'uniform', 'sample_num': 1, 'alpha': 1.0, 'dynamic': False, 'candidate_num': 0}]
Thu 26 Jan 2023 12:55:36 INFO  [Evaluation]: eval_batch_size = [4096] eval_args: [{'split': {'RS': [0.8, 0.1, 0.1]}, 'group_by': 'user', 'order': 'RO', 'mode': 'full'}]
Thu 26 Jan 2023 12:55:37 INFO  KGAT(
  (user_embedding): Embedding(944, 64)
  (entity_embedding): Embedding(34629, 64)
  (relation_embedding): Embedding(26, 64)
  (trans_w): Embedding(26, 4096)
  (aggregator_layers): ModuleList(
    (0): Aggregator(
      (message_dropout): Dropout(p=0.1, inplace=False)
      (W): Linear(in_features=128, out_features=64, bias=True)
      (activation): LeakyReLU(negative_slope=0.01)
    )
  )
  (tanh): Tanh()
  (mf_loss): BPRLoss()
  (reg_loss): EmbLoss()
)
Trainable parameters: 2393088
Thu 26 Jan 2023 12:55:37 INFO  FLOPs: 291414016.0
Thu 26 Jan 2023 12:55:42 INFO  epoch 0 training [time: 4.42s, train_loss1: 23.7237, train_loss2: 29.5182]
Thu 26 Jan 2023 12:55:42 INFO  epoch 0 evaluating [time: 0.19s, valid_score: 0.070000]
Thu 26 Jan 2023 12:55:42 INFO  valid result: 
recall@10 : 0.0238    mrr@10 : 0.07    ndcg@10 : 0.0302    hit@10 : 0.1951    precision@10 : 0.0251
Thu 26 Jan 2023 12:55:42 INFO  Saving current: saved/KGAT-Jan-26-2023_12-55-37.pth
Thu 26 Jan 2023 12:55:46 INFO  epoch 1 training [time: 4.14s, train_loss1: 19.7571, train_loss2: 18.8393]
Thu 26 Jan 2023 12:55:46 INFO  epoch 1 evaluating [time: 0.19s, valid_score: 0.161900]
Thu 26 Jan 2023 12:55:46 INFO  valid result: 
recall@10 : 0.0612    mrr@10 : 0.1619    ndcg@10 : 0.0777    hit@10 : 0.3871    precision@10 : 0.0626
Thu 26 Jan 2023 12:55:46 INFO  Saving current: saved/KGAT-Jan-26-2023_12-55-37.pth
Thu 26 Jan 2023 12:55:50 INFO  epoch 2 training [time: 3.82s, train_loss1: 17.3152, train_loss2: 12.6093]
Thu 26 Jan 2023 12:55:50 INFO  epoch 2 evaluating [time: 0.20s, valid_score: 0.126500]
Thu 26 Jan 2023 12:55:50 INFO  valid result: 
recall@10 : 0.0569    mrr@10 : 0.1265    ndcg@10 : 0.0651    hit@10 : 0.3669    precision@10 : 0.054
Thu 26 Jan 2023 12:55:54 INFO  epoch 3 training [time: 4.02s, train_loss1: 16.6745, train_loss2: 10.3151]
Thu 26 Jan 2023 12:55:55 INFO  epoch 3 evaluating [time: 0.19s, valid_score: 0.153100]
Thu 26 Jan 2023 12:55:55 INFO  valid result: 
recall@10 : 0.0808    mrr@10 : 0.1531    ndcg@10 : 0.0838    hit@10 : 0.4221    precision@10 : 0.0678
Thu 26 Jan 2023 12:55:58 INFO  epoch 4 training [time: 3.69s, train_loss1: 16.5176, train_loss2: 9.0226]
Thu 26 Jan 2023 12:55:59 INFO  epoch 4 evaluating [time: 0.20s, valid_score: 0.201200]
Thu 26 Jan 2023 12:55:59 INFO  valid result: 
recall@10 : 0.0951    mrr@10 : 0.2012    ndcg@10 : 0.1026    hit@10 : 0.4571    precision@10 : 0.0759
Thu 26 Jan 2023 12:55:59 INFO  Saving current: saved/KGAT-Jan-26-2023_12-55-37.pth
Thu 26 Jan 2023 12:56:03 INFO  epoch 5 training [time: 4.39s, train_loss1: 16.4015, train_loss2: 8.2751]
Thu 26 Jan 2023 12:56:03 INFO  epoch 5 evaluating [time: 0.19s, valid_score: 0.209900]
Thu 26 Jan 2023 12:56:03 INFO  valid result: 
recall@10 : 0.1097    mrr@10 : 0.2099    ndcg@10 : 0.1119    hit@10 : 0.4878    precision@10 : 0.081
Thu 26 Jan 2023 12:56:03 INFO  Saving current: saved/KGAT-Jan-26-2023_12-55-37.pth
Thu 26 Jan 2023 12:56:08 INFO  epoch 6 training [time: 4.23s, train_loss1: 16.1922, train_loss2: 7.8522]
Thu 26 Jan 2023 12:56:08 INFO  epoch 6 evaluating [time: 0.19s, valid_score: 0.233300]
Thu 26 Jan 2023 12:56:08 INFO  valid result: 
recall@10 : 0.1186    mrr@10 : 0.2333    ndcg@10 : 0.1228    hit@10 : 0.5249    precision@10 : 0.0877
Thu 26 Jan 2023 12:56:08 INFO  Saving current: saved/KGAT-Jan-26-2023_12-55-37.pth
Thu 26 Jan 2023 12:56:12 INFO  epoch 7 training [time: 4.00s, train_loss1: 16.0494, train_loss2: 7.4612]
Thu 26 Jan 2023 12:56:12 INFO  epoch 7 evaluating [time: 0.19s, valid_score: 0.226700]
Thu 26 Jan 2023 12:56:12 INFO  valid result: 
recall@10 : 0.1236    mrr@10 : 0.2267    ndcg@10 : 0.1255    hit@10 : 0.5398    precision@10 : 0.0918
Thu 26 Jan 2023 12:56:16 INFO  epoch 8 training [time: 3.98s, train_loss1: 15.8626, train_loss2: 7.1279]
Thu 26 Jan 2023 12:56:16 INFO  epoch 8 evaluating [time: 0.20s, valid_score: 0.234000]
Thu 26 Jan 2023 12:56:16 INFO  valid result: 
recall@10 : 0.1256    mrr@10 : 0.234    ndcg@10 : 0.1296    hit@10 : 0.5355    precision@10 : 0.094
Thu 26 Jan 2023 12:56:16 INFO  Saving current: saved/KGAT-Jan-26-2023_12-55-37.pth
Thu 26 Jan 2023 12:56:20 INFO  epoch 9 training [time: 3.85s, train_loss1: 15.5779, train_loss2: 6.8832]
Thu 26 Jan 2023 12:56:20 INFO  epoch 9 evaluating [time: 0.19s, valid_score: 0.234200]
Thu 26 Jan 2023 12:56:20 INFO  valid result: 
recall@10 : 0.1275    mrr@10 : 0.2342    ndcg@10 : 0.1324    hit@10 : 0.5525    precision@10 : 0.099
Thu 26 Jan 2023 12:56:21 INFO  Saving current: saved/KGAT-Jan-26-2023_12-55-37.pth
Thu 26 Jan 2023 12:56:25 INFO  epoch 10 training [time: 4.14s, train_loss1: 15.3157, train_loss2: 6.5178]
Thu 26 Jan 2023 12:56:25 INFO  epoch 10 evaluating [time: 0.19s, valid_score: 0.248100]
Thu 26 Jan 2023 12:56:25 INFO  valid result: 
recall@10 : 0.1387    mrr@10 : 0.2481    ndcg@10 : 0.142    hit@10 : 0.5811    precision@10 : 0.105
Thu 26 Jan 2023 12:56:25 INFO  Saving current: saved/KGAT-Jan-26-2023_12-55-37.pth
Thu 26 Jan 2023 12:56:29 INFO  epoch 11 training [time: 4.27s, train_loss1: 15.0024, train_loss2: 6.3084]
Thu 26 Jan 2023 12:56:29 INFO  epoch 11 evaluating [time: 0.20s, valid_score: 0.260200]
Thu 26 Jan 2023 12:56:29 INFO  valid result: 
recall@10 : 0.1438    mrr@10 : 0.2602    ndcg@10 : 0.1487    hit@10 : 0.5938    precision@10 : 0.1078
Thu 26 Jan 2023 12:56:29 INFO  Saving current: saved/KGAT-Jan-26-2023_12-55-37.pth
Thu 26 Jan 2023 12:56:33 INFO  epoch 12 training [time: 3.97s, train_loss1: 14.7634, train_loss2: 5.8455]
Thu 26 Jan 2023 12:56:34 INFO  epoch 12 evaluating [time: 0.19s, valid_score: 0.264600]
Thu 26 Jan 2023 12:56:34 INFO  valid result: 
recall@10 : 0.148    mrr@10 : 0.2646    ndcg@10 : 0.1532    hit@10 : 0.6098    precision@10 : 0.112
Thu 26 Jan 2023 12:56:34 INFO  Saving current: saved/KGAT-Jan-26-2023_12-55-37.pth
Thu 26 Jan 2023 12:56:38 INFO  epoch 13 training [time: 3.95s, train_loss1: 14.4241, train_loss2: 5.4327]
Thu 26 Jan 2023 12:56:38 INFO  epoch 13 evaluating [time: 0.19s, valid_score: 0.271000]
Thu 26 Jan 2023 12:56:38 INFO  valid result: 
recall@10 : 0.1499    mrr@10 : 0.271    ndcg@10 : 0.1567    hit@10 : 0.6034    precision@10 : 0.113
Thu 26 Jan 2023 12:56:38 INFO  Saving current: saved/KGAT-Jan-26-2023_12-55-37.pth
Thu 26 Jan 2023 12:56:42 INFO  epoch 14 training [time: 3.99s, train_loss1: 14.0657, train_loss2: 5.1533]
Thu 26 Jan 2023 12:56:42 INFO  epoch 14 evaluating [time: 0.19s, valid_score: 0.281500]
Thu 26 Jan 2023 12:56:42 INFO  valid result: 
recall@10 : 0.1571    mrr@10 : 0.2815    ndcg@10 : 0.1625    hit@10 : 0.6214    precision@10 : 0.1163
Thu 26 Jan 2023 12:56:42 INFO  Saving current: saved/KGAT-Jan-26-2023_12-55-37.pth
Thu 26 Jan 2023 12:56:46 INFO  epoch 15 training [time: 3.97s, train_loss1: 13.7708, train_loss2: 5.0078]
Thu 26 Jan 2023 12:56:46 INFO  epoch 15 evaluating [time: 0.19s, valid_score: 0.281000]
Thu 26 Jan 2023 12:56:46 INFO  valid result: 
recall@10 : 0.1593    mrr@10 : 0.281    ndcg@10 : 0.1646    hit@10 : 0.6257    precision@10 : 0.1188
Thu 26 Jan 2023 12:56:50 INFO  epoch 16 training [time: 3.95s, train_loss1: 13.4103, train_loss2: 4.7542]
Thu 26 Jan 2023 12:56:50 INFO  epoch 16 evaluating [time: 0.20s, valid_score: 0.285300]
Thu 26 Jan 2023 12:56:50 INFO  valid result: 
recall@10 : 0.1595    mrr@10 : 0.2853    ndcg@10 : 0.1674    hit@10 : 0.6278    precision@10 : 0.1211
Thu 26 Jan 2023 12:56:51 INFO  Saving current: saved/KGAT-Jan-26-2023_12-55-37.pth
Thu 26 Jan 2023 12:56:55 INFO  epoch 17 training [time: 3.94s, train_loss1: 13.0327, train_loss2: 4.5628]
Thu 26 Jan 2023 12:56:55 INFO  epoch 17 evaluating [time: 0.19s, valid_score: 0.295800]
Thu 26 Jan 2023 12:56:55 INFO  valid result: 
recall@10 : 0.1629    mrr@10 : 0.2958    ndcg@10 : 0.1723    hit@10 : 0.6299    precision@10 : 0.1229
Thu 26 Jan 2023 12:56:55 INFO  Saving current: saved/KGAT-Jan-26-2023_12-55-37.pth
Thu 26 Jan 2023 12:56:59 INFO  epoch 18 training [time: 3.95s, train_loss1: 12.6154, train_loss2: 4.3257]
Thu 26 Jan 2023 12:56:59 INFO  epoch 18 evaluating [time: 0.19s, valid_score: 0.307400]
Thu 26 Jan 2023 12:56:59 INFO  valid result: 
recall@10 : 0.1624    mrr@10 : 0.3074    ndcg@10 : 0.1752    hit@10 : 0.632    precision@10 : 0.1234
Thu 26 Jan 2023 12:56:59 INFO  Saving current: saved/KGAT-Jan-26-2023_12-55-37.pth
Thu 26 Jan 2023 12:57:03 INFO  epoch 19 training [time: 3.97s, train_loss1: 12.3769, train_loss2: 4.3062]
Thu 26 Jan 2023 12:57:03 INFO  epoch 19 evaluating [time: 0.19s, valid_score: 0.313100]
Thu 26 Jan 2023 12:57:03 INFO  valid result: 
recall@10 : 0.1688    mrr@10 : 0.3131    ndcg@10 : 0.181    hit@10 : 0.6448    precision@10 : 0.1281
Thu 26 Jan 2023 12:57:03 INFO  Saving current: saved/KGAT-Jan-26-2023_12-55-37.pth
Thu 26 Jan 2023 12:57:07 INFO  epoch 20 training [time: 4.16s, train_loss1: 12.1013, train_loss2: 4.1923]
Thu 26 Jan 2023 12:57:08 INFO  epoch 20 evaluating [time: 0.19s, valid_score: 0.323500]
Thu 26 Jan 2023 12:57:08 INFO  valid result: 
recall@10 : 0.1721    mrr@10 : 0.3235    ndcg@10 : 0.1854    hit@10 : 0.649    precision@10 : 0.1286
Thu 26 Jan 2023 12:57:08 INFO  Saving current: saved/KGAT-Jan-26-2023_12-55-37.pth
Thu 26 Jan 2023 12:57:11 INFO  epoch 21 training [time: 3.81s, train_loss1: 11.7603, train_loss2: 4.0082]
Thu 26 Jan 2023 12:57:12 INFO  epoch 21 evaluating [time: 0.19s, valid_score: 0.331000]
Thu 26 Jan 2023 12:57:12 INFO  valid result: 
recall@10 : 0.1735    mrr@10 : 0.331    ndcg@10 : 0.1887    hit@10 : 0.6596    precision@10 : 0.1315
Thu 26 Jan 2023 12:57:12 INFO  Saving current: saved/KGAT-Jan-26-2023_12-55-37.pth
Thu 26 Jan 2023 12:57:16 INFO  epoch 22 training [time: 4.14s, train_loss1: 11.5161, train_loss2: 3.8859]
Thu 26 Jan 2023 12:57:16 INFO  epoch 22 evaluating [time: 0.19s, valid_score: 0.338400]
Thu 26 Jan 2023 12:57:16 INFO  valid result: 
recall@10 : 0.1712    mrr@10 : 0.3384    ndcg@10 : 0.1898    hit@10 : 0.6575    precision@10 : 0.1306
Thu 26 Jan 2023 12:57:16 INFO  Saving current: saved/KGAT-Jan-26-2023_12-55-37.pth
Thu 26 Jan 2023 12:57:20 INFO  epoch 23 training [time: 3.94s, train_loss1: 11.2290, train_loss2: 3.7715]
Thu 26 Jan 2023 12:57:20 INFO  epoch 23 evaluating [time: 0.19s, valid_score: 0.342500]
Thu 26 Jan 2023 12:57:20 INFO  valid result: 
recall@10 : 0.1738    mrr@10 : 0.3425    ndcg@10 : 0.1932    hit@10 : 0.667    precision@10 : 0.134
Thu 26 Jan 2023 12:57:20 INFO  Saving current: saved/KGAT-Jan-26-2023_12-55-37.pth
Thu 26 Jan 2023 12:57:24 INFO  epoch 24 training [time: 3.95s, train_loss1: 10.9878, train_loss2: 3.6355]
Thu 26 Jan 2023 12:57:24 INFO  epoch 24 evaluating [time: 0.19s, valid_score: 0.344200]
Thu 26 Jan 2023 12:57:24 INFO  valid result: 
recall@10 : 0.1769    mrr@10 : 0.3442    ndcg@10 : 0.195    hit@10 : 0.6734    precision@10 : 0.1349
Thu 26 Jan 2023 12:57:25 INFO  Saving current: saved/KGAT-Jan-26-2023_12-55-37.pth
Thu 26 Jan 2023 12:57:29 INFO  epoch 25 training [time: 3.97s, train_loss1: 10.8154, train_loss2: 3.6457]
Thu 26 Jan 2023 12:57:29 INFO  epoch 25 evaluating [time: 0.19s, valid_score: 0.354300]
Thu 26 Jan 2023 12:57:29 INFO  valid result: 
recall@10 : 0.1777    mrr@10 : 0.3543    ndcg@10 : 0.1982    hit@10 : 0.6713    precision@10 : 0.1359
Thu 26 Jan 2023 12:57:29 INFO  Saving current: saved/KGAT-Jan-26-2023_12-55-37.pth
Thu 26 Jan 2023 12:57:33 INFO  epoch 26 training [time: 3.94s, train_loss1: 10.5895, train_loss2: 3.6184]
Thu 26 Jan 2023 12:57:33 INFO  epoch 26 evaluating [time: 0.19s, valid_score: 0.348600]
Thu 26 Jan 2023 12:57:33 INFO  valid result: 
recall@10 : 0.1787    mrr@10 : 0.3486    ndcg@10 : 0.1987    hit@10 : 0.6702    precision@10 : 0.1379
Thu 26 Jan 2023 12:57:37 INFO  epoch 27 training [time: 3.93s, train_loss1: 10.3435, train_loss2: 3.3405]
Thu 26 Jan 2023 12:57:37 INFO  epoch 27 evaluating [time: 0.19s, valid_score: 0.350100]
Thu 26 Jan 2023 12:57:37 INFO  valid result: 
recall@10 : 0.1778    mrr@10 : 0.3501    ndcg@10 : 0.1986    hit@10 : 0.6691    precision@10 : 0.1374
Thu 26 Jan 2023 12:57:41 INFO  epoch 28 training [time: 3.98s, train_loss1: 10.3060, train_loss2: 3.2460]
Thu 26 Jan 2023 12:57:41 INFO  epoch 28 evaluating [time: 0.19s, valid_score: 0.353000]
Thu 26 Jan 2023 12:57:41 INFO  valid result: 
recall@10 : 0.1801    mrr@10 : 0.353    ndcg@10 : 0.2006    hit@10 : 0.6702    precision@10 : 0.1381
Thu 26 Jan 2023 12:57:45 INFO  epoch 29 training [time: 4.18s, train_loss1: 10.0740, train_loss2: 3.1299]
Thu 26 Jan 2023 12:57:46 INFO  epoch 29 evaluating [time: 0.19s, valid_score: 0.353800]
Thu 26 Jan 2023 12:57:46 INFO  valid result: 
recall@10 : 0.1804    mrr@10 : 0.3538    ndcg@10 : 0.2009    hit@10 : 0.6766    precision@10 : 0.1382
Thu 26 Jan 2023 12:57:50 INFO  epoch 30 training [time: 3.95s, train_loss1: 9.9377, train_loss2: 3.0233]
Thu 26 Jan 2023 12:57:50 INFO  epoch 30 evaluating [time: 0.19s, valid_score: 0.352900]
Thu 26 Jan 2023 12:57:50 INFO  valid result: 
recall@10 : 0.181    mrr@10 : 0.3529    ndcg@10 : 0.2006    hit@10 : 0.6776    precision@10 : 0.1381
Thu 26 Jan 2023 12:57:54 INFO  epoch 31 training [time: 3.95s, train_loss1: 9.8567, train_loss2: 2.9402]
Thu 26 Jan 2023 12:57:54 INFO  epoch 31 evaluating [time: 0.19s, valid_score: 0.356200]
Thu 26 Jan 2023 12:57:54 INFO  valid result: 
recall@10 : 0.1806    mrr@10 : 0.3562    ndcg@10 : 0.2019    hit@10 : 0.6819    precision@10 : 0.138
Thu 26 Jan 2023 12:57:54 INFO  Saving current: saved/KGAT-Jan-26-2023_12-55-37.pth
Thu 26 Jan 2023 12:57:58 INFO  epoch 32 training [time: 3.91s, train_loss1: 9.6411, train_loss2: 2.8517]
Thu 26 Jan 2023 12:57:58 INFO  epoch 32 evaluating [time: 0.19s, valid_score: 0.356600]
Thu 26 Jan 2023 12:57:58 INFO  valid result: 
recall@10 : 0.1818    mrr@10 : 0.3566    ndcg@10 : 0.2036    hit@10 : 0.6797    precision@10 : 0.1393
Thu 26 Jan 2023 12:57:58 INFO  Saving current: saved/KGAT-Jan-26-2023_12-55-37.pth
Thu 26 Jan 2023 12:58:02 INFO  epoch 33 training [time: 3.94s, train_loss1: 9.6197, train_loss2: 2.7733]
Thu 26 Jan 2023 12:58:02 INFO  epoch 33 evaluating [time: 0.19s, valid_score: 0.360700]
Thu 26 Jan 2023 12:58:02 INFO  valid result: 
recall@10 : 0.1843    mrr@10 : 0.3607    ndcg@10 : 0.206    hit@10 : 0.6808    precision@10 : 0.1411
Thu 26 Jan 2023 12:58:02 INFO  Saving current: saved/KGAT-Jan-26-2023_12-55-37.pth
Thu 26 Jan 2023 12:58:06 INFO  epoch 34 training [time: 3.99s, train_loss1: 9.4596, train_loss2: 2.5943]
Thu 26 Jan 2023 12:58:06 INFO  epoch 34 evaluating [time: 0.19s, valid_score: 0.364000]
Thu 26 Jan 2023 12:58:06 INFO  valid result: 
recall@10 : 0.1825    mrr@10 : 0.364    ndcg@10 : 0.2058    hit@10 : 0.6797    precision@10 : 0.1403
Thu 26 Jan 2023 12:58:07 INFO  Saving current: saved/KGAT-Jan-26-2023_12-55-37.pth
Thu 26 Jan 2023 12:58:11 INFO  epoch 35 training [time: 4.00s, train_loss1: 9.5144, train_loss2: 2.6162]
Thu 26 Jan 2023 12:58:11 INFO  epoch 35 evaluating [time: 0.19s, valid_score: 0.359700]
Thu 26 Jan 2023 12:58:11 INFO  valid result: 
recall@10 : 0.1835    mrr@10 : 0.3597    ndcg@10 : 0.2059    hit@10 : 0.6787    precision@10 : 0.1406
Thu 26 Jan 2023 12:58:15 INFO  epoch 36 training [time: 3.95s, train_loss1: 9.2249, train_loss2: 2.5096]
Thu 26 Jan 2023 12:58:15 INFO  epoch 36 evaluating [time: 0.19s, valid_score: 0.359100]
Thu 26 Jan 2023 12:58:15 INFO  valid result: 
recall@10 : 0.1861    mrr@10 : 0.3591    ndcg@10 : 0.2057    hit@10 : 0.6882    precision@10 : 0.1415
Thu 26 Jan 2023 12:58:19 INFO  epoch 37 training [time: 3.94s, train_loss1: 9.1755, train_loss2: 2.4385]
Thu 26 Jan 2023 12:58:19 INFO  epoch 37 evaluating [time: 0.19s, valid_score: 0.359500]
Thu 26 Jan 2023 12:58:19 INFO  valid result: 
recall@10 : 0.1862    mrr@10 : 0.3595    ndcg@10 : 0.2058    hit@10 : 0.6797    precision@10 : 0.1419
Thu 26 Jan 2023 12:58:23 INFO  epoch 38 training [time: 3.95s, train_loss1: 9.2213, train_loss2: 2.3637]
Thu 26 Jan 2023 12:58:23 INFO  epoch 38 evaluating [time: 0.19s, valid_score: 0.363600]
Thu 26 Jan 2023 12:58:23 INFO  valid result: 
recall@10 : 0.1876    mrr@10 : 0.3636    ndcg@10 : 0.2078    hit@10 : 0.685    precision@10 : 0.1421
Thu 26 Jan 2023 12:58:27 INFO  epoch 39 training [time: 3.64s, train_loss1: 9.0233, train_loss2: 2.3397]
Thu 26 Jan 2023 12:58:27 INFO  epoch 39 evaluating [time: 0.19s, valid_score: 0.364100]
Thu 26 Jan 2023 12:58:27 INFO  valid result: 
recall@10 : 0.1904    mrr@10 : 0.3641    ndcg@10 : 0.2092    hit@10 : 0.6946    precision@10 : 0.1436
Thu 26 Jan 2023 12:58:27 INFO  Saving current: saved/KGAT-Jan-26-2023_12-55-37.pth
Thu 26 Jan 2023 12:58:31 INFO  epoch 40 training [time: 4.01s, train_loss1: 8.9732, train_loss2: 2.2709]
Thu 26 Jan 2023 12:58:31 INFO  epoch 40 evaluating [time: 0.19s, valid_score: 0.365800]
Thu 26 Jan 2023 12:58:31 INFO  valid result: 
recall@10 : 0.1896    mrr@10 : 0.3658    ndcg@10 : 0.2086    hit@10 : 0.6914    precision@10 : 0.1427
Thu 26 Jan 2023 12:58:31 INFO  Saving current: saved/KGAT-Jan-26-2023_12-55-37.pth
Thu 26 Jan 2023 12:58:35 INFO  epoch 41 training [time: 3.48s, train_loss1: 8.8446, train_loss2: 2.1632]
Thu 26 Jan 2023 12:58:35 INFO  epoch 41 evaluating [time: 0.19s, valid_score: 0.367900]
Thu 26 Jan 2023 12:58:35 INFO  valid result: 
recall@10 : 0.1897    mrr@10 : 0.3679    ndcg@10 : 0.2105    hit@10 : 0.6935    precision@10 : 0.1443
Thu 26 Jan 2023 12:58:35 INFO  Saving current: saved/KGAT-Jan-26-2023_12-55-37.pth
Thu 26 Jan 2023 12:58:39 INFO  epoch 42 training [time: 3.95s, train_loss1: 8.7430, train_loss2: 2.1360]
Thu 26 Jan 2023 12:58:39 INFO  epoch 42 evaluating [time: 0.19s, valid_score: 0.367600]
Thu 26 Jan 2023 12:58:39 INFO  valid result: 
recall@10 : 0.189    mrr@10 : 0.3676    ndcg@10 : 0.2105    hit@10 : 0.6946    precision@10 : 0.1452
Thu 26 Jan 2023 12:58:43 INFO  epoch 43 training [time: 4.14s, train_loss1: 8.6736, train_loss2: 2.1131]
Thu 26 Jan 2023 12:58:44 INFO  epoch 43 evaluating [time: 0.19s, valid_score: 0.373400]
Thu 26 Jan 2023 12:58:44 INFO  valid result: 
recall@10 : 0.1897    mrr@10 : 0.3734    ndcg@10 : 0.2121    hit@10 : 0.6988    precision@10 : 0.1458
Thu 26 Jan 2023 12:58:44 INFO  Saving current: saved/KGAT-Jan-26-2023_12-55-37.pth
Thu 26 Jan 2023 12:58:48 INFO  epoch 44 training [time: 4.11s, train_loss1: 8.4882, train_loss2: 2.1052]
Thu 26 Jan 2023 12:58:48 INFO  epoch 44 evaluating [time: 0.19s, valid_score: 0.371600]
Thu 26 Jan 2023 12:58:48 INFO  valid result: 
recall@10 : 0.1898    mrr@10 : 0.3716    ndcg@10 : 0.2124    hit@10 : 0.6999    precision@10 : 0.1467
Thu 26 Jan 2023 12:58:52 INFO  epoch 45 training [time: 4.11s, train_loss1: 8.4702, train_loss2: 2.0414]
Thu 26 Jan 2023 12:58:52 INFO  epoch 45 evaluating [time: 0.19s, valid_score: 0.373400]
Thu 26 Jan 2023 12:58:52 INFO  valid result: 
recall@10 : 0.1922    mrr@10 : 0.3734    ndcg@10 : 0.2144    hit@10 : 0.7094    precision@10 : 0.1481
Thu 26 Jan 2023 12:58:52 INFO  Saving current: saved/KGAT-Jan-26-2023_12-55-37.pth
Thu 26 Jan 2023 12:58:56 INFO  epoch 46 training [time: 3.94s, train_loss1: 8.3011, train_loss2: 2.0104]
Thu 26 Jan 2023 12:58:56 INFO  epoch 46 evaluating [time: 0.19s, valid_score: 0.374700]
Thu 26 Jan 2023 12:58:56 INFO  valid result: 
recall@10 : 0.1917    mrr@10 : 0.3747    ndcg@10 : 0.2145    hit@10 : 0.702    precision@10 : 0.1481
Thu 26 Jan 2023 12:58:56 INFO  Saving current: saved/KGAT-Jan-26-2023_12-55-37.pth
Thu 26 Jan 2023 12:59:00 INFO  epoch 47 training [time: 4.00s, train_loss1: 8.2775, train_loss2: 1.9317]
Thu 26 Jan 2023 12:59:01 INFO  epoch 47 evaluating [time: 0.19s, valid_score: 0.374800]
Thu 26 Jan 2023 12:59:01 INFO  valid result: 
recall@10 : 0.1939    mrr@10 : 0.3748    ndcg@10 : 0.2149    hit@10 : 0.7031    precision@10 : 0.1485
Thu 26 Jan 2023 12:59:01 INFO  Saving current: saved/KGAT-Jan-26-2023_12-55-37.pth
Thu 26 Jan 2023 12:59:05 INFO  epoch 48 training [time: 4.16s, train_loss1: 8.1308, train_loss2: 1.8947]
Thu 26 Jan 2023 12:59:05 INFO  epoch 48 evaluating [time: 0.19s, valid_score: 0.380500]
Thu 26 Jan 2023 12:59:05 INFO  valid result: 
recall@10 : 0.1935    mrr@10 : 0.3805    ndcg@10 : 0.2173    hit@10 : 0.7052    precision@10 : 0.1487
Thu 26 Jan 2023 12:59:05 INFO  Saving current: saved/KGAT-Jan-26-2023_12-55-37.pth
Thu 26 Jan 2023 12:59:09 INFO  epoch 49 training [time: 3.94s, train_loss1: 8.1433, train_loss2: 1.9040]
Thu 26 Jan 2023 12:59:09 INFO  epoch 49 evaluating [time: 0.19s, valid_score: 0.383100]
Thu 26 Jan 2023 12:59:09 INFO  valid result: 
recall@10 : 0.198    mrr@10 : 0.3831    ndcg@10 : 0.2199    hit@10 : 0.7147    precision@10 : 0.1497
Thu 26 Jan 2023 12:59:09 INFO  Saving current: saved/KGAT-Jan-26-2023_12-55-37.pth
Thu 26 Jan 2023 12:59:13 INFO  epoch 50 training [time: 3.65s, train_loss1: 8.0355, train_loss2: 1.8586]
Thu 26 Jan 2023 12:59:13 INFO  epoch 50 evaluating [time: 0.19s, valid_score: 0.386500]
Thu 26 Jan 2023 12:59:13 INFO  valid result: 
recall@10 : 0.1972    mrr@10 : 0.3865    ndcg@10 : 0.2209    hit@10 : 0.7147    precision@10 : 0.1501
Thu 26 Jan 2023 12:59:13 INFO  Saving current: saved/KGAT-Jan-26-2023_12-55-37.pth
Thu 26 Jan 2023 12:59:17 INFO  epoch 51 training [time: 3.94s, train_loss1: 7.8862, train_loss2: 1.8718]
Thu 26 Jan 2023 12:59:17 INFO  epoch 51 evaluating [time: 0.19s, valid_score: 0.386200]
Thu 26 Jan 2023 12:59:17 INFO  valid result: 
recall@10 : 0.2009    mrr@10 : 0.3862    ndcg@10 : 0.2223    hit@10 : 0.7211    precision@10 : 0.1512
Thu 26 Jan 2023 12:59:21 INFO  epoch 52 training [time: 3.67s, train_loss1: 7.7950, train_loss2: 1.7773]
Thu 26 Jan 2023 12:59:21 INFO  epoch 52 evaluating [time: 0.19s, valid_score: 0.386000]
Thu 26 Jan 2023 12:59:21 INFO  valid result: 
recall@10 : 0.197    mrr@10 : 0.386    ndcg@10 : 0.2207    hit@10 : 0.7179    precision@10 : 0.1505
Thu 26 Jan 2023 12:59:25 INFO  epoch 53 training [time: 3.95s, train_loss1: 7.6624, train_loss2: 1.7472]
Thu 26 Jan 2023 12:59:25 INFO  epoch 53 evaluating [time: 0.19s, valid_score: 0.390000]
Thu 26 Jan 2023 12:59:25 INFO  valid result: 
recall@10 : 0.1983    mrr@10 : 0.39    ndcg@10 : 0.2214    hit@10 : 0.7179    precision@10 : 0.1497
Thu 26 Jan 2023 12:59:26 INFO  Saving current: saved/KGAT-Jan-26-2023_12-55-37.pth
Thu 26 Jan 2023 12:59:30 INFO  epoch 54 training [time: 4.09s, train_loss1: 7.6936, train_loss2: 1.7209]
Thu 26 Jan 2023 12:59:30 INFO  epoch 54 evaluating [time: 0.19s, valid_score: 0.390400]
Thu 26 Jan 2023 12:59:30 INFO  valid result: 
recall@10 : 0.2035    mrr@10 : 0.3904    ndcg@10 : 0.2239    hit@10 : 0.7253    precision@10 : 0.1515
Thu 26 Jan 2023 12:59:30 INFO  Saving current: saved/KGAT-Jan-26-2023_12-55-37.pth
Thu 26 Jan 2023 12:59:34 INFO  epoch 55 training [time: 3.90s, train_loss1: 7.5392, train_loss2: 1.6796]
Thu 26 Jan 2023 12:59:34 INFO  epoch 55 evaluating [time: 0.19s, valid_score: 0.386100]
Thu 26 Jan 2023 12:59:34 INFO  valid result: 
recall@10 : 0.2035    mrr@10 : 0.3861    ndcg@10 : 0.2236    hit@10 : 0.72    precision@10 : 0.1522
Thu 26 Jan 2023 12:59:38 INFO  epoch 56 training [time: 4.07s, train_loss1: 7.5727, train_loss2: 1.6914]
Thu 26 Jan 2023 12:59:38 INFO  epoch 56 evaluating [time: 0.19s, valid_score: 0.392600]
Thu 26 Jan 2023 12:59:38 INFO  valid result: 
recall@10 : 0.2068    mrr@10 : 0.3926    ndcg@10 : 0.2265    hit@10 : 0.7338    precision@10 : 0.154
Thu 26 Jan 2023 12:59:38 INFO  Saving current: saved/KGAT-Jan-26-2023_12-55-37.pth
Thu 26 Jan 2023 12:59:42 INFO  epoch 57 training [time: 3.86s, train_loss1: 7.3744, train_loss2: 1.6341]
Thu 26 Jan 2023 12:59:42 INFO  epoch 57 evaluating [time: 0.19s, valid_score: 0.393800]
Thu 26 Jan 2023 12:59:42 INFO  valid result: 
recall@10 : 0.2031    mrr@10 : 0.3938    ndcg@10 : 0.2258    hit@10 : 0.7264    precision@10 : 0.1534
Thu 26 Jan 2023 12:59:42 INFO  Saving current: saved/KGAT-Jan-26-2023_12-55-37.pth
Thu 26 Jan 2023 12:59:46 INFO  epoch 58 training [time: 3.85s, train_loss1: 7.4320, train_loss2: 1.6328]
Thu 26 Jan 2023 12:59:46 INFO  epoch 58 evaluating [time: 0.19s, valid_score: 0.392000]
Thu 26 Jan 2023 12:59:46 INFO  valid result: 
recall@10 : 0.2041    mrr@10 : 0.392    ndcg@10 : 0.2248    hit@10 : 0.7338    precision@10 : 0.1526
Thu 26 Jan 2023 12:59:50 INFO  epoch 59 training [time: 3.90s, train_loss1: 7.3064, train_loss2: 1.6035]
Thu 26 Jan 2023 12:59:51 INFO  epoch 59 evaluating [time: 0.20s, valid_score: 0.390700]
Thu 26 Jan 2023 12:59:51 INFO  valid result: 
recall@10 : 0.2057    mrr@10 : 0.3907    ndcg@10 : 0.2257    hit@10 : 0.7413    precision@10 : 0.1539
Thu 26 Jan 2023 12:59:54 INFO  epoch 60 training [time: 3.90s, train_loss1: 7.2236, train_loss2: 1.5852]
Thu 26 Jan 2023 12:59:55 INFO  epoch 60 evaluating [time: 0.19s, valid_score: 0.394700]
Thu 26 Jan 2023 12:59:55 INFO  valid result: 
recall@10 : 0.2031    mrr@10 : 0.3947    ndcg@10 : 0.2256    hit@10 : 0.7359    precision@10 : 0.1533
Thu 26 Jan 2023 12:59:55 INFO  Saving current: saved/KGAT-Jan-26-2023_12-55-37.pth
Thu 26 Jan 2023 12:59:59 INFO  epoch 61 training [time: 4.07s, train_loss1: 7.0888, train_loss2: 1.5504]
Thu 26 Jan 2023 12:59:59 INFO  epoch 61 evaluating [time: 0.19s, valid_score: 0.396800]
Thu 26 Jan 2023 12:59:59 INFO  valid result: 
recall@10 : 0.2068    mrr@10 : 0.3968    ndcg@10 : 0.2289    hit@10 : 0.7338    precision@10 : 0.1556
Thu 26 Jan 2023 12:59:59 INFO  Saving current: saved/KGAT-Jan-26-2023_12-55-37.pth
Thu 26 Jan 2023 13:00:03 INFO  epoch 62 training [time: 3.66s, train_loss1: 7.0757, train_loss2: 1.5354]
Thu 26 Jan 2023 13:00:03 INFO  epoch 62 evaluating [time: 0.19s, valid_score: 0.395800]
Thu 26 Jan 2023 13:00:03 INFO  valid result: 
recall@10 : 0.2081    mrr@10 : 0.3958    ndcg@10 : 0.2301    hit@10 : 0.7391    precision@10 : 0.1579
Thu 26 Jan 2023 13:00:07 INFO  epoch 63 training [time: 4.21s, train_loss1: 7.0337, train_loss2: 1.4891]
Thu 26 Jan 2023 13:00:07 INFO  epoch 63 evaluating [time: 0.19s, valid_score: 0.398000]
Thu 26 Jan 2023 13:00:07 INFO  valid result: 
recall@10 : 0.209    mrr@10 : 0.398    ndcg@10 : 0.229    hit@10 : 0.7434    precision@10 : 0.1557
Thu 26 Jan 2023 13:00:07 INFO  Saving current: saved/KGAT-Jan-26-2023_12-55-37.pth
Thu 26 Jan 2023 13:00:11 INFO  epoch 64 training [time: 3.89s, train_loss1: 6.9093, train_loss2: 1.4343]
Thu 26 Jan 2023 13:00:11 INFO  epoch 64 evaluating [time: 0.19s, valid_score: 0.392200]
Thu 26 Jan 2023 13:00:11 INFO  valid result: 
recall@10 : 0.21    mrr@10 : 0.3922    ndcg@10 : 0.2292    hit@10 : 0.7381    precision@10 : 0.1568
Thu 26 Jan 2023 13:00:15 INFO  epoch 65 training [time: 4.05s, train_loss1: 6.9477, train_loss2: 1.4558]
Thu 26 Jan 2023 13:00:16 INFO  epoch 65 evaluating [time: 0.20s, valid_score: 0.395600]
Thu 26 Jan 2023 13:00:16 INFO  valid result: 
recall@10 : 0.2104    mrr@10 : 0.3956    ndcg@10 : 0.2312    hit@10 : 0.7423    precision@10 : 0.1576
Thu 26 Jan 2023 13:00:20 INFO  epoch 66 training [time: 3.91s, train_loss1: 6.9015, train_loss2: 1.3860]
Thu 26 Jan 2023 13:00:20 INFO  epoch 66 evaluating [time: 0.19s, valid_score: 0.394500]
Thu 26 Jan 2023 13:00:20 INFO  valid result: 
recall@10 : 0.2152    mrr@10 : 0.3945    ndcg@10 : 0.2333    hit@10 : 0.7466    precision@10 : 0.1595
Thu 26 Jan 2023 13:00:24 INFO  epoch 67 training [time: 3.89s, train_loss1: 6.8539, train_loss2: 1.4339]
Thu 26 Jan 2023 13:00:24 INFO  epoch 67 evaluating [time: 0.19s, valid_score: 0.393400]
Thu 26 Jan 2023 13:00:24 INFO  valid result: 
recall@10 : 0.2121    mrr@10 : 0.3934    ndcg@10 : 0.2324    hit@10 : 0.7434    precision@10 : 0.1598
Thu 26 Jan 2023 13:00:28 INFO  epoch 68 training [time: 3.91s, train_loss1: 6.6901, train_loss2: 1.3830]
Thu 26 Jan 2023 13:00:28 INFO  epoch 68 evaluating [time: 0.19s, valid_score: 0.392300]
Thu 26 Jan 2023 13:00:28 INFO  valid result: 
recall@10 : 0.2146    mrr@10 : 0.3923    ndcg@10 : 0.2325    hit@10 : 0.7423    precision@10 : 0.1593
Thu 26 Jan 2023 13:00:32 INFO  epoch 69 training [time: 3.94s, train_loss1: 6.6780, train_loss2: 1.4821]
Thu 26 Jan 2023 13:00:32 INFO  epoch 69 evaluating [time: 0.19s, valid_score: 0.386200]
Thu 26 Jan 2023 13:00:32 INFO  valid result: 
recall@10 : 0.2096    mrr@10 : 0.3862    ndcg@10 : 0.2282    hit@10 : 0.7391    precision@10 : 0.1568
Thu 26 Jan 2023 13:00:36 INFO  epoch 70 training [time: 3.89s, train_loss1: 6.6686, train_loss2: 1.3598]
Thu 26 Jan 2023 13:00:36 INFO  epoch 70 evaluating [time: 0.19s, valid_score: 0.388900]
Thu 26 Jan 2023 13:00:36 INFO  valid result: 
recall@10 : 0.2124    mrr@10 : 0.3889    ndcg@10 : 0.2311    hit@10 : 0.7381    precision@10 : 0.1604
Thu 26 Jan 2023 13:00:40 INFO  epoch 71 training [time: 3.74s, train_loss1: 6.5792, train_loss2: 1.3626]
Thu 26 Jan 2023 13:00:40 INFO  epoch 71 evaluating [time: 0.19s, valid_score: 0.390300]
Thu 26 Jan 2023 13:00:40 INFO  valid result: 
recall@10 : 0.213    mrr@10 : 0.3903    ndcg@10 : 0.2311    hit@10 : 0.7444    precision@10 : 0.1598
Thu 26 Jan 2023 13:00:44 INFO  epoch 72 training [time: 4.11s, train_loss1: 6.5047, train_loss2: 1.4004]
Thu 26 Jan 2023 13:00:44 INFO  epoch 72 evaluating [time: 0.19s, valid_score: 0.386200]
Thu 26 Jan 2023 13:00:44 INFO  valid result: 
recall@10 : 0.2138    mrr@10 : 0.3862    ndcg@10 : 0.2299    hit@10 : 0.7487    precision@10 : 0.1592
Thu 26 Jan 2023 13:00:48 INFO  epoch 73 training [time: 3.92s, train_loss1: 6.5640, train_loss2: 1.3440]
Thu 26 Jan 2023 13:00:49 INFO  epoch 73 evaluating [time: 0.19s, valid_score: 0.395300]
Thu 26 Jan 2023 13:00:49 INFO  valid result: 
recall@10 : 0.213    mrr@10 : 0.3953    ndcg@10 : 0.2323    hit@10 : 0.7476    precision@10 : 0.1592
Thu 26 Jan 2023 13:00:52 INFO  epoch 74 training [time: 3.90s, train_loss1: 6.4006, train_loss2: 1.3070]
Thu 26 Jan 2023 13:00:53 INFO  epoch 74 evaluating [time: 0.19s, valid_score: 0.387300]
Thu 26 Jan 2023 13:00:53 INFO  valid result: 
recall@10 : 0.2085    mrr@10 : 0.3873    ndcg@10 : 0.2299    hit@10 : 0.7338    precision@10 : 0.1583
Thu 26 Jan 2023 13:00:53 INFO  Finished training, best eval result in epoch 63
Thu 26 Jan 2023 13:00:53 INFO  Loading model structure and parameters from saved/KGAT-Jan-26-2023_12-55-37.pth
Thu 26 Jan 2023 13:00:53 INFO  best valid : OrderedDict([('recall@10', 0.209), ('mrr@10', 0.398), ('ndcg@10', 0.229), ('hit@10', 0.7434), ('precision@10', 0.1557)])
Thu 26 Jan 2023 13:00:53 INFO  test result: OrderedDict([('recall@10', 0.2405), ('mrr@10', 0.4526), ('ndcg@10', 0.2787), ('hit@10', 0.7656), ('precision@10', 0.1919)])
