Thu 26 Jan 2023 17:24:14 INFO  momentum
Thu 26 Jan 2023 17:24:14 INFO  ['recbole_test.py']
Thu 26 Jan 2023 17:24:14 INFO  
General Hyper Parameters:
gpu_id = 0
use_gpu = True
seed = 2020
state = INFO
reproducibility = True
data_path = /work/03/gu14/k36095/kgat_bai/recbole/config/../dataset_example/ml-100k
checkpoint_dir = saved
show_progress = True
save_dataset = True
dataset_save_path = None
save_dataloaders = False
dataloaders_save_path = None
log_wandb = False

Training Hyper Parameters:
epochs = 300
train_batch_size = 2048
learner = adam
learning_rate = 0.001
train_neg_sample_args = {'distribution': 'uniform', 'sample_num': 1, 'alpha': 1.0, 'dynamic': False, 'candidate_num': 0}
eval_step = 1
stopping_step = 300
clip_grad_norm = None
weight_decay = 0.0
loss_decimal_place = 4

Evaluation Hyper Parameters:
eval_args = {'split': {'RS': [0.8, 0.1, 0.1]}, 'group_by': 'user', 'order': 'RO', 'mode': 'full'}
repeatable = False
metrics = ['Recall', 'MRR', 'NDCG', 'Hit', 'Precision']
topk = [10]
valid_metric = MRR@10
valid_metric_bigger = True
eval_batch_size = 4096
metric_decimal_place = 4

Dataset Hyper Parameters:
field_separator = 	
seq_separator =  
USER_ID_FIELD = user_id
ITEM_ID_FIELD = item_id
RATING_FIELD = rating
TIME_FIELD = timestamp
seq_len = None
LABEL_FIELD = label
threshold = None
NEG_PREFIX = neg_
load_col = {'inter': ['user_id', 'item_id', 'rating', 'timestamp'], 'kg': ['head_id', 'relation_id', 'tail_id'], 'link': ['item_id', 'entity_id']}
unload_col = None
unused_col = None
additional_feat_suffix = None
rm_dup_inter = None
val_interval = None
filter_inter_by_user_or_item = True
user_inter_num_interval = None
item_inter_num_interval = None
alias_of_user_id = None
alias_of_item_id = None
alias_of_entity_id = None
alias_of_relation_id = None
preload_weight = None
normalize_field = None
normalize_all = True
ITEM_LIST_LENGTH_FIELD = item_length
LIST_SUFFIX = _list
MAX_ITEM_LIST_LENGTH = 50
POSITION_FIELD = position_id
HEAD_ENTITY_ID_FIELD = head_id
TAIL_ENTITY_ID_FIELD = tail_id
RELATION_ID_FIELD = relation_id
ENTITY_ID_FIELD = entity_id
kg_reverse_r = False
entity_kg_num_interval = [0,inf)
relation_kg_num_interval = [0,inf)
benchmark_filename = None

Other Hyper Parameters: 
worker = 0
wandb_project = recbole
shuffle = True
require_pow = False
enable_amp = False
enable_scaler = False
transform = None
embedding_size = 64
kg_embedding_size = 64
layers = [64]
mess_dropout = 0.1
reg_weight = 1e-05
aggregator_type = bi
numerical_features = []
discretization = None
MODEL_TYPE = ModelType.KNOWLEDGE
MODEL_INPUT_TYPE = InputType.PAIRWISE
eval_type = EvaluatorType.RANKING
single_spec = True
local_rank = 0
device = cpu
eval_neg_sample_args = {'distribution': 'uniform', 'sample_num': 'none'}


Thu 26 Jan 2023 17:24:15 INFO  Saving filtered dataset into [saved/ml-100k-dataset.pth]
Thu 26 Jan 2023 17:24:16 INFO  ml-100k
The number of users: 944
Average actions of users: 103.4506892895016
The number of items: 1599
Average actions of items: 61.04755944931164
The number of inters: 97554
The sparsity of the dataset: 93.53714185772888%
Remain Fields: ['entity_id', 'user_id', 'item_id', 'rating', 'timestamp', 'head_id', 'relation_id', 'tail_id']
The number of entities: 34629
The number of relations: 26
The number of triples: 91631
The number of items that have been linked to KG: 1598
Thu 26 Jan 2023 17:24:16 INFO  [Training]: train_batch_size = [2048] train_neg_sample_args: [{'distribution': 'uniform', 'sample_num': 1, 'alpha': 1.0, 'dynamic': False, 'candidate_num': 0}]
Thu 26 Jan 2023 17:24:16 INFO  [Evaluation]: eval_batch_size = [4096] eval_args: [{'split': {'RS': [0.8, 0.1, 0.1]}, 'group_by': 'user', 'order': 'RO', 'mode': 'full'}]
Thu 26 Jan 2023 17:24:24 INFO  KGAT(
  (user_embedding): Embedding(944, 64)
  (entity_embedding): Embedding(34629, 64)
  (relation_embedding): Embedding(26, 64)
  (trans_w): Embedding(26, 4096)
  (aggregator_layers): ModuleList(
    (0): Aggregator(
      (message_dropout): Dropout(p=0.1, inplace=False)
      (W1): Linear(in_features=64, out_features=64, bias=True)
      (W2): Linear(in_features=64, out_features=64, bias=True)
      (activation): LeakyReLU(negative_slope=0.01)
    )
  )
  (tanh): Tanh()
  (mf_loss): BPRLoss()
  (reg_loss): EmbLoss()
)
Trainable parameters: 2393152
Thu 26 Jan 2023 17:24:24 INFO  FLOPs: 291414016.0
Thu 26 Jan 2023 17:24:32 INFO  epoch 0 training [time: 7.01s, train_loss1: 26.6703, train_loss2: 31.1894]
Thu 26 Jan 2023 17:24:33 INFO  epoch 0 evaluating [time: 0.36s, valid_score: 0.015600]
Thu 26 Jan 2023 17:24:33 INFO  valid result: 
recall@10 : 0.0048    mrr@10 : 0.0156    ndcg@10 : 0.0062    hit@10 : 0.0541    precision@10 : 0.0057
Thu 26 Jan 2023 17:24:33 INFO  Saving current: saved/KGAT-Jan-26-2023_17-24-25.pth
Thu 26 Jan 2023 17:24:37 INFO  epoch 1 training [time: 4.71s, train_loss1: 26.8021, train_loss2: 31.1887]
Thu 26 Jan 2023 17:24:38 INFO  epoch 1 evaluating [time: 0.21s, valid_score: 0.018300]
Thu 26 Jan 2023 17:24:38 INFO  valid result: 
recall@10 : 0.0055    mrr@10 : 0.0183    ndcg@10 : 0.0074    hit@10 : 0.0689    precision@10 : 0.0073
Thu 26 Jan 2023 17:24:38 INFO  Saving current: saved/KGAT-Jan-26-2023_17-24-25.pth
Thu 26 Jan 2023 17:24:42 INFO  epoch 2 training [time: 4.14s, train_loss1: 26.6368, train_loss2: 31.1879]
Thu 26 Jan 2023 17:24:42 INFO  epoch 2 evaluating [time: 0.25s, valid_score: 0.017700]
Thu 26 Jan 2023 17:24:42 INFO  valid result: 
recall@10 : 0.0055    mrr@10 : 0.0177    ndcg@10 : 0.0072    hit@10 : 0.0689    precision@10 : 0.0073
Thu 26 Jan 2023 17:24:46 INFO  epoch 3 training [time: 4.35s, train_loss1: 26.5246, train_loss2: 31.1875]
Thu 26 Jan 2023 17:24:47 INFO  epoch 3 evaluating [time: 0.19s, valid_score: 0.020300]
Thu 26 Jan 2023 17:24:47 INFO  valid result: 
recall@10 : 0.0064    mrr@10 : 0.0203    ndcg@10 : 0.0081    hit@10 : 0.0732    precision@10 : 0.0077
Thu 26 Jan 2023 17:24:47 INFO  Saving current: saved/KGAT-Jan-26-2023_17-24-25.pth
Thu 26 Jan 2023 17:24:51 INFO  epoch 4 training [time: 4.43s, train_loss1: 26.4359, train_loss2: 31.1864]
Thu 26 Jan 2023 17:24:51 INFO  epoch 4 evaluating [time: 0.20s, valid_score: 0.019800]
Thu 26 Jan 2023 17:24:51 INFO  valid result: 
recall@10 : 0.007    mrr@10 : 0.0198    ndcg@10 : 0.0084    hit@10 : 0.0785    precision@10 : 0.0083
Thu 26 Jan 2023 17:24:55 INFO  epoch 5 training [time: 3.57s, train_loss1: 26.3415, train_loss2: 31.1859]
Thu 26 Jan 2023 17:24:55 INFO  epoch 5 evaluating [time: 0.21s, valid_score: 0.020600]
Thu 26 Jan 2023 17:24:55 INFO  valid result: 
recall@10 : 0.0069    mrr@10 : 0.0206    ndcg@10 : 0.0086    hit@10 : 0.0774    precision@10 : 0.0084
Thu 26 Jan 2023 17:24:55 INFO  Saving current: saved/KGAT-Jan-26-2023_17-24-25.pth
Thu 26 Jan 2023 17:24:59 INFO  epoch 6 training [time: 4.13s, train_loss1: 26.2324, train_loss2: 31.1854]
Thu 26 Jan 2023 17:24:59 INFO  epoch 6 evaluating [time: 0.19s, valid_score: 0.022300]
Thu 26 Jan 2023 17:24:59 INFO  valid result: 
recall@10 : 0.0078    mrr@10 : 0.0223    ndcg@10 : 0.0094    hit@10 : 0.0827    precision@10 : 0.009
Thu 26 Jan 2023 17:25:00 INFO  Saving current: saved/KGAT-Jan-26-2023_17-24-25.pth
Thu 26 Jan 2023 17:25:04 INFO  epoch 7 training [time: 4.22s, train_loss1: 26.1393, train_loss2: 31.1852]
Thu 26 Jan 2023 17:25:04 INFO  epoch 7 evaluating [time: 0.21s, valid_score: 0.023500]
Thu 26 Jan 2023 17:25:04 INFO  valid result: 
recall@10 : 0.0081    mrr@10 : 0.0235    ndcg@10 : 0.0098    hit@10 : 0.0817    precision@10 : 0.0092
Thu 26 Jan 2023 17:25:04 INFO  Saving current: saved/KGAT-Jan-26-2023_17-24-25.pth
Thu 26 Jan 2023 17:25:08 INFO  epoch 8 training [time: 4.12s, train_loss1: 26.0694, train_loss2: 31.1849]
Thu 26 Jan 2023 17:25:08 INFO  epoch 8 evaluating [time: 0.29s, valid_score: 0.022300]
Thu 26 Jan 2023 17:25:08 INFO  valid result: 
recall@10 : 0.0084    mrr@10 : 0.0223    ndcg@10 : 0.0099    hit@10 : 0.087    precision@10 : 0.0098
Thu 26 Jan 2023 17:25:13 INFO  epoch 9 training [time: 4.57s, train_loss1: 25.9688, train_loss2: 31.1835]
Thu 26 Jan 2023 17:25:13 INFO  epoch 9 evaluating [time: 0.29s, valid_score: 0.024400]
Thu 26 Jan 2023 17:25:13 INFO  valid result: 
recall@10 : 0.0085    mrr@10 : 0.0244    ndcg@10 : 0.0107    hit@10 : 0.0923    precision@10 : 0.0105
Thu 26 Jan 2023 17:25:13 INFO  Saving current: saved/KGAT-Jan-26-2023_17-24-25.pth
Thu 26 Jan 2023 17:25:18 INFO  epoch 10 training [time: 4.78s, train_loss1: 25.8808, train_loss2: 31.1833]
Thu 26 Jan 2023 17:25:18 INFO  epoch 10 evaluating [time: 0.21s, valid_score: 0.025900]
Thu 26 Jan 2023 17:25:18 INFO  valid result: 
recall@10 : 0.0098    mrr@10 : 0.0259    ndcg@10 : 0.0114    hit@10 : 0.0976    precision@10 : 0.0109
Thu 26 Jan 2023 17:25:18 INFO  Saving current: saved/KGAT-Jan-26-2023_17-24-25.pth
Thu 26 Jan 2023 17:25:23 INFO  epoch 11 training [time: 4.71s, train_loss1: 25.8043, train_loss2: 31.1825]
Thu 26 Jan 2023 17:25:23 INFO  epoch 11 evaluating [time: 0.22s, valid_score: 0.025700]
Thu 26 Jan 2023 17:25:23 INFO  valid result: 
recall@10 : 0.0109    mrr@10 : 0.0257    ndcg@10 : 0.012    hit@10 : 0.1029    precision@10 : 0.0118
Thu 26 Jan 2023 17:25:28 INFO  epoch 12 training [time: 4.47s, train_loss1: 25.7219, train_loss2: 31.1822]
Thu 26 Jan 2023 17:25:28 INFO  epoch 12 evaluating [time: 0.20s, valid_score: 0.025800]
Thu 26 Jan 2023 17:25:28 INFO  valid result: 
recall@10 : 0.0115    mrr@10 : 0.0258    ndcg@10 : 0.0124    hit@10 : 0.1071    precision@10 : 0.0123
Thu 26 Jan 2023 17:25:32 INFO  epoch 13 training [time: 3.78s, train_loss1: 25.6481, train_loss2: 31.1813]
Thu 26 Jan 2023 17:25:32 INFO  epoch 13 evaluating [time: 0.22s, valid_score: 0.025700]
Thu 26 Jan 2023 17:25:32 INFO  valid result: 
recall@10 : 0.0116    mrr@10 : 0.0257    ndcg@10 : 0.0125    hit@10 : 0.1071    precision@10 : 0.0125
Thu 26 Jan 2023 17:25:36 INFO  epoch 14 training [time: 4.20s, train_loss1: 25.5710, train_loss2: 31.1805]
Thu 26 Jan 2023 17:25:36 INFO  epoch 14 evaluating [time: 0.19s, valid_score: 0.028700]
Thu 26 Jan 2023 17:25:36 INFO  valid result: 
recall@10 : 0.0117    mrr@10 : 0.0287    ndcg@10 : 0.0131    hit@10 : 0.1082    precision@10 : 0.0127
Thu 26 Jan 2023 17:25:36 INFO  Saving current: saved/KGAT-Jan-26-2023_17-24-25.pth
Thu 26 Jan 2023 17:25:41 INFO  epoch 15 training [time: 4.46s, train_loss1: 25.5022, train_loss2: 31.1800]
Thu 26 Jan 2023 17:25:41 INFO  epoch 15 evaluating [time: 0.19s, valid_score: 0.029300]
Thu 26 Jan 2023 17:25:41 INFO  valid result: 
recall@10 : 0.0111    mrr@10 : 0.0293    ndcg@10 : 0.0132    hit@10 : 0.1092    precision@10 : 0.0127
Thu 26 Jan 2023 17:25:41 INFO  Saving current: saved/KGAT-Jan-26-2023_17-24-25.pth
Thu 26 Jan 2023 17:25:45 INFO  epoch 16 training [time: 4.22s, train_loss1: 25.4260, train_loss2: 31.1799]
Thu 26 Jan 2023 17:25:46 INFO  epoch 16 evaluating [time: 0.19s, valid_score: 0.027900]
Thu 26 Jan 2023 17:25:46 INFO  valid result: 
recall@10 : 0.0117    mrr@10 : 0.0279    ndcg@10 : 0.0132    hit@10 : 0.1092    precision@10 : 0.0127
Thu 26 Jan 2023 17:25:50 INFO  epoch 17 training [time: 4.72s, train_loss1: 25.3773, train_loss2: 31.1792]
Thu 26 Jan 2023 17:25:51 INFO  epoch 17 evaluating [time: 0.20s, valid_score: 0.031500]
Thu 26 Jan 2023 17:25:51 INFO  valid result: 
recall@10 : 0.0123    mrr@10 : 0.0315    ndcg@10 : 0.014    hit@10 : 0.1135    precision@10 : 0.0129
Thu 26 Jan 2023 17:25:51 INFO  Saving current: saved/KGAT-Jan-26-2023_17-24-25.pth
Thu 26 Jan 2023 17:25:55 INFO  epoch 18 training [time: 4.41s, train_loss1: 25.2865, train_loss2: 31.1784]
Thu 26 Jan 2023 17:25:55 INFO  epoch 18 evaluating [time: 0.20s, valid_score: 0.033200]
Thu 26 Jan 2023 17:25:55 INFO  valid result: 
recall@10 : 0.0139    mrr@10 : 0.0332    ndcg@10 : 0.0154    hit@10 : 0.123    precision@10 : 0.0143
Thu 26 Jan 2023 17:25:55 INFO  Saving current: saved/KGAT-Jan-26-2023_17-24-25.pth
Thu 26 Jan 2023 17:26:00 INFO  epoch 19 training [time: 4.48s, train_loss1: 25.2310, train_loss2: 31.1776]
Thu 26 Jan 2023 17:26:00 INFO  epoch 19 evaluating [time: 0.22s, valid_score: 0.032900]
Thu 26 Jan 2023 17:26:00 INFO  valid result: 
recall@10 : 0.0152    mrr@10 : 0.0329    ndcg@10 : 0.0163    hit@10 : 0.1294    precision@10 : 0.0156
Thu 26 Jan 2023 17:26:05 INFO  epoch 20 training [time: 4.63s, train_loss1: 25.1608, train_loss2: 31.1774]
Thu 26 Jan 2023 17:26:05 INFO  epoch 20 evaluating [time: 0.20s, valid_score: 0.035500]
Thu 26 Jan 2023 17:26:05 INFO  valid result: 
recall@10 : 0.0155    mrr@10 : 0.0355    ndcg@10 : 0.0171    hit@10 : 0.1315    precision@10 : 0.016
Thu 26 Jan 2023 17:26:05 INFO  Saving current: saved/KGAT-Jan-26-2023_17-24-25.pth
Thu 26 Jan 2023 17:26:10 INFO  epoch 21 training [time: 5.01s, train_loss1: 25.1054, train_loss2: 31.1763]
Thu 26 Jan 2023 17:26:10 INFO  epoch 21 evaluating [time: 0.20s, valid_score: 0.035000]
Thu 26 Jan 2023 17:26:10 INFO  valid result: 
recall@10 : 0.0134    mrr@10 : 0.035    ndcg@10 : 0.0163    hit@10 : 0.123    precision@10 : 0.0146
Thu 26 Jan 2023 17:26:14 INFO  epoch 22 training [time: 4.31s, train_loss1: 25.0586, train_loss2: 31.1758]
Thu 26 Jan 2023 17:26:15 INFO  epoch 22 evaluating [time: 0.21s, valid_score: 0.036500]
Thu 26 Jan 2023 17:26:15 INFO  valid result: 
recall@10 : 0.0152    mrr@10 : 0.0365    ndcg@10 : 0.0175    hit@10 : 0.1389    precision@10 : 0.0165
Thu 26 Jan 2023 17:26:15 INFO  Saving current: saved/KGAT-Jan-26-2023_17-24-25.pth
Thu 26 Jan 2023 17:26:20 INFO  epoch 23 training [time: 5.19s, train_loss1: 24.9766, train_loss2: 31.1748]
Thu 26 Jan 2023 17:26:20 INFO  epoch 23 evaluating [time: 0.25s, valid_score: 0.035300]
Thu 26 Jan 2023 17:26:20 INFO  valid result: 
recall@10 : 0.0164    mrr@10 : 0.0353    ndcg@10 : 0.0177    hit@10 : 0.14    precision@10 : 0.0173
Thu 26 Jan 2023 17:26:24 INFO  epoch 24 training [time: 4.15s, train_loss1: 24.9162, train_loss2: 31.1743]
Thu 26 Jan 2023 17:26:25 INFO  epoch 24 evaluating [time: 0.20s, valid_score: 0.039200]
Thu 26 Jan 2023 17:26:25 INFO  valid result: 
recall@10 : 0.017    mrr@10 : 0.0392    ndcg@10 : 0.0193    hit@10 : 0.141    precision@10 : 0.0178
Thu 26 Jan 2023 17:26:25 INFO  Saving current: saved/KGAT-Jan-26-2023_17-24-25.pth
Thu 26 Jan 2023 17:26:30 INFO  epoch 25 training [time: 4.97s, train_loss1: 24.8514, train_loss2: 31.1732]
Thu 26 Jan 2023 17:26:30 INFO  epoch 25 evaluating [time: 0.20s, valid_score: 0.041500]
Thu 26 Jan 2023 17:26:30 INFO  valid result: 
recall@10 : 0.0167    mrr@10 : 0.0415    ndcg@10 : 0.0197    hit@10 : 0.1453    precision@10 : 0.0179
Thu 26 Jan 2023 17:26:30 INFO  Saving current: saved/KGAT-Jan-26-2023_17-24-25.pth
Thu 26 Jan 2023 17:26:34 INFO  epoch 26 training [time: 4.26s, train_loss1: 24.7786, train_loss2: 31.1725]
Thu 26 Jan 2023 17:26:34 INFO  epoch 26 evaluating [time: 0.23s, valid_score: 0.039700]
Thu 26 Jan 2023 17:26:34 INFO  valid result: 
recall@10 : 0.0173    mrr@10 : 0.0397    ndcg@10 : 0.0196    hit@10 : 0.1516    precision@10 : 0.0185
Thu 26 Jan 2023 17:26:41 INFO  epoch 27 training [time: 7.09s, train_loss1: 24.7195, train_loss2: 31.1719]
Thu 26 Jan 2023 17:26:42 INFO  epoch 27 evaluating [time: 0.33s, valid_score: 0.041500]
Thu 26 Jan 2023 17:26:42 INFO  valid result: 
recall@10 : 0.0168    mrr@10 : 0.0415    ndcg@10 : 0.0204    hit@10 : 0.1463    precision@10 : 0.019
Thu 26 Jan 2023 17:26:42 INFO  Saving current: saved/KGAT-Jan-26-2023_17-24-25.pth
Thu 26 Jan 2023 17:26:49 INFO  epoch 28 training [time: 7.23s, train_loss1: 24.6967, train_loss2: 31.1711]
Thu 26 Jan 2023 17:26:49 INFO  epoch 28 evaluating [time: 0.39s, valid_score: 0.041700]
Thu 26 Jan 2023 17:26:49 INFO  valid result: 
recall@10 : 0.0171    mrr@10 : 0.0417    ndcg@10 : 0.0205    hit@10 : 0.1506    precision@10 : 0.0193
Thu 26 Jan 2023 17:26:50 INFO  Saving current: saved/KGAT-Jan-26-2023_17-24-25.pth
Thu 26 Jan 2023 17:26:57 INFO  epoch 29 training [time: 7.19s, train_loss1: 24.6083, train_loss2: 31.1705]
Thu 26 Jan 2023 17:26:57 INFO  epoch 29 evaluating [time: 0.29s, valid_score: 0.040900]
Thu 26 Jan 2023 17:26:57 INFO  valid result: 
recall@10 : 0.0167    mrr@10 : 0.0409    ndcg@10 : 0.0206    hit@10 : 0.1516    precision@10 : 0.0196
Thu 26 Jan 2023 17:27:03 INFO  epoch 30 training [time: 6.37s, train_loss1: 24.5342, train_loss2: 31.1697]
Thu 26 Jan 2023 17:27:04 INFO  epoch 30 evaluating [time: 0.24s, valid_score: 0.043500]
Thu 26 Jan 2023 17:27:04 INFO  valid result: 
recall@10 : 0.0193    mrr@10 : 0.0435    ndcg@10 : 0.0216    hit@10 : 0.1644    precision@10 : 0.0203
Thu 26 Jan 2023 17:27:04 INFO  Saving current: saved/KGAT-Jan-26-2023_17-24-25.pth
Thu 26 Jan 2023 17:27:09 INFO  epoch 31 training [time: 4.84s, train_loss1: 24.4848, train_loss2: 31.1688]
Thu 26 Jan 2023 17:27:09 INFO  epoch 31 evaluating [time: 0.24s, valid_score: 0.043200]
Thu 26 Jan 2023 17:27:09 INFO  valid result: 
recall@10 : 0.0188    mrr@10 : 0.0432    ndcg@10 : 0.0216    hit@10 : 0.1612    precision@10 : 0.0201
Thu 26 Jan 2023 17:27:14 INFO  epoch 32 training [time: 5.08s, train_loss1: 24.3872, train_loss2: 31.1676]
Thu 26 Jan 2023 17:27:14 INFO  epoch 32 evaluating [time: 0.24s, valid_score: 0.044800]
Thu 26 Jan 2023 17:27:14 INFO  valid result: 
recall@10 : 0.019    mrr@10 : 0.0448    ndcg@10 : 0.0224    hit@10 : 0.1686    precision@10 : 0.0211
Thu 26 Jan 2023 17:27:14 INFO  Saving current: saved/KGAT-Jan-26-2023_17-24-25.pth
Thu 26 Jan 2023 17:27:18 INFO  epoch 33 training [time: 3.58s, train_loss1: 24.2975, train_loss2: 31.1671]
Thu 26 Jan 2023 17:27:18 INFO  epoch 33 evaluating [time: 0.20s, valid_score: 0.049000]
Thu 26 Jan 2023 17:27:18 INFO  valid result: 
recall@10 : 0.0197    mrr@10 : 0.049    ndcg@10 : 0.0235    hit@10 : 0.1707    precision@10 : 0.0216
Thu 26 Jan 2023 17:27:18 INFO  Saving current: saved/KGAT-Jan-26-2023_17-24-25.pth
Thu 26 Jan 2023 17:27:22 INFO  epoch 34 training [time: 4.31s, train_loss1: 24.1734, train_loss2: 31.1664]
Thu 26 Jan 2023 17:27:23 INFO  epoch 34 evaluating [time: 0.21s, valid_score: 0.050200]
Thu 26 Jan 2023 17:27:23 INFO  valid result: 
recall@10 : 0.0197    mrr@10 : 0.0502    ndcg@10 : 0.0237    hit@10 : 0.1835    precision@10 : 0.0225
Thu 26 Jan 2023 17:27:23 INFO  Saving current: saved/KGAT-Jan-26-2023_17-24-25.pth
Thu 26 Jan 2023 17:27:27 INFO  epoch 35 training [time: 4.27s, train_loss1: 24.0637, train_loss2: 31.1655]
Thu 26 Jan 2023 17:27:27 INFO  epoch 35 evaluating [time: 0.19s, valid_score: 0.048800]
Thu 26 Jan 2023 17:27:27 INFO  valid result: 
recall@10 : 0.0208    mrr@10 : 0.0488    ndcg@10 : 0.0245    hit@10 : 0.176    precision@10 : 0.0222
Thu 26 Jan 2023 17:27:31 INFO  epoch 36 training [time: 4.33s, train_loss1: 23.8224, train_loss2: 31.1639]
Thu 26 Jan 2023 17:27:32 INFO  epoch 36 evaluating [time: 0.20s, valid_score: 0.048000]
Thu 26 Jan 2023 17:27:32 INFO  valid result: 
recall@10 : 0.0205    mrr@10 : 0.048    ndcg@10 : 0.0237    hit@10 : 0.1707    precision@10 : 0.0218
Thu 26 Jan 2023 17:27:36 INFO  epoch 37 training [time: 4.20s, train_loss1: 23.5178, train_loss2: 31.1634]
Thu 26 Jan 2023 17:27:36 INFO  epoch 37 evaluating [time: 0.20s, valid_score: 0.052100]
Thu 26 Jan 2023 17:27:36 INFO  valid result: 
recall@10 : 0.0214    mrr@10 : 0.0521    ndcg@10 : 0.0253    hit@10 : 0.1866    precision@10 : 0.0235
Thu 26 Jan 2023 17:27:36 INFO  Saving current: saved/KGAT-Jan-26-2023_17-24-25.pth
Thu 26 Jan 2023 17:27:41 INFO  epoch 38 training [time: 4.44s, train_loss1: 23.2530, train_loss2: 31.1624]
Thu 26 Jan 2023 17:27:41 INFO  epoch 38 evaluating [time: 0.28s, valid_score: 0.053800]
Thu 26 Jan 2023 17:27:41 INFO  valid result: 
recall@10 : 0.0225    mrr@10 : 0.0538    ndcg@10 : 0.0262    hit@10 : 0.1919    precision@10 : 0.0243
Thu 26 Jan 2023 17:27:41 INFO  Saving current: saved/KGAT-Jan-26-2023_17-24-25.pth
Thu 26 Jan 2023 17:27:45 INFO  epoch 39 training [time: 4.06s, train_loss1: 22.9367, train_loss2: 31.1613]
Thu 26 Jan 2023 17:27:45 INFO  epoch 39 evaluating [time: 0.22s, valid_score: 0.057700]
Thu 26 Jan 2023 17:27:45 INFO  valid result: 
recall@10 : 0.0244    mrr@10 : 0.0577    ndcg@10 : 0.0281    hit@10 : 0.2025    precision@10 : 0.026
Thu 26 Jan 2023 17:27:45 INFO  Saving current: saved/KGAT-Jan-26-2023_17-24-25.pth
Thu 26 Jan 2023 17:27:50 INFO  epoch 40 training [time: 4.34s, train_loss1: 22.6333, train_loss2: 31.1604]
Thu 26 Jan 2023 17:27:50 INFO  epoch 40 evaluating [time: 0.20s, valid_score: 0.061400]
Thu 26 Jan 2023 17:27:50 INFO  valid result: 
recall@10 : 0.0239    mrr@10 : 0.0614    ndcg@10 : 0.029    hit@10 : 0.2057    precision@10 : 0.0262
Thu 26 Jan 2023 17:27:50 INFO  Saving current: saved/KGAT-Jan-26-2023_17-24-25.pth
Thu 26 Jan 2023 17:27:54 INFO  epoch 41 training [time: 4.15s, train_loss1: 22.3904, train_loss2: 31.1592]
Thu 26 Jan 2023 17:27:54 INFO  epoch 41 evaluating [time: 0.23s, valid_score: 0.063400]
Thu 26 Jan 2023 17:27:54 INFO  valid result: 
recall@10 : 0.0243    mrr@10 : 0.0634    ndcg@10 : 0.0295    hit@10 : 0.1994    precision@10 : 0.0259
Thu 26 Jan 2023 17:27:54 INFO  Saving current: saved/KGAT-Jan-26-2023_17-24-25.pth
Thu 26 Jan 2023 17:27:58 INFO  epoch 42 training [time: 3.94s, train_loss1: 22.0993, train_loss2: 31.1585]
Thu 26 Jan 2023 17:27:58 INFO  epoch 42 evaluating [time: 0.19s, valid_score: 0.065000]
Thu 26 Jan 2023 17:27:58 INFO  valid result: 
recall@10 : 0.0262    mrr@10 : 0.065    ndcg@10 : 0.0305    hit@10 : 0.2142    precision@10 : 0.027
Thu 26 Jan 2023 17:27:58 INFO  Saving current: saved/KGAT-Jan-26-2023_17-24-25.pth
Thu 26 Jan 2023 17:28:03 INFO  epoch 43 training [time: 4.15s, train_loss1: 21.8563, train_loss2: 31.1571]
Thu 26 Jan 2023 17:28:03 INFO  epoch 43 evaluating [time: 0.19s, valid_score: 0.061700]
Thu 26 Jan 2023 17:28:03 INFO  valid result: 
recall@10 : 0.0262    mrr@10 : 0.0617    ndcg@10 : 0.0305    hit@10 : 0.2121    precision@10 : 0.028
Thu 26 Jan 2023 17:28:07 INFO  epoch 44 training [time: 3.90s, train_loss1: 21.6472, train_loss2: 31.1561]
Thu 26 Jan 2023 17:28:07 INFO  epoch 44 evaluating [time: 0.22s, valid_score: 0.066300]
Thu 26 Jan 2023 17:28:07 INFO  valid result: 
recall@10 : 0.0295    mrr@10 : 0.0663    ndcg@10 : 0.033    hit@10 : 0.2301    precision@10 : 0.0299
Thu 26 Jan 2023 17:28:07 INFO  Saving current: saved/KGAT-Jan-26-2023_17-24-25.pth
Thu 26 Jan 2023 17:28:11 INFO  epoch 45 training [time: 3.63s, train_loss1: 21.4797, train_loss2: 31.1556]
Thu 26 Jan 2023 17:28:11 INFO  epoch 45 evaluating [time: 0.19s, valid_score: 0.067900]
Thu 26 Jan 2023 17:28:11 INFO  valid result: 
recall@10 : 0.0292    mrr@10 : 0.0679    ndcg@10 : 0.0333    hit@10 : 0.2354    precision@10 : 0.0306
Thu 26 Jan 2023 17:28:11 INFO  Saving current: saved/KGAT-Jan-26-2023_17-24-25.pth
Thu 26 Jan 2023 17:28:15 INFO  epoch 46 training [time: 4.04s, train_loss1: 21.3276, train_loss2: 31.1541]
Thu 26 Jan 2023 17:28:15 INFO  epoch 46 evaluating [time: 0.20s, valid_score: 0.070800]
Thu 26 Jan 2023 17:28:15 INFO  valid result: 
recall@10 : 0.0296    mrr@10 : 0.0708    ndcg@10 : 0.0343    hit@10 : 0.2322    precision@10 : 0.0305
Thu 26 Jan 2023 17:28:15 INFO  Saving current: saved/KGAT-Jan-26-2023_17-24-25.pth
Thu 26 Jan 2023 17:28:19 INFO  epoch 47 training [time: 3.89s, train_loss1: 21.1865, train_loss2: 31.1526]
Thu 26 Jan 2023 17:28:19 INFO  epoch 47 evaluating [time: 0.19s, valid_score: 0.072300]
Thu 26 Jan 2023 17:28:19 INFO  valid result: 
recall@10 : 0.03    mrr@10 : 0.0723    ndcg@10 : 0.0347    hit@10 : 0.2269    precision@10 : 0.0302
Thu 26 Jan 2023 17:28:19 INFO  Saving current: saved/KGAT-Jan-26-2023_17-24-25.pth
Thu 26 Jan 2023 17:28:24 INFO  epoch 48 training [time: 4.34s, train_loss1: 21.0880, train_loss2: 31.1517]
Thu 26 Jan 2023 17:28:24 INFO  epoch 48 evaluating [time: 0.23s, valid_score: 0.072400]
Thu 26 Jan 2023 17:28:24 INFO  valid result: 
recall@10 : 0.0307    mrr@10 : 0.0724    ndcg@10 : 0.035    hit@10 : 0.2365    precision@10 : 0.0316
Thu 26 Jan 2023 17:28:24 INFO  Saving current: saved/KGAT-Jan-26-2023_17-24-25.pth
Thu 26 Jan 2023 17:28:30 INFO  epoch 49 training [time: 6.55s, train_loss1: 21.0127, train_loss2: 31.1504]
Thu 26 Jan 2023 17:28:31 INFO  epoch 49 evaluating [time: 0.24s, valid_score: 0.071100]
Thu 26 Jan 2023 17:28:31 INFO  valid result: 
recall@10 : 0.0295    mrr@10 : 0.0711    ndcg@10 : 0.0346    hit@10 : 0.2269    precision@10 : 0.0305
Thu 26 Jan 2023 17:28:35 INFO  epoch 50 training [time: 3.89s, train_loss1: 20.8404, train_loss2: 31.1493]
Thu 26 Jan 2023 17:28:35 INFO  epoch 50 evaluating [time: 0.19s, valid_score: 0.068900]
Thu 26 Jan 2023 17:28:35 INFO  valid result: 
recall@10 : 0.0286    mrr@10 : 0.0689    ndcg@10 : 0.0339    hit@10 : 0.2238    precision@10 : 0.0303
Thu 26 Jan 2023 17:28:39 INFO  epoch 51 training [time: 3.85s, train_loss1: 20.7816, train_loss2: 31.1478]
Thu 26 Jan 2023 17:28:39 INFO  epoch 51 evaluating [time: 0.19s, valid_score: 0.070000]
Thu 26 Jan 2023 17:28:39 INFO  valid result: 
recall@10 : 0.0285    mrr@10 : 0.07    ndcg@10 : 0.0336    hit@10 : 0.2238    precision@10 : 0.0298
Thu 26 Jan 2023 17:28:43 INFO  epoch 52 training [time: 3.86s, train_loss1: 20.6483, train_loss2: 31.1464]
Thu 26 Jan 2023 17:28:43 INFO  epoch 52 evaluating [time: 0.20s, valid_score: 0.073900]
Thu 26 Jan 2023 17:28:43 INFO  valid result: 
recall@10 : 0.0293    mrr@10 : 0.0739    ndcg@10 : 0.0351    hit@10 : 0.2259    precision@10 : 0.0309
Thu 26 Jan 2023 17:28:43 INFO  Saving current: saved/KGAT-Jan-26-2023_17-24-25.pth
Thu 26 Jan 2023 17:28:47 INFO  epoch 53 training [time: 4.00s, train_loss1: 20.5466, train_loss2: 31.1454]
Thu 26 Jan 2023 17:28:47 INFO  epoch 53 evaluating [time: 0.19s, valid_score: 0.068200]
Thu 26 Jan 2023 17:28:47 INFO  valid result: 
recall@10 : 0.0284    mrr@10 : 0.0682    ndcg@10 : 0.0336    hit@10 : 0.2259    precision@10 : 0.0301
Thu 26 Jan 2023 17:28:51 INFO  epoch 54 training [time: 3.87s, train_loss1: 20.5348, train_loss2: 31.1435]
Thu 26 Jan 2023 17:28:51 INFO  epoch 54 evaluating [time: 0.19s, valid_score: 0.072900]
Thu 26 Jan 2023 17:28:51 INFO  valid result: 
recall@10 : 0.03    mrr@10 : 0.0729    ndcg@10 : 0.0359    hit@10 : 0.2322    precision@10 : 0.032
Thu 26 Jan 2023 17:28:55 INFO  epoch 55 training [time: 3.88s, train_loss1: 20.4319, train_loss2: 31.1424]
Thu 26 Jan 2023 17:28:55 INFO  epoch 55 evaluating [time: 0.19s, valid_score: 0.069100]
Thu 26 Jan 2023 17:28:55 INFO  valid result: 
recall@10 : 0.0282    mrr@10 : 0.0691    ndcg@10 : 0.0338    hit@10 : 0.2195    precision@10 : 0.0299
Thu 26 Jan 2023 17:28:59 INFO  epoch 56 training [time: 3.88s, train_loss1: 20.4148, train_loss2: 31.1408]
Thu 26 Jan 2023 17:28:59 INFO  epoch 56 evaluating [time: 0.19s, valid_score: 0.075200]
Thu 26 Jan 2023 17:28:59 INFO  valid result: 
recall@10 : 0.0315    mrr@10 : 0.0752    ndcg@10 : 0.0363    hit@10 : 0.2397    precision@10 : 0.0319
Thu 26 Jan 2023 17:29:00 INFO  Saving current: saved/KGAT-Jan-26-2023_17-24-25.pth
Thu 26 Jan 2023 17:29:04 INFO  epoch 57 training [time: 4.13s, train_loss1: 20.3003, train_loss2: 31.1395]
Thu 26 Jan 2023 17:29:04 INFO  epoch 57 evaluating [time: 0.20s, valid_score: 0.073300]
Thu 26 Jan 2023 17:29:04 INFO  valid result: 
recall@10 : 0.0299    mrr@10 : 0.0733    ndcg@10 : 0.035    hit@10 : 0.2301    precision@10 : 0.0304
Thu 26 Jan 2023 17:29:08 INFO  epoch 58 training [time: 3.65s, train_loss1: 20.3201, train_loss2: 31.1380]
Thu 26 Jan 2023 17:29:08 INFO  epoch 58 evaluating [time: 0.19s, valid_score: 0.067600]
Thu 26 Jan 2023 17:29:08 INFO  valid result: 
recall@10 : 0.0294    mrr@10 : 0.0676    ndcg@10 : 0.0335    hit@10 : 0.2195    precision@10 : 0.0293
Thu 26 Jan 2023 17:29:12 INFO  epoch 59 training [time: 3.98s, train_loss1: 20.2255, train_loss2: 31.1363]
Thu 26 Jan 2023 17:29:12 INFO  epoch 59 evaluating [time: 0.19s, valid_score: 0.072500]
Thu 26 Jan 2023 17:29:12 INFO  valid result: 
recall@10 : 0.0288    mrr@10 : 0.0725    ndcg@10 : 0.0346    hit@10 : 0.228    precision@10 : 0.03
Thu 26 Jan 2023 17:29:16 INFO  epoch 60 training [time: 3.99s, train_loss1: 20.1609, train_loss2: 31.1344]
Thu 26 Jan 2023 17:29:16 INFO  epoch 60 evaluating [time: 0.19s, valid_score: 0.069600]
Thu 26 Jan 2023 17:29:16 INFO  valid result: 
recall@10 : 0.027    mrr@10 : 0.0696    ndcg@10 : 0.0331    hit@10 : 0.2153    precision@10 : 0.0285
Thu 26 Jan 2023 17:29:20 INFO  epoch 61 training [time: 4.04s, train_loss1: 20.1123, train_loss2: 31.1330]
Thu 26 Jan 2023 17:29:20 INFO  epoch 61 evaluating [time: 0.19s, valid_score: 0.070300]
Thu 26 Jan 2023 17:29:20 INFO  valid result: 
recall@10 : 0.0299    mrr@10 : 0.0703    ndcg@10 : 0.0349    hit@10 : 0.2248    precision@10 : 0.0303
Thu 26 Jan 2023 17:29:24 INFO  epoch 62 training [time: 4.03s, train_loss1: 20.1032, train_loss2: 31.1314]
Thu 26 Jan 2023 17:29:25 INFO  epoch 62 evaluating [time: 0.19s, valid_score: 0.069000]
Thu 26 Jan 2023 17:29:25 INFO  valid result: 
recall@10 : 0.0272    mrr@10 : 0.069    ndcg@10 : 0.0329    hit@10 : 0.2153    precision@10 : 0.0288
Thu 26 Jan 2023 17:29:28 INFO  epoch 63 training [time: 3.98s, train_loss1: 20.0356, train_loss2: 31.1302]
Thu 26 Jan 2023 17:29:29 INFO  epoch 63 evaluating [time: 0.21s, valid_score: 0.072400]
Thu 26 Jan 2023 17:29:29 INFO  valid result: 
recall@10 : 0.0302    mrr@10 : 0.0724    ndcg@10 : 0.0354    hit@10 : 0.2259    precision@10 : 0.0304
Thu 26 Jan 2023 17:29:33 INFO  epoch 64 training [time: 4.39s, train_loss1: 20.0210, train_loss2: 31.1283]
Thu 26 Jan 2023 17:29:33 INFO  epoch 64 evaluating [time: 0.19s, valid_score: 0.070900]
Thu 26 Jan 2023 17:29:33 INFO  valid result: 
recall@10 : 0.0306    mrr@10 : 0.0709    ndcg@10 : 0.0348    hit@10 : 0.2354    precision@10 : 0.0302
Thu 26 Jan 2023 17:29:37 INFO  epoch 65 training [time: 3.98s, train_loss1: 19.9438, train_loss2: 31.1268]
Thu 26 Jan 2023 17:29:37 INFO  epoch 65 evaluating [time: 0.19s, valid_score: 0.069800]
Thu 26 Jan 2023 17:29:37 INFO  valid result: 
recall@10 : 0.0282    mrr@10 : 0.0698    ndcg@10 : 0.0337    hit@10 : 0.2163    precision@10 : 0.0288
Thu 26 Jan 2023 17:29:42 INFO  epoch 66 training [time: 4.57s, train_loss1: 19.9497, train_loss2: 31.1250]
Thu 26 Jan 2023 17:29:42 INFO  epoch 66 evaluating [time: 0.19s, valid_score: 0.072300]
Thu 26 Jan 2023 17:29:42 INFO  valid result: 
recall@10 : 0.0317    mrr@10 : 0.0723    ndcg@10 : 0.0359    hit@10 : 0.2344    precision@10 : 0.0312
Thu 26 Jan 2023 17:29:46 INFO  epoch 67 training [time: 3.88s, train_loss1: 19.9079, train_loss2: 31.1230]
Thu 26 Jan 2023 17:29:46 INFO  epoch 67 evaluating [time: 0.19s, valid_score: 0.072800]
Thu 26 Jan 2023 17:29:46 INFO  valid result: 
recall@10 : 0.0313    mrr@10 : 0.0728    ndcg@10 : 0.0357    hit@10 : 0.2301    precision@10 : 0.0309
Thu 26 Jan 2023 17:29:51 INFO  epoch 68 training [time: 4.24s, train_loss1: 19.7668, train_loss2: 31.1215]
Thu 26 Jan 2023 17:29:51 INFO  epoch 68 evaluating [time: 0.22s, valid_score: 0.069500]
Thu 26 Jan 2023 17:29:51 INFO  valid result: 
recall@10 : 0.0305    mrr@10 : 0.0695    ndcg@10 : 0.0346    hit@10 : 0.228    precision@10 : 0.0301
Thu 26 Jan 2023 17:29:55 INFO  epoch 69 training [time: 4.25s, train_loss1: 19.8050, train_loss2: 31.1193]
Thu 26 Jan 2023 17:29:55 INFO  epoch 69 evaluating [time: 0.21s, valid_score: 0.069100]
Thu 26 Jan 2023 17:29:55 INFO  valid result: 
recall@10 : 0.0304    mrr@10 : 0.0691    ndcg@10 : 0.0339    hit@10 : 0.2301    precision@10 : 0.0296
Thu 26 Jan 2023 17:30:00 INFO  epoch 70 training [time: 4.29s, train_loss1: 19.7421, train_loss2: 31.1179]
Thu 26 Jan 2023 17:30:00 INFO  epoch 70 evaluating [time: 0.19s, valid_score: 0.071900]
Thu 26 Jan 2023 17:30:00 INFO  valid result: 
recall@10 : 0.0321    mrr@10 : 0.0719    ndcg@10 : 0.0361    hit@10 : 0.2344    precision@10 : 0.0311
Thu 26 Jan 2023 17:30:04 INFO  epoch 71 training [time: 4.07s, train_loss1: 19.7003, train_loss2: 31.1154]
Thu 26 Jan 2023 17:30:04 INFO  epoch 71 evaluating [time: 0.20s, valid_score: 0.070400]
Thu 26 Jan 2023 17:30:04 INFO  valid result: 
recall@10 : 0.0318    mrr@10 : 0.0704    ndcg@10 : 0.0352    hit@10 : 0.2301    precision@10 : 0.0303
Thu 26 Jan 2023 17:30:08 INFO  epoch 72 training [time: 4.16s, train_loss1: 19.6599, train_loss2: 31.1136]
Thu 26 Jan 2023 17:30:08 INFO  epoch 72 evaluating [time: 0.20s, valid_score: 0.069400]
Thu 26 Jan 2023 17:30:08 INFO  valid result: 
recall@10 : 0.0318    mrr@10 : 0.0694    ndcg@10 : 0.0351    hit@10 : 0.2333    precision@10 : 0.0308
Thu 26 Jan 2023 17:30:12 INFO  epoch 73 training [time: 4.14s, train_loss1: 19.6398, train_loss2: 31.1116]
Thu 26 Jan 2023 17:30:13 INFO  epoch 73 evaluating [time: 0.19s, valid_score: 0.072500]
Thu 26 Jan 2023 17:30:13 INFO  valid result: 
recall@10 : 0.0309    mrr@10 : 0.0725    ndcg@10 : 0.0354    hit@10 : 0.2344    precision@10 : 0.0302
Thu 26 Jan 2023 17:30:17 INFO  epoch 74 training [time: 3.95s, train_loss1: 19.6128, train_loss2: 31.1099]
Thu 26 Jan 2023 17:30:17 INFO  epoch 74 evaluating [time: 0.20s, valid_score: 0.073200]
Thu 26 Jan 2023 17:30:17 INFO  valid result: 
recall@10 : 0.0326    mrr@10 : 0.0732    ndcg@10 : 0.0361    hit@10 : 0.2397    precision@10 : 0.0312
Thu 26 Jan 2023 17:30:21 INFO  epoch 75 training [time: 3.83s, train_loss1: 19.5837, train_loss2: 31.1078]
Thu 26 Jan 2023 17:30:21 INFO  epoch 75 evaluating [time: 0.19s, valid_score: 0.068600]
Thu 26 Jan 2023 17:30:21 INFO  valid result: 
recall@10 : 0.0313    mrr@10 : 0.0686    ndcg@10 : 0.0351    hit@10 : 0.2354    precision@10 : 0.031
Thu 26 Jan 2023 17:30:25 INFO  epoch 76 training [time: 4.15s, train_loss1: 19.5683, train_loss2: 31.1056]
Thu 26 Jan 2023 17:30:25 INFO  epoch 76 evaluating [time: 0.19s, valid_score: 0.069000]
Thu 26 Jan 2023 17:30:25 INFO  valid result: 
recall@10 : 0.0323    mrr@10 : 0.069    ndcg@10 : 0.0352    hit@10 : 0.2333    precision@10 : 0.0303
Thu 26 Jan 2023 17:30:29 INFO  epoch 77 training [time: 4.13s, train_loss1: 19.5457, train_loss2: 31.1039]
Thu 26 Jan 2023 17:30:29 INFO  epoch 77 evaluating [time: 0.19s, valid_score: 0.071000]
Thu 26 Jan 2023 17:30:29 INFO  valid result: 
recall@10 : 0.0311    mrr@10 : 0.071    ndcg@10 : 0.0358    hit@10 : 0.2322    precision@10 : 0.0312
Thu 26 Jan 2023 17:30:34 INFO  epoch 78 training [time: 4.11s, train_loss1: 19.5125, train_loss2: 31.1017]
Thu 26 Jan 2023 17:30:34 INFO  epoch 78 evaluating [time: 0.19s, valid_score: 0.069800]
Thu 26 Jan 2023 17:30:34 INFO  valid result: 
recall@10 : 0.0315    mrr@10 : 0.0698    ndcg@10 : 0.0356    hit@10 : 0.2322    precision@10 : 0.0311
Thu 26 Jan 2023 17:30:39 INFO  epoch 79 training [time: 5.12s, train_loss1: 19.4793, train_loss2: 31.0995]
Thu 26 Jan 2023 17:30:39 INFO  epoch 79 evaluating [time: 0.24s, valid_score: 0.070500]
Thu 26 Jan 2023 17:30:39 INFO  valid result: 
recall@10 : 0.031    mrr@10 : 0.0705    ndcg@10 : 0.0349    hit@10 : 0.2375    precision@10 : 0.0306
Thu 26 Jan 2023 17:30:44 INFO  epoch 80 training [time: 4.84s, train_loss1: 19.4237, train_loss2: 31.0974]
Thu 26 Jan 2023 17:30:44 INFO  epoch 80 evaluating [time: 0.23s, valid_score: 0.069500]
Thu 26 Jan 2023 17:30:44 INFO  valid result: 
recall@10 : 0.033    mrr@10 : 0.0695    ndcg@10 : 0.0362    hit@10 : 0.2418    precision@10 : 0.0322
Thu 26 Jan 2023 17:30:52 INFO  epoch 81 training [time: 7.14s, train_loss1: 19.3975, train_loss2: 31.0952]
Thu 26 Jan 2023 17:30:52 INFO  epoch 81 evaluating [time: 0.46s, valid_score: 0.070800]
Thu 26 Jan 2023 17:30:52 INFO  valid result: 
recall@10 : 0.0317    mrr@10 : 0.0708    ndcg@10 : 0.0357    hit@10 : 0.2344    precision@10 : 0.0311
Thu 26 Jan 2023 17:30:59 INFO  epoch 82 training [time: 7.24s, train_loss1: 19.3849, train_loss2: 31.0927]
Thu 26 Jan 2023 17:31:00 INFO  epoch 82 evaluating [time: 0.35s, valid_score: 0.071300]
Thu 26 Jan 2023 17:31:00 INFO  valid result: 
recall@10 : 0.0311    mrr@10 : 0.0713    ndcg@10 : 0.0358    hit@10 : 0.2344    precision@10 : 0.0316
Thu 26 Jan 2023 17:31:07 INFO  epoch 83 training [time: 7.74s, train_loss1: 19.3541, train_loss2: 31.0908]
Thu 26 Jan 2023 17:31:08 INFO  epoch 83 evaluating [time: 0.31s, valid_score: 0.067100]
Thu 26 Jan 2023 17:31:08 INFO  valid result: 
recall@10 : 0.0316    mrr@10 : 0.0671    ndcg@10 : 0.0348    hit@10 : 0.2354    precision@10 : 0.0315
Thu 26 Jan 2023 17:31:16 INFO  epoch 84 training [time: 8.42s, train_loss1: 19.3289, train_loss2: 31.0882]
Thu 26 Jan 2023 17:31:16 INFO  epoch 84 evaluating [time: 0.32s, valid_score: 0.068000]
Thu 26 Jan 2023 17:31:16 INFO  valid result: 
recall@10 : 0.0325    mrr@10 : 0.068    ndcg@10 : 0.0344    hit@10 : 0.2322    precision@10 : 0.0305
Thu 26 Jan 2023 17:31:24 INFO  epoch 85 training [time: 7.34s, train_loss1: 19.2748, train_loss2: 31.0855]
Thu 26 Jan 2023 17:31:24 INFO  epoch 85 evaluating [time: 0.27s, valid_score: 0.067300]
Thu 26 Jan 2023 17:31:24 INFO  valid result: 
recall@10 : 0.033    mrr@10 : 0.0673    ndcg@10 : 0.0352    hit@10 : 0.2291    precision@10 : 0.031
Thu 26 Jan 2023 17:31:32 INFO  epoch 86 training [time: 7.66s, train_loss1: 19.2920, train_loss2: 31.0834]
Thu 26 Jan 2023 17:31:32 INFO  epoch 86 evaluating [time: 0.34s, valid_score: 0.067900]
Thu 26 Jan 2023 17:31:32 INFO  valid result: 
recall@10 : 0.0312    mrr@10 : 0.0679    ndcg@10 : 0.0349    hit@10 : 0.2269    precision@10 : 0.0308
Thu 26 Jan 2023 17:31:40 INFO  epoch 87 training [time: 7.40s, train_loss1: 19.2668, train_loss2: 31.0811]
Thu 26 Jan 2023 17:31:40 INFO  epoch 87 evaluating [time: 0.30s, valid_score: 0.066000]
Thu 26 Jan 2023 17:31:40 INFO  valid result: 
recall@10 : 0.0312    mrr@10 : 0.066    ndcg@10 : 0.0339    hit@10 : 0.2216    precision@10 : 0.0301
Thu 26 Jan 2023 17:31:47 INFO  epoch 88 training [time: 7.08s, train_loss1: 19.2210, train_loss2: 31.0787]
Thu 26 Jan 2023 17:31:47 INFO  epoch 88 evaluating [time: 0.33s, valid_score: 0.066700]
Thu 26 Jan 2023 17:31:47 INFO  valid result: 
recall@10 : 0.0314    mrr@10 : 0.0667    ndcg@10 : 0.0343    hit@10 : 0.2227    precision@10 : 0.0296
Thu 26 Jan 2023 17:31:54 INFO  epoch 89 training [time: 6.65s, train_loss1: 19.1691, train_loss2: 31.0757]
Thu 26 Jan 2023 17:31:54 INFO  epoch 89 evaluating [time: 0.38s, valid_score: 0.065300]
Thu 26 Jan 2023 17:31:54 INFO  valid result: 
recall@10 : 0.0312    mrr@10 : 0.0653    ndcg@10 : 0.0338    hit@10 : 0.2163    precision@10 : 0.0296
Thu 26 Jan 2023 17:32:02 INFO  epoch 90 training [time: 7.60s, train_loss1: 19.1950, train_loss2: 31.0736]
Thu 26 Jan 2023 17:32:02 INFO  epoch 90 evaluating [time: 0.40s, valid_score: 0.066200]
Thu 26 Jan 2023 17:32:02 INFO  valid result: 
recall@10 : 0.0332    mrr@10 : 0.0662    ndcg@10 : 0.035    hit@10 : 0.2312    precision@10 : 0.0312
Thu 26 Jan 2023 17:32:10 INFO  epoch 91 training [time: 7.52s, train_loss1: 19.1788, train_loss2: 31.0706]
Thu 26 Jan 2023 17:32:10 INFO  epoch 91 evaluating [time: 0.33s, valid_score: 0.067000]
Thu 26 Jan 2023 17:32:10 INFO  valid result: 
recall@10 : 0.0307    mrr@10 : 0.067    ndcg@10 : 0.0344    hit@10 : 0.2216    precision@10 : 0.0304
Thu 26 Jan 2023 17:32:18 INFO  epoch 92 training [time: 7.56s, train_loss1: 19.0958, train_loss2: 31.0685]
Thu 26 Jan 2023 17:32:18 INFO  epoch 92 evaluating [time: 0.47s, valid_score: 0.062800]
Thu 26 Jan 2023 17:32:18 INFO  valid result: 
recall@10 : 0.031    mrr@10 : 0.0628    ndcg@10 : 0.0337    hit@10 : 0.2227    precision@10 : 0.0304
Thu 26 Jan 2023 17:32:26 INFO  epoch 93 training [time: 7.36s, train_loss1: 19.1578, train_loss2: 31.0649]
Thu 26 Jan 2023 17:32:26 INFO  epoch 93 evaluating [time: 0.41s, valid_score: 0.067000]
Thu 26 Jan 2023 17:32:26 INFO  valid result: 
recall@10 : 0.0333    mrr@10 : 0.067    ndcg@10 : 0.0355    hit@10 : 0.2301    precision@10 : 0.0313
Thu 26 Jan 2023 17:32:34 INFO  epoch 94 training [time: 8.16s, train_loss1: 19.0990, train_loss2: 31.0630]
Thu 26 Jan 2023 17:32:35 INFO  epoch 94 evaluating [time: 0.45s, valid_score: 0.065500]
Thu 26 Jan 2023 17:32:35 INFO  valid result: 
recall@10 : 0.0332    mrr@10 : 0.0655    ndcg@10 : 0.0351    hit@10 : 0.2291    precision@10 : 0.0313
Thu 26 Jan 2023 17:32:42 INFO  epoch 95 training [time: 7.45s, train_loss1: 19.0972, train_loss2: 31.0598]
Thu 26 Jan 2023 17:32:42 INFO  epoch 95 evaluating [time: 0.36s, valid_score: 0.064600]
Thu 26 Jan 2023 17:32:42 INFO  valid result: 
recall@10 : 0.0314    mrr@10 : 0.0646    ndcg@10 : 0.0342    hit@10 : 0.2238    precision@10 : 0.0303
Thu 26 Jan 2023 17:32:50 INFO  epoch 96 training [time: 7.65s, train_loss1: 19.0868, train_loss2: 31.0572]
Thu 26 Jan 2023 17:32:50 INFO  epoch 96 evaluating [time: 0.32s, valid_score: 0.064800]
Thu 26 Jan 2023 17:32:50 INFO  valid result: 
recall@10 : 0.0319    mrr@10 : 0.0648    ndcg@10 : 0.0342    hit@10 : 0.2269    precision@10 : 0.0309
Thu 26 Jan 2023 17:32:59 INFO  epoch 97 training [time: 8.31s, train_loss1: 18.9932, train_loss2: 31.0548]
Thu 26 Jan 2023 17:32:59 INFO  epoch 97 evaluating [time: 0.58s, valid_score: 0.064600]
Thu 26 Jan 2023 17:32:59 INFO  valid result: 
recall@10 : 0.0308    mrr@10 : 0.0646    ndcg@10 : 0.0344    hit@10 : 0.2227    precision@10 : 0.031
Thu 26 Jan 2023 17:33:07 INFO  epoch 98 training [time: 7.60s, train_loss1: 19.0051, train_loss2: 31.0519]
Thu 26 Jan 2023 17:33:07 INFO  epoch 98 evaluating [time: 0.38s, valid_score: 0.065100]
Thu 26 Jan 2023 17:33:07 INFO  valid result: 
recall@10 : 0.032    mrr@10 : 0.0651    ndcg@10 : 0.0346    hit@10 : 0.2248    precision@10 : 0.031
Thu 26 Jan 2023 17:33:16 INFO  epoch 99 training [time: 8.82s, train_loss1: 19.0328, train_loss2: 31.0488]
Thu 26 Jan 2023 17:33:17 INFO  epoch 99 evaluating [time: 0.43s, valid_score: 0.064300]
Thu 26 Jan 2023 17:33:17 INFO  valid result: 
recall@10 : 0.0315    mrr@10 : 0.0643    ndcg@10 : 0.0339    hit@10 : 0.2195    precision@10 : 0.0301
Thu 26 Jan 2023 17:33:25 INFO  epoch 100 training [time: 8.84s, train_loss1: 18.9712, train_loss2: 31.0456]
Thu 26 Jan 2023 17:33:26 INFO  epoch 100 evaluating [time: 0.36s, valid_score: 0.063100]
Thu 26 Jan 2023 17:33:26 INFO  valid result: 
recall@10 : 0.0332    mrr@10 : 0.0631    ndcg@10 : 0.0343    hit@10 : 0.2312    precision@10 : 0.0312
Thu 26 Jan 2023 17:33:34 INFO  epoch 101 training [time: 8.49s, train_loss1: 18.9597, train_loss2: 31.0429]
Thu 26 Jan 2023 17:33:35 INFO  epoch 101 evaluating [time: 0.39s, valid_score: 0.063100]
Thu 26 Jan 2023 17:33:35 INFO  valid result: 
recall@10 : 0.0317    mrr@10 : 0.0631    ndcg@10 : 0.0339    hit@10 : 0.2248    precision@10 : 0.0309
Thu 26 Jan 2023 17:33:49 INFO  epoch 102 training [time: 14.49s, train_loss1: 18.9717, train_loss2: 31.0398]
Thu 26 Jan 2023 17:33:50 INFO  epoch 102 evaluating [time: 0.49s, valid_score: 0.066500]
Thu 26 Jan 2023 17:33:50 INFO  valid result: 
recall@10 : 0.0326    mrr@10 : 0.0665    ndcg@10 : 0.0356    hit@10 : 0.2238    precision@10 : 0.0311
Thu 26 Jan 2023 17:33:58 INFO  epoch 103 training [time: 7.97s, train_loss1: 18.9472, train_loss2: 31.0365]
Thu 26 Jan 2023 17:33:58 INFO  epoch 103 evaluating [time: 0.30s, valid_score: 0.063200]
Thu 26 Jan 2023 17:33:58 INFO  valid result: 
recall@10 : 0.0303    mrr@10 : 0.0632    ndcg@10 : 0.0335    hit@10 : 0.2185    precision@10 : 0.0302
Thu 26 Jan 2023 17:34:05 INFO  epoch 104 training [time: 7.41s, train_loss1: 18.8296, train_loss2: 31.0343]
Thu 26 Jan 2023 17:34:06 INFO  epoch 104 evaluating [time: 0.27s, valid_score: 0.064500]
Thu 26 Jan 2023 17:34:06 INFO  valid result: 
recall@10 : 0.032    mrr@10 : 0.0645    ndcg@10 : 0.0343    hit@10 : 0.2238    precision@10 : 0.0305
Thu 26 Jan 2023 17:34:13 INFO  epoch 105 training [time: 7.72s, train_loss1: 18.8493, train_loss2: 31.0306]
Thu 26 Jan 2023 17:34:14 INFO  epoch 105 evaluating [time: 0.28s, valid_score: 0.065200]
Thu 26 Jan 2023 17:34:14 INFO  valid result: 
recall@10 : 0.0329    mrr@10 : 0.0652    ndcg@10 : 0.0345    hit@10 : 0.2248    precision@10 : 0.0304
Thu 26 Jan 2023 17:34:20 INFO  epoch 106 training [time: 6.60s, train_loss1: 18.8245, train_loss2: 31.0278]
Thu 26 Jan 2023 17:34:21 INFO  epoch 106 evaluating [time: 0.31s, valid_score: 0.066300]
Thu 26 Jan 2023 17:34:21 INFO  valid result: 
recall@10 : 0.032    mrr@10 : 0.0663    ndcg@10 : 0.0346    hit@10 : 0.2259    precision@10 : 0.0301
Thu 26 Jan 2023 17:34:28 INFO  epoch 107 training [time: 7.15s, train_loss1: 18.8082, train_loss2: 31.0245]
Thu 26 Jan 2023 17:34:28 INFO  epoch 107 evaluating [time: 0.29s, valid_score: 0.064600]
Thu 26 Jan 2023 17:34:28 INFO  valid result: 
recall@10 : 0.0334    mrr@10 : 0.0646    ndcg@10 : 0.0347    hit@10 : 0.2259    precision@10 : 0.0306
Thu 26 Jan 2023 17:34:34 INFO  epoch 108 training [time: 6.43s, train_loss1: 18.8463, train_loss2: 31.0214]
Thu 26 Jan 2023 17:34:35 INFO  epoch 108 evaluating [time: 0.29s, valid_score: 0.068100]
Thu 26 Jan 2023 17:34:35 INFO  valid result: 
recall@10 : 0.0334    mrr@10 : 0.0681    ndcg@10 : 0.0357    hit@10 : 0.2312    precision@10 : 0.0314
Thu 26 Jan 2023 17:34:43 INFO  epoch 109 training [time: 7.89s, train_loss1: 18.8049, train_loss2: 31.0173]
Thu 26 Jan 2023 17:34:43 INFO  epoch 109 evaluating [time: 0.40s, valid_score: 0.066700]
Thu 26 Jan 2023 17:34:43 INFO  valid result: 
recall@10 : 0.0335    mrr@10 : 0.0667    ndcg@10 : 0.0353    hit@10 : 0.2291    precision@10 : 0.0311
Thu 26 Jan 2023 17:34:52 INFO  epoch 110 training [time: 8.82s, train_loss1: 18.8209, train_loss2: 31.0145]
Thu 26 Jan 2023 17:34:52 INFO  epoch 110 evaluating [time: 0.39s, valid_score: 0.066500]
Thu 26 Jan 2023 17:34:52 INFO  valid result: 
recall@10 : 0.0336    mrr@10 : 0.0665    ndcg@10 : 0.0351    hit@10 : 0.228    precision@10 : 0.0312
Thu 26 Jan 2023 17:34:59 INFO  epoch 111 training [time: 6.88s, train_loss1: 18.7936, train_loss2: 31.0112]
Thu 26 Jan 2023 17:35:00 INFO  epoch 111 evaluating [time: 0.50s, valid_score: 0.065800]
Thu 26 Jan 2023 17:35:00 INFO  valid result: 
recall@10 : 0.0326    mrr@10 : 0.0658    ndcg@10 : 0.035    hit@10 : 0.2248    precision@10 : 0.0312
Thu 26 Jan 2023 17:35:09 INFO  epoch 112 training [time: 9.22s, train_loss1: 18.7416, train_loss2: 31.0076]
Thu 26 Jan 2023 17:35:09 INFO  epoch 112 evaluating [time: 0.42s, valid_score: 0.065300]
Thu 26 Jan 2023 17:35:09 INFO  valid result: 
recall@10 : 0.032    mrr@10 : 0.0653    ndcg@10 : 0.034    hit@10 : 0.2238    precision@10 : 0.03
Thu 26 Jan 2023 17:35:17 INFO  epoch 113 training [time: 7.97s, train_loss1: 18.7320, train_loss2: 31.0042]
Thu 26 Jan 2023 17:35:18 INFO  epoch 113 evaluating [time: 0.43s, valid_score: 0.064500]
Thu 26 Jan 2023 17:35:18 INFO  valid result: 
recall@10 : 0.0312    mrr@10 : 0.0645    ndcg@10 : 0.034    hit@10 : 0.2259    precision@10 : 0.0305
Thu 26 Jan 2023 17:35:26 INFO  epoch 114 training [time: 8.05s, train_loss1: 18.7381, train_loss2: 31.0009]
Thu 26 Jan 2023 17:35:26 INFO  epoch 114 evaluating [time: 0.28s, valid_score: 0.065100]
Thu 26 Jan 2023 17:35:26 INFO  valid result: 
recall@10 : 0.0315    mrr@10 : 0.0651    ndcg@10 : 0.0346    hit@10 : 0.2238    precision@10 : 0.0309
Thu 26 Jan 2023 17:35:33 INFO  epoch 115 training [time: 6.63s, train_loss1: 18.7103, train_loss2: 30.9974]
Thu 26 Jan 2023 17:35:33 INFO  epoch 115 evaluating [time: 0.30s, valid_score: 0.064200]
Thu 26 Jan 2023 17:35:33 INFO  valid result: 
recall@10 : 0.0323    mrr@10 : 0.0642    ndcg@10 : 0.0344    hit@10 : 0.2269    precision@10 : 0.0309
Thu 26 Jan 2023 17:35:40 INFO  epoch 116 training [time: 7.23s, train_loss1: 18.6911, train_loss2: 30.9937]
Thu 26 Jan 2023 17:35:40 INFO  epoch 116 evaluating [time: 0.30s, valid_score: 0.064900]
Thu 26 Jan 2023 17:35:40 INFO  valid result: 
recall@10 : 0.0314    mrr@10 : 0.0649    ndcg@10 : 0.0342    hit@10 : 0.2195    precision@10 : 0.0299
Thu 26 Jan 2023 17:35:48 INFO  epoch 117 training [time: 7.95s, train_loss1: 18.7558, train_loss2: 30.9904]
Thu 26 Jan 2023 17:35:49 INFO  epoch 117 evaluating [time: 0.30s, valid_score: 0.064700]
Thu 26 Jan 2023 17:35:49 INFO  valid result: 
recall@10 : 0.0304    mrr@10 : 0.0647    ndcg@10 : 0.0333    hit@10 : 0.2131    precision@10 : 0.029
Thu 26 Jan 2023 17:35:56 INFO  epoch 118 training [time: 7.55s, train_loss1: 18.6816, train_loss2: 30.9864]
Thu 26 Jan 2023 17:35:57 INFO  epoch 118 evaluating [time: 0.37s, valid_score: 0.068400]
Thu 26 Jan 2023 17:35:57 INFO  valid result: 
recall@10 : 0.0321    mrr@10 : 0.0684    ndcg@10 : 0.0352    hit@10 : 0.2269    precision@10 : 0.0305
Thu 26 Jan 2023 17:36:05 INFO  epoch 119 training [time: 8.27s, train_loss1: 18.6845, train_loss2: 30.9826]
Thu 26 Jan 2023 17:36:05 INFO  epoch 119 evaluating [time: 0.30s, valid_score: 0.068100]
Thu 26 Jan 2023 17:36:05 INFO  valid result: 
recall@10 : 0.0329    mrr@10 : 0.0681    ndcg@10 : 0.0352    hit@10 : 0.2259    precision@10 : 0.0308
Thu 26 Jan 2023 17:36:13 INFO  epoch 120 training [time: 7.37s, train_loss1: 18.5981, train_loss2: 30.9789]
Thu 26 Jan 2023 17:36:13 INFO  epoch 120 evaluating [time: 0.29s, valid_score: 0.067100]
Thu 26 Jan 2023 17:36:13 INFO  valid result: 
recall@10 : 0.032    mrr@10 : 0.0671    ndcg@10 : 0.0347    hit@10 : 0.228    precision@10 : 0.0308
Thu 26 Jan 2023 17:36:20 INFO  epoch 121 training [time: 6.85s, train_loss1: 18.6257, train_loss2: 30.9754]
Thu 26 Jan 2023 17:36:20 INFO  epoch 121 evaluating [time: 0.33s, valid_score: 0.064600]
Thu 26 Jan 2023 17:36:20 INFO  valid result: 
recall@10 : 0.031    mrr@10 : 0.0646    ndcg@10 : 0.034    hit@10 : 0.2163    precision@10 : 0.0302
Thu 26 Jan 2023 17:36:27 INFO  epoch 122 training [time: 6.47s, train_loss1: 18.6282, train_loss2: 30.9716]
Thu 26 Jan 2023 17:36:27 INFO  epoch 122 evaluating [time: 0.27s, valid_score: 0.068800]
Thu 26 Jan 2023 17:36:27 INFO  valid result: 
recall@10 : 0.0329    mrr@10 : 0.0688    ndcg@10 : 0.0356    hit@10 : 0.2291    precision@10 : 0.0311
Thu 26 Jan 2023 17:36:34 INFO  epoch 123 training [time: 6.85s, train_loss1: 18.6218, train_loss2: 30.9675]
Thu 26 Jan 2023 17:36:34 INFO  epoch 123 evaluating [time: 0.35s, valid_score: 0.065800]
Thu 26 Jan 2023 17:36:34 INFO  valid result: 
recall@10 : 0.0325    mrr@10 : 0.0658    ndcg@10 : 0.0343    hit@10 : 0.2238    precision@10 : 0.0298
Thu 26 Jan 2023 17:36:41 INFO  epoch 124 training [time: 6.88s, train_loss1: 18.5699, train_loss2: 30.9640]
Thu 26 Jan 2023 17:36:41 INFO  epoch 124 evaluating [time: 0.44s, valid_score: 0.069000]
Thu 26 Jan 2023 17:36:41 INFO  valid result: 
recall@10 : 0.0339    mrr@10 : 0.069    ndcg@10 : 0.0362    hit@10 : 0.2301    precision@10 : 0.0317
Thu 26 Jan 2023 17:36:48 INFO  epoch 125 training [time: 6.20s, train_loss1: 18.5504, train_loss2: 30.9599]
Thu 26 Jan 2023 17:36:48 INFO  epoch 125 evaluating [time: 0.27s, valid_score: 0.065000]
Thu 26 Jan 2023 17:36:48 INFO  valid result: 
recall@10 : 0.0317    mrr@10 : 0.065    ndcg@10 : 0.0345    hit@10 : 0.2195    precision@10 : 0.0305
Thu 26 Jan 2023 17:36:55 INFO  epoch 126 training [time: 6.90s, train_loss1: 18.5485, train_loss2: 30.9557]
Thu 26 Jan 2023 17:36:55 INFO  epoch 126 evaluating [time: 0.27s, valid_score: 0.068600]
Thu 26 Jan 2023 17:36:55 INFO  valid result: 
recall@10 : 0.0321    mrr@10 : 0.0686    ndcg@10 : 0.0354    hit@10 : 0.2269    precision@10 : 0.031
Thu 26 Jan 2023 17:37:02 INFO  epoch 127 training [time: 6.98s, train_loss1: 18.4860, train_loss2: 30.9519]
Thu 26 Jan 2023 17:37:02 INFO  epoch 127 evaluating [time: 0.27s, valid_score: 0.066100]
Thu 26 Jan 2023 17:37:02 INFO  valid result: 
recall@10 : 0.0324    mrr@10 : 0.0661    ndcg@10 : 0.0351    hit@10 : 0.2259    precision@10 : 0.0315
Thu 26 Jan 2023 17:37:10 INFO  epoch 128 training [time: 7.46s, train_loss1: 18.5176, train_loss2: 30.9477]
Thu 26 Jan 2023 17:37:10 INFO  epoch 128 evaluating [time: 0.39s, valid_score: 0.066200]
Thu 26 Jan 2023 17:37:10 INFO  valid result: 
recall@10 : 0.0322    mrr@10 : 0.0662    ndcg@10 : 0.035    hit@10 : 0.2227    precision@10 : 0.0308
Thu 26 Jan 2023 17:37:17 INFO  epoch 129 training [time: 7.11s, train_loss1: 18.4435, train_loss2: 30.9430]
Thu 26 Jan 2023 17:37:18 INFO  epoch 129 evaluating [time: 0.36s, valid_score: 0.065600]
Thu 26 Jan 2023 17:37:18 INFO  valid result: 
recall@10 : 0.0311    mrr@10 : 0.0656    ndcg@10 : 0.0344    hit@10 : 0.2216    precision@10 : 0.0304
Thu 26 Jan 2023 17:37:25 INFO  epoch 130 training [time: 7.46s, train_loss1: 18.5116, train_loss2: 30.9392]
Thu 26 Jan 2023 17:37:25 INFO  epoch 130 evaluating [time: 0.26s, valid_score: 0.065800]
Thu 26 Jan 2023 17:37:25 INFO  valid result: 
recall@10 : 0.0324    mrr@10 : 0.0658    ndcg@10 : 0.0347    hit@10 : 0.2301    precision@10 : 0.0311
Thu 26 Jan 2023 17:37:32 INFO  epoch 131 training [time: 6.58s, train_loss1: 18.4477, train_loss2: 30.9348]
Thu 26 Jan 2023 17:37:32 INFO  epoch 131 evaluating [time: 0.31s, valid_score: 0.066600]
Thu 26 Jan 2023 17:37:32 INFO  valid result: 
recall@10 : 0.0325    mrr@10 : 0.0666    ndcg@10 : 0.0355    hit@10 : 0.2291    precision@10 : 0.0319
Thu 26 Jan 2023 17:37:40 INFO  epoch 132 training [time: 7.52s, train_loss1: 18.4417, train_loss2: 30.9306]
Thu 26 Jan 2023 17:37:40 INFO  epoch 132 evaluating [time: 0.41s, valid_score: 0.066500]
Thu 26 Jan 2023 17:37:40 INFO  valid result: 
recall@10 : 0.0335    mrr@10 : 0.0665    ndcg@10 : 0.0359    hit@10 : 0.2312    precision@10 : 0.0323
Thu 26 Jan 2023 17:37:48 INFO  epoch 133 training [time: 7.86s, train_loss1: 18.4649, train_loss2: 30.9266]
Thu 26 Jan 2023 17:37:48 INFO  epoch 133 evaluating [time: 0.32s, valid_score: 0.066200]
Thu 26 Jan 2023 17:37:48 INFO  valid result: 
recall@10 : 0.0332    mrr@10 : 0.0662    ndcg@10 : 0.0352    hit@10 : 0.2227    precision@10 : 0.0305
Thu 26 Jan 2023 17:37:57 INFO  epoch 134 training [time: 8.36s, train_loss1: 18.4510, train_loss2: 30.9223]
Thu 26 Jan 2023 17:37:57 INFO  epoch 134 evaluating [time: 0.41s, valid_score: 0.066000]
Thu 26 Jan 2023 17:37:57 INFO  valid result: 
recall@10 : 0.0324    mrr@10 : 0.066    ndcg@10 : 0.0349    hit@10 : 0.2248    precision@10 : 0.0306
Thu 26 Jan 2023 17:38:05 INFO  epoch 135 training [time: 7.56s, train_loss1: 18.3997, train_loss2: 30.9179]
Thu 26 Jan 2023 17:38:05 INFO  epoch 135 evaluating [time: 0.37s, valid_score: 0.067900]
Thu 26 Jan 2023 17:38:05 INFO  valid result: 
recall@10 : 0.0328    mrr@10 : 0.0679    ndcg@10 : 0.0356    hit@10 : 0.2269    precision@10 : 0.0315
Thu 26 Jan 2023 17:38:13 INFO  epoch 136 training [time: 8.33s, train_loss1: 18.4022, train_loss2: 30.9133]
Thu 26 Jan 2023 17:38:14 INFO  epoch 136 evaluating [time: 0.27s, valid_score: 0.066700]
Thu 26 Jan 2023 17:38:14 INFO  valid result: 
recall@10 : 0.034    mrr@10 : 0.0667    ndcg@10 : 0.0357    hit@10 : 0.2301    precision@10 : 0.0317
Thu 26 Jan 2023 17:38:20 INFO  epoch 137 training [time: 6.61s, train_loss1: 18.3662, train_loss2: 30.9087]
Thu 26 Jan 2023 17:38:21 INFO  epoch 137 evaluating [time: 0.49s, valid_score: 0.064400]
Thu 26 Jan 2023 17:38:21 INFO  valid result: 
recall@10 : 0.033    mrr@10 : 0.0644    ndcg@10 : 0.0347    hit@10 : 0.2269    precision@10 : 0.031
Thu 26 Jan 2023 17:38:27 INFO  epoch 138 training [time: 6.67s, train_loss1: 18.3407, train_loss2: 30.9042]
Thu 26 Jan 2023 17:38:28 INFO  epoch 138 evaluating [time: 0.33s, valid_score: 0.065700]
Thu 26 Jan 2023 17:38:28 INFO  valid result: 
recall@10 : 0.0335    mrr@10 : 0.0657    ndcg@10 : 0.0354    hit@10 : 0.2291    precision@10 : 0.0315
Thu 26 Jan 2023 17:38:35 INFO  epoch 139 training [time: 7.01s, train_loss1: 18.3682, train_loss2: 30.8998]
Thu 26 Jan 2023 17:38:35 INFO  epoch 139 evaluating [time: 0.28s, valid_score: 0.068300]
Thu 26 Jan 2023 17:38:35 INFO  valid result: 
recall@10 : 0.033    mrr@10 : 0.0683    ndcg@10 : 0.036    hit@10 : 0.228    precision@10 : 0.0312
Thu 26 Jan 2023 17:38:41 INFO  epoch 140 training [time: 6.30s, train_loss1: 18.3597, train_loss2: 30.8949]
Thu 26 Jan 2023 17:38:42 INFO  epoch 140 evaluating [time: 0.35s, valid_score: 0.060900]
Thu 26 Jan 2023 17:38:42 INFO  valid result: 
recall@10 : 0.0306    mrr@10 : 0.0609    ndcg@10 : 0.0331    hit@10 : 0.2121    precision@10 : 0.0298
Thu 26 Jan 2023 17:38:48 INFO  epoch 141 training [time: 6.31s, train_loss1: 18.3156, train_loss2: 30.8899]
Thu 26 Jan 2023 17:38:48 INFO  epoch 141 evaluating [time: 0.28s, valid_score: 0.066700]
Thu 26 Jan 2023 17:38:48 INFO  valid result: 
recall@10 : 0.0342    mrr@10 : 0.0667    ndcg@10 : 0.0363    hit@10 : 0.2291    precision@10 : 0.0319
Thu 26 Jan 2023 17:38:55 INFO  epoch 142 training [time: 6.89s, train_loss1: 18.3269, train_loss2: 30.8856]
Thu 26 Jan 2023 17:38:56 INFO  epoch 142 evaluating [time: 0.33s, valid_score: 0.065100]
Thu 26 Jan 2023 17:38:56 INFO  valid result: 
recall@10 : 0.0317    mrr@10 : 0.0651    ndcg@10 : 0.0347    hit@10 : 0.2206    precision@10 : 0.0309
Thu 26 Jan 2023 17:39:02 INFO  epoch 143 training [time: 6.28s, train_loss1: 18.2547, train_loss2: 30.8810]
Thu 26 Jan 2023 17:39:02 INFO  epoch 143 evaluating [time: 0.30s, valid_score: 0.068200]
Thu 26 Jan 2023 17:39:02 INFO  valid result: 
recall@10 : 0.0342    mrr@10 : 0.0682    ndcg@10 : 0.0361    hit@10 : 0.2333    precision@10 : 0.0317
Thu 26 Jan 2023 17:39:09 INFO  epoch 144 training [time: 6.56s, train_loss1: 18.2917, train_loss2: 30.8755]
Thu 26 Jan 2023 17:39:09 INFO  epoch 144 evaluating [time: 0.36s, valid_score: 0.064300]
Thu 26 Jan 2023 17:39:09 INFO  valid result: 
recall@10 : 0.0318    mrr@10 : 0.0643    ndcg@10 : 0.0346    hit@10 : 0.2269    precision@10 : 0.031
Thu 26 Jan 2023 17:39:16 INFO  epoch 145 training [time: 6.52s, train_loss1: 18.2500, train_loss2: 30.8717]
Thu 26 Jan 2023 17:39:16 INFO  epoch 145 evaluating [time: 0.40s, valid_score: 0.067700]
Thu 26 Jan 2023 17:39:16 INFO  valid result: 
recall@10 : 0.034    mrr@10 : 0.0677    ndcg@10 : 0.0364    hit@10 : 0.2354    precision@10 : 0.0326
Thu 26 Jan 2023 17:39:22 INFO  epoch 146 training [time: 6.03s, train_loss1: 18.2507, train_loss2: 30.8660]
Thu 26 Jan 2023 17:39:22 INFO  epoch 146 evaluating [time: 0.27s, valid_score: 0.064800]
Thu 26 Jan 2023 17:39:22 INFO  valid result: 
recall@10 : 0.0343    mrr@10 : 0.0648    ndcg@10 : 0.0356    hit@10 : 0.228    precision@10 : 0.0313
Thu 26 Jan 2023 17:39:29 INFO  epoch 147 training [time: 6.97s, train_loss1: 18.2620, train_loss2: 30.8606]
Thu 26 Jan 2023 17:39:29 INFO  epoch 147 evaluating [time: 0.27s, valid_score: 0.064500]
Thu 26 Jan 2023 17:39:29 INFO  valid result: 
recall@10 : 0.0325    mrr@10 : 0.0645    ndcg@10 : 0.0347    hit@10 : 0.2195    precision@10 : 0.0306
Thu 26 Jan 2023 17:39:36 INFO  epoch 148 training [time: 6.11s, train_loss1: 18.2146, train_loss2: 30.8563]
Thu 26 Jan 2023 17:39:36 INFO  epoch 148 evaluating [time: 0.34s, valid_score: 0.065600]
Thu 26 Jan 2023 17:39:36 INFO  valid result: 
recall@10 : 0.033    mrr@10 : 0.0656    ndcg@10 : 0.0357    hit@10 : 0.2291    precision@10 : 0.0323
Thu 26 Jan 2023 17:39:43 INFO  epoch 149 training [time: 6.67s, train_loss1: 18.1960, train_loss2: 30.8509]
Thu 26 Jan 2023 17:39:43 INFO  epoch 149 evaluating [time: 0.27s, valid_score: 0.064500]
Thu 26 Jan 2023 17:39:43 INFO  valid result: 
recall@10 : 0.0331    mrr@10 : 0.0645    ndcg@10 : 0.0348    hit@10 : 0.2238    precision@10 : 0.031
Thu 26 Jan 2023 17:39:50 INFO  epoch 150 training [time: 7.04s, train_loss1: 18.2452, train_loss2: 30.8461]
Thu 26 Jan 2023 17:39:50 INFO  epoch 150 evaluating [time: 0.26s, valid_score: 0.062700]
Thu 26 Jan 2023 17:39:50 INFO  valid result: 
recall@10 : 0.031    mrr@10 : 0.0627    ndcg@10 : 0.0335    hit@10 : 0.2163    precision@10 : 0.0297
Thu 26 Jan 2023 17:39:57 INFO  epoch 151 training [time: 7.00s, train_loss1: 18.1751, train_loss2: 30.8414]
Thu 26 Jan 2023 17:39:58 INFO  epoch 151 evaluating [time: 0.40s, valid_score: 0.067200]
Thu 26 Jan 2023 17:39:58 INFO  valid result: 
recall@10 : 0.0343    mrr@10 : 0.0672    ndcg@10 : 0.0363    hit@10 : 0.2322    precision@10 : 0.0324
Thu 26 Jan 2023 17:40:03 INFO  epoch 152 training [time: 5.78s, train_loss1: 18.1854, train_loss2: 30.8355]
Thu 26 Jan 2023 17:40:04 INFO  epoch 152 evaluating [time: 0.26s, valid_score: 0.064300]
Thu 26 Jan 2023 17:40:04 INFO  valid result: 
recall@10 : 0.0332    mrr@10 : 0.0643    ndcg@10 : 0.0351    hit@10 : 0.2291    precision@10 : 0.0316
Thu 26 Jan 2023 17:40:10 INFO  epoch 153 training [time: 6.54s, train_loss1: 18.1288, train_loss2: 30.8305]
Thu 26 Jan 2023 17:40:11 INFO  epoch 153 evaluating [time: 0.41s, valid_score: 0.063900]
Thu 26 Jan 2023 17:40:11 INFO  valid result: 
recall@10 : 0.0316    mrr@10 : 0.0639    ndcg@10 : 0.0344    hit@10 : 0.2185    precision@10 : 0.0305
Thu 26 Jan 2023 17:40:17 INFO  epoch 154 training [time: 6.54s, train_loss1: 18.1622, train_loss2: 30.8248]
Thu 26 Jan 2023 17:40:18 INFO  epoch 154 evaluating [time: 0.43s, valid_score: 0.065000]
Thu 26 Jan 2023 17:40:18 INFO  valid result: 
recall@10 : 0.0317    mrr@10 : 0.065    ndcg@10 : 0.0345    hit@10 : 0.2216    precision@10 : 0.0308
Thu 26 Jan 2023 17:40:24 INFO  epoch 155 training [time: 6.08s, train_loss1: 18.1702, train_loss2: 30.8199]
Thu 26 Jan 2023 17:40:24 INFO  epoch 155 evaluating [time: 0.28s, valid_score: 0.065200]
Thu 26 Jan 2023 17:40:24 INFO  valid result: 
recall@10 : 0.0324    mrr@10 : 0.0652    ndcg@10 : 0.0352    hit@10 : 0.2259    precision@10 : 0.0315
Thu 26 Jan 2023 17:40:31 INFO  epoch 156 training [time: 6.98s, train_loss1: 18.1806, train_loss2: 30.8145]
Thu 26 Jan 2023 17:40:31 INFO  epoch 156 evaluating [time: 0.29s, valid_score: 0.063500]
Thu 26 Jan 2023 17:40:31 INFO  valid result: 
recall@10 : 0.0328    mrr@10 : 0.0635    ndcg@10 : 0.0345    hit@10 : 0.2259    precision@10 : 0.0309
Thu 26 Jan 2023 17:40:38 INFO  epoch 157 training [time: 6.98s, train_loss1: 18.0995, train_loss2: 30.8082]
Thu 26 Jan 2023 17:40:39 INFO  epoch 157 evaluating [time: 0.31s, valid_score: 0.064700]
Thu 26 Jan 2023 17:40:39 INFO  valid result: 
recall@10 : 0.0324    mrr@10 : 0.0647    ndcg@10 : 0.0352    hit@10 : 0.2238    precision@10 : 0.0315
Thu 26 Jan 2023 17:40:46 INFO  epoch 158 training [time: 7.74s, train_loss1: 18.1211, train_loss2: 30.8032]
Thu 26 Jan 2023 17:40:47 INFO  epoch 158 evaluating [time: 0.30s, valid_score: 0.065200]
Thu 26 Jan 2023 17:40:47 INFO  valid result: 
recall@10 : 0.0332    mrr@10 : 0.0652    ndcg@10 : 0.0353    hit@10 : 0.2238    precision@10 : 0.0311
Thu 26 Jan 2023 17:40:53 INFO  epoch 159 training [time: 6.16s, train_loss1: 18.1357, train_loss2: 30.7978]
Thu 26 Jan 2023 17:40:53 INFO  epoch 159 evaluating [time: 0.32s, valid_score: 0.064800]
Thu 26 Jan 2023 17:40:53 INFO  valid result: 
recall@10 : 0.031    mrr@10 : 0.0648    ndcg@10 : 0.0342    hit@10 : 0.2238    precision@10 : 0.0304
Thu 26 Jan 2023 17:41:01 INFO  epoch 160 training [time: 7.82s, train_loss1: 18.1311, train_loss2: 30.7922]
Thu 26 Jan 2023 17:41:01 INFO  epoch 160 evaluating [time: 0.30s, valid_score: 0.066900]
Thu 26 Jan 2023 17:41:01 INFO  valid result: 
recall@10 : 0.0333    mrr@10 : 0.0669    ndcg@10 : 0.036    hit@10 : 0.228    precision@10 : 0.0313
Thu 26 Jan 2023 17:41:09 INFO  epoch 161 training [time: 7.85s, train_loss1: 18.0939, train_loss2: 30.7864]
Thu 26 Jan 2023 17:41:09 INFO  epoch 161 evaluating [time: 0.28s, valid_score: 0.064200]
Thu 26 Jan 2023 17:41:09 INFO  valid result: 
recall@10 : 0.0338    mrr@10 : 0.0642    ndcg@10 : 0.0353    hit@10 : 0.2227    precision@10 : 0.0313
Thu 26 Jan 2023 17:41:16 INFO  epoch 162 training [time: 6.59s, train_loss1: 18.0734, train_loss2: 30.7806]
Thu 26 Jan 2023 17:41:16 INFO  epoch 162 evaluating [time: 0.30s, valid_score: 0.064800]
Thu 26 Jan 2023 17:41:16 INFO  valid result: 
recall@10 : 0.0326    mrr@10 : 0.0648    ndcg@10 : 0.0353    hit@10 : 0.2227    precision@10 : 0.0315
Thu 26 Jan 2023 17:41:24 INFO  epoch 163 training [time: 7.67s, train_loss1: 18.0854, train_loss2: 30.7761]
Thu 26 Jan 2023 17:41:24 INFO  epoch 163 evaluating [time: 0.38s, valid_score: 0.063800]
Thu 26 Jan 2023 17:41:24 INFO  valid result: 
recall@10 : 0.0315    mrr@10 : 0.0638    ndcg@10 : 0.0347    hit@10 : 0.2185    precision@10 : 0.031
Thu 26 Jan 2023 17:41:32 INFO  epoch 164 training [time: 7.32s, train_loss1: 18.0725, train_loss2: 30.7692]
Thu 26 Jan 2023 17:41:32 INFO  epoch 164 evaluating [time: 0.30s, valid_score: 0.065700]
Thu 26 Jan 2023 17:41:32 INFO  valid result: 
recall@10 : 0.0334    mrr@10 : 0.0657    ndcg@10 : 0.0355    hit@10 : 0.2216    precision@10 : 0.031
Thu 26 Jan 2023 17:41:39 INFO  epoch 165 training [time: 7.50s, train_loss1: 18.0176, train_loss2: 30.7631]
Thu 26 Jan 2023 17:41:40 INFO  epoch 165 evaluating [time: 0.30s, valid_score: 0.065900]
Thu 26 Jan 2023 17:41:40 INFO  valid result: 
recall@10 : 0.0333    mrr@10 : 0.0659    ndcg@10 : 0.0359    hit@10 : 0.2259    precision@10 : 0.0319
Thu 26 Jan 2023 17:41:46 INFO  epoch 166 training [time: 6.52s, train_loss1: 18.0404, train_loss2: 30.7579]
Thu 26 Jan 2023 17:41:46 INFO  epoch 166 evaluating [time: 0.27s, valid_score: 0.066000]
Thu 26 Jan 2023 17:41:46 INFO  valid result: 
recall@10 : 0.0338    mrr@10 : 0.066    ndcg@10 : 0.036    hit@10 : 0.2238    precision@10 : 0.0317
Thu 26 Jan 2023 17:41:54 INFO  epoch 167 training [time: 7.67s, train_loss1: 18.0139, train_loss2: 30.7519]
Thu 26 Jan 2023 17:41:54 INFO  epoch 167 evaluating [time: 0.29s, valid_score: 0.064400]
Thu 26 Jan 2023 17:41:54 INFO  valid result: 
recall@10 : 0.0298    mrr@10 : 0.0644    ndcg@10 : 0.034    hit@10 : 0.2185    precision@10 : 0.0305
Thu 26 Jan 2023 17:42:02 INFO  epoch 168 training [time: 7.48s, train_loss1: 17.9985, train_loss2: 30.7454]
Thu 26 Jan 2023 17:42:02 INFO  epoch 168 evaluating [time: 0.28s, valid_score: 0.063200]
Thu 26 Jan 2023 17:42:02 INFO  valid result: 
recall@10 : 0.0317    mrr@10 : 0.0632    ndcg@10 : 0.0346    hit@10 : 0.2174    precision@10 : 0.031
Thu 26 Jan 2023 17:42:10 INFO  epoch 169 training [time: 7.50s, train_loss1: 17.9859, train_loss2: 30.7399]
Thu 26 Jan 2023 17:42:10 INFO  epoch 169 evaluating [time: 0.28s, valid_score: 0.064000]
Thu 26 Jan 2023 17:42:10 INFO  valid result: 
recall@10 : 0.035    mrr@10 : 0.064    ndcg@10 : 0.0357    hit@10 : 0.2259    precision@10 : 0.0316
Thu 26 Jan 2023 17:42:17 INFO  epoch 170 training [time: 7.15s, train_loss1: 18.0313, train_loss2: 30.7343]
Thu 26 Jan 2023 17:42:17 INFO  epoch 170 evaluating [time: 0.26s, valid_score: 0.063300]
Thu 26 Jan 2023 17:42:17 INFO  valid result: 
recall@10 : 0.0306    mrr@10 : 0.0633    ndcg@10 : 0.0341    hit@10 : 0.2174    precision@10 : 0.0308
Thu 26 Jan 2023 17:42:24 INFO  epoch 171 training [time: 6.83s, train_loss1: 17.9861, train_loss2: 30.7275]
Thu 26 Jan 2023 17:42:25 INFO  epoch 171 evaluating [time: 0.36s, valid_score: 0.065300]
Thu 26 Jan 2023 17:42:25 INFO  valid result: 
recall@10 : 0.0306    mrr@10 : 0.0653    ndcg@10 : 0.0346    hit@10 : 0.2195    precision@10 : 0.0311
Thu 26 Jan 2023 17:42:31 INFO  epoch 172 training [time: 6.58s, train_loss1: 18.0164, train_loss2: 30.7219]
Thu 26 Jan 2023 17:42:31 INFO  epoch 172 evaluating [time: 0.29s, valid_score: 0.064900]
Thu 26 Jan 2023 17:42:31 INFO  valid result: 
recall@10 : 0.0328    mrr@10 : 0.0649    ndcg@10 : 0.035    hit@10 : 0.2248    precision@10 : 0.0311
Thu 26 Jan 2023 17:42:38 INFO  epoch 173 training [time: 6.60s, train_loss1: 17.9448, train_loss2: 30.7154]
Thu 26 Jan 2023 17:42:39 INFO  epoch 173 evaluating [time: 0.51s, valid_score: 0.064300]
Thu 26 Jan 2023 17:42:39 INFO  valid result: 
recall@10 : 0.0319    mrr@10 : 0.0643    ndcg@10 : 0.0349    hit@10 : 0.2248    precision@10 : 0.0316
Thu 26 Jan 2023 17:42:46 INFO  epoch 174 training [time: 7.09s, train_loss1: 17.9385, train_loss2: 30.7091]
Thu 26 Jan 2023 17:42:46 INFO  epoch 174 evaluating [time: 0.28s, valid_score: 0.064900]
Thu 26 Jan 2023 17:42:46 INFO  valid result: 
recall@10 : 0.0351    mrr@10 : 0.0649    ndcg@10 : 0.0362    hit@10 : 0.2322    precision@10 : 0.0322
Thu 26 Jan 2023 17:42:52 INFO  epoch 175 training [time: 5.93s, train_loss1: 17.8867, train_loss2: 30.7033]
Thu 26 Jan 2023 17:42:52 INFO  epoch 175 evaluating [time: 0.37s, valid_score: 0.064500]
Thu 26 Jan 2023 17:42:52 INFO  valid result: 
recall@10 : 0.0342    mrr@10 : 0.0645    ndcg@10 : 0.0359    hit@10 : 0.2259    precision@10 : 0.0319
Thu 26 Jan 2023 17:42:58 INFO  epoch 176 training [time: 6.01s, train_loss1: 17.9141, train_loss2: 30.6959]
Thu 26 Jan 2023 17:42:59 INFO  epoch 176 evaluating [time: 0.43s, valid_score: 0.065600]
Thu 26 Jan 2023 17:42:59 INFO  valid result: 
recall@10 : 0.0326    mrr@10 : 0.0656    ndcg@10 : 0.0357    hit@10 : 0.2259    precision@10 : 0.0317
Thu 26 Jan 2023 17:43:06 INFO  epoch 177 training [time: 7.24s, train_loss1: 17.9145, train_loss2: 30.6900]
Thu 26 Jan 2023 17:43:06 INFO  epoch 177 evaluating [time: 0.33s, valid_score: 0.067000]
Thu 26 Jan 2023 17:43:06 INFO  valid result: 
recall@10 : 0.0293    mrr@10 : 0.067    ndcg@10 : 0.0345    hit@10 : 0.2195    precision@10 : 0.0306
Thu 26 Jan 2023 17:43:13 INFO  epoch 178 training [time: 6.29s, train_loss1: 17.8879, train_loss2: 30.6846]
Thu 26 Jan 2023 17:43:13 INFO  epoch 178 evaluating [time: 0.25s, valid_score: 0.065500]
Thu 26 Jan 2023 17:43:13 INFO  valid result: 
recall@10 : 0.0309    mrr@10 : 0.0655    ndcg@10 : 0.0348    hit@10 : 0.2227    precision@10 : 0.031
Thu 26 Jan 2023 17:43:20 INFO  epoch 179 training [time: 6.69s, train_loss1: 17.8515, train_loss2: 30.6776]
Thu 26 Jan 2023 17:43:20 INFO  epoch 179 evaluating [time: 0.28s, valid_score: 0.064700]
Thu 26 Jan 2023 17:43:20 INFO  valid result: 
recall@10 : 0.0341    mrr@10 : 0.0647    ndcg@10 : 0.036    hit@10 : 0.228    precision@10 : 0.0321
Thu 26 Jan 2023 17:43:26 INFO  epoch 180 training [time: 6.49s, train_loss1: 17.8434, train_loss2: 30.6708]
Thu 26 Jan 2023 17:43:27 INFO  epoch 180 evaluating [time: 0.25s, valid_score: 0.066000]
Thu 26 Jan 2023 17:43:27 INFO  valid result: 
recall@10 : 0.0321    mrr@10 : 0.066    ndcg@10 : 0.0356    hit@10 : 0.2259    precision@10 : 0.0318
Thu 26 Jan 2023 17:43:33 INFO  epoch 181 training [time: 6.22s, train_loss1: 17.8314, train_loss2: 30.6641]
Thu 26 Jan 2023 17:43:33 INFO  epoch 181 evaluating [time: 0.26s, valid_score: 0.065600]
Thu 26 Jan 2023 17:43:33 INFO  valid result: 
recall@10 : 0.0317    mrr@10 : 0.0656    ndcg@10 : 0.0353    hit@10 : 0.2216    precision@10 : 0.0314
Thu 26 Jan 2023 17:43:39 INFO  epoch 182 training [time: 5.70s, train_loss1: 17.8871, train_loss2: 30.6587]
Thu 26 Jan 2023 17:43:39 INFO  epoch 182 evaluating [time: 0.32s, valid_score: 0.067000]
Thu 26 Jan 2023 17:43:39 INFO  valid result: 
recall@10 : 0.0331    mrr@10 : 0.067    ndcg@10 : 0.0362    hit@10 : 0.2312    precision@10 : 0.0323
Thu 26 Jan 2023 17:43:46 INFO  epoch 183 training [time: 6.62s, train_loss1: 17.8465, train_loss2: 30.6512]
Thu 26 Jan 2023 17:43:46 INFO  epoch 183 evaluating [time: 0.40s, valid_score: 0.064400]
Thu 26 Jan 2023 17:43:46 INFO  valid result: 
recall@10 : 0.0323    mrr@10 : 0.0644    ndcg@10 : 0.0353    hit@10 : 0.2259    precision@10 : 0.0318
Thu 26 Jan 2023 17:43:53 INFO  epoch 184 training [time: 7.15s, train_loss1: 17.8670, train_loss2: 30.6444]
Thu 26 Jan 2023 17:43:53 INFO  epoch 184 evaluating [time: 0.25s, valid_score: 0.065300]
Thu 26 Jan 2023 17:43:53 INFO  valid result: 
recall@10 : 0.0318    mrr@10 : 0.0653    ndcg@10 : 0.0352    hit@10 : 0.2238    precision@10 : 0.0316
Thu 26 Jan 2023 17:44:00 INFO  epoch 185 training [time: 6.14s, train_loss1: 17.8839, train_loss2: 30.6383]
Thu 26 Jan 2023 17:44:00 INFO  epoch 185 evaluating [time: 0.25s, valid_score: 0.067600]
Thu 26 Jan 2023 17:44:00 INFO  valid result: 
recall@10 : 0.0319    mrr@10 : 0.0676    ndcg@10 : 0.0357    hit@10 : 0.2248    precision@10 : 0.0316
Thu 26 Jan 2023 17:44:06 INFO  epoch 186 training [time: 6.33s, train_loss1: 17.8129, train_loss2: 30.6313]
Thu 26 Jan 2023 17:44:07 INFO  epoch 186 evaluating [time: 0.30s, valid_score: 0.066800]
Thu 26 Jan 2023 17:44:07 INFO  valid result: 
recall@10 : 0.0313    mrr@10 : 0.0668    ndcg@10 : 0.0355    hit@10 : 0.2238    precision@10 : 0.0317
Thu 26 Jan 2023 17:44:13 INFO  epoch 187 training [time: 6.05s, train_loss1: 17.7544, train_loss2: 30.6243]
Thu 26 Jan 2023 17:44:13 INFO  epoch 187 evaluating [time: 0.26s, valid_score: 0.067100]
Thu 26 Jan 2023 17:44:13 INFO  valid result: 
recall@10 : 0.0317    mrr@10 : 0.0671    ndcg@10 : 0.0359    hit@10 : 0.2248    precision@10 : 0.0319
Thu 26 Jan 2023 17:44:18 INFO  epoch 188 training [time: 5.63s, train_loss1: 17.8219, train_loss2: 30.6177]
Thu 26 Jan 2023 17:44:19 INFO  epoch 188 evaluating [time: 0.25s, valid_score: 0.067300]
Thu 26 Jan 2023 17:44:19 INFO  valid result: 
recall@10 : 0.0341    mrr@10 : 0.0673    ndcg@10 : 0.0369    hit@10 : 0.2291    precision@10 : 0.0329
Thu 26 Jan 2023 17:44:26 INFO  epoch 189 training [time: 7.58s, train_loss1: 17.8182, train_loss2: 30.6105]
Thu 26 Jan 2023 17:44:27 INFO  epoch 189 evaluating [time: 0.32s, valid_score: 0.065100]
Thu 26 Jan 2023 17:44:27 INFO  valid result: 
recall@10 : 0.0341    mrr@10 : 0.0651    ndcg@10 : 0.0359    hit@10 : 0.2269    precision@10 : 0.0319
Thu 26 Jan 2023 17:44:32 INFO  epoch 190 training [time: 5.81s, train_loss1: 17.7516, train_loss2: 30.6033]
Thu 26 Jan 2023 17:44:33 INFO  epoch 190 evaluating [time: 0.25s, valid_score: 0.069900]
Thu 26 Jan 2023 17:44:33 INFO  valid result: 
recall@10 : 0.0341    mrr@10 : 0.0699    ndcg@10 : 0.0371    hit@10 : 0.2344    precision@10 : 0.0326
Thu 26 Jan 2023 17:44:38 INFO  epoch 191 training [time: 5.44s, train_loss1: 17.7895, train_loss2: 30.5970]
Thu 26 Jan 2023 17:44:38 INFO  epoch 191 evaluating [time: 0.31s, valid_score: 0.068400]
Thu 26 Jan 2023 17:44:38 INFO  valid result: 
recall@10 : 0.0326    mrr@10 : 0.0684    ndcg@10 : 0.0362    hit@10 : 0.2259    precision@10 : 0.0318
Thu 26 Jan 2023 17:44:45 INFO  epoch 192 training [time: 6.29s, train_loss1: 17.7602, train_loss2: 30.5896]
Thu 26 Jan 2023 17:44:45 INFO  epoch 192 evaluating [time: 0.24s, valid_score: 0.068900]
Thu 26 Jan 2023 17:44:45 INFO  valid result: 
recall@10 : 0.0319    mrr@10 : 0.0689    ndcg@10 : 0.0359    hit@10 : 0.2238    precision@10 : 0.0312
Thu 26 Jan 2023 17:44:50 INFO  epoch 193 training [time: 5.45s, train_loss1: 17.7026, train_loss2: 30.5834]
Thu 26 Jan 2023 17:44:51 INFO  epoch 193 evaluating [time: 0.24s, valid_score: 0.067200]
Thu 26 Jan 2023 17:44:51 INFO  valid result: 
recall@10 : 0.0336    mrr@10 : 0.0672    ndcg@10 : 0.0364    hit@10 : 0.2259    precision@10 : 0.0321
Thu 26 Jan 2023 17:44:56 INFO  epoch 194 training [time: 5.73s, train_loss1: 17.7192, train_loss2: 30.5749]
Thu 26 Jan 2023 17:44:57 INFO  epoch 194 evaluating [time: 0.25s, valid_score: 0.067400]
Thu 26 Jan 2023 17:44:57 INFO  valid result: 
recall@10 : 0.034    mrr@10 : 0.0674    ndcg@10 : 0.0366    hit@10 : 0.2312    precision@10 : 0.0326
Thu 26 Jan 2023 17:45:02 INFO  epoch 195 training [time: 5.78s, train_loss1: 17.7051, train_loss2: 30.5681]
Thu 26 Jan 2023 17:45:03 INFO  epoch 195 evaluating [time: 0.25s, valid_score: 0.068600]
Thu 26 Jan 2023 17:45:03 INFO  valid result: 
recall@10 : 0.0333    mrr@10 : 0.0686    ndcg@10 : 0.0366    hit@10 : 0.2344    precision@10 : 0.0327
Thu 26 Jan 2023 17:45:08 INFO  epoch 196 training [time: 5.66s, train_loss1: 17.7173, train_loss2: 30.5607]
Thu 26 Jan 2023 17:45:09 INFO  epoch 196 evaluating [time: 0.25s, valid_score: 0.070000]
Thu 26 Jan 2023 17:45:09 INFO  valid result: 
recall@10 : 0.0342    mrr@10 : 0.07    ndcg@10 : 0.0376    hit@10 : 0.2333    precision@10 : 0.0331
Thu 26 Jan 2023 17:45:15 INFO  epoch 197 training [time: 6.19s, train_loss1: 17.7274, train_loss2: 30.5541]
Thu 26 Jan 2023 17:45:15 INFO  epoch 197 evaluating [time: 0.27s, valid_score: 0.070100]
Thu 26 Jan 2023 17:45:15 INFO  valid result: 
recall@10 : 0.033    mrr@10 : 0.0701    ndcg@10 : 0.0369    hit@10 : 0.2322    precision@10 : 0.0328
Thu 26 Jan 2023 17:45:22 INFO  epoch 198 training [time: 6.66s, train_loss1: 17.7581, train_loss2: 30.5468]
Thu 26 Jan 2023 17:45:22 INFO  epoch 198 evaluating [time: 0.35s, valid_score: 0.069900]
Thu 26 Jan 2023 17:45:22 INFO  valid result: 
recall@10 : 0.0346    mrr@10 : 0.0699    ndcg@10 : 0.0379    hit@10 : 0.2344    precision@10 : 0.0334
Thu 26 Jan 2023 17:45:28 INFO  epoch 199 training [time: 5.57s, train_loss1: 17.6780, train_loss2: 30.5384]
Thu 26 Jan 2023 17:45:28 INFO  epoch 199 evaluating [time: 0.25s, valid_score: 0.069500]
Thu 26 Jan 2023 17:45:28 INFO  valid result: 
recall@10 : 0.0341    mrr@10 : 0.0695    ndcg@10 : 0.0372    hit@10 : 0.2322    precision@10 : 0.0328
Thu 26 Jan 2023 17:45:33 INFO  epoch 200 training [time: 5.43s, train_loss1: 17.7017, train_loss2: 30.5317]
Thu 26 Jan 2023 17:45:34 INFO  epoch 200 evaluating [time: 0.25s, valid_score: 0.069000]
Thu 26 Jan 2023 17:45:34 INFO  valid result: 
recall@10 : 0.0329    mrr@10 : 0.069    ndcg@10 : 0.0366    hit@10 : 0.2344    precision@10 : 0.0324
Thu 26 Jan 2023 17:45:40 INFO  epoch 201 training [time: 6.50s, train_loss1: 17.7277, train_loss2: 30.5249]
Thu 26 Jan 2023 17:45:40 INFO  epoch 201 evaluating [time: 0.25s, valid_score: 0.069500]
Thu 26 Jan 2023 17:45:40 INFO  valid result: 
recall@10 : 0.0333    mrr@10 : 0.0695    ndcg@10 : 0.0369    hit@10 : 0.2322    precision@10 : 0.0328
Thu 26 Jan 2023 17:45:46 INFO  epoch 202 training [time: 5.77s, train_loss1: 17.7144, train_loss2: 30.5166]
Thu 26 Jan 2023 17:45:46 INFO  epoch 202 evaluating [time: 0.25s, valid_score: 0.070300]
Thu 26 Jan 2023 17:45:46 INFO  valid result: 
recall@10 : 0.0336    mrr@10 : 0.0703    ndcg@10 : 0.0373    hit@10 : 0.2354    precision@10 : 0.0333
Thu 26 Jan 2023 17:45:52 INFO  epoch 203 training [time: 5.56s, train_loss1: 17.6812, train_loss2: 30.5096]
Thu 26 Jan 2023 17:45:52 INFO  epoch 203 evaluating [time: 0.28s, valid_score: 0.071200]
Thu 26 Jan 2023 17:45:52 INFO  valid result: 
recall@10 : 0.033    mrr@10 : 0.0712    ndcg@10 : 0.0369    hit@10 : 0.2354    precision@10 : 0.0323
Thu 26 Jan 2023 17:45:58 INFO  epoch 204 training [time: 5.59s, train_loss1: 17.6697, train_loss2: 30.5001]
Thu 26 Jan 2023 17:45:58 INFO  epoch 204 evaluating [time: 0.25s, valid_score: 0.070900]
Thu 26 Jan 2023 17:45:58 INFO  valid result: 
recall@10 : 0.0352    mrr@10 : 0.0709    ndcg@10 : 0.0381    hit@10 : 0.2397    precision@10 : 0.034
Thu 26 Jan 2023 17:46:04 INFO  epoch 205 training [time: 6.34s, train_loss1: 17.6087, train_loss2: 30.4946]
Thu 26 Jan 2023 17:46:05 INFO  epoch 205 evaluating [time: 0.31s, valid_score: 0.071200]
Thu 26 Jan 2023 17:46:05 INFO  valid result: 
recall@10 : 0.0346    mrr@10 : 0.0712    ndcg@10 : 0.0381    hit@10 : 0.2407    precision@10 : 0.0341
Thu 26 Jan 2023 17:46:11 INFO  epoch 206 training [time: 5.89s, train_loss1: 17.6615, train_loss2: 30.4859]
Thu 26 Jan 2023 17:46:11 INFO  epoch 206 evaluating [time: 0.25s, valid_score: 0.071400]
Thu 26 Jan 2023 17:46:11 INFO  valid result: 
recall@10 : 0.034    mrr@10 : 0.0714    ndcg@10 : 0.0379    hit@10 : 0.2386    precision@10 : 0.0334
Thu 26 Jan 2023 17:46:17 INFO  epoch 207 training [time: 5.62s, train_loss1: 17.5922, train_loss2: 30.4780]
Thu 26 Jan 2023 17:46:17 INFO  epoch 207 evaluating [time: 0.25s, valid_score: 0.072200]
Thu 26 Jan 2023 17:46:17 INFO  valid result: 
recall@10 : 0.0346    mrr@10 : 0.0722    ndcg@10 : 0.0384    hit@10 : 0.2386    precision@10 : 0.0339
Thu 26 Jan 2023 17:46:23 INFO  epoch 208 training [time: 6.09s, train_loss1: 17.6609, train_loss2: 30.4715]
Thu 26 Jan 2023 17:46:23 INFO  epoch 208 evaluating [time: 0.24s, valid_score: 0.070200]
Thu 26 Jan 2023 17:46:23 INFO  valid result: 
recall@10 : 0.0328    mrr@10 : 0.0702    ndcg@10 : 0.037    hit@10 : 0.228    precision@10 : 0.0323
Thu 26 Jan 2023 17:46:29 INFO  epoch 209 training [time: 5.38s, train_loss1: 17.5669, train_loss2: 30.4623]
Thu 26 Jan 2023 17:46:29 INFO  epoch 209 evaluating [time: 0.27s, valid_score: 0.071700]
Thu 26 Jan 2023 17:46:29 INFO  valid result: 
recall@10 : 0.0333    mrr@10 : 0.0717    ndcg@10 : 0.0376    hit@10 : 0.2375    precision@10 : 0.0332
Thu 26 Jan 2023 17:46:34 INFO  epoch 210 training [time: 5.18s, train_loss1: 17.5506, train_loss2: 30.4545]
Thu 26 Jan 2023 17:46:34 INFO  epoch 210 evaluating [time: 0.25s, valid_score: 0.070400]
Thu 26 Jan 2023 17:46:34 INFO  valid result: 
recall@10 : 0.0337    mrr@10 : 0.0704    ndcg@10 : 0.0374    hit@10 : 0.2333    precision@10 : 0.0331
Thu 26 Jan 2023 17:46:39 INFO  epoch 211 training [time: 5.13s, train_loss1: 17.5887, train_loss2: 30.4475]
Thu 26 Jan 2023 17:46:40 INFO  epoch 211 evaluating [time: 0.43s, valid_score: 0.070000]
Thu 26 Jan 2023 17:46:40 INFO  valid result: 
recall@10 : 0.0331    mrr@10 : 0.07    ndcg@10 : 0.0372    hit@10 : 0.2365    precision@10 : 0.0331
Thu 26 Jan 2023 17:46:46 INFO  epoch 212 training [time: 6.09s, train_loss1: 17.5651, train_loss2: 30.4384]
Thu 26 Jan 2023 17:46:46 INFO  epoch 212 evaluating [time: 0.25s, valid_score: 0.070600]
Thu 26 Jan 2023 17:46:46 INFO  valid result: 
recall@10 : 0.0345    mrr@10 : 0.0706    ndcg@10 : 0.0378    hit@10 : 0.2354    precision@10 : 0.0332
Thu 26 Jan 2023 17:46:52 INFO  epoch 213 training [time: 5.51s, train_loss1: 17.6229, train_loss2: 30.4314]
Thu 26 Jan 2023 17:46:52 INFO  epoch 213 evaluating [time: 0.24s, valid_score: 0.072200]
Thu 26 Jan 2023 17:46:52 INFO  valid result: 
recall@10 : 0.0343    mrr@10 : 0.0722    ndcg@10 : 0.0383    hit@10 : 0.2365    precision@10 : 0.0338
Thu 26 Jan 2023 17:46:58 INFO  epoch 214 training [time: 5.88s, train_loss1: 17.5898, train_loss2: 30.4225]
Thu 26 Jan 2023 17:46:58 INFO  epoch 214 evaluating [time: 0.25s, valid_score: 0.073500]
Thu 26 Jan 2023 17:46:58 INFO  valid result: 
recall@10 : 0.0337    mrr@10 : 0.0735    ndcg@10 : 0.0387    hit@10 : 0.2375    precision@10 : 0.0338
Thu 26 Jan 2023 17:47:04 INFO  epoch 215 training [time: 5.97s, train_loss1: 17.5807, train_loss2: 30.4140]
Thu 26 Jan 2023 17:47:04 INFO  epoch 215 evaluating [time: 0.34s, valid_score: 0.071000]
Thu 26 Jan 2023 17:47:04 INFO  valid result: 
recall@10 : 0.0348    mrr@10 : 0.071    ndcg@10 : 0.0385    hit@10 : 0.2386    precision@10 : 0.0343
Thu 26 Jan 2023 17:47:10 INFO  epoch 216 training [time: 5.80s, train_loss1: 17.5755, train_loss2: 30.4066]
Thu 26 Jan 2023 17:47:10 INFO  epoch 216 evaluating [time: 0.30s, valid_score: 0.072200]
Thu 26 Jan 2023 17:47:10 INFO  valid result: 
recall@10 : 0.0344    mrr@10 : 0.0722    ndcg@10 : 0.0383    hit@10 : 0.2386    precision@10 : 0.0339
Thu 26 Jan 2023 17:47:16 INFO  epoch 217 training [time: 5.27s, train_loss1: 17.5332, train_loss2: 30.3989]
Thu 26 Jan 2023 17:47:16 INFO  epoch 217 evaluating [time: 0.48s, valid_score: 0.072000]
Thu 26 Jan 2023 17:47:16 INFO  valid result: 
recall@10 : 0.0346    mrr@10 : 0.072    ndcg@10 : 0.0385    hit@10 : 0.2397    precision@10 : 0.0343
Thu 26 Jan 2023 17:47:22 INFO  epoch 218 training [time: 5.81s, train_loss1: 17.5844, train_loss2: 30.3907]
Thu 26 Jan 2023 17:47:22 INFO  epoch 218 evaluating [time: 0.24s, valid_score: 0.071000]
Thu 26 Jan 2023 17:47:22 INFO  valid result: 
recall@10 : 0.0344    mrr@10 : 0.071    ndcg@10 : 0.038    hit@10 : 0.2386    precision@10 : 0.0338
