Thu 26 Jan 2023 18:04:21 INFO  momentum
Thu 26 Jan 2023 18:04:21 INFO  ['recbole_test.py']
Thu 26 Jan 2023 18:04:21 INFO  
General Hyper Parameters:
gpu_id = 0
use_gpu = True
seed = 2020
state = INFO
reproducibility = True
data_path = /work/03/gu14/k36095/kgat_bai/recbole/config/../dataset_example/ml-100k
checkpoint_dir = saved
show_progress = True
save_dataset = True
dataset_save_path = None
save_dataloaders = False
dataloaders_save_path = None
log_wandb = False

Training Hyper Parameters:
epochs = 300
train_batch_size = 2048
learner = sgd
learning_rate = 0.01
train_neg_sample_args = {'distribution': 'uniform', 'sample_num': 1, 'alpha': 1.0, 'dynamic': False, 'candidate_num': 0}
eval_step = 1
stopping_step = 10
clip_grad_norm = None
weight_decay = 0.0
loss_decimal_place = 4

Evaluation Hyper Parameters:
eval_args = {'split': {'RS': [0.8, 0.1, 0.1]}, 'group_by': 'user', 'order': 'RO', 'mode': 'full'}
repeatable = False
metrics = ['Recall', 'MRR', 'NDCG', 'Hit', 'Precision']
topk = [10]
valid_metric = MRR@10
valid_metric_bigger = True
eval_batch_size = 4096
metric_decimal_place = 4

Dataset Hyper Parameters:
field_separator = 	
seq_separator =  
USER_ID_FIELD = user_id
ITEM_ID_FIELD = item_id
RATING_FIELD = rating
TIME_FIELD = timestamp
seq_len = None
LABEL_FIELD = label
threshold = None
NEG_PREFIX = neg_
load_col = {'inter': ['user_id', 'item_id', 'rating', 'timestamp'], 'kg': ['head_id', 'relation_id', 'tail_id'], 'link': ['item_id', 'entity_id']}
unload_col = None
unused_col = None
additional_feat_suffix = None
rm_dup_inter = None
val_interval = None
filter_inter_by_user_or_item = True
user_inter_num_interval = None
item_inter_num_interval = None
alias_of_user_id = None
alias_of_item_id = None
alias_of_entity_id = None
alias_of_relation_id = None
preload_weight = None
normalize_field = None
normalize_all = True
ITEM_LIST_LENGTH_FIELD = item_length
LIST_SUFFIX = _list
MAX_ITEM_LIST_LENGTH = 50
POSITION_FIELD = position_id
HEAD_ENTITY_ID_FIELD = head_id
TAIL_ENTITY_ID_FIELD = tail_id
RELATION_ID_FIELD = relation_id
ENTITY_ID_FIELD = entity_id
kg_reverse_r = False
entity_kg_num_interval = [0,inf)
relation_kg_num_interval = [0,inf)
benchmark_filename = None

Other Hyper Parameters: 
worker = 0
wandb_project = recbole
shuffle = True
require_pow = False
enable_amp = False
enable_scaler = False
transform = None
embedding_size = 64
kg_embedding_size = 64
layers = [64]
mess_dropout = 0.1
reg_weight = 1e-05
aggregator_type = bi
numerical_features = []
discretization = None
MODEL_TYPE = ModelType.KNOWLEDGE
MODEL_INPUT_TYPE = InputType.PAIRWISE
eval_type = EvaluatorType.RANKING
single_spec = True
local_rank = 0
device = cpu
eval_neg_sample_args = {'distribution': 'uniform', 'sample_num': 'none'}


Thu 26 Jan 2023 18:04:22 INFO  Saving filtered dataset into [saved/ml-100k-dataset.pth]
Thu 26 Jan 2023 18:04:22 INFO  ml-100k
The number of users: 944
Average actions of users: 103.4506892895016
The number of items: 1599
Average actions of items: 61.04755944931164
The number of inters: 97554
The sparsity of the dataset: 93.53714185772888%
Remain Fields: ['entity_id', 'user_id', 'item_id', 'rating', 'timestamp', 'head_id', 'relation_id', 'tail_id']
The number of entities: 34629
The number of relations: 26
The number of triples: 91631
The number of items that have been linked to KG: 1598
Thu 26 Jan 2023 18:04:23 INFO  [Training]: train_batch_size = [2048] train_neg_sample_args: [{'distribution': 'uniform', 'sample_num': 1, 'alpha': 1.0, 'dynamic': False, 'candidate_num': 0}]
Thu 26 Jan 2023 18:04:23 INFO  [Evaluation]: eval_batch_size = [4096] eval_args: [{'split': {'RS': [0.8, 0.1, 0.1]}, 'group_by': 'user', 'order': 'RO', 'mode': 'full'}]
Thu 26 Jan 2023 18:04:30 INFO  KGAT(
  (user_embedding): Embedding(944, 64)
  (entity_embedding): Embedding(34629, 64)
  (relation_embedding): Embedding(26, 64)
  (trans_w): Embedding(26, 4096)
  (aggregator_layers): ModuleList(
    (0): Aggregator(
      (message_dropout): Dropout(p=0.1, inplace=False)
      (W1): Linear(in_features=64, out_features=64, bias=True)
      (W2): Linear(in_features=64, out_features=64, bias=True)
      (activation): LeakyReLU(negative_slope=0.01)
    )
  )
  (tanh): Tanh()
  (mf_loss): BPRLoss()
  (reg_loss): EmbLoss()
)
Trainable parameters: 2393152
Thu 26 Jan 2023 18:04:30 INFO  FLOPs: 291414016.0
Thu 26 Jan 2023 18:04:35 INFO  epoch 0 training [time: 4.28s, train_loss1: 26.6202, train_loss2: 31.1894]
Thu 26 Jan 2023 18:04:35 INFO  epoch 0 evaluating [time: 0.20s, valid_score: 0.016000]
Thu 26 Jan 2023 18:04:35 INFO  valid result: 
recall@10 : 0.0049    mrr@10 : 0.016    ndcg@10 : 0.0062    hit@10 : 0.053    precision@10 : 0.0056
Thu 26 Jan 2023 18:04:35 INFO  Saving current: saved/KGAT-Jan-26-2023_18-04-30.pth
Thu 26 Jan 2023 18:04:39 INFO  epoch 1 training [time: 4.32s, train_loss1: 26.7506, train_loss2: 31.1887]
Thu 26 Jan 2023 18:04:40 INFO  epoch 1 evaluating [time: 0.22s, valid_score: 0.019200]
Thu 26 Jan 2023 18:04:40 INFO  valid result: 
recall@10 : 0.0052    mrr@10 : 0.0192    ndcg@10 : 0.0074    hit@10 : 0.07    precision@10 : 0.0073
Thu 26 Jan 2023 18:04:40 INFO  Saving current: saved/KGAT-Jan-26-2023_18-04-30.pth
Thu 26 Jan 2023 18:04:44 INFO  epoch 2 training [time: 4.01s, train_loss1: 26.5900, train_loss2: 31.1879]
Thu 26 Jan 2023 18:04:44 INFO  epoch 2 evaluating [time: 0.19s, valid_score: 0.019100]
Thu 26 Jan 2023 18:04:44 INFO  valid result: 
recall@10 : 0.0073    mrr@10 : 0.0191    ndcg@10 : 0.0082    hit@10 : 0.0764    precision@10 : 0.0081
Thu 26 Jan 2023 18:04:48 INFO  epoch 3 training [time: 4.50s, train_loss1: 26.4783, train_loss2: 31.1876]
Thu 26 Jan 2023 18:04:48 INFO  epoch 3 evaluating [time: 0.20s, valid_score: 0.020400]
Thu 26 Jan 2023 18:04:48 INFO  valid result: 
recall@10 : 0.0066    mrr@10 : 0.0204    ndcg@10 : 0.0083    hit@10 : 0.0742    precision@10 : 0.008
Thu 26 Jan 2023 18:04:49 INFO  Saving current: saved/KGAT-Jan-26-2023_18-04-30.pth
Thu 26 Jan 2023 18:04:53 INFO  epoch 4 training [time: 4.37s, train_loss1: 26.3888, train_loss2: 31.1864]
Thu 26 Jan 2023 18:04:53 INFO  epoch 4 evaluating [time: 0.20s, valid_score: 0.020900]
Thu 26 Jan 2023 18:04:53 INFO  valid result: 
recall@10 : 0.0072    mrr@10 : 0.0209    ndcg@10 : 0.0086    hit@10 : 0.0774    precision@10 : 0.0082
Thu 26 Jan 2023 18:04:53 INFO  Saving current: saved/KGAT-Jan-26-2023_18-04-30.pth
Thu 26 Jan 2023 18:04:57 INFO  epoch 5 training [time: 4.16s, train_loss1: 26.2889, train_loss2: 31.1859]
Thu 26 Jan 2023 18:04:57 INFO  epoch 5 evaluating [time: 0.19s, valid_score: 0.022100]
Thu 26 Jan 2023 18:04:57 INFO  valid result: 
recall@10 : 0.0076    mrr@10 : 0.0221    ndcg@10 : 0.009    hit@10 : 0.0764    precision@10 : 0.0083
Thu 26 Jan 2023 18:04:58 INFO  Saving current: saved/KGAT-Jan-26-2023_18-04-30.pth
Thu 26 Jan 2023 18:05:02 INFO  epoch 6 training [time: 4.33s, train_loss1: 26.1770, train_loss2: 31.1854]
Thu 26 Jan 2023 18:05:02 INFO  epoch 6 evaluating [time: 0.19s, valid_score: 0.023300]
Thu 26 Jan 2023 18:05:02 INFO  valid result: 
recall@10 : 0.0081    mrr@10 : 0.0233    ndcg@10 : 0.0097    hit@10 : 0.0848    precision@10 : 0.0091
Thu 26 Jan 2023 18:05:02 INFO  Saving current: saved/KGAT-Jan-26-2023_18-04-30.pth
Thu 26 Jan 2023 18:05:06 INFO  epoch 7 training [time: 4.18s, train_loss1: 26.0817, train_loss2: 31.1852]
Thu 26 Jan 2023 18:05:07 INFO  epoch 7 evaluating [time: 0.20s, valid_score: 0.026300]
Thu 26 Jan 2023 18:05:07 INFO  valid result: 
recall@10 : 0.0086    mrr@10 : 0.0263    ndcg@10 : 0.0106    hit@10 : 0.0848    precision@10 : 0.0094
Thu 26 Jan 2023 18:05:07 INFO  Saving current: saved/KGAT-Jan-26-2023_18-04-30.pth
Thu 26 Jan 2023 18:05:11 INFO  epoch 8 training [time: 4.26s, train_loss1: 26.0082, train_loss2: 31.1849]
Thu 26 Jan 2023 18:05:11 INFO  epoch 8 evaluating [time: 0.21s, valid_score: 0.025400]
Thu 26 Jan 2023 18:05:11 INFO  valid result: 
recall@10 : 0.0095    mrr@10 : 0.0254    ndcg@10 : 0.011    hit@10 : 0.0933    precision@10 : 0.0105
Thu 26 Jan 2023 18:05:16 INFO  epoch 9 training [time: 4.44s, train_loss1: 25.9067, train_loss2: 31.1835]
Thu 26 Jan 2023 18:05:16 INFO  epoch 9 evaluating [time: 0.20s, valid_score: 0.025900]
Thu 26 Jan 2023 18:05:16 INFO  valid result: 
recall@10 : 0.0092    mrr@10 : 0.0259    ndcg@10 : 0.0111    hit@10 : 0.0965    precision@10 : 0.0106
Thu 26 Jan 2023 18:05:21 INFO  epoch 10 training [time: 4.83s, train_loss1: 25.8153, train_loss2: 31.1833]
Thu 26 Jan 2023 18:05:21 INFO  epoch 10 evaluating [time: 0.25s, valid_score: 0.027000]
Thu 26 Jan 2023 18:05:21 INFO  valid result: 
recall@10 : 0.0117    mrr@10 : 0.027    ndcg@10 : 0.0126    hit@10 : 0.105    precision@10 : 0.0121
Thu 26 Jan 2023 18:05:21 INFO  Saving current: saved/KGAT-Jan-26-2023_18-04-30.pth
Thu 26 Jan 2023 18:05:26 INFO  epoch 11 training [time: 4.77s, train_loss1: 25.7385, train_loss2: 31.1825]
Thu 26 Jan 2023 18:05:26 INFO  epoch 11 evaluating [time: 0.20s, valid_score: 0.028000]
Thu 26 Jan 2023 18:05:26 INFO  valid result: 
recall@10 : 0.0112    mrr@10 : 0.028    ndcg@10 : 0.0128    hit@10 : 0.106    precision@10 : 0.0122
Thu 26 Jan 2023 18:05:26 INFO  Saving current: saved/KGAT-Jan-26-2023_18-04-30.pth
Thu 26 Jan 2023 18:05:30 INFO  epoch 12 training [time: 4.39s, train_loss1: 25.6523, train_loss2: 31.1822]
Thu 26 Jan 2023 18:05:31 INFO  epoch 12 evaluating [time: 0.20s, valid_score: 0.025900]
Thu 26 Jan 2023 18:05:31 INFO  valid result: 
recall@10 : 0.0116    mrr@10 : 0.0259    ndcg@10 : 0.0123    hit@10 : 0.1018    precision@10 : 0.0119
Thu 26 Jan 2023 18:05:35 INFO  epoch 13 training [time: 4.48s, train_loss1: 25.5742, train_loss2: 31.1813]
Thu 26 Jan 2023 18:05:35 INFO  epoch 13 evaluating [time: 0.21s, valid_score: 0.029300]
Thu 26 Jan 2023 18:05:35 INFO  valid result: 
recall@10 : 0.0129    mrr@10 : 0.0293    ndcg@10 : 0.0138    hit@10 : 0.1124    precision@10 : 0.0131
Thu 26 Jan 2023 18:05:35 INFO  Saving current: saved/KGAT-Jan-26-2023_18-04-30.pth
Thu 26 Jan 2023 18:05:40 INFO  epoch 14 training [time: 4.36s, train_loss1: 25.4958, train_loss2: 31.1805]
Thu 26 Jan 2023 18:05:40 INFO  epoch 14 evaluating [time: 0.21s, valid_score: 0.030400]
Thu 26 Jan 2023 18:05:40 INFO  valid result: 
recall@10 : 0.0129    mrr@10 : 0.0304    ndcg@10 : 0.0143    hit@10 : 0.1145    precision@10 : 0.0137
Thu 26 Jan 2023 18:05:40 INFO  Saving current: saved/KGAT-Jan-26-2023_18-04-30.pth
Thu 26 Jan 2023 18:05:44 INFO  epoch 15 training [time: 4.52s, train_loss1: 25.4241, train_loss2: 31.1799]
Thu 26 Jan 2023 18:05:45 INFO  epoch 15 evaluating [time: 0.20s, valid_score: 0.032400]
Thu 26 Jan 2023 18:05:45 INFO  valid result: 
recall@10 : 0.0142    mrr@10 : 0.0324    ndcg@10 : 0.0155    hit@10 : 0.1251    precision@10 : 0.0148
Thu 26 Jan 2023 18:05:45 INFO  Saving current: saved/KGAT-Jan-26-2023_18-04-30.pth
Thu 26 Jan 2023 18:05:49 INFO  epoch 16 training [time: 4.17s, train_loss1: 25.3450, train_loss2: 31.1798]
Thu 26 Jan 2023 18:05:49 INFO  epoch 16 evaluating [time: 0.20s, valid_score: 0.032700]
Thu 26 Jan 2023 18:05:49 INFO  valid result: 
recall@10 : 0.0133    mrr@10 : 0.0327    ndcg@10 : 0.0153    hit@10 : 0.1209    precision@10 : 0.0144
Thu 26 Jan 2023 18:05:49 INFO  Saving current: saved/KGAT-Jan-26-2023_18-04-30.pth
Thu 26 Jan 2023 18:05:54 INFO  epoch 17 training [time: 4.52s, train_loss1: 25.2954, train_loss2: 31.1791]
Thu 26 Jan 2023 18:05:54 INFO  epoch 17 evaluating [time: 0.20s, valid_score: 0.034500]
Thu 26 Jan 2023 18:05:54 INFO  valid result: 
recall@10 : 0.0133    mrr@10 : 0.0345    ndcg@10 : 0.0155    hit@10 : 0.1209    precision@10 : 0.0141
Thu 26 Jan 2023 18:05:54 INFO  Saving current: saved/KGAT-Jan-26-2023_18-04-30.pth
Thu 26 Jan 2023 18:05:59 INFO  epoch 18 training [time: 5.08s, train_loss1: 25.2033, train_loss2: 31.1783]
Thu 26 Jan 2023 18:05:59 INFO  epoch 18 evaluating [time: 0.29s, valid_score: 0.035300]
Thu 26 Jan 2023 18:05:59 INFO  valid result: 
recall@10 : 0.015    mrr@10 : 0.0353    ndcg@10 : 0.0168    hit@10 : 0.1304    precision@10 : 0.0155
Thu 26 Jan 2023 18:05:59 INFO  Saving current: saved/KGAT-Jan-26-2023_18-04-30.pth
Thu 26 Jan 2023 18:06:04 INFO  epoch 19 training [time: 4.84s, train_loss1: 25.1470, train_loss2: 31.1775]
Thu 26 Jan 2023 18:06:04 INFO  epoch 19 evaluating [time: 0.19s, valid_score: 0.035800]
Thu 26 Jan 2023 18:06:04 INFO  valid result: 
recall@10 : 0.016    mrr@10 : 0.0358    ndcg@10 : 0.0175    hit@10 : 0.1347    precision@10 : 0.0162
Thu 26 Jan 2023 18:06:05 INFO  Saving current: saved/KGAT-Jan-26-2023_18-04-30.pth
Thu 26 Jan 2023 18:06:09 INFO  epoch 20 training [time: 4.60s, train_loss1: 25.0766, train_loss2: 31.1773]
Thu 26 Jan 2023 18:06:09 INFO  epoch 20 evaluating [time: 0.19s, valid_score: 0.039300]
Thu 26 Jan 2023 18:06:09 INFO  valid result: 
recall@10 : 0.0156    mrr@10 : 0.0393    ndcg@10 : 0.0184    hit@10 : 0.1421    precision@10 : 0.0171
Thu 26 Jan 2023 18:06:09 INFO  Saving current: saved/KGAT-Jan-26-2023_18-04-30.pth
Thu 26 Jan 2023 18:06:14 INFO  epoch 21 training [time: 4.18s, train_loss1: 25.0157, train_loss2: 31.1761]
Thu 26 Jan 2023 18:06:14 INFO  epoch 21 evaluating [time: 0.19s, valid_score: 0.037700]
Thu 26 Jan 2023 18:06:14 INFO  valid result: 
recall@10 : 0.0156    mrr@10 : 0.0377    ndcg@10 : 0.0186    hit@10 : 0.1442    precision@10 : 0.0174
Thu 26 Jan 2023 18:06:18 INFO  epoch 22 training [time: 4.56s, train_loss1: 24.9644, train_loss2: 31.1756]
Thu 26 Jan 2023 18:06:18 INFO  epoch 22 evaluating [time: 0.19s, valid_score: 0.037600]
Thu 26 Jan 2023 18:06:18 INFO  valid result: 
recall@10 : 0.0162    mrr@10 : 0.0376    ndcg@10 : 0.0189    hit@10 : 0.1442    precision@10 : 0.018
Thu 26 Jan 2023 18:06:23 INFO  epoch 23 training [time: 4.53s, train_loss1: 24.8815, train_loss2: 31.1746]
Thu 26 Jan 2023 18:06:23 INFO  epoch 23 evaluating [time: 0.19s, valid_score: 0.039300]
Thu 26 Jan 2023 18:06:23 INFO  valid result: 
recall@10 : 0.0171    mrr@10 : 0.0393    ndcg@10 : 0.0199    hit@10 : 0.1527    precision@10 : 0.0192
Thu 26 Jan 2023 18:06:23 INFO  Saving current: saved/KGAT-Jan-26-2023_18-04-30.pth
Thu 26 Jan 2023 18:06:28 INFO  epoch 24 training [time: 4.51s, train_loss1: 24.8079, train_loss2: 31.1741]
Thu 26 Jan 2023 18:06:28 INFO  epoch 24 evaluating [time: 0.19s, valid_score: 0.041600]
Thu 26 Jan 2023 18:06:28 INFO  valid result: 
recall@10 : 0.0182    mrr@10 : 0.0416    ndcg@10 : 0.0209    hit@10 : 0.1559    precision@10 : 0.0198
Thu 26 Jan 2023 18:06:28 INFO  Saving current: saved/KGAT-Jan-26-2023_18-04-30.pth
Thu 26 Jan 2023 18:06:33 INFO  epoch 25 training [time: 4.58s, train_loss1: 24.7408, train_loss2: 31.1729]
Thu 26 Jan 2023 18:06:33 INFO  epoch 25 evaluating [time: 0.19s, valid_score: 0.042200]
Thu 26 Jan 2023 18:06:33 INFO  valid result: 
recall@10 : 0.0182    mrr@10 : 0.0422    ndcg@10 : 0.0206    hit@10 : 0.1633    precision@10 : 0.0191
Thu 26 Jan 2023 18:06:33 INFO  Saving current: saved/KGAT-Jan-26-2023_18-04-30.pth
Thu 26 Jan 2023 18:06:37 INFO  epoch 26 training [time: 4.48s, train_loss1: 24.6560, train_loss2: 31.1723]
Thu 26 Jan 2023 18:06:37 INFO  epoch 26 evaluating [time: 0.19s, valid_score: 0.042600]
Thu 26 Jan 2023 18:06:37 INFO  valid result: 
recall@10 : 0.0183    mrr@10 : 0.0426    ndcg@10 : 0.0211    hit@10 : 0.1591    precision@10 : 0.0197
Thu 26 Jan 2023 18:06:38 INFO  Saving current: saved/KGAT-Jan-26-2023_18-04-30.pth
Thu 26 Jan 2023 18:06:42 INFO  epoch 27 training [time: 4.51s, train_loss1: 24.5805, train_loss2: 31.1716]
Thu 26 Jan 2023 18:06:42 INFO  epoch 27 evaluating [time: 0.19s, valid_score: 0.044500]
Thu 26 Jan 2023 18:06:42 INFO  valid result: 
recall@10 : 0.019    mrr@10 : 0.0445    ndcg@10 : 0.0222    hit@10 : 0.1665    precision@10 : 0.0212
Thu 26 Jan 2023 18:06:42 INFO  Saving current: saved/KGAT-Jan-26-2023_18-04-30.pth
Thu 26 Jan 2023 18:06:47 INFO  epoch 28 training [time: 4.61s, train_loss1: 24.5372, train_loss2: 31.1707]
Thu 26 Jan 2023 18:06:47 INFO  epoch 28 evaluating [time: 0.19s, valid_score: 0.046100]
Thu 26 Jan 2023 18:06:47 INFO  valid result: 
recall@10 : 0.0197    mrr@10 : 0.0461    ndcg@10 : 0.0227    hit@10 : 0.1644    precision@10 : 0.0211
Thu 26 Jan 2023 18:06:47 INFO  Saving current: saved/KGAT-Jan-26-2023_18-04-30.pth
Thu 26 Jan 2023 18:06:52 INFO  epoch 29 training [time: 4.48s, train_loss1: 24.4196, train_loss2: 31.1702]
Thu 26 Jan 2023 18:06:52 INFO  epoch 29 evaluating [time: 0.19s, valid_score: 0.044100]
Thu 26 Jan 2023 18:06:52 INFO  valid result: 
recall@10 : 0.0197    mrr@10 : 0.0441    ndcg@10 : 0.0223    hit@10 : 0.1633    precision@10 : 0.0207
Thu 26 Jan 2023 18:06:55 INFO  epoch 30 training [time: 3.55s, train_loss1: 24.2737, train_loss2: 31.1694]
Thu 26 Jan 2023 18:06:56 INFO  epoch 30 evaluating [time: 0.19s, valid_score: 0.048500]
Thu 26 Jan 2023 18:06:56 INFO  valid result: 
recall@10 : 0.0205    mrr@10 : 0.0485    ndcg@10 : 0.024    hit@10 : 0.1782    precision@10 : 0.0226
Thu 26 Jan 2023 18:06:56 INFO  Saving current: saved/KGAT-Jan-26-2023_18-04-30.pth
Thu 26 Jan 2023 18:07:00 INFO  epoch 31 training [time: 4.18s, train_loss1: 24.1366, train_loss2: 31.1684]
Thu 26 Jan 2023 18:07:00 INFO  epoch 31 evaluating [time: 0.19s, valid_score: 0.047600]
Thu 26 Jan 2023 18:07:00 INFO  valid result: 
recall@10 : 0.0196    mrr@10 : 0.0476    ndcg@10 : 0.0233    hit@10 : 0.1676    precision@10 : 0.0218
Thu 26 Jan 2023 18:07:04 INFO  epoch 32 training [time: 4.51s, train_loss1: 23.9142, train_loss2: 31.1673]
Thu 26 Jan 2023 18:07:05 INFO  epoch 32 evaluating [time: 0.20s, valid_score: 0.049200]
Thu 26 Jan 2023 18:07:05 INFO  valid result: 
recall@10 : 0.0195    mrr@10 : 0.0492    ndcg@10 : 0.0235    hit@10 : 0.1644    precision@10 : 0.0215
Thu 26 Jan 2023 18:07:05 INFO  Saving current: saved/KGAT-Jan-26-2023_18-04-30.pth
Thu 26 Jan 2023 18:07:09 INFO  epoch 33 training [time: 4.55s, train_loss1: 23.6719, train_loss2: 31.1668]
Thu 26 Jan 2023 18:07:09 INFO  epoch 33 evaluating [time: 0.19s, valid_score: 0.052200]
Thu 26 Jan 2023 18:07:09 INFO  valid result: 
recall@10 : 0.0226    mrr@10 : 0.0522    ndcg@10 : 0.0256    hit@10 : 0.1888    precision@10 : 0.0238
Thu 26 Jan 2023 18:07:10 INFO  Saving current: saved/KGAT-Jan-26-2023_18-04-30.pth
Thu 26 Jan 2023 18:07:14 INFO  epoch 34 training [time: 4.55s, train_loss1: 23.3769, train_loss2: 31.1660]
Thu 26 Jan 2023 18:07:14 INFO  epoch 34 evaluating [time: 0.19s, valid_score: 0.052100]
Thu 26 Jan 2023 18:07:14 INFO  valid result: 
recall@10 : 0.0214    mrr@10 : 0.0521    ndcg@10 : 0.0254    hit@10 : 0.1824    precision@10 : 0.0235
Thu 26 Jan 2023 18:07:19 INFO  epoch 35 training [time: 4.53s, train_loss1: 23.1005, train_loss2: 31.1651]
Thu 26 Jan 2023 18:07:19 INFO  epoch 35 evaluating [time: 0.19s, valid_score: 0.051700]
Thu 26 Jan 2023 18:07:19 INFO  valid result: 
recall@10 : 0.0246    mrr@10 : 0.0517    ndcg@10 : 0.0264    hit@10 : 0.1877    precision@10 : 0.0241
Thu 26 Jan 2023 18:07:24 INFO  epoch 36 training [time: 4.55s, train_loss1: 22.7257, train_loss2: 31.1635]
Thu 26 Jan 2023 18:07:24 INFO  epoch 36 evaluating [time: 0.20s, valid_score: 0.056700]
Thu 26 Jan 2023 18:07:24 INFO  valid result: 
recall@10 : 0.0256    mrr@10 : 0.0567    ndcg@10 : 0.0289    hit@10 : 0.1962    precision@10 : 0.0264
Thu 26 Jan 2023 18:07:24 INFO  Saving current: saved/KGAT-Jan-26-2023_18-04-30.pth
Thu 26 Jan 2023 18:07:28 INFO  epoch 37 training [time: 4.52s, train_loss1: 22.4473, train_loss2: 31.1630]
Thu 26 Jan 2023 18:07:29 INFO  epoch 37 evaluating [time: 0.24s, valid_score: 0.058700]
Thu 26 Jan 2023 18:07:29 INFO  valid result: 
recall@10 : 0.0256    mrr@10 : 0.0587    ndcg@10 : 0.0293    hit@10 : 0.1983    precision@10 : 0.0262
Thu 26 Jan 2023 18:07:29 INFO  Saving current: saved/KGAT-Jan-26-2023_18-04-30.pth
Thu 26 Jan 2023 18:07:33 INFO  epoch 38 training [time: 4.38s, train_loss1: 22.1778, train_loss2: 31.1620]
Thu 26 Jan 2023 18:07:33 INFO  epoch 38 evaluating [time: 0.19s, valid_score: 0.061900]
Thu 26 Jan 2023 18:07:33 INFO  valid result: 
recall@10 : 0.0264    mrr@10 : 0.0619    ndcg@10 : 0.0305    hit@10 : 0.2036    precision@10 : 0.027
Thu 26 Jan 2023 18:07:33 INFO  Saving current: saved/KGAT-Jan-26-2023_18-04-30.pth
Thu 26 Jan 2023 18:07:38 INFO  epoch 39 training [time: 4.59s, train_loss1: 21.9089, train_loss2: 31.1607]
Thu 26 Jan 2023 18:07:38 INFO  epoch 39 evaluating [time: 0.19s, valid_score: 0.063900]
Thu 26 Jan 2023 18:07:38 INFO  valid result: 
recall@10 : 0.029    mrr@10 : 0.0639    ndcg@10 : 0.0322    hit@10 : 0.2131    precision@10 : 0.0293
Thu 26 Jan 2023 18:07:38 INFO  Saving current: saved/KGAT-Jan-26-2023_18-04-30.pth
Thu 26 Jan 2023 18:07:43 INFO  epoch 40 training [time: 4.53s, train_loss1: 21.7156, train_loss2: 31.1598]
Thu 26 Jan 2023 18:07:43 INFO  epoch 40 evaluating [time: 0.19s, valid_score: 0.064900]
Thu 26 Jan 2023 18:07:43 INFO  valid result: 
recall@10 : 0.0294    mrr@10 : 0.0649    ndcg@10 : 0.0324    hit@10 : 0.2174    precision@10 : 0.0291
Thu 26 Jan 2023 18:07:43 INFO  Saving current: saved/KGAT-Jan-26-2023_18-04-30.pth
Thu 26 Jan 2023 18:07:47 INFO  epoch 41 training [time: 4.47s, train_loss1: 21.5736, train_loss2: 31.1585]
Thu 26 Jan 2023 18:07:47 INFO  epoch 41 evaluating [time: 0.19s, valid_score: 0.064800]
Thu 26 Jan 2023 18:07:47 INFO  valid result: 
recall@10 : 0.0287    mrr@10 : 0.0648    ndcg@10 : 0.0324    hit@10 : 0.2153    precision@10 : 0.0292
Thu 26 Jan 2023 18:07:52 INFO  epoch 42 training [time: 4.38s, train_loss1: 21.4248, train_loss2: 31.1577]
Thu 26 Jan 2023 18:07:52 INFO  epoch 42 evaluating [time: 0.19s, valid_score: 0.065100]
Thu 26 Jan 2023 18:07:52 INFO  valid result: 
recall@10 : 0.0307    mrr@10 : 0.0651    ndcg@10 : 0.0332    hit@10 : 0.2227    precision@10 : 0.0304
Thu 26 Jan 2023 18:07:52 INFO  Saving current: saved/KGAT-Jan-26-2023_18-04-30.pth
Thu 26 Jan 2023 18:07:56 INFO  epoch 43 training [time: 4.41s, train_loss1: 21.2845, train_loss2: 31.1564]
Thu 26 Jan 2023 18:07:57 INFO  epoch 43 evaluating [time: 0.19s, valid_score: 0.064500]
Thu 26 Jan 2023 18:07:57 INFO  valid result: 
recall@10 : 0.0293    mrr@10 : 0.0645    ndcg@10 : 0.0325    hit@10 : 0.2185    precision@10 : 0.0296
Thu 26 Jan 2023 18:08:01 INFO  epoch 44 training [time: 4.14s, train_loss1: 21.1546, train_loss2: 31.1553]
Thu 26 Jan 2023 18:08:01 INFO  epoch 44 evaluating [time: 0.19s, valid_score: 0.065300]
Thu 26 Jan 2023 18:08:01 INFO  valid result: 
recall@10 : 0.0292    mrr@10 : 0.0653    ndcg@10 : 0.0328    hit@10 : 0.2195    precision@10 : 0.0299
Thu 26 Jan 2023 18:08:01 INFO  Saving current: saved/KGAT-Jan-26-2023_18-04-30.pth
Thu 26 Jan 2023 18:08:05 INFO  epoch 45 training [time: 4.00s, train_loss1: 21.0101, train_loss2: 31.1548]
Thu 26 Jan 2023 18:08:05 INFO  epoch 45 evaluating [time: 0.19s, valid_score: 0.066800]
Thu 26 Jan 2023 18:08:05 INFO  valid result: 
recall@10 : 0.0312    mrr@10 : 0.0668    ndcg@10 : 0.034    hit@10 : 0.2206    precision@10 : 0.0306
Thu 26 Jan 2023 18:08:05 INFO  Saving current: saved/KGAT-Jan-26-2023_18-04-30.pth
Thu 26 Jan 2023 18:08:10 INFO  epoch 46 training [time: 4.39s, train_loss1: 20.9010, train_loss2: 31.1532]
Thu 26 Jan 2023 18:08:10 INFO  epoch 46 evaluating [time: 0.19s, valid_score: 0.066900]
Thu 26 Jan 2023 18:08:10 INFO  valid result: 
recall@10 : 0.028    mrr@10 : 0.0669    ndcg@10 : 0.0325    hit@10 : 0.2121    precision@10 : 0.029
Thu 26 Jan 2023 18:08:10 INFO  Saving current: saved/KGAT-Jan-26-2023_18-04-30.pth
Thu 26 Jan 2023 18:08:14 INFO  epoch 47 training [time: 4.48s, train_loss1: 20.8057, train_loss2: 31.1517]
Thu 26 Jan 2023 18:08:15 INFO  epoch 47 evaluating [time: 0.22s, valid_score: 0.066000]
Thu 26 Jan 2023 18:08:15 INFO  valid result: 
recall@10 : 0.0288    mrr@10 : 0.066    ndcg@10 : 0.0329    hit@10 : 0.2153    precision@10 : 0.0296
Thu 26 Jan 2023 18:08:19 INFO  epoch 48 training [time: 4.40s, train_loss1: 20.7344, train_loss2: 31.1507]
Thu 26 Jan 2023 18:08:19 INFO  epoch 48 evaluating [time: 0.20s, valid_score: 0.064600]
Thu 26 Jan 2023 18:08:19 INFO  valid result: 
recall@10 : 0.0293    mrr@10 : 0.0646    ndcg@10 : 0.0328    hit@10 : 0.2142    precision@10 : 0.0299
Thu 26 Jan 2023 18:08:24 INFO  epoch 49 training [time: 4.44s, train_loss1: 20.7193, train_loss2: 31.1494]
Thu 26 Jan 2023 18:08:24 INFO  epoch 49 evaluating [time: 0.20s, valid_score: 0.068000]
Thu 26 Jan 2023 18:08:24 INFO  valid result: 
recall@10 : 0.0316    mrr@10 : 0.068    ndcg@10 : 0.0341    hit@10 : 0.2248    precision@10 : 0.0303
Thu 26 Jan 2023 18:08:24 INFO  Saving current: saved/KGAT-Jan-26-2023_18-04-30.pth
Thu 26 Jan 2023 18:08:28 INFO  epoch 50 training [time: 4.36s, train_loss1: 20.5862, train_loss2: 31.1481]
Thu 26 Jan 2023 18:08:28 INFO  epoch 50 evaluating [time: 0.19s, valid_score: 0.065100]
Thu 26 Jan 2023 18:08:28 INFO  valid result: 
recall@10 : 0.0307    mrr@10 : 0.0651    ndcg@10 : 0.0333    hit@10 : 0.2163    precision@10 : 0.03
Thu 26 Jan 2023 18:08:33 INFO  epoch 51 training [time: 4.40s, train_loss1: 20.5602, train_loss2: 31.1467]
Thu 26 Jan 2023 18:08:33 INFO  epoch 51 evaluating [time: 0.19s, valid_score: 0.069200]
Thu 26 Jan 2023 18:08:33 INFO  valid result: 
recall@10 : 0.03    mrr@10 : 0.0692    ndcg@10 : 0.0341    hit@10 : 0.2174    precision@10 : 0.0301
Thu 26 Jan 2023 18:08:33 INFO  Saving current: saved/KGAT-Jan-26-2023_18-04-30.pth
Thu 26 Jan 2023 18:08:37 INFO  epoch 52 training [time: 4.23s, train_loss1: 20.4613, train_loss2: 31.1452]
Thu 26 Jan 2023 18:08:38 INFO  epoch 52 evaluating [time: 0.19s, valid_score: 0.066000]
Thu 26 Jan 2023 18:08:38 INFO  valid result: 
recall@10 : 0.0296    mrr@10 : 0.066    ndcg@10 : 0.0337    hit@10 : 0.2153    precision@10 : 0.0304
Thu 26 Jan 2023 18:08:42 INFO  epoch 53 training [time: 4.28s, train_loss1: 20.3510, train_loss2: 31.1442]
Thu 26 Jan 2023 18:08:42 INFO  epoch 53 evaluating [time: 0.19s, valid_score: 0.065200]
Thu 26 Jan 2023 18:08:42 INFO  valid result: 
recall@10 : 0.0297    mrr@10 : 0.0652    ndcg@10 : 0.0335    hit@10 : 0.2163    precision@10 : 0.0303
Thu 26 Jan 2023 18:08:46 INFO  epoch 54 training [time: 4.47s, train_loss1: 20.3430, train_loss2: 31.1422]
Thu 26 Jan 2023 18:08:47 INFO  epoch 54 evaluating [time: 0.19s, valid_score: 0.064600]
Thu 26 Jan 2023 18:08:47 INFO  valid result: 
recall@10 : 0.0303    mrr@10 : 0.0646    ndcg@10 : 0.0336    hit@10 : 0.2195    precision@10 : 0.0304
Thu 26 Jan 2023 18:08:51 INFO  epoch 55 training [time: 4.47s, train_loss1: 20.2178, train_loss2: 31.1410]
Thu 26 Jan 2023 18:08:51 INFO  epoch 55 evaluating [time: 0.19s, valid_score: 0.065500]
Thu 26 Jan 2023 18:08:51 INFO  valid result: 
recall@10 : 0.0306    mrr@10 : 0.0655    ndcg@10 : 0.0339    hit@10 : 0.2216    precision@10 : 0.0304
Thu 26 Jan 2023 18:08:56 INFO  epoch 56 training [time: 4.50s, train_loss1: 20.2083, train_loss2: 31.1395]
Thu 26 Jan 2023 18:08:56 INFO  epoch 56 evaluating [time: 0.19s, valid_score: 0.067800]
Thu 26 Jan 2023 18:08:56 INFO  valid result: 
recall@10 : 0.0287    mrr@10 : 0.0678    ndcg@10 : 0.034    hit@10 : 0.2163    precision@10 : 0.0302
Thu 26 Jan 2023 18:09:01 INFO  epoch 57 training [time: 4.59s, train_loss1: 20.1332, train_loss2: 31.1381]
Thu 26 Jan 2023 18:09:01 INFO  epoch 57 evaluating [time: 0.20s, valid_score: 0.066400]
Thu 26 Jan 2023 18:09:01 INFO  valid result: 
recall@10 : 0.0317    mrr@10 : 0.0664    ndcg@10 : 0.0345    hit@10 : 0.2248    precision@10 : 0.0306
Thu 26 Jan 2023 18:09:05 INFO  epoch 58 training [time: 4.45s, train_loss1: 20.1481, train_loss2: 31.1365]
Thu 26 Jan 2023 18:09:05 INFO  epoch 58 evaluating [time: 0.19s, valid_score: 0.067600]
Thu 26 Jan 2023 18:09:05 INFO  valid result: 
recall@10 : 0.0306    mrr@10 : 0.0676    ndcg@10 : 0.0344    hit@10 : 0.2227    precision@10 : 0.0302
Thu 26 Jan 2023 18:09:10 INFO  epoch 59 training [time: 4.20s, train_loss1: 20.0559, train_loss2: 31.1348]
Thu 26 Jan 2023 18:09:10 INFO  epoch 59 evaluating [time: 0.19s, valid_score: 0.067400]
Thu 26 Jan 2023 18:09:10 INFO  valid result: 
recall@10 : 0.029    mrr@10 : 0.0674    ndcg@10 : 0.0339    hit@10 : 0.2216    precision@10 : 0.0302
Thu 26 Jan 2023 18:09:14 INFO  epoch 60 training [time: 4.48s, train_loss1: 20.0350, train_loss2: 31.1329]
Thu 26 Jan 2023 18:09:15 INFO  epoch 60 evaluating [time: 0.21s, valid_score: 0.065900]
Thu 26 Jan 2023 18:09:15 INFO  valid result: 
recall@10 : 0.0299    mrr@10 : 0.0659    ndcg@10 : 0.0341    hit@10 : 0.2259    precision@10 : 0.031
Thu 26 Jan 2023 18:09:19 INFO  epoch 61 training [time: 4.50s, train_loss1: 19.9447, train_loss2: 31.1314]
Thu 26 Jan 2023 18:09:19 INFO  epoch 61 evaluating [time: 0.19s, valid_score: 0.066300]
Thu 26 Jan 2023 18:09:19 INFO  valid result: 
recall@10 : 0.0294    mrr@10 : 0.0663    ndcg@10 : 0.034    hit@10 : 0.2301    precision@10 : 0.0313
Thu 26 Jan 2023 18:09:24 INFO  epoch 62 training [time: 4.75s, train_loss1: 19.9434, train_loss2: 31.1298]
Thu 26 Jan 2023 18:09:24 INFO  epoch 62 evaluating [time: 0.19s, valid_score: 0.066700]
Thu 26 Jan 2023 18:09:24 INFO  valid result: 
recall@10 : 0.0281    mrr@10 : 0.0667    ndcg@10 : 0.0337    hit@10 : 0.2206    precision@10 : 0.0301
Thu 26 Jan 2023 18:09:24 INFO  Finished training, best eval result in epoch 51
Thu 26 Jan 2023 18:09:24 INFO  Loading model structure and parameters from saved/KGAT-Jan-26-2023_18-04-30.pth
Thu 26 Jan 2023 18:09:24 INFO  best valid : OrderedDict([('recall@10', 0.03), ('mrr@10', 0.0692), ('ndcg@10', 0.0341), ('hit@10', 0.2174), ('precision@10', 0.0301)])
Thu 26 Jan 2023 18:09:24 INFO  test result: OrderedDict([('recall@10', 0.0323), ('mrr@10', 0.0778), ('ndcg@10', 0.0393), ('hit@10', 0.2471), ('precision@10', 0.0358)])
