Thu 19 Jan 2023 20:57:36 INFO  ['recbole_test.py']
Thu 19 Jan 2023 20:57:36 INFO  
General Hyper Parameters:
gpu_id = 0
use_gpu = True
seed = 2020
state = INFO
reproducibility = True
data_path = /work/03/gu14/k36095/kgat_bai/recbole/config/../dataset_example/ml-100k
checkpoint_dir = saved
show_progress = True
save_dataset = True
dataset_save_path = None
save_dataloaders = False
dataloaders_save_path = None
log_wandb = False

Training Hyper Parameters:
epochs = 300
train_batch_size = 2048
learner = adam
learning_rate = 0.001
train_neg_sample_args = {'distribution': 'uniform', 'sample_num': 1, 'alpha': 1.0, 'dynamic': False, 'candidate_num': 0}
eval_step = 1
stopping_step = 10
clip_grad_norm = None
weight_decay = 0.0
loss_decimal_place = 4

Evaluation Hyper Parameters:
eval_args = {'split': {'RS': [0.8, 0.1, 0.1]}, 'group_by': 'user', 'order': 'RO', 'mode': 'full'}
repeatable = False
metrics = ['Recall', 'MRR', 'NDCG', 'Hit', 'Precision']
topk = [10]
valid_metric = MRR@10
valid_metric_bigger = True
eval_batch_size = 4096
metric_decimal_place = 4

Dataset Hyper Parameters:
field_separator = 	
seq_separator =  
USER_ID_FIELD = user_id
ITEM_ID_FIELD = item_id
RATING_FIELD = rating
TIME_FIELD = timestamp
seq_len = None
LABEL_FIELD = label
threshold = None
NEG_PREFIX = neg_
load_col = {'inter': ['user_id', 'item_id', 'rating', 'timestamp'], 'kg': ['head_id', 'relation_id', 'tail_id'], 'link': ['item_id', 'entity_id']}
unload_col = None
unused_col = None
additional_feat_suffix = None
rm_dup_inter = None
val_interval = None
filter_inter_by_user_or_item = True
user_inter_num_interval = None
item_inter_num_interval = None
alias_of_user_id = None
alias_of_item_id = None
alias_of_entity_id = None
alias_of_relation_id = None
preload_weight = None
normalize_field = None
normalize_all = True
ITEM_LIST_LENGTH_FIELD = item_length
LIST_SUFFIX = _list
MAX_ITEM_LIST_LENGTH = 50
POSITION_FIELD = position_id
HEAD_ENTITY_ID_FIELD = head_id
TAIL_ENTITY_ID_FIELD = tail_id
RELATION_ID_FIELD = relation_id
ENTITY_ID_FIELD = entity_id
kg_reverse_r = False
entity_kg_num_interval = [0,inf)
relation_kg_num_interval = [0,inf)
benchmark_filename = None

Other Hyper Parameters: 
worker = 0
wandb_project = recbole
shuffle = True
require_pow = False
enable_amp = False
enable_scaler = False
transform = None
embedding_size = 64
kg_embedding_size = 64
layers = [64]
mess_dropout = 0.1
reg_weight = 1e-05
aggregator_type = gcn
numerical_features = []
discretization = None
MODEL_TYPE = ModelType.KNOWLEDGE
MODEL_INPUT_TYPE = InputType.PAIRWISE
eval_type = EvaluatorType.RANKING
single_spec = True
local_rank = 0
device = cpu
eval_neg_sample_args = {'distribution': 'uniform', 'sample_num': 'none'}


Thu 19 Jan 2023 20:57:38 INFO  Saving filtered dataset into [saved/ml-100k-dataset.pth]
Thu 19 Jan 2023 20:57:38 INFO  ml-100k
The number of users: 944
Average actions of users: 103.4506892895016
The number of items: 1599
Average actions of items: 61.04755944931164
The number of inters: 97554
The sparsity of the dataset: 93.53714185772888%
Remain Fields: ['entity_id', 'user_id', 'item_id', 'rating', 'timestamp', 'head_id', 'relation_id', 'tail_id']
The number of entities: 34629
The number of relations: 26
The number of triples: 91631
The number of items that have been linked to KG: 1598
Thu 19 Jan 2023 20:57:39 INFO  [Training]: train_batch_size = [2048] train_neg_sample_args: [{'distribution': 'uniform', 'sample_num': 1, 'alpha': 1.0, 'dynamic': False, 'candidate_num': 0}]
Thu 19 Jan 2023 20:57:39 INFO  [Evaluation]: eval_batch_size = [4096] eval_args: [{'split': {'RS': [0.8, 0.1, 0.1]}, 'group_by': 'user', 'order': 'RO', 'mode': 'full'}]
Thu 19 Jan 2023 20:57:45 INFO  KGAT(
  (user_embedding): Embedding(944, 64)
  (entity_embedding): Embedding(34629, 64)
  (relation_embedding): Embedding(26, 64)
  (trans_w): Embedding(26, 4096)
  (aggregator_layers): ModuleList(
    (0): Aggregator(
      (message_dropout): Dropout(p=0.1, inplace=False)
      (W): Linear(in_features=64, out_features=64, bias=True)
      (activation): LeakyReLU(negative_slope=0.01)
    )
  )
  (tanh): Tanh()
  (mf_loss): BPRLoss()
  (reg_loss): EmbLoss()
)
Trainable parameters: 2388992
Thu 19 Jan 2023 20:57:46 INFO  FLOPs: 145707008.0
Thu 19 Jan 2023 20:58:01 INFO  epoch 0 training [time: 14.86s, train_loss1: 23.4772, train_loss2: 29.7189]
Thu 19 Jan 2023 20:58:02 INFO  epoch 0 evaluating [time: 0.62s, valid_score: 0.108400]
Thu 19 Jan 2023 20:58:02 INFO  valid result: 
recall@10 : 0.0507    mrr@10 : 0.1084    ndcg@10 : 0.0554    hit@10 : 0.3192    precision@10 : 0.0461
Thu 19 Jan 2023 20:58:02 INFO  Saving current: saved/KGAT-Jan-19-2023_20-57-46.pth
Thu 19 Jan 2023 20:58:15 INFO  epoch 1 training [time: 12.65s, train_loss1: 18.5829, train_loss2: 20.4087]
Thu 19 Jan 2023 20:58:15 INFO  epoch 1 evaluating [time: 0.15s, valid_score: 0.155700]
Thu 19 Jan 2023 20:58:15 INFO  valid result: 
recall@10 : 0.0911    mrr@10 : 0.1557    ndcg@10 : 0.0873    hit@10 : 0.4528    precision@10 : 0.0694
Thu 19 Jan 2023 20:58:15 INFO  Saving current: saved/KGAT-Jan-19-2023_20-57-46.pth
Thu 19 Jan 2023 20:58:27 INFO  epoch 2 training [time: 12.14s, train_loss1: 16.8417, train_loss2: 12.6355]
Thu 19 Jan 2023 20:58:27 INFO  epoch 2 evaluating [time: 0.21s, valid_score: 0.180200]
Thu 19 Jan 2023 20:58:27 INFO  valid result: 
recall@10 : 0.1036    mrr@10 : 0.1802    ndcg@10 : 0.0996    hit@10 : 0.4719    precision@10 : 0.0726
Thu 19 Jan 2023 20:58:27 INFO  Saving current: saved/KGAT-Jan-19-2023_20-57-46.pth
Thu 19 Jan 2023 20:58:39 INFO  epoch 3 training [time: 11.89s, train_loss1: 16.4613, train_loss2: 10.2683]
Thu 19 Jan 2023 20:58:39 INFO  epoch 3 evaluating [time: 0.15s, valid_score: 0.173100]
Thu 19 Jan 2023 20:58:39 INFO  valid result: 
recall@10 : 0.1092    mrr@10 : 0.1731    ndcg@10 : 0.1002    hit@10 : 0.4857    precision@10 : 0.0751
Thu 19 Jan 2023 20:58:52 INFO  epoch 4 training [time: 12.12s, train_loss1: 16.3058, train_loss2: 9.0709]
Thu 19 Jan 2023 20:58:52 INFO  epoch 4 evaluating [time: 0.15s, valid_score: 0.183100]
Thu 19 Jan 2023 20:58:52 INFO  valid result: 
recall@10 : 0.1059    mrr@10 : 0.1831    ndcg@10 : 0.1028    hit@10 : 0.4846    precision@10 : 0.0777
Thu 19 Jan 2023 20:58:52 INFO  Saving current: saved/KGAT-Jan-19-2023_20-57-46.pth
Thu 19 Jan 2023 20:59:04 INFO  epoch 5 training [time: 12.07s, train_loss1: 16.1642, train_loss2: 8.2896]
Thu 19 Jan 2023 20:59:04 INFO  epoch 5 evaluating [time: 0.17s, valid_score: 0.199100]
Thu 19 Jan 2023 20:59:04 INFO  valid result: 
recall@10 : 0.099    mrr@10 : 0.1991    ndcg@10 : 0.1039    hit@10 : 0.4783    precision@10 : 0.0769
Thu 19 Jan 2023 20:59:04 INFO  Saving current: saved/KGAT-Jan-19-2023_20-57-46.pth
Thu 19 Jan 2023 20:59:16 INFO  epoch 6 training [time: 12.08s, train_loss1: 15.9464, train_loss2: 7.9023]
Thu 19 Jan 2023 20:59:16 INFO  epoch 6 evaluating [time: 0.15s, valid_score: 0.204400]
Thu 19 Jan 2023 20:59:16 INFO  valid result: 
recall@10 : 0.1016    mrr@10 : 0.2044    ndcg@10 : 0.1078    hit@10 : 0.4867    precision@10 : 0.0794
Thu 19 Jan 2023 20:59:16 INFO  Saving current: saved/KGAT-Jan-19-2023_20-57-46.pth
Thu 19 Jan 2023 20:59:29 INFO  epoch 7 training [time: 12.14s, train_loss1: 15.8757, train_loss2: 7.4692]
Thu 19 Jan 2023 20:59:29 INFO  epoch 7 evaluating [time: 0.18s, valid_score: 0.202000]
Thu 19 Jan 2023 20:59:29 INFO  valid result: 
recall@10 : 0.0992    mrr@10 : 0.202    ndcg@10 : 0.108    hit@10 : 0.4814    precision@10 : 0.0811
Thu 19 Jan 2023 20:59:41 INFO  epoch 8 training [time: 12.16s, train_loss1: 15.7267, train_loss2: 7.1447]
Thu 19 Jan 2023 20:59:41 INFO  epoch 8 evaluating [time: 0.17s, valid_score: 0.204100]
Thu 19 Jan 2023 20:59:41 INFO  valid result: 
recall@10 : 0.1074    mrr@10 : 0.2041    ndcg@10 : 0.1117    hit@10 : 0.4963    precision@10 : 0.0822
Thu 19 Jan 2023 20:59:53 INFO  epoch 9 training [time: 12.11s, train_loss1: 15.5142, train_loss2: 6.8892]
Thu 19 Jan 2023 20:59:53 INFO  epoch 9 evaluating [time: 0.16s, valid_score: 0.209100]
Thu 19 Jan 2023 20:59:53 INFO  valid result: 
recall@10 : 0.1046    mrr@10 : 0.2091    ndcg@10 : 0.1123    hit@10 : 0.4857    precision@10 : 0.0824
Thu 19 Jan 2023 20:59:53 INFO  Saving current: saved/KGAT-Jan-19-2023_20-57-46.pth
Thu 19 Jan 2023 21:00:06 INFO  epoch 10 training [time: 12.28s, train_loss1: 15.3310, train_loss2: 6.5851]
Thu 19 Jan 2023 21:00:06 INFO  epoch 10 evaluating [time: 0.15s, valid_score: 0.216300]
Thu 19 Jan 2023 21:00:06 INFO  valid result: 
recall@10 : 0.1115    mrr@10 : 0.2163    ndcg@10 : 0.1177    hit@10 : 0.5101    precision@10 : 0.0873
Thu 19 Jan 2023 21:00:06 INFO  Saving current: saved/KGAT-Jan-19-2023_20-57-46.pth
Thu 19 Jan 2023 21:00:18 INFO  epoch 11 training [time: 12.21s, train_loss1: 15.0422, train_loss2: 6.4021]
Thu 19 Jan 2023 21:00:18 INFO  epoch 11 evaluating [time: 0.16s, valid_score: 0.233800]
Thu 19 Jan 2023 21:00:18 INFO  valid result: 
recall@10 : 0.1178    mrr@10 : 0.2338    ndcg@10 : 0.127    hit@10 : 0.5323    precision@10 : 0.0931
Thu 19 Jan 2023 21:00:18 INFO  Saving current: saved/KGAT-Jan-19-2023_20-57-46.pth
Thu 19 Jan 2023 21:00:30 INFO  epoch 12 training [time: 11.91s, train_loss1: 14.8534, train_loss2: 5.9958]
Thu 19 Jan 2023 21:00:30 INFO  epoch 12 evaluating [time: 0.15s, valid_score: 0.234500]
Thu 19 Jan 2023 21:00:30 INFO  valid result: 
recall@10 : 0.1207    mrr@10 : 0.2345    ndcg@10 : 0.1304    hit@10 : 0.5323    precision@10 : 0.0964
Thu 19 Jan 2023 21:00:30 INFO  Saving current: saved/KGAT-Jan-19-2023_20-57-46.pth
Thu 19 Jan 2023 21:00:42 INFO  epoch 13 training [time: 11.86s, train_loss1: 14.5072, train_loss2: 5.6454]
Thu 19 Jan 2023 21:00:42 INFO  epoch 13 evaluating [time: 0.15s, valid_score: 0.243700]
Thu 19 Jan 2023 21:00:42 INFO  valid result: 
recall@10 : 0.1249    mrr@10 : 0.2437    ndcg@10 : 0.1356    hit@10 : 0.5472    precision@10 : 0.1005
Thu 19 Jan 2023 21:00:43 INFO  Saving current: saved/KGAT-Jan-19-2023_20-57-46.pth
Thu 19 Jan 2023 21:00:55 INFO  epoch 14 training [time: 12.27s, train_loss1: 14.1951, train_loss2: 5.3277]
Thu 19 Jan 2023 21:00:55 INFO  epoch 14 evaluating [time: 0.15s, valid_score: 0.259600]
Thu 19 Jan 2023 21:00:55 INFO  valid result: 
recall@10 : 0.1331    mrr@10 : 0.2596    ndcg@10 : 0.1453    hit@10 : 0.5663    precision@10 : 0.1057
Thu 19 Jan 2023 21:00:55 INFO  Saving current: saved/KGAT-Jan-19-2023_20-57-46.pth
Thu 19 Jan 2023 21:01:07 INFO  epoch 15 training [time: 12.22s, train_loss1: 13.8831, train_loss2: 5.0162]
Thu 19 Jan 2023 21:01:07 INFO  epoch 15 evaluating [time: 0.16s, valid_score: 0.262000]
Thu 19 Jan 2023 21:01:07 INFO  valid result: 
recall@10 : 0.1452    mrr@10 : 0.262    ndcg@10 : 0.1518    hit@10 : 0.5896    precision@10 : 0.1122
Thu 19 Jan 2023 21:01:07 INFO  Saving current: saved/KGAT-Jan-19-2023_20-57-46.pth
Thu 19 Jan 2023 21:01:20 INFO  epoch 16 training [time: 12.28s, train_loss1: 13.5408, train_loss2: 4.6208]
Thu 19 Jan 2023 21:01:20 INFO  epoch 16 evaluating [time: 0.16s, valid_score: 0.276900]
Thu 19 Jan 2023 21:01:20 INFO  valid result: 
recall@10 : 0.1477    mrr@10 : 0.2769    ndcg@10 : 0.1568    hit@10 : 0.6023    precision@10 : 0.1148
Thu 19 Jan 2023 21:01:20 INFO  Saving current: saved/KGAT-Jan-19-2023_20-57-46.pth
Thu 19 Jan 2023 21:01:32 INFO  epoch 17 training [time: 12.07s, train_loss1: 13.1480, train_loss2: 4.2818]
Thu 19 Jan 2023 21:01:32 INFO  epoch 17 evaluating [time: 0.15s, valid_score: 0.289000]
Thu 19 Jan 2023 21:01:32 INFO  valid result: 
recall@10 : 0.1533    mrr@10 : 0.289    ndcg@10 : 0.1637    hit@10 : 0.6119    precision@10 : 0.1169
Thu 19 Jan 2023 21:01:32 INFO  Saving current: saved/KGAT-Jan-19-2023_20-57-46.pth
Thu 19 Jan 2023 21:01:44 INFO  epoch 18 training [time: 12.09s, train_loss1: 12.7486, train_loss2: 3.9631]
Thu 19 Jan 2023 21:01:45 INFO  epoch 18 evaluating [time: 0.16s, valid_score: 0.294200]
Thu 19 Jan 2023 21:01:45 INFO  valid result: 
recall@10 : 0.1578    mrr@10 : 0.2942    ndcg@10 : 0.1677    hit@10 : 0.6267    precision@10 : 0.1201
Thu 19 Jan 2023 21:01:45 INFO  Saving current: saved/KGAT-Jan-19-2023_20-57-46.pth
Thu 19 Jan 2023 21:01:57 INFO  epoch 19 training [time: 12.14s, train_loss1: 12.4641, train_loss2: 3.9106]
Thu 19 Jan 2023 21:01:57 INFO  epoch 19 evaluating [time: 0.17s, valid_score: 0.303500]
Thu 19 Jan 2023 21:01:57 INFO  valid result: 
recall@10 : 0.1595    mrr@10 : 0.3035    ndcg@10 : 0.1721    hit@10 : 0.6299    precision@10 : 0.122
Thu 19 Jan 2023 21:01:57 INFO  Saving current: saved/KGAT-Jan-19-2023_20-57-46.pth
Thu 19 Jan 2023 21:02:09 INFO  epoch 20 training [time: 12.08s, train_loss1: 12.1496, train_loss2: 3.7486]
Thu 19 Jan 2023 21:02:09 INFO  epoch 20 evaluating [time: 0.15s, valid_score: 0.312400]
Thu 19 Jan 2023 21:02:09 INFO  valid result: 
recall@10 : 0.1635    mrr@10 : 0.3124    ndcg@10 : 0.1785    hit@10 : 0.6373    precision@10 : 0.1251
Thu 19 Jan 2023 21:02:09 INFO  Saving current: saved/KGAT-Jan-19-2023_20-57-46.pth
Thu 19 Jan 2023 21:02:21 INFO  epoch 21 training [time: 11.81s, train_loss1: 11.8248, train_loss2: 3.5725]
Thu 19 Jan 2023 21:02:21 INFO  epoch 21 evaluating [time: 0.15s, valid_score: 0.317500]
Thu 19 Jan 2023 21:02:21 INFO  valid result: 
recall@10 : 0.1688    mrr@10 : 0.3175    ndcg@10 : 0.184    hit@10 : 0.6511    precision@10 : 0.13
Thu 19 Jan 2023 21:02:21 INFO  Saving current: saved/KGAT-Jan-19-2023_20-57-46.pth
Thu 19 Jan 2023 21:02:33 INFO  epoch 22 training [time: 11.84s, train_loss1: 11.5738, train_loss2: 3.2972]
Thu 19 Jan 2023 21:02:33 INFO  epoch 22 evaluating [time: 0.15s, valid_score: 0.321900]
Thu 19 Jan 2023 21:02:33 INFO  valid result: 
recall@10 : 0.1687    mrr@10 : 0.3219    ndcg@10 : 0.1853    hit@10 : 0.6532    precision@10 : 0.1306
Thu 19 Jan 2023 21:02:33 INFO  Saving current: saved/KGAT-Jan-19-2023_20-57-46.pth
Thu 19 Jan 2023 21:02:45 INFO  epoch 23 training [time: 12.08s, train_loss1: 11.2550, train_loss2: 3.2186]
Thu 19 Jan 2023 21:02:46 INFO  epoch 23 evaluating [time: 0.15s, valid_score: 0.333500]
Thu 19 Jan 2023 21:02:46 INFO  valid result: 
recall@10 : 0.1712    mrr@10 : 0.3335    ndcg@10 : 0.1905    hit@10 : 0.6628    precision@10 : 0.1326
Thu 19 Jan 2023 21:02:46 INFO  Saving current: saved/KGAT-Jan-19-2023_20-57-46.pth
Thu 19 Jan 2023 21:02:58 INFO  epoch 24 training [time: 11.94s, train_loss1: 11.0508, train_loss2: 3.1394]
Thu 19 Jan 2023 21:02:58 INFO  epoch 24 evaluating [time: 0.16s, valid_score: 0.346200]
Thu 19 Jan 2023 21:02:58 INFO  valid result: 
recall@10 : 0.1713    mrr@10 : 0.3462    ndcg@10 : 0.1949    hit@10 : 0.6702    precision@10 : 0.1343
Thu 19 Jan 2023 21:02:58 INFO  Saving current: saved/KGAT-Jan-19-2023_20-57-46.pth
Thu 19 Jan 2023 21:03:10 INFO  epoch 25 training [time: 12.07s, train_loss1: 10.8477, train_loss2: 3.0428]
Thu 19 Jan 2023 21:03:10 INFO  epoch 25 evaluating [time: 0.15s, valid_score: 0.351200]
Thu 19 Jan 2023 21:03:10 INFO  valid result: 
recall@10 : 0.173    mrr@10 : 0.3512    ndcg@10 : 0.1962    hit@10 : 0.6723    precision@10 : 0.1339
Thu 19 Jan 2023 21:03:10 INFO  Saving current: saved/KGAT-Jan-19-2023_20-57-46.pth
Thu 19 Jan 2023 21:03:22 INFO  epoch 26 training [time: 12.08s, train_loss1: 10.6240, train_loss2: 3.0321]
Thu 19 Jan 2023 21:03:22 INFO  epoch 26 evaluating [time: 0.17s, valid_score: 0.346300]
Thu 19 Jan 2023 21:03:22 INFO  valid result: 
recall@10 : 0.1728    mrr@10 : 0.3463    ndcg@10 : 0.1954    hit@10 : 0.666    precision@10 : 0.1341
Thu 19 Jan 2023 21:03:34 INFO  epoch 27 training [time: 12.08s, train_loss1: 10.3553, train_loss2: 2.9045]
Thu 19 Jan 2023 21:03:35 INFO  epoch 27 evaluating [time: 0.16s, valid_score: 0.349100]
Thu 19 Jan 2023 21:03:35 INFO  valid result: 
recall@10 : 0.1761    mrr@10 : 0.3491    ndcg@10 : 0.1976    hit@10 : 0.6744    precision@10 : 0.137
Thu 19 Jan 2023 21:03:47 INFO  epoch 28 training [time: 12.14s, train_loss1: 10.3185, train_loss2: 2.8077]
Thu 19 Jan 2023 21:03:47 INFO  epoch 28 evaluating [time: 0.15s, valid_score: 0.348100]
Thu 19 Jan 2023 21:03:47 INFO  valid result: 
recall@10 : 0.18    mrr@10 : 0.3481    ndcg@10 : 0.1991    hit@10 : 0.6691    precision@10 : 0.1373
Thu 19 Jan 2023 21:03:59 INFO  epoch 29 training [time: 12.06s, train_loss1: 10.0810, train_loss2: 2.7552]
Thu 19 Jan 2023 21:03:59 INFO  epoch 29 evaluating [time: 0.16s, valid_score: 0.355500]
Thu 19 Jan 2023 21:03:59 INFO  valid result: 
recall@10 : 0.1843    mrr@10 : 0.3555    ndcg@10 : 0.2028    hit@10 : 0.6872    precision@10 : 0.1394
Thu 19 Jan 2023 21:03:59 INFO  Saving current: saved/KGAT-Jan-19-2023_20-57-46.pth
Thu 19 Jan 2023 21:04:11 INFO  epoch 30 training [time: 12.09s, train_loss1: 9.9510, train_loss2: 2.6787]
Thu 19 Jan 2023 21:04:11 INFO  epoch 30 evaluating [time: 0.15s, valid_score: 0.352200]
Thu 19 Jan 2023 21:04:11 INFO  valid result: 
recall@10 : 0.1834    mrr@10 : 0.3522    ndcg@10 : 0.2017    hit@10 : 0.6861    precision@10 : 0.1379
Thu 19 Jan 2023 21:04:23 INFO  epoch 31 training [time: 11.86s, train_loss1: 9.8548, train_loss2: 2.5716]
Thu 19 Jan 2023 21:04:23 INFO  epoch 31 evaluating [time: 0.15s, valid_score: 0.354600]
Thu 19 Jan 2023 21:04:23 INFO  valid result: 
recall@10 : 0.1829    mrr@10 : 0.3546    ndcg@10 : 0.2028    hit@10 : 0.6787    precision@10 : 0.1386
Thu 19 Jan 2023 21:04:35 INFO  epoch 32 training [time: 11.83s, train_loss1: 9.6519, train_loss2: 2.5355]
Thu 19 Jan 2023 21:04:35 INFO  epoch 32 evaluating [time: 0.17s, valid_score: 0.357100]
Thu 19 Jan 2023 21:04:35 INFO  valid result: 
recall@10 : 0.1831    mrr@10 : 0.3571    ndcg@10 : 0.2043    hit@10 : 0.6776    precision@10 : 0.1391
Thu 19 Jan 2023 21:04:35 INFO  Saving current: saved/KGAT-Jan-19-2023_20-57-46.pth
Thu 19 Jan 2023 21:04:48 INFO  epoch 33 training [time: 12.07s, train_loss1: 9.6213, train_loss2: 2.4212]
Thu 19 Jan 2023 21:04:48 INFO  epoch 33 evaluating [time: 0.15s, valid_score: 0.365100]
Thu 19 Jan 2023 21:04:48 INFO  valid result: 
recall@10 : 0.1881    mrr@10 : 0.3651    ndcg@10 : 0.2088    hit@10 : 0.6872    precision@10 : 0.1427
Thu 19 Jan 2023 21:04:48 INFO  Saving current: saved/KGAT-Jan-19-2023_20-57-46.pth
Thu 19 Jan 2023 21:05:00 INFO  epoch 34 training [time: 12.10s, train_loss1: 9.4361, train_loss2: 2.3543]
Thu 19 Jan 2023 21:05:00 INFO  epoch 34 evaluating [time: 0.15s, valid_score: 0.363700]
Thu 19 Jan 2023 21:05:00 INFO  valid result: 
recall@10 : 0.1856    mrr@10 : 0.3637    ndcg@10 : 0.2066    hit@10 : 0.684    precision@10 : 0.1405
Thu 19 Jan 2023 21:05:12 INFO  epoch 35 training [time: 12.14s, train_loss1: 9.4867, train_loss2: 2.3660]
Thu 19 Jan 2023 21:05:12 INFO  epoch 35 evaluating [time: 0.15s, valid_score: 0.363600]
Thu 19 Jan 2023 21:05:12 INFO  valid result: 
recall@10 : 0.1861    mrr@10 : 0.3636    ndcg@10 : 0.2076    hit@10 : 0.6872    precision@10 : 0.1419
Thu 19 Jan 2023 21:05:24 INFO  epoch 36 training [time: 12.09s, train_loss1: 9.1999, train_loss2: 2.2675]
Thu 19 Jan 2023 21:05:25 INFO  epoch 36 evaluating [time: 0.15s, valid_score: 0.365000]
Thu 19 Jan 2023 21:05:25 INFO  valid result: 
recall@10 : 0.1878    mrr@10 : 0.365    ndcg@10 : 0.2077    hit@10 : 0.6903    precision@10 : 0.1424
Thu 19 Jan 2023 21:05:37 INFO  epoch 37 training [time: 12.07s, train_loss1: 9.1540, train_loss2: 2.1811]
Thu 19 Jan 2023 21:05:37 INFO  epoch 37 evaluating [time: 0.15s, valid_score: 0.360900]
Thu 19 Jan 2023 21:05:37 INFO  valid result: 
recall@10 : 0.1886    mrr@10 : 0.3609    ndcg@10 : 0.2081    hit@10 : 0.6861    precision@10 : 0.1443
Thu 19 Jan 2023 21:05:49 INFO  epoch 38 training [time: 12.17s, train_loss1: 9.1779, train_loss2: 2.1402]
Thu 19 Jan 2023 21:05:49 INFO  epoch 38 evaluating [time: 0.15s, valid_score: 0.368800]
Thu 19 Jan 2023 21:05:49 INFO  valid result: 
recall@10 : 0.19    mrr@10 : 0.3688    ndcg@10 : 0.2106    hit@10 : 0.6988    precision@10 : 0.1451
Thu 19 Jan 2023 21:05:49 INFO  Saving current: saved/KGAT-Jan-19-2023_20-57-46.pth
Thu 19 Jan 2023 21:06:01 INFO  epoch 39 training [time: 12.11s, train_loss1: 8.9727, train_loss2: 2.1245]
Thu 19 Jan 2023 21:06:01 INFO  epoch 39 evaluating [time: 0.15s, valid_score: 0.375900]
Thu 19 Jan 2023 21:06:01 INFO  valid result: 
recall@10 : 0.1911    mrr@10 : 0.3759    ndcg@10 : 0.2131    hit@10 : 0.6978    precision@10 : 0.1455
Thu 19 Jan 2023 21:06:01 INFO  Saving current: saved/KGAT-Jan-19-2023_20-57-46.pth
Thu 19 Jan 2023 21:06:13 INFO  epoch 40 training [time: 11.92s, train_loss1: 8.9056, train_loss2: 2.0667]
Thu 19 Jan 2023 21:06:14 INFO  epoch 40 evaluating [time: 0.23s, valid_score: 0.372000]
Thu 19 Jan 2023 21:06:14 INFO  valid result: 
recall@10 : 0.1933    mrr@10 : 0.372    ndcg@10 : 0.2141    hit@10 : 0.6946    precision@10 : 0.1473
Thu 19 Jan 2023 21:06:26 INFO  epoch 41 training [time: 12.12s, train_loss1: 8.7969, train_loss2: 1.9885]
Thu 19 Jan 2023 21:06:26 INFO  epoch 41 evaluating [time: 0.16s, valid_score: 0.371900]
Thu 19 Jan 2023 21:06:26 INFO  valid result: 
recall@10 : 0.1919    mrr@10 : 0.3719    ndcg@10 : 0.2135    hit@10 : 0.6967    precision@10 : 0.1461
Thu 19 Jan 2023 21:06:38 INFO  epoch 42 training [time: 12.09s, train_loss1: 8.7143, train_loss2: 1.9336]
Thu 19 Jan 2023 21:06:38 INFO  epoch 42 evaluating [time: 0.15s, valid_score: 0.369400]
Thu 19 Jan 2023 21:06:38 INFO  valid result: 
recall@10 : 0.1943    mrr@10 : 0.3694    ndcg@10 : 0.2123    hit@10 : 0.7031    precision@10 : 0.145
Thu 19 Jan 2023 21:06:50 INFO  epoch 43 training [time: 12.12s, train_loss1: 8.6497, train_loss2: 1.9659]
Thu 19 Jan 2023 21:06:51 INFO  epoch 43 evaluating [time: 0.17s, valid_score: 0.373900]
Thu 19 Jan 2023 21:06:51 INFO  valid result: 
recall@10 : 0.194    mrr@10 : 0.3739    ndcg@10 : 0.2135    hit@10 : 0.7031    precision@10 : 0.1453
Thu 19 Jan 2023 21:07:03 INFO  epoch 44 training [time: 12.03s, train_loss1: 8.4751, train_loss2: 1.9159]
Thu 19 Jan 2023 21:07:03 INFO  epoch 44 evaluating [time: 0.15s, valid_score: 0.376800]
Thu 19 Jan 2023 21:07:03 INFO  valid result: 
recall@10 : 0.1945    mrr@10 : 0.3768    ndcg@10 : 0.2157    hit@10 : 0.7094    precision@10 : 0.1472
Thu 19 Jan 2023 21:07:03 INFO  Saving current: saved/KGAT-Jan-19-2023_20-57-46.pth
Thu 19 Jan 2023 21:07:15 INFO  epoch 45 training [time: 11.85s, train_loss1: 8.4781, train_loss2: 1.8450]
Thu 19 Jan 2023 21:07:15 INFO  epoch 45 evaluating [time: 0.15s, valid_score: 0.374700]
Thu 19 Jan 2023 21:07:15 INFO  valid result: 
recall@10 : 0.1994    mrr@10 : 0.3747    ndcg@10 : 0.2179    hit@10 : 0.7169    precision@10 : 0.1504
Thu 19 Jan 2023 21:07:27 INFO  epoch 46 training [time: 12.17s, train_loss1: 8.2857, train_loss2: 1.8901]
Thu 19 Jan 2023 21:07:27 INFO  epoch 46 evaluating [time: 0.15s, valid_score: 0.379300]
Thu 19 Jan 2023 21:07:27 INFO  valid result: 
recall@10 : 0.1965    mrr@10 : 0.3793    ndcg@10 : 0.2177    hit@10 : 0.7147    precision@10 : 0.1486
Thu 19 Jan 2023 21:07:27 INFO  Saving current: saved/KGAT-Jan-19-2023_20-57-46.pth
Thu 19 Jan 2023 21:07:39 INFO  epoch 47 training [time: 12.14s, train_loss1: 8.2865, train_loss2: 1.8048]
Thu 19 Jan 2023 21:07:40 INFO  epoch 47 evaluating [time: 0.16s, valid_score: 0.379200]
Thu 19 Jan 2023 21:07:40 INFO  valid result: 
recall@10 : 0.1994    mrr@10 : 0.3792    ndcg@10 : 0.219    hit@10 : 0.7063    precision@10 : 0.1498
Thu 19 Jan 2023 21:07:52 INFO  epoch 48 training [time: 12.00s, train_loss1: 8.1596, train_loss2: 1.7406]
Thu 19 Jan 2023 21:07:52 INFO  epoch 48 evaluating [time: 0.15s, valid_score: 0.375700]
Thu 19 Jan 2023 21:07:52 INFO  valid result: 
recall@10 : 0.2002    mrr@10 : 0.3757    ndcg@10 : 0.2196    hit@10 : 0.7105    precision@10 : 0.1509
Thu 19 Jan 2023 21:08:04 INFO  epoch 49 training [time: 12.14s, train_loss1: 8.1871, train_loss2: 1.7610]
Thu 19 Jan 2023 21:08:04 INFO  epoch 49 evaluating [time: 0.15s, valid_score: 0.384200]
Thu 19 Jan 2023 21:08:04 INFO  valid result: 
recall@10 : 0.1981    mrr@10 : 0.3842    ndcg@10 : 0.221    hit@10 : 0.7052    precision@10 : 0.1498
Thu 19 Jan 2023 21:08:04 INFO  Saving current: saved/KGAT-Jan-19-2023_20-57-46.pth
Thu 19 Jan 2023 21:08:16 INFO  epoch 50 training [time: 12.09s, train_loss1: 8.0644, train_loss2: 1.7536]
Thu 19 Jan 2023 21:08:16 INFO  epoch 50 evaluating [time: 0.15s, valid_score: 0.390900]
Thu 19 Jan 2023 21:08:16 INFO  valid result: 
recall@10 : 0.1968    mrr@10 : 0.3909    ndcg@10 : 0.2215    hit@10 : 0.7084    precision@10 : 0.1491
Thu 19 Jan 2023 21:08:16 INFO  Saving current: saved/KGAT-Jan-19-2023_20-57-46.pth
Thu 19 Jan 2023 21:08:28 INFO  epoch 51 training [time: 12.07s, train_loss1: 7.9118, train_loss2: 1.6627]
Thu 19 Jan 2023 21:08:29 INFO  epoch 51 evaluating [time: 0.15s, valid_score: 0.391300]
Thu 19 Jan 2023 21:08:29 INFO  valid result: 
recall@10 : 0.2018    mrr@10 : 0.3913    ndcg@10 : 0.2237    hit@10 : 0.7264    precision@10 : 0.1516
Thu 19 Jan 2023 21:08:29 INFO  Saving current: saved/KGAT-Jan-19-2023_20-57-46.pth
Thu 19 Jan 2023 21:08:41 INFO  epoch 52 training [time: 12.32s, train_loss1: 7.8514, train_loss2: 1.7008]
Thu 19 Jan 2023 21:08:41 INFO  epoch 52 evaluating [time: 0.20s, valid_score: 0.384300]
Thu 19 Jan 2023 21:08:41 INFO  valid result: 
recall@10 : 0.2035    mrr@10 : 0.3843    ndcg@10 : 0.2225    hit@10 : 0.7253    precision@10 : 0.1514
Thu 19 Jan 2023 21:08:53 INFO  epoch 53 training [time: 12.11s, train_loss1: 7.6990, train_loss2: 1.6118]
Thu 19 Jan 2023 21:08:53 INFO  epoch 53 evaluating [time: 0.17s, valid_score: 0.386400]
Thu 19 Jan 2023 21:08:53 INFO  valid result: 
recall@10 : 0.2028    mrr@10 : 0.3864    ndcg@10 : 0.2232    hit@10 : 0.7275    precision@10 : 0.1515
Thu 19 Jan 2023 21:09:06 INFO  epoch 54 training [time: 12.13s, train_loss1: 7.7346, train_loss2: 1.6442]
Thu 19 Jan 2023 21:09:06 INFO  epoch 54 evaluating [time: 0.16s, valid_score: 0.390000]
Thu 19 Jan 2023 21:09:06 INFO  valid result: 
recall@10 : 0.2094    mrr@10 : 0.39    ndcg@10 : 0.2261    hit@10 : 0.7317    precision@10 : 0.1536
Thu 19 Jan 2023 21:09:18 INFO  epoch 55 training [time: 12.07s, train_loss1: 7.5859, train_loss2: 1.5222]
Thu 19 Jan 2023 21:09:18 INFO  epoch 55 evaluating [time: 0.16s, valid_score: 0.390400]
Thu 19 Jan 2023 21:09:18 INFO  valid result: 
recall@10 : 0.2102    mrr@10 : 0.3904    ndcg@10 : 0.228    hit@10 : 0.7338    precision@10 : 0.1545
Thu 19 Jan 2023 21:09:30 INFO  epoch 56 training [time: 11.94s, train_loss1: 7.6207, train_loss2: 1.5849]
Thu 19 Jan 2023 21:09:30 INFO  epoch 56 evaluating [time: 0.15s, valid_score: 0.386600]
Thu 19 Jan 2023 21:09:30 INFO  valid result: 
recall@10 : 0.2126    mrr@10 : 0.3866    ndcg@10 : 0.2285    hit@10 : 0.7381    precision@10 : 0.1568
Thu 19 Jan 2023 21:09:42 INFO  epoch 57 training [time: 12.06s, train_loss1: 7.4096, train_loss2: 1.5534]
Thu 19 Jan 2023 21:09:42 INFO  epoch 57 evaluating [time: 0.15s, valid_score: 0.399200]
Thu 19 Jan 2023 21:09:42 INFO  valid result: 
recall@10 : 0.2127    mrr@10 : 0.3992    ndcg@10 : 0.2316    hit@10 : 0.7402    precision@10 : 0.1571
Thu 19 Jan 2023 21:09:42 INFO  Saving current: saved/KGAT-Jan-19-2023_20-57-46.pth
Thu 19 Jan 2023 21:09:54 INFO  epoch 58 training [time: 12.01s, train_loss1: 7.4433, train_loss2: 1.4973]
Thu 19 Jan 2023 21:09:54 INFO  epoch 58 evaluating [time: 0.16s, valid_score: 0.396800]
Thu 19 Jan 2023 21:09:54 INFO  valid result: 
recall@10 : 0.2124    mrr@10 : 0.3968    ndcg@10 : 0.2314    hit@10 : 0.7338    precision@10 : 0.1565
Thu 19 Jan 2023 21:10:07 INFO  epoch 59 training [time: 12.06s, train_loss1: 7.3287, train_loss2: 1.5169]
Thu 19 Jan 2023 21:10:07 INFO  epoch 59 evaluating [time: 0.15s, valid_score: 0.396900]
Thu 19 Jan 2023 21:10:07 INFO  valid result: 
recall@10 : 0.2068    mrr@10 : 0.3969    ndcg@10 : 0.2295    hit@10 : 0.7296    precision@10 : 0.1555
Thu 19 Jan 2023 21:10:19 INFO  epoch 60 training [time: 11.85s, train_loss1: 7.2370, train_loss2: 1.4997]
Thu 19 Jan 2023 21:10:19 INFO  epoch 60 evaluating [time: 0.15s, valid_score: 0.396400]
Thu 19 Jan 2023 21:10:19 INFO  valid result: 
recall@10 : 0.21    mrr@10 : 0.3964    ndcg@10 : 0.2308    hit@10 : 0.7381    precision@10 : 0.1563
Thu 19 Jan 2023 21:10:31 INFO  epoch 61 training [time: 12.19s, train_loss1: 7.0955, train_loss2: 1.5126]
Thu 19 Jan 2023 21:10:31 INFO  epoch 61 evaluating [time: 0.15s, valid_score: 0.395600]
Thu 19 Jan 2023 21:10:31 INFO  valid result: 
recall@10 : 0.2113    mrr@10 : 0.3956    ndcg@10 : 0.2319    hit@10 : 0.7423    precision@10 : 0.1568
Thu 19 Jan 2023 21:10:43 INFO  epoch 62 training [time: 12.20s, train_loss1: 7.0962, train_loss2: 1.4739]
Thu 19 Jan 2023 21:10:43 INFO  epoch 62 evaluating [time: 0.16s, valid_score: 0.396200]
Thu 19 Jan 2023 21:10:43 INFO  valid result: 
recall@10 : 0.207    mrr@10 : 0.3962    ndcg@10 : 0.2309    hit@10 : 0.7285    precision@10 : 0.1562
Thu 19 Jan 2023 21:10:56 INFO  epoch 63 training [time: 12.39s, train_loss1: 7.0204, train_loss2: 1.4143]
Thu 19 Jan 2023 21:10:56 INFO  epoch 63 evaluating [time: 0.15s, valid_score: 0.390900]
Thu 19 Jan 2023 21:10:56 INFO  valid result: 
recall@10 : 0.2106    mrr@10 : 0.3909    ndcg@10 : 0.2308    hit@10 : 0.7317    precision@10 : 0.1569
Thu 19 Jan 2023 21:11:08 INFO  epoch 64 training [time: 12.07s, train_loss1: 6.9153, train_loss2: 1.4528]
Thu 19 Jan 2023 21:11:08 INFO  epoch 64 evaluating [time: 0.15s, valid_score: 0.394600]
Thu 19 Jan 2023 21:11:08 INFO  valid result: 
recall@10 : 0.2135    mrr@10 : 0.3946    ndcg@10 : 0.2329    hit@10 : 0.7381    precision@10 : 0.1577
Thu 19 Jan 2023 21:11:20 INFO  epoch 65 training [time: 12.08s, train_loss1: 6.9374, train_loss2: 1.4456]
Thu 19 Jan 2023 21:11:20 INFO  epoch 65 evaluating [time: 0.16s, valid_score: 0.392700]
Thu 19 Jan 2023 21:11:20 INFO  valid result: 
recall@10 : 0.2136    mrr@10 : 0.3927    ndcg@10 : 0.2328    hit@10 : 0.7434    precision@10 : 0.1568
Thu 19 Jan 2023 21:11:32 INFO  epoch 66 training [time: 11.88s, train_loss1: 6.8868, train_loss2: 1.3320]
Thu 19 Jan 2023 21:11:32 INFO  epoch 66 evaluating [time: 0.15s, valid_score: 0.398000]
Thu 19 Jan 2023 21:11:32 INFO  valid result: 
recall@10 : 0.2143    mrr@10 : 0.398    ndcg@10 : 0.2347    hit@10 : 0.7402    precision@10 : 0.1583
Thu 19 Jan 2023 21:11:45 INFO  epoch 67 training [time: 12.11s, train_loss1: 6.8258, train_loss2: 1.3245]
Thu 19 Jan 2023 21:11:45 INFO  epoch 67 evaluating [time: 0.15s, valid_score: 0.392000]
Thu 19 Jan 2023 21:11:45 INFO  valid result: 
recall@10 : 0.2184    mrr@10 : 0.392    ndcg@10 : 0.235    hit@10 : 0.7519    precision@10 : 0.1602
Thu 19 Jan 2023 21:11:57 INFO  epoch 68 training [time: 12.11s, train_loss1: 6.6590, train_loss2: 1.3815]
Thu 19 Jan 2023 21:11:57 INFO  epoch 68 evaluating [time: 0.15s, valid_score: 0.394300]
Thu 19 Jan 2023 21:11:57 INFO  valid result: 
recall@10 : 0.2128    mrr@10 : 0.3943    ndcg@10 : 0.2325    hit@10 : 0.7381    precision@10 : 0.1571
Thu 19 Jan 2023 21:11:57 INFO  Finished training, best eval result in epoch 57
Thu 19 Jan 2023 21:11:58 INFO  Loading model structure and parameters from saved/KGAT-Jan-19-2023_20-57-46.pth
Thu 19 Jan 2023 21:11:58 INFO  best valid : OrderedDict([('recall@10', 0.2127), ('mrr@10', 0.3992), ('ndcg@10', 0.2316), ('hit@10', 0.7402), ('precision@10', 0.1571)])
Thu 19 Jan 2023 21:11:58 INFO  test result: OrderedDict([('recall@10', 0.2273), ('mrr@10', 0.4325), ('ndcg@10', 0.2647), ('hit@10', 0.7529), ('precision@10', 0.183)])
