Sun 15 Jan 2023 19:36:46 INFO  ['recbole_test.py']
Sun 15 Jan 2023 19:36:46 INFO  
General Hyper Parameters:
gpu_id = 0
use_gpu = True
seed = 2020
state = INFO
reproducibility = True
data_path = /work/03/gu14/k36095/kgat_bai/recbole/config/../dataset_example/ml-100k
checkpoint_dir = saved
show_progress = True
save_dataset = True
dataset_save_path = None
save_dataloaders = False
dataloaders_save_path = None
log_wandb = False

Training Hyper Parameters:
epochs = 300
train_batch_size = 2048
learner = adam
learning_rate = 0.001
train_neg_sample_args = {'distribution': 'uniform', 'sample_num': 1, 'alpha': 1.0, 'dynamic': False, 'candidate_num': 0}
eval_step = 1
stopping_step = 10
clip_grad_norm = None
weight_decay = 0.0
loss_decimal_place = 4

Evaluation Hyper Parameters:
eval_args = {'split': {'RS': [0.8, 0.1, 0.1]}, 'group_by': 'user', 'order': 'RO', 'mode': 'full'}
repeatable = False
metrics = ['Recall', 'MRR', 'NDCG', 'Hit', 'Precision']
topk = [10]
valid_metric = MRR@10
valid_metric_bigger = True
eval_batch_size = 4096
metric_decimal_place = 4

Dataset Hyper Parameters:
field_separator = 	
seq_separator =  
USER_ID_FIELD = user_id
ITEM_ID_FIELD = item_id
RATING_FIELD = rating
TIME_FIELD = timestamp
seq_len = None
LABEL_FIELD = label
threshold = None
NEG_PREFIX = neg_
load_col = {'inter': ['user_id', 'item_id', 'rating', 'timestamp'], 'kg': ['head_id', 'relation_id', 'tail_id'], 'link': ['item_id', 'entity_id']}
unload_col = None
unused_col = None
additional_feat_suffix = None
rm_dup_inter = None
val_interval = None
filter_inter_by_user_or_item = True
user_inter_num_interval = None
item_inter_num_interval = None
alias_of_user_id = None
alias_of_item_id = None
alias_of_entity_id = None
alias_of_relation_id = None
preload_weight = None
normalize_field = None
normalize_all = True
ITEM_LIST_LENGTH_FIELD = item_length
LIST_SUFFIX = _list
MAX_ITEM_LIST_LENGTH = 50
POSITION_FIELD = position_id
HEAD_ENTITY_ID_FIELD = head_id
TAIL_ENTITY_ID_FIELD = tail_id
RELATION_ID_FIELD = relation_id
ENTITY_ID_FIELD = entity_id
kg_reverse_r = False
entity_kg_num_interval = [0,inf)
relation_kg_num_interval = [0,inf)
benchmark_filename = None

Other Hyper Parameters: 
worker = 0
wandb_project = recbole
shuffle = True
require_pow = False
enable_amp = False
enable_scaler = False
transform = None
embedding_size = 64
kg_embedding_size = 64
layers = [64]
mess_dropout = 0.1
reg_weight = 1e-05
aggregator_type = bi
numerical_features = []
discretization = None
MODEL_TYPE = ModelType.KNOWLEDGE
MODEL_INPUT_TYPE = InputType.PAIRWISE
eval_type = EvaluatorType.RANKING
single_spec = True
local_rank = 0
device = cpu
eval_neg_sample_args = {'distribution': 'uniform', 'sample_num': 'none'}


Sun 15 Jan 2023 19:36:48 INFO  Saving filtered dataset into [saved/ml-100k-dataset.pth]
Sun 15 Jan 2023 19:36:48 INFO  ml-100k
The number of users: 944
Average actions of users: 103.4506892895016
The number of items: 1599
Average actions of items: 61.04755944931164
The number of inters: 97554
The sparsity of the dataset: 93.53714185772888%
Remain Fields: ['entity_id', 'user_id', 'item_id', 'rating', 'timestamp', 'head_id', 'relation_id', 'tail_id']
The number of entities: 34629
The number of relations: 26
The number of triples: 91631
The number of items that have been linked to KG: 1598
Sun 15 Jan 2023 19:36:48 INFO  [Training]: train_batch_size = [2048] train_neg_sample_args: [{'distribution': 'uniform', 'sample_num': 1, 'alpha': 1.0, 'dynamic': False, 'candidate_num': 0}]
Sun 15 Jan 2023 19:36:48 INFO  [Evaluation]: eval_batch_size = [4096] eval_args: [{'split': {'RS': [0.8, 0.1, 0.1]}, 'group_by': 'user', 'order': 'RO', 'mode': 'full'}]
Sun 15 Jan 2023 19:36:56 INFO  KGAT(
  (user_embedding): Embedding(944, 64)
  (entity_embedding): Embedding(34629, 64)
  (relation_embedding): Embedding(26, 64)
  (trans_w): Embedding(26, 4096)
  (aggregator_layers): ModuleList(
    (0): Aggregator(
      (message_dropout): Dropout(p=0.1, inplace=False)
      (W1): Linear(in_features=64, out_features=64, bias=True)
      (W2): Linear(in_features=64, out_features=64, bias=True)
      (activation): LeakyReLU(negative_slope=0.01)
    )
  )
  (tanh): Tanh()
  (mf_loss): BPRLoss()
  (reg_loss): EmbLoss()
)
Trainable parameters: 2393152
Sun 15 Jan 2023 19:36:57 INFO  FLOPs: 291414016.0
Sun 15 Jan 2023 19:37:11 INFO  epoch 0 training [time: 13.39s, train_loss1: 23.6983, train_loss2: 29.7586]
Sun 15 Jan 2023 19:37:11 INFO  epoch 0 evaluating [time: 0.15s, valid_score: 0.080700]
Sun 15 Jan 2023 19:37:11 INFO  valid result: 
recall@10 : 0.0336    mrr@10 : 0.0807    ndcg@10 : 0.0385    hit@10 : 0.2344    precision@10 : 0.0316
Sun 15 Jan 2023 19:37:11 INFO  Saving current: saved/KGAT-Jan-15-2023_19-36-57.pth
Sun 15 Jan 2023 19:37:24 INFO  epoch 1 training [time: 12.75s, train_loss1: 21.2554, train_loss2: 19.7071]
Sun 15 Jan 2023 19:37:24 INFO  epoch 1 evaluating [time: 0.14s, valid_score: 0.130800]
Sun 15 Jan 2023 19:37:24 INFO  valid result: 
recall@10 : 0.0698    mrr@10 : 0.1308    ndcg@10 : 0.0695    hit@10 : 0.3913    precision@10 : 0.0555
Sun 15 Jan 2023 19:37:24 INFO  Saving current: saved/KGAT-Jan-15-2023_19-36-57.pth
Sun 15 Jan 2023 19:37:37 INFO  epoch 2 training [time: 13.25s, train_loss1: 18.9901, train_loss2: 12.3602]
Sun 15 Jan 2023 19:37:37 INFO  epoch 2 evaluating [time: 0.16s, valid_score: 0.145500]
Sun 15 Jan 2023 19:37:37 INFO  valid result: 
recall@10 : 0.081    mrr@10 : 0.1455    ndcg@10 : 0.0775    hit@10 : 0.4083    precision@10 : 0.0598
Sun 15 Jan 2023 19:37:37 INFO  Saving current: saved/KGAT-Jan-15-2023_19-36-57.pth
Sun 15 Jan 2023 19:37:51 INFO  epoch 3 training [time: 13.52s, train_loss1: 16.9278, train_loss2: 10.0776]
Sun 15 Jan 2023 19:37:51 INFO  epoch 3 evaluating [time: 0.14s, valid_score: 0.162700]
Sun 15 Jan 2023 19:37:51 INFO  valid result: 
recall@10 : 0.096    mrr@10 : 0.1627    ndcg@10 : 0.0915    hit@10 : 0.4602    precision@10 : 0.0716
Sun 15 Jan 2023 19:37:51 INFO  Saving current: saved/KGAT-Jan-15-2023_19-36-57.pth
Sun 15 Jan 2023 19:38:04 INFO  epoch 4 training [time: 12.61s, train_loss1: 16.4209, train_loss2: 8.9160]
Sun 15 Jan 2023 19:38:04 INFO  epoch 4 evaluating [time: 0.15s, valid_score: 0.191700]
Sun 15 Jan 2023 19:38:04 INFO  valid result: 
recall@10 : 0.1139    mrr@10 : 0.1917    ndcg@10 : 0.1111    hit@10 : 0.5027    precision@10 : 0.0842
Sun 15 Jan 2023 19:38:04 INFO  Saving current: saved/KGAT-Jan-15-2023_19-36-57.pth
Sun 15 Jan 2023 19:38:17 INFO  epoch 5 training [time: 12.64s, train_loss1: 16.1685, train_loss2: 8.1657]
Sun 15 Jan 2023 19:38:17 INFO  epoch 5 evaluating [time: 0.14s, valid_score: 0.223700]
Sun 15 Jan 2023 19:38:17 INFO  valid result: 
recall@10 : 0.1164    mrr@10 : 0.2237    ndcg@10 : 0.1216    hit@10 : 0.5154    precision@10 : 0.0865
Sun 15 Jan 2023 19:38:17 INFO  Saving current: saved/KGAT-Jan-15-2023_19-36-57.pth
Sun 15 Jan 2023 19:38:30 INFO  epoch 6 training [time: 13.47s, train_loss1: 15.9216, train_loss2: 7.7530]
Sun 15 Jan 2023 19:38:30 INFO  epoch 6 evaluating [time: 0.15s, valid_score: 0.227300]
Sun 15 Jan 2023 19:38:30 INFO  valid result: 
recall@10 : 0.1134    mrr@10 : 0.2273    ndcg@10 : 0.1209    hit@10 : 0.5164    precision@10 : 0.0858
Sun 15 Jan 2023 19:38:30 INFO  Saving current: saved/KGAT-Jan-15-2023_19-36-57.pth
Sun 15 Jan 2023 19:38:44 INFO  epoch 7 training [time: 13.50s, train_loss1: 15.7971, train_loss2: 7.3797]
Sun 15 Jan 2023 19:38:44 INFO  epoch 7 evaluating [time: 0.15s, valid_score: 0.217500]
Sun 15 Jan 2023 19:38:44 INFO  valid result: 
recall@10 : 0.109    mrr@10 : 0.2175    ndcg@10 : 0.118    hit@10 : 0.4963    precision@10 : 0.0848
Sun 15 Jan 2023 19:38:57 INFO  epoch 8 training [time: 12.82s, train_loss1: 15.6247, train_loss2: 7.0015]
Sun 15 Jan 2023 19:38:57 INFO  epoch 8 evaluating [time: 0.14s, valid_score: 0.230000]
Sun 15 Jan 2023 19:38:57 INFO  valid result: 
recall@10 : 0.1139    mrr@10 : 0.23    ndcg@10 : 0.1227    hit@10 : 0.5164    precision@10 : 0.0879
Sun 15 Jan 2023 19:38:57 INFO  Saving current: saved/KGAT-Jan-15-2023_19-36-57.pth
Sun 15 Jan 2023 19:39:10 INFO  epoch 9 training [time: 12.72s, train_loss1: 15.3978, train_loss2: 6.6661]
Sun 15 Jan 2023 19:39:10 INFO  epoch 9 evaluating [time: 0.14s, valid_score: 0.224100]
Sun 15 Jan 2023 19:39:10 INFO  valid result: 
recall@10 : 0.1163    mrr@10 : 0.2241    ndcg@10 : 0.1238    hit@10 : 0.5154    precision@10 : 0.0901
Sun 15 Jan 2023 19:39:22 INFO  epoch 10 training [time: 12.49s, train_loss1: 15.1322, train_loss2: 6.2559]
Sun 15 Jan 2023 19:39:23 INFO  epoch 10 evaluating [time: 0.15s, valid_score: 0.236500]
Sun 15 Jan 2023 19:39:23 INFO  valid result: 
recall@10 : 0.1235    mrr@10 : 0.2365    ndcg@10 : 0.1311    hit@10 : 0.5472    precision@10 : 0.0953
Sun 15 Jan 2023 19:39:23 INFO  Saving current: saved/KGAT-Jan-15-2023_19-36-57.pth
Sun 15 Jan 2023 19:39:35 INFO  epoch 11 training [time: 12.48s, train_loss1: 14.8344, train_loss2: 5.9452]
Sun 15 Jan 2023 19:39:35 INFO  epoch 11 evaluating [time: 0.15s, valid_score: 0.249600]
Sun 15 Jan 2023 19:39:35 INFO  valid result: 
recall@10 : 0.1268    mrr@10 : 0.2496    ndcg@10 : 0.1367    hit@10 : 0.5546    precision@10 : 0.097
Sun 15 Jan 2023 19:39:35 INFO  Saving current: saved/KGAT-Jan-15-2023_19-36-57.pth
Sun 15 Jan 2023 19:39:48 INFO  epoch 12 training [time: 13.09s, train_loss1: 14.6102, train_loss2: 5.4525]
Sun 15 Jan 2023 19:39:49 INFO  epoch 12 evaluating [time: 0.16s, valid_score: 0.261200]
Sun 15 Jan 2023 19:39:49 INFO  valid result: 
recall@10 : 0.1316    mrr@10 : 0.2612    ndcg@10 : 0.1435    hit@10 : 0.5758    precision@10 : 0.103
Sun 15 Jan 2023 19:39:49 INFO  Saving current: saved/KGAT-Jan-15-2023_19-36-57.pth
Sun 15 Jan 2023 19:40:02 INFO  epoch 13 training [time: 12.81s, train_loss1: 14.2156, train_loss2: 5.1928]
Sun 15 Jan 2023 19:40:02 INFO  epoch 13 evaluating [time: 0.15s, valid_score: 0.268800]
Sun 15 Jan 2023 19:40:02 INFO  valid result: 
recall@10 : 0.1383    mrr@10 : 0.2688    ndcg@10 : 0.1505    hit@10 : 0.579    precision@10 : 0.108
Sun 15 Jan 2023 19:40:02 INFO  Saving current: saved/KGAT-Jan-15-2023_19-36-57.pth
Sun 15 Jan 2023 19:40:16 INFO  epoch 14 training [time: 14.42s, train_loss1: 13.8403, train_loss2: 4.9666]
Sun 15 Jan 2023 19:40:16 INFO  epoch 14 evaluating [time: 0.14s, valid_score: 0.280900]
Sun 15 Jan 2023 19:40:16 INFO  valid result: 
recall@10 : 0.1464    mrr@10 : 0.2809    ndcg@10 : 0.158    hit@10 : 0.6098    precision@10 : 0.1138
Sun 15 Jan 2023 19:40:16 INFO  Saving current: saved/KGAT-Jan-15-2023_19-36-57.pth
Sun 15 Jan 2023 19:40:29 INFO  epoch 15 training [time: 12.27s, train_loss1: 13.5369, train_loss2: 4.8378]
Sun 15 Jan 2023 19:40:29 INFO  epoch 15 evaluating [time: 0.14s, valid_score: 0.292000]
Sun 15 Jan 2023 19:40:29 INFO  valid result: 
recall@10 : 0.152    mrr@10 : 0.292    ndcg@10 : 0.1627    hit@10 : 0.6108    precision@10 : 0.1148
Sun 15 Jan 2023 19:40:29 INFO  Saving current: saved/KGAT-Jan-15-2023_19-36-57.pth
Sun 15 Jan 2023 19:40:41 INFO  epoch 16 training [time: 12.26s, train_loss1: 13.1522, train_loss2: 4.5186]
Sun 15 Jan 2023 19:40:41 INFO  epoch 16 evaluating [time: 0.14s, valid_score: 0.304100]
Sun 15 Jan 2023 19:40:41 INFO  valid result: 
recall@10 : 0.157    mrr@10 : 0.3041    ndcg@10 : 0.1692    hit@10 : 0.631    precision@10 : 0.1194
Sun 15 Jan 2023 19:40:41 INFO  Saving current: saved/KGAT-Jan-15-2023_19-36-57.pth
Sun 15 Jan 2023 19:40:54 INFO  epoch 17 training [time: 12.14s, train_loss1: 12.7822, train_loss2: 4.3244]
Sun 15 Jan 2023 19:40:54 INFO  epoch 17 evaluating [time: 0.14s, valid_score: 0.311600]
Sun 15 Jan 2023 19:40:54 INFO  valid result: 
recall@10 : 0.1605    mrr@10 : 0.3116    ndcg@10 : 0.1742    hit@10 : 0.6363    precision@10 : 0.1224
Sun 15 Jan 2023 19:40:54 INFO  Saving current: saved/KGAT-Jan-15-2023_19-36-57.pth
Sun 15 Jan 2023 19:41:06 INFO  epoch 18 training [time: 12.48s, train_loss1: 12.3315, train_loss2: 4.0533]
Sun 15 Jan 2023 19:41:06 INFO  epoch 18 evaluating [time: 0.15s, valid_score: 0.314000]
Sun 15 Jan 2023 19:41:06 INFO  valid result: 
recall@10 : 0.166    mrr@10 : 0.314    ndcg@10 : 0.1777    hit@10 : 0.6511    precision@10 : 0.1251
Sun 15 Jan 2023 19:41:06 INFO  Saving current: saved/KGAT-Jan-15-2023_19-36-57.pth
Sun 15 Jan 2023 19:41:20 INFO  epoch 19 training [time: 14.03s, train_loss1: 12.0638, train_loss2: 3.9319]
Sun 15 Jan 2023 19:41:21 INFO  epoch 19 evaluating [time: 0.14s, valid_score: 0.318500]
Sun 15 Jan 2023 19:41:21 INFO  valid result: 
recall@10 : 0.1702    mrr@10 : 0.3185    ndcg@10 : 0.182    hit@10 : 0.6575    precision@10 : 0.1284
Sun 15 Jan 2023 19:41:21 INFO  Saving current: saved/KGAT-Jan-15-2023_19-36-57.pth
Sun 15 Jan 2023 19:41:34 INFO  epoch 20 training [time: 12.87s, train_loss1: 11.7442, train_loss2: 3.7462]
Sun 15 Jan 2023 19:41:34 INFO  epoch 20 evaluating [time: 0.14s, valid_score: 0.322300]
Sun 15 Jan 2023 19:41:34 INFO  valid result: 
recall@10 : 0.1747    mrr@10 : 0.3223    ndcg@10 : 0.1862    hit@10 : 0.6649    precision@10 : 0.1309
Sun 15 Jan 2023 19:41:34 INFO  Saving current: saved/KGAT-Jan-15-2023_19-36-57.pth
Sun 15 Jan 2023 19:41:46 INFO  epoch 21 training [time: 12.69s, train_loss1: 11.4545, train_loss2: 3.5080]
Sun 15 Jan 2023 19:41:47 INFO  epoch 21 evaluating [time: 0.14s, valid_score: 0.326300]
Sun 15 Jan 2023 19:41:47 INFO  valid result: 
recall@10 : 0.1765    mrr@10 : 0.3263    ndcg@10 : 0.1888    hit@10 : 0.6681    precision@10 : 0.1328
Sun 15 Jan 2023 19:41:47 INFO  Saving current: saved/KGAT-Jan-15-2023_19-36-57.pth
Sun 15 Jan 2023 19:41:59 INFO  epoch 22 training [time: 12.81s, train_loss1: 11.2214, train_loss2: 3.3014]
Sun 15 Jan 2023 19:42:00 INFO  epoch 22 evaluating [time: 0.15s, valid_score: 0.331100]
Sun 15 Jan 2023 19:42:00 INFO  valid result: 
recall@10 : 0.1732    mrr@10 : 0.3311    ndcg@10 : 0.19    hit@10 : 0.6628    precision@10 : 0.133
Sun 15 Jan 2023 19:42:00 INFO  Saving current: saved/KGAT-Jan-15-2023_19-36-57.pth
Sun 15 Jan 2023 19:42:14 INFO  epoch 23 training [time: 13.88s, train_loss1: 10.9210, train_loss2: 3.1528]
Sun 15 Jan 2023 19:42:14 INFO  epoch 23 evaluating [time: 0.14s, valid_score: 0.340300]
Sun 15 Jan 2023 19:42:14 INFO  valid result: 
recall@10 : 0.1742    mrr@10 : 0.3403    ndcg@10 : 0.1929    hit@10 : 0.6681    precision@10 : 0.134
Sun 15 Jan 2023 19:42:14 INFO  Saving current: saved/KGAT-Jan-15-2023_19-36-57.pth
Sun 15 Jan 2023 19:42:26 INFO  epoch 24 training [time: 12.52s, train_loss1: 10.7420, train_loss2: 3.0253]
Sun 15 Jan 2023 19:42:26 INFO  epoch 24 evaluating [time: 0.14s, valid_score: 0.347000]
Sun 15 Jan 2023 19:42:26 INFO  valid result: 
recall@10 : 0.1746    mrr@10 : 0.347    ndcg@10 : 0.1951    hit@10 : 0.6755    precision@10 : 0.1346
Sun 15 Jan 2023 19:42:26 INFO  Saving current: saved/KGAT-Jan-15-2023_19-36-57.pth
Sun 15 Jan 2023 19:42:39 INFO  epoch 25 training [time: 12.70s, train_loss1: 10.5623, train_loss2: 2.8964]
Sun 15 Jan 2023 19:42:39 INFO  epoch 25 evaluating [time: 0.14s, valid_score: 0.349600]
Sun 15 Jan 2023 19:42:39 INFO  valid result: 
recall@10 : 0.1759    mrr@10 : 0.3496    ndcg@10 : 0.1967    hit@10 : 0.6766    precision@10 : 0.1354
Sun 15 Jan 2023 19:42:39 INFO  Saving current: saved/KGAT-Jan-15-2023_19-36-57.pth
Sun 15 Jan 2023 19:42:52 INFO  epoch 26 training [time: 12.70s, train_loss1: 10.3608, train_loss2: 2.9189]
Sun 15 Jan 2023 19:42:52 INFO  epoch 26 evaluating [time: 0.15s, valid_score: 0.350100]
Sun 15 Jan 2023 19:42:52 INFO  valid result: 
recall@10 : 0.1755    mrr@10 : 0.3501    ndcg@10 : 0.1966    hit@10 : 0.6808    precision@10 : 0.1353
Sun 15 Jan 2023 19:42:52 INFO  Saving current: saved/KGAT-Jan-15-2023_19-36-57.pth
Sun 15 Jan 2023 19:43:06 INFO  epoch 27 training [time: 13.84s, train_loss1: 10.1191, train_loss2: 2.7201]
Sun 15 Jan 2023 19:43:06 INFO  epoch 27 evaluating [time: 0.15s, valid_score: 0.352100]
Sun 15 Jan 2023 19:43:06 INFO  valid result: 
recall@10 : 0.1781    mrr@10 : 0.3521    ndcg@10 : 0.1987    hit@10 : 0.6787    precision@10 : 0.1361
Sun 15 Jan 2023 19:43:06 INFO  Saving current: saved/KGAT-Jan-15-2023_19-36-57.pth
Sun 15 Jan 2023 19:43:19 INFO  epoch 28 training [time: 12.68s, train_loss1: 10.1061, train_loss2: 2.6095]
Sun 15 Jan 2023 19:43:19 INFO  epoch 28 evaluating [time: 0.15s, valid_score: 0.349600]
Sun 15 Jan 2023 19:43:19 INFO  valid result: 
recall@10 : 0.1795    mrr@10 : 0.3496    ndcg@10 : 0.1989    hit@10 : 0.6755    precision@10 : 0.137
Sun 15 Jan 2023 19:43:32 INFO  epoch 29 training [time: 12.68s, train_loss1: 9.8738, train_loss2: 2.5735]
Sun 15 Jan 2023 19:43:32 INFO  epoch 29 evaluating [time: 0.14s, valid_score: 0.351900]
Sun 15 Jan 2023 19:43:32 INFO  valid result: 
recall@10 : 0.182    mrr@10 : 0.3519    ndcg@10 : 0.2007    hit@10 : 0.6766    precision@10 : 0.1376
Sun 15 Jan 2023 19:43:45 INFO  epoch 30 training [time: 13.21s, train_loss1: 9.7500, train_loss2: 2.4455]
Sun 15 Jan 2023 19:43:45 INFO  epoch 30 evaluating [time: 0.16s, valid_score: 0.357200]
Sun 15 Jan 2023 19:43:45 INFO  valid result: 
recall@10 : 0.1838    mrr@10 : 0.3572    ndcg@10 : 0.2032    hit@10 : 0.6829    precision@10 : 0.1383
Sun 15 Jan 2023 19:43:45 INFO  Saving current: saved/KGAT-Jan-15-2023_19-36-57.pth
Sun 15 Jan 2023 19:43:59 INFO  epoch 31 training [time: 13.96s, train_loss1: 9.6600, train_loss2: 2.3651]
Sun 15 Jan 2023 19:43:59 INFO  epoch 31 evaluating [time: 0.14s, valid_score: 0.354500]
Sun 15 Jan 2023 19:43:59 INFO  valid result: 
recall@10 : 0.1841    mrr@10 : 0.3545    ndcg@10 : 0.2031    hit@10 : 0.6893    precision@10 : 0.1401
Sun 15 Jan 2023 19:44:12 INFO  epoch 32 training [time: 12.90s, train_loss1: 9.4761, train_loss2: 2.3111]
Sun 15 Jan 2023 19:44:13 INFO  epoch 32 evaluating [time: 0.15s, valid_score: 0.358200]
Sun 15 Jan 2023 19:44:13 INFO  valid result: 
recall@10 : 0.1845    mrr@10 : 0.3582    ndcg@10 : 0.2053    hit@10 : 0.6808    precision@10 : 0.1411
Sun 15 Jan 2023 19:44:13 INFO  Saving current: saved/KGAT-Jan-15-2023_19-36-57.pth
Sun 15 Jan 2023 19:44:25 INFO  epoch 33 training [time: 12.68s, train_loss1: 9.4330, train_loss2: 2.1873]
Sun 15 Jan 2023 19:44:25 INFO  epoch 33 evaluating [time: 0.15s, valid_score: 0.361600]
Sun 15 Jan 2023 19:44:25 INFO  valid result: 
recall@10 : 0.1855    mrr@10 : 0.3616    ndcg@10 : 0.2067    hit@10 : 0.6829    precision@10 : 0.1422
Sun 15 Jan 2023 19:44:25 INFO  Saving current: saved/KGAT-Jan-15-2023_19-36-57.pth
Sun 15 Jan 2023 19:44:39 INFO  epoch 34 training [time: 13.46s, train_loss1: 9.2562, train_loss2: 2.1249]
Sun 15 Jan 2023 19:44:39 INFO  epoch 34 evaluating [time: 0.15s, valid_score: 0.363600]
Sun 15 Jan 2023 19:44:39 INFO  valid result: 
recall@10 : 0.1862    mrr@10 : 0.3636    ndcg@10 : 0.2075    hit@10 : 0.6819    precision@10 : 0.1425
Sun 15 Jan 2023 19:44:39 INFO  Saving current: saved/KGAT-Jan-15-2023_19-36-57.pth
Sun 15 Jan 2023 19:44:53 INFO  epoch 35 training [time: 13.71s, train_loss1: 9.3218, train_loss2: 2.1911]
Sun 15 Jan 2023 19:44:53 INFO  epoch 35 evaluating [time: 0.15s, valid_score: 0.366400]
Sun 15 Jan 2023 19:44:53 INFO  valid result: 
recall@10 : 0.1869    mrr@10 : 0.3664    ndcg@10 : 0.2081    hit@10 : 0.685    precision@10 : 0.1421
Sun 15 Jan 2023 19:44:53 INFO  Saving current: saved/KGAT-Jan-15-2023_19-36-57.pth
Sun 15 Jan 2023 19:45:06 INFO  epoch 36 training [time: 12.98s, train_loss1: 9.0372, train_loss2: 2.0205]
Sun 15 Jan 2023 19:45:06 INFO  epoch 36 evaluating [time: 0.15s, valid_score: 0.368200]
Sun 15 Jan 2023 19:45:06 INFO  valid result: 
recall@10 : 0.1905    mrr@10 : 0.3682    ndcg@10 : 0.2098    hit@10 : 0.6893    precision@10 : 0.1442
Sun 15 Jan 2023 19:45:06 INFO  Saving current: saved/KGAT-Jan-15-2023_19-36-57.pth
Sun 15 Jan 2023 19:45:19 INFO  epoch 37 training [time: 12.86s, train_loss1: 8.9818, train_loss2: 1.9792]
Sun 15 Jan 2023 19:45:19 INFO  epoch 37 evaluating [time: 0.14s, valid_score: 0.368100]
Sun 15 Jan 2023 19:45:19 INFO  valid result: 
recall@10 : 0.1924    mrr@10 : 0.3681    ndcg@10 : 0.2106    hit@10 : 0.6957    precision@10 : 0.1441
Sun 15 Jan 2023 19:45:33 INFO  epoch 38 training [time: 13.55s, train_loss1: 9.0356, train_loss2: 1.9362]
Sun 15 Jan 2023 19:45:33 INFO  epoch 38 evaluating [time: 0.15s, valid_score: 0.365500]
Sun 15 Jan 2023 19:45:33 INFO  valid result: 
recall@10 : 0.1957    mrr@10 : 0.3655    ndcg@10 : 0.2128    hit@10 : 0.702    precision@10 : 0.1475
Sun 15 Jan 2023 19:45:46 INFO  epoch 39 training [time: 13.50s, train_loss1: 8.8176, train_loss2: 1.9407]
Sun 15 Jan 2023 19:45:47 INFO  epoch 39 evaluating [time: 0.14s, valid_score: 0.369100]
Sun 15 Jan 2023 19:45:47 INFO  valid result: 
recall@10 : 0.194    mrr@10 : 0.3691    ndcg@10 : 0.2129    hit@10 : 0.6999    precision@10 : 0.1459
Sun 15 Jan 2023 19:45:47 INFO  Saving current: saved/KGAT-Jan-15-2023_19-36-57.pth
Sun 15 Jan 2023 19:45:59 INFO  epoch 40 training [time: 12.73s, train_loss1: 8.7624, train_loss2: 1.8899]
Sun 15 Jan 2023 19:46:00 INFO  epoch 40 evaluating [time: 0.14s, valid_score: 0.373300]
Sun 15 Jan 2023 19:46:00 INFO  valid result: 
recall@10 : 0.1962    mrr@10 : 0.3733    ndcg@10 : 0.2154    hit@10 : 0.7031    precision@10 : 0.1484
Sun 15 Jan 2023 19:46:00 INFO  Saving current: saved/KGAT-Jan-15-2023_19-36-57.pth
Sun 15 Jan 2023 19:46:12 INFO  epoch 41 training [time: 12.66s, train_loss1: 8.6263, train_loss2: 1.8476]
Sun 15 Jan 2023 19:46:12 INFO  epoch 41 evaluating [time: 0.14s, valid_score: 0.374800]
Sun 15 Jan 2023 19:46:12 INFO  valid result: 
recall@10 : 0.1935    mrr@10 : 0.3748    ndcg@10 : 0.2151    hit@10 : 0.6999    precision@10 : 0.1473
Sun 15 Jan 2023 19:46:12 INFO  Saving current: saved/KGAT-Jan-15-2023_19-36-57.pth
Sun 15 Jan 2023 19:46:26 INFO  epoch 42 training [time: 13.67s, train_loss1: 8.5464, train_loss2: 1.7846]
Sun 15 Jan 2023 19:46:26 INFO  epoch 42 evaluating [time: 0.15s, valid_score: 0.373300]
Sun 15 Jan 2023 19:46:26 INFO  valid result: 
recall@10 : 0.1949    mrr@10 : 0.3733    ndcg@10 : 0.2146    hit@10 : 0.7063    precision@10 : 0.1467
Sun 15 Jan 2023 19:46:40 INFO  epoch 43 training [time: 13.27s, train_loss1: 8.4792, train_loss2: 1.7684]
Sun 15 Jan 2023 19:46:40 INFO  epoch 43 evaluating [time: 0.14s, valid_score: 0.374300]
Sun 15 Jan 2023 19:46:40 INFO  valid result: 
recall@10 : 0.1953    mrr@10 : 0.3743    ndcg@10 : 0.2147    hit@10 : 0.7052    precision@10 : 0.1471
Sun 15 Jan 2023 19:46:52 INFO  epoch 44 training [time: 12.78s, train_loss1: 8.2899, train_loss2: 1.7960]
Sun 15 Jan 2023 19:46:53 INFO  epoch 44 evaluating [time: 0.14s, valid_score: 0.377700]
Sun 15 Jan 2023 19:46:53 INFO  valid result: 
recall@10 : 0.1956    mrr@10 : 0.3777    ndcg@10 : 0.2163    hit@10 : 0.7073    precision@10 : 0.1475
Sun 15 Jan 2023 19:46:53 INFO  Saving current: saved/KGAT-Jan-15-2023_19-36-57.pth
Sun 15 Jan 2023 19:47:05 INFO  epoch 45 training [time: 12.67s, train_loss1: 8.2874, train_loss2: 1.7290]
Sun 15 Jan 2023 19:47:05 INFO  epoch 45 evaluating [time: 0.15s, valid_score: 0.380200]
Sun 15 Jan 2023 19:47:05 INFO  valid result: 
recall@10 : 0.1966    mrr@10 : 0.3802    ndcg@10 : 0.2181    hit@10 : 0.7105    precision@10 : 0.1493
Sun 15 Jan 2023 19:47:06 INFO  Saving current: saved/KGAT-Jan-15-2023_19-36-57.pth
Sun 15 Jan 2023 19:47:19 INFO  epoch 46 training [time: 13.74s, train_loss1: 8.0893, train_loss2: 1.7175]
Sun 15 Jan 2023 19:47:19 INFO  epoch 46 evaluating [time: 0.15s, valid_score: 0.378400]
Sun 15 Jan 2023 19:47:19 INFO  valid result: 
recall@10 : 0.1975    mrr@10 : 0.3784    ndcg@10 : 0.2193    hit@10 : 0.7126    precision@10 : 0.151
Sun 15 Jan 2023 19:47:33 INFO  epoch 47 training [time: 13.06s, train_loss1: 8.0916, train_loss2: 1.6823]
Sun 15 Jan 2023 19:47:33 INFO  epoch 47 evaluating [time: 0.14s, valid_score: 0.384900]
Sun 15 Jan 2023 19:47:33 INFO  valid result: 
recall@10 : 0.1967    mrr@10 : 0.3849    ndcg@10 : 0.22    hit@10 : 0.7084    precision@10 : 0.1496
Sun 15 Jan 2023 19:47:33 INFO  Saving current: saved/KGAT-Jan-15-2023_19-36-57.pth
Sun 15 Jan 2023 19:47:45 INFO  epoch 48 training [time: 12.76s, train_loss1: 7.9495, train_loss2: 1.6469]
Sun 15 Jan 2023 19:47:46 INFO  epoch 48 evaluating [time: 0.14s, valid_score: 0.383100]
Sun 15 Jan 2023 19:47:46 INFO  valid result: 
recall@10 : 0.198    mrr@10 : 0.3831    ndcg@10 : 0.2212    hit@10 : 0.7084    precision@10 : 0.1515
Sun 15 Jan 2023 19:47:58 INFO  epoch 49 training [time: 12.51s, train_loss1: 7.9788, train_loss2: 1.6563]
Sun 15 Jan 2023 19:47:58 INFO  epoch 49 evaluating [time: 0.14s, valid_score: 0.391400]
Sun 15 Jan 2023 19:47:58 INFO  valid result: 
recall@10 : 0.1983    mrr@10 : 0.3914    ndcg@10 : 0.2233    hit@10 : 0.7105    precision@10 : 0.1506
Sun 15 Jan 2023 19:47:58 INFO  Saving current: saved/KGAT-Jan-15-2023_19-36-57.pth
Sun 15 Jan 2023 19:48:12 INFO  epoch 50 training [time: 13.57s, train_loss1: 7.8607, train_loss2: 1.5827]
Sun 15 Jan 2023 19:48:12 INFO  epoch 50 evaluating [time: 0.15s, valid_score: 0.383500]
Sun 15 Jan 2023 19:48:12 INFO  valid result: 
recall@10 : 0.1984    mrr@10 : 0.3835    ndcg@10 : 0.2211    hit@10 : 0.7137    precision@10 : 0.1501
Sun 15 Jan 2023 19:48:25 INFO  epoch 51 training [time: 12.70s, train_loss1: 7.6895, train_loss2: 1.5434]
Sun 15 Jan 2023 19:48:25 INFO  epoch 51 evaluating [time: 0.14s, valid_score: 0.386700]
Sun 15 Jan 2023 19:48:25 INFO  valid result: 
recall@10 : 0.1999    mrr@10 : 0.3867    ndcg@10 : 0.2228    hit@10 : 0.719    precision@10 : 0.151
Sun 15 Jan 2023 19:48:37 INFO  epoch 52 training [time: 12.49s, train_loss1: 7.6387, train_loss2: 1.5162]
Sun 15 Jan 2023 19:48:38 INFO  epoch 52 evaluating [time: 0.15s, valid_score: 0.394900]
Sun 15 Jan 2023 19:48:38 INFO  valid result: 
recall@10 : 0.2021    mrr@10 : 0.3949    ndcg@10 : 0.2259    hit@10 : 0.7211    precision@10 : 0.1527
Sun 15 Jan 2023 19:48:38 INFO  Saving current: saved/KGAT-Jan-15-2023_19-36-57.pth
Sun 15 Jan 2023 19:48:50 INFO  epoch 53 training [time: 12.69s, train_loss1: 7.4688, train_loss2: 1.5186]
Sun 15 Jan 2023 19:48:50 INFO  epoch 53 evaluating [time: 0.14s, valid_score: 0.391300]
Sun 15 Jan 2023 19:48:50 INFO  valid result: 
recall@10 : 0.2036    mrr@10 : 0.3913    ndcg@10 : 0.2257    hit@10 : 0.7264    precision@10 : 0.1527
Sun 15 Jan 2023 19:49:04 INFO  epoch 54 training [time: 13.78s, train_loss1: 7.5067, train_loss2: 1.5086]
Sun 15 Jan 2023 19:49:04 INFO  epoch 54 evaluating [time: 0.16s, valid_score: 0.387500]
Sun 15 Jan 2023 19:49:04 INFO  valid result: 
recall@10 : 0.2063    mrr@10 : 0.3875    ndcg@10 : 0.2261    hit@10 : 0.7253    precision@10 : 0.1536
Sun 15 Jan 2023 19:49:17 INFO  epoch 55 training [time: 13.05s, train_loss1: 7.3730, train_loss2: 1.4378]
Sun 15 Jan 2023 19:49:18 INFO  epoch 55 evaluating [time: 0.14s, valid_score: 0.394800]
Sun 15 Jan 2023 19:49:18 INFO  valid result: 
recall@10 : 0.2074    mrr@10 : 0.3948    ndcg@10 : 0.2289    hit@10 : 0.7275    precision@10 : 0.1555
Sun 15 Jan 2023 19:49:30 INFO  epoch 56 training [time: 12.79s, train_loss1: 7.3972, train_loss2: 1.4891]
Sun 15 Jan 2023 19:49:30 INFO  epoch 56 evaluating [time: 0.14s, valid_score: 0.394600]
Sun 15 Jan 2023 19:49:30 INFO  valid result: 
recall@10 : 0.2083    mrr@10 : 0.3946    ndcg@10 : 0.2281    hit@10 : 0.7359    precision@10 : 0.1542
Sun 15 Jan 2023 19:49:43 INFO  epoch 57 training [time: 12.72s, train_loss1: 7.2003, train_loss2: 1.4158]
Sun 15 Jan 2023 19:49:43 INFO  epoch 57 evaluating [time: 0.14s, valid_score: 0.397200]
Sun 15 Jan 2023 19:49:43 INFO  valid result: 
recall@10 : 0.2103    mrr@10 : 0.3972    ndcg@10 : 0.231    hit@10 : 0.737    precision@10 : 0.1573
Sun 15 Jan 2023 19:49:43 INFO  Saving current: saved/KGAT-Jan-15-2023_19-36-57.pth
Sun 15 Jan 2023 19:49:57 INFO  epoch 58 training [time: 13.72s, train_loss1: 7.2226, train_loss2: 1.3805]
Sun 15 Jan 2023 19:49:57 INFO  epoch 58 evaluating [time: 0.15s, valid_score: 0.396800]
Sun 15 Jan 2023 19:49:57 INFO  valid result: 
recall@10 : 0.2106    mrr@10 : 0.3968    ndcg@10 : 0.2313    hit@10 : 0.7402    precision@10 : 0.1571
Sun 15 Jan 2023 19:50:10 INFO  epoch 59 training [time: 12.93s, train_loss1: 7.1241, train_loss2: 1.4007]
Sun 15 Jan 2023 19:50:10 INFO  epoch 59 evaluating [time: 0.14s, valid_score: 0.395000]
Sun 15 Jan 2023 19:50:10 INFO  valid result: 
recall@10 : 0.2076    mrr@10 : 0.395    ndcg@10 : 0.2297    hit@10 : 0.7349    precision@10 : 0.1556
Sun 15 Jan 2023 19:50:23 INFO  epoch 60 training [time: 12.81s, train_loss1: 7.0376, train_loss2: 1.3592]
Sun 15 Jan 2023 19:50:23 INFO  epoch 60 evaluating [time: 0.14s, valid_score: 0.390600]
Sun 15 Jan 2023 19:50:23 INFO  valid result: 
recall@10 : 0.2075    mrr@10 : 0.3906    ndcg@10 : 0.2286    hit@10 : 0.7349    precision@10 : 0.1552
Sun 15 Jan 2023 19:50:35 INFO  epoch 61 training [time: 12.21s, train_loss1: 6.8982, train_loss2: 1.3688]
Sun 15 Jan 2023 19:50:36 INFO  epoch 61 evaluating [time: 0.14s, valid_score: 0.393600]
Sun 15 Jan 2023 19:50:36 INFO  valid result: 
recall@10 : 0.2096    mrr@10 : 0.3936    ndcg@10 : 0.2303    hit@10 : 0.7391    precision@10 : 0.1564
Sun 15 Jan 2023 19:50:49 INFO  epoch 62 training [time: 13.77s, train_loss1: 6.8634, train_loss2: 1.3933]
Sun 15 Jan 2023 19:50:50 INFO  epoch 62 evaluating [time: 0.15s, valid_score: 0.397600]
Sun 15 Jan 2023 19:50:50 INFO  valid result: 
recall@10 : 0.2039    mrr@10 : 0.3976    ndcg@10 : 0.2286    hit@10 : 0.737    precision@10 : 0.1529
Sun 15 Jan 2023 19:50:50 INFO  Saving current: saved/KGAT-Jan-15-2023_19-36-57.pth
Sun 15 Jan 2023 19:51:02 INFO  epoch 63 training [time: 12.74s, train_loss1: 6.8006, train_loss2: 1.3071]
Sun 15 Jan 2023 19:51:02 INFO  epoch 63 evaluating [time: 0.14s, valid_score: 0.397900]
Sun 15 Jan 2023 19:51:02 INFO  valid result: 
recall@10 : 0.2078    mrr@10 : 0.3979    ndcg@10 : 0.2306    hit@10 : 0.7285    precision@10 : 0.1555
Sun 15 Jan 2023 19:51:03 INFO  Saving current: saved/KGAT-Jan-15-2023_19-36-57.pth
Sun 15 Jan 2023 19:51:15 INFO  epoch 64 training [time: 12.74s, train_loss1: 6.6959, train_loss2: 1.2864]
Sun 15 Jan 2023 19:51:15 INFO  epoch 64 evaluating [time: 0.15s, valid_score: 0.394700]
Sun 15 Jan 2023 19:51:15 INFO  valid result: 
recall@10 : 0.2105    mrr@10 : 0.3947    ndcg@10 : 0.2314    hit@10 : 0.7349    precision@10 : 0.1574
Sun 15 Jan 2023 19:51:28 INFO  epoch 65 training [time: 12.62s, train_loss1: 6.7383, train_loss2: 1.3108]
Sun 15 Jan 2023 19:51:28 INFO  epoch 65 evaluating [time: 0.14s, valid_score: 0.390700]
Sun 15 Jan 2023 19:51:28 INFO  valid result: 
recall@10 : 0.205    mrr@10 : 0.3907    ndcg@10 : 0.2275    hit@10 : 0.7338    precision@10 : 0.1541
Sun 15 Jan 2023 19:51:42 INFO  epoch 66 training [time: 13.94s, train_loss1: 6.6782, train_loss2: 1.2683]
Sun 15 Jan 2023 19:51:42 INFO  epoch 66 evaluating [time: 0.15s, valid_score: 0.396500]
Sun 15 Jan 2023 19:51:42 INFO  valid result: 
recall@10 : 0.206    mrr@10 : 0.3965    ndcg@10 : 0.2306    hit@10 : 0.7243    precision@10 : 0.1554
Sun 15 Jan 2023 19:51:55 INFO  epoch 67 training [time: 12.81s, train_loss1: 6.6222, train_loss2: 1.2766]
Sun 15 Jan 2023 19:51:55 INFO  epoch 67 evaluating [time: 0.14s, valid_score: 0.383800]
Sun 15 Jan 2023 19:51:55 INFO  valid result: 
recall@10 : 0.2097    mrr@10 : 0.3838    ndcg@10 : 0.2284    hit@10 : 0.7338    precision@10 : 0.1561
Sun 15 Jan 2023 19:52:08 INFO  epoch 68 training [time: 12.60s, train_loss1: 6.4457, train_loss2: 1.2082]
Sun 15 Jan 2023 19:52:08 INFO  epoch 68 evaluating [time: 0.14s, valid_score: 0.393200]
Sun 15 Jan 2023 19:52:08 INFO  valid result: 
recall@10 : 0.2142    mrr@10 : 0.3932    ndcg@10 : 0.2331    hit@10 : 0.7338    precision@10 : 0.1579
Sun 15 Jan 2023 19:52:21 INFO  epoch 69 training [time: 12.59s, train_loss1: 6.4507, train_loss2: 1.2461]
Sun 15 Jan 2023 19:52:21 INFO  epoch 69 evaluating [time: 0.14s, valid_score: 0.390400]
Sun 15 Jan 2023 19:52:21 INFO  valid result: 
recall@10 : 0.2141    mrr@10 : 0.3904    ndcg@10 : 0.2318    hit@10 : 0.7391    precision@10 : 0.1586
Sun 15 Jan 2023 19:52:35 INFO  epoch 70 training [time: 13.80s, train_loss1: 6.4539, train_loss2: 1.2062]
Sun 15 Jan 2023 19:52:35 INFO  epoch 70 evaluating [time: 0.15s, valid_score: 0.389800]
Sun 15 Jan 2023 19:52:35 INFO  valid result: 
recall@10 : 0.2138    mrr@10 : 0.3898    ndcg@10 : 0.2316    hit@10 : 0.7402    precision@10 : 0.1596
Sun 15 Jan 2023 19:52:47 INFO  epoch 71 training [time: 12.71s, train_loss1: 6.3372, train_loss2: 1.1628]
Sun 15 Jan 2023 19:52:48 INFO  epoch 71 evaluating [time: 0.15s, valid_score: 0.389200]
Sun 15 Jan 2023 19:52:48 INFO  valid result: 
recall@10 : 0.2129    mrr@10 : 0.3892    ndcg@10 : 0.2306    hit@10 : 0.7476    precision@10 : 0.1577
Sun 15 Jan 2023 19:53:00 INFO  epoch 72 training [time: 12.56s, train_loss1: 6.2766, train_loss2: 1.2333]
Sun 15 Jan 2023 19:53:00 INFO  epoch 72 evaluating [time: 0.14s, valid_score: 0.387200]
Sun 15 Jan 2023 19:53:00 INFO  valid result: 
recall@10 : 0.2146    mrr@10 : 0.3872    ndcg@10 : 0.2305    hit@10 : 0.7455    precision@10 : 0.1569
Sun 15 Jan 2023 19:53:13 INFO  epoch 73 training [time: 12.43s, train_loss1: 6.3003, train_loss2: 1.1921]
Sun 15 Jan 2023 19:53:13 INFO  epoch 73 evaluating [time: 0.14s, valid_score: 0.390200]
Sun 15 Jan 2023 19:53:13 INFO  valid result: 
recall@10 : 0.2114    mrr@10 : 0.3902    ndcg@10 : 0.2307    hit@10 : 0.7444    precision@10 : 0.1582
Sun 15 Jan 2023 19:53:27 INFO  epoch 74 training [time: 13.89s, train_loss1: 6.1673, train_loss2: 1.1579]
Sun 15 Jan 2023 19:53:27 INFO  epoch 74 evaluating [time: 0.16s, valid_score: 0.386200]
Sun 15 Jan 2023 19:53:27 INFO  valid result: 
recall@10 : 0.2137    mrr@10 : 0.3862    ndcg@10 : 0.2319    hit@10 : 0.7402    precision@10 : 0.1598
Sun 15 Jan 2023 19:53:27 INFO  Finished training, best eval result in epoch 63
Sun 15 Jan 2023 19:53:27 INFO  Loading model structure and parameters from saved/KGAT-Jan-15-2023_19-36-57.pth
Sun 15 Jan 2023 19:53:27 INFO  best valid : OrderedDict([('recall@10', 0.2078), ('mrr@10', 0.3979), ('ndcg@10', 0.2306), ('hit@10', 0.7285), ('precision@10', 0.1555)])
Sun 15 Jan 2023 19:53:27 INFO  test result: OrderedDict([('recall@10', 0.2417), ('mrr@10', 0.4608), ('ndcg@10', 0.2826), ('hit@10', 0.7561), ('precision@10', 0.1937)])
