Wed 04 Jan 2023 23:42:13 INFO General Hyper Parameters: 
gpu_id=0
use_gpu=True
seed=2020
state=INFO
reproducibility=True
data_path=/work/03/gu14/k36095/miniconda/envs/EXP3/lib/python3.8/site-packages/recbole/config/../dataset_example/ml-100k
show_progress=True

Training Hyper Parameters: 
checkpoint_dir=saved
epochs=300
train_batch_size=2048
learner=adam
learning_rate=0.001
training_neg_sample_num=1
training_neg_sample_distribution=uniform
eval_step=1
stopping_step=10

Evaluation Hyper Parameters: 
eval_setting=RO_RS,full
group_by_user=True
split_ratio=[0.8, 0.1, 0.1]
leave_one_num=2
real_time_process=False
metrics=['Recall', 'MRR', 'NDCG', 'Hit', 'Precision']
topk=[10]
valid_metric=MRR@10
eval_batch_size=4096

Dataset Hyper Parameters: 
field_separator=	
seq_separator= 
USER_ID_FIELD=user_id
ITEM_ID_FIELD=item_id
RATING_FIELD=rating
TIME_FIELD=timestamp
seq_len=None
LABEL_FIELD=label
threshold=None
NEG_PREFIX=neg_
load_col={'inter': ['user_id', 'item_id', 'rating', 'timestamp'], 'kg': ['head_id', 'relation_id', 'tail_id'], 'link': ['item_id', 'entity_id']}
unload_col=None
unused_col=None
additional_feat_suffix=None
rm_dup_inter=None
lowest_val=None
highest_val=None
equal_val=None
not_equal_val=None
filter_inter_by_user_or_item=True
max_user_inter_num=None
min_user_inter_num=None
max_item_inter_num=None
min_item_inter_num=None
fields_in_same_space=None
preload_weight=None
normalize_field=None
normalize_all=True
ITEM_LIST_LENGTH_FIELD=item_length
LIST_SUFFIX=_list
MAX_ITEM_LIST_LENGTH=50
POSITION_FIELD=position_id
HEAD_ENTITY_ID_FIELD=head_id
TAIL_ENTITY_ID_FIELD=tail_id
RELATION_ID_FIELD=relation_id
ENTITY_ID_FIELD=entity_id


Wed 04 Jan 2023 23:42:19 INFO Note: detected 72 virtual cores but NumExpr set to maximum of 64, check "NUMEXPR_MAX_THREADS" environment variable.
Wed 04 Jan 2023 23:42:19 INFO Note: NumExpr detected 72 cores but "NUMEXPR_MAX_THREADS" not set, so enforcing safe limit of 8.
Wed 04 Jan 2023 23:42:25 INFO ml-100k
The number of users: 944
Average actions of users: 106.04453870625663
The number of items: 1683
Average actions of items: 59.45303210463734
The number of inters: 100000
The sparsity of the dataset: 93.70575143257098%
Remain Fields: ['entity_id', 'user_id', 'item_id', 'rating', 'timestamp', 'head_id', 'relation_id', 'tail_id']
The number of entities: 34713
The number of relations: 26
The number of triples: 91631
The number of items that have been linked to KG: 1598
Wed 04 Jan 2023 23:42:25 INFO Build [ModelType.KNOWLEDGE] DataLoader for [train] with format [InputType.PAIRWISE]
Wed 04 Jan 2023 23:42:25 INFO Evaluation Setting:
	Group by user_id
	Ordering: {'strategy': 'shuffle'}
	Splitting: {'strategy': 'by_ratio', 'ratios': [0.8, 0.1, 0.1]}
	Negative Sampling: {'strategy': 'by', 'distribution': 'uniform', 'by': 1}
Wed 04 Jan 2023 23:42:25 INFO batch_size = [[2048]], shuffle = [True]

Wed 04 Jan 2023 23:42:25 INFO Build [ModelType.KNOWLEDGE] DataLoader for [evaluation] with format [InputType.POINTWISE]
Wed 04 Jan 2023 23:42:25 INFO Evaluation Setting:
	Group by user_id
	Ordering: {'strategy': 'shuffle'}
	Splitting: {'strategy': 'by_ratio', 'ratios': [0.8, 0.1, 0.1]}
	Negative Sampling: {'strategy': 'full', 'distribution': 'uniform'}
Wed 04 Jan 2023 23:42:25 INFO batch_size = [[4096, 4096]], shuffle = [False]

Wed 04 Jan 2023 23:42:41 INFO KGAT(
  (user_embedding): Embedding(944, 64)
  (entity_embedding): Embedding(34713, 64)
  (relation_embedding): Embedding(26, 64)
  (trans_w): Embedding(26, 4096)
  (aggregator_layers): ModuleList(
    (0): Aggregator(
      (message_dropout): Dropout(p=0.1, inplace=False)
      (W1): Linear(in_features=64, out_features=64, bias=True)
      (W2): Linear(in_features=64, out_features=64, bias=True)
      (activation): LeakyReLU(negative_slope=0.01)
    )
  )
  (tanh): Tanh()
  (mf_loss): BPRLoss()
  (reg_loss): EmbLoss()
)
Trainable parameters: 2398528
Wed 04 Jan 2023 23:42:47 INFO epoch 0 training [time: 6.58s, train_loss1: 24.6548, train_loss2: 29.7704]
Wed 04 Jan 2023 23:42:48 INFO epoch 0 evaluating [time: 0.19s, valid_score: 0.076100]
Wed 04 Jan 2023 23:42:48 INFO valid result: 
recall@10 : 0.031    mrr@10 : 0.0761    ndcg@10 : 0.0358    hit@10 : 0.2238    precision@10 : 0.0299    
Wed 04 Jan 2023 23:42:48 INFO Saving current best: saved/KGAT-Jan-04-2023_23-42-41.pth
Wed 04 Jan 2023 23:42:48 INFO epoch 1 training [time: 0.30s, train_loss1: 21.6028, train_loss2: 19.5794]
Wed 04 Jan 2023 23:42:48 INFO epoch 1 evaluating [time: 0.17s, valid_score: 0.128200]
Wed 04 Jan 2023 23:42:48 INFO valid result: 
recall@10 : 0.0654    mrr@10 : 0.1282    ndcg@10 : 0.0694    hit@10 : 0.3743    precision@10 : 0.0564    
Wed 04 Jan 2023 23:42:48 INFO Saving current best: saved/KGAT-Jan-04-2023_23-42-41.pth
Wed 04 Jan 2023 23:42:49 INFO epoch 2 training [time: 0.30s, train_loss1: 17.9863, train_loss2: 12.7941]
Wed 04 Jan 2023 23:42:49 INFO epoch 2 evaluating [time: 0.16s, valid_score: 0.170200]
Wed 04 Jan 2023 23:42:49 INFO valid result: 
recall@10 : 0.0924    mrr@10 : 0.1702    ndcg@10 : 0.0944    hit@10 : 0.456    precision@10 : 0.072    
Wed 04 Jan 2023 23:42:49 INFO Saving current best: saved/KGAT-Jan-04-2023_23-42-41.pth
Wed 04 Jan 2023 23:42:49 INFO epoch 3 training [time: 0.30s, train_loss1: 17.0198, train_loss2: 10.4112]
Wed 04 Jan 2023 23:42:49 INFO epoch 3 evaluating [time: 0.16s, valid_score: 0.184900]
Wed 04 Jan 2023 23:42:49 INFO valid result: 
recall@10 : 0.0952    mrr@10 : 0.1849    ndcg@10 : 0.1004    hit@10 : 0.473    precision@10 : 0.076    
Wed 04 Jan 2023 23:42:49 INFO Saving current best: saved/KGAT-Jan-04-2023_23-42-41.pth
Wed 04 Jan 2023 23:42:50 INFO epoch 4 training [time: 0.30s, train_loss1: 16.7677, train_loss2: 9.1197]
Wed 04 Jan 2023 23:42:50 INFO epoch 4 evaluating [time: 0.16s, valid_score: 0.182200]
Wed 04 Jan 2023 23:42:50 INFO valid result: 
recall@10 : 0.1019    mrr@10 : 0.1822    ndcg@10 : 0.1027    hit@10 : 0.4814    precision@10 : 0.0753    
Wed 04 Jan 2023 23:42:50 INFO epoch 5 training [time: 0.30s, train_loss1: 16.6028, train_loss2: 8.4665]
Wed 04 Jan 2023 23:42:50 INFO epoch 5 evaluating [time: 0.16s, valid_score: 0.192400]
Wed 04 Jan 2023 23:42:50 INFO valid result: 
recall@10 : 0.1104    mrr@10 : 0.1924    ndcg@10 : 0.109    hit@10 : 0.5196    precision@10 : 0.0834    
Wed 04 Jan 2023 23:42:50 INFO Saving current best: saved/KGAT-Jan-04-2023_23-42-41.pth
Wed 04 Jan 2023 23:42:50 INFO epoch 6 training [time: 0.30s, train_loss1: 16.3392, train_loss2: 7.7908]
Wed 04 Jan 2023 23:42:51 INFO epoch 6 evaluating [time: 0.16s, valid_score: 0.194400]
Wed 04 Jan 2023 23:42:51 INFO valid result: 
recall@10 : 0.1016    mrr@10 : 0.1944    ndcg@10 : 0.1064    hit@10 : 0.5101    precision@10 : 0.0811    
Wed 04 Jan 2023 23:42:51 INFO Saving current best: saved/KGAT-Jan-04-2023_23-42-41.pth
Wed 04 Jan 2023 23:42:51 INFO epoch 7 training [time: 0.30s, train_loss1: 16.1826, train_loss2: 7.5514]
Wed 04 Jan 2023 23:42:51 INFO epoch 7 evaluating [time: 0.16s, valid_score: 0.206200]
Wed 04 Jan 2023 23:42:51 INFO valid result: 
recall@10 : 0.1015    mrr@10 : 0.2062    ndcg@10 : 0.111    hit@10 : 0.5016    precision@10 : 0.0852    
Wed 04 Jan 2023 23:42:51 INFO Saving current best: saved/KGAT-Jan-04-2023_23-42-41.pth
Wed 04 Jan 2023 23:42:51 INFO epoch 8 training [time: 0.30s, train_loss1: 16.0575, train_loss2: 7.1110]
Wed 04 Jan 2023 23:42:52 INFO epoch 8 evaluating [time: 0.16s, valid_score: 0.211100]
Wed 04 Jan 2023 23:42:52 INFO valid result: 
recall@10 : 0.1074    mrr@10 : 0.2111    ndcg@10 : 0.1161    hit@10 : 0.5143    precision@10 : 0.087    
Wed 04 Jan 2023 23:42:52 INFO Saving current best: saved/KGAT-Jan-04-2023_23-42-41.pth
Wed 04 Jan 2023 23:42:52 INFO epoch 9 training [time: 0.30s, train_loss1: 15.8255, train_loss2: 6.7797]
Wed 04 Jan 2023 23:42:52 INFO epoch 9 evaluating [time: 0.16s, valid_score: 0.217100]
Wed 04 Jan 2023 23:42:52 INFO valid result: 
recall@10 : 0.1072    mrr@10 : 0.2171    ndcg@10 : 0.1175    hit@10 : 0.5069    precision@10 : 0.0892    
Wed 04 Jan 2023 23:42:52 INFO Saving current best: saved/KGAT-Jan-04-2023_23-42-41.pth
Wed 04 Jan 2023 23:42:52 INFO epoch 10 training [time: 0.30s, train_loss1: 15.5776, train_loss2: 6.5941]
Wed 04 Jan 2023 23:42:53 INFO epoch 10 evaluating [time: 0.16s, valid_score: 0.233100]
Wed 04 Jan 2023 23:42:53 INFO valid result: 
recall@10 : 0.1166    mrr@10 : 0.2331    ndcg@10 : 0.1267    hit@10 : 0.5398    precision@10 : 0.0969    
Wed 04 Jan 2023 23:42:53 INFO Saving current best: saved/KGAT-Jan-04-2023_23-42-41.pth
Wed 04 Jan 2023 23:42:53 INFO epoch 11 training [time: 0.30s, train_loss1: 15.4171, train_loss2: 6.2410]
Wed 04 Jan 2023 23:42:53 INFO epoch 11 evaluating [time: 0.16s, valid_score: 0.236900]
Wed 04 Jan 2023 23:42:53 INFO valid result: 
recall@10 : 0.1207    mrr@10 : 0.2369    ndcg@10 : 0.1301    hit@10 : 0.5589    precision@10 : 0.0985    
Wed 04 Jan 2023 23:42:53 INFO Saving current best: saved/KGAT-Jan-04-2023_23-42-41.pth
Wed 04 Jan 2023 23:42:53 INFO epoch 12 training [time: 0.30s, train_loss1: 15.0532, train_loss2: 5.8512]
Wed 04 Jan 2023 23:42:54 INFO epoch 12 evaluating [time: 0.16s, valid_score: 0.246700]
Wed 04 Jan 2023 23:42:54 INFO valid result: 
recall@10 : 0.1289    mrr@10 : 0.2467    ndcg@10 : 0.1383    hit@10 : 0.5726    precision@10 : 0.1045    
Wed 04 Jan 2023 23:42:54 INFO Saving current best: saved/KGAT-Jan-04-2023_23-42-41.pth
Wed 04 Jan 2023 23:42:54 INFO epoch 13 training [time: 0.30s, train_loss1: 14.7746, train_loss2: 5.4818]
Wed 04 Jan 2023 23:42:54 INFO epoch 13 evaluating [time: 0.16s, valid_score: 0.251600]
Wed 04 Jan 2023 23:42:54 INFO valid result: 
recall@10 : 0.14    mrr@10 : 0.2516    ndcg@10 : 0.1469    hit@10 : 0.5949    precision@10 : 0.1103    
Wed 04 Jan 2023 23:42:54 INFO Saving current best: saved/KGAT-Jan-04-2023_23-42-41.pth
Wed 04 Jan 2023 23:42:54 INFO epoch 14 training [time: 0.30s, train_loss1: 14.4945, train_loss2: 5.1551]
Wed 04 Jan 2023 23:42:55 INFO epoch 14 evaluating [time: 0.16s, valid_score: 0.259200]
Wed 04 Jan 2023 23:42:55 INFO valid result: 
recall@10 : 0.1452    mrr@10 : 0.2592    ndcg@10 : 0.1528    hit@10 : 0.6013    precision@10 : 0.1133    
Wed 04 Jan 2023 23:42:55 INFO Saving current best: saved/KGAT-Jan-04-2023_23-42-41.pth
Wed 04 Jan 2023 23:42:55 INFO epoch 15 training [time: 0.30s, train_loss1: 14.1123, train_loss2: 4.9875]
Wed 04 Jan 2023 23:42:55 INFO epoch 15 evaluating [time: 0.16s, valid_score: 0.274400]
Wed 04 Jan 2023 23:42:55 INFO valid result: 
recall@10 : 0.1485    mrr@10 : 0.2744    ndcg@10 : 0.1601    hit@10 : 0.6193    precision@10 : 0.1179    
Wed 04 Jan 2023 23:42:55 INFO Saving current best: saved/KGAT-Jan-04-2023_23-42-41.pth
Wed 04 Jan 2023 23:42:55 INFO epoch 16 training [time: 0.30s, train_loss1: 13.7441, train_loss2: 4.7501]
Wed 04 Jan 2023 23:42:56 INFO epoch 16 evaluating [time: 0.16s, valid_score: 0.281900]
Wed 04 Jan 2023 23:42:56 INFO valid result: 
recall@10 : 0.1533    mrr@10 : 0.2819    ndcg@10 : 0.1645    hit@10 : 0.6257    precision@10 : 0.1187    
Wed 04 Jan 2023 23:42:56 INFO Saving current best: saved/KGAT-Jan-04-2023_23-42-41.pth
Wed 04 Jan 2023 23:42:56 INFO epoch 17 training [time: 0.30s, train_loss1: 13.3669, train_loss2: 4.6049]
Wed 04 Jan 2023 23:42:56 INFO epoch 17 evaluating [time: 0.16s, valid_score: 0.288400]
Wed 04 Jan 2023 23:42:56 INFO valid result: 
recall@10 : 0.1566    mrr@10 : 0.2884    ndcg@10 : 0.1691    hit@10 : 0.6341    precision@10 : 0.1224    
Wed 04 Jan 2023 23:42:56 INFO Saving current best: saved/KGAT-Jan-04-2023_23-42-41.pth
Wed 04 Jan 2023 23:42:56 INFO epoch 18 training [time: 0.30s, train_loss1: 12.9357, train_loss2: 4.3118]
Wed 04 Jan 2023 23:42:57 INFO epoch 18 evaluating [time: 0.16s, valid_score: 0.294200]
Wed 04 Jan 2023 23:42:57 INFO valid result: 
recall@10 : 0.1554    mrr@10 : 0.2942    ndcg@10 : 0.1709    hit@10 : 0.6352    precision@10 : 0.1229    
Wed 04 Jan 2023 23:42:57 INFO Saving current best: saved/KGAT-Jan-04-2023_23-42-41.pth
Wed 04 Jan 2023 23:42:57 INFO epoch 19 training [time: 0.30s, train_loss1: 12.6010, train_loss2: 4.1709]
Wed 04 Jan 2023 23:42:57 INFO epoch 19 evaluating [time: 0.16s, valid_score: 0.302300]
Wed 04 Jan 2023 23:42:57 INFO valid result: 
recall@10 : 0.1571    mrr@10 : 0.3023    ndcg@10 : 0.1751    hit@10 : 0.6363    precision@10 : 0.1251    
Wed 04 Jan 2023 23:42:57 INFO Saving current best: saved/KGAT-Jan-04-2023_23-42-41.pth
Wed 04 Jan 2023 23:42:57 INFO epoch 20 training [time: 0.30s, train_loss1: 12.2490, train_loss2: 4.0432]
Wed 04 Jan 2023 23:42:58 INFO epoch 20 evaluating [time: 0.16s, valid_score: 0.313100]
Wed 04 Jan 2023 23:42:58 INFO valid result: 
recall@10 : 0.1642    mrr@10 : 0.3131    ndcg@10 : 0.1799    hit@10 : 0.6458    precision@10 : 0.1285    
Wed 04 Jan 2023 23:42:58 INFO Saving current best: saved/KGAT-Jan-04-2023_23-42-41.pth
Wed 04 Jan 2023 23:42:58 INFO epoch 21 training [time: 0.30s, train_loss1: 11.9374, train_loss2: 3.8275]
Wed 04 Jan 2023 23:42:58 INFO epoch 21 evaluating [time: 0.16s, valid_score: 0.319300]
Wed 04 Jan 2023 23:42:58 INFO valid result: 
recall@10 : 0.1639    mrr@10 : 0.3193    ndcg@10 : 0.1825    hit@10 : 0.6522    precision@10 : 0.1284    
Wed 04 Jan 2023 23:42:58 INFO Saving current best: saved/KGAT-Jan-04-2023_23-42-41.pth
Wed 04 Jan 2023 23:42:58 INFO epoch 22 training [time: 0.30s, train_loss1: 11.6281, train_loss2: 3.6370]
Wed 04 Jan 2023 23:42:59 INFO epoch 22 evaluating [time: 0.16s, valid_score: 0.323200]
Wed 04 Jan 2023 23:42:59 INFO valid result: 
recall@10 : 0.1698    mrr@10 : 0.3232    ndcg@10 : 0.1869    hit@10 : 0.6628    precision@10 : 0.1314    
Wed 04 Jan 2023 23:42:59 INFO Saving current best: saved/KGAT-Jan-04-2023_23-42-41.pth
Wed 04 Jan 2023 23:42:59 INFO epoch 23 training [time: 0.30s, train_loss1: 11.3419, train_loss2: 3.3560]
Wed 04 Jan 2023 23:42:59 INFO epoch 23 evaluating [time: 0.16s, valid_score: 0.324400]
Wed 04 Jan 2023 23:42:59 INFO valid result: 
recall@10 : 0.1705    mrr@10 : 0.3244    ndcg@10 : 0.1884    hit@10 : 0.667    precision@10 : 0.1329    
Wed 04 Jan 2023 23:42:59 INFO Saving current best: saved/KGAT-Jan-04-2023_23-42-41.pth
Wed 04 Jan 2023 23:42:59 INFO epoch 24 training [time: 0.30s, train_loss1: 11.1243, train_loss2: 3.1997]
Wed 04 Jan 2023 23:43:00 INFO epoch 24 evaluating [time: 0.16s, valid_score: 0.327800]
Wed 04 Jan 2023 23:43:00 INFO valid result: 
recall@10 : 0.1697    mrr@10 : 0.3278    ndcg@10 : 0.1887    hit@10 : 0.6681    precision@10 : 0.1327    
Wed 04 Jan 2023 23:43:00 INFO Saving current best: saved/KGAT-Jan-04-2023_23-42-41.pth
Wed 04 Jan 2023 23:43:00 INFO epoch 25 training [time: 0.30s, train_loss1: 10.8299, train_loss2: 3.0100]
Wed 04 Jan 2023 23:43:00 INFO epoch 25 evaluating [time: 0.16s, valid_score: 0.334300]
Wed 04 Jan 2023 23:43:00 INFO valid result: 
recall@10 : 0.1731    mrr@10 : 0.3343    ndcg@10 : 0.1925    hit@10 : 0.6744    precision@10 : 0.1352    
Wed 04 Jan 2023 23:43:00 INFO Saving current best: saved/KGAT-Jan-04-2023_23-42-41.pth
Wed 04 Jan 2023 23:43:00 INFO epoch 26 training [time: 0.30s, train_loss1: 10.6868, train_loss2: 2.9031]
Wed 04 Jan 2023 23:43:01 INFO epoch 26 evaluating [time: 0.16s, valid_score: 0.339900]
Wed 04 Jan 2023 23:43:01 INFO valid result: 
recall@10 : 0.1731    mrr@10 : 0.3399    ndcg@10 : 0.1945    hit@10 : 0.6755    precision@10 : 0.1354    
Wed 04 Jan 2023 23:43:01 INFO Saving current best: saved/KGAT-Jan-04-2023_23-42-41.pth
Wed 04 Jan 2023 23:43:01 INFO epoch 27 training [time: 0.30s, train_loss1: 10.4757, train_loss2: 2.8290]
Wed 04 Jan 2023 23:43:01 INFO epoch 27 evaluating [time: 0.16s, valid_score: 0.337500]
Wed 04 Jan 2023 23:43:01 INFO valid result: 
recall@10 : 0.176    mrr@10 : 0.3375    ndcg@10 : 0.1963    hit@10 : 0.6797    precision@10 : 0.1387    
Wed 04 Jan 2023 23:43:01 INFO epoch 28 training [time: 0.30s, train_loss1: 10.2501, train_loss2: 2.6351]
Wed 04 Jan 2023 23:43:01 INFO epoch 28 evaluating [time: 0.16s, valid_score: 0.342000]
Wed 04 Jan 2023 23:43:01 INFO valid result: 
recall@10 : 0.1771    mrr@10 : 0.342    ndcg@10 : 0.1978    hit@10 : 0.684    precision@10 : 0.1385    
Wed 04 Jan 2023 23:43:01 INFO Saving current best: saved/KGAT-Jan-04-2023_23-42-41.pth
Wed 04 Jan 2023 23:43:02 INFO epoch 29 training [time: 0.30s, train_loss1: 10.1137, train_loss2: 2.5519]
Wed 04 Jan 2023 23:43:02 INFO epoch 29 evaluating [time: 0.16s, valid_score: 0.341800]
Wed 04 Jan 2023 23:43:02 INFO valid result: 
recall@10 : 0.1762    mrr@10 : 0.3418    ndcg@10 : 0.1979    hit@10 : 0.6766    precision@10 : 0.139    
Wed 04 Jan 2023 23:43:02 INFO epoch 30 training [time: 0.29s, train_loss1: 10.0009, train_loss2: 2.4833]
Wed 04 Jan 2023 23:43:02 INFO epoch 30 evaluating [time: 0.16s, valid_score: 0.338200]
Wed 04 Jan 2023 23:43:02 INFO valid result: 
recall@10 : 0.1754    mrr@10 : 0.3382    ndcg@10 : 0.1972    hit@10 : 0.6734    precision@10 : 0.1387    
Wed 04 Jan 2023 23:43:03 INFO epoch 31 training [time: 0.30s, train_loss1: 9.8636, train_loss2: 2.4697]
Wed 04 Jan 2023 23:43:03 INFO epoch 31 evaluating [time: 0.16s, valid_score: 0.347300]
Wed 04 Jan 2023 23:43:03 INFO valid result: 
recall@10 : 0.1775    mrr@10 : 0.3473    ndcg@10 : 0.1999    hit@10 : 0.6755    precision@10 : 0.1389    
Wed 04 Jan 2023 23:43:03 INFO Saving current best: saved/KGAT-Jan-04-2023_23-42-41.pth
Wed 04 Jan 2023 23:43:03 INFO epoch 32 training [time: 0.30s, train_loss1: 9.7350, train_loss2: 2.3148]
Wed 04 Jan 2023 23:43:03 INFO epoch 32 evaluating [time: 0.16s, valid_score: 0.349600]
Wed 04 Jan 2023 23:43:03 INFO valid result: 
recall@10 : 0.1805    mrr@10 : 0.3496    ndcg@10 : 0.2025    hit@10 : 0.684    precision@10 : 0.1409    
Wed 04 Jan 2023 23:43:03 INFO Saving current best: saved/KGAT-Jan-04-2023_23-42-41.pth
Wed 04 Jan 2023 23:43:04 INFO epoch 33 training [time: 0.30s, train_loss1: 9.5677, train_loss2: 2.2851]
Wed 04 Jan 2023 23:43:04 INFO epoch 33 evaluating [time: 0.16s, valid_score: 0.347400]
Wed 04 Jan 2023 23:43:04 INFO valid result: 
recall@10 : 0.1785    mrr@10 : 0.3474    ndcg@10 : 0.2013    hit@10 : 0.6766    precision@10 : 0.14    
Wed 04 Jan 2023 23:43:04 INFO epoch 34 training [time: 0.30s, train_loss1: 9.4499, train_loss2: 2.2424]
Wed 04 Jan 2023 23:43:04 INFO epoch 34 evaluating [time: 0.16s, valid_score: 0.351200]
Wed 04 Jan 2023 23:43:04 INFO valid result: 
recall@10 : 0.1795    mrr@10 : 0.3512    ndcg@10 : 0.2018    hit@10 : 0.6766    precision@10 : 0.1402    
Wed 04 Jan 2023 23:43:04 INFO Saving current best: saved/KGAT-Jan-04-2023_23-42-41.pth
Wed 04 Jan 2023 23:43:05 INFO epoch 35 training [time: 0.30s, train_loss1: 9.4394, train_loss2: 2.0979]
Wed 04 Jan 2023 23:43:05 INFO epoch 35 evaluating [time: 0.16s, valid_score: 0.353700]
Wed 04 Jan 2023 23:43:05 INFO valid result: 
recall@10 : 0.1791    mrr@10 : 0.3537    ndcg@10 : 0.202    hit@10 : 0.6797    precision@10 : 0.1393    
Wed 04 Jan 2023 23:43:05 INFO Saving current best: saved/KGAT-Jan-04-2023_23-42-41.pth
Wed 04 Jan 2023 23:43:05 INFO epoch 36 training [time: 0.30s, train_loss1: 9.3034, train_loss2: 1.9675]
Wed 04 Jan 2023 23:43:05 INFO epoch 36 evaluating [time: 0.16s, valid_score: 0.351800]
Wed 04 Jan 2023 23:43:05 INFO valid result: 
recall@10 : 0.1818    mrr@10 : 0.3518    ndcg@10 : 0.2024    hit@10 : 0.6829    precision@10 : 0.1406    
Wed 04 Jan 2023 23:43:06 INFO epoch 37 training [time: 0.30s, train_loss1: 9.1638, train_loss2: 2.0275]
Wed 04 Jan 2023 23:43:06 INFO epoch 37 evaluating [time: 0.16s, valid_score: 0.351700]
Wed 04 Jan 2023 23:43:06 INFO valid result: 
recall@10 : 0.183    mrr@10 : 0.3517    ndcg@10 : 0.2032    hit@10 : 0.6893    precision@10 : 0.1403    
Wed 04 Jan 2023 23:43:06 INFO epoch 38 training [time: 0.30s, train_loss1: 9.0775, train_loss2: 1.9616]
Wed 04 Jan 2023 23:43:06 INFO epoch 38 evaluating [time: 0.16s, valid_score: 0.352800]
Wed 04 Jan 2023 23:43:06 INFO valid result: 
recall@10 : 0.1813    mrr@10 : 0.3528    ndcg@10 : 0.2034    hit@10 : 0.6819    precision@10 : 0.141    
Wed 04 Jan 2023 23:43:06 INFO epoch 39 training [time: 0.30s, train_loss1: 8.9489, train_loss2: 1.9103]
Wed 04 Jan 2023 23:43:07 INFO epoch 39 evaluating [time: 0.16s, valid_score: 0.349900]
Wed 04 Jan 2023 23:43:07 INFO valid result: 
recall@10 : 0.1881    mrr@10 : 0.3499    ndcg@10 : 0.2055    hit@10 : 0.6914    precision@10 : 0.1435    
Wed 04 Jan 2023 23:43:07 INFO epoch 40 training [time: 0.30s, train_loss1: 8.7932, train_loss2: 1.8878]
Wed 04 Jan 2023 23:43:07 INFO epoch 40 evaluating [time: 0.16s, valid_score: 0.349200]
Wed 04 Jan 2023 23:43:07 INFO valid result: 
recall@10 : 0.1854    mrr@10 : 0.3492    ndcg@10 : 0.2054    hit@10 : 0.6882    precision@10 : 0.1431    
Wed 04 Jan 2023 23:43:07 INFO epoch 41 training [time: 0.30s, train_loss1: 8.7405, train_loss2: 1.9072]
Wed 04 Jan 2023 23:43:08 INFO epoch 41 evaluating [time: 0.16s, valid_score: 0.351800]
Wed 04 Jan 2023 23:43:08 INFO valid result: 
recall@10 : 0.1896    mrr@10 : 0.3518    ndcg@10 : 0.2078    hit@10 : 0.6978    precision@10 : 0.1451    
Wed 04 Jan 2023 23:43:08 INFO epoch 42 training [time: 0.30s, train_loss1: 8.7346, train_loss2: 1.8950]
Wed 04 Jan 2023 23:43:08 INFO epoch 42 evaluating [time: 0.16s, valid_score: 0.354500]
Wed 04 Jan 2023 23:43:08 INFO valid result: 
recall@10 : 0.1852    mrr@10 : 0.3545    ndcg@10 : 0.2072    hit@10 : 0.6914    precision@10 : 0.1445    
Wed 04 Jan 2023 23:43:08 INFO Saving current best: saved/KGAT-Jan-04-2023_23-42-41.pth
Wed 04 Jan 2023 23:43:08 INFO epoch 43 training [time: 0.30s, train_loss1: 8.5318, train_loss2: 1.7920]
Wed 04 Jan 2023 23:43:09 INFO epoch 43 evaluating [time: 0.16s, valid_score: 0.357300]
Wed 04 Jan 2023 23:43:09 INFO valid result: 
recall@10 : 0.1869    mrr@10 : 0.3573    ndcg@10 : 0.2079    hit@10 : 0.6935    precision@10 : 0.1443    
Wed 04 Jan 2023 23:43:09 INFO Saving current best: saved/KGAT-Jan-04-2023_23-42-41.pth
Wed 04 Jan 2023 23:43:09 INFO epoch 44 training [time: 0.30s, train_loss1: 8.4631, train_loss2: 1.7505]
Wed 04 Jan 2023 23:43:09 INFO epoch 44 evaluating [time: 0.16s, valid_score: 0.356000]
Wed 04 Jan 2023 23:43:09 INFO valid result: 
recall@10 : 0.1924    mrr@10 : 0.356    ndcg@10 : 0.211    hit@10 : 0.7031    precision@10 : 0.147    
Wed 04 Jan 2023 23:43:09 INFO epoch 45 training [time: 0.30s, train_loss1: 8.3173, train_loss2: 1.8472]
Wed 04 Jan 2023 23:43:09 INFO epoch 45 evaluating [time: 0.16s, valid_score: 0.356300]
Wed 04 Jan 2023 23:43:09 INFO valid result: 
recall@10 : 0.19    mrr@10 : 0.3563    ndcg@10 : 0.2103    hit@10 : 0.6978    precision@10 : 0.1466    
Wed 04 Jan 2023 23:43:10 INFO epoch 46 training [time: 0.30s, train_loss1: 8.2824, train_loss2: 1.7871]
Wed 04 Jan 2023 23:43:10 INFO epoch 46 evaluating [time: 0.16s, valid_score: 0.359200]
Wed 04 Jan 2023 23:43:10 INFO valid result: 
recall@10 : 0.1931    mrr@10 : 0.3592    ndcg@10 : 0.2114    hit@10 : 0.7084    precision@10 : 0.1472    
Wed 04 Jan 2023 23:43:10 INFO Saving current best: saved/KGAT-Jan-04-2023_23-42-41.pth
Wed 04 Jan 2023 23:43:10 INFO epoch 47 training [time: 0.30s, train_loss1: 8.1943, train_loss2: 1.6609]
Wed 04 Jan 2023 23:43:10 INFO epoch 47 evaluating [time: 0.16s, valid_score: 0.355000]
Wed 04 Jan 2023 23:43:10 INFO valid result: 
recall@10 : 0.1954    mrr@10 : 0.355    ndcg@10 : 0.212    hit@10 : 0.7073    precision@10 : 0.1498    
Wed 04 Jan 2023 23:43:11 INFO epoch 48 training [time: 0.30s, train_loss1: 8.1243, train_loss2: 1.6569]
Wed 04 Jan 2023 23:43:11 INFO epoch 48 evaluating [time: 0.16s, valid_score: 0.355600]
Wed 04 Jan 2023 23:43:11 INFO valid result: 
recall@10 : 0.1961    mrr@10 : 0.3556    ndcg@10 : 0.2127    hit@10 : 0.7116    precision@10 : 0.1491    
Wed 04 Jan 2023 23:43:11 INFO epoch 49 training [time: 0.30s, train_loss1: 8.0384, train_loss2: 1.7291]
Wed 04 Jan 2023 23:43:11 INFO epoch 49 evaluating [time: 0.16s, valid_score: 0.362700]
Wed 04 Jan 2023 23:43:11 INFO valid result: 
recall@10 : 0.1989    mrr@10 : 0.3627    ndcg@10 : 0.2155    hit@10 : 0.7158    precision@10 : 0.1501    
Wed 04 Jan 2023 23:43:11 INFO Saving current best: saved/KGAT-Jan-04-2023_23-42-41.pth
Wed 04 Jan 2023 23:43:12 INFO epoch 50 training [time: 0.30s, train_loss1: 7.9012, train_loss2: 1.6680]
Wed 04 Jan 2023 23:43:12 INFO epoch 50 evaluating [time: 0.16s, valid_score: 0.359600]
Wed 04 Jan 2023 23:43:12 INFO valid result: 
recall@10 : 0.1974    mrr@10 : 0.3596    ndcg@10 : 0.2151    hit@10 : 0.719    precision@10 : 0.1502    
Wed 04 Jan 2023 23:43:12 INFO epoch 51 training [time: 0.30s, train_loss1: 7.8617, train_loss2: 1.5802]
Wed 04 Jan 2023 23:43:12 INFO epoch 51 evaluating [time: 0.16s, valid_score: 0.357200]
Wed 04 Jan 2023 23:43:12 INFO valid result: 
recall@10 : 0.1996    mrr@10 : 0.3572    ndcg@10 : 0.2172    hit@10 : 0.7222    precision@10 : 0.1524    
Wed 04 Jan 2023 23:43:13 INFO epoch 52 training [time: 0.30s, train_loss1: 7.7842, train_loss2: 1.5761]
Wed 04 Jan 2023 23:43:13 INFO epoch 52 evaluating [time: 0.16s, valid_score: 0.358900]
Wed 04 Jan 2023 23:43:13 INFO valid result: 
recall@10 : 0.2011    mrr@10 : 0.3589    ndcg@10 : 0.2162    hit@10 : 0.7275    precision@10 : 0.1491    
Wed 04 Jan 2023 23:43:13 INFO epoch 53 training [time: 0.30s, train_loss1: 7.6152, train_loss2: 1.5228]
Wed 04 Jan 2023 23:43:13 INFO epoch 53 evaluating [time: 0.16s, valid_score: 0.358900]
Wed 04 Jan 2023 23:43:13 INFO valid result: 
recall@10 : 0.2056    mrr@10 : 0.3589    ndcg@10 : 0.2189    hit@10 : 0.737    precision@10 : 0.1526    
Wed 04 Jan 2023 23:43:13 INFO epoch 54 training [time: 0.30s, train_loss1: 7.5646, train_loss2: 1.5058]
Wed 04 Jan 2023 23:43:14 INFO epoch 54 evaluating [time: 0.16s, valid_score: 0.361900]
Wed 04 Jan 2023 23:43:14 INFO valid result: 
recall@10 : 0.2013    mrr@10 : 0.3619    ndcg@10 : 0.2186    hit@10 : 0.7211    precision@10 : 0.1509    
Wed 04 Jan 2023 23:43:14 INFO epoch 55 training [time: 0.30s, train_loss1: 7.4898, train_loss2: 1.4726]
Wed 04 Jan 2023 23:43:14 INFO epoch 55 evaluating [time: 0.16s, valid_score: 0.365500]
Wed 04 Jan 2023 23:43:14 INFO valid result: 
recall@10 : 0.2029    mrr@10 : 0.3655    ndcg@10 : 0.2204    hit@10 : 0.7275    precision@10 : 0.1523    
Wed 04 Jan 2023 23:43:14 INFO Saving current best: saved/KGAT-Jan-04-2023_23-42-41.pth
Wed 04 Jan 2023 23:43:14 INFO epoch 56 training [time: 0.30s, train_loss1: 7.3124, train_loss2: 1.5273]
Wed 04 Jan 2023 23:43:15 INFO epoch 56 evaluating [time: 0.16s, valid_score: 0.364700]
Wed 04 Jan 2023 23:43:15 INFO valid result: 
recall@10 : 0.1985    mrr@10 : 0.3647    ndcg@10 : 0.2183    hit@10 : 0.7243    precision@10 : 0.1521    
Wed 04 Jan 2023 23:43:15 INFO epoch 57 training [time: 0.30s, train_loss1: 7.3583, train_loss2: 1.4465]
Wed 04 Jan 2023 23:43:15 INFO epoch 57 evaluating [time: 0.16s, valid_score: 0.358600]
Wed 04 Jan 2023 23:43:15 INFO valid result: 
recall@10 : 0.2022    mrr@10 : 0.3586    ndcg@10 : 0.2176    hit@10 : 0.7296    precision@10 : 0.1532    
Wed 04 Jan 2023 23:43:15 INFO epoch 58 training [time: 0.30s, train_loss1: 7.3413, train_loss2: 1.4169]
Wed 04 Jan 2023 23:43:15 INFO epoch 58 evaluating [time: 0.16s, valid_score: 0.361000]
Wed 04 Jan 2023 23:43:15 INFO valid result: 
recall@10 : 0.2029    mrr@10 : 0.361    ndcg@10 : 0.2193    hit@10 : 0.7349    precision@10 : 0.1538    
Wed 04 Jan 2023 23:43:16 INFO epoch 59 training [time: 0.30s, train_loss1: 7.1729, train_loss2: 1.4484]
Wed 04 Jan 2023 23:43:16 INFO epoch 59 evaluating [time: 0.16s, valid_score: 0.365400]
Wed 04 Jan 2023 23:43:16 INFO valid result: 
recall@10 : 0.2045    mrr@10 : 0.3654    ndcg@10 : 0.2204    hit@10 : 0.7381    precision@10 : 0.1536    
Wed 04 Jan 2023 23:43:16 INFO epoch 60 training [time: 0.29s, train_loss1: 7.1973, train_loss2: 1.4078]
Wed 04 Jan 2023 23:43:16 INFO epoch 60 evaluating [time: 0.15s, valid_score: 0.363000]
Wed 04 Jan 2023 23:43:16 INFO valid result: 
recall@10 : 0.2047    mrr@10 : 0.363    ndcg@10 : 0.2202    hit@10 : 0.7317    precision@10 : 0.1537    
Wed 04 Jan 2023 23:43:17 INFO epoch 61 training [time: 0.30s, train_loss1: 7.0349, train_loss2: 1.3748]
Wed 04 Jan 2023 23:43:17 INFO epoch 61 evaluating [time: 0.16s, valid_score: 0.365100]
Wed 04 Jan 2023 23:43:17 INFO valid result: 
recall@10 : 0.2027    mrr@10 : 0.3651    ndcg@10 : 0.2203    hit@10 : 0.7306    precision@10 : 0.1541    
Wed 04 Jan 2023 23:43:17 INFO epoch 62 training [time: 0.29s, train_loss1: 6.9576, train_loss2: 1.3814]
Wed 04 Jan 2023 23:43:17 INFO epoch 62 evaluating [time: 0.15s, valid_score: 0.370000]
Wed 04 Jan 2023 23:43:17 INFO valid result: 
recall@10 : 0.2093    mrr@10 : 0.37    ndcg@10 : 0.2246    hit@10 : 0.7444    precision@10 : 0.1572    
Wed 04 Jan 2023 23:43:17 INFO Saving current best: saved/KGAT-Jan-04-2023_23-42-41.pth
Wed 04 Jan 2023 23:43:18 INFO epoch 63 training [time: 0.29s, train_loss1: 6.9245, train_loss2: 1.3624]
Wed 04 Jan 2023 23:43:18 INFO epoch 63 evaluating [time: 0.15s, valid_score: 0.367900]
Wed 04 Jan 2023 23:43:18 INFO valid result: 
recall@10 : 0.2077    mrr@10 : 0.3679    ndcg@10 : 0.2231    hit@10 : 0.7391    precision@10 : 0.1554    
Wed 04 Jan 2023 23:43:18 INFO epoch 64 training [time: 0.29s, train_loss1: 6.8385, train_loss2: 1.3729]
Wed 04 Jan 2023 23:43:18 INFO epoch 64 evaluating [time: 0.15s, valid_score: 0.366200]
Wed 04 Jan 2023 23:43:18 INFO valid result: 
recall@10 : 0.2082    mrr@10 : 0.3662    ndcg@10 : 0.2232    hit@10 : 0.7455    precision@10 : 0.1569    
Wed 04 Jan 2023 23:43:19 INFO epoch 65 training [time: 0.29s, train_loss1: 6.8085, train_loss2: 1.3497]
Wed 04 Jan 2023 23:43:19 INFO epoch 65 evaluating [time: 0.15s, valid_score: 0.365000]
Wed 04 Jan 2023 23:43:19 INFO valid result: 
recall@10 : 0.2068    mrr@10 : 0.365    ndcg@10 : 0.2231    hit@10 : 0.7402    precision@10 : 0.1573    
Wed 04 Jan 2023 23:43:19 INFO epoch 66 training [time: 0.29s, train_loss1: 6.8279, train_loss2: 1.2769]
Wed 04 Jan 2023 23:43:19 INFO epoch 66 evaluating [time: 0.15s, valid_score: 0.369300]
Wed 04 Jan 2023 23:43:19 INFO valid result: 
recall@10 : 0.207    mrr@10 : 0.3693    ndcg@10 : 0.2237    hit@10 : 0.7306    precision@10 : 0.1565    
Wed 04 Jan 2023 23:43:19 INFO epoch 67 training [time: 0.29s, train_loss1: 6.6194, train_loss2: 1.2842]
Wed 04 Jan 2023 23:43:20 INFO epoch 67 evaluating [time: 0.15s, valid_score: 0.366000]
Wed 04 Jan 2023 23:43:20 INFO valid result: 
recall@10 : 0.2079    mrr@10 : 0.366    ndcg@10 : 0.2237    hit@10 : 0.7359    precision@10 : 0.1578    
Wed 04 Jan 2023 23:43:20 INFO epoch 68 training [time: 0.29s, train_loss1: 6.4978, train_loss2: 1.2787]
Wed 04 Jan 2023 23:43:20 INFO epoch 68 evaluating [time: 0.15s, valid_score: 0.363600]
Wed 04 Jan 2023 23:43:20 INFO valid result: 
recall@10 : 0.2085    mrr@10 : 0.3636    ndcg@10 : 0.2241    hit@10 : 0.7359    precision@10 : 0.1575    
Wed 04 Jan 2023 23:43:20 INFO epoch 69 training [time: 0.29s, train_loss1: 6.5163, train_loss2: 1.2715]
Wed 04 Jan 2023 23:43:20 INFO epoch 69 evaluating [time: 0.15s, valid_score: 0.361800]
Wed 04 Jan 2023 23:43:20 INFO valid result: 
recall@10 : 0.2108    mrr@10 : 0.3618    ndcg@10 : 0.2249    hit@10 : 0.7413    precision@10 : 0.1596    
Wed 04 Jan 2023 23:43:21 INFO epoch 70 training [time: 0.29s, train_loss1: 6.4255, train_loss2: 1.2154]
Wed 04 Jan 2023 23:43:21 INFO epoch 70 evaluating [time: 0.16s, valid_score: 0.369800]
Wed 04 Jan 2023 23:43:21 INFO valid result: 
recall@10 : 0.2089    mrr@10 : 0.3698    ndcg@10 : 0.2256    hit@10 : 0.7497    precision@10 : 0.1586    
Wed 04 Jan 2023 23:43:21 INFO epoch 71 training [time: 0.29s, train_loss1: 6.3835, train_loss2: 1.1991]
Wed 04 Jan 2023 23:43:21 INFO epoch 71 evaluating [time: 0.16s, valid_score: 0.373100]
Wed 04 Jan 2023 23:43:21 INFO valid result: 
recall@10 : 0.2123    mrr@10 : 0.3731    ndcg@10 : 0.2276    hit@10 : 0.755    precision@10 : 0.1599    
Wed 04 Jan 2023 23:43:21 INFO Saving current best: saved/KGAT-Jan-04-2023_23-42-41.pth
Wed 04 Jan 2023 23:43:22 INFO epoch 72 training [time: 0.29s, train_loss1: 6.3328, train_loss2: 1.2020]
Wed 04 Jan 2023 23:43:22 INFO epoch 72 evaluating [time: 0.16s, valid_score: 0.372700]
Wed 04 Jan 2023 23:43:22 INFO valid result: 
recall@10 : 0.2129    mrr@10 : 0.3727    ndcg@10 : 0.227    hit@10 : 0.7635    precision@10 : 0.1596    
Wed 04 Jan 2023 23:43:22 INFO epoch 73 training [time: 0.29s, train_loss1: 6.1964, train_loss2: 1.2121]
Wed 04 Jan 2023 23:43:22 INFO epoch 73 evaluating [time: 0.15s, valid_score: 0.379800]
Wed 04 Jan 2023 23:43:22 INFO valid result: 
recall@10 : 0.2106    mrr@10 : 0.3798    ndcg@10 : 0.2275    hit@10 : 0.7476    precision@10 : 0.1591    
Wed 04 Jan 2023 23:43:22 INFO Saving current best: saved/KGAT-Jan-04-2023_23-42-41.pth
Wed 04 Jan 2023 23:43:23 INFO epoch 74 training [time: 0.29s, train_loss1: 6.1327, train_loss2: 1.1706]
Wed 04 Jan 2023 23:43:23 INFO epoch 74 evaluating [time: 0.16s, valid_score: 0.368600]
Wed 04 Jan 2023 23:43:23 INFO valid result: 
recall@10 : 0.2095    mrr@10 : 0.3686    ndcg@10 : 0.2236    hit@10 : 0.7476    precision@10 : 0.1576    
Wed 04 Jan 2023 23:43:23 INFO epoch 75 training [time: 0.29s, train_loss1: 6.1137, train_loss2: 1.1120]
Wed 04 Jan 2023 23:43:23 INFO epoch 75 evaluating [time: 0.15s, valid_score: 0.374100]
Wed 04 Jan 2023 23:43:23 INFO valid result: 
recall@10 : 0.2087    mrr@10 : 0.3741    ndcg@10 : 0.2254    hit@10 : 0.7476    precision@10 : 0.1583    
Wed 04 Jan 2023 23:43:24 INFO epoch 76 training [time: 0.29s, train_loss1: 6.0434, train_loss2: 1.1531]
Wed 04 Jan 2023 23:43:24 INFO epoch 76 evaluating [time: 0.15s, valid_score: 0.374600]
Wed 04 Jan 2023 23:43:24 INFO valid result: 
recall@10 : 0.2117    mrr@10 : 0.3746    ndcg@10 : 0.2271    hit@10 : 0.7561    precision@10 : 0.1594    
Wed 04 Jan 2023 23:43:24 INFO epoch 77 training [time: 0.29s, train_loss1: 5.9589, train_loss2: 1.0784]
Wed 04 Jan 2023 23:43:24 INFO epoch 77 evaluating [time: 0.15s, valid_score: 0.377800]
Wed 04 Jan 2023 23:43:24 INFO valid result: 
recall@10 : 0.2111    mrr@10 : 0.3778    ndcg@10 : 0.2278    hit@10 : 0.7561    precision@10 : 0.1595    
Wed 04 Jan 2023 23:43:24 INFO epoch 78 training [time: 0.29s, train_loss1: 5.9322, train_loss2: 1.0924]
Wed 04 Jan 2023 23:43:25 INFO epoch 78 evaluating [time: 0.15s, valid_score: 0.374400]
Wed 04 Jan 2023 23:43:25 INFO valid result: 
recall@10 : 0.2099    mrr@10 : 0.3744    ndcg@10 : 0.226    hit@10 : 0.7519    precision@10 : 0.1564    
Wed 04 Jan 2023 23:43:25 INFO epoch 79 training [time: 0.29s, train_loss1: 5.8994, train_loss2: 1.0921]
Wed 04 Jan 2023 23:43:25 INFO epoch 79 evaluating [time: 0.15s, valid_score: 0.378200]
Wed 04 Jan 2023 23:43:25 INFO valid result: 
recall@10 : 0.2118    mrr@10 : 0.3782    ndcg@10 : 0.228    hit@10 : 0.7519    precision@10 : 0.1586    
Wed 04 Jan 2023 23:43:25 INFO epoch 80 training [time: 0.30s, train_loss1: 5.7997, train_loss2: 1.0588]
Wed 04 Jan 2023 23:43:25 INFO epoch 80 evaluating [time: 0.16s, valid_score: 0.381900]
Wed 04 Jan 2023 23:43:25 INFO valid result: 
recall@10 : 0.2115    mrr@10 : 0.3819    ndcg@10 : 0.2283    hit@10 : 0.7529    precision@10 : 0.1585    
Wed 04 Jan 2023 23:43:26 INFO Saving current best: saved/KGAT-Jan-04-2023_23-42-41.pth
Wed 04 Jan 2023 23:43:26 INFO epoch 81 training [time: 0.29s, train_loss1: 5.8558, train_loss2: 1.0762]
Wed 04 Jan 2023 23:43:26 INFO epoch 81 evaluating [time: 0.16s, valid_score: 0.387200]
Wed 04 Jan 2023 23:43:26 INFO valid result: 
recall@10 : 0.2133    mrr@10 : 0.3872    ndcg@10 : 0.2326    hit@10 : 0.7614    precision@10 : 0.1604    
Wed 04 Jan 2023 23:43:26 INFO Saving current best: saved/KGAT-Jan-04-2023_23-42-41.pth
Wed 04 Jan 2023 23:43:26 INFO epoch 82 training [time: 0.29s, train_loss1: 5.7560, train_loss2: 1.0672]
Wed 04 Jan 2023 23:43:26 INFO epoch 82 evaluating [time: 0.16s, valid_score: 0.374500]
Wed 04 Jan 2023 23:43:26 INFO valid result: 
recall@10 : 0.2129    mrr@10 : 0.3745    ndcg@10 : 0.2286    hit@10 : 0.755    precision@10 : 0.1603    
Wed 04 Jan 2023 23:43:27 INFO epoch 83 training [time: 0.30s, train_loss1: 5.6405, train_loss2: 1.0055]
Wed 04 Jan 2023 23:43:27 INFO epoch 83 evaluating [time: 0.16s, valid_score: 0.377900]
Wed 04 Jan 2023 23:43:27 INFO valid result: 
recall@10 : 0.21    mrr@10 : 0.3779    ndcg@10 : 0.2269    hit@10 : 0.7508    precision@10 : 0.1578    
Wed 04 Jan 2023 23:43:27 INFO epoch 84 training [time: 0.30s, train_loss1: 5.5554, train_loss2: 1.0348]
Wed 04 Jan 2023 23:43:27 INFO epoch 84 evaluating [time: 0.16s, valid_score: 0.376800]
Wed 04 Jan 2023 23:43:27 INFO valid result: 
recall@10 : 0.2131    mrr@10 : 0.3768    ndcg@10 : 0.228    hit@10 : 0.7561    precision@10 : 0.159    
Wed 04 Jan 2023 23:43:28 INFO epoch 85 training [time: 0.30s, train_loss1: 5.5190, train_loss2: 0.9902]
Wed 04 Jan 2023 23:43:28 INFO epoch 85 evaluating [time: 0.15s, valid_score: 0.375900]
Wed 04 Jan 2023 23:43:28 INFO valid result: 
recall@10 : 0.2112    mrr@10 : 0.3759    ndcg@10 : 0.228    hit@10 : 0.7466    precision@10 : 0.1582    
Wed 04 Jan 2023 23:43:28 INFO epoch 86 training [time: 0.29s, train_loss1: 5.4474, train_loss2: 1.0318]
Wed 04 Jan 2023 23:43:28 INFO epoch 86 evaluating [time: 0.15s, valid_score: 0.371300]
Wed 04 Jan 2023 23:43:28 INFO valid result: 
recall@10 : 0.2102    mrr@10 : 0.3713    ndcg@10 : 0.2272    hit@10 : 0.7519    precision@10 : 0.1597    
Wed 04 Jan 2023 23:43:29 INFO epoch 87 training [time: 0.29s, train_loss1: 5.4746, train_loss2: 1.0032]
Wed 04 Jan 2023 23:43:29 INFO epoch 87 evaluating [time: 0.16s, valid_score: 0.373700]
Wed 04 Jan 2023 23:43:29 INFO valid result: 
recall@10 : 0.2125    mrr@10 : 0.3737    ndcg@10 : 0.2269    hit@10 : 0.7466    precision@10 : 0.1595    
Wed 04 Jan 2023 23:43:29 INFO epoch 88 training [time: 0.29s, train_loss1: 5.3612, train_loss2: 0.9752]
Wed 04 Jan 2023 23:43:29 INFO epoch 88 evaluating [time: 0.15s, valid_score: 0.371200]
Wed 04 Jan 2023 23:43:29 INFO valid result: 
recall@10 : 0.2133    mrr@10 : 0.3712    ndcg@10 : 0.2261    hit@10 : 0.7434    precision@10 : 0.1576    
Wed 04 Jan 2023 23:43:29 INFO epoch 89 training [time: 0.29s, train_loss1: 5.3161, train_loss2: 0.9510]
Wed 04 Jan 2023 23:43:30 INFO epoch 89 evaluating [time: 0.15s, valid_score: 0.376700]
Wed 04 Jan 2023 23:43:30 INFO valid result: 
recall@10 : 0.2148    mrr@10 : 0.3767    ndcg@10 : 0.2292    hit@10 : 0.7497    precision@10 : 0.1597    
Wed 04 Jan 2023 23:43:30 INFO epoch 90 training [time: 0.29s, train_loss1: 5.2588, train_loss2: 0.9620]
Wed 04 Jan 2023 23:43:30 INFO epoch 90 evaluating [time: 0.15s, valid_score: 0.376100]
Wed 04 Jan 2023 23:43:30 INFO valid result: 
recall@10 : 0.2152    mrr@10 : 0.3761    ndcg@10 : 0.2298    hit@10 : 0.7508    precision@10 : 0.1598    
Wed 04 Jan 2023 23:43:30 INFO epoch 91 training [time: 0.29s, train_loss1: 5.2580, train_loss2: 0.9988]
Wed 04 Jan 2023 23:43:31 INFO epoch 91 evaluating [time: 0.16s, valid_score: 0.369100]
Wed 04 Jan 2023 23:43:31 INFO valid result: 
recall@10 : 0.2139    mrr@10 : 0.3691    ndcg@10 : 0.2265    hit@10 : 0.7476    precision@10 : 0.1593    
Wed 04 Jan 2023 23:43:31 INFO epoch 92 training [time: 0.29s, train_loss1: 5.1457, train_loss2: 0.9057]
Wed 04 Jan 2023 23:43:31 INFO epoch 92 evaluating [time: 0.15s, valid_score: 0.372500]
Wed 04 Jan 2023 23:43:31 INFO valid result: 
recall@10 : 0.2159    mrr@10 : 0.3725    ndcg@10 : 0.229    hit@10 : 0.7529    precision@10 : 0.1602    
Wed 04 Jan 2023 23:43:31 INFO Finished training, best eval result in epoch 81
Wed 04 Jan 2023 23:43:31 INFO Loading model structure and parameters from saved/KGAT-Jan-04-2023_23-42-41.pth
Wed 04 Jan 2023 23:43:31 INFO best valid result: {'recall@10': 0.2133, 'mrr@10': 0.3872, 'ndcg@10': 0.2326, 'hit@10': 0.7614, 'precision@10': 0.1604}
Wed 04 Jan 2023 23:43:31 INFO test result: {'recall@10': 0.2521, 'mrr@10': 0.4827, 'ndcg@10': 0.2919, 'hit@10': 0.789, 'precision@10': 0.1988}
