Wed 04 Jan 2023 23:55:42 INFO General Hyper Parameters: 
gpu_id=0
use_gpu=True
seed=2022
state=INFO
reproducibility=True
data_path=/work/03/gu14/k36095/miniconda/envs/EXP3/lib/python3.8/site-packages/recbole/config/../dataset_example/ml-100k
show_progress=True

Training Hyper Parameters: 
checkpoint_dir=saved
epochs=300
train_batch_size=2048
learner=adam
learning_rate=0.001
training_neg_sample_num=1
training_neg_sample_distribution=uniform
eval_step=1
stopping_step=10

Evaluation Hyper Parameters: 
eval_setting=RO_RS,full
group_by_user=True
split_ratio=[0.8, 0.1, 0.1]
leave_one_num=2
real_time_process=False
metrics=['Recall', 'MRR', 'NDCG', 'Hit', 'Precision']
topk=[10]
valid_metric=MRR@10
eval_batch_size=4096

Dataset Hyper Parameters: 
field_separator=	
seq_separator= 
USER_ID_FIELD=user_id
ITEM_ID_FIELD=item_id
RATING_FIELD=rating
TIME_FIELD=timestamp
seq_len=None
LABEL_FIELD=label
threshold=None
NEG_PREFIX=neg_
load_col={'inter': ['user_id', 'item_id', 'rating', 'timestamp'], 'kg': ['head_id', 'relation_id', 'tail_id'], 'link': ['item_id', 'entity_id']}
unload_col=None
unused_col=None
additional_feat_suffix=None
rm_dup_inter=None
lowest_val=None
highest_val=None
equal_val=None
not_equal_val=None
filter_inter_by_user_or_item=True
max_user_inter_num=None
min_user_inter_num=None
max_item_inter_num=None
min_item_inter_num=None
fields_in_same_space=None
preload_weight=None
normalize_field=None
normalize_all=True
ITEM_LIST_LENGTH_FIELD=item_length
LIST_SUFFIX=_list
MAX_ITEM_LIST_LENGTH=50
POSITION_FIELD=position_id
HEAD_ENTITY_ID_FIELD=head_id
TAIL_ENTITY_ID_FIELD=tail_id
RELATION_ID_FIELD=relation_id
ENTITY_ID_FIELD=entity_id


Wed 04 Jan 2023 23:55:42 INFO Note: detected 72 virtual cores but NumExpr set to maximum of 64, check "NUMEXPR_MAX_THREADS" environment variable.
Wed 04 Jan 2023 23:55:42 INFO Note: NumExpr detected 72 cores but "NUMEXPR_MAX_THREADS" not set, so enforcing safe limit of 8.
Wed 04 Jan 2023 23:55:43 INFO ml-100k
The number of users: 944
Average actions of users: 106.04453870625663
The number of items: 1683
Average actions of items: 59.45303210463734
The number of inters: 100000
The sparsity of the dataset: 93.70575143257098%
Remain Fields: ['entity_id', 'user_id', 'item_id', 'rating', 'timestamp', 'head_id', 'relation_id', 'tail_id']
The number of entities: 34713
The number of relations: 26
The number of triples: 91631
The number of items that have been linked to KG: 1598
Wed 04 Jan 2023 23:55:44 INFO Build [ModelType.KNOWLEDGE] DataLoader for [train] with format [InputType.PAIRWISE]
Wed 04 Jan 2023 23:55:44 INFO Evaluation Setting:
	Group by user_id
	Ordering: {'strategy': 'shuffle'}
	Splitting: {'strategy': 'by_ratio', 'ratios': [0.8, 0.1, 0.1]}
	Negative Sampling: {'strategy': 'by', 'distribution': 'uniform', 'by': 1}
Wed 04 Jan 2023 23:55:44 INFO batch_size = [[2048]], shuffle = [True]

Wed 04 Jan 2023 23:55:44 INFO Build [ModelType.KNOWLEDGE] DataLoader for [evaluation] with format [InputType.POINTWISE]
Wed 04 Jan 2023 23:55:44 INFO Evaluation Setting:
	Group by user_id
	Ordering: {'strategy': 'shuffle'}
	Splitting: {'strategy': 'by_ratio', 'ratios': [0.8, 0.1, 0.1]}
	Negative Sampling: {'strategy': 'full', 'distribution': 'uniform'}
Wed 04 Jan 2023 23:55:44 INFO batch_size = [[4096, 4096]], shuffle = [False]

Wed 04 Jan 2023 23:55:51 INFO KGAT(
  (user_embedding): Embedding(944, 64)
  (entity_embedding): Embedding(34713, 64)
  (relation_embedding): Embedding(26, 64)
  (trans_w): Embedding(26, 4096)
  (aggregator_layers): ModuleList(
    (0): Aggregator(
      (message_dropout): Dropout(p=0.1, inplace=False)
      (W1): Linear(in_features=64, out_features=64, bias=True)
      (W2): Linear(in_features=64, out_features=64, bias=True)
      (activation): LeakyReLU(negative_slope=0.01)
    )
  )
  (tanh): Tanh()
  (mf_loss): BPRLoss()
  (reg_loss): EmbLoss()
)
Trainable parameters: 2398528
Wed 04 Jan 2023 23:55:55 INFO epoch 0 training [time: 3.78s, train_loss1: 24.2257, train_loss2: 29.6162]
Wed 04 Jan 2023 23:55:55 INFO epoch 0 evaluating [time: 0.18s, valid_score: 0.088500]
Wed 04 Jan 2023 23:55:55 INFO valid result: 
recall@10 : 0.0347    mrr@10 : 0.0885    ndcg@10 : 0.0403    hit@10 : 0.2598    precision@10 : 0.0344    
Wed 04 Jan 2023 23:55:55 INFO Saving current best: saved/KGAT-Jan-04-2023_23-55-51.pth
Wed 04 Jan 2023 23:55:56 INFO epoch 1 training [time: 0.30s, train_loss1: 21.4909, train_loss2: 19.6520]
Wed 04 Jan 2023 23:55:56 INFO epoch 1 evaluating [time: 0.16s, valid_score: 0.127400]
Wed 04 Jan 2023 23:55:56 INFO valid result: 
recall@10 : 0.0656    mrr@10 : 0.1274    ndcg@10 : 0.0664    hit@10 : 0.369    precision@10 : 0.0523    
Wed 04 Jan 2023 23:55:56 INFO Saving current best: saved/KGAT-Jan-04-2023_23-55-51.pth
Wed 04 Jan 2023 23:55:56 INFO epoch 2 training [time: 0.30s, train_loss1: 17.6992, train_loss2: 12.6910]
Wed 04 Jan 2023 23:55:56 INFO epoch 2 evaluating [time: 0.16s, valid_score: 0.148100]
Wed 04 Jan 2023 23:55:56 INFO valid result: 
recall@10 : 0.0771    mrr@10 : 0.1481    ndcg@10 : 0.0802    hit@10 : 0.4178    precision@10 : 0.0627    
Wed 04 Jan 2023 23:55:56 INFO Saving current best: saved/KGAT-Jan-04-2023_23-55-51.pth
Wed 04 Jan 2023 23:55:57 INFO epoch 3 training [time: 0.30s, train_loss1: 17.0627, train_loss2: 10.2525]
Wed 04 Jan 2023 23:55:57 INFO epoch 3 evaluating [time: 0.16s, valid_score: 0.176900]
Wed 04 Jan 2023 23:55:57 INFO valid result: 
recall@10 : 0.0972    mrr@10 : 0.1769    ndcg@10 : 0.0975    hit@10 : 0.4772    precision@10 : 0.0741    
Wed 04 Jan 2023 23:55:57 INFO Saving current best: saved/KGAT-Jan-04-2023_23-55-51.pth
Wed 04 Jan 2023 23:55:57 INFO epoch 4 training [time: 0.30s, train_loss1: 16.7652, train_loss2: 9.0271]
Wed 04 Jan 2023 23:55:57 INFO epoch 4 evaluating [time: 0.16s, valid_score: 0.174800]
Wed 04 Jan 2023 23:55:57 INFO valid result: 
recall@10 : 0.0947    mrr@10 : 0.1748    ndcg@10 : 0.0965    hit@10 : 0.473    precision@10 : 0.0737    
Wed 04 Jan 2023 23:55:58 INFO epoch 5 training [time: 0.30s, train_loss1: 16.5137, train_loss2: 8.3303]
Wed 04 Jan 2023 23:55:58 INFO epoch 5 evaluating [time: 0.16s, valid_score: 0.195900]
Wed 04 Jan 2023 23:55:58 INFO valid result: 
recall@10 : 0.1015    mrr@10 : 0.1959    ndcg@10 : 0.1084    hit@10 : 0.4963    precision@10 : 0.082    
Wed 04 Jan 2023 23:55:58 INFO Saving current best: saved/KGAT-Jan-04-2023_23-55-51.pth
Wed 04 Jan 2023 23:55:58 INFO epoch 6 training [time: 0.30s, train_loss1: 16.2918, train_loss2: 7.7057]
Wed 04 Jan 2023 23:55:58 INFO epoch 6 evaluating [time: 0.15s, valid_score: 0.208600]
Wed 04 Jan 2023 23:55:58 INFO valid result: 
recall@10 : 0.1055    mrr@10 : 0.2086    ndcg@10 : 0.112    hit@10 : 0.5228    precision@10 : 0.0844    
Wed 04 Jan 2023 23:55:58 INFO Saving current best: saved/KGAT-Jan-04-2023_23-55-51.pth
Wed 04 Jan 2023 23:55:59 INFO epoch 7 training [time: 0.30s, train_loss1: 16.1282, train_loss2: 7.4217]
Wed 04 Jan 2023 23:55:59 INFO epoch 7 evaluating [time: 0.16s, valid_score: 0.207100]
Wed 04 Jan 2023 23:55:59 INFO valid result: 
recall@10 : 0.102    mrr@10 : 0.2071    ndcg@10 : 0.1108    hit@10 : 0.5027    precision@10 : 0.083    
Wed 04 Jan 2023 23:55:59 INFO epoch 8 training [time: 0.30s, train_loss1: 16.0161, train_loss2: 7.0073]
Wed 04 Jan 2023 23:55:59 INFO epoch 8 evaluating [time: 0.15s, valid_score: 0.207800]
Wed 04 Jan 2023 23:55:59 INFO valid result: 
recall@10 : 0.1052    mrr@10 : 0.2078    ndcg@10 : 0.1121    hit@10 : 0.5154    precision@10 : 0.0841    
Wed 04 Jan 2023 23:56:00 INFO epoch 9 training [time: 0.30s, train_loss1: 15.7987, train_loss2: 6.8328]
Wed 04 Jan 2023 23:56:00 INFO epoch 9 evaluating [time: 0.16s, valid_score: 0.228000]
Wed 04 Jan 2023 23:56:00 INFO valid result: 
recall@10 : 0.1121    mrr@10 : 0.228    ndcg@10 : 0.1219    hit@10 : 0.5302    precision@10 : 0.091    
Wed 04 Jan 2023 23:56:00 INFO Saving current best: saved/KGAT-Jan-04-2023_23-55-51.pth
Wed 04 Jan 2023 23:56:00 INFO epoch 10 training [time: 0.30s, train_loss1: 15.5553, train_loss2: 6.5609]
Wed 04 Jan 2023 23:56:00 INFO epoch 10 evaluating [time: 0.16s, valid_score: 0.231400]
Wed 04 Jan 2023 23:56:00 INFO valid result: 
recall@10 : 0.1184    mrr@10 : 0.2314    ndcg@10 : 0.1275    hit@10 : 0.5567    precision@10 : 0.0965    
Wed 04 Jan 2023 23:56:00 INFO Saving current best: saved/KGAT-Jan-04-2023_23-55-51.pth
Wed 04 Jan 2023 23:56:01 INFO epoch 11 training [time: 0.30s, train_loss1: 15.2979, train_loss2: 6.2388]
Wed 04 Jan 2023 23:56:01 INFO epoch 11 evaluating [time: 0.16s, valid_score: 0.238400]
Wed 04 Jan 2023 23:56:01 INFO valid result: 
recall@10 : 0.1169    mrr@10 : 0.2384    ndcg@10 : 0.1306    hit@10 : 0.5599    precision@10 : 0.0984    
Wed 04 Jan 2023 23:56:01 INFO Saving current best: saved/KGAT-Jan-04-2023_23-55-51.pth
Wed 04 Jan 2023 23:56:01 INFO epoch 12 training [time: 0.30s, train_loss1: 14.9969, train_loss2: 5.8915]
Wed 04 Jan 2023 23:56:01 INFO epoch 12 evaluating [time: 0.16s, valid_score: 0.260600]
Wed 04 Jan 2023 23:56:01 INFO valid result: 
recall@10 : 0.1327    mrr@10 : 0.2606    ndcg@10 : 0.1459    hit@10 : 0.5907    precision@10 : 0.1083    
Wed 04 Jan 2023 23:56:01 INFO Saving current best: saved/KGAT-Jan-04-2023_23-55-51.pth
Wed 04 Jan 2023 23:56:02 INFO epoch 13 training [time: 0.30s, train_loss1: 14.6697, train_loss2: 5.4836]
Wed 04 Jan 2023 23:56:02 INFO epoch 13 evaluating [time: 0.16s, valid_score: 0.274800]
Wed 04 Jan 2023 23:56:02 INFO valid result: 
recall@10 : 0.1359    mrr@10 : 0.2748    ndcg@10 : 0.1518    hit@10 : 0.6013    precision@10 : 0.1113    
Wed 04 Jan 2023 23:56:02 INFO Saving current best: saved/KGAT-Jan-04-2023_23-55-51.pth
Wed 04 Jan 2023 23:56:02 INFO epoch 14 training [time: 0.30s, train_loss1: 14.3040, train_loss2: 5.0929]
Wed 04 Jan 2023 23:56:02 INFO epoch 14 evaluating [time: 0.16s, valid_score: 0.286600]
Wed 04 Jan 2023 23:56:02 INFO valid result: 
recall@10 : 0.1375    mrr@10 : 0.2866    ndcg@10 : 0.1574    hit@10 : 0.6055    precision@10 : 0.1135    
Wed 04 Jan 2023 23:56:02 INFO Saving current best: saved/KGAT-Jan-04-2023_23-55-51.pth
Wed 04 Jan 2023 23:56:02 INFO epoch 15 training [time: 0.30s, train_loss1: 13.9375, train_loss2: 4.6815]
Wed 04 Jan 2023 23:56:03 INFO epoch 15 evaluating [time: 0.16s, valid_score: 0.293800]
Wed 04 Jan 2023 23:56:03 INFO valid result: 
recall@10 : 0.1455    mrr@10 : 0.2938    ndcg@10 : 0.1633    hit@10 : 0.6235    precision@10 : 0.1182    
Wed 04 Jan 2023 23:56:03 INFO Saving current best: saved/KGAT-Jan-04-2023_23-55-51.pth
Wed 04 Jan 2023 23:56:03 INFO epoch 16 training [time: 0.30s, train_loss1: 13.5455, train_loss2: 4.3627]
Wed 04 Jan 2023 23:56:03 INFO epoch 16 evaluating [time: 0.16s, valid_score: 0.295500]
Wed 04 Jan 2023 23:56:03 INFO valid result: 
recall@10 : 0.1501    mrr@10 : 0.2955    ndcg@10 : 0.1659    hit@10 : 0.6278    precision@10 : 0.1196    
Wed 04 Jan 2023 23:56:03 INFO Saving current best: saved/KGAT-Jan-04-2023_23-55-51.pth
Wed 04 Jan 2023 23:56:03 INFO epoch 17 training [time: 0.30s, train_loss1: 13.1689, train_loss2: 4.1079]
Wed 04 Jan 2023 23:56:04 INFO epoch 17 evaluating [time: 0.16s, valid_score: 0.300600]
Wed 04 Jan 2023 23:56:04 INFO valid result: 
recall@10 : 0.1538    mrr@10 : 0.3006    ndcg@10 : 0.1695    hit@10 : 0.6373    precision@10 : 0.1222    
Wed 04 Jan 2023 23:56:04 INFO Saving current best: saved/KGAT-Jan-04-2023_23-55-51.pth
Wed 04 Jan 2023 23:56:04 INFO epoch 18 training [time: 0.30s, train_loss1: 12.8026, train_loss2: 3.8880]
Wed 04 Jan 2023 23:56:04 INFO epoch 18 evaluating [time: 0.16s, valid_score: 0.307100]
Wed 04 Jan 2023 23:56:04 INFO valid result: 
recall@10 : 0.1576    mrr@10 : 0.3071    ndcg@10 : 0.1724    hit@10 : 0.6426    precision@10 : 0.1236    
Wed 04 Jan 2023 23:56:04 INFO Saving current best: saved/KGAT-Jan-04-2023_23-55-51.pth
Wed 04 Jan 2023 23:56:04 INFO epoch 19 training [time: 0.30s, train_loss1: 12.4294, train_loss2: 3.7255]
Wed 04 Jan 2023 23:56:05 INFO epoch 19 evaluating [time: 0.16s, valid_score: 0.306400]
Wed 04 Jan 2023 23:56:05 INFO valid result: 
recall@10 : 0.1596    mrr@10 : 0.3064    ndcg@10 : 0.1739    hit@10 : 0.6543    precision@10 : 0.1258    
Wed 04 Jan 2023 23:56:05 INFO epoch 20 training [time: 0.30s, train_loss1: 12.1503, train_loss2: 3.5895]
Wed 04 Jan 2023 23:56:05 INFO epoch 20 evaluating [time: 0.16s, valid_score: 0.309200]
Wed 04 Jan 2023 23:56:05 INFO valid result: 
recall@10 : 0.1622    mrr@10 : 0.3092    ndcg@10 : 0.176    hit@10 : 0.6585    precision@10 : 0.1262    
Wed 04 Jan 2023 23:56:05 INFO Saving current best: saved/KGAT-Jan-04-2023_23-55-51.pth
Wed 04 Jan 2023 23:56:05 INFO epoch 21 training [time: 0.30s, train_loss1: 11.8072, train_loss2: 3.3489]
Wed 04 Jan 2023 23:56:06 INFO epoch 21 evaluating [time: 0.16s, valid_score: 0.312000]
Wed 04 Jan 2023 23:56:06 INFO valid result: 
recall@10 : 0.164    mrr@10 : 0.312    ndcg@10 : 0.1772    hit@10 : 0.667    precision@10 : 0.1274    
Wed 04 Jan 2023 23:56:06 INFO Saving current best: saved/KGAT-Jan-04-2023_23-55-51.pth
Wed 04 Jan 2023 23:56:06 INFO epoch 22 training [time: 0.30s, train_loss1: 11.4881, train_loss2: 3.2516]
Wed 04 Jan 2023 23:56:06 INFO epoch 22 evaluating [time: 0.16s, valid_score: 0.312500]
Wed 04 Jan 2023 23:56:06 INFO valid result: 
recall@10 : 0.1662    mrr@10 : 0.3125    ndcg@10 : 0.1786    hit@10 : 0.6681    precision@10 : 0.1284    
Wed 04 Jan 2023 23:56:06 INFO Saving current best: saved/KGAT-Jan-04-2023_23-55-51.pth
Wed 04 Jan 2023 23:56:06 INFO epoch 23 training [time: 0.30s, train_loss1: 11.2396, train_loss2: 3.2422]
Wed 04 Jan 2023 23:56:07 INFO epoch 23 evaluating [time: 0.16s, valid_score: 0.319600]
Wed 04 Jan 2023 23:56:07 INFO valid result: 
recall@10 : 0.1678    mrr@10 : 0.3196    ndcg@10 : 0.1807    hit@10 : 0.6755    precision@10 : 0.1294    
Wed 04 Jan 2023 23:56:07 INFO Saving current best: saved/KGAT-Jan-04-2023_23-55-51.pth
Wed 04 Jan 2023 23:56:07 INFO epoch 24 training [time: 0.30s, train_loss1: 11.0428, train_loss2: 3.1059]
Wed 04 Jan 2023 23:56:07 INFO epoch 24 evaluating [time: 0.16s, valid_score: 0.326500]
Wed 04 Jan 2023 23:56:07 INFO valid result: 
recall@10 : 0.1689    mrr@10 : 0.3265    ndcg@10 : 0.1838    hit@10 : 0.6744    precision@10 : 0.1313    
Wed 04 Jan 2023 23:56:07 INFO Saving current best: saved/KGAT-Jan-04-2023_23-55-51.pth
Wed 04 Jan 2023 23:56:07 INFO epoch 25 training [time: 0.30s, train_loss1: 10.8866, train_loss2: 3.0371]
Wed 04 Jan 2023 23:56:08 INFO epoch 25 evaluating [time: 0.16s, valid_score: 0.328300]
Wed 04 Jan 2023 23:56:08 INFO valid result: 
recall@10 : 0.1676    mrr@10 : 0.3283    ndcg@10 : 0.1841    hit@10 : 0.667    precision@10 : 0.1301    
Wed 04 Jan 2023 23:56:08 INFO Saving current best: saved/KGAT-Jan-04-2023_23-55-51.pth
Wed 04 Jan 2023 23:56:08 INFO epoch 26 training [time: 0.30s, train_loss1: 10.6104, train_loss2: 2.9278]
Wed 04 Jan 2023 23:56:08 INFO epoch 26 evaluating [time: 0.16s, valid_score: 0.327800]
Wed 04 Jan 2023 23:56:08 INFO valid result: 
recall@10 : 0.1689    mrr@10 : 0.3278    ndcg@10 : 0.1845    hit@10 : 0.666    precision@10 : 0.1312    
Wed 04 Jan 2023 23:56:08 INFO epoch 27 training [time: 0.30s, train_loss1: 10.4659, train_loss2: 2.7432]
Wed 04 Jan 2023 23:56:08 INFO epoch 27 evaluating [time: 0.16s, valid_score: 0.330700]
Wed 04 Jan 2023 23:56:08 INFO valid result: 
recall@10 : 0.1697    mrr@10 : 0.3307    ndcg@10 : 0.1862    hit@10 : 0.6723    precision@10 : 0.1326    
Wed 04 Jan 2023 23:56:08 INFO Saving current best: saved/KGAT-Jan-04-2023_23-55-51.pth
Wed 04 Jan 2023 23:56:09 INFO epoch 28 training [time: 0.30s, train_loss1: 10.3116, train_loss2: 2.7223]
Wed 04 Jan 2023 23:56:09 INFO epoch 28 evaluating [time: 0.16s, valid_score: 0.332200]
Wed 04 Jan 2023 23:56:09 INFO valid result: 
recall@10 : 0.1741    mrr@10 : 0.3322    ndcg@10 : 0.189    hit@10 : 0.6819    precision@10 : 0.1352    
Wed 04 Jan 2023 23:56:09 INFO Saving current best: saved/KGAT-Jan-04-2023_23-55-51.pth
Wed 04 Jan 2023 23:56:09 INFO epoch 29 training [time: 0.30s, train_loss1: 10.1983, train_loss2: 2.6515]
Wed 04 Jan 2023 23:56:09 INFO epoch 29 evaluating [time: 0.16s, valid_score: 0.336400]
Wed 04 Jan 2023 23:56:09 INFO valid result: 
recall@10 : 0.177    mrr@10 : 0.3364    ndcg@10 : 0.191    hit@10 : 0.6893    precision@10 : 0.1363    
Wed 04 Jan 2023 23:56:09 INFO Saving current best: saved/KGAT-Jan-04-2023_23-55-51.pth
Wed 04 Jan 2023 23:56:10 INFO epoch 30 training [time: 0.30s, train_loss1: 9.8809, train_loss2: 2.7052]
Wed 04 Jan 2023 23:56:10 INFO epoch 30 evaluating [time: 0.16s, valid_score: 0.341000]
Wed 04 Jan 2023 23:56:10 INFO valid result: 
recall@10 : 0.1767    mrr@10 : 0.341    ndcg@10 : 0.1927    hit@10 : 0.684    precision@10 : 0.1358    
Wed 04 Jan 2023 23:56:10 INFO Saving current best: saved/KGAT-Jan-04-2023_23-55-51.pth
Wed 04 Jan 2023 23:56:10 INFO epoch 31 training [time: 0.30s, train_loss1: 9.8358, train_loss2: 2.5821]
Wed 04 Jan 2023 23:56:10 INFO epoch 31 evaluating [time: 0.16s, valid_score: 0.339300]
Wed 04 Jan 2023 23:56:10 INFO valid result: 
recall@10 : 0.1749    mrr@10 : 0.3393    ndcg@10 : 0.1926    hit@10 : 0.685    precision@10 : 0.1364    
Wed 04 Jan 2023 23:56:11 INFO epoch 32 training [time: 0.30s, train_loss1: 9.7479, train_loss2: 2.5480]
Wed 04 Jan 2023 23:56:11 INFO epoch 32 evaluating [time: 0.16s, valid_score: 0.345300]
Wed 04 Jan 2023 23:56:11 INFO valid result: 
recall@10 : 0.1789    mrr@10 : 0.3453    ndcg@10 : 0.1952    hit@10 : 0.6893    precision@10 : 0.1378    
Wed 04 Jan 2023 23:56:11 INFO Saving current best: saved/KGAT-Jan-04-2023_23-55-51.pth
Wed 04 Jan 2023 23:56:11 INFO epoch 33 training [time: 0.30s, train_loss1: 9.6989, train_loss2: 2.4113]
Wed 04 Jan 2023 23:56:11 INFO epoch 33 evaluating [time: 0.16s, valid_score: 0.344700]
Wed 04 Jan 2023 23:56:11 INFO valid result: 
recall@10 : 0.1813    mrr@10 : 0.3447    ndcg@10 : 0.1966    hit@10 : 0.6967    precision@10 : 0.1391    
Wed 04 Jan 2023 23:56:12 INFO epoch 34 training [time: 0.30s, train_loss1: 9.5347, train_loss2: 2.3145]
Wed 04 Jan 2023 23:56:12 INFO epoch 34 evaluating [time: 0.16s, valid_score: 0.355000]
Wed 04 Jan 2023 23:56:12 INFO valid result: 
recall@10 : 0.1815    mrr@10 : 0.355    ndcg@10 : 0.199    hit@10 : 0.6893    precision@10 : 0.1391    
Wed 04 Jan 2023 23:56:12 INFO Saving current best: saved/KGAT-Jan-04-2023_23-55-51.pth
Wed 04 Jan 2023 23:56:12 INFO epoch 35 training [time: 0.30s, train_loss1: 9.3068, train_loss2: 2.2525]
Wed 04 Jan 2023 23:56:12 INFO epoch 35 evaluating [time: 0.16s, valid_score: 0.355100]
Wed 04 Jan 2023 23:56:12 INFO valid result: 
recall@10 : 0.1817    mrr@10 : 0.3551    ndcg@10 : 0.1993    hit@10 : 0.6967    precision@10 : 0.1396    
Wed 04 Jan 2023 23:56:12 INFO Saving current best: saved/KGAT-Jan-04-2023_23-55-51.pth
Wed 04 Jan 2023 23:56:13 INFO epoch 36 training [time: 0.30s, train_loss1: 9.2798, train_loss2: 2.2250]
Wed 04 Jan 2023 23:56:13 INFO epoch 36 evaluating [time: 0.16s, valid_score: 0.353500]
Wed 04 Jan 2023 23:56:13 INFO valid result: 
recall@10 : 0.1798    mrr@10 : 0.3535    ndcg@10 : 0.1992    hit@10 : 0.6893    precision@10 : 0.1385    
Wed 04 Jan 2023 23:56:13 INFO epoch 37 training [time: 0.30s, train_loss1: 9.1058, train_loss2: 2.2388]
Wed 04 Jan 2023 23:56:13 INFO epoch 37 evaluating [time: 0.16s, valid_score: 0.349000]
Wed 04 Jan 2023 23:56:13 INFO valid result: 
recall@10 : 0.1839    mrr@10 : 0.349    ndcg@10 : 0.1997    hit@10 : 0.6925    precision@10 : 0.1401    
Wed 04 Jan 2023 23:56:14 INFO epoch 38 training [time: 0.30s, train_loss1: 8.9652, train_loss2: 2.1379]
Wed 04 Jan 2023 23:56:14 INFO epoch 38 evaluating [time: 0.16s, valid_score: 0.352300]
Wed 04 Jan 2023 23:56:14 INFO valid result: 
recall@10 : 0.1845    mrr@10 : 0.3523    ndcg@10 : 0.2001    hit@10 : 0.6935    precision@10 : 0.1398    
Wed 04 Jan 2023 23:56:14 INFO epoch 39 training [time: 0.30s, train_loss1: 8.9260, train_loss2: 2.0198]
Wed 04 Jan 2023 23:56:14 INFO epoch 39 evaluating [time: 0.16s, valid_score: 0.354300]
Wed 04 Jan 2023 23:56:14 INFO valid result: 
recall@10 : 0.1872    mrr@10 : 0.3543    ndcg@10 : 0.2022    hit@10 : 0.702    precision@10 : 0.142    
Wed 04 Jan 2023 23:56:14 INFO epoch 40 training [time: 0.30s, train_loss1: 8.8147, train_loss2: 2.0449]
Wed 04 Jan 2023 23:56:15 INFO epoch 40 evaluating [time: 0.16s, valid_score: 0.362000]
Wed 04 Jan 2023 23:56:15 INFO valid result: 
recall@10 : 0.1869    mrr@10 : 0.362    ndcg@10 : 0.2043    hit@10 : 0.7031    precision@10 : 0.1429    
Wed 04 Jan 2023 23:56:15 INFO Saving current best: saved/KGAT-Jan-04-2023_23-55-51.pth
Wed 04 Jan 2023 23:56:15 INFO epoch 41 training [time: 0.30s, train_loss1: 8.7234, train_loss2: 1.9590]
Wed 04 Jan 2023 23:56:15 INFO epoch 41 evaluating [time: 0.16s, valid_score: 0.363400]
Wed 04 Jan 2023 23:56:15 INFO valid result: 
recall@10 : 0.1923    mrr@10 : 0.3634    ndcg@10 : 0.2071    hit@10 : 0.7137    precision@10 : 0.1455    
Wed 04 Jan 2023 23:56:15 INFO Saving current best: saved/KGAT-Jan-04-2023_23-55-51.pth
Wed 04 Jan 2023 23:56:15 INFO epoch 42 training [time: 0.30s, train_loss1: 8.6437, train_loss2: 1.9786]
Wed 04 Jan 2023 23:56:16 INFO epoch 42 evaluating [time: 0.16s, valid_score: 0.371700]
Wed 04 Jan 2023 23:56:16 INFO valid result: 
recall@10 : 0.1969    mrr@10 : 0.3717    ndcg@10 : 0.2122    hit@10 : 0.7222    precision@10 : 0.1484    
Wed 04 Jan 2023 23:56:16 INFO Saving current best: saved/KGAT-Jan-04-2023_23-55-51.pth
Wed 04 Jan 2023 23:56:16 INFO epoch 43 training [time: 0.30s, train_loss1: 8.4719, train_loss2: 1.9819]
Wed 04 Jan 2023 23:56:16 INFO epoch 43 evaluating [time: 0.16s, valid_score: 0.372600]
Wed 04 Jan 2023 23:56:16 INFO valid result: 
recall@10 : 0.1967    mrr@10 : 0.3726    ndcg@10 : 0.214    hit@10 : 0.7147    precision@10 : 0.1498    
Wed 04 Jan 2023 23:56:16 INFO Saving current best: saved/KGAT-Jan-04-2023_23-55-51.pth
Wed 04 Jan 2023 23:56:16 INFO epoch 44 training [time: 0.30s, train_loss1: 8.3441, train_loss2: 1.8948]
Wed 04 Jan 2023 23:56:17 INFO epoch 44 evaluating [time: 0.16s, valid_score: 0.372000]
Wed 04 Jan 2023 23:56:17 INFO valid result: 
recall@10 : 0.1966    mrr@10 : 0.372    ndcg@10 : 0.2155    hit@10 : 0.7094    precision@10 : 0.1511    
Wed 04 Jan 2023 23:56:17 INFO epoch 45 training [time: 0.30s, train_loss1: 8.2763, train_loss2: 1.8231]
Wed 04 Jan 2023 23:56:17 INFO epoch 45 evaluating [time: 0.16s, valid_score: 0.373400]
Wed 04 Jan 2023 23:56:17 INFO valid result: 
recall@10 : 0.198    mrr@10 : 0.3734    ndcg@10 : 0.217    hit@10 : 0.7179    precision@10 : 0.151    
Wed 04 Jan 2023 23:56:17 INFO Saving current best: saved/KGAT-Jan-04-2023_23-55-51.pth
Wed 04 Jan 2023 23:56:17 INFO epoch 46 training [time: 0.30s, train_loss1: 8.1953, train_loss2: 1.7983]
Wed 04 Jan 2023 23:56:18 INFO epoch 46 evaluating [time: 0.16s, valid_score: 0.378000]
Wed 04 Jan 2023 23:56:18 INFO valid result: 
recall@10 : 0.1968    mrr@10 : 0.378    ndcg@10 : 0.2174    hit@10 : 0.7147    precision@10 : 0.1508    
Wed 04 Jan 2023 23:56:18 INFO Saving current best: saved/KGAT-Jan-04-2023_23-55-51.pth
Wed 04 Jan 2023 23:56:18 INFO epoch 47 training [time: 0.30s, train_loss1: 8.1409, train_loss2: 1.7166]
Wed 04 Jan 2023 23:56:18 INFO epoch 47 evaluating [time: 0.16s, valid_score: 0.375000]
Wed 04 Jan 2023 23:56:18 INFO valid result: 
recall@10 : 0.1954    mrr@10 : 0.375    ndcg@10 : 0.2155    hit@10 : 0.7137    precision@10 : 0.1501    
Wed 04 Jan 2023 23:56:18 INFO epoch 48 training [time: 0.30s, train_loss1: 8.0566, train_loss2: 1.7431]
Wed 04 Jan 2023 23:56:18 INFO epoch 48 evaluating [time: 0.16s, valid_score: 0.383000]
Wed 04 Jan 2023 23:56:18 INFO valid result: 
recall@10 : 0.2003    mrr@10 : 0.383    ndcg@10 : 0.2204    hit@10 : 0.7169    precision@10 : 0.153    
Wed 04 Jan 2023 23:56:19 INFO Saving current best: saved/KGAT-Jan-04-2023_23-55-51.pth
Wed 04 Jan 2023 23:56:19 INFO epoch 49 training [time: 0.30s, train_loss1: 7.9430, train_loss2: 1.7457]
Wed 04 Jan 2023 23:56:19 INFO epoch 49 evaluating [time: 0.16s, valid_score: 0.388800]
Wed 04 Jan 2023 23:56:19 INFO valid result: 
recall@10 : 0.2021    mrr@10 : 0.3888    ndcg@10 : 0.2232    hit@10 : 0.7211    precision@10 : 0.1545    
Wed 04 Jan 2023 23:56:19 INFO Saving current best: saved/KGAT-Jan-04-2023_23-55-51.pth
Wed 04 Jan 2023 23:56:19 INFO epoch 50 training [time: 0.30s, train_loss1: 7.8955, train_loss2: 1.6193]
Wed 04 Jan 2023 23:56:19 INFO epoch 50 evaluating [time: 0.16s, valid_score: 0.389000]
Wed 04 Jan 2023 23:56:19 INFO valid result: 
recall@10 : 0.2021    mrr@10 : 0.389    ndcg@10 : 0.2235    hit@10 : 0.7275    precision@10 : 0.1548    
Wed 04 Jan 2023 23:56:20 INFO Saving current best: saved/KGAT-Jan-04-2023_23-55-51.pth
Wed 04 Jan 2023 23:56:20 INFO epoch 51 training [time: 0.30s, train_loss1: 7.7425, train_loss2: 1.6844]
Wed 04 Jan 2023 23:56:20 INFO epoch 51 evaluating [time: 0.16s, valid_score: 0.388200]
Wed 04 Jan 2023 23:56:20 INFO valid result: 
recall@10 : 0.1998    mrr@10 : 0.3882    ndcg@10 : 0.2235    hit@10 : 0.7264    precision@10 : 0.1547    
Wed 04 Jan 2023 23:56:20 INFO epoch 52 training [time: 0.30s, train_loss1: 7.7072, train_loss2: 1.6484]
Wed 04 Jan 2023 23:56:20 INFO epoch 52 evaluating [time: 0.16s, valid_score: 0.381300]
Wed 04 Jan 2023 23:56:20 INFO valid result: 
recall@10 : 0.2019    mrr@10 : 0.3813    ndcg@10 : 0.222    hit@10 : 0.7243    precision@10 : 0.1546    
Wed 04 Jan 2023 23:56:21 INFO epoch 53 training [time: 0.30s, train_loss1: 7.5730, train_loss2: 1.5684]
Wed 04 Jan 2023 23:56:21 INFO epoch 53 evaluating [time: 0.16s, valid_score: 0.385400]
Wed 04 Jan 2023 23:56:21 INFO valid result: 
recall@10 : 0.2022    mrr@10 : 0.3854    ndcg@10 : 0.2229    hit@10 : 0.7253    precision@10 : 0.1546    
Wed 04 Jan 2023 23:56:21 INFO epoch 54 training [time: 0.30s, train_loss1: 7.5135, train_loss2: 1.5764]
Wed 04 Jan 2023 23:56:21 INFO epoch 54 evaluating [time: 0.16s, valid_score: 0.388300]
Wed 04 Jan 2023 23:56:21 INFO valid result: 
recall@10 : 0.204    mrr@10 : 0.3883    ndcg@10 : 0.2248    hit@10 : 0.7296    precision@10 : 0.1565    
Wed 04 Jan 2023 23:56:22 INFO epoch 55 training [time: 0.30s, train_loss1: 7.4538, train_loss2: 1.5612]
Wed 04 Jan 2023 23:56:22 INFO epoch 55 evaluating [time: 0.16s, valid_score: 0.385600]
Wed 04 Jan 2023 23:56:22 INFO valid result: 
recall@10 : 0.203    mrr@10 : 0.3856    ndcg@10 : 0.2227    hit@10 : 0.7275    precision@10 : 0.1547    
Wed 04 Jan 2023 23:56:22 INFO epoch 56 training [time: 0.30s, train_loss1: 7.3530, train_loss2: 1.5308]
Wed 04 Jan 2023 23:56:22 INFO epoch 56 evaluating [time: 0.16s, valid_score: 0.388300]
Wed 04 Jan 2023 23:56:22 INFO valid result: 
recall@10 : 0.2015    mrr@10 : 0.3883    ndcg@10 : 0.224    hit@10 : 0.7275    precision@10 : 0.1548    
Wed 04 Jan 2023 23:56:23 INFO epoch 57 training [time: 0.30s, train_loss1: 7.2698, train_loss2: 1.4661]
Wed 04 Jan 2023 23:56:23 INFO epoch 57 evaluating [time: 0.16s, valid_score: 0.384000]
Wed 04 Jan 2023 23:56:23 INFO valid result: 
recall@10 : 0.2047    mrr@10 : 0.384    ndcg@10 : 0.2247    hit@10 : 0.7306    precision@10 : 0.1549    
Wed 04 Jan 2023 23:56:23 INFO epoch 58 training [time: 0.30s, train_loss1: 7.1949, train_loss2: 1.4500]
Wed 04 Jan 2023 23:56:23 INFO epoch 58 evaluating [time: 0.16s, valid_score: 0.384600]
Wed 04 Jan 2023 23:56:23 INFO valid result: 
recall@10 : 0.2059    mrr@10 : 0.3846    ndcg@10 : 0.2252    hit@10 : 0.7317    precision@10 : 0.1561    
Wed 04 Jan 2023 23:56:23 INFO epoch 59 training [time: 0.30s, train_loss1: 7.1283, train_loss2: 1.4344]
Wed 04 Jan 2023 23:56:24 INFO epoch 59 evaluating [time: 0.16s, valid_score: 0.384100]
Wed 04 Jan 2023 23:56:24 INFO valid result: 
recall@10 : 0.2057    mrr@10 : 0.3841    ndcg@10 : 0.2249    hit@10 : 0.7306    precision@10 : 0.1572    
Wed 04 Jan 2023 23:56:24 INFO epoch 60 training [time: 0.30s, train_loss1: 7.0809, train_loss2: 1.3495]
Wed 04 Jan 2023 23:56:24 INFO epoch 60 evaluating [time: 0.16s, valid_score: 0.386700]
Wed 04 Jan 2023 23:56:24 INFO valid result: 
recall@10 : 0.2065    mrr@10 : 0.3867    ndcg@10 : 0.2251    hit@10 : 0.7275    precision@10 : 0.1572    
Wed 04 Jan 2023 23:56:24 INFO epoch 61 training [time: 0.30s, train_loss1: 7.0007, train_loss2: 1.3793]
Wed 04 Jan 2023 23:56:25 INFO epoch 61 evaluating [time: 0.16s, valid_score: 0.375800]
Wed 04 Jan 2023 23:56:25 INFO valid result: 
recall@10 : 0.2041    mrr@10 : 0.3758    ndcg@10 : 0.2206    hit@10 : 0.7211    precision@10 : 0.1554    
Wed 04 Jan 2023 23:56:25 INFO Finished training, best eval result in epoch 50
Wed 04 Jan 2023 23:56:25 INFO Loading model structure and parameters from saved/KGAT-Jan-04-2023_23-55-51.pth
Wed 04 Jan 2023 23:56:25 INFO best valid result: {'recall@10': 0.2021, 'mrr@10': 0.389, 'ndcg@10': 0.2235, 'hit@10': 0.7275, 'precision@10': 0.1548}
Wed 04 Jan 2023 23:56:25 INFO test result: {'recall@10': 0.2473, 'mrr@10': 0.4748, 'ndcg@10': 0.2873, 'hit@10': 0.7805, 'precision@10': 0.1979}
