Tue 03 Jan 2023 20:27:59 INFO General Hyper Parameters: 
gpu_id=0
use_gpu=True
seed=2020
state=INFO
reproducibility=True
data_path=/work/03/gu14/k36095/miniconda/envs/EXP3/lib/python3.8/site-packages/recbole/config/../dataset_example/ml-100k
show_progress=True

Training Hyper Parameters: 
checkpoint_dir=saved
epochs=300
train_batch_size=2048
learner=adam
learning_rate=0.001
training_neg_sample_num=1
training_neg_sample_distribution=uniform
eval_step=1
stopping_step=10

Evaluation Hyper Parameters: 
eval_setting=RO_RS,full
group_by_user=True
split_ratio=[0.8, 0.1, 0.1]
leave_one_num=2
real_time_process=False
metrics=['Recall', 'MRR', 'NDCG', 'Hit', 'Precision']
topk=[10]
valid_metric=MRR@10
eval_batch_size=4096

Dataset Hyper Parameters: 
field_separator=	
seq_separator= 
USER_ID_FIELD=user_id
ITEM_ID_FIELD=item_id
RATING_FIELD=rating
TIME_FIELD=timestamp
seq_len=None
LABEL_FIELD=label
threshold=None
NEG_PREFIX=neg_
load_col={'inter': ['user_id', 'item_id', 'rating', 'timestamp'], 'kg': ['head_id', 'relation_id', 'tail_id'], 'link': ['item_id', 'entity_id']}
unload_col=None
unused_col=None
additional_feat_suffix=None
rm_dup_inter=None
lowest_val=None
highest_val=None
equal_val=None
not_equal_val=None
filter_inter_by_user_or_item=True
max_user_inter_num=None
min_user_inter_num=None
max_item_inter_num=None
min_item_inter_num=None
fields_in_same_space=None
preload_weight=None
normalize_field=None
normalize_all=True
ITEM_LIST_LENGTH_FIELD=item_length
LIST_SUFFIX=_list
MAX_ITEM_LIST_LENGTH=50
POSITION_FIELD=position_id
HEAD_ENTITY_ID_FIELD=head_id
TAIL_ENTITY_ID_FIELD=tail_id
RELATION_ID_FIELD=relation_id
ENTITY_ID_FIELD=entity_id


Tue 03 Jan 2023 20:28:01 INFO Note: detected 72 virtual cores but NumExpr set to maximum of 64, check "NUMEXPR_MAX_THREADS" environment variable.
Tue 03 Jan 2023 20:28:01 INFO Note: NumExpr detected 72 cores but "NUMEXPR_MAX_THREADS" not set, so enforcing safe limit of 8.
Tue 03 Jan 2023 20:28:04 INFO ml-100k
The number of users: 944
Average actions of users: 106.04453870625663
The number of items: 1683
Average actions of items: 59.45303210463734
The number of inters: 100000
The sparsity of the dataset: 93.70575143257098%
Remain Fields: ['entity_id', 'user_id', 'item_id', 'rating', 'timestamp', 'head_id', 'relation_id', 'tail_id']
The number of entities: 34713
The number of relations: 26
The number of triples: 91631
The number of items that have been linked to KG: 1598
Tue 03 Jan 2023 20:28:05 INFO Build [ModelType.KNOWLEDGE] DataLoader for [train] with format [InputType.PAIRWISE]
Tue 03 Jan 2023 20:28:05 INFO Evaluation Setting:
	Group by user_id
	Ordering: {'strategy': 'shuffle'}
	Splitting: {'strategy': 'by_ratio', 'ratios': [0.8, 0.1, 0.1]}
	Negative Sampling: {'strategy': 'by', 'distribution': 'uniform', 'by': 1}
Tue 03 Jan 2023 20:28:05 INFO batch_size = [[2048]], shuffle = [True]

Tue 03 Jan 2023 20:28:05 INFO Build [ModelType.KNOWLEDGE] DataLoader for [evaluation] with format [InputType.POINTWISE]
Tue 03 Jan 2023 20:28:05 INFO Evaluation Setting:
	Group by user_id
	Ordering: {'strategy': 'shuffle'}
	Splitting: {'strategy': 'by_ratio', 'ratios': [0.8, 0.1, 0.1]}
	Negative Sampling: {'strategy': 'full', 'distribution': 'uniform'}
Tue 03 Jan 2023 20:28:05 INFO batch_size = [[4096, 4096]], shuffle = [False]

Tue 03 Jan 2023 20:28:09 INFO KGAT(
  (user_embedding): Embedding(944, 64)
  (entity_embedding): Embedding(34713, 64)
  (relation_embedding): Embedding(26, 64)
  (trans_w): Embedding(26, 4096)
  (aggregator_layers): ModuleList(
    (0): Aggregator(
      (message_dropout): Dropout(p=0.1, inplace=False)
      (W1): Linear(in_features=64, out_features=64, bias=True)
      (W2): Linear(in_features=64, out_features=64, bias=True)
      (activation): LeakyReLU(negative_slope=0.01)
    )
  )
  (tanh): Tanh()
  (mf_loss): BPRLoss()
  (reg_loss): EmbLoss()
)
Trainable parameters: 2398528
Tue 03 Jan 2023 20:28:14 INFO epoch 0 training [time: 4.55s, train_loss1: 24.5024, train_loss2: 29.7665]
Tue 03 Jan 2023 20:28:14 INFO epoch 0 evaluating [time: 0.16s, valid_score: 0.079400]
Tue 03 Jan 2023 20:28:14 INFO valid result: 
recall@10 : 0.0323    mrr@10 : 0.0794    ndcg@10 : 0.0385    hit@10 : 0.2386    precision@10 : 0.0331    
Tue 03 Jan 2023 20:28:14 INFO Saving current best: saved/KGAT-Jan-03-2023_20-28-10.pth
Tue 03 Jan 2023 20:28:15 INFO epoch 1 training [time: 0.30s, train_loss1: 21.6789, train_loss2: 19.6259]
Tue 03 Jan 2023 20:28:15 INFO epoch 1 evaluating [time: 0.16s, valid_score: 0.132000]
Tue 03 Jan 2023 20:28:15 INFO valid result: 
recall@10 : 0.0577    mrr@10 : 0.132    ndcg@10 : 0.0668    hit@10 : 0.3584    precision@10 : 0.0549    
Tue 03 Jan 2023 20:28:15 INFO Saving current best: saved/KGAT-Jan-03-2023_20-28-10.pth
Tue 03 Jan 2023 20:28:15 INFO epoch 2 training [time: 0.30s, train_loss1: 18.2527, train_loss2: 12.5841]
Tue 03 Jan 2023 20:28:15 INFO epoch 2 evaluating [time: 0.16s, valid_score: 0.155900]
Tue 03 Jan 2023 20:28:15 INFO valid result: 
recall@10 : 0.0863    mrr@10 : 0.1559    ndcg@10 : 0.0902    hit@10 : 0.4422    precision@10 : 0.0707    
Tue 03 Jan 2023 20:28:15 INFO Saving current best: saved/KGAT-Jan-03-2023_20-28-10.pth
Tue 03 Jan 2023 20:28:16 INFO epoch 3 training [time: 0.30s, train_loss1: 17.1137, train_loss2: 10.2620]
Tue 03 Jan 2023 20:28:16 INFO epoch 3 evaluating [time: 0.16s, valid_score: 0.198000]
Tue 03 Jan 2023 20:28:16 INFO valid result: 
recall@10 : 0.1025    mrr@10 : 0.198    ndcg@10 : 0.1069    hit@10 : 0.5005    precision@10 : 0.0799    
Tue 03 Jan 2023 20:28:16 INFO Saving current best: saved/KGAT-Jan-03-2023_20-28-10.pth
Tue 03 Jan 2023 20:28:16 INFO epoch 4 training [time: 0.30s, train_loss1: 16.7217, train_loss2: 9.0652]
Tue 03 Jan 2023 20:28:16 INFO epoch 4 evaluating [time: 0.16s, valid_score: 0.188300]
Tue 03 Jan 2023 20:28:16 INFO valid result: 
recall@10 : 0.1007    mrr@10 : 0.1883    ndcg@10 : 0.1048    hit@10 : 0.4804    precision@10 : 0.0799    
Tue 03 Jan 2023 20:28:16 INFO epoch 5 training [time: 0.30s, train_loss1: 16.4855, train_loss2: 8.2982]
Tue 03 Jan 2023 20:28:17 INFO epoch 5 evaluating [time: 0.16s, valid_score: 0.190200]
Tue 03 Jan 2023 20:28:17 INFO valid result: 
recall@10 : 0.0965    mrr@10 : 0.1902    ndcg@10 : 0.1059    hit@10 : 0.4804    precision@10 : 0.0835    
Tue 03 Jan 2023 20:28:17 INFO epoch 6 training [time: 0.30s, train_loss1: 16.2558, train_loss2: 7.8987]
Tue 03 Jan 2023 20:28:17 INFO epoch 6 evaluating [time: 0.16s, valid_score: 0.212500]
Tue 03 Jan 2023 20:28:17 INFO valid result: 
recall@10 : 0.1058    mrr@10 : 0.2125    ndcg@10 : 0.1144    hit@10 : 0.5217    precision@10 : 0.087    
Tue 03 Jan 2023 20:28:17 INFO Saving current best: saved/KGAT-Jan-03-2023_20-28-10.pth
Tue 03 Jan 2023 20:28:17 INFO epoch 7 training [time: 0.30s, train_loss1: 16.0553, train_loss2: 7.3763]
Tue 03 Jan 2023 20:28:18 INFO epoch 7 evaluating [time: 0.16s, valid_score: 0.208400]
Tue 03 Jan 2023 20:28:18 INFO valid result: 
recall@10 : 0.1069    mrr@10 : 0.2084    ndcg@10 : 0.1145    hit@10 : 0.527    precision@10 : 0.0902    
Tue 03 Jan 2023 20:28:18 INFO epoch 8 training [time: 0.30s, train_loss1: 15.9153, train_loss2: 7.1209]
Tue 03 Jan 2023 20:28:18 INFO epoch 8 evaluating [time: 0.16s, valid_score: 0.222400]
Tue 03 Jan 2023 20:28:18 INFO valid result: 
recall@10 : 0.1125    mrr@10 : 0.2224    ndcg@10 : 0.1213    hit@10 : 0.5334    precision@10 : 0.0948    
Tue 03 Jan 2023 20:28:18 INFO Saving current best: saved/KGAT-Jan-03-2023_20-28-10.pth
Tue 03 Jan 2023 20:28:18 INFO epoch 9 training [time: 0.30s, train_loss1: 15.6562, train_loss2: 6.8082]
Tue 03 Jan 2023 20:28:19 INFO epoch 9 evaluating [time: 0.16s, valid_score: 0.221100]
Tue 03 Jan 2023 20:28:19 INFO valid result: 
recall@10 : 0.1258    mrr@10 : 0.2211    ndcg@10 : 0.1285    hit@10 : 0.561    precision@10 : 0.1012    
Tue 03 Jan 2023 20:28:19 INFO epoch 10 training [time: 0.30s, train_loss1: 15.4202, train_loss2: 6.5015]
Tue 03 Jan 2023 20:28:19 INFO epoch 10 evaluating [time: 0.16s, valid_score: 0.237900]
Tue 03 Jan 2023 20:28:19 INFO valid result: 
recall@10 : 0.1208    mrr@10 : 0.2379    ndcg@10 : 0.1309    hit@10 : 0.5589    precision@10 : 0.0999    
Tue 03 Jan 2023 20:28:19 INFO Saving current best: saved/KGAT-Jan-03-2023_20-28-10.pth
Tue 03 Jan 2023 20:28:19 INFO epoch 11 training [time: 0.30s, train_loss1: 15.2436, train_loss2: 6.3512]
Tue 03 Jan 2023 20:28:20 INFO epoch 11 evaluating [time: 0.16s, valid_score: 0.253700]
Tue 03 Jan 2023 20:28:20 INFO valid result: 
recall@10 : 0.1281    mrr@10 : 0.2537    ndcg@10 : 0.1398    hit@10 : 0.5726    precision@10 : 0.1038    
Tue 03 Jan 2023 20:28:20 INFO Saving current best: saved/KGAT-Jan-03-2023_20-28-10.pth
Tue 03 Jan 2023 20:28:20 INFO epoch 12 training [time: 0.30s, train_loss1: 14.8858, train_loss2: 6.1824]
Tue 03 Jan 2023 20:28:20 INFO epoch 12 evaluating [time: 0.16s, valid_score: 0.261700]
Tue 03 Jan 2023 20:28:20 INFO valid result: 
recall@10 : 0.136    mrr@10 : 0.2617    ndcg@10 : 0.1464    hit@10 : 0.596    precision@10 : 0.1093    
Tue 03 Jan 2023 20:28:20 INFO Saving current best: saved/KGAT-Jan-03-2023_20-28-10.pth
Tue 03 Jan 2023 20:28:20 INFO epoch 13 training [time: 0.30s, train_loss1: 14.5937, train_loss2: 5.7037]
Tue 03 Jan 2023 20:28:20 INFO epoch 13 evaluating [time: 0.16s, valid_score: 0.278300]
Tue 03 Jan 2023 20:28:20 INFO valid result: 
recall@10 : 0.1433    mrr@10 : 0.2783    ndcg@10 : 0.1561    hit@10 : 0.6129    precision@10 : 0.1145    
Tue 03 Jan 2023 20:28:21 INFO Saving current best: saved/KGAT-Jan-03-2023_20-28-10.pth
Tue 03 Jan 2023 20:28:21 INFO epoch 14 training [time: 0.30s, train_loss1: 14.2803, train_loss2: 5.4342]
Tue 03 Jan 2023 20:28:21 INFO epoch 14 evaluating [time: 0.16s, valid_score: 0.283900]
Tue 03 Jan 2023 20:28:21 INFO valid result: 
recall@10 : 0.1494    mrr@10 : 0.2839    ndcg@10 : 0.1618    hit@10 : 0.6193    precision@10 : 0.1187    
Tue 03 Jan 2023 20:28:21 INFO Saving current best: saved/KGAT-Jan-03-2023_20-28-10.pth
Tue 03 Jan 2023 20:28:21 INFO epoch 15 training [time: 0.30s, train_loss1: 13.8548, train_loss2: 5.0855]
Tue 03 Jan 2023 20:28:21 INFO epoch 15 evaluating [time: 0.16s, valid_score: 0.291800]
Tue 03 Jan 2023 20:28:21 INFO valid result: 
recall@10 : 0.1547    mrr@10 : 0.2918    ndcg@10 : 0.1677    hit@10 : 0.6352    precision@10 : 0.1229    
Tue 03 Jan 2023 20:28:22 INFO Saving current best: saved/KGAT-Jan-03-2023_20-28-10.pth
Tue 03 Jan 2023 20:28:22 INFO epoch 16 training [time: 0.30s, train_loss1: 13.5011, train_loss2: 4.7948]
Tue 03 Jan 2023 20:28:22 INFO epoch 16 evaluating [time: 0.16s, valid_score: 0.296300]
Tue 03 Jan 2023 20:28:22 INFO valid result: 
recall@10 : 0.1598    mrr@10 : 0.2963    ndcg@10 : 0.1732    hit@10 : 0.6363    precision@10 : 0.1258    
Tue 03 Jan 2023 20:28:22 INFO Saving current best: saved/KGAT-Jan-03-2023_20-28-10.pth
Tue 03 Jan 2023 20:28:22 INFO epoch 17 training [time: 0.30s, train_loss1: 13.0965, train_loss2: 4.6860]
Tue 03 Jan 2023 20:28:22 INFO epoch 17 evaluating [time: 0.16s, valid_score: 0.301700]
Tue 03 Jan 2023 20:28:22 INFO valid result: 
recall@10 : 0.1632    mrr@10 : 0.3017    ndcg@10 : 0.1774    hit@10 : 0.6384    precision@10 : 0.1284    
Tue 03 Jan 2023 20:28:23 INFO Saving current best: saved/KGAT-Jan-03-2023_20-28-10.pth
Tue 03 Jan 2023 20:28:23 INFO epoch 18 training [time: 0.30s, train_loss1: 12.6538, train_loss2: 4.4546]
Tue 03 Jan 2023 20:28:23 INFO epoch 18 evaluating [time: 0.16s, valid_score: 0.301800]
Tue 03 Jan 2023 20:28:23 INFO valid result: 
recall@10 : 0.1651    mrr@10 : 0.3018    ndcg@10 : 0.1798    hit@10 : 0.6511    precision@10 : 0.13    
Tue 03 Jan 2023 20:28:23 INFO Saving current best: saved/KGAT-Jan-03-2023_20-28-10.pth
Tue 03 Jan 2023 20:28:23 INFO epoch 19 training [time: 0.30s, train_loss1: 12.3579, train_loss2: 4.1705]
Tue 03 Jan 2023 20:28:23 INFO epoch 19 evaluating [time: 0.16s, valid_score: 0.306300]
Tue 03 Jan 2023 20:28:23 INFO valid result: 
recall@10 : 0.1665    mrr@10 : 0.3063    ndcg@10 : 0.1827    hit@10 : 0.6543    precision@10 : 0.1326    
Tue 03 Jan 2023 20:28:23 INFO Saving current best: saved/KGAT-Jan-03-2023_20-28-10.pth
Tue 03 Jan 2023 20:28:24 INFO epoch 20 training [time: 0.30s, train_loss1: 12.0034, train_loss2: 3.9650]
Tue 03 Jan 2023 20:28:24 INFO epoch 20 evaluating [time: 0.16s, valid_score: 0.311000]
Tue 03 Jan 2023 20:28:24 INFO valid result: 
recall@10 : 0.1706    mrr@10 : 0.311    ndcg@10 : 0.1853    hit@10 : 0.6638    precision@10 : 0.1332    
Tue 03 Jan 2023 20:28:24 INFO Saving current best: saved/KGAT-Jan-03-2023_20-28-10.pth
Tue 03 Jan 2023 20:28:24 INFO epoch 21 training [time: 0.30s, train_loss1: 11.6904, train_loss2: 3.5846]
Tue 03 Jan 2023 20:28:24 INFO epoch 21 evaluating [time: 0.16s, valid_score: 0.314900]
Tue 03 Jan 2023 20:28:24 INFO valid result: 
recall@10 : 0.1726    mrr@10 : 0.3149    ndcg@10 : 0.1874    hit@10 : 0.6649    precision@10 : 0.1349    
Tue 03 Jan 2023 20:28:24 INFO Saving current best: saved/KGAT-Jan-03-2023_20-28-10.pth
Tue 03 Jan 2023 20:28:25 INFO epoch 22 training [time: 0.30s, train_loss1: 11.4105, train_loss2: 3.3927]
Tue 03 Jan 2023 20:28:25 INFO epoch 22 evaluating [time: 0.16s, valid_score: 0.324700]
Tue 03 Jan 2023 20:28:25 INFO valid result: 
recall@10 : 0.1737    mrr@10 : 0.3247    ndcg@10 : 0.191    hit@10 : 0.6734    precision@10 : 0.1358    
Tue 03 Jan 2023 20:28:25 INFO Saving current best: saved/KGAT-Jan-03-2023_20-28-10.pth
Tue 03 Jan 2023 20:28:25 INFO epoch 23 training [time: 0.30s, train_loss1: 11.1366, train_loss2: 3.1801]
Tue 03 Jan 2023 20:28:25 INFO epoch 23 evaluating [time: 0.16s, valid_score: 0.326000]
Tue 03 Jan 2023 20:28:25 INFO valid result: 
recall@10 : 0.174    mrr@10 : 0.326    ndcg@10 : 0.1912    hit@10 : 0.667    precision@10 : 0.1361    
Tue 03 Jan 2023 20:28:25 INFO Saving current best: saved/KGAT-Jan-03-2023_20-28-10.pth
Tue 03 Jan 2023 20:28:26 INFO epoch 24 training [time: 0.30s, train_loss1: 10.9389, train_loss2: 2.9951]
Tue 03 Jan 2023 20:28:26 INFO epoch 24 evaluating [time: 0.16s, valid_score: 0.330000]
Tue 03 Jan 2023 20:28:26 INFO valid result: 
recall@10 : 0.1751    mrr@10 : 0.33    ndcg@10 : 0.1931    hit@10 : 0.666    precision@10 : 0.1376    
Tue 03 Jan 2023 20:28:26 INFO Saving current best: saved/KGAT-Jan-03-2023_20-28-10.pth
Tue 03 Jan 2023 20:28:26 INFO epoch 25 training [time: 0.30s, train_loss1: 10.6405, train_loss2: 2.9304]
Tue 03 Jan 2023 20:28:26 INFO epoch 25 evaluating [time: 0.16s, valid_score: 0.332900]
Tue 03 Jan 2023 20:28:26 INFO valid result: 
recall@10 : 0.1767    mrr@10 : 0.3329    ndcg@10 : 0.1951    hit@10 : 0.6713    precision@10 : 0.1383    
Tue 03 Jan 2023 20:28:26 INFO Saving current best: saved/KGAT-Jan-03-2023_20-28-10.pth
Tue 03 Jan 2023 20:28:27 INFO epoch 26 training [time: 0.30s, train_loss1: 10.5220, train_loss2: 2.7234]
Tue 03 Jan 2023 20:28:27 INFO epoch 26 evaluating [time: 0.16s, valid_score: 0.333400]
Tue 03 Jan 2023 20:28:27 INFO valid result: 
recall@10 : 0.1777    mrr@10 : 0.3334    ndcg@10 : 0.1956    hit@10 : 0.6713    precision@10 : 0.1383    
Tue 03 Jan 2023 20:28:27 INFO Saving current best: saved/KGAT-Jan-03-2023_20-28-10.pth
Tue 03 Jan 2023 20:28:27 INFO epoch 27 training [time: 0.30s, train_loss1: 10.3379, train_loss2: 2.6311]
Tue 03 Jan 2023 20:28:27 INFO epoch 27 evaluating [time: 0.16s, valid_score: 0.338200]
Tue 03 Jan 2023 20:28:27 INFO valid result: 
recall@10 : 0.1793    mrr@10 : 0.3382    ndcg@10 : 0.1978    hit@10 : 0.6723    precision@10 : 0.14    
Tue 03 Jan 2023 20:28:27 INFO Saving current best: saved/KGAT-Jan-03-2023_20-28-10.pth
Tue 03 Jan 2023 20:28:28 INFO epoch 28 training [time: 0.30s, train_loss1: 10.1173, train_loss2: 2.5293]
Tue 03 Jan 2023 20:28:28 INFO epoch 28 evaluating [time: 0.16s, valid_score: 0.342000]
Tue 03 Jan 2023 20:28:28 INFO valid result: 
recall@10 : 0.179    mrr@10 : 0.342    ndcg@10 : 0.1991    hit@10 : 0.6734    precision@10 : 0.1397    
Tue 03 Jan 2023 20:28:28 INFO Saving current best: saved/KGAT-Jan-03-2023_20-28-10.pth
Tue 03 Jan 2023 20:28:28 INFO epoch 29 training [time: 0.30s, train_loss1: 9.9893, train_loss2: 2.4536]
Tue 03 Jan 2023 20:28:28 INFO epoch 29 evaluating [time: 0.16s, valid_score: 0.343700]
Tue 03 Jan 2023 20:28:28 INFO valid result: 
recall@10 : 0.1817    mrr@10 : 0.3437    ndcg@10 : 0.2014    hit@10 : 0.6734    precision@10 : 0.141    
Tue 03 Jan 2023 20:28:28 INFO Saving current best: saved/KGAT-Jan-03-2023_20-28-10.pth
Tue 03 Jan 2023 20:28:29 INFO epoch 30 training [time: 0.30s, train_loss1: 9.8771, train_loss2: 2.4311]
Tue 03 Jan 2023 20:28:29 INFO epoch 30 evaluating [time: 0.16s, valid_score: 0.350200]
Tue 03 Jan 2023 20:28:29 INFO valid result: 
recall@10 : 0.1845    mrr@10 : 0.3502    ndcg@10 : 0.2038    hit@10 : 0.6787    precision@10 : 0.1415    
Tue 03 Jan 2023 20:28:29 INFO Saving current best: saved/KGAT-Jan-03-2023_20-28-10.pth
Tue 03 Jan 2023 20:28:29 INFO epoch 31 training [time: 0.30s, train_loss1: 9.7407, train_loss2: 2.2884]
Tue 03 Jan 2023 20:28:29 INFO epoch 31 evaluating [time: 0.16s, valid_score: 0.347500]
Tue 03 Jan 2023 20:28:29 INFO valid result: 
recall@10 : 0.1808    mrr@10 : 0.3475    ndcg@10 : 0.2012    hit@10 : 0.6713    precision@10 : 0.1399    
Tue 03 Jan 2023 20:28:30 INFO epoch 32 training [time: 0.30s, train_loss1: 9.6314, train_loss2: 2.3206]
Tue 03 Jan 2023 20:28:30 INFO epoch 32 evaluating [time: 0.16s, valid_score: 0.349500]
Tue 03 Jan 2023 20:28:30 INFO valid result: 
recall@10 : 0.1815    mrr@10 : 0.3495    ndcg@10 : 0.2028    hit@10 : 0.6734    precision@10 : 0.1402    
Tue 03 Jan 2023 20:28:30 INFO epoch 33 training [time: 0.30s, train_loss1: 9.4594, train_loss2: 2.1953]
Tue 03 Jan 2023 20:28:30 INFO epoch 33 evaluating [time: 0.16s, valid_score: 0.351100]
Tue 03 Jan 2023 20:28:30 INFO valid result: 
recall@10 : 0.1829    mrr@10 : 0.3511    ndcg@10 : 0.2036    hit@10 : 0.6787    precision@10 : 0.1411    
Tue 03 Jan 2023 20:28:30 INFO Saving current best: saved/KGAT-Jan-03-2023_20-28-10.pth
Tue 03 Jan 2023 20:28:31 INFO epoch 34 training [time: 0.30s, train_loss1: 9.3413, train_loss2: 2.1028]
Tue 03 Jan 2023 20:28:31 INFO epoch 34 evaluating [time: 0.16s, valid_score: 0.352500]
Tue 03 Jan 2023 20:28:31 INFO valid result: 
recall@10 : 0.1849    mrr@10 : 0.3525    ndcg@10 : 0.2052    hit@10 : 0.684    precision@10 : 0.1426    
Tue 03 Jan 2023 20:28:31 INFO Saving current best: saved/KGAT-Jan-03-2023_20-28-10.pth
Tue 03 Jan 2023 20:28:31 INFO epoch 35 training [time: 0.30s, train_loss1: 9.3355, train_loss2: 2.0358]
Tue 03 Jan 2023 20:28:31 INFO epoch 35 evaluating [time: 0.16s, valid_score: 0.355300]
Tue 03 Jan 2023 20:28:31 INFO valid result: 
recall@10 : 0.1842    mrr@10 : 0.3553    ndcg@10 : 0.2055    hit@10 : 0.6808    precision@10 : 0.1424    
Tue 03 Jan 2023 20:28:31 INFO Saving current best: saved/KGAT-Jan-03-2023_20-28-10.pth
Tue 03 Jan 2023 20:28:32 INFO epoch 36 training [time: 0.30s, train_loss1: 9.2021, train_loss2: 2.0597]
Tue 03 Jan 2023 20:28:32 INFO epoch 36 evaluating [time: 0.16s, valid_score: 0.357500]
Tue 03 Jan 2023 20:28:32 INFO valid result: 
recall@10 : 0.1874    mrr@10 : 0.3575    ndcg@10 : 0.2068    hit@10 : 0.6957    precision@10 : 0.1431    
Tue 03 Jan 2023 20:28:32 INFO Saving current best: saved/KGAT-Jan-03-2023_20-28-10.pth
Tue 03 Jan 2023 20:28:32 INFO epoch 37 training [time: 0.30s, train_loss1: 9.0642, train_loss2: 1.9168]
Tue 03 Jan 2023 20:28:32 INFO epoch 37 evaluating [time: 0.16s, valid_score: 0.361400]
Tue 03 Jan 2023 20:28:32 INFO valid result: 
recall@10 : 0.1866    mrr@10 : 0.3614    ndcg@10 : 0.2072    hit@10 : 0.6925    precision@10 : 0.1424    
Tue 03 Jan 2023 20:28:32 INFO Saving current best: saved/KGAT-Jan-03-2023_20-28-10.pth
Tue 03 Jan 2023 20:28:33 INFO epoch 38 training [time: 0.30s, train_loss1: 8.9911, train_loss2: 1.9156]
Tue 03 Jan 2023 20:28:33 INFO epoch 38 evaluating [time: 0.16s, valid_score: 0.354700]
Tue 03 Jan 2023 20:28:33 INFO valid result: 
recall@10 : 0.1848    mrr@10 : 0.3547    ndcg@10 : 0.2055    hit@10 : 0.6872    precision@10 : 0.1417    
Tue 03 Jan 2023 20:28:33 INFO epoch 39 training [time: 0.30s, train_loss1: 8.8799, train_loss2: 1.9081]
Tue 03 Jan 2023 20:28:33 INFO epoch 39 evaluating [time: 0.16s, valid_score: 0.356700]
Tue 03 Jan 2023 20:28:33 INFO valid result: 
recall@10 : 0.1872    mrr@10 : 0.3567    ndcg@10 : 0.2069    hit@10 : 0.6914    precision@10 : 0.1434    
Tue 03 Jan 2023 20:28:34 INFO epoch 40 training [time: 0.30s, train_loss1: 8.7317, train_loss2: 1.8470]
Tue 03 Jan 2023 20:28:34 INFO epoch 40 evaluating [time: 0.16s, valid_score: 0.355800]
Tue 03 Jan 2023 20:28:34 INFO valid result: 
recall@10 : 0.1885    mrr@10 : 0.3558    ndcg@10 : 0.2077    hit@10 : 0.6882    precision@10 : 0.1445    
Tue 03 Jan 2023 20:28:34 INFO epoch 41 training [time: 0.30s, train_loss1: 8.6701, train_loss2: 1.7954]
Tue 03 Jan 2023 20:28:34 INFO epoch 41 evaluating [time: 0.16s, valid_score: 0.357900]
Tue 03 Jan 2023 20:28:34 INFO valid result: 
recall@10 : 0.1895    mrr@10 : 0.3579    ndcg@10 : 0.2089    hit@10 : 0.6935    precision@10 : 0.1458    
Tue 03 Jan 2023 20:28:34 INFO epoch 42 training [time: 0.30s, train_loss1: 8.6675, train_loss2: 1.7924]
Tue 03 Jan 2023 20:28:35 INFO epoch 42 evaluating [time: 0.16s, valid_score: 0.356800]
Tue 03 Jan 2023 20:28:35 INFO valid result: 
recall@10 : 0.1924    mrr@10 : 0.3568    ndcg@10 : 0.2102    hit@10 : 0.6999    precision@10 : 0.1471    
Tue 03 Jan 2023 20:28:35 INFO epoch 43 training [time: 0.30s, train_loss1: 8.4726, train_loss2: 1.7515]
Tue 03 Jan 2023 20:28:35 INFO epoch 43 evaluating [time: 0.16s, valid_score: 0.356800]
Tue 03 Jan 2023 20:28:35 INFO valid result: 
recall@10 : 0.1899    mrr@10 : 0.3568    ndcg@10 : 0.2099    hit@10 : 0.6988    precision@10 : 0.1459    
Tue 03 Jan 2023 20:28:35 INFO epoch 44 training [time: 0.30s, train_loss1: 8.3894, train_loss2: 1.7737]
Tue 03 Jan 2023 20:28:36 INFO epoch 44 evaluating [time: 0.16s, valid_score: 0.353800]
Tue 03 Jan 2023 20:28:36 INFO valid result: 
recall@10 : 0.1941    mrr@10 : 0.3538    ndcg@10 : 0.2112    hit@10 : 0.7052    precision@10 : 0.148    
Tue 03 Jan 2023 20:28:36 INFO epoch 45 training [time: 0.30s, train_loss1: 8.2711, train_loss2: 1.7808]
Tue 03 Jan 2023 20:28:36 INFO epoch 45 evaluating [time: 0.16s, valid_score: 0.358900]
Tue 03 Jan 2023 20:28:36 INFO valid result: 
recall@10 : 0.1941    mrr@10 : 0.3589    ndcg@10 : 0.2131    hit@10 : 0.7052    precision@10 : 0.1485    
Tue 03 Jan 2023 20:28:36 INFO epoch 46 training [time: 0.30s, train_loss1: 8.2312, train_loss2: 1.6859]
Tue 03 Jan 2023 20:28:36 INFO epoch 46 evaluating [time: 0.16s, valid_score: 0.353800]
Tue 03 Jan 2023 20:28:36 INFO valid result: 
recall@10 : 0.1965    mrr@10 : 0.3538    ndcg@10 : 0.2117    hit@10 : 0.7126    precision@10 : 0.1483    
Tue 03 Jan 2023 20:28:37 INFO epoch 47 training [time: 0.30s, train_loss1: 8.1452, train_loss2: 1.6720]
Tue 03 Jan 2023 20:28:37 INFO epoch 47 evaluating [time: 0.16s, valid_score: 0.359900]
Tue 03 Jan 2023 20:28:37 INFO valid result: 
recall@10 : 0.1975    mrr@10 : 0.3599    ndcg@10 : 0.2129    hit@10 : 0.72    precision@10 : 0.1488    
Tue 03 Jan 2023 20:28:37 INFO epoch 48 training [time: 0.30s, train_loss1: 8.0650, train_loss2: 1.5861]
Tue 03 Jan 2023 20:28:37 INFO epoch 48 evaluating [time: 0.16s, valid_score: 0.353100]
Tue 03 Jan 2023 20:28:37 INFO valid result: 
recall@10 : 0.1958    mrr@10 : 0.3531    ndcg@10 : 0.2109    hit@10 : 0.7073    precision@10 : 0.1486    
Tue 03 Jan 2023 20:28:37 INFO Finished training, best eval result in epoch 37
Tue 03 Jan 2023 20:28:37 INFO Loading model structure and parameters from saved/KGAT-Jan-03-2023_20-28-10.pth
Tue 03 Jan 2023 20:28:38 INFO best valid result: {'recall@10': 0.1866, 'mrr@10': 0.3614, 'ndcg@10': 0.2072, 'hit@10': 0.6925, 'precision@10': 0.1424}
Tue 03 Jan 2023 20:28:38 INFO test result: {'recall@10': 0.23, 'mrr@10': 0.4488, 'ndcg@10': 0.2682, 'hit@10': 0.7646, 'precision@10': 0.1848}
