Thu 12 Jan 2023 10:55:04 INFO General Hyper Parameters: 
gpu_id=0
use_gpu=True
seed=2020
state=INFO
reproducibility=True
data_path=/work/03/gu14/k36095/kgat_bai/recbole/config/../dataset_example/ml-100k
show_progress=True

Training Hyper Parameters: 
checkpoint_dir=saved
epochs=300
train_batch_size=2048
learner=adam
learning_rate=0.001
training_neg_sample_num=1
training_neg_sample_distribution=uniform
eval_step=1
stopping_step=10

Evaluation Hyper Parameters: 
eval_setting=RO_RS,full
group_by_user=True
split_ratio=[0.8, 0.1, 0.1]
leave_one_num=2
real_time_process=False
metrics=['Recall', 'MRR', 'NDCG', 'Hit', 'Precision']
topk=[10]
valid_metric=MRR@10
eval_batch_size=4096

Dataset Hyper Parameters: 
field_separator=	
seq_separator= 
USER_ID_FIELD=user_id
ITEM_ID_FIELD=item_id
RATING_FIELD=rating
TIME_FIELD=timestamp
seq_len=None
LABEL_FIELD=label
threshold=None
NEG_PREFIX=neg_
load_col={'inter': ['user_id', 'item_id', 'rating', 'timestamp'], 'kg': ['head_id', 'relation_id', 'tail_id'], 'link': ['item_id', 'entity_id']}
unload_col=None
unused_col=None
additional_feat_suffix=None
rm_dup_inter=None
lowest_val=None
highest_val=None
equal_val=None
not_equal_val=None
filter_inter_by_user_or_item=True
max_user_inter_num=None
min_user_inter_num=None
max_item_inter_num=None
min_item_inter_num=None
fields_in_same_space=None
preload_weight=None
normalize_field=None
normalize_all=True
ITEM_LIST_LENGTH_FIELD=item_length
LIST_SUFFIX=_list
MAX_ITEM_LIST_LENGTH=50
POSITION_FIELD=position_id
HEAD_ENTITY_ID_FIELD=head_id
TAIL_ENTITY_ID_FIELD=tail_id
RELATION_ID_FIELD=relation_id
ENTITY_ID_FIELD=entity_id


Thu 12 Jan 2023 10:55:04 INFO Note: detected 112 virtual cores but NumExpr set to maximum of 64, check "NUMEXPR_MAX_THREADS" environment variable.
Thu 12 Jan 2023 10:55:04 INFO Note: NumExpr detected 112 cores but "NUMEXPR_MAX_THREADS" not set, so enforcing safe limit of 8.
Thu 12 Jan 2023 10:55:04 INFO NumExpr defaulting to 8 threads.
Thu 12 Jan 2023 10:55:05 INFO ml-100k
The number of users: 944
Average actions of users: 106.04453870625663
The number of items: 1683
Average actions of items: 59.45303210463734
The number of inters: 100000
The sparsity of the dataset: 93.70575143257098%
Remain Fields: ['entity_id', 'user_id', 'item_id', 'rating', 'timestamp', 'head_id', 'relation_id', 'tail_id']
The number of entities: 34713
The number of relations: 26
The number of triples: 91631
The number of items that have been linked to KG: 1598
Thu 12 Jan 2023 10:55:05 INFO Build [ModelType.KNOWLEDGE] DataLoader for [train] with format [InputType.PAIRWISE]
Thu 12 Jan 2023 10:55:05 INFO Evaluation Setting:
	Group by user_id
	Ordering: {'strategy': 'shuffle'}
	Splitting: {'strategy': 'by_ratio', 'ratios': [0.8, 0.1, 0.1]}
	Negative Sampling: {'strategy': 'by', 'distribution': 'uniform', 'by': 1}
Thu 12 Jan 2023 10:55:05 INFO batch_size = [[2048]], shuffle = [True]

Thu 12 Jan 2023 10:55:06 INFO Build [ModelType.KNOWLEDGE] DataLoader for [evaluation] with format [InputType.POINTWISE]
Thu 12 Jan 2023 10:55:06 INFO Evaluation Setting:
	Group by user_id
	Ordering: {'strategy': 'shuffle'}
	Splitting: {'strategy': 'by_ratio', 'ratios': [0.8, 0.1, 0.1]}
	Negative Sampling: {'strategy': 'full', 'distribution': 'uniform'}
Thu 12 Jan 2023 10:55:06 INFO batch_size = [[4096, 4096]], shuffle = [False]

Thu 12 Jan 2023 10:55:07 INFO KGAT(
  (user_embedding): Embedding(944, 64)
  (entity_embedding): Embedding(34713, 64)
  (relation_embedding): Embedding(26, 64)
  (trans_w): Embedding(26, 4096)
  (aggregator_layers): ModuleList(
    (0): Aggregator(
      (message_dropout): Dropout(p=0.1, inplace=False)
      (W1): Linear(in_features=64, out_features=64, bias=True)
      (W2): Linear(in_features=64, out_features=64, bias=True)
      (activation): LeakyReLU(negative_slope=0.01)
    )
  )
  (tanh): Tanh()
  (mf_loss): BPRLoss()
  (reg_loss): EmbLoss()
)
Trainable parameters: 2398528
Thu 12 Jan 2023 10:55:11 INFO epoch 0 training [time: 4.32s, train_loss1: 24.5777, train_loss2: 29.6982]
Thu 12 Jan 2023 10:55:11 INFO epoch 0 evaluating [time: 0.19s, valid_score: 0.090000]
Thu 12 Jan 2023 10:55:11 INFO valid result: 
recall@10 : 0.0369    mrr@10 : 0.09    ndcg@10 : 0.0434    hit@10 : 0.2492    precision@10 : 0.0349    
Thu 12 Jan 2023 10:55:11 INFO Saving current best: saved/KGAT-Jan-12-2023_10-55-07.pth
Thu 12 Jan 2023 10:55:17 INFO epoch 1 training [time: 5.09s, train_loss1: 21.6926, train_loss2: 19.4600]
Thu 12 Jan 2023 10:55:17 INFO epoch 1 evaluating [time: 0.16s, valid_score: 0.128100]
Thu 12 Jan 2023 10:55:17 INFO valid result: 
recall@10 : 0.073    mrr@10 : 0.1281    ndcg@10 : 0.0727    hit@10 : 0.3924    precision@10 : 0.0595    
Thu 12 Jan 2023 10:55:17 INFO Saving current best: saved/KGAT-Jan-12-2023_10-55-07.pth
Thu 12 Jan 2023 10:55:22 INFO epoch 2 training [time: 5.36s, train_loss1: 17.9262, train_loss2: 12.5777]
Thu 12 Jan 2023 10:55:22 INFO epoch 2 evaluating [time: 0.16s, valid_score: 0.170600]
Thu 12 Jan 2023 10:55:22 INFO valid result: 
recall@10 : 0.0917    mrr@10 : 0.1706    ndcg@10 : 0.095    hit@10 : 0.4581    precision@10 : 0.0724    
Thu 12 Jan 2023 10:55:22 INFO Saving current best: saved/KGAT-Jan-12-2023_10-55-07.pth
Thu 12 Jan 2023 10:55:28 INFO epoch 3 training [time: 5.36s, train_loss1: 17.0549, train_loss2: 10.2904]
Thu 12 Jan 2023 10:55:28 INFO epoch 3 evaluating [time: 0.16s, valid_score: 0.186400]
Thu 12 Jan 2023 10:55:28 INFO valid result: 
recall@10 : 0.0939    mrr@10 : 0.1864    ndcg@10 : 0.0994    hit@10 : 0.473    precision@10 : 0.0752    
Thu 12 Jan 2023 10:55:28 INFO Saving current best: saved/KGAT-Jan-12-2023_10-55-07.pth
Thu 12 Jan 2023 10:55:33 INFO epoch 4 training [time: 5.13s, train_loss1: 16.6374, train_loss2: 9.0605]
Thu 12 Jan 2023 10:55:33 INFO epoch 4 evaluating [time: 0.18s, valid_score: 0.203200]
Thu 12 Jan 2023 10:55:33 INFO valid result: 
recall@10 : 0.0991    mrr@10 : 0.2032    ndcg@10 : 0.1084    hit@10 : 0.5058    precision@10 : 0.0817    
Thu 12 Jan 2023 10:55:33 INFO Saving current best: saved/KGAT-Jan-12-2023_10-55-07.pth
Thu 12 Jan 2023 10:55:38 INFO epoch 5 training [time: 5.10s, train_loss1: 16.4463, train_loss2: 8.3926]
Thu 12 Jan 2023 10:55:38 INFO epoch 5 evaluating [time: 0.18s, valid_score: 0.205100]
Thu 12 Jan 2023 10:55:38 INFO valid result: 
recall@10 : 0.1062    mrr@10 : 0.2051    ndcg@10 : 0.1127    hit@10 : 0.5069    precision@10 : 0.0849    
Thu 12 Jan 2023 10:55:39 INFO Saving current best: saved/KGAT-Jan-12-2023_10-55-07.pth
Thu 12 Jan 2023 10:55:44 INFO epoch 6 training [time: 5.16s, train_loss1: 16.2589, train_loss2: 7.8104]
Thu 12 Jan 2023 10:55:44 INFO epoch 6 evaluating [time: 0.17s, valid_score: 0.215600]
Thu 12 Jan 2023 10:55:44 INFO valid result: 
recall@10 : 0.0978    mrr@10 : 0.2156    ndcg@10 : 0.1111    hit@10 : 0.4889    precision@10 : 0.081    
Thu 12 Jan 2023 10:55:44 INFO Saving current best: saved/KGAT-Jan-12-2023_10-55-07.pth
Thu 12 Jan 2023 10:55:49 INFO epoch 7 training [time: 5.15s, train_loss1: 16.1254, train_loss2: 7.4099]
Thu 12 Jan 2023 10:55:49 INFO epoch 7 evaluating [time: 0.18s, valid_score: 0.204400]
Thu 12 Jan 2023 10:55:49 INFO valid result: 
recall@10 : 0.0969    mrr@10 : 0.2044    ndcg@10 : 0.1101    hit@10 : 0.4889    precision@10 : 0.0839    
Thu 12 Jan 2023 10:55:54 INFO epoch 8 training [time: 5.19s, train_loss1: 15.9294, train_loss2: 7.1395]
Thu 12 Jan 2023 10:55:55 INFO epoch 8 evaluating [time: 0.16s, valid_score: 0.212500]
Thu 12 Jan 2023 10:55:55 INFO valid result: 
recall@10 : 0.1053    mrr@10 : 0.2125    ndcg@10 : 0.1155    hit@10 : 0.5143    precision@10 : 0.0884    
Thu 12 Jan 2023 10:56:00 INFO epoch 9 training [time: 5.33s, train_loss1: 15.7144, train_loss2: 6.8573]
Thu 12 Jan 2023 10:56:00 INFO epoch 9 evaluating [time: 0.18s, valid_score: 0.224900]
Thu 12 Jan 2023 10:56:00 INFO valid result: 
recall@10 : 0.1119    mrr@10 : 0.2249    ndcg@10 : 0.1227    hit@10 : 0.5313    precision@10 : 0.093    
Thu 12 Jan 2023 10:56:00 INFO Saving current best: saved/KGAT-Jan-12-2023_10-55-07.pth
Thu 12 Jan 2023 10:56:05 INFO epoch 10 training [time: 5.22s, train_loss1: 15.5079, train_loss2: 6.6341]
Thu 12 Jan 2023 10:56:06 INFO epoch 10 evaluating [time: 0.18s, valid_score: 0.233100]
Thu 12 Jan 2023 10:56:06 INFO valid result: 
recall@10 : 0.1208    mrr@10 : 0.2331    ndcg@10 : 0.1304    hit@10 : 0.5536    precision@10 : 0.0984    
Thu 12 Jan 2023 10:56:06 INFO Saving current best: saved/KGAT-Jan-12-2023_10-55-07.pth
Thu 12 Jan 2023 10:56:11 INFO epoch 11 training [time: 5.00s, train_loss1: 15.2012, train_loss2: 6.4002]
Thu 12 Jan 2023 10:56:11 INFO epoch 11 evaluating [time: 0.18s, valid_score: 0.244600]
Thu 12 Jan 2023 10:56:11 INFO valid result: 
recall@10 : 0.1295    mrr@10 : 0.2446    ndcg@10 : 0.1383    hit@10 : 0.5779    precision@10 : 0.1045    
Thu 12 Jan 2023 10:56:11 INFO Saving current best: saved/KGAT-Jan-12-2023_10-55-07.pth
Thu 12 Jan 2023 10:56:16 INFO epoch 12 training [time: 5.07s, train_loss1: 14.9243, train_loss2: 6.1047]
Thu 12 Jan 2023 10:56:16 INFO epoch 12 evaluating [time: 0.18s, valid_score: 0.260200]
Thu 12 Jan 2023 10:56:16 INFO valid result: 
recall@10 : 0.1362    mrr@10 : 0.2602    ndcg@10 : 0.1446    hit@10 : 0.5949    precision@10 : 0.1072    
Thu 12 Jan 2023 10:56:16 INFO Saving current best: saved/KGAT-Jan-12-2023_10-55-07.pth
Thu 12 Jan 2023 10:56:21 INFO epoch 13 training [time: 5.17s, train_loss1: 14.7072, train_loss2: 5.8425]
Thu 12 Jan 2023 10:56:21 INFO epoch 13 evaluating [time: 0.18s, valid_score: 0.272300]
Thu 12 Jan 2023 10:56:21 INFO valid result: 
recall@10 : 0.1443    mrr@10 : 0.2723    ndcg@10 : 0.1538    hit@10 : 0.614    precision@10 : 0.1131    
Thu 12 Jan 2023 10:56:21 INFO Saving current best: saved/KGAT-Jan-12-2023_10-55-07.pth
Thu 12 Jan 2023 10:56:27 INFO epoch 14 training [time: 5.35s, train_loss1: 14.2727, train_loss2: 5.4538]
Thu 12 Jan 2023 10:56:27 INFO epoch 14 evaluating [time: 0.18s, valid_score: 0.283900]
Thu 12 Jan 2023 10:56:27 INFO valid result: 
recall@10 : 0.1475    mrr@10 : 0.2839    ndcg@10 : 0.1589    hit@10 : 0.6235    precision@10 : 0.1144    
Thu 12 Jan 2023 10:56:27 INFO Saving current best: saved/KGAT-Jan-12-2023_10-55-07.pth
Thu 12 Jan 2023 10:56:32 INFO epoch 15 training [time: 5.15s, train_loss1: 13.8737, train_loss2: 5.1940]
Thu 12 Jan 2023 10:56:32 INFO epoch 15 evaluating [time: 0.18s, valid_score: 0.289700]
Thu 12 Jan 2023 10:56:32 INFO valid result: 
recall@10 : 0.1522    mrr@10 : 0.2897    ndcg@10 : 0.1647    hit@10 : 0.6257    precision@10 : 0.1175    
Thu 12 Jan 2023 10:56:32 INFO Saving current best: saved/KGAT-Jan-12-2023_10-55-07.pth
Thu 12 Jan 2023 10:56:38 INFO epoch 16 training [time: 5.12s, train_loss1: 13.4967, train_loss2: 4.8004]
Thu 12 Jan 2023 10:56:38 INFO epoch 16 evaluating [time: 0.19s, valid_score: 0.292700]
Thu 12 Jan 2023 10:56:38 INFO valid result: 
recall@10 : 0.1572    mrr@10 : 0.2927    ndcg@10 : 0.1695    hit@10 : 0.6352    precision@10 : 0.1209    
Thu 12 Jan 2023 10:56:38 INFO Saving current best: saved/KGAT-Jan-12-2023_10-55-07.pth
Thu 12 Jan 2023 10:56:43 INFO epoch 17 training [time: 5.16s, train_loss1: 13.0867, train_loss2: 4.5671]
Thu 12 Jan 2023 10:56:43 INFO epoch 17 evaluating [time: 0.18s, valid_score: 0.294900]
Thu 12 Jan 2023 10:56:43 INFO valid result: 
recall@10 : 0.1597    mrr@10 : 0.2949    ndcg@10 : 0.1721    hit@10 : 0.6373    precision@10 : 0.1231    
Thu 12 Jan 2023 10:56:43 INFO Saving current best: saved/KGAT-Jan-12-2023_10-55-07.pth
Thu 12 Jan 2023 10:56:48 INFO epoch 18 training [time: 5.23s, train_loss1: 12.7427, train_loss2: 4.2420]
Thu 12 Jan 2023 10:56:49 INFO epoch 18 evaluating [time: 0.17s, valid_score: 0.298700]
Thu 12 Jan 2023 10:56:49 INFO valid result: 
recall@10 : 0.1604    mrr@10 : 0.2987    ndcg@10 : 0.1731    hit@10 : 0.6416    precision@10 : 0.1224    
Thu 12 Jan 2023 10:56:49 INFO Saving current best: saved/KGAT-Jan-12-2023_10-55-07.pth
Thu 12 Jan 2023 10:56:54 INFO epoch 19 training [time: 4.96s, train_loss1: 12.3859, train_loss2: 3.8406]
Thu 12 Jan 2023 10:56:54 INFO epoch 19 evaluating [time: 0.18s, valid_score: 0.300600]
Thu 12 Jan 2023 10:56:54 INFO valid result: 
recall@10 : 0.1632    mrr@10 : 0.3006    ndcg@10 : 0.1765    hit@10 : 0.6426    precision@10 : 0.1269    
Thu 12 Jan 2023 10:56:54 INFO Saving current best: saved/KGAT-Jan-12-2023_10-55-07.pth
Thu 12 Jan 2023 10:56:59 INFO epoch 20 training [time: 5.23s, train_loss1: 12.0918, train_loss2: 3.7784]
Thu 12 Jan 2023 10:56:59 INFO epoch 20 evaluating [time: 0.18s, valid_score: 0.305200]
Thu 12 Jan 2023 10:56:59 INFO valid result: 
recall@10 : 0.1669    mrr@10 : 0.3052    ndcg@10 : 0.1801    hit@10 : 0.6575    precision@10 : 0.1297    
Thu 12 Jan 2023 10:56:59 INFO Saving current best: saved/KGAT-Jan-12-2023_10-55-07.pth
Thu 12 Jan 2023 10:57:04 INFO epoch 21 training [time: 5.26s, train_loss1: 11.8229, train_loss2: 3.5094]
Thu 12 Jan 2023 10:57:05 INFO epoch 21 evaluating [time: 0.19s, valid_score: 0.313600]
Thu 12 Jan 2023 10:57:05 INFO valid result: 
recall@10 : 0.1655    mrr@10 : 0.3136    ndcg@10 : 0.1825    hit@10 : 0.649    precision@10 : 0.1301    
Thu 12 Jan 2023 10:57:05 INFO Saving current best: saved/KGAT-Jan-12-2023_10-55-07.pth
Thu 12 Jan 2023 10:57:10 INFO epoch 22 training [time: 5.39s, train_loss1: 11.5396, train_loss2: 3.4112]
Thu 12 Jan 2023 10:57:10 INFO epoch 22 evaluating [time: 0.18s, valid_score: 0.318900]
Thu 12 Jan 2023 10:57:10 INFO valid result: 
recall@10 : 0.1694    mrr@10 : 0.3189    ndcg@10 : 0.1871    hit@10 : 0.6554    precision@10 : 0.1331    
Thu 12 Jan 2023 10:57:10 INFO Saving current best: saved/KGAT-Jan-12-2023_10-55-07.pth
Thu 12 Jan 2023 10:57:16 INFO epoch 23 training [time: 5.21s, train_loss1: 11.2445, train_loss2: 3.1883]
Thu 12 Jan 2023 10:57:16 INFO epoch 23 evaluating [time: 0.17s, valid_score: 0.316500]
Thu 12 Jan 2023 10:57:16 INFO valid result: 
recall@10 : 0.1684    mrr@10 : 0.3165    ndcg@10 : 0.1859    hit@10 : 0.6554    precision@10 : 0.1323    
Thu 12 Jan 2023 10:57:21 INFO epoch 24 training [time: 5.24s, train_loss1: 11.0693, train_loss2: 3.1620]
Thu 12 Jan 2023 10:57:21 INFO epoch 24 evaluating [time: 0.18s, valid_score: 0.324900]
Thu 12 Jan 2023 10:57:21 INFO valid result: 
recall@10 : 0.1674    mrr@10 : 0.3249    ndcg@10 : 0.1877    hit@10 : 0.6554    precision@10 : 0.1332    
Thu 12 Jan 2023 10:57:21 INFO Saving current best: saved/KGAT-Jan-12-2023_10-55-07.pth
Thu 12 Jan 2023 10:57:27 INFO epoch 25 training [time: 5.33s, train_loss1: 10.8395, train_loss2: 2.9771]
Thu 12 Jan 2023 10:57:27 INFO epoch 25 evaluating [time: 0.18s, valid_score: 0.328100]
Thu 12 Jan 2023 10:57:27 INFO valid result: 
recall@10 : 0.1697    mrr@10 : 0.3281    ndcg@10 : 0.1894    hit@10 : 0.6649    precision@10 : 0.1344    
Thu 12 Jan 2023 10:57:27 INFO Saving current best: saved/KGAT-Jan-12-2023_10-55-07.pth
Thu 12 Jan 2023 10:57:32 INFO epoch 26 training [time: 5.05s, train_loss1: 10.6275, train_loss2: 2.8290]
Thu 12 Jan 2023 10:57:32 INFO epoch 26 evaluating [time: 0.18s, valid_score: 0.329800]
Thu 12 Jan 2023 10:57:32 INFO valid result: 
recall@10 : 0.1733    mrr@10 : 0.3298    ndcg@10 : 0.191    hit@10 : 0.6702    precision@10 : 0.1348    
Thu 12 Jan 2023 10:57:32 INFO Saving current best: saved/KGAT-Jan-12-2023_10-55-07.pth
Thu 12 Jan 2023 10:57:37 INFO epoch 27 training [time: 5.23s, train_loss1: 10.4292, train_loss2: 2.7350]
Thu 12 Jan 2023 10:57:37 INFO epoch 27 evaluating [time: 0.18s, valid_score: 0.334300]
Thu 12 Jan 2023 10:57:37 INFO valid result: 
recall@10 : 0.1747    mrr@10 : 0.3343    ndcg@10 : 0.193    hit@10 : 0.667    precision@10 : 0.1361    
Thu 12 Jan 2023 10:57:37 INFO Saving current best: saved/KGAT-Jan-12-2023_10-55-07.pth
Thu 12 Jan 2023 10:57:42 INFO epoch 28 training [time: 4.84s, train_loss1: 10.3174, train_loss2: 2.6158]
Thu 12 Jan 2023 10:57:42 INFO epoch 28 evaluating [time: 0.18s, valid_score: 0.335400]
Thu 12 Jan 2023 10:57:42 INFO valid result: 
recall@10 : 0.173    mrr@10 : 0.3354    ndcg@10 : 0.1926    hit@10 : 0.6628    precision@10 : 0.1353    
Thu 12 Jan 2023 10:57:43 INFO Saving current best: saved/KGAT-Jan-12-2023_10-55-07.pth
Thu 12 Jan 2023 10:57:47 INFO epoch 29 training [time: 4.63s, train_loss1: 10.1139, train_loss2: 2.4484]
Thu 12 Jan 2023 10:57:47 INFO epoch 29 evaluating [time: 0.18s, valid_score: 0.339900]
Thu 12 Jan 2023 10:57:47 INFO valid result: 
recall@10 : 0.1782    mrr@10 : 0.3399    ndcg@10 : 0.1967    hit@10 : 0.6744    precision@10 : 0.1375    
Thu 12 Jan 2023 10:57:47 INFO Saving current best: saved/KGAT-Jan-12-2023_10-55-07.pth
Thu 12 Jan 2023 10:57:53 INFO epoch 30 training [time: 5.53s, train_loss1: 10.0268, train_loss2: 2.4634]
Thu 12 Jan 2023 10:57:53 INFO epoch 30 evaluating [time: 0.18s, valid_score: 0.336600]
Thu 12 Jan 2023 10:57:53 INFO valid result: 
recall@10 : 0.1754    mrr@10 : 0.3366    ndcg@10 : 0.195    hit@10 : 0.667    precision@10 : 0.1368    
Thu 12 Jan 2023 10:57:58 INFO epoch 31 training [time: 5.29s, train_loss1: 9.8399, train_loss2: 2.3554]
Thu 12 Jan 2023 10:57:59 INFO epoch 31 evaluating [time: 0.18s, valid_score: 0.335000]
Thu 12 Jan 2023 10:57:59 INFO valid result: 
recall@10 : 0.1702    mrr@10 : 0.335    ndcg@10 : 0.1925    hit@10 : 0.6564    precision@10 : 0.1354    
Thu 12 Jan 2023 10:58:04 INFO epoch 32 training [time: 5.20s, train_loss1: 9.7757, train_loss2: 2.2921]
Thu 12 Jan 2023 10:58:04 INFO epoch 32 evaluating [time: 0.18s, valid_score: 0.339600]
Thu 12 Jan 2023 10:58:04 INFO valid result: 
recall@10 : 0.1737    mrr@10 : 0.3396    ndcg@10 : 0.1951    hit@10 : 0.6607    precision@10 : 0.1364    
Thu 12 Jan 2023 10:58:09 INFO epoch 33 training [time: 5.09s, train_loss1: 9.6979, train_loss2: 2.1833]
Thu 12 Jan 2023 10:58:09 INFO epoch 33 evaluating [time: 0.18s, valid_score: 0.345500]
Thu 12 Jan 2023 10:58:09 INFO valid result: 
recall@10 : 0.1768    mrr@10 : 0.3455    ndcg@10 : 0.199    hit@10 : 0.6681    precision@10 : 0.1393    
Thu 12 Jan 2023 10:58:09 INFO Saving current best: saved/KGAT-Jan-12-2023_10-55-07.pth
Thu 12 Jan 2023 10:58:14 INFO epoch 34 training [time: 4.53s, train_loss1: 9.5516, train_loss2: 2.1799]
Thu 12 Jan 2023 10:58:14 INFO epoch 34 evaluating [time: 0.18s, valid_score: 0.346200]
Thu 12 Jan 2023 10:58:14 INFO valid result: 
recall@10 : 0.1806    mrr@10 : 0.3462    ndcg@10 : 0.2016    hit@10 : 0.6713    precision@10 : 0.1408    
Thu 12 Jan 2023 10:58:14 INFO Saving current best: saved/KGAT-Jan-12-2023_10-55-07.pth
