Thu 05 Jan 2023 01:59:21 INFO General Hyper Parameters: 
gpu_id=0
use_gpu=True
seed=2020
state=INFO
reproducibility=True
data_path=/work/03/gu14/k36095/kgat_bai/recbole/config/../dataset_example/ml-100k
show_progress=True

Training Hyper Parameters: 
checkpoint_dir=saved
epochs=300
train_batch_size=2048
learner=adam
learning_rate=0.001
training_neg_sample_num=1
training_neg_sample_distribution=uniform
eval_step=1
stopping_step=10

Evaluation Hyper Parameters: 
eval_setting=RO_RS,full
group_by_user=True
split_ratio=[0.8, 0.1, 0.1]
leave_one_num=2
real_time_process=False
metrics=['Recall', 'MRR', 'NDCG', 'Hit', 'Precision']
topk=[10]
valid_metric=MRR@10
eval_batch_size=4096

Dataset Hyper Parameters: 
field_separator=	
seq_separator= 
USER_ID_FIELD=user_id
ITEM_ID_FIELD=item_id
RATING_FIELD=rating
TIME_FIELD=timestamp
seq_len=None
LABEL_FIELD=label
threshold=None
NEG_PREFIX=neg_
load_col={'inter': ['user_id', 'item_id', 'rating', 'timestamp'], 'kg': ['head_id', 'relation_id', 'tail_id'], 'link': ['item_id', 'entity_id']}
unload_col=None
unused_col=None
additional_feat_suffix=None
rm_dup_inter=None
lowest_val=None
highest_val=None
equal_val=None
not_equal_val=None
filter_inter_by_user_or_item=True
max_user_inter_num=None
min_user_inter_num=None
max_item_inter_num=None
min_item_inter_num=None
fields_in_same_space=None
preload_weight=None
normalize_field=None
normalize_all=True
ITEM_LIST_LENGTH_FIELD=item_length
LIST_SUFFIX=_list
MAX_ITEM_LIST_LENGTH=50
POSITION_FIELD=position_id
HEAD_ENTITY_ID_FIELD=head_id
TAIL_ENTITY_ID_FIELD=tail_id
RELATION_ID_FIELD=relation_id
ENTITY_ID_FIELD=entity_id


Thu 05 Jan 2023 01:59:26 INFO Note: detected 72 virtual cores but NumExpr set to maximum of 64, check "NUMEXPR_MAX_THREADS" environment variable.
Thu 05 Jan 2023 01:59:26 INFO Note: NumExpr detected 72 cores but "NUMEXPR_MAX_THREADS" not set, so enforcing safe limit of 8.
Thu 05 Jan 2023 01:59:32 INFO ml-100k
The number of users: 944
Average actions of users: 106.04453870625663
The number of items: 1683
Average actions of items: 59.45303210463734
The number of inters: 100000
The sparsity of the dataset: 93.70575143257098%
Remain Fields: ['entity_id', 'user_id', 'item_id', 'rating', 'timestamp', 'head_id', 'relation_id', 'tail_id']
The number of entities: 34713
The number of relations: 26
The number of triples: 91631
The number of items that have been linked to KG: 1598
Thu 05 Jan 2023 01:59:32 INFO Build [ModelType.KNOWLEDGE] DataLoader for [train] with format [InputType.PAIRWISE]
Thu 05 Jan 2023 01:59:32 INFO Evaluation Setting:
	Group by user_id
	Ordering: {'strategy': 'shuffle'}
	Splitting: {'strategy': 'by_ratio', 'ratios': [0.8, 0.1, 0.1]}
	Negative Sampling: {'strategy': 'by', 'distribution': 'uniform', 'by': 1}
Thu 05 Jan 2023 01:59:32 INFO batch_size = [[2048]], shuffle = [True]

Thu 05 Jan 2023 01:59:32 INFO Build [ModelType.KNOWLEDGE] DataLoader for [evaluation] with format [InputType.POINTWISE]
Thu 05 Jan 2023 01:59:32 INFO Evaluation Setting:
	Group by user_id
	Ordering: {'strategy': 'shuffle'}
	Splitting: {'strategy': 'by_ratio', 'ratios': [0.8, 0.1, 0.1]}
	Negative Sampling: {'strategy': 'full', 'distribution': 'uniform'}
Thu 05 Jan 2023 01:59:32 INFO batch_size = [[4096, 4096]], shuffle = [False]

Thu 05 Jan 2023 01:59:46 INFO KGAT(
  (user_embedding): Embedding(944, 64)
  (entity_embedding): Embedding(34713, 64)
  (relation_embedding): Embedding(26, 64)
  (trans_w): Embedding(26, 4096)
  (aggregator_layers): ModuleList(
    (0): Aggregator(
      (message_dropout): Dropout(p=0.1, inplace=False)
      (W1): Linear(in_features=64, out_features=64, bias=True)
      (W2): Linear(in_features=64, out_features=64, bias=True)
      (activation): LeakyReLU(negative_slope=0.01)
    )
  )
  (tanh): Tanh()
  (mf_loss): BPRLoss()
  (reg_loss): EmbLoss()
)
Trainable parameters: 2398528
Thu 05 Jan 2023 01:59:55 INFO epoch 0 training [time: 9.22s, train_loss1: 24.5024, train_loss2: 29.7665]
Thu 05 Jan 2023 01:59:55 INFO epoch 0 evaluating [time: 0.17s, valid_score: 0.079400]
Thu 05 Jan 2023 01:59:55 INFO valid result: 
recall@10 : 0.0323    mrr@10 : 0.0794    ndcg@10 : 0.0385    hit@10 : 0.2386    precision@10 : 0.0331    
Thu 05 Jan 2023 01:59:55 INFO Saving current best: saved/KGAT-Jan-05-2023_01-59-46.pth
Thu 05 Jan 2023 01:59:55 INFO epoch 1 training [time: 0.30s, train_loss1: 21.6789, train_loss2: 19.6259]
Thu 05 Jan 2023 01:59:56 INFO epoch 1 evaluating [time: 0.16s, valid_score: 0.132000]
Thu 05 Jan 2023 01:59:56 INFO valid result: 
recall@10 : 0.0577    mrr@10 : 0.132    ndcg@10 : 0.0668    hit@10 : 0.3584    precision@10 : 0.0549    
Thu 05 Jan 2023 01:59:56 INFO Saving current best: saved/KGAT-Jan-05-2023_01-59-46.pth
Thu 05 Jan 2023 01:59:56 INFO epoch 2 training [time: 0.30s, train_loss1: 18.2527, train_loss2: 12.5841]
Thu 05 Jan 2023 01:59:56 INFO epoch 2 evaluating [time: 0.16s, valid_score: 0.155900]
Thu 05 Jan 2023 01:59:56 INFO valid result: 
recall@10 : 0.0863    mrr@10 : 0.1559    ndcg@10 : 0.0902    hit@10 : 0.4422    precision@10 : 0.0707    
Thu 05 Jan 2023 01:59:56 INFO Saving current best: saved/KGAT-Jan-05-2023_01-59-46.pth
Thu 05 Jan 2023 01:59:56 INFO epoch 3 training [time: 0.30s, train_loss1: 17.1137, train_loss2: 10.2620]
Thu 05 Jan 2023 01:59:57 INFO epoch 3 evaluating [time: 0.16s, valid_score: 0.198000]
Thu 05 Jan 2023 01:59:57 INFO valid result: 
recall@10 : 0.1025    mrr@10 : 0.198    ndcg@10 : 0.1069    hit@10 : 0.5005    precision@10 : 0.0799    
Thu 05 Jan 2023 01:59:57 INFO Saving current best: saved/KGAT-Jan-05-2023_01-59-46.pth
Thu 05 Jan 2023 01:59:57 INFO epoch 4 training [time: 0.30s, train_loss1: 16.7217, train_loss2: 9.0652]
Thu 05 Jan 2023 01:59:57 INFO epoch 4 evaluating [time: 0.16s, valid_score: 0.188300]
Thu 05 Jan 2023 01:59:57 INFO valid result: 
recall@10 : 0.1007    mrr@10 : 0.1883    ndcg@10 : 0.1048    hit@10 : 0.4804    precision@10 : 0.0799    
Thu 05 Jan 2023 01:59:57 INFO epoch 5 training [time: 0.30s, train_loss1: 16.4855, train_loss2: 8.2982]
Thu 05 Jan 2023 01:59:58 INFO epoch 5 evaluating [time: 0.16s, valid_score: 0.190200]
Thu 05 Jan 2023 01:59:58 INFO valid result: 
recall@10 : 0.0965    mrr@10 : 0.1902    ndcg@10 : 0.1059    hit@10 : 0.4804    precision@10 : 0.0835    
Thu 05 Jan 2023 01:59:58 INFO epoch 6 training [time: 0.30s, train_loss1: 16.2558, train_loss2: 7.8987]
Thu 05 Jan 2023 01:59:58 INFO epoch 6 evaluating [time: 0.16s, valid_score: 0.212500]
Thu 05 Jan 2023 01:59:58 INFO valid result: 
recall@10 : 0.1058    mrr@10 : 0.2125    ndcg@10 : 0.1144    hit@10 : 0.5217    precision@10 : 0.087    
Thu 05 Jan 2023 01:59:58 INFO Saving current best: saved/KGAT-Jan-05-2023_01-59-46.pth
Thu 05 Jan 2023 01:59:58 INFO epoch 7 training [time: 0.30s, train_loss1: 16.0553, train_loss2: 7.3763]
Thu 05 Jan 2023 01:59:59 INFO epoch 7 evaluating [time: 0.16s, valid_score: 0.208400]
Thu 05 Jan 2023 01:59:59 INFO valid result: 
recall@10 : 0.1069    mrr@10 : 0.2084    ndcg@10 : 0.1145    hit@10 : 0.527    precision@10 : 0.0902    
Thu 05 Jan 2023 01:59:59 INFO epoch 8 training [time: 0.30s, train_loss1: 15.9153, train_loss2: 7.1209]
Thu 05 Jan 2023 01:59:59 INFO epoch 8 evaluating [time: 0.16s, valid_score: 0.222400]
Thu 05 Jan 2023 01:59:59 INFO valid result: 
recall@10 : 0.1125    mrr@10 : 0.2224    ndcg@10 : 0.1213    hit@10 : 0.5334    precision@10 : 0.0948    
Thu 05 Jan 2023 01:59:59 INFO Saving current best: saved/KGAT-Jan-05-2023_01-59-46.pth
Thu 05 Jan 2023 01:59:59 INFO epoch 9 training [time: 0.30s, train_loss1: 15.6562, train_loss2: 6.8082]
Thu 05 Jan 2023 01:59:59 INFO epoch 9 evaluating [time: 0.16s, valid_score: 0.221100]
Thu 05 Jan 2023 01:59:59 INFO valid result: 
recall@10 : 0.1258    mrr@10 : 0.2211    ndcg@10 : 0.1285    hit@10 : 0.561    precision@10 : 0.1012    
Thu 05 Jan 2023 02:00:00 INFO epoch 10 training [time: 0.30s, train_loss1: 15.4202, train_loss2: 6.5015]
Thu 05 Jan 2023 02:00:00 INFO epoch 10 evaluating [time: 0.16s, valid_score: 0.237900]
Thu 05 Jan 2023 02:00:00 INFO valid result: 
recall@10 : 0.1208    mrr@10 : 0.2379    ndcg@10 : 0.1309    hit@10 : 0.5589    precision@10 : 0.0999    
Thu 05 Jan 2023 02:00:00 INFO Saving current best: saved/KGAT-Jan-05-2023_01-59-46.pth
Thu 05 Jan 2023 02:00:00 INFO epoch 11 training [time: 0.30s, train_loss1: 15.2436, train_loss2: 6.3512]
Thu 05 Jan 2023 02:00:00 INFO epoch 11 evaluating [time: 0.16s, valid_score: 0.253700]
Thu 05 Jan 2023 02:00:00 INFO valid result: 
recall@10 : 0.1281    mrr@10 : 0.2537    ndcg@10 : 0.1398    hit@10 : 0.5726    precision@10 : 0.1038    
Thu 05 Jan 2023 02:00:00 INFO Saving current best: saved/KGAT-Jan-05-2023_01-59-46.pth
Thu 05 Jan 2023 02:00:01 INFO epoch 12 training [time: 0.30s, train_loss1: 14.8858, train_loss2: 6.1824]
Thu 05 Jan 2023 02:00:01 INFO epoch 12 evaluating [time: 0.16s, valid_score: 0.261700]
Thu 05 Jan 2023 02:00:01 INFO valid result: 
recall@10 : 0.136    mrr@10 : 0.2617    ndcg@10 : 0.1464    hit@10 : 0.596    precision@10 : 0.1093    
Thu 05 Jan 2023 02:00:01 INFO Saving current best: saved/KGAT-Jan-05-2023_01-59-46.pth
Thu 05 Jan 2023 02:00:01 INFO epoch 13 training [time: 0.30s, train_loss1: 14.5937, train_loss2: 5.7037]
Thu 05 Jan 2023 02:00:01 INFO epoch 13 evaluating [time: 0.16s, valid_score: 0.278300]
Thu 05 Jan 2023 02:00:01 INFO valid result: 
recall@10 : 0.1433    mrr@10 : 0.2783    ndcg@10 : 0.1561    hit@10 : 0.6129    precision@10 : 0.1145    
Thu 05 Jan 2023 02:00:01 INFO Saving current best: saved/KGAT-Jan-05-2023_01-59-46.pth
Thu 05 Jan 2023 02:00:02 INFO epoch 14 training [time: 0.30s, train_loss1: 14.2803, train_loss2: 5.4342]
Thu 05 Jan 2023 02:00:02 INFO epoch 14 evaluating [time: 0.16s, valid_score: 0.283900]
Thu 05 Jan 2023 02:00:02 INFO valid result: 
recall@10 : 0.1494    mrr@10 : 0.2839    ndcg@10 : 0.1618    hit@10 : 0.6193    precision@10 : 0.1187    
Thu 05 Jan 2023 02:00:02 INFO Saving current best: saved/KGAT-Jan-05-2023_01-59-46.pth
Thu 05 Jan 2023 02:00:02 INFO epoch 15 training [time: 0.30s, train_loss1: 13.8548, train_loss2: 5.0855]
Thu 05 Jan 2023 02:00:02 INFO epoch 15 evaluating [time: 0.16s, valid_score: 0.291800]
Thu 05 Jan 2023 02:00:02 INFO valid result: 
recall@10 : 0.1547    mrr@10 : 0.2918    ndcg@10 : 0.1677    hit@10 : 0.6352    precision@10 : 0.1229    
Thu 05 Jan 2023 02:00:02 INFO Saving current best: saved/KGAT-Jan-05-2023_01-59-46.pth
Thu 05 Jan 2023 02:00:03 INFO epoch 16 training [time: 0.30s, train_loss1: 13.5011, train_loss2: 4.7948]
Thu 05 Jan 2023 02:00:03 INFO epoch 16 evaluating [time: 0.16s, valid_score: 0.296300]
Thu 05 Jan 2023 02:00:03 INFO valid result: 
recall@10 : 0.1598    mrr@10 : 0.2963    ndcg@10 : 0.1732    hit@10 : 0.6363    precision@10 : 0.1258    
Thu 05 Jan 2023 02:00:03 INFO Saving current best: saved/KGAT-Jan-05-2023_01-59-46.pth
Thu 05 Jan 2023 02:00:03 INFO epoch 17 training [time: 0.30s, train_loss1: 13.0965, train_loss2: 4.6860]
Thu 05 Jan 2023 02:00:03 INFO epoch 17 evaluating [time: 0.16s, valid_score: 0.301700]
Thu 05 Jan 2023 02:00:03 INFO valid result: 
recall@10 : 0.1632    mrr@10 : 0.3017    ndcg@10 : 0.1774    hit@10 : 0.6384    precision@10 : 0.1284    
Thu 05 Jan 2023 02:00:03 INFO Saving current best: saved/KGAT-Jan-05-2023_01-59-46.pth
Thu 05 Jan 2023 02:00:04 INFO epoch 18 training [time: 0.30s, train_loss1: 12.6538, train_loss2: 4.4546]
Thu 05 Jan 2023 02:00:04 INFO epoch 18 evaluating [time: 0.16s, valid_score: 0.301800]
Thu 05 Jan 2023 02:00:04 INFO valid result: 
recall@10 : 0.1651    mrr@10 : 0.3018    ndcg@10 : 0.1798    hit@10 : 0.6511    precision@10 : 0.13    
Thu 05 Jan 2023 02:00:04 INFO Saving current best: saved/KGAT-Jan-05-2023_01-59-46.pth
Thu 05 Jan 2023 02:00:04 INFO epoch 19 training [time: 0.30s, train_loss1: 12.3579, train_loss2: 4.1705]
Thu 05 Jan 2023 02:00:04 INFO epoch 19 evaluating [time: 0.16s, valid_score: 0.306300]
Thu 05 Jan 2023 02:00:04 INFO valid result: 
recall@10 : 0.1665    mrr@10 : 0.3063    ndcg@10 : 0.1827    hit@10 : 0.6543    precision@10 : 0.1326    
Thu 05 Jan 2023 02:00:04 INFO Saving current best: saved/KGAT-Jan-05-2023_01-59-46.pth
Thu 05 Jan 2023 02:00:05 INFO epoch 20 training [time: 0.30s, train_loss1: 12.0034, train_loss2: 3.9650]
Thu 05 Jan 2023 02:00:05 INFO epoch 20 evaluating [time: 0.16s, valid_score: 0.311000]
Thu 05 Jan 2023 02:00:05 INFO valid result: 
recall@10 : 0.1706    mrr@10 : 0.311    ndcg@10 : 0.1853    hit@10 : 0.6638    precision@10 : 0.1332    
Thu 05 Jan 2023 02:00:05 INFO Saving current best: saved/KGAT-Jan-05-2023_01-59-46.pth
Thu 05 Jan 2023 02:00:05 INFO epoch 21 training [time: 0.30s, train_loss1: 11.6904, train_loss2: 3.5846]
Thu 05 Jan 2023 02:00:05 INFO epoch 21 evaluating [time: 0.16s, valid_score: 0.314900]
Thu 05 Jan 2023 02:00:05 INFO valid result: 
recall@10 : 0.1726    mrr@10 : 0.3149    ndcg@10 : 0.1874    hit@10 : 0.6649    precision@10 : 0.1349    
Thu 05 Jan 2023 02:00:05 INFO Saving current best: saved/KGAT-Jan-05-2023_01-59-46.pth
Thu 05 Jan 2023 02:00:06 INFO epoch 22 training [time: 0.30s, train_loss1: 11.4105, train_loss2: 3.3927]
Thu 05 Jan 2023 02:00:06 INFO epoch 22 evaluating [time: 0.16s, valid_score: 0.324700]
Thu 05 Jan 2023 02:00:06 INFO valid result: 
recall@10 : 0.1737    mrr@10 : 0.3247    ndcg@10 : 0.191    hit@10 : 0.6734    precision@10 : 0.1358    
Thu 05 Jan 2023 02:00:06 INFO Saving current best: saved/KGAT-Jan-05-2023_01-59-46.pth
Thu 05 Jan 2023 02:00:06 INFO epoch 23 training [time: 0.30s, train_loss1: 11.1366, train_loss2: 3.1801]
Thu 05 Jan 2023 02:00:06 INFO epoch 23 evaluating [time: 0.16s, valid_score: 0.326000]
Thu 05 Jan 2023 02:00:06 INFO valid result: 
recall@10 : 0.174    mrr@10 : 0.326    ndcg@10 : 0.1912    hit@10 : 0.667    precision@10 : 0.1361    
Thu 05 Jan 2023 02:00:06 INFO Saving current best: saved/KGAT-Jan-05-2023_01-59-46.pth
Thu 05 Jan 2023 02:00:07 INFO epoch 24 training [time: 0.30s, train_loss1: 10.9389, train_loss2: 2.9951]
Thu 05 Jan 2023 02:00:07 INFO epoch 24 evaluating [time: 0.16s, valid_score: 0.330000]
Thu 05 Jan 2023 02:00:07 INFO valid result: 
recall@10 : 0.1751    mrr@10 : 0.33    ndcg@10 : 0.1931    hit@10 : 0.666    precision@10 : 0.1376    
Thu 05 Jan 2023 02:00:07 INFO Saving current best: saved/KGAT-Jan-05-2023_01-59-46.pth
Thu 05 Jan 2023 02:00:07 INFO epoch 25 training [time: 0.30s, train_loss1: 10.6405, train_loss2: 2.9304]
Thu 05 Jan 2023 02:00:07 INFO epoch 25 evaluating [time: 0.16s, valid_score: 0.332900]
Thu 05 Jan 2023 02:00:07 INFO valid result: 
recall@10 : 0.1767    mrr@10 : 0.3329    ndcg@10 : 0.1951    hit@10 : 0.6713    precision@10 : 0.1383    
Thu 05 Jan 2023 02:00:07 INFO Saving current best: saved/KGAT-Jan-05-2023_01-59-46.pth
Thu 05 Jan 2023 02:00:08 INFO epoch 26 training [time: 0.30s, train_loss1: 10.5220, train_loss2: 2.7234]
Thu 05 Jan 2023 02:00:08 INFO epoch 26 evaluating [time: 0.16s, valid_score: 0.333400]
Thu 05 Jan 2023 02:00:08 INFO valid result: 
recall@10 : 0.1777    mrr@10 : 0.3334    ndcg@10 : 0.1956    hit@10 : 0.6713    precision@10 : 0.1383    
Thu 05 Jan 2023 02:00:08 INFO Saving current best: saved/KGAT-Jan-05-2023_01-59-46.pth
Thu 05 Jan 2023 02:00:08 INFO epoch 27 training [time: 0.30s, train_loss1: 10.3379, train_loss2: 2.6311]
Thu 05 Jan 2023 02:00:08 INFO epoch 27 evaluating [time: 0.16s, valid_score: 0.338200]
Thu 05 Jan 2023 02:00:08 INFO valid result: 
recall@10 : 0.1793    mrr@10 : 0.3382    ndcg@10 : 0.1978    hit@10 : 0.6723    precision@10 : 0.14    
Thu 05 Jan 2023 02:00:08 INFO Saving current best: saved/KGAT-Jan-05-2023_01-59-46.pth
Thu 05 Jan 2023 02:00:09 INFO epoch 28 training [time: 0.30s, train_loss1: 10.1173, train_loss2: 2.5293]
Thu 05 Jan 2023 02:00:09 INFO epoch 28 evaluating [time: 0.16s, valid_score: 0.342000]
Thu 05 Jan 2023 02:00:09 INFO valid result: 
recall@10 : 0.179    mrr@10 : 0.342    ndcg@10 : 0.1991    hit@10 : 0.6734    precision@10 : 0.1397    
Thu 05 Jan 2023 02:00:09 INFO Saving current best: saved/KGAT-Jan-05-2023_01-59-46.pth
Thu 05 Jan 2023 02:00:09 INFO epoch 29 training [time: 0.30s, train_loss1: 9.9893, train_loss2: 2.4536]
Thu 05 Jan 2023 02:00:09 INFO epoch 29 evaluating [time: 0.16s, valid_score: 0.343700]
Thu 05 Jan 2023 02:00:09 INFO valid result: 
recall@10 : 0.1817    mrr@10 : 0.3437    ndcg@10 : 0.2014    hit@10 : 0.6734    precision@10 : 0.141    
Thu 05 Jan 2023 02:00:09 INFO Saving current best: saved/KGAT-Jan-05-2023_01-59-46.pth
Thu 05 Jan 2023 02:00:10 INFO epoch 30 training [time: 0.30s, train_loss1: 9.8771, train_loss2: 2.4311]
Thu 05 Jan 2023 02:00:10 INFO epoch 30 evaluating [time: 0.16s, valid_score: 0.350200]
Thu 05 Jan 2023 02:00:10 INFO valid result: 
recall@10 : 0.1845    mrr@10 : 0.3502    ndcg@10 : 0.2038    hit@10 : 0.6787    precision@10 : 0.1415    
Thu 05 Jan 2023 02:00:10 INFO Saving current best: saved/KGAT-Jan-05-2023_01-59-46.pth
Thu 05 Jan 2023 02:00:10 INFO epoch 31 training [time: 0.30s, train_loss1: 9.7407, train_loss2: 2.2884]
Thu 05 Jan 2023 02:00:10 INFO epoch 31 evaluating [time: 0.16s, valid_score: 0.347500]
Thu 05 Jan 2023 02:00:10 INFO valid result: 
recall@10 : 0.1808    mrr@10 : 0.3475    ndcg@10 : 0.2012    hit@10 : 0.6713    precision@10 : 0.1399    
Thu 05 Jan 2023 02:00:11 INFO epoch 32 training [time: 0.31s, train_loss1: 9.6314, train_loss2: 2.3206]
Thu 05 Jan 2023 02:00:11 INFO epoch 32 evaluating [time: 0.16s, valid_score: 0.349500]
Thu 05 Jan 2023 02:00:11 INFO valid result: 
recall@10 : 0.1815    mrr@10 : 0.3495    ndcg@10 : 0.2028    hit@10 : 0.6734    precision@10 : 0.1402    
Thu 05 Jan 2023 02:00:11 INFO epoch 33 training [time: 0.30s, train_loss1: 9.4594, train_loss2: 2.1953]
Thu 05 Jan 2023 02:00:11 INFO epoch 33 evaluating [time: 0.16s, valid_score: 0.351100]
Thu 05 Jan 2023 02:00:11 INFO valid result: 
recall@10 : 0.1829    mrr@10 : 0.3511    ndcg@10 : 0.2036    hit@10 : 0.6787    precision@10 : 0.1411    
Thu 05 Jan 2023 02:00:11 INFO Saving current best: saved/KGAT-Jan-05-2023_01-59-46.pth
Thu 05 Jan 2023 02:00:12 INFO epoch 34 training [time: 0.30s, train_loss1: 9.3413, train_loss2: 2.1028]
Thu 05 Jan 2023 02:00:12 INFO epoch 34 evaluating [time: 0.16s, valid_score: 0.352500]
Thu 05 Jan 2023 02:00:12 INFO valid result: 
recall@10 : 0.1849    mrr@10 : 0.3525    ndcg@10 : 0.2052    hit@10 : 0.684    precision@10 : 0.1426    
Thu 05 Jan 2023 02:00:12 INFO Saving current best: saved/KGAT-Jan-05-2023_01-59-46.pth
Thu 05 Jan 2023 02:00:12 INFO epoch 35 training [time: 0.30s, train_loss1: 9.3355, train_loss2: 2.0358]
Thu 05 Jan 2023 02:00:12 INFO epoch 35 evaluating [time: 0.16s, valid_score: 0.355300]
Thu 05 Jan 2023 02:00:12 INFO valid result: 
recall@10 : 0.1842    mrr@10 : 0.3553    ndcg@10 : 0.2055    hit@10 : 0.6808    precision@10 : 0.1424    
Thu 05 Jan 2023 02:00:12 INFO Saving current best: saved/KGAT-Jan-05-2023_01-59-46.pth
Thu 05 Jan 2023 02:00:13 INFO epoch 36 training [time: 0.30s, train_loss1: 9.2021, train_loss2: 2.0597]
Thu 05 Jan 2023 02:00:13 INFO epoch 36 evaluating [time: 0.16s, valid_score: 0.357500]
Thu 05 Jan 2023 02:00:13 INFO valid result: 
recall@10 : 0.1874    mrr@10 : 0.3575    ndcg@10 : 0.2068    hit@10 : 0.6957    precision@10 : 0.1431    
Thu 05 Jan 2023 02:00:13 INFO Saving current best: saved/KGAT-Jan-05-2023_01-59-46.pth
Thu 05 Jan 2023 02:00:13 INFO epoch 37 training [time: 0.30s, train_loss1: 9.0642, train_loss2: 1.9168]
Thu 05 Jan 2023 02:00:13 INFO epoch 37 evaluating [time: 0.16s, valid_score: 0.361400]
Thu 05 Jan 2023 02:00:13 INFO valid result: 
recall@10 : 0.1866    mrr@10 : 0.3614    ndcg@10 : 0.2072    hit@10 : 0.6925    precision@10 : 0.1424    
Thu 05 Jan 2023 02:00:13 INFO Saving current best: saved/KGAT-Jan-05-2023_01-59-46.pth
Thu 05 Jan 2023 02:00:14 INFO epoch 38 training [time: 0.30s, train_loss1: 8.9911, train_loss2: 1.9156]
Thu 05 Jan 2023 02:00:14 INFO epoch 38 evaluating [time: 0.16s, valid_score: 0.354700]
Thu 05 Jan 2023 02:00:14 INFO valid result: 
recall@10 : 0.1848    mrr@10 : 0.3547    ndcg@10 : 0.2055    hit@10 : 0.6872    precision@10 : 0.1417    
Thu 05 Jan 2023 02:00:14 INFO epoch 39 training [time: 0.30s, train_loss1: 8.8799, train_loss2: 1.9081]
Thu 05 Jan 2023 02:00:14 INFO epoch 39 evaluating [time: 0.16s, valid_score: 0.356700]
Thu 05 Jan 2023 02:00:14 INFO valid result: 
recall@10 : 0.1872    mrr@10 : 0.3567    ndcg@10 : 0.2069    hit@10 : 0.6914    precision@10 : 0.1434    
Thu 05 Jan 2023 02:00:15 INFO epoch 40 training [time: 0.30s, train_loss1: 8.7317, train_loss2: 1.8470]
Thu 05 Jan 2023 02:00:15 INFO epoch 40 evaluating [time: 0.16s, valid_score: 0.355800]
Thu 05 Jan 2023 02:00:15 INFO valid result: 
recall@10 : 0.1885    mrr@10 : 0.3558    ndcg@10 : 0.2077    hit@10 : 0.6882    precision@10 : 0.1445    
Thu 05 Jan 2023 02:00:15 INFO epoch 41 training [time: 0.30s, train_loss1: 8.6701, train_loss2: 1.7954]
Thu 05 Jan 2023 02:00:15 INFO epoch 41 evaluating [time: 0.16s, valid_score: 0.357900]
Thu 05 Jan 2023 02:00:15 INFO valid result: 
recall@10 : 0.1895    mrr@10 : 0.3579    ndcg@10 : 0.2089    hit@10 : 0.6935    precision@10 : 0.1458    
Thu 05 Jan 2023 02:00:15 INFO epoch 42 training [time: 0.30s, train_loss1: 8.6675, train_loss2: 1.7924]
Thu 05 Jan 2023 02:00:16 INFO epoch 42 evaluating [time: 0.16s, valid_score: 0.356800]
Thu 05 Jan 2023 02:00:16 INFO valid result: 
recall@10 : 0.1924    mrr@10 : 0.3568    ndcg@10 : 0.2102    hit@10 : 0.6999    precision@10 : 0.1471    
Thu 05 Jan 2023 02:00:16 INFO epoch 43 training [time: 0.30s, train_loss1: 8.4726, train_loss2: 1.7515]
Thu 05 Jan 2023 02:00:16 INFO epoch 43 evaluating [time: 0.16s, valid_score: 0.356800]
Thu 05 Jan 2023 02:00:16 INFO valid result: 
recall@10 : 0.1899    mrr@10 : 0.3568    ndcg@10 : 0.2099    hit@10 : 0.6988    precision@10 : 0.1459    
Thu 05 Jan 2023 02:00:16 INFO epoch 44 training [time: 0.30s, train_loss1: 8.3894, train_loss2: 1.7737]
Thu 05 Jan 2023 02:00:17 INFO epoch 44 evaluating [time: 0.16s, valid_score: 0.353800]
Thu 05 Jan 2023 02:00:17 INFO valid result: 
recall@10 : 0.1941    mrr@10 : 0.3538    ndcg@10 : 0.2112    hit@10 : 0.7052    precision@10 : 0.148    
Thu 05 Jan 2023 02:00:17 INFO epoch 45 training [time: 0.30s, train_loss1: 8.2711, train_loss2: 1.7808]
Thu 05 Jan 2023 02:00:17 INFO epoch 45 evaluating [time: 0.16s, valid_score: 0.358900]
Thu 05 Jan 2023 02:00:17 INFO valid result: 
recall@10 : 0.1941    mrr@10 : 0.3589    ndcg@10 : 0.2131    hit@10 : 0.7052    precision@10 : 0.1485    
Thu 05 Jan 2023 02:00:17 INFO epoch 46 training [time: 0.30s, train_loss1: 8.2312, train_loss2: 1.6859]
Thu 05 Jan 2023 02:00:17 INFO epoch 46 evaluating [time: 0.16s, valid_score: 0.353800]
Thu 05 Jan 2023 02:00:17 INFO valid result: 
recall@10 : 0.1965    mrr@10 : 0.3538    ndcg@10 : 0.2117    hit@10 : 0.7126    precision@10 : 0.1483    
Thu 05 Jan 2023 02:00:18 INFO epoch 47 training [time: 0.30s, train_loss1: 8.1452, train_loss2: 1.6720]
Thu 05 Jan 2023 02:00:18 INFO epoch 47 evaluating [time: 0.16s, valid_score: 0.359900]
Thu 05 Jan 2023 02:00:18 INFO valid result: 
recall@10 : 0.1975    mrr@10 : 0.3599    ndcg@10 : 0.2129    hit@10 : 0.72    precision@10 : 0.1488    
Thu 05 Jan 2023 02:00:18 INFO epoch 48 training [time: 0.30s, train_loss1: 8.0650, train_loss2: 1.5861]
Thu 05 Jan 2023 02:00:18 INFO epoch 48 evaluating [time: 0.16s, valid_score: 0.353100]
Thu 05 Jan 2023 02:00:18 INFO valid result: 
recall@10 : 0.1958    mrr@10 : 0.3531    ndcg@10 : 0.2109    hit@10 : 0.7073    precision@10 : 0.1486    
Thu 05 Jan 2023 02:00:18 INFO Finished training, best eval result in epoch 37
Thu 05 Jan 2023 02:00:19 INFO epoch 0 training [time: 0.30s, train_loss1: 24.3599, train_loss2: 29.6347]
Thu 05 Jan 2023 02:00:19 INFO epoch 0 evaluating [time: 0.16s, valid_score: 0.082800]
Thu 05 Jan 2023 02:00:19 INFO valid result: 
recall@10 : 0.0352    mrr@10 : 0.0828    ndcg@10 : 0.0396    hit@10 : 0.2545    precision@10 : 0.0322    
Thu 05 Jan 2023 02:00:19 INFO Saving current best: saved/KGAT-Jan-05-2023_02-00-19.pth
Thu 05 Jan 2023 02:00:19 INFO epoch 1 training [time: 0.31s, train_loss1: 21.6239, train_loss2: 19.3213]
Thu 05 Jan 2023 02:00:19 INFO epoch 1 evaluating [time: 0.16s, valid_score: 0.123400]
Thu 05 Jan 2023 02:00:19 INFO valid result: 
recall@10 : 0.057    mrr@10 : 0.1234    ndcg@10 : 0.0631    hit@10 : 0.3499    precision@10 : 0.0508    
Thu 05 Jan 2023 02:00:20 INFO Saving current best: saved/KGAT-Jan-05-2023_02-00-19.pth
Thu 05 Jan 2023 02:00:20 INFO epoch 2 training [time: 0.31s, train_loss1: 17.5024, train_loss2: 12.6262]
Thu 05 Jan 2023 02:00:20 INFO epoch 2 evaluating [time: 0.16s, valid_score: 0.168400]
Thu 05 Jan 2023 02:00:20 INFO valid result: 
recall@10 : 0.0769    mrr@10 : 0.1684    ndcg@10 : 0.0854    hit@10 : 0.4189    precision@10 : 0.0651    
Thu 05 Jan 2023 02:00:20 INFO Saving current best: saved/KGAT-Jan-05-2023_02-00-19.pth
Thu 05 Jan 2023 02:00:20 INFO epoch 3 training [time: 0.30s, train_loss1: 17.0142, train_loss2: 10.2541]
Thu 05 Jan 2023 02:00:20 INFO epoch 3 evaluating [time: 0.16s, valid_score: 0.187000]
Thu 05 Jan 2023 02:00:20 INFO valid result: 
recall@10 : 0.0947    mrr@10 : 0.187    ndcg@10 : 0.0996    hit@10 : 0.4761    precision@10 : 0.0743    
Thu 05 Jan 2023 02:00:21 INFO Saving current best: saved/KGAT-Jan-05-2023_02-00-19.pth
Thu 05 Jan 2023 02:00:21 INFO epoch 4 training [time: 0.30s, train_loss1: 16.7034, train_loss2: 9.0171]
Thu 05 Jan 2023 02:00:21 INFO epoch 4 evaluating [time: 0.16s, valid_score: 0.212900]
Thu 05 Jan 2023 02:00:21 INFO valid result: 
recall@10 : 0.107    mrr@10 : 0.2129    ndcg@10 : 0.1129    hit@10 : 0.5111    precision@10 : 0.0824    
Thu 05 Jan 2023 02:00:21 INFO Saving current best: saved/KGAT-Jan-05-2023_02-00-19.pth
Thu 05 Jan 2023 02:00:21 INFO epoch 5 training [time: 0.30s, train_loss1: 16.4999, train_loss2: 8.2864]
Thu 05 Jan 2023 02:00:21 INFO epoch 5 evaluating [time: 0.16s, valid_score: 0.207800]
Thu 05 Jan 2023 02:00:21 INFO valid result: 
recall@10 : 0.1067    mrr@10 : 0.2078    ndcg@10 : 0.1139    hit@10 : 0.4963    precision@10 : 0.0854    
Thu 05 Jan 2023 02:00:22 INFO epoch 6 training [time: 0.31s, train_loss1: 16.3409, train_loss2: 7.7313]
Thu 05 Jan 2023 02:00:22 INFO epoch 6 evaluating [time: 0.16s, valid_score: 0.205600]
Thu 05 Jan 2023 02:00:22 INFO valid result: 
recall@10 : 0.1057    mrr@10 : 0.2056    ndcg@10 : 0.1134    hit@10 : 0.5143    precision@10 : 0.0856    
Thu 05 Jan 2023 02:00:22 INFO epoch 7 training [time: 0.30s, train_loss1: 16.1743, train_loss2: 7.4541]
Thu 05 Jan 2023 02:00:22 INFO epoch 7 evaluating [time: 0.16s, valid_score: 0.215300]
Thu 05 Jan 2023 02:00:22 INFO valid result: 
recall@10 : 0.1065    mrr@10 : 0.2153    ndcg@10 : 0.1162    hit@10 : 0.509    precision@10 : 0.0876    
Thu 05 Jan 2023 02:00:22 INFO Saving current best: saved/KGAT-Jan-05-2023_02-00-19.pth
Thu 05 Jan 2023 02:00:23 INFO epoch 8 training [time: 0.30s, train_loss1: 15.9940, train_loss2: 7.0449]
Thu 05 Jan 2023 02:00:23 INFO epoch 8 evaluating [time: 0.16s, valid_score: 0.233200]
Thu 05 Jan 2023 02:00:23 INFO valid result: 
recall@10 : 0.1151    mrr@10 : 0.2332    ndcg@10 : 0.125    hit@10 : 0.5366    precision@10 : 0.0917    
Thu 05 Jan 2023 02:00:23 INFO Saving current best: saved/KGAT-Jan-05-2023_02-00-19.pth
Thu 05 Jan 2023 02:00:23 INFO epoch 9 training [time: 0.30s, train_loss1: 15.8229, train_loss2: 6.8097]
Thu 05 Jan 2023 02:00:23 INFO epoch 9 evaluating [time: 0.16s, valid_score: 0.235800]
Thu 05 Jan 2023 02:00:23 INFO valid result: 
recall@10 : 0.1142    mrr@10 : 0.2358    ndcg@10 : 0.1262    hit@10 : 0.5387    precision@10 : 0.0951    
Thu 05 Jan 2023 02:00:23 INFO Saving current best: saved/KGAT-Jan-05-2023_02-00-19.pth
Thu 05 Jan 2023 02:00:24 INFO epoch 10 training [time: 0.30s, train_loss1: 15.5886, train_loss2: 6.4865]
Thu 05 Jan 2023 02:00:24 INFO epoch 10 evaluating [time: 0.16s, valid_score: 0.239100]
Thu 05 Jan 2023 02:00:24 INFO valid result: 
recall@10 : 0.1244    mrr@10 : 0.2391    ndcg@10 : 0.1338    hit@10 : 0.5546    precision@10 : 0.1008    
Thu 05 Jan 2023 02:00:24 INFO Saving current best: saved/KGAT-Jan-05-2023_02-00-19.pth
Thu 05 Jan 2023 02:00:24 INFO epoch 11 training [time: 0.30s, train_loss1: 15.3317, train_loss2: 6.0471]
Thu 05 Jan 2023 02:00:24 INFO epoch 11 evaluating [time: 0.16s, valid_score: 0.262400]
Thu 05 Jan 2023 02:00:24 INFO valid result: 
recall@10 : 0.1316    mrr@10 : 0.2624    ndcg@10 : 0.1422    hit@10 : 0.5695    precision@10 : 0.1043    
Thu 05 Jan 2023 02:00:24 INFO Saving current best: saved/KGAT-Jan-05-2023_02-00-19.pth
Thu 05 Jan 2023 02:00:25 INFO epoch 12 training [time: 0.30s, train_loss1: 15.0962, train_loss2: 5.7809]
Thu 05 Jan 2023 02:00:25 INFO epoch 12 evaluating [time: 0.16s, valid_score: 0.265500]
Thu 05 Jan 2023 02:00:25 INFO valid result: 
recall@10 : 0.1412    mrr@10 : 0.2655    ndcg@10 : 0.1488    hit@10 : 0.5949    precision@10 : 0.1109    
Thu 05 Jan 2023 02:00:25 INFO Saving current best: saved/KGAT-Jan-05-2023_02-00-19.pth
Thu 05 Jan 2023 02:00:25 INFO epoch 13 training [time: 0.30s, train_loss1: 14.7241, train_loss2: 5.3790]
Thu 05 Jan 2023 02:00:25 INFO epoch 13 evaluating [time: 0.16s, valid_score: 0.270400]
Thu 05 Jan 2023 02:00:25 INFO valid result: 
recall@10 : 0.1425    mrr@10 : 0.2704    ndcg@10 : 0.1531    hit@10 : 0.597    precision@10 : 0.1131    
Thu 05 Jan 2023 02:00:25 INFO Saving current best: saved/KGAT-Jan-05-2023_02-00-19.pth
Thu 05 Jan 2023 02:00:26 INFO epoch 14 training [time: 0.30s, train_loss1: 14.4288, train_loss2: 5.0969]
Thu 05 Jan 2023 02:00:26 INFO epoch 14 evaluating [time: 0.16s, valid_score: 0.277200]
Thu 05 Jan 2023 02:00:26 INFO valid result: 
recall@10 : 0.1484    mrr@10 : 0.2772    ndcg@10 : 0.1589    hit@10 : 0.6087    precision@10 : 0.1161    
Thu 05 Jan 2023 02:00:26 INFO Saving current best: saved/KGAT-Jan-05-2023_02-00-19.pth
Thu 05 Jan 2023 02:00:26 INFO epoch 15 training [time: 0.30s, train_loss1: 14.0554, train_loss2: 4.9034]
Thu 05 Jan 2023 02:00:26 INFO epoch 15 evaluating [time: 0.16s, valid_score: 0.283200]
Thu 05 Jan 2023 02:00:26 INFO valid result: 
recall@10 : 0.1537    mrr@10 : 0.2832    ndcg@10 : 0.1646    hit@10 : 0.6193    precision@10 : 0.1195    
Thu 05 Jan 2023 02:00:26 INFO Saving current best: saved/KGAT-Jan-05-2023_02-00-19.pth
Thu 05 Jan 2023 02:00:27 INFO epoch 16 training [time: 0.30s, train_loss1: 13.7073, train_loss2: 4.4980]
Thu 05 Jan 2023 02:00:27 INFO epoch 16 evaluating [time: 0.16s, valid_score: 0.290600]
Thu 05 Jan 2023 02:00:27 INFO valid result: 
recall@10 : 0.1589    mrr@10 : 0.2906    ndcg@10 : 0.1698    hit@10 : 0.6288    precision@10 : 0.1232    
Thu 05 Jan 2023 02:00:27 INFO Saving current best: saved/KGAT-Jan-05-2023_02-00-19.pth
Thu 05 Jan 2023 02:00:27 INFO epoch 17 training [time: 0.30s, train_loss1: 13.4025, train_loss2: 4.2605]
Thu 05 Jan 2023 02:00:27 INFO epoch 17 evaluating [time: 0.16s, valid_score: 0.294300]
Thu 05 Jan 2023 02:00:27 INFO valid result: 
recall@10 : 0.163    mrr@10 : 0.2943    ndcg@10 : 0.1736    hit@10 : 0.6426    precision@10 : 0.1253    
Thu 05 Jan 2023 02:00:27 INFO Saving current best: saved/KGAT-Jan-05-2023_02-00-19.pth
Thu 05 Jan 2023 02:00:28 INFO epoch 18 training [time: 0.30s, train_loss1: 12.9818, train_loss2: 3.9257]
Thu 05 Jan 2023 02:00:28 INFO epoch 18 evaluating [time: 0.16s, valid_score: 0.298100]
Thu 05 Jan 2023 02:00:28 INFO valid result: 
recall@10 : 0.1645    mrr@10 : 0.2981    ndcg@10 : 0.176    hit@10 : 0.6416    precision@10 : 0.126    
Thu 05 Jan 2023 02:00:28 INFO Saving current best: saved/KGAT-Jan-05-2023_02-00-19.pth
Thu 05 Jan 2023 02:00:28 INFO epoch 19 training [time: 0.30s, train_loss1: 12.6264, train_loss2: 3.7854]
Thu 05 Jan 2023 02:00:28 INFO epoch 19 evaluating [time: 0.16s, valid_score: 0.303600]
Thu 05 Jan 2023 02:00:28 INFO valid result: 
recall@10 : 0.161    mrr@10 : 0.3036    ndcg@10 : 0.1771    hit@10 : 0.6341    precision@10 : 0.1263    
Thu 05 Jan 2023 02:00:28 INFO Saving current best: saved/KGAT-Jan-05-2023_02-00-19.pth
Thu 05 Jan 2023 02:00:29 INFO epoch 20 training [time: 0.30s, train_loss1: 12.2592, train_loss2: 3.5348]
Thu 05 Jan 2023 02:00:29 INFO epoch 20 evaluating [time: 0.16s, valid_score: 0.311900]
Thu 05 Jan 2023 02:00:29 INFO valid result: 
recall@10 : 0.1662    mrr@10 : 0.3119    ndcg@10 : 0.1812    hit@10 : 0.649    precision@10 : 0.1278    
Thu 05 Jan 2023 02:00:29 INFO Saving current best: saved/KGAT-Jan-05-2023_02-00-19.pth
Thu 05 Jan 2023 02:00:29 INFO epoch 21 training [time: 0.30s, train_loss1: 11.9671, train_loss2: 3.4834]
Thu 05 Jan 2023 02:00:29 INFO epoch 21 evaluating [time: 0.16s, valid_score: 0.314400]
Thu 05 Jan 2023 02:00:29 INFO valid result: 
recall@10 : 0.1679    mrr@10 : 0.3144    ndcg@10 : 0.1838    hit@10 : 0.6554    precision@10 : 0.129    
Thu 05 Jan 2023 02:00:29 INFO Saving current best: saved/KGAT-Jan-05-2023_02-00-19.pth
Thu 05 Jan 2023 02:00:30 INFO epoch 22 training [time: 0.30s, train_loss1: 11.6588, train_loss2: 3.2547]
Thu 05 Jan 2023 02:00:30 INFO epoch 22 evaluating [time: 0.16s, valid_score: 0.320300]
Thu 05 Jan 2023 02:00:30 INFO valid result: 
recall@10 : 0.1717    mrr@10 : 0.3203    ndcg@10 : 0.1872    hit@10 : 0.6628    precision@10 : 0.1314    
Thu 05 Jan 2023 02:00:30 INFO Saving current best: saved/KGAT-Jan-05-2023_02-00-19.pth
Thu 05 Jan 2023 02:00:30 INFO epoch 23 training [time: 0.30s, train_loss1: 11.3621, train_loss2: 3.1203]
Thu 05 Jan 2023 02:00:30 INFO epoch 23 evaluating [time: 0.16s, valid_score: 0.327300]
Thu 05 Jan 2023 02:00:30 INFO valid result: 
recall@10 : 0.1719    mrr@10 : 0.3273    ndcg@10 : 0.1887    hit@10 : 0.6628    precision@10 : 0.1318    
Thu 05 Jan 2023 02:00:30 INFO Saving current best: saved/KGAT-Jan-05-2023_02-00-19.pth
Thu 05 Jan 2023 02:00:31 INFO epoch 24 training [time: 0.30s, train_loss1: 11.1690, train_loss2: 3.0339]
Thu 05 Jan 2023 02:00:31 INFO epoch 24 evaluating [time: 0.16s, valid_score: 0.331000]
Thu 05 Jan 2023 02:00:31 INFO valid result: 
recall@10 : 0.1735    mrr@10 : 0.331    ndcg@10 : 0.1909    hit@10 : 0.6607    precision@10 : 0.1331    
Thu 05 Jan 2023 02:00:31 INFO Saving current best: saved/KGAT-Jan-05-2023_02-00-19.pth
Thu 05 Jan 2023 02:00:31 INFO epoch 25 training [time: 0.30s, train_loss1: 10.9584, train_loss2: 2.8312]
Thu 05 Jan 2023 02:00:31 INFO epoch 25 evaluating [time: 0.16s, valid_score: 0.334900]
Thu 05 Jan 2023 02:00:31 INFO valid result: 
recall@10 : 0.1734    mrr@10 : 0.3349    ndcg@10 : 0.1938    hit@10 : 0.6628    precision@10 : 0.1347    
Thu 05 Jan 2023 02:00:31 INFO Saving current best: saved/KGAT-Jan-05-2023_02-00-19.pth
Thu 05 Jan 2023 02:00:32 INFO epoch 26 training [time: 0.30s, train_loss1: 10.7136, train_loss2: 2.8018]
Thu 05 Jan 2023 02:00:32 INFO epoch 26 evaluating [time: 0.16s, valid_score: 0.332700]
Thu 05 Jan 2023 02:00:32 INFO valid result: 
recall@10 : 0.1748    mrr@10 : 0.3327    ndcg@10 : 0.1939    hit@10 : 0.6628    precision@10 : 0.1344    
Thu 05 Jan 2023 02:00:32 INFO epoch 27 training [time: 0.30s, train_loss1: 10.5997, train_loss2: 2.6631]
Thu 05 Jan 2023 02:00:32 INFO epoch 27 evaluating [time: 0.16s, valid_score: 0.335100]
Thu 05 Jan 2023 02:00:32 INFO valid result: 
recall@10 : 0.1758    mrr@10 : 0.3351    ndcg@10 : 0.1956    hit@10 : 0.6766    precision@10 : 0.1371    
Thu 05 Jan 2023 02:00:32 INFO Saving current best: saved/KGAT-Jan-05-2023_02-00-19.pth
Thu 05 Jan 2023 02:00:33 INFO epoch 28 training [time: 0.30s, train_loss1: 10.4485, train_loss2: 2.6130]
Thu 05 Jan 2023 02:00:33 INFO epoch 28 evaluating [time: 0.16s, valid_score: 0.335900]
Thu 05 Jan 2023 02:00:33 INFO valid result: 
recall@10 : 0.1745    mrr@10 : 0.3359    ndcg@10 : 0.1944    hit@10 : 0.6766    precision@10 : 0.1352    
Thu 05 Jan 2023 02:00:33 INFO Saving current best: saved/KGAT-Jan-05-2023_02-00-19.pth
Thu 05 Jan 2023 02:00:33 INFO epoch 29 training [time: 0.30s, train_loss1: 10.2175, train_loss2: 2.5525]
Thu 05 Jan 2023 02:00:33 INFO epoch 29 evaluating [time: 0.16s, valid_score: 0.338600]
Thu 05 Jan 2023 02:00:33 INFO valid result: 
recall@10 : 0.1741    mrr@10 : 0.3386    ndcg@10 : 0.1956    hit@10 : 0.6734    precision@10 : 0.1366    
Thu 05 Jan 2023 02:00:33 INFO Saving current best: saved/KGAT-Jan-05-2023_02-00-19.pth
Thu 05 Jan 2023 02:00:34 INFO epoch 30 training [time: 0.30s, train_loss1: 10.0493, train_loss2: 2.4393]
Thu 05 Jan 2023 02:00:34 INFO epoch 30 evaluating [time: 0.16s, valid_score: 0.339100]
Thu 05 Jan 2023 02:00:34 INFO valid result: 
recall@10 : 0.1748    mrr@10 : 0.3391    ndcg@10 : 0.1963    hit@10 : 0.6744    precision@10 : 0.1371    
Thu 05 Jan 2023 02:00:34 INFO Saving current best: saved/KGAT-Jan-05-2023_02-00-19.pth
Thu 05 Jan 2023 02:00:34 INFO epoch 31 training [time: 0.30s, train_loss1: 9.9193, train_loss2: 2.4477]
Thu 05 Jan 2023 02:00:34 INFO epoch 31 evaluating [time: 0.16s, valid_score: 0.342100]
Thu 05 Jan 2023 02:00:34 INFO valid result: 
recall@10 : 0.1745    mrr@10 : 0.3421    ndcg@10 : 0.1977    hit@10 : 0.6702    precision@10 : 0.1376    
Thu 05 Jan 2023 02:00:34 INFO Saving current best: saved/KGAT-Jan-05-2023_02-00-19.pth
Thu 05 Jan 2023 02:00:35 INFO epoch 32 training [time: 0.30s, train_loss1: 9.8033, train_loss2: 2.3247]
Thu 05 Jan 2023 02:00:35 INFO epoch 32 evaluating [time: 0.16s, valid_score: 0.347400]
Thu 05 Jan 2023 02:00:35 INFO valid result: 
recall@10 : 0.1753    mrr@10 : 0.3474    ndcg@10 : 0.1986    hit@10 : 0.6744    precision@10 : 0.1379    
Thu 05 Jan 2023 02:00:35 INFO Saving current best: saved/KGAT-Jan-05-2023_02-00-19.pth
Thu 05 Jan 2023 02:00:35 INFO epoch 33 training [time: 0.30s, train_loss1: 9.7056, train_loss2: 2.3073]
Thu 05 Jan 2023 02:00:35 INFO epoch 33 evaluating [time: 0.16s, valid_score: 0.347400]
Thu 05 Jan 2023 02:00:35 INFO valid result: 
recall@10 : 0.1759    mrr@10 : 0.3474    ndcg@10 : 0.1987    hit@10 : 0.6723    precision@10 : 0.1379    
Thu 05 Jan 2023 02:00:36 INFO epoch 34 training [time: 0.30s, train_loss1: 9.4862, train_loss2: 2.2284]
Thu 05 Jan 2023 02:00:36 INFO epoch 34 evaluating [time: 0.16s, valid_score: 0.346300]
Thu 05 Jan 2023 02:00:36 INFO valid result: 
recall@10 : 0.1791    mrr@10 : 0.3463    ndcg@10 : 0.1999    hit@10 : 0.6744    precision@10 : 0.1389    
Thu 05 Jan 2023 02:00:36 INFO epoch 35 training [time: 0.30s, train_loss1: 9.4101, train_loss2: 2.1741]
Thu 05 Jan 2023 02:00:36 INFO epoch 35 evaluating [time: 0.16s, valid_score: 0.351100]
Thu 05 Jan 2023 02:00:36 INFO valid result: 
recall@10 : 0.1798    mrr@10 : 0.3511    ndcg@10 : 0.2015    hit@10 : 0.6829    precision@10 : 0.1399    
Thu 05 Jan 2023 02:00:36 INFO Saving current best: saved/KGAT-Jan-05-2023_02-00-19.pth
Thu 05 Jan 2023 02:00:37 INFO epoch 36 training [time: 0.30s, train_loss1: 9.3803, train_loss2: 2.1350]
Thu 05 Jan 2023 02:00:37 INFO epoch 36 evaluating [time: 0.16s, valid_score: 0.346700]
Thu 05 Jan 2023 02:00:37 INFO valid result: 
recall@10 : 0.1815    mrr@10 : 0.3467    ndcg@10 : 0.2013    hit@10 : 0.6797    precision@10 : 0.1394    
Thu 05 Jan 2023 02:00:37 INFO epoch 37 training [time: 0.30s, train_loss1: 9.1930, train_loss2: 2.0666]
Thu 05 Jan 2023 02:00:37 INFO epoch 37 evaluating [time: 0.16s, valid_score: 0.353200]
Thu 05 Jan 2023 02:00:37 INFO valid result: 
recall@10 : 0.1875    mrr@10 : 0.3532    ndcg@10 : 0.2045    hit@10 : 0.6957    precision@10 : 0.1416    
Thu 05 Jan 2023 02:00:37 INFO Saving current best: saved/KGAT-Jan-05-2023_02-00-19.pth
Thu 05 Jan 2023 02:00:37 INFO epoch 38 training [time: 0.30s, train_loss1: 9.0572, train_loss2: 2.0849]
Thu 05 Jan 2023 02:00:38 INFO epoch 38 evaluating [time: 0.16s, valid_score: 0.350700]
Thu 05 Jan 2023 02:00:38 INFO valid result: 
recall@10 : 0.1873    mrr@10 : 0.3507    ndcg@10 : 0.2048    hit@10 : 0.6903    precision@10 : 0.1418    
Thu 05 Jan 2023 02:00:38 INFO epoch 39 training [time: 0.30s, train_loss1: 8.9947, train_loss2: 1.9127]
Thu 05 Jan 2023 02:00:38 INFO epoch 39 evaluating [time: 0.16s, valid_score: 0.353700]
Thu 05 Jan 2023 02:00:38 INFO valid result: 
recall@10 : 0.1867    mrr@10 : 0.3537    ndcg@10 : 0.2056    hit@10 : 0.6861    precision@10 : 0.1409    
Thu 05 Jan 2023 02:00:38 INFO Saving current best: saved/KGAT-Jan-05-2023_02-00-19.pth
Thu 05 Jan 2023 02:00:38 INFO epoch 40 training [time: 0.30s, train_loss1: 8.9483, train_loss2: 1.9126]
Thu 05 Jan 2023 02:00:39 INFO epoch 40 evaluating [time: 0.16s, valid_score: 0.358100]
Thu 05 Jan 2023 02:00:39 INFO valid result: 
recall@10 : 0.1885    mrr@10 : 0.3581    ndcg@10 : 0.2075    hit@10 : 0.6861    precision@10 : 0.1427    
Thu 05 Jan 2023 02:00:39 INFO Saving current best: saved/KGAT-Jan-05-2023_02-00-19.pth
Thu 05 Jan 2023 02:00:39 INFO epoch 41 training [time: 0.30s, train_loss1: 8.8282, train_loss2: 1.9079]
Thu 05 Jan 2023 02:00:39 INFO epoch 41 evaluating [time: 0.16s, valid_score: 0.357400]
Thu 05 Jan 2023 02:00:39 INFO valid result: 
recall@10 : 0.1886    mrr@10 : 0.3574    ndcg@10 : 0.2078    hit@10 : 0.6882    precision@10 : 0.1423    
Thu 05 Jan 2023 02:00:39 INFO epoch 42 training [time: 0.30s, train_loss1: 8.6722, train_loss2: 1.8510]
Thu 05 Jan 2023 02:00:40 INFO epoch 42 evaluating [time: 0.16s, valid_score: 0.357100]
Thu 05 Jan 2023 02:00:40 INFO valid result: 
recall@10 : 0.189    mrr@10 : 0.3571    ndcg@10 : 0.2082    hit@10 : 0.6829    precision@10 : 0.1421    
Thu 05 Jan 2023 02:00:40 INFO epoch 43 training [time: 0.30s, train_loss1: 8.6166, train_loss2: 1.8535]
Thu 05 Jan 2023 02:00:40 INFO epoch 43 evaluating [time: 0.16s, valid_score: 0.359900]
Thu 05 Jan 2023 02:00:40 INFO valid result: 
recall@10 : 0.1882    mrr@10 : 0.3599    ndcg@10 : 0.2097    hit@10 : 0.685    precision@10 : 0.1427    
Thu 05 Jan 2023 02:00:40 INFO Saving current best: saved/KGAT-Jan-05-2023_02-00-19.pth
Thu 05 Jan 2023 02:00:40 INFO epoch 44 training [time: 0.30s, train_loss1: 8.4982, train_loss2: 1.7692]
Thu 05 Jan 2023 02:00:41 INFO epoch 44 evaluating [time: 0.16s, valid_score: 0.358500]
Thu 05 Jan 2023 02:00:41 INFO valid result: 
recall@10 : 0.1899    mrr@10 : 0.3585    ndcg@10 : 0.2091    hit@10 : 0.6893    precision@10 : 0.1427    
Thu 05 Jan 2023 02:00:41 INFO epoch 45 training [time: 0.30s, train_loss1: 8.3427, train_loss2: 1.7580]
Thu 05 Jan 2023 02:00:41 INFO epoch 45 evaluating [time: 0.16s, valid_score: 0.362100]
Thu 05 Jan 2023 02:00:41 INFO valid result: 
recall@10 : 0.191    mrr@10 : 0.3621    ndcg@10 : 0.2109    hit@10 : 0.6957    precision@10 : 0.1444    
Thu 05 Jan 2023 02:00:41 INFO Saving current best: saved/KGAT-Jan-05-2023_02-00-19.pth
Thu 05 Jan 2023 02:00:41 INFO epoch 46 training [time: 0.30s, train_loss1: 8.3401, train_loss2: 1.7486]
Thu 05 Jan 2023 02:00:41 INFO epoch 46 evaluating [time: 0.16s, valid_score: 0.368400]
Thu 05 Jan 2023 02:00:41 INFO valid result: 
recall@10 : 0.1937    mrr@10 : 0.3684    ndcg@10 : 0.2135    hit@10 : 0.7063    precision@10 : 0.1461    
Thu 05 Jan 2023 02:00:42 INFO Saving current best: saved/KGAT-Jan-05-2023_02-00-19.pth
Thu 05 Jan 2023 02:00:42 INFO epoch 47 training [time: 0.30s, train_loss1: 8.2269, train_loss2: 1.7272]
Thu 05 Jan 2023 02:00:42 INFO epoch 47 evaluating [time: 0.16s, valid_score: 0.359700]
Thu 05 Jan 2023 02:00:42 INFO valid result: 
recall@10 : 0.1945    mrr@10 : 0.3597    ndcg@10 : 0.2126    hit@10 : 0.6988    precision@10 : 0.1479    
Thu 05 Jan 2023 02:00:42 INFO epoch 48 training [time: 0.30s, train_loss1: 8.1379, train_loss2: 1.7085]
Thu 05 Jan 2023 02:00:42 INFO epoch 48 evaluating [time: 0.16s, valid_score: 0.358200]
Thu 05 Jan 2023 02:00:42 INFO valid result: 
recall@10 : 0.1956    mrr@10 : 0.3582    ndcg@10 : 0.2131    hit@10 : 0.6999    precision@10 : 0.1474    
Thu 05 Jan 2023 02:00:43 INFO epoch 49 training [time: 0.30s, train_loss1: 8.0937, train_loss2: 1.6412]
Thu 05 Jan 2023 02:00:43 INFO epoch 49 evaluating [time: 0.16s, valid_score: 0.349300]
Thu 05 Jan 2023 02:00:43 INFO valid result: 
recall@10 : 0.1988    mrr@10 : 0.3493    ndcg@10 : 0.2124    hit@10 : 0.7052    precision@10 : 0.1487    
Thu 05 Jan 2023 02:00:43 INFO epoch 50 training [time: 0.30s, train_loss1: 8.0086, train_loss2: 1.6422]
Thu 05 Jan 2023 02:00:43 INFO epoch 50 evaluating [time: 0.16s, valid_score: 0.355500]
Thu 05 Jan 2023 02:00:43 INFO valid result: 
recall@10 : 0.1982    mrr@10 : 0.3555    ndcg@10 : 0.2133    hit@10 : 0.7105    precision@10 : 0.1479    
Thu 05 Jan 2023 02:00:44 INFO epoch 51 training [time: 0.30s, train_loss1: 7.8977, train_loss2: 1.5816]
Thu 05 Jan 2023 02:00:44 INFO epoch 51 evaluating [time: 0.16s, valid_score: 0.355600]
Thu 05 Jan 2023 02:00:44 INFO valid result: 
recall@10 : 0.1984    mrr@10 : 0.3556    ndcg@10 : 0.2134    hit@10 : 0.7116    precision@10 : 0.1477    
Thu 05 Jan 2023 02:00:44 INFO epoch 52 training [time: 0.30s, train_loss1: 7.8033, train_loss2: 1.5323]
Thu 05 Jan 2023 02:00:44 INFO epoch 52 evaluating [time: 0.16s, valid_score: 0.360900]
Thu 05 Jan 2023 02:00:44 INFO valid result: 
recall@10 : 0.2004    mrr@10 : 0.3609    ndcg@10 : 0.2164    hit@10 : 0.7169    precision@10 : 0.1496    
Thu 05 Jan 2023 02:00:45 INFO epoch 53 training [time: 0.30s, train_loss1: 7.7140, train_loss2: 1.5318]
Thu 05 Jan 2023 02:00:45 INFO epoch 53 evaluating [time: 0.16s, valid_score: 0.359300]
Thu 05 Jan 2023 02:00:45 INFO valid result: 
recall@10 : 0.197    mrr@10 : 0.3593    ndcg@10 : 0.2148    hit@10 : 0.7105    precision@10 : 0.149    
Thu 05 Jan 2023 02:00:45 INFO epoch 54 training [time: 0.30s, train_loss1: 7.6476, train_loss2: 1.5656]
Thu 05 Jan 2023 02:00:45 INFO epoch 54 evaluating [time: 0.16s, valid_score: 0.358100]
Thu 05 Jan 2023 02:00:45 INFO valid result: 
recall@10 : 0.1995    mrr@10 : 0.3581    ndcg@10 : 0.2161    hit@10 : 0.7094    precision@10 : 0.1501    
Thu 05 Jan 2023 02:00:45 INFO epoch 55 training [time: 0.30s, train_loss1: 7.5298, train_loss2: 1.5668]
Thu 05 Jan 2023 02:00:46 INFO epoch 55 evaluating [time: 0.16s, valid_score: 0.362100]
Thu 05 Jan 2023 02:00:46 INFO valid result: 
recall@10 : 0.1985    mrr@10 : 0.3621    ndcg@10 : 0.2164    hit@10 : 0.7094    precision@10 : 0.1491    
Thu 05 Jan 2023 02:00:46 INFO epoch 56 training [time: 0.31s, train_loss1: 7.5247, train_loss2: 1.5192]
Thu 05 Jan 2023 02:00:46 INFO epoch 56 evaluating [time: 0.16s, valid_score: 0.361100]
Thu 05 Jan 2023 02:00:46 INFO valid result: 
recall@10 : 0.2003    mrr@10 : 0.3611    ndcg@10 : 0.218    hit@10 : 0.7116    precision@10 : 0.1521    
Thu 05 Jan 2023 02:00:46 INFO epoch 57 training [time: 0.30s, train_loss1: 7.4320, train_loss2: 1.4977]
Thu 05 Jan 2023 02:00:47 INFO epoch 57 evaluating [time: 0.16s, valid_score: 0.365900]
Thu 05 Jan 2023 02:00:47 INFO valid result: 
recall@10 : 0.2017    mrr@10 : 0.3659    ndcg@10 : 0.2199    hit@10 : 0.7116    precision@10 : 0.1524    
Thu 05 Jan 2023 02:00:47 INFO Finished training, best eval result in epoch 46
Thu 05 Jan 2023 02:00:47 INFO Loading model structure and parameters from saved/KGAT-Jan-05-2023_01-59-46.pth
Thu 05 Jan 2023 02:00:47 INFO best valid result_1: {'recall@10': 0.1866, 'mrr@10': 0.3614, 'ndcg@10': 0.2072, 'hit@10': 0.6925, 'precision@10': 0.1424}
Thu 05 Jan 2023 02:00:47 INFO test result_1: {'recall@10': 0.23, 'mrr@10': 0.4488, 'ndcg@10': 0.2682, 'hit@10': 0.7646, 'precision@10': 0.1848}
Thu 05 Jan 2023 02:00:47 INFO Loading model structure and parameters from saved/KGAT-Jan-05-2023_02-00-19.pth
Thu 05 Jan 2023 02:00:47 INFO best valid result_2: {'recall@10': 0.1937, 'mrr@10': 0.3684, 'ndcg@10': 0.2135, 'hit@10': 0.7063, 'precision@10': 0.1461}
Thu 05 Jan 2023 02:00:47 INFO test result_2: {'recall@10': 0.2325, 'mrr@10': 0.4532, 'ndcg@10': 0.2722, 'hit@10': 0.7593, 'precision@10': 0.1869}
