Thu 12 Jan 2023 10:53:19 INFO General Hyper Parameters: 
gpu_id=0
use_gpu=True
seed=2020
state=INFO
reproducibility=True
data_path=/work/03/gu14/k36095/kgat_bai/recbole/config/../dataset_example/ml-100k
show_progress=True

Training Hyper Parameters: 
checkpoint_dir=saved
epochs=300
train_batch_size=2048
learner=adam
learning_rate=0.001
training_neg_sample_num=1
training_neg_sample_distribution=uniform
eval_step=1
stopping_step=10

Evaluation Hyper Parameters: 
eval_setting=RO_RS,full
group_by_user=True
split_ratio=[0.8, 0.1, 0.1]
leave_one_num=2
real_time_process=False
metrics=['Recall', 'MRR', 'NDCG', 'Hit', 'Precision']
topk=[10]
valid_metric=MRR@10
eval_batch_size=4096

Dataset Hyper Parameters: 
field_separator=	
seq_separator= 
USER_ID_FIELD=user_id
ITEM_ID_FIELD=item_id
RATING_FIELD=rating
TIME_FIELD=timestamp
seq_len=None
LABEL_FIELD=label
threshold=None
NEG_PREFIX=neg_
load_col={'inter': ['user_id', 'item_id', 'rating', 'timestamp'], 'kg': ['head_id', 'relation_id', 'tail_id'], 'link': ['item_id', 'entity_id']}
unload_col=None
unused_col=None
additional_feat_suffix=None
rm_dup_inter=None
lowest_val=None
highest_val=None
equal_val=None
not_equal_val=None
filter_inter_by_user_or_item=True
max_user_inter_num=None
min_user_inter_num=None
max_item_inter_num=None
min_item_inter_num=None
fields_in_same_space=None
preload_weight=None
normalize_field=None
normalize_all=True
ITEM_LIST_LENGTH_FIELD=item_length
LIST_SUFFIX=_list
MAX_ITEM_LIST_LENGTH=50
POSITION_FIELD=position_id
HEAD_ENTITY_ID_FIELD=head_id
TAIL_ENTITY_ID_FIELD=tail_id
RELATION_ID_FIELD=relation_id
ENTITY_ID_FIELD=entity_id


Thu 12 Jan 2023 10:53:19 INFO General Hyper Parameters: 
gpu_id=0
use_gpu=True
seed=2020
state=INFO
reproducibility=True
data_path=/work/03/gu14/k36095/kgat_bai/recbole/config/../dataset_example/ml-100k
show_progress=True

Training Hyper Parameters: 
checkpoint_dir=saved
epochs=300
train_batch_size=2048
learner=adam
learning_rate=0.001
training_neg_sample_num=1
training_neg_sample_distribution=uniform
eval_step=1
stopping_step=10

Evaluation Hyper Parameters: 
eval_setting=RO_RS,full
group_by_user=True
split_ratio=[0.8, 0.1, 0.1]
leave_one_num=2
real_time_process=False
metrics=['Recall', 'MRR', 'NDCG', 'Hit', 'Precision']
topk=[10]
valid_metric=MRR@10
eval_batch_size=4096

Dataset Hyper Parameters: 
field_separator=	
seq_separator= 
USER_ID_FIELD=user_id
ITEM_ID_FIELD=item_id
RATING_FIELD=rating
TIME_FIELD=timestamp
seq_len=None
LABEL_FIELD=label
threshold=None
NEG_PREFIX=neg_
load_col={'inter': ['user_id', 'item_id', 'rating', 'timestamp'], 'kg': ['head_id', 'relation_id', 'tail_id'], 'link': ['item_id', 'entity_id']}
unload_col=None
unused_col=None
additional_feat_suffix=None
rm_dup_inter=None
lowest_val=None
highest_val=None
equal_val=None
not_equal_val=None
filter_inter_by_user_or_item=True
max_user_inter_num=None
min_user_inter_num=None
max_item_inter_num=None
min_item_inter_num=None
fields_in_same_space=None
preload_weight=None
normalize_field=None
normalize_all=True
ITEM_LIST_LENGTH_FIELD=item_length
LIST_SUFFIX=_list
MAX_ITEM_LIST_LENGTH=50
POSITION_FIELD=position_id
HEAD_ENTITY_ID_FIELD=head_id
TAIL_ENTITY_ID_FIELD=tail_id
RELATION_ID_FIELD=relation_id
ENTITY_ID_FIELD=entity_id


Thu 12 Jan 2023 10:53:20 INFO Note: detected 112 virtual cores but NumExpr set to maximum of 64, check "NUMEXPR_MAX_THREADS" environment variable.
Thu 12 Jan 2023 10:53:20 INFO Note: NumExpr detected 112 cores but "NUMEXPR_MAX_THREADS" not set, so enforcing safe limit of 8.
Thu 12 Jan 2023 10:53:20 INFO NumExpr defaulting to 8 threads.
Thu 12 Jan 2023 10:53:20 INFO Note: detected 72 virtual cores but NumExpr set to maximum of 64, check "NUMEXPR_MAX_THREADS" environment variable.
Thu 12 Jan 2023 10:53:20 INFO Note: NumExpr detected 72 cores but "NUMEXPR_MAX_THREADS" not set, so enforcing safe limit of 8.
Thu 12 Jan 2023 10:53:21 INFO ml-100k
The number of users: 944
Average actions of users: 106.04453870625663
The number of items: 1683
Average actions of items: 59.45303210463734
The number of inters: 100000
The sparsity of the dataset: 93.70575143257098%
Remain Fields: ['entity_id', 'user_id', 'item_id', 'rating', 'timestamp', 'head_id', 'relation_id', 'tail_id']
The number of entities: 34713
The number of relations: 26
The number of triples: 91631
The number of items that have been linked to KG: 1598
Thu 12 Jan 2023 10:53:21 INFO Build [ModelType.KNOWLEDGE] DataLoader for [train] with format [InputType.PAIRWISE]
Thu 12 Jan 2023 10:53:21 INFO Evaluation Setting:
	Group by user_id
	Ordering: {'strategy': 'shuffle'}
	Splitting: {'strategy': 'by_ratio', 'ratios': [0.8, 0.1, 0.1]}
	Negative Sampling: {'strategy': 'by', 'distribution': 'uniform', 'by': 1}
Thu 12 Jan 2023 10:53:21 INFO batch_size = [[2048]], shuffle = [True]

Thu 12 Jan 2023 10:53:21 INFO Build [ModelType.KNOWLEDGE] DataLoader for [evaluation] with format [InputType.POINTWISE]
Thu 12 Jan 2023 10:53:21 INFO Evaluation Setting:
	Group by user_id
	Ordering: {'strategy': 'shuffle'}
	Splitting: {'strategy': 'by_ratio', 'ratios': [0.8, 0.1, 0.1]}
	Negative Sampling: {'strategy': 'full', 'distribution': 'uniform'}
Thu 12 Jan 2023 10:53:21 INFO batch_size = [[4096, 4096]], shuffle = [False]

Thu 12 Jan 2023 10:53:21 INFO ml-100k
The number of users: 944
Average actions of users: 106.04453870625663
The number of items: 1683
Average actions of items: 59.45303210463734
The number of inters: 100000
The sparsity of the dataset: 93.70575143257098%
Remain Fields: ['entity_id', 'user_id', 'item_id', 'rating', 'timestamp', 'head_id', 'relation_id', 'tail_id']
The number of entities: 34713
The number of relations: 26
The number of triples: 91631
The number of items that have been linked to KG: 1598
Thu 12 Jan 2023 10:53:21 INFO Build [ModelType.KNOWLEDGE] DataLoader for [train] with format [InputType.PAIRWISE]
Thu 12 Jan 2023 10:53:21 INFO Evaluation Setting:
	Group by user_id
	Ordering: {'strategy': 'shuffle'}
	Splitting: {'strategy': 'by_ratio', 'ratios': [0.8, 0.1, 0.1]}
	Negative Sampling: {'strategy': 'by', 'distribution': 'uniform', 'by': 1}
Thu 12 Jan 2023 10:53:21 INFO batch_size = [[2048]], shuffle = [True]

Thu 12 Jan 2023 10:53:21 INFO Build [ModelType.KNOWLEDGE] DataLoader for [evaluation] with format [InputType.POINTWISE]
Thu 12 Jan 2023 10:53:21 INFO Evaluation Setting:
	Group by user_id
	Ordering: {'strategy': 'shuffle'}
	Splitting: {'strategy': 'by_ratio', 'ratios': [0.8, 0.1, 0.1]}
	Negative Sampling: {'strategy': 'full', 'distribution': 'uniform'}
Thu 12 Jan 2023 10:53:21 INFO batch_size = [[4096, 4096]], shuffle = [False]

