Sun 15 Jan 2023 17:12:51 INFO General Hyper Parameters: 
gpu_id=0
use_gpu=True
seed=2020
state=INFO
reproducibility=True
data_path=/work/03/gu14/k36095/kgat_bai/recbole/config/../dataset_example/ml-100k
show_progress=True

Training Hyper Parameters: 
checkpoint_dir=saved
epochs=300
train_batch_size=2048
learner=adam
learning_rate=0.001
training_neg_sample_num=1
training_neg_sample_distribution=uniform
eval_step=1
stopping_step=10

Evaluation Hyper Parameters: 
eval_setting=RO_RS,full
group_by_user=True
split_ratio=[0.8, 0.1, 0.1]
leave_one_num=2
real_time_process=False
metrics=['Recall', 'MRR', 'NDCG', 'Hit', 'Precision']
topk=[10]
valid_metric=MRR@10
eval_batch_size=4096

Dataset Hyper Parameters: 
field_separator=	
seq_separator= 
USER_ID_FIELD=user_id
ITEM_ID_FIELD=item_id
RATING_FIELD=rating
TIME_FIELD=timestamp
seq_len=None
LABEL_FIELD=label
threshold=None
NEG_PREFIX=neg_
load_col={'inter': ['user_id', 'item_id', 'rating', 'timestamp'], 'kg': ['head_id', 'relation_id', 'tail_id'], 'link': ['item_id', 'entity_id']}
unload_col=None
unused_col=None
additional_feat_suffix=None
rm_dup_inter=None
lowest_val=None
highest_val=None
equal_val=None
not_equal_val=None
filter_inter_by_user_or_item=True
max_user_inter_num=None
min_user_inter_num=None
max_item_inter_num=None
min_item_inter_num=None
fields_in_same_space=None
preload_weight=None
normalize_field=None
normalize_all=True
ITEM_LIST_LENGTH_FIELD=item_length
LIST_SUFFIX=_list
MAX_ITEM_LIST_LENGTH=50
POSITION_FIELD=position_id
HEAD_ENTITY_ID_FIELD=head_id
TAIL_ENTITY_ID_FIELD=tail_id
RELATION_ID_FIELD=relation_id
ENTITY_ID_FIELD=entity_id


Sun 15 Jan 2023 17:12:51 INFO Note: detected 72 virtual cores but NumExpr set to maximum of 64, check "NUMEXPR_MAX_THREADS" environment variable.
Sun 15 Jan 2023 17:12:51 INFO Note: NumExpr detected 72 cores but "NUMEXPR_MAX_THREADS" not set, so enforcing safe limit of 8.
Sun 15 Jan 2023 17:12:52 INFO ml-100k
The number of users: 944
Average actions of users: 106.04453870625663
The number of items: 1683
Average actions of items: 59.45303210463734
The number of inters: 100000
The sparsity of the dataset: 93.70575143257098%
Remain Fields: ['entity_id', 'user_id', 'item_id', 'rating', 'timestamp', 'head_id', 'relation_id', 'tail_id']
The number of entities: 34713
The number of relations: 26
The number of triples: 91631
The number of items that have been linked to KG: 1598
Sun 15 Jan 2023 17:12:52 INFO Build [ModelType.KNOWLEDGE] DataLoader for [train] with format [InputType.PAIRWISE]
Sun 15 Jan 2023 17:12:52 INFO Evaluation Setting:
	Group by user_id
	Ordering: {'strategy': 'shuffle'}
	Splitting: {'strategy': 'by_ratio', 'ratios': [0.8, 0.1, 0.1]}
	Negative Sampling: {'strategy': 'by', 'distribution': 'uniform', 'by': 1}
Sun 15 Jan 2023 17:12:52 INFO batch_size = [[2048]], shuffle = [True]

Sun 15 Jan 2023 17:12:52 INFO Build [ModelType.KNOWLEDGE] DataLoader for [evaluation] with format [InputType.POINTWISE]
Sun 15 Jan 2023 17:12:52 INFO Evaluation Setting:
	Group by user_id
	Ordering: {'strategy': 'shuffle'}
	Splitting: {'strategy': 'by_ratio', 'ratios': [0.8, 0.1, 0.1]}
	Negative Sampling: {'strategy': 'full', 'distribution': 'uniform'}
Sun 15 Jan 2023 17:12:52 INFO batch_size = [[4096, 4096]], shuffle = [False]

Sun 15 Jan 2023 17:12:57 INFO KGAT(
  (user_embedding): Embedding(944, 64)
  (entity_embedding): Embedding(34713, 64)
  (relation_embedding): Embedding(26, 64)
  (trans_w): Embedding(26, 4096)
  (aggregator_layers): ModuleList(
    (0): Aggregator(
      (message_dropout): Dropout(p=0.1, inplace=False)
      (W1): Linear(in_features=64, out_features=64, bias=True)
      (W2): Linear(in_features=64, out_features=64, bias=True)
      (activation): LeakyReLU(negative_slope=0.01)
    )
  )
  (tanh): Tanh()
  (mf_loss): BPRLoss()
  (reg_loss): EmbLoss()
)
Trainable parameters: 2398528
Sun 15 Jan 2023 17:13:04 INFO epoch 0 training [time: 6.90s, train_loss1: 24.4497, train_loss2: 29.7415]
Sun 15 Jan 2023 17:13:05 INFO epoch 0 evaluating [time: 0.18s, valid_score: 0.083300]
Sun 15 Jan 2023 17:13:05 INFO valid result: 
recall@10 : 0.0342    mrr@10 : 0.0833    ndcg@10 : 0.0398    hit@10 : 0.2439    precision@10 : 0.0335    
Sun 15 Jan 2023 17:13:05 INFO Saving current best: saved/KGAT-Jan-15-2023_17-12-57.pth
Sun 15 Jan 2023 17:13:12 INFO epoch 1 training [time: 7.21s, train_loss1: 21.6937, train_loss2: 19.9077]
Sun 15 Jan 2023 17:13:12 INFO epoch 1 evaluating [time: 0.22s, valid_score: 0.127900]
Sun 15 Jan 2023 17:13:12 INFO valid result: 
recall@10 : 0.055    mrr@10 : 0.1279    ndcg@10 : 0.0645    hit@10 : 0.3415    precision@10 : 0.0519    
Sun 15 Jan 2023 17:13:12 INFO Saving current best: saved/KGAT-Jan-15-2023_17-12-57.pth
Sun 15 Jan 2023 17:13:19 INFO epoch 2 training [time: 7.09s, train_loss1: 18.9406, train_loss2: 12.7385]
Sun 15 Jan 2023 17:13:19 INFO epoch 2 evaluating [time: 0.13s, valid_score: 0.164000]
Sun 15 Jan 2023 17:13:19 INFO valid result: 
recall@10 : 0.0759    mrr@10 : 0.164    ndcg@10 : 0.0848    hit@10 : 0.404    precision@10 : 0.0642    
Sun 15 Jan 2023 17:13:19 INFO Saving current best: saved/KGAT-Jan-15-2023_17-12-57.pth
Sun 15 Jan 2023 17:13:26 INFO epoch 3 training [time: 7.17s, train_loss1: 17.1881, train_loss2: 10.2269]
Sun 15 Jan 2023 17:13:27 INFO epoch 3 evaluating [time: 0.14s, valid_score: 0.172700]
Sun 15 Jan 2023 17:13:27 INFO valid result: 
recall@10 : 0.0878    mrr@10 : 0.1727    ndcg@10 : 0.0924    hit@10 : 0.4358    precision@10 : 0.0703    
Sun 15 Jan 2023 17:13:27 INFO Saving current best: saved/KGAT-Jan-15-2023_17-12-57.pth
Sun 15 Jan 2023 17:13:33 INFO epoch 4 training [time: 6.75s, train_loss1: 16.6982, train_loss2: 9.0456]
Sun 15 Jan 2023 17:13:34 INFO epoch 4 evaluating [time: 0.13s, valid_score: 0.189200]
Sun 15 Jan 2023 17:13:34 INFO valid result: 
recall@10 : 0.0904    mrr@10 : 0.1892    ndcg@10 : 0.0988    hit@10 : 0.4613    precision@10 : 0.0758    
Sun 15 Jan 2023 17:13:34 INFO Saving current best: saved/KGAT-Jan-15-2023_17-12-57.pth
Sun 15 Jan 2023 17:13:40 INFO epoch 5 training [time: 6.73s, train_loss1: 16.4744, train_loss2: 8.3761]
Sun 15 Jan 2023 17:13:40 INFO epoch 5 evaluating [time: 0.13s, valid_score: 0.192400]
Sun 15 Jan 2023 17:13:40 INFO valid result: 
recall@10 : 0.0895    mrr@10 : 0.1924    ndcg@10 : 0.1029    hit@10 : 0.4677    precision@10 : 0.0803    
Sun 15 Jan 2023 17:13:40 INFO Saving current best: saved/KGAT-Jan-15-2023_17-12-57.pth
Sun 15 Jan 2023 17:13:47 INFO epoch 6 training [time: 6.78s, train_loss1: 16.2927, train_loss2: 7.7525]
Sun 15 Jan 2023 17:13:47 INFO epoch 6 evaluating [time: 0.13s, valid_score: 0.205600]
Sun 15 Jan 2023 17:13:47 INFO valid result: 
recall@10 : 0.0949    mrr@10 : 0.2056    ndcg@10 : 0.1094    hit@10 : 0.4825    precision@10 : 0.0846    
Sun 15 Jan 2023 17:13:47 INFO Saving current best: saved/KGAT-Jan-15-2023_17-12-57.pth
Sun 15 Jan 2023 17:13:54 INFO epoch 7 training [time: 6.77s, train_loss1: 16.1881, train_loss2: 7.4154]
Sun 15 Jan 2023 17:13:54 INFO epoch 7 evaluating [time: 0.13s, valid_score: 0.213000]
Sun 15 Jan 2023 17:13:54 INFO valid result: 
recall@10 : 0.0977    mrr@10 : 0.213    ndcg@10 : 0.1145    hit@10 : 0.4963    precision@10 : 0.0884    
Sun 15 Jan 2023 17:13:54 INFO Saving current best: saved/KGAT-Jan-15-2023_17-12-57.pth
Sun 15 Jan 2023 17:14:01 INFO epoch 8 training [time: 6.61s, train_loss1: 15.9582, train_loss2: 7.0639]
Sun 15 Jan 2023 17:14:01 INFO epoch 8 evaluating [time: 0.27s, valid_score: 0.228000]
Sun 15 Jan 2023 17:14:01 INFO valid result: 
recall@10 : 0.1093    mrr@10 : 0.228    ndcg@10 : 0.1223    hit@10 : 0.5143    precision@10 : 0.0926    
Sun 15 Jan 2023 17:14:01 INFO Saving current best: saved/KGAT-Jan-15-2023_17-12-57.pth
Sun 15 Jan 2023 17:14:08 INFO epoch 9 training [time: 6.78s, train_loss1: 15.7271, train_loss2: 6.9074]
Sun 15 Jan 2023 17:14:08 INFO epoch 9 evaluating [time: 0.13s, valid_score: 0.238300]
Sun 15 Jan 2023 17:14:08 INFO valid result: 
recall@10 : 0.1153    mrr@10 : 0.2383    ndcg@10 : 0.1302    hit@10 : 0.5408    precision@10 : 0.0988    
Sun 15 Jan 2023 17:14:08 INFO Saving current best: saved/KGAT-Jan-15-2023_17-12-57.pth
Sun 15 Jan 2023 17:14:15 INFO epoch 10 training [time: 6.88s, train_loss1: 15.4954, train_loss2: 6.5569]
Sun 15 Jan 2023 17:14:15 INFO epoch 10 evaluating [time: 0.13s, valid_score: 0.242100]
Sun 15 Jan 2023 17:14:15 INFO valid result: 
recall@10 : 0.1204    mrr@10 : 0.2421    ndcg@10 : 0.1341    hit@10 : 0.5567    precision@10 : 0.1025    
Sun 15 Jan 2023 17:14:15 INFO Saving current best: saved/KGAT-Jan-15-2023_17-12-57.pth
Sun 15 Jan 2023 17:14:22 INFO epoch 11 training [time: 6.85s, train_loss1: 15.1962, train_loss2: 6.2144]
Sun 15 Jan 2023 17:14:22 INFO epoch 11 evaluating [time: 0.13s, valid_score: 0.249000]
Sun 15 Jan 2023 17:14:22 INFO valid result: 
recall@10 : 0.1302    mrr@10 : 0.249    ndcg@10 : 0.142    hit@10 : 0.5748    precision@10 : 0.108    
Sun 15 Jan 2023 17:14:22 INFO Saving current best: saved/KGAT-Jan-15-2023_17-12-57.pth
Sun 15 Jan 2023 17:14:29 INFO epoch 12 training [time: 7.08s, train_loss1: 14.9100, train_loss2: 5.7823]
Sun 15 Jan 2023 17:14:29 INFO epoch 12 evaluating [time: 0.13s, valid_score: 0.260400]
Sun 15 Jan 2023 17:14:29 INFO valid result: 
recall@10 : 0.1396    mrr@10 : 0.2604    ndcg@10 : 0.1502    hit@10 : 0.5885    precision@10 : 0.1119    
Sun 15 Jan 2023 17:14:29 INFO Saving current best: saved/KGAT-Jan-15-2023_17-12-57.pth
Sun 15 Jan 2023 17:14:37 INFO epoch 13 training [time: 7.08s, train_loss1: 14.6344, train_loss2: 5.3170]
Sun 15 Jan 2023 17:14:37 INFO epoch 13 evaluating [time: 0.13s, valid_score: 0.272800]
Sun 15 Jan 2023 17:14:37 INFO valid result: 
recall@10 : 0.1454    mrr@10 : 0.2728    ndcg@10 : 0.1583    hit@10 : 0.6013    precision@10 : 0.1166    
Sun 15 Jan 2023 17:14:37 INFO Saving current best: saved/KGAT-Jan-15-2023_17-12-57.pth
Sun 15 Jan 2023 17:14:44 INFO epoch 14 training [time: 7.10s, train_loss1: 14.2393, train_loss2: 5.0811]
Sun 15 Jan 2023 17:14:44 INFO epoch 14 evaluating [time: 0.13s, valid_score: 0.280500]
Sun 15 Jan 2023 17:14:44 INFO valid result: 
recall@10 : 0.1519    mrr@10 : 0.2805    ndcg@10 : 0.1646    hit@10 : 0.6119    precision@10 : 0.1207    
Sun 15 Jan 2023 17:14:44 INFO Saving current best: saved/KGAT-Jan-15-2023_17-12-57.pth
Sun 15 Jan 2023 17:14:51 INFO epoch 15 training [time: 7.07s, train_loss1: 13.8284, train_loss2: 4.9284]
Sun 15 Jan 2023 17:14:51 INFO epoch 15 evaluating [time: 0.13s, valid_score: 0.291600]
Sun 15 Jan 2023 17:14:51 INFO valid result: 
recall@10 : 0.1567    mrr@10 : 0.2916    ndcg@10 : 0.1713    hit@10 : 0.6257    precision@10 : 0.1229    
Sun 15 Jan 2023 17:14:51 INFO Saving current best: saved/KGAT-Jan-15-2023_17-12-57.pth
Sun 15 Jan 2023 17:14:59 INFO epoch 16 training [time: 7.30s, train_loss1: 13.4197, train_loss2: 4.6972]
Sun 15 Jan 2023 17:14:59 INFO epoch 16 evaluating [time: 0.13s, valid_score: 0.297900]
Sun 15 Jan 2023 17:14:59 INFO valid result: 
recall@10 : 0.1646    mrr@10 : 0.2979    ndcg@10 : 0.1766    hit@10 : 0.6341    precision@10 : 0.1261    
Sun 15 Jan 2023 17:14:59 INFO Saving current best: saved/KGAT-Jan-15-2023_17-12-57.pth
Sun 15 Jan 2023 17:15:06 INFO epoch 17 training [time: 7.30s, train_loss1: 13.0082, train_loss2: 4.4856]
Sun 15 Jan 2023 17:15:06 INFO epoch 17 evaluating [time: 0.13s, valid_score: 0.294500]
Sun 15 Jan 2023 17:15:06 INFO valid result: 
recall@10 : 0.1673    mrr@10 : 0.2945    ndcg@10 : 0.1772    hit@10 : 0.6373    precision@10 : 0.1274    
Sun 15 Jan 2023 17:15:13 INFO epoch 18 training [time: 7.09s, train_loss1: 12.6561, train_loss2: 4.2413]
Sun 15 Jan 2023 17:15:13 INFO epoch 18 evaluating [time: 0.13s, valid_score: 0.302700]
Sun 15 Jan 2023 17:15:13 INFO valid result: 
recall@10 : 0.1711    mrr@10 : 0.3027    ndcg@10 : 0.1824    hit@10 : 0.6469    precision@10 : 0.1316    
Sun 15 Jan 2023 17:15:13 INFO Saving current best: saved/KGAT-Jan-15-2023_17-12-57.pth
Sun 15 Jan 2023 17:15:20 INFO epoch 19 training [time: 7.04s, train_loss1: 12.2953, train_loss2: 4.0208]
Sun 15 Jan 2023 17:15:21 INFO epoch 19 evaluating [time: 0.13s, valid_score: 0.309300]
Sun 15 Jan 2023 17:15:21 INFO valid result: 
recall@10 : 0.1706    mrr@10 : 0.3093    ndcg@10 : 0.1837    hit@10 : 0.6511    precision@10 : 0.1318    
Sun 15 Jan 2023 17:15:21 INFO Saving current best: saved/KGAT-Jan-15-2023_17-12-57.pth
Sun 15 Jan 2023 17:15:28 INFO epoch 20 training [time: 7.28s, train_loss1: 12.0146, train_loss2: 3.8850]
Sun 15 Jan 2023 17:15:28 INFO epoch 20 evaluating [time: 0.13s, valid_score: 0.315600]
Sun 15 Jan 2023 17:15:28 INFO valid result: 
recall@10 : 0.1726    mrr@10 : 0.3156    ndcg@10 : 0.1862    hit@10 : 0.6543    precision@10 : 0.132    
Sun 15 Jan 2023 17:15:28 INFO Saving current best: saved/KGAT-Jan-15-2023_17-12-57.pth
Sun 15 Jan 2023 17:15:35 INFO epoch 21 training [time: 7.06s, train_loss1: 11.7450, train_loss2: 3.7631]
Sun 15 Jan 2023 17:15:35 INFO epoch 21 evaluating [time: 0.13s, valid_score: 0.325800]
Sun 15 Jan 2023 17:15:35 INFO valid result: 
recall@10 : 0.1727    mrr@10 : 0.3258    ndcg@10 : 0.19    hit@10 : 0.6628    precision@10 : 0.134    
Sun 15 Jan 2023 17:15:35 INFO Saving current best: saved/KGAT-Jan-15-2023_17-12-57.pth
Sun 15 Jan 2023 17:15:43 INFO epoch 22 training [time: 7.32s, train_loss1: 11.4546, train_loss2: 3.5746]
Sun 15 Jan 2023 17:15:43 INFO epoch 22 evaluating [time: 0.13s, valid_score: 0.329600]
Sun 15 Jan 2023 17:15:43 INFO valid result: 
recall@10 : 0.1737    mrr@10 : 0.3296    ndcg@10 : 0.192    hit@10 : 0.6649    precision@10 : 0.1353    
Sun 15 Jan 2023 17:15:43 INFO Saving current best: saved/KGAT-Jan-15-2023_17-12-57.pth
Sun 15 Jan 2023 17:15:50 INFO epoch 23 training [time: 7.31s, train_loss1: 11.1481, train_loss2: 3.3436]
Sun 15 Jan 2023 17:15:50 INFO epoch 23 evaluating [time: 0.13s, valid_score: 0.328600]
Sun 15 Jan 2023 17:15:50 INFO valid result: 
recall@10 : 0.1756    mrr@10 : 0.3286    ndcg@10 : 0.1922    hit@10 : 0.6734    precision@10 : 0.1361    
Sun 15 Jan 2023 17:15:57 INFO epoch 24 training [time: 7.07s, train_loss1: 10.9604, train_loss2: 3.2476]
Sun 15 Jan 2023 17:15:57 INFO epoch 24 evaluating [time: 0.13s, valid_score: 0.329500]
Sun 15 Jan 2023 17:15:57 INFO valid result: 
recall@10 : 0.1737    mrr@10 : 0.3295    ndcg@10 : 0.1913    hit@10 : 0.6691    precision@10 : 0.1356    
Sun 15 Jan 2023 17:16:04 INFO epoch 25 training [time: 6.98s, train_loss1: 10.7233, train_loss2: 3.0402]
Sun 15 Jan 2023 17:16:04 INFO epoch 25 evaluating [time: 0.13s, valid_score: 0.330000]
Sun 15 Jan 2023 17:16:04 INFO valid result: 
recall@10 : 0.178    mrr@10 : 0.33    ndcg@10 : 0.1941    hit@10 : 0.667    precision@10 : 0.1379    
Sun 15 Jan 2023 17:16:04 INFO Saving current best: saved/KGAT-Jan-15-2023_17-12-57.pth
Sun 15 Jan 2023 17:16:11 INFO epoch 26 training [time: 7.00s, train_loss1: 10.5395, train_loss2: 2.9360]
Sun 15 Jan 2023 17:16:12 INFO epoch 26 evaluating [time: 0.12s, valid_score: 0.330800]
Sun 15 Jan 2023 17:16:12 INFO valid result: 
recall@10 : 0.178    mrr@10 : 0.3308    ndcg@10 : 0.1937    hit@10 : 0.6649    precision@10 : 0.1363    
Sun 15 Jan 2023 17:16:12 INFO Saving current best: saved/KGAT-Jan-15-2023_17-12-57.pth
Sun 15 Jan 2023 17:16:19 INFO epoch 27 training [time: 7.07s, train_loss1: 10.3446, train_loss2: 2.7980]
Sun 15 Jan 2023 17:16:19 INFO epoch 27 evaluating [time: 0.13s, valid_score: 0.333400]
Sun 15 Jan 2023 17:16:19 INFO valid result: 
recall@10 : 0.1724    mrr@10 : 0.3334    ndcg@10 : 0.1925    hit@10 : 0.6585    precision@10 : 0.1354    
Sun 15 Jan 2023 17:16:19 INFO Saving current best: saved/KGAT-Jan-15-2023_17-12-57.pth
Sun 15 Jan 2023 17:16:26 INFO epoch 28 training [time: 6.84s, train_loss1: 10.2132, train_loss2: 2.6498]
Sun 15 Jan 2023 17:16:26 INFO epoch 28 evaluating [time: 0.13s, valid_score: 0.335200]
Sun 15 Jan 2023 17:16:26 INFO valid result: 
recall@10 : 0.1759    mrr@10 : 0.3352    ndcg@10 : 0.1945    hit@10 : 0.6691    precision@10 : 0.1378    
Sun 15 Jan 2023 17:16:26 INFO Saving current best: saved/KGAT-Jan-15-2023_17-12-57.pth
Sun 15 Jan 2023 17:16:33 INFO epoch 29 training [time: 7.08s, train_loss1: 10.0290, train_loss2: 2.5432]
Sun 15 Jan 2023 17:16:33 INFO epoch 29 evaluating [time: 0.13s, valid_score: 0.339300]
Sun 15 Jan 2023 17:16:33 INFO valid result: 
recall@10 : 0.1817    mrr@10 : 0.3393    ndcg@10 : 0.1987    hit@10 : 0.6808    precision@10 : 0.1404    
Sun 15 Jan 2023 17:16:33 INFO Saving current best: saved/KGAT-Jan-15-2023_17-12-57.pth
Sun 15 Jan 2023 17:16:40 INFO epoch 30 training [time: 7.08s, train_loss1: 9.9467, train_loss2: 2.5352]
Sun 15 Jan 2023 17:16:40 INFO epoch 30 evaluating [time: 0.13s, valid_score: 0.337300]
Sun 15 Jan 2023 17:16:40 INFO valid result: 
recall@10 : 0.1751    mrr@10 : 0.3373    ndcg@10 : 0.1953    hit@10 : 0.666    precision@10 : 0.1375    
Sun 15 Jan 2023 17:16:47 INFO epoch 31 training [time: 6.99s, train_loss1: 9.7494, train_loss2: 2.4223]
Sun 15 Jan 2023 17:16:47 INFO epoch 31 evaluating [time: 0.13s, valid_score: 0.333600]
Sun 15 Jan 2023 17:16:47 INFO valid result: 
recall@10 : 0.1807    mrr@10 : 0.3336    ndcg@10 : 0.1979    hit@10 : 0.6681    precision@10 : 0.1408    
Sun 15 Jan 2023 17:16:54 INFO epoch 32 training [time: 6.99s, train_loss1: 9.6846, train_loss2: 2.3497]
Sun 15 Jan 2023 17:16:55 INFO epoch 32 evaluating [time: 0.13s, valid_score: 0.343800]
Sun 15 Jan 2023 17:16:55 INFO valid result: 
recall@10 : 0.1789    mrr@10 : 0.3438    ndcg@10 : 0.1986    hit@10 : 0.6797    precision@10 : 0.1401    
Sun 15 Jan 2023 17:16:55 INFO Saving current best: saved/KGAT-Jan-15-2023_17-12-57.pth
Sun 15 Jan 2023 17:17:02 INFO epoch 33 training [time: 7.05s, train_loss1: 9.6129, train_loss2: 2.2699]
Sun 15 Jan 2023 17:17:02 INFO epoch 33 evaluating [time: 0.13s, valid_score: 0.342500]
Sun 15 Jan 2023 17:17:02 INFO valid result: 
recall@10 : 0.1833    mrr@10 : 0.3425    ndcg@10 : 0.2009    hit@10 : 0.6872    precision@10 : 0.1414    
Sun 15 Jan 2023 17:17:09 INFO epoch 34 training [time: 7.07s, train_loss1: 9.4630, train_loss2: 2.2184]
Sun 15 Jan 2023 17:17:09 INFO epoch 34 evaluating [time: 0.13s, valid_score: 0.341200]
Sun 15 Jan 2023 17:17:09 INFO valid result: 
recall@10 : 0.1858    mrr@10 : 0.3412    ndcg@10 : 0.2021    hit@10 : 0.6893    precision@10 : 0.1424    
Sun 15 Jan 2023 17:17:16 INFO epoch 35 training [time: 7.08s, train_loss1: 9.3682, train_loss2: 2.1762]
Sun 15 Jan 2023 17:17:16 INFO epoch 35 evaluating [time: 0.13s, valid_score: 0.348800]
Sun 15 Jan 2023 17:17:16 INFO valid result: 
recall@10 : 0.1858    mrr@10 : 0.3488    ndcg@10 : 0.2041    hit@10 : 0.6893    precision@10 : 0.1429    
Sun 15 Jan 2023 17:17:16 INFO Saving current best: saved/KGAT-Jan-15-2023_17-12-57.pth
Sun 15 Jan 2023 17:17:23 INFO epoch 36 training [time: 7.07s, train_loss1: 9.2594, train_loss2: 2.0410]
Sun 15 Jan 2023 17:17:23 INFO epoch 36 evaluating [time: 0.13s, valid_score: 0.347200]
Sun 15 Jan 2023 17:17:23 INFO valid result: 
recall@10 : 0.1871    mrr@10 : 0.3472    ndcg@10 : 0.2034    hit@10 : 0.6882    precision@10 : 0.1414    
Sun 15 Jan 2023 17:17:30 INFO epoch 37 training [time: 6.86s, train_loss1: 9.1193, train_loss2: 2.0223]
Sun 15 Jan 2023 17:17:30 INFO epoch 37 evaluating [time: 0.13s, valid_score: 0.352700]
Sun 15 Jan 2023 17:17:30 INFO valid result: 
recall@10 : 0.189    mrr@10 : 0.3527    ndcg@10 : 0.2052    hit@10 : 0.6946    precision@10 : 0.1432    
Sun 15 Jan 2023 17:17:30 INFO Saving current best: saved/KGAT-Jan-15-2023_17-12-57.pth
Sun 15 Jan 2023 17:17:38 INFO epoch 38 training [time: 7.11s, train_loss1: 9.1403, train_loss2: 1.9367]
Sun 15 Jan 2023 17:17:38 INFO epoch 38 evaluating [time: 0.13s, valid_score: 0.349700]
Sun 15 Jan 2023 17:17:38 INFO valid result: 
recall@10 : 0.1898    mrr@10 : 0.3497    ndcg@10 : 0.2054    hit@10 : 0.6935    precision@10 : 0.1435    
Sun 15 Jan 2023 17:17:45 INFO epoch 39 training [time: 7.14s, train_loss1: 8.9187, train_loss2: 1.9540]
Sun 15 Jan 2023 17:17:45 INFO epoch 39 evaluating [time: 0.13s, valid_score: 0.353200]
Sun 15 Jan 2023 17:17:45 INFO valid result: 
recall@10 : 0.1916    mrr@10 : 0.3532    ndcg@10 : 0.208    hit@10 : 0.7031    precision@10 : 0.1448    
Sun 15 Jan 2023 17:17:45 INFO Saving current best: saved/KGAT-Jan-15-2023_17-12-57.pth
Sun 15 Jan 2023 17:17:52 INFO epoch 40 training [time: 7.06s, train_loss1: 8.8159, train_loss2: 1.9385]
Sun 15 Jan 2023 17:17:52 INFO epoch 40 evaluating [time: 0.13s, valid_score: 0.353300]
Sun 15 Jan 2023 17:17:52 INFO valid result: 
recall@10 : 0.1911    mrr@10 : 0.3533    ndcg@10 : 0.208    hit@10 : 0.6967    precision@10 : 0.1451    
Sun 15 Jan 2023 17:17:52 INFO Saving current best: saved/KGAT-Jan-15-2023_17-12-57.pth
Sun 15 Jan 2023 17:17:59 INFO epoch 41 training [time: 7.08s, train_loss1: 8.7095, train_loss2: 1.8727]
Sun 15 Jan 2023 17:17:59 INFO epoch 41 evaluating [time: 0.13s, valid_score: 0.350500]
Sun 15 Jan 2023 17:17:59 INFO valid result: 
recall@10 : 0.1914    mrr@10 : 0.3505    ndcg@10 : 0.2075    hit@10 : 0.6935    precision@10 : 0.1449    
Sun 15 Jan 2023 17:18:06 INFO epoch 42 training [time: 7.08s, train_loss1: 8.6576, train_loss2: 1.8301]
Sun 15 Jan 2023 17:18:07 INFO epoch 42 evaluating [time: 0.13s, valid_score: 0.352400]
Sun 15 Jan 2023 17:18:07 INFO valid result: 
recall@10 : 0.1942    mrr@10 : 0.3524    ndcg@10 : 0.2095    hit@10 : 0.6914    precision@10 : 0.146    
Sun 15 Jan 2023 17:18:14 INFO epoch 43 training [time: 7.08s, train_loss1: 8.5553, train_loss2: 1.7828]
Sun 15 Jan 2023 17:18:14 INFO epoch 43 evaluating [time: 0.13s, valid_score: 0.352400]
Sun 15 Jan 2023 17:18:14 INFO valid result: 
recall@10 : 0.1915    mrr@10 : 0.3524    ndcg@10 : 0.2084    hit@10 : 0.6914    precision@10 : 0.1445    
Sun 15 Jan 2023 17:18:21 INFO epoch 44 training [time: 6.82s, train_loss1: 8.5064, train_loss2: 1.8252]
Sun 15 Jan 2023 17:18:21 INFO epoch 44 evaluating [time: 0.13s, valid_score: 0.352100]
Sun 15 Jan 2023 17:18:21 INFO valid result: 
recall@10 : 0.1908    mrr@10 : 0.3521    ndcg@10 : 0.2085    hit@10 : 0.6872    precision@10 : 0.1451    
Sun 15 Jan 2023 17:18:28 INFO epoch 45 training [time: 6.76s, train_loss1: 8.3615, train_loss2: 1.7276]
Sun 15 Jan 2023 17:18:28 INFO epoch 45 evaluating [time: 0.13s, valid_score: 0.354100]
Sun 15 Jan 2023 17:18:28 INFO valid result: 
recall@10 : 0.1903    mrr@10 : 0.3541    ndcg@10 : 0.2093    hit@10 : 0.6978    precision@10 : 0.1463    
Sun 15 Jan 2023 17:18:28 INFO Saving current best: saved/KGAT-Jan-15-2023_17-12-57.pth
Sun 15 Jan 2023 17:18:34 INFO epoch 46 training [time: 6.60s, train_loss1: 8.3059, train_loss2: 1.6568]
Sun 15 Jan 2023 17:18:34 INFO epoch 46 evaluating [time: 0.13s, valid_score: 0.354300]
Sun 15 Jan 2023 17:18:34 INFO valid result: 
recall@10 : 0.1946    mrr@10 : 0.3543    ndcg@10 : 0.2117    hit@10 : 0.6999    precision@10 : 0.1479    
Sun 15 Jan 2023 17:18:34 INFO Saving current best: saved/KGAT-Jan-15-2023_17-12-57.pth
Sun 15 Jan 2023 17:18:41 INFO epoch 47 training [time: 6.60s, train_loss1: 8.1865, train_loss2: 1.6837]
Sun 15 Jan 2023 17:18:41 INFO epoch 47 evaluating [time: 0.13s, valid_score: 0.358000]
Sun 15 Jan 2023 17:18:41 INFO valid result: 
recall@10 : 0.1952    mrr@10 : 0.358    ndcg@10 : 0.2133    hit@10 : 0.7126    precision@10 : 0.1492    
Sun 15 Jan 2023 17:18:41 INFO Saving current best: saved/KGAT-Jan-15-2023_17-12-57.pth
Sun 15 Jan 2023 17:18:48 INFO epoch 48 training [time: 6.56s, train_loss1: 8.1713, train_loss2: 1.6039]
Sun 15 Jan 2023 17:18:48 INFO epoch 48 evaluating [time: 0.13s, valid_score: 0.358400]
Sun 15 Jan 2023 17:18:48 INFO valid result: 
recall@10 : 0.196    mrr@10 : 0.3584    ndcg@10 : 0.2146    hit@10 : 0.7094    precision@10 : 0.1494    
Sun 15 Jan 2023 17:18:48 INFO Saving current best: saved/KGAT-Jan-15-2023_17-12-57.pth
Sun 15 Jan 2023 17:18:55 INFO epoch 49 training [time: 6.62s, train_loss1: 8.0097, train_loss2: 1.6066]
Sun 15 Jan 2023 17:18:55 INFO epoch 49 evaluating [time: 0.13s, valid_score: 0.360500]
Sun 15 Jan 2023 17:18:55 INFO valid result: 
recall@10 : 0.1957    mrr@10 : 0.3605    ndcg@10 : 0.2135    hit@10 : 0.7031    precision@10 : 0.1479    
Sun 15 Jan 2023 17:18:55 INFO Saving current best: saved/KGAT-Jan-15-2023_17-12-57.pth
Sun 15 Jan 2023 17:19:01 INFO epoch 50 training [time: 6.62s, train_loss1: 7.9810, train_loss2: 1.5817]
Sun 15 Jan 2023 17:19:01 INFO epoch 50 evaluating [time: 0.13s, valid_score: 0.359300]
Sun 15 Jan 2023 17:19:01 INFO valid result: 
recall@10 : 0.1931    mrr@10 : 0.3593    ndcg@10 : 0.2119    hit@10 : 0.7084    precision@10 : 0.1467    
Sun 15 Jan 2023 17:19:08 INFO epoch 51 training [time: 6.75s, train_loss1: 7.7844, train_loss2: 1.5979]
Sun 15 Jan 2023 17:19:08 INFO epoch 51 evaluating [time: 0.13s, valid_score: 0.369800]
Sun 15 Jan 2023 17:19:08 INFO valid result: 
recall@10 : 0.196    mrr@10 : 0.3698    ndcg@10 : 0.217    hit@10 : 0.7094    precision@10 : 0.1494    
Sun 15 Jan 2023 17:19:08 INFO Saving current best: saved/KGAT-Jan-15-2023_17-12-57.pth
Sun 15 Jan 2023 17:19:15 INFO epoch 52 training [time: 6.75s, train_loss1: 7.8631, train_loss2: 1.5194]
Sun 15 Jan 2023 17:19:15 INFO epoch 52 evaluating [time: 0.13s, valid_score: 0.362900]
Sun 15 Jan 2023 17:19:15 INFO valid result: 
recall@10 : 0.1936    mrr@10 : 0.3629    ndcg@10 : 0.2137    hit@10 : 0.7031    precision@10 : 0.147    
Sun 15 Jan 2023 17:19:22 INFO epoch 53 training [time: 6.62s, train_loss1: 7.7506, train_loss2: 1.5585]
Sun 15 Jan 2023 17:19:22 INFO epoch 53 evaluating [time: 0.13s, valid_score: 0.365000]
Sun 15 Jan 2023 17:19:22 INFO valid result: 
recall@10 : 0.198    mrr@10 : 0.365    ndcg@10 : 0.2171    hit@10 : 0.7105    precision@10 : 0.1495    
Sun 15 Jan 2023 17:19:29 INFO epoch 54 training [time: 6.67s, train_loss1: 7.7006, train_loss2: 1.4671]
Sun 15 Jan 2023 17:19:29 INFO epoch 54 evaluating [time: 0.13s, valid_score: 0.370000]
Sun 15 Jan 2023 17:19:29 INFO valid result: 
recall@10 : 0.1987    mrr@10 : 0.37    ndcg@10 : 0.2185    hit@10 : 0.7147    precision@10 : 0.1511    
Sun 15 Jan 2023 17:19:29 INFO Saving current best: saved/KGAT-Jan-15-2023_17-12-57.pth
Sun 15 Jan 2023 17:19:35 INFO epoch 55 training [time: 6.67s, train_loss1: 7.5846, train_loss2: 1.4608]
Sun 15 Jan 2023 17:19:36 INFO epoch 55 evaluating [time: 0.13s, valid_score: 0.365900]
Sun 15 Jan 2023 17:19:36 INFO valid result: 
recall@10 : 0.1999    mrr@10 : 0.3659    ndcg@10 : 0.218    hit@10 : 0.719    precision@10 : 0.1515    
Sun 15 Jan 2023 17:19:42 INFO epoch 56 training [time: 6.59s, train_loss1: 7.4832, train_loss2: 1.3977]
Sun 15 Jan 2023 17:19:42 INFO epoch 56 evaluating [time: 0.13s, valid_score: 0.360300]
Sun 15 Jan 2023 17:19:42 INFO valid result: 
recall@10 : 0.1997    mrr@10 : 0.3603    ndcg@10 : 0.2173    hit@10 : 0.7179    precision@10 : 0.1516    
Sun 15 Jan 2023 17:19:49 INFO epoch 57 training [time: 6.59s, train_loss1: 7.4643, train_loss2: 1.3592]
Sun 15 Jan 2023 17:19:49 INFO epoch 57 evaluating [time: 0.13s, valid_score: 0.361400]
Sun 15 Jan 2023 17:19:49 INFO valid result: 
recall@10 : 0.1983    mrr@10 : 0.3614    ndcg@10 : 0.2166    hit@10 : 0.7147    precision@10 : 0.1506    
Sun 15 Jan 2023 17:19:56 INFO epoch 58 training [time: 6.60s, train_loss1: 7.2852, train_loss2: 1.3841]
Sun 15 Jan 2023 17:19:56 INFO epoch 58 evaluating [time: 0.13s, valid_score: 0.358800]
Sun 15 Jan 2023 17:19:56 INFO valid result: 
recall@10 : 0.2    mrr@10 : 0.3588    ndcg@10 : 0.2168    hit@10 : 0.7147    precision@10 : 0.1504    
Sun 15 Jan 2023 17:20:02 INFO epoch 59 training [time: 6.55s, train_loss1: 7.3072, train_loss2: 1.3040]
Sun 15 Jan 2023 17:20:02 INFO epoch 59 evaluating [time: 0.13s, valid_score: 0.364600]
Sun 15 Jan 2023 17:20:02 INFO valid result: 
recall@10 : 0.206    mrr@10 : 0.3646    ndcg@10 : 0.2213    hit@10 : 0.7306    precision@10 : 0.1545    
Sun 15 Jan 2023 17:20:09 INFO epoch 60 training [time: 6.60s, train_loss1: 7.1542, train_loss2: 1.3749]
Sun 15 Jan 2023 17:20:09 INFO epoch 60 evaluating [time: 0.13s, valid_score: 0.368700]
Sun 15 Jan 2023 17:20:09 INFO valid result: 
recall@10 : 0.2059    mrr@10 : 0.3687    ndcg@10 : 0.2229    hit@10 : 0.7253    precision@10 : 0.1552    
Sun 15 Jan 2023 17:20:16 INFO epoch 61 training [time: 6.57s, train_loss1: 7.1611, train_loss2: 1.3348]
Sun 15 Jan 2023 17:20:16 INFO epoch 61 evaluating [time: 0.13s, valid_score: 0.375600]
Sun 15 Jan 2023 17:20:16 INFO valid result: 
recall@10 : 0.206    mrr@10 : 0.3756    ndcg@10 : 0.2247    hit@10 : 0.7264    precision@10 : 0.1565    
Sun 15 Jan 2023 17:20:16 INFO Saving current best: saved/KGAT-Jan-15-2023_17-12-57.pth
Sun 15 Jan 2023 17:20:22 INFO epoch 62 training [time: 6.56s, train_loss1: 7.1577, train_loss2: 1.3787]
Sun 15 Jan 2023 17:20:23 INFO epoch 62 evaluating [time: 0.13s, valid_score: 0.366800]
Sun 15 Jan 2023 17:20:23 INFO valid result: 
recall@10 : 0.2049    mrr@10 : 0.3668    ndcg@10 : 0.2229    hit@10 : 0.7243    precision@10 : 0.1574    
Sun 15 Jan 2023 17:20:29 INFO epoch 63 training [time: 6.59s, train_loss1: 7.0177, train_loss2: 1.2572]
Sun 15 Jan 2023 17:20:29 INFO epoch 63 evaluating [time: 0.13s, valid_score: 0.367300]
Sun 15 Jan 2023 17:20:29 INFO valid result: 
recall@10 : 0.2048    mrr@10 : 0.3673    ndcg@10 : 0.2216    hit@10 : 0.7296    precision@10 : 0.1555    
Sun 15 Jan 2023 17:20:36 INFO epoch 64 training [time: 6.60s, train_loss1: 6.9359, train_loss2: 1.3222]
Sun 15 Jan 2023 17:20:36 INFO epoch 64 evaluating [time: 0.13s, valid_score: 0.370900]
Sun 15 Jan 2023 17:20:36 INFO valid result: 
recall@10 : 0.2044    mrr@10 : 0.3709    ndcg@10 : 0.2218    hit@10 : 0.7264    precision@10 : 0.1547    
Sun 15 Jan 2023 17:20:43 INFO epoch 65 training [time: 7.00s, train_loss1: 6.8625, train_loss2: 1.2843]
Sun 15 Jan 2023 17:20:43 INFO epoch 65 evaluating [time: 0.13s, valid_score: 0.372100]
Sun 15 Jan 2023 17:20:43 INFO valid result: 
recall@10 : 0.204    mrr@10 : 0.3721    ndcg@10 : 0.2218    hit@10 : 0.7253    precision@10 : 0.1544    
Sun 15 Jan 2023 17:20:50 INFO epoch 66 training [time: 6.62s, train_loss1: 6.7810, train_loss2: 1.2571]
Sun 15 Jan 2023 17:20:50 INFO epoch 66 evaluating [time: 0.13s, valid_score: 0.372700]
Sun 15 Jan 2023 17:20:50 INFO valid result: 
recall@10 : 0.2061    mrr@10 : 0.3727    ndcg@10 : 0.223    hit@10 : 0.7317    precision@10 : 0.1559    
Sun 15 Jan 2023 17:20:57 INFO epoch 67 training [time: 6.89s, train_loss1: 6.7195, train_loss2: 1.2654]
Sun 15 Jan 2023 17:20:57 INFO epoch 67 evaluating [time: 0.13s, valid_score: 0.368500]
Sun 15 Jan 2023 17:20:57 INFO valid result: 
recall@10 : 0.2051    mrr@10 : 0.3685    ndcg@10 : 0.2226    hit@10 : 0.7359    precision@10 : 0.1567    
Sun 15 Jan 2023 17:21:04 INFO epoch 68 training [time: 7.05s, train_loss1: 6.6153, train_loss2: 1.2333]
Sun 15 Jan 2023 17:21:04 INFO epoch 68 evaluating [time: 0.13s, valid_score: 0.367300]
Sun 15 Jan 2023 17:21:04 INFO valid result: 
recall@10 : 0.2049    mrr@10 : 0.3673    ndcg@10 : 0.2226    hit@10 : 0.7359    precision@10 : 0.1573    
Sun 15 Jan 2023 17:21:11 INFO epoch 69 training [time: 6.60s, train_loss1: 6.5795, train_loss2: 1.2303]
Sun 15 Jan 2023 17:21:11 INFO epoch 69 evaluating [time: 0.13s, valid_score: 0.367900]
Sun 15 Jan 2023 17:21:11 INFO valid result: 
recall@10 : 0.209    mrr@10 : 0.3679    ndcg@10 : 0.2255    hit@10 : 0.7391    precision@10 : 0.1594    
Sun 15 Jan 2023 17:21:17 INFO epoch 70 training [time: 6.57s, train_loss1: 6.4712, train_loss2: 1.1968]
Sun 15 Jan 2023 17:21:18 INFO epoch 70 evaluating [time: 0.13s, valid_score: 0.370900]
Sun 15 Jan 2023 17:21:18 INFO valid result: 
recall@10 : 0.2094    mrr@10 : 0.3709    ndcg@10 : 0.2254    hit@10 : 0.737    precision@10 : 0.1582    
Sun 15 Jan 2023 17:21:24 INFO epoch 71 training [time: 6.61s, train_loss1: 6.5066, train_loss2: 1.1354]
Sun 15 Jan 2023 17:21:24 INFO epoch 71 evaluating [time: 0.13s, valid_score: 0.369300]
Sun 15 Jan 2023 17:21:24 INFO valid result: 
recall@10 : 0.2114    mrr@10 : 0.3693    ndcg@10 : 0.2252    hit@10 : 0.7413    precision@10 : 0.1578    
Sun 15 Jan 2023 17:21:31 INFO epoch 72 training [time: 6.62s, train_loss1: 6.4054, train_loss2: 1.2443]
Sun 15 Jan 2023 17:21:31 INFO epoch 72 evaluating [time: 0.13s, valid_score: 0.367400]
Sun 15 Jan 2023 17:21:31 INFO valid result: 
recall@10 : 0.2128    mrr@10 : 0.3674    ndcg@10 : 0.2259    hit@10 : 0.7561    precision@10 : 0.1594    
Sun 15 Jan 2023 17:21:31 INFO Finished training, best eval result in epoch 61
Sun 15 Jan 2023 17:21:31 INFO Loading model structure and parameters from saved/KGAT-Jan-15-2023_17-12-57.pth
Sun 15 Jan 2023 17:21:31 INFO best valid result_1: {'recall@10': 0.206, 'mrr@10': 0.3756, 'ndcg@10': 0.2247, 'hit@10': 0.7264, 'precision@10': 0.1565}
Sun 15 Jan 2023 17:21:31 INFO test result_1: {'recall@10': 0.2385, 'mrr@10': 0.4895, 'ndcg@10': 0.2874, 'hit@10': 0.7731, 'precision@10': 0.1937}
Sun 15 Jan 2023 17:21:38 INFO epoch 0 training [time: 6.76s, train_loss1: 24.2390, train_loss2: 29.6056]
Sun 15 Jan 2023 17:21:38 INFO epoch 0 evaluating [time: 0.13s, valid_score: 0.114500]
Sun 15 Jan 2023 17:21:38 INFO valid result: 
recall@10 : 0.0547    mrr@10 : 0.1145    ndcg@10 : 0.0574    hit@10 : 0.3181    precision@10 : 0.0445    
Sun 15 Jan 2023 17:21:38 INFO Saving current best: saved2/KGAT-Jan-15-2023_17-21-31.pth
Sun 15 Jan 2023 17:21:45 INFO epoch 1 training [time: 6.68s, train_loss1: 21.6148, train_loss2: 19.3163]
Sun 15 Jan 2023 17:21:45 INFO epoch 1 evaluating [time: 0.13s, valid_score: 0.153100]
Sun 15 Jan 2023 17:21:45 INFO valid result: 
recall@10 : 0.0799    mrr@10 : 0.1531    ndcg@10 : 0.0824    hit@10 : 0.4115    precision@10 : 0.0645    
Sun 15 Jan 2023 17:21:45 INFO Saving current best: saved2/KGAT-Jan-15-2023_17-21-31.pth
Sun 15 Jan 2023 17:21:52 INFO epoch 2 training [time: 6.68s, train_loss1: 19.0865, train_loss2: 12.5927]
Sun 15 Jan 2023 17:21:52 INFO epoch 2 evaluating [time: 0.13s, valid_score: 0.147100]
Sun 15 Jan 2023 17:21:52 INFO valid result: 
recall@10 : 0.0772    mrr@10 : 0.1471    ndcg@10 : 0.0789    hit@10 : 0.403    precision@10 : 0.063    
Sun 15 Jan 2023 17:21:59 INFO epoch 3 training [time: 6.88s, train_loss1: 17.0236, train_loss2: 10.1092]
Sun 15 Jan 2023 17:21:59 INFO epoch 3 evaluating [time: 0.13s, valid_score: 0.166100]
Sun 15 Jan 2023 17:21:59 INFO valid result: 
recall@10 : 0.0807    mrr@10 : 0.1661    ndcg@10 : 0.0861    hit@10 : 0.4411    precision@10 : 0.0692    
Sun 15 Jan 2023 17:21:59 INFO Saving current best: saved2/KGAT-Jan-15-2023_17-21-31.pth
Sun 15 Jan 2023 17:22:06 INFO epoch 4 training [time: 6.97s, train_loss1: 16.5846, train_loss2: 9.0863]
Sun 15 Jan 2023 17:22:06 INFO epoch 4 evaluating [time: 0.13s, valid_score: 0.157600]
Sun 15 Jan 2023 17:22:06 INFO valid result: 
recall@10 : 0.0846    mrr@10 : 0.1576    ndcg@10 : 0.0863    hit@10 : 0.4454    precision@10 : 0.0689    
Sun 15 Jan 2023 17:22:13 INFO epoch 5 training [time: 6.95s, train_loss1: 16.3321, train_loss2: 8.3169]
Sun 15 Jan 2023 17:22:13 INFO epoch 5 evaluating [time: 0.13s, valid_score: 0.184200]
Sun 15 Jan 2023 17:22:13 INFO valid result: 
recall@10 : 0.0888    mrr@10 : 0.1842    ndcg@10 : 0.0966    hit@10 : 0.4846    precision@10 : 0.0765    
Sun 15 Jan 2023 17:22:13 INFO Saving current best: saved2/KGAT-Jan-15-2023_17-21-31.pth
Sun 15 Jan 2023 17:22:20 INFO epoch 6 training [time: 6.89s, train_loss1: 16.1812, train_loss2: 7.7773]
Sun 15 Jan 2023 17:22:20 INFO epoch 6 evaluating [time: 0.13s, valid_score: 0.183000]
Sun 15 Jan 2023 17:22:20 INFO valid result: 
recall@10 : 0.0898    mrr@10 : 0.183    ndcg@10 : 0.098    hit@10 : 0.473    precision@10 : 0.0785    
Sun 15 Jan 2023 17:22:27 INFO epoch 7 training [time: 6.62s, train_loss1: 16.0160, train_loss2: 7.3932]
Sun 15 Jan 2023 17:22:27 INFO epoch 7 evaluating [time: 0.13s, valid_score: 0.202000]
Sun 15 Jan 2023 17:22:27 INFO valid result: 
recall@10 : 0.0989    mrr@10 : 0.202    ndcg@10 : 0.1073    hit@10 : 0.4973    precision@10 : 0.0834    
Sun 15 Jan 2023 17:22:27 INFO Saving current best: saved2/KGAT-Jan-15-2023_17-21-31.pth
Sun 15 Jan 2023 17:22:34 INFO epoch 8 training [time: 6.73s, train_loss1: 15.8197, train_loss2: 7.0898]
Sun 15 Jan 2023 17:22:34 INFO epoch 8 evaluating [time: 0.13s, valid_score: 0.224700]
Sun 15 Jan 2023 17:22:34 INFO valid result: 
recall@10 : 0.106    mrr@10 : 0.2247    ndcg@10 : 0.1171    hit@10 : 0.5228    precision@10 : 0.0874    
Sun 15 Jan 2023 17:22:34 INFO Saving current best: saved2/KGAT-Jan-15-2023_17-21-31.pth
Sun 15 Jan 2023 17:22:41 INFO epoch 9 training [time: 6.70s, train_loss1: 15.6387, train_loss2: 6.9487]
Sun 15 Jan 2023 17:22:41 INFO epoch 9 evaluating [time: 0.13s, valid_score: 0.226300]
Sun 15 Jan 2023 17:22:41 INFO valid result: 
recall@10 : 0.1144    mrr@10 : 0.2263    ndcg@10 : 0.1234    hit@10 : 0.5408    precision@10 : 0.0932    
Sun 15 Jan 2023 17:22:41 INFO Saving current best: saved2/KGAT-Jan-15-2023_17-21-31.pth
Sun 15 Jan 2023 17:22:48 INFO epoch 10 training [time: 6.94s, train_loss1: 15.3888, train_loss2: 6.5183]
Sun 15 Jan 2023 17:22:48 INFO epoch 10 evaluating [time: 0.13s, valid_score: 0.232000]
Sun 15 Jan 2023 17:22:48 INFO valid result: 
recall@10 : 0.1192    mrr@10 : 0.232    ndcg@10 : 0.1292    hit@10 : 0.544    precision@10 : 0.0975    
Sun 15 Jan 2023 17:22:48 INFO Saving current best: saved2/KGAT-Jan-15-2023_17-21-31.pth
Sun 15 Jan 2023 17:22:55 INFO epoch 11 training [time: 6.64s, train_loss1: 15.0628, train_loss2: 6.3700]
Sun 15 Jan 2023 17:22:55 INFO epoch 11 evaluating [time: 0.13s, valid_score: 0.243800]
Sun 15 Jan 2023 17:22:55 INFO valid result: 
recall@10 : 0.1311    mrr@10 : 0.2438    ndcg@10 : 0.1406    hit@10 : 0.5811    precision@10 : 0.1057    
Sun 15 Jan 2023 17:22:55 INFO Saving current best: saved2/KGAT-Jan-15-2023_17-21-31.pth
Sun 15 Jan 2023 17:23:01 INFO epoch 12 training [time: 6.59s, train_loss1: 14.7630, train_loss2: 5.8810]
Sun 15 Jan 2023 17:23:01 INFO epoch 12 evaluating [time: 0.13s, valid_score: 0.256000]
Sun 15 Jan 2023 17:23:01 INFO valid result: 
recall@10 : 0.1324    mrr@10 : 0.256    ndcg@10 : 0.1448    hit@10 : 0.5843    precision@10 : 0.1064    
Sun 15 Jan 2023 17:23:02 INFO Saving current best: saved2/KGAT-Jan-15-2023_17-21-31.pth
Sun 15 Jan 2023 17:23:08 INFO epoch 13 training [time: 6.63s, train_loss1: 14.3912, train_loss2: 5.4636]
Sun 15 Jan 2023 17:23:08 INFO epoch 13 evaluating [time: 0.13s, valid_score: 0.266600]
Sun 15 Jan 2023 17:23:08 INFO valid result: 
recall@10 : 0.1411    mrr@10 : 0.2666    ndcg@10 : 0.1529    hit@10 : 0.596    precision@10 : 0.1115    
Sun 15 Jan 2023 17:23:08 INFO Saving current best: saved2/KGAT-Jan-15-2023_17-21-31.pth
Sun 15 Jan 2023 17:23:15 INFO epoch 14 training [time: 6.68s, train_loss1: 13.9970, train_loss2: 4.9558]
Sun 15 Jan 2023 17:23:15 INFO epoch 14 evaluating [time: 0.13s, valid_score: 0.279700]
Sun 15 Jan 2023 17:23:15 INFO valid result: 
recall@10 : 0.1477    mrr@10 : 0.2797    ndcg@10 : 0.1607    hit@10 : 0.614    precision@10 : 0.1159    
Sun 15 Jan 2023 17:23:15 INFO Saving current best: saved2/KGAT-Jan-15-2023_17-21-31.pth
Sun 15 Jan 2023 17:23:22 INFO epoch 15 training [time: 6.65s, train_loss1: 13.6279, train_loss2: 4.5128]
Sun 15 Jan 2023 17:23:22 INFO epoch 15 evaluating [time: 0.13s, valid_score: 0.284300]
Sun 15 Jan 2023 17:23:22 INFO valid result: 
recall@10 : 0.153    mrr@10 : 0.2843    ndcg@10 : 0.1653    hit@10 : 0.6278    precision@10 : 0.1191    
Sun 15 Jan 2023 17:23:22 INFO Saving current best: saved2/KGAT-Jan-15-2023_17-21-31.pth
Sun 15 Jan 2023 17:23:29 INFO epoch 16 training [time: 6.77s, train_loss1: 13.2269, train_loss2: 4.1837]
Sun 15 Jan 2023 17:23:29 INFO epoch 16 evaluating [time: 0.13s, valid_score: 0.286900]
Sun 15 Jan 2023 17:23:29 INFO valid result: 
recall@10 : 0.1555    mrr@10 : 0.2869    ndcg@10 : 0.168    hit@10 : 0.6331    precision@10 : 0.121    
Sun 15 Jan 2023 17:23:29 INFO Saving current best: saved2/KGAT-Jan-15-2023_17-21-31.pth
Sun 15 Jan 2023 17:23:36 INFO epoch 17 training [time: 6.82s, train_loss1: 12.8666, train_loss2: 3.9889]
Sun 15 Jan 2023 17:23:36 INFO epoch 17 evaluating [time: 0.13s, valid_score: 0.291900]
Sun 15 Jan 2023 17:23:36 INFO valid result: 
recall@10 : 0.1563    mrr@10 : 0.2919    ndcg@10 : 0.1703    hit@10 : 0.6331    precision@10 : 0.122    
Sun 15 Jan 2023 17:23:36 INFO Saving current best: saved2/KGAT-Jan-15-2023_17-21-31.pth
Sun 15 Jan 2023 17:23:43 INFO epoch 18 training [time: 6.65s, train_loss1: 12.5140, train_loss2: 3.7665]
Sun 15 Jan 2023 17:23:43 INFO epoch 18 evaluating [time: 0.13s, valid_score: 0.298700]
Sun 15 Jan 2023 17:23:43 INFO valid result: 
recall@10 : 0.1572    mrr@10 : 0.2987    ndcg@10 : 0.1739    hit@10 : 0.6352    precision@10 : 0.1247    
Sun 15 Jan 2023 17:23:43 INFO Saving current best: saved2/KGAT-Jan-15-2023_17-21-31.pth
Sun 15 Jan 2023 17:23:49 INFO epoch 19 training [time: 6.67s, train_loss1: 12.1669, train_loss2: 3.6283]
Sun 15 Jan 2023 17:23:49 INFO epoch 19 evaluating [time: 0.13s, valid_score: 0.306700]
Sun 15 Jan 2023 17:23:49 INFO valid result: 
recall@10 : 0.1579    mrr@10 : 0.3067    ndcg@10 : 0.1767    hit@10 : 0.6363    precision@10 : 0.1262    
Sun 15 Jan 2023 17:23:50 INFO Saving current best: saved2/KGAT-Jan-15-2023_17-21-31.pth
Sun 15 Jan 2023 17:23:56 INFO epoch 20 training [time: 6.68s, train_loss1: 11.8990, train_loss2: 3.4420]
Sun 15 Jan 2023 17:23:56 INFO epoch 20 evaluating [time: 0.13s, valid_score: 0.313200]
Sun 15 Jan 2023 17:23:56 INFO valid result: 
recall@10 : 0.1618    mrr@10 : 0.3132    ndcg@10 : 0.1802    hit@10 : 0.6416    precision@10 : 0.1288    
Sun 15 Jan 2023 17:23:56 INFO Saving current best: saved2/KGAT-Jan-15-2023_17-21-31.pth
Sun 15 Jan 2023 17:24:03 INFO epoch 21 training [time: 6.68s, train_loss1: 11.5584, train_loss2: 3.3665]
Sun 15 Jan 2023 17:24:03 INFO epoch 21 evaluating [time: 0.13s, valid_score: 0.314000]
Sun 15 Jan 2023 17:24:03 INFO valid result: 
recall@10 : 0.1634    mrr@10 : 0.314    ndcg@10 : 0.1812    hit@10 : 0.6469    precision@10 : 0.1302    
Sun 15 Jan 2023 17:24:03 INFO Saving current best: saved2/KGAT-Jan-15-2023_17-21-31.pth
Sun 15 Jan 2023 17:24:10 INFO epoch 22 training [time: 6.80s, train_loss1: 11.3087, train_loss2: 3.2396]
Sun 15 Jan 2023 17:24:10 INFO epoch 22 evaluating [time: 0.13s, valid_score: 0.316800]
Sun 15 Jan 2023 17:24:10 INFO valid result: 
recall@10 : 0.163    mrr@10 : 0.3168    ndcg@10 : 0.1822    hit@10 : 0.6511    precision@10 : 0.131    
Sun 15 Jan 2023 17:24:10 INFO Saving current best: saved2/KGAT-Jan-15-2023_17-21-31.pth
Sun 15 Jan 2023 17:24:17 INFO epoch 23 training [time: 6.95s, train_loss1: 11.0981, train_loss2: 3.1718]
Sun 15 Jan 2023 17:24:17 INFO epoch 23 evaluating [time: 0.13s, valid_score: 0.318900]
Sun 15 Jan 2023 17:24:17 INFO valid result: 
recall@10 : 0.1657    mrr@10 : 0.3189    ndcg@10 : 0.1846    hit@10 : 0.6554    precision@10 : 0.1323    
Sun 15 Jan 2023 17:24:17 INFO Saving current best: saved2/KGAT-Jan-15-2023_17-21-31.pth
Sun 15 Jan 2023 17:24:24 INFO epoch 24 training [time: 7.06s, train_loss1: 10.8757, train_loss2: 3.0965]
Sun 15 Jan 2023 17:24:24 INFO epoch 24 evaluating [time: 0.13s, valid_score: 0.319300]
Sun 15 Jan 2023 17:24:24 INFO valid result: 
recall@10 : 0.1682    mrr@10 : 0.3193    ndcg@10 : 0.1858    hit@10 : 0.6554    precision@10 : 0.1333    
Sun 15 Jan 2023 17:24:24 INFO Saving current best: saved2/KGAT-Jan-15-2023_17-21-31.pth
Sun 15 Jan 2023 17:24:31 INFO epoch 25 training [time: 6.96s, train_loss1: 10.6304, train_loss2: 2.9219]
Sun 15 Jan 2023 17:24:32 INFO epoch 25 evaluating [time: 0.13s, valid_score: 0.319800]
Sun 15 Jan 2023 17:24:32 INFO valid result: 
recall@10 : 0.1712    mrr@10 : 0.3198    ndcg@10 : 0.1874    hit@10 : 0.6617    precision@10 : 0.1357    
Sun 15 Jan 2023 17:24:32 INFO Saving current best: saved2/KGAT-Jan-15-2023_17-21-31.pth
Sun 15 Jan 2023 17:24:39 INFO epoch 26 training [time: 7.09s, train_loss1: 10.4724, train_loss2: 2.7677]
Sun 15 Jan 2023 17:24:39 INFO epoch 26 evaluating [time: 0.13s, valid_score: 0.322200]
Sun 15 Jan 2023 17:24:39 INFO valid result: 
recall@10 : 0.1727    mrr@10 : 0.3222    ndcg@10 : 0.1896    hit@10 : 0.6596    precision@10 : 0.1359    
Sun 15 Jan 2023 17:24:39 INFO Saving current best: saved2/KGAT-Jan-15-2023_17-21-31.pth
Sun 15 Jan 2023 17:24:46 INFO epoch 27 training [time: 6.91s, train_loss1: 10.3749, train_loss2: 2.7131]
Sun 15 Jan 2023 17:24:46 INFO epoch 27 evaluating [time: 0.13s, valid_score: 0.325400]
Sun 15 Jan 2023 17:24:46 INFO valid result: 
recall@10 : 0.1768    mrr@10 : 0.3254    ndcg@10 : 0.1921    hit@10 : 0.667    precision@10 : 0.1381    
Sun 15 Jan 2023 17:24:46 INFO Saving current best: saved2/KGAT-Jan-15-2023_17-21-31.pth
Sun 15 Jan 2023 17:24:53 INFO epoch 28 training [time: 6.91s, train_loss1: 10.1665, train_loss2: 2.5509]
Sun 15 Jan 2023 17:24:53 INFO epoch 28 evaluating [time: 0.13s, valid_score: 0.330600]
Sun 15 Jan 2023 17:24:53 INFO valid result: 
recall@10 : 0.1752    mrr@10 : 0.3306    ndcg@10 : 0.1926    hit@10 : 0.6734    precision@10 : 0.1367    
Sun 15 Jan 2023 17:24:53 INFO Saving current best: saved2/KGAT-Jan-15-2023_17-21-31.pth
Sun 15 Jan 2023 17:25:00 INFO epoch 29 training [time: 6.86s, train_loss1: 10.0367, train_loss2: 2.5511]
Sun 15 Jan 2023 17:25:00 INFO epoch 29 evaluating [time: 0.13s, valid_score: 0.331200]
Sun 15 Jan 2023 17:25:00 INFO valid result: 
recall@10 : 0.1734    mrr@10 : 0.3312    ndcg@10 : 0.1906    hit@10 : 0.667    precision@10 : 0.1352    
Sun 15 Jan 2023 17:25:00 INFO Saving current best: saved2/KGAT-Jan-15-2023_17-21-31.pth
Sun 15 Jan 2023 17:25:07 INFO epoch 30 training [time: 6.78s, train_loss1: 9.8551, train_loss2: 2.3856]
Sun 15 Jan 2023 17:25:07 INFO epoch 30 evaluating [time: 0.13s, valid_score: 0.330300]
Sun 15 Jan 2023 17:25:07 INFO valid result: 
recall@10 : 0.1749    mrr@10 : 0.3303    ndcg@10 : 0.1923    hit@10 : 0.666    precision@10 : 0.1363    
Sun 15 Jan 2023 17:25:14 INFO epoch 31 training [time: 6.68s, train_loss1: 9.7160, train_loss2: 2.3419]
Sun 15 Jan 2023 17:25:14 INFO epoch 31 evaluating [time: 0.13s, valid_score: 0.337600]
Sun 15 Jan 2023 17:25:14 INFO valid result: 
recall@10 : 0.1769    mrr@10 : 0.3376    ndcg@10 : 0.1944    hit@10 : 0.667    precision@10 : 0.1365    
Sun 15 Jan 2023 17:25:14 INFO Saving current best: saved2/KGAT-Jan-15-2023_17-21-31.pth
Sun 15 Jan 2023 17:25:20 INFO epoch 32 training [time: 6.69s, train_loss1: 9.6526, train_loss2: 2.2610]
Sun 15 Jan 2023 17:25:21 INFO epoch 32 evaluating [time: 0.13s, valid_score: 0.335900]
Sun 15 Jan 2023 17:25:21 INFO valid result: 
recall@10 : 0.1772    mrr@10 : 0.3359    ndcg@10 : 0.1949    hit@10 : 0.6691    precision@10 : 0.137    
Sun 15 Jan 2023 17:25:27 INFO epoch 33 training [time: 6.77s, train_loss1: 9.5539, train_loss2: 2.2615]
Sun 15 Jan 2023 17:25:27 INFO epoch 33 evaluating [time: 0.13s, valid_score: 0.344200]
Sun 15 Jan 2023 17:25:27 INFO valid result: 
recall@10 : 0.1762    mrr@10 : 0.3442    ndcg@10 : 0.197    hit@10 : 0.667    precision@10 : 0.1361    
Sun 15 Jan 2023 17:25:28 INFO Saving current best: saved2/KGAT-Jan-15-2023_17-21-31.pth
Sun 15 Jan 2023 17:25:35 INFO epoch 34 training [time: 7.11s, train_loss1: 9.4504, train_loss2: 2.2081]
Sun 15 Jan 2023 17:25:35 INFO epoch 34 evaluating [time: 0.13s, valid_score: 0.348500]
Sun 15 Jan 2023 17:25:35 INFO valid result: 
recall@10 : 0.1769    mrr@10 : 0.3485    ndcg@10 : 0.1982    hit@10 : 0.6713    precision@10 : 0.1368    
Sun 15 Jan 2023 17:25:35 INFO Saving current best: saved2/KGAT-Jan-15-2023_17-21-31.pth
Sun 15 Jan 2023 17:25:42 INFO epoch 35 training [time: 6.80s, train_loss1: 9.4445, train_loss2: 2.1639]
Sun 15 Jan 2023 17:25:42 INFO epoch 35 evaluating [time: 0.13s, valid_score: 0.347500]
Sun 15 Jan 2023 17:25:42 INFO valid result: 
recall@10 : 0.1791    mrr@10 : 0.3475    ndcg@10 : 0.1991    hit@10 : 0.6734    precision@10 : 0.1369    
Sun 15 Jan 2023 17:25:49 INFO epoch 36 training [time: 6.85s, train_loss1: 9.3302, train_loss2: 2.1049]
Sun 15 Jan 2023 17:25:49 INFO epoch 36 evaluating [time: 0.13s, valid_score: 0.348000]
Sun 15 Jan 2023 17:25:49 INFO valid result: 
recall@10 : 0.1782    mrr@10 : 0.348    ndcg@10 : 0.1982    hit@10 : 0.6744    precision@10 : 0.1371    
Sun 15 Jan 2023 17:25:55 INFO epoch 37 training [time: 6.65s, train_loss1: 9.1403, train_loss2: 2.0114]
Sun 15 Jan 2023 17:25:55 INFO epoch 37 evaluating [time: 0.13s, valid_score: 0.351200]
Sun 15 Jan 2023 17:25:55 INFO valid result: 
recall@10 : 0.1792    mrr@10 : 0.3512    ndcg@10 : 0.2007    hit@10 : 0.6681    precision@10 : 0.1388    
Sun 15 Jan 2023 17:25:56 INFO Saving current best: saved2/KGAT-Jan-15-2023_17-21-31.pth
Sun 15 Jan 2023 17:26:02 INFO epoch 38 training [time: 6.91s, train_loss1: 9.1257, train_loss2: 2.0173]
Sun 15 Jan 2023 17:26:03 INFO epoch 38 evaluating [time: 0.13s, valid_score: 0.351100]
Sun 15 Jan 2023 17:26:03 INFO valid result: 
recall@10 : 0.1823    mrr@10 : 0.3511    ndcg@10 : 0.2019    hit@10 : 0.6829    precision@10 : 0.1404    
Sun 15 Jan 2023 17:26:09 INFO epoch 39 training [time: 6.81s, train_loss1: 8.9721, train_loss2: 2.0204]
Sun 15 Jan 2023 17:26:09 INFO epoch 39 evaluating [time: 0.13s, valid_score: 0.357400]
Sun 15 Jan 2023 17:26:09 INFO valid result: 
recall@10 : 0.1829    mrr@10 : 0.3574    ndcg@10 : 0.2034    hit@10 : 0.6808    precision@10 : 0.1405    
Sun 15 Jan 2023 17:26:10 INFO Saving current best: saved2/KGAT-Jan-15-2023_17-21-31.pth
Sun 15 Jan 2023 17:26:16 INFO epoch 40 training [time: 6.97s, train_loss1: 8.8828, train_loss2: 1.8970]
Sun 15 Jan 2023 17:26:17 INFO epoch 40 evaluating [time: 0.13s, valid_score: 0.359000]
Sun 15 Jan 2023 17:26:17 INFO valid result: 
recall@10 : 0.1865    mrr@10 : 0.359    ndcg@10 : 0.2056    hit@10 : 0.6882    precision@10 : 0.142    
Sun 15 Jan 2023 17:26:17 INFO Saving current best: saved2/KGAT-Jan-15-2023_17-21-31.pth
Sun 15 Jan 2023 17:26:23 INFO epoch 41 training [time: 6.80s, train_loss1: 8.7572, train_loss2: 1.8931]
Sun 15 Jan 2023 17:26:24 INFO epoch 41 evaluating [time: 0.13s, valid_score: 0.357400]
Sun 15 Jan 2023 17:26:24 INFO valid result: 
recall@10 : 0.1909    mrr@10 : 0.3574    ndcg@10 : 0.208    hit@10 : 0.6946    precision@10 : 0.1452    
Sun 15 Jan 2023 17:26:30 INFO epoch 42 training [time: 6.90s, train_loss1: 8.7401, train_loss2: 1.8444]
Sun 15 Jan 2023 17:26:31 INFO epoch 42 evaluating [time: 0.13s, valid_score: 0.356100]
Sun 15 Jan 2023 17:26:31 INFO valid result: 
recall@10 : 0.1914    mrr@10 : 0.3561    ndcg@10 : 0.2087    hit@10 : 0.6893    precision@10 : 0.1446    
Sun 15 Jan 2023 17:26:37 INFO epoch 43 training [time: 6.65s, train_loss1: 8.5790, train_loss2: 1.8168]
Sun 15 Jan 2023 17:26:37 INFO epoch 43 evaluating [time: 0.13s, valid_score: 0.358800]
Sun 15 Jan 2023 17:26:37 INFO valid result: 
recall@10 : 0.1939    mrr@10 : 0.3588    ndcg@10 : 0.2124    hit@10 : 0.6978    precision@10 : 0.1472    
Sun 15 Jan 2023 17:26:44 INFO epoch 44 training [time: 6.80s, train_loss1: 8.4570, train_loss2: 1.8113]
Sun 15 Jan 2023 17:26:44 INFO epoch 44 evaluating [time: 0.13s, valid_score: 0.359600]
Sun 15 Jan 2023 17:26:44 INFO valid result: 
recall@10 : 0.1954    mrr@10 : 0.3596    ndcg@10 : 0.2132    hit@10 : 0.7073    precision@10 : 0.1491    
Sun 15 Jan 2023 17:26:44 INFO Saving current best: saved2/KGAT-Jan-15-2023_17-21-31.pth
Sun 15 Jan 2023 17:26:51 INFO epoch 45 training [time: 6.89s, train_loss1: 8.4403, train_loss2: 1.7253]
Sun 15 Jan 2023 17:26:51 INFO epoch 45 evaluating [time: 0.13s, valid_score: 0.359600]
Sun 15 Jan 2023 17:26:51 INFO valid result: 
recall@10 : 0.1985    mrr@10 : 0.3596    ndcg@10 : 0.2141    hit@10 : 0.7084    precision@10 : 0.1489    
Sun 15 Jan 2023 17:26:58 INFO epoch 46 training [time: 6.79s, train_loss1: 8.3171, train_loss2: 1.7905]
Sun 15 Jan 2023 17:26:58 INFO epoch 46 evaluating [time: 0.13s, valid_score: 0.360600]
Sun 15 Jan 2023 17:26:58 INFO valid result: 
recall@10 : 0.1957    mrr@10 : 0.3606    ndcg@10 : 0.2136    hit@10 : 0.6935    precision@10 : 0.1481    
Sun 15 Jan 2023 17:26:58 INFO Saving current best: saved2/KGAT-Jan-15-2023_17-21-31.pth
Sun 15 Jan 2023 17:27:05 INFO epoch 47 training [time: 6.78s, train_loss1: 8.2345, train_loss2: 1.7258]
Sun 15 Jan 2023 17:27:05 INFO epoch 47 evaluating [time: 0.13s, valid_score: 0.368600]
Sun 15 Jan 2023 17:27:05 INFO valid result: 
recall@10 : 0.2013    mrr@10 : 0.3686    ndcg@10 : 0.2191    hit@10 : 0.7063    precision@10 : 0.1517    
Sun 15 Jan 2023 17:27:05 INFO Saving current best: saved2/KGAT-Jan-15-2023_17-21-31.pth
Sun 15 Jan 2023 17:27:12 INFO epoch 48 training [time: 6.77s, train_loss1: 8.0795, train_loss2: 1.6985]
Sun 15 Jan 2023 17:27:12 INFO epoch 48 evaluating [time: 0.13s, valid_score: 0.364200]
Sun 15 Jan 2023 17:27:12 INFO valid result: 
recall@10 : 0.2007    mrr@10 : 0.3642    ndcg@10 : 0.2173    hit@10 : 0.7094    precision@10 : 0.1507    
Sun 15 Jan 2023 17:27:19 INFO epoch 49 training [time: 6.76s, train_loss1: 7.9399, train_loss2: 1.7023]
Sun 15 Jan 2023 17:27:19 INFO epoch 49 evaluating [time: 0.13s, valid_score: 0.363600]
Sun 15 Jan 2023 17:27:19 INFO valid result: 
recall@10 : 0.1999    mrr@10 : 0.3636    ndcg@10 : 0.2165    hit@10 : 0.7073    precision@10 : 0.1511    
Sun 15 Jan 2023 17:27:26 INFO epoch 50 training [time: 6.63s, train_loss1: 7.8845, train_loss2: 1.6892]
Sun 15 Jan 2023 17:27:26 INFO epoch 50 evaluating [time: 0.13s, valid_score: 0.366800]
Sun 15 Jan 2023 17:27:26 INFO valid result: 
recall@10 : 0.2001    mrr@10 : 0.3668    ndcg@10 : 0.2171    hit@10 : 0.7073    precision@10 : 0.1505    
Sun 15 Jan 2023 17:27:32 INFO epoch 51 training [time: 6.63s, train_loss1: 7.8587, train_loss2: 1.6364]
Sun 15 Jan 2023 17:27:33 INFO epoch 51 evaluating [time: 0.13s, valid_score: 0.365600]
Sun 15 Jan 2023 17:27:33 INFO valid result: 
recall@10 : 0.2023    mrr@10 : 0.3656    ndcg@10 : 0.2178    hit@10 : 0.7137    precision@10 : 0.1516    
Sun 15 Jan 2023 17:27:39 INFO epoch 52 training [time: 6.78s, train_loss1: 7.7582, train_loss2: 1.5765]
Sun 15 Jan 2023 17:27:39 INFO epoch 52 evaluating [time: 0.13s, valid_score: 0.367100]
Sun 15 Jan 2023 17:27:39 INFO valid result: 
recall@10 : 0.1985    mrr@10 : 0.3671    ndcg@10 : 0.2172    hit@10 : 0.7105    precision@10 : 0.1512    
Sun 15 Jan 2023 17:27:46 INFO epoch 53 training [time: 6.74s, train_loss1: 7.6340, train_loss2: 1.5020]
Sun 15 Jan 2023 17:27:46 INFO epoch 53 evaluating [time: 0.13s, valid_score: 0.372300]
Sun 15 Jan 2023 17:27:46 INFO valid result: 
recall@10 : 0.199    mrr@10 : 0.3723    ndcg@10 : 0.2199    hit@10 : 0.7031    precision@10 : 0.1526    
Sun 15 Jan 2023 17:27:46 INFO Saving current best: saved2/KGAT-Jan-15-2023_17-21-31.pth
Sun 15 Jan 2023 17:27:53 INFO epoch 54 training [time: 6.78s, train_loss1: 7.6368, train_loss2: 1.5567]
Sun 15 Jan 2023 17:27:53 INFO epoch 54 evaluating [time: 0.13s, valid_score: 0.374500]
Sun 15 Jan 2023 17:27:53 INFO valid result: 
recall@10 : 0.2038    mrr@10 : 0.3745    ndcg@10 : 0.2222    hit@10 : 0.7147    precision@10 : 0.1539    
Sun 15 Jan 2023 17:27:53 INFO Saving current best: saved2/KGAT-Jan-15-2023_17-21-31.pth
Sun 15 Jan 2023 17:28:00 INFO epoch 55 training [time: 6.76s, train_loss1: 7.5282, train_loss2: 1.5321]
Sun 15 Jan 2023 17:28:00 INFO epoch 55 evaluating [time: 0.13s, valid_score: 0.371300]
Sun 15 Jan 2023 17:28:00 INFO valid result: 
recall@10 : 0.2032    mrr@10 : 0.3713    ndcg@10 : 0.222    hit@10 : 0.719    precision@10 : 0.1549    
Sun 15 Jan 2023 17:28:07 INFO epoch 56 training [time: 6.65s, train_loss1: 7.5171, train_loss2: 1.5664]
Sun 15 Jan 2023 17:28:07 INFO epoch 56 evaluating [time: 0.13s, valid_score: 0.373200]
Sun 15 Jan 2023 17:28:07 INFO valid result: 
recall@10 : 0.2043    mrr@10 : 0.3732    ndcg@10 : 0.2225    hit@10 : 0.7264    precision@10 : 0.1547    
Sun 15 Jan 2023 17:28:14 INFO epoch 57 training [time: 6.81s, train_loss1: 7.3665, train_loss2: 1.5316]
Sun 15 Jan 2023 17:28:14 INFO epoch 57 evaluating [time: 0.13s, valid_score: 0.372000]
Sun 15 Jan 2023 17:28:14 INFO valid result: 
recall@10 : 0.2038    mrr@10 : 0.372    ndcg@10 : 0.2222    hit@10 : 0.7147    precision@10 : 0.1547    
Sun 15 Jan 2023 17:28:21 INFO epoch 58 training [time: 6.62s, train_loss1: 7.3351, train_loss2: 1.4604]
Sun 15 Jan 2023 17:28:21 INFO epoch 58 evaluating [time: 0.13s, valid_score: 0.369900]
Sun 15 Jan 2023 17:28:21 INFO valid result: 
recall@10 : 0.2071    mrr@10 : 0.3699    ndcg@10 : 0.2231    hit@10 : 0.7296    precision@10 : 0.1565    
Sun 15 Jan 2023 17:28:27 INFO epoch 59 training [time: 6.64s, train_loss1: 7.1370, train_loss2: 1.4611]
Sun 15 Jan 2023 17:28:27 INFO epoch 59 evaluating [time: 0.13s, valid_score: 0.367800]
Sun 15 Jan 2023 17:28:27 INFO valid result: 
recall@10 : 0.2074    mrr@10 : 0.3678    ndcg@10 : 0.2233    hit@10 : 0.7222    precision@10 : 0.1575    
Sun 15 Jan 2023 17:28:34 INFO epoch 60 training [time: 6.79s, train_loss1: 7.1189, train_loss2: 1.4412]
Sun 15 Jan 2023 17:28:34 INFO epoch 60 evaluating [time: 0.13s, valid_score: 0.367800]
Sun 15 Jan 2023 17:28:34 INFO valid result: 
recall@10 : 0.2048    mrr@10 : 0.3678    ndcg@10 : 0.2219    hit@10 : 0.7179    precision@10 : 0.1569    
Sun 15 Jan 2023 17:28:41 INFO epoch 61 training [time: 6.63s, train_loss1: 7.0752, train_loss2: 1.5329]
Sun 15 Jan 2023 17:28:41 INFO epoch 61 evaluating [time: 0.13s, valid_score: 0.369200]
Sun 15 Jan 2023 17:28:41 INFO valid result: 
recall@10 : 0.2091    mrr@10 : 0.3692    ndcg@10 : 0.224    hit@10 : 0.7338    precision@10 : 0.1581    
Sun 15 Jan 2023 17:28:48 INFO epoch 62 training [time: 6.62s, train_loss1: 7.0169, train_loss2: 1.4243]
Sun 15 Jan 2023 17:28:48 INFO epoch 62 evaluating [time: 0.13s, valid_score: 0.365300]
Sun 15 Jan 2023 17:28:48 INFO valid result: 
recall@10 : 0.2095    mrr@10 : 0.3653    ndcg@10 : 0.2239    hit@10 : 0.7317    precision@10 : 0.1596    
Sun 15 Jan 2023 17:28:54 INFO epoch 63 training [time: 6.65s, train_loss1: 6.9608, train_loss2: 1.4220]
Sun 15 Jan 2023 17:28:55 INFO epoch 63 evaluating [time: 0.13s, valid_score: 0.372400]
Sun 15 Jan 2023 17:28:55 INFO valid result: 
recall@10 : 0.2066    mrr@10 : 0.3724    ndcg@10 : 0.224    hit@10 : 0.7275    precision@10 : 0.158    
Sun 15 Jan 2023 17:29:01 INFO epoch 64 training [time: 6.67s, train_loss1: 6.7790, train_loss2: 1.3924]
Sun 15 Jan 2023 17:29:01 INFO epoch 64 evaluating [time: 0.12s, valid_score: 0.371900]
Sun 15 Jan 2023 17:29:01 INFO valid result: 
recall@10 : 0.2076    mrr@10 : 0.3719    ndcg@10 : 0.225    hit@10 : 0.7285    precision@10 : 0.1592    
Sun 15 Jan 2023 17:29:08 INFO epoch 65 training [time: 6.64s, train_loss1: 6.7474, train_loss2: 1.3634]
Sun 15 Jan 2023 17:29:08 INFO epoch 65 evaluating [time: 0.13s, valid_score: 0.372200]
Sun 15 Jan 2023 17:29:08 INFO valid result: 
recall@10 : 0.2077    mrr@10 : 0.3722    ndcg@10 : 0.2256    hit@10 : 0.7306    precision@10 : 0.1584    
Sun 15 Jan 2023 17:29:08 INFO Finished training, best eval result in epoch 54
Sun 15 Jan 2023 17:29:08 INFO Loading model structure and parameters from saved2/KGAT-Jan-15-2023_17-21-31.pth
Sun 15 Jan 2023 17:29:08 INFO best valid result_2: {'recall@10': 0.2038, 'mrr@10': 0.3745, 'ndcg@10': 0.2222, 'hit@10': 0.7147, 'precision@10': 0.1539}
Sun 15 Jan 2023 17:29:08 INFO test result_2: {'recall@10': 0.2389, 'mrr@10': 0.4761, 'ndcg@10': 0.2835, 'hit@10': 0.7741, 'precision@10': 0.1923}
