Tue 31 Jan 2023 02:21:58 INFO  ['recbole_test.py', '--seed', '2022', '--aggr', 'graphsage', '--opti', 'adam', '--is_swa', 'false', '--is_momentum', 'false']
Tue 31 Jan 2023 02:21:58 INFO  
General Hyper Parameters:
gpu_id = 0
use_gpu = True
seed = 2022
state = INFO
reproducibility = True
data_path = /work/03/gu14/k36095/kgat_bai/recbole/config/../dataset_example/ml-100k
checkpoint_dir = saved
show_progress = True
save_dataset = True
dataset_save_path = None
save_dataloaders = False
dataloaders_save_path = None
log_wandb = False

Training Hyper Parameters:
epochs = 300
train_batch_size = 2048
learner = adam
learning_rate = 0.001
train_neg_sample_args = {'distribution': 'uniform', 'sample_num': 1, 'alpha': 1.0, 'dynamic': False, 'candidate_num': 0}
eval_step = 1
stopping_step = 10
clip_grad_norm = None
weight_decay = 0.0
loss_decimal_place = 4

Evaluation Hyper Parameters:
eval_args = {'split': {'RS': [0.8, 0.1, 0.1]}, 'group_by': 'user', 'order': 'RO', 'mode': 'full'}
repeatable = False
metrics = ['Recall', 'MRR', 'NDCG', 'Hit', 'Precision']
topk = [10]
valid_metric = MRR@10
valid_metric_bigger = True
eval_batch_size = 4096
metric_decimal_place = 4

Dataset Hyper Parameters:
field_separator = 	
seq_separator =  
USER_ID_FIELD = user_id
ITEM_ID_FIELD = item_id
RATING_FIELD = rating
TIME_FIELD = timestamp
seq_len = None
LABEL_FIELD = label
threshold = None
NEG_PREFIX = neg_
load_col = {'inter': ['user_id', 'item_id', 'rating', 'timestamp'], 'kg': ['head_id', 'relation_id', 'tail_id'], 'link': ['item_id', 'entity_id']}
unload_col = None
unused_col = None
additional_feat_suffix = None
rm_dup_inter = None
val_interval = None
filter_inter_by_user_or_item = True
user_inter_num_interval = None
item_inter_num_interval = None
alias_of_user_id = None
alias_of_item_id = None
alias_of_entity_id = None
alias_of_relation_id = None
preload_weight = None
normalize_field = None
normalize_all = True
ITEM_LIST_LENGTH_FIELD = item_length
LIST_SUFFIX = _list
MAX_ITEM_LIST_LENGTH = 50
POSITION_FIELD = position_id
HEAD_ENTITY_ID_FIELD = head_id
TAIL_ENTITY_ID_FIELD = tail_id
RELATION_ID_FIELD = relation_id
ENTITY_ID_FIELD = entity_id
kg_reverse_r = False
entity_kg_num_interval = [0,inf)
relation_kg_num_interval = [0,inf)
benchmark_filename = None

Other Hyper Parameters: 
worker = 0
wandb_project = recbole
shuffle = True
require_pow = False
enable_amp = False
enable_scaler = False
transform = None
embedding_size = 64
kg_embedding_size = 64
layers = [64]
mess_dropout = 0.1
reg_weight = 1e-05
aggregator_type = graphsage
numerical_features = []
discretization = None
MODEL_TYPE = ModelType.KNOWLEDGE
is_swa = 0
is_momentum = 0
MODEL_INPUT_TYPE = InputType.PAIRWISE
eval_type = EvaluatorType.RANKING
single_spec = True
local_rank = 0
device = cpu
eval_neg_sample_args = {'distribution': 'uniform', 'sample_num': 'none'}


Tue 31 Jan 2023 02:21:59 INFO  Saving filtered dataset into [saved/ml-100k-dataset.pth]
Tue 31 Jan 2023 02:21:59 INFO  ml-100k
The number of users: 944
Average actions of users: 103.4506892895016
The number of items: 1599
Average actions of items: 61.04755944931164
The number of inters: 97554
The sparsity of the dataset: 93.53714185772888%
Remain Fields: ['entity_id', 'user_id', 'item_id', 'rating', 'timestamp', 'head_id', 'relation_id', 'tail_id']
The number of entities: 34629
The number of relations: 26
The number of triples: 91631
The number of items that have been linked to KG: 1598
Tue 31 Jan 2023 02:21:59 INFO  [Training]: train_batch_size = [2048] train_neg_sample_args: [{'distribution': 'uniform', 'sample_num': 1, 'alpha': 1.0, 'dynamic': False, 'candidate_num': 0}]
Tue 31 Jan 2023 02:21:59 INFO  [Evaluation]: eval_batch_size = [4096] eval_args: [{'split': {'RS': [0.8, 0.1, 0.1]}, 'group_by': 'user', 'order': 'RO', 'mode': 'full'}]
Tue 31 Jan 2023 02:22:00 INFO  KGAT(
  (user_embedding): Embedding(944, 64)
  (entity_embedding): Embedding(34629, 64)
  (relation_embedding): Embedding(26, 64)
  (trans_w): Embedding(26, 4096)
  (aggregator_layers): ModuleList(
    (0): Aggregator(
      (message_dropout): Dropout(p=0.1, inplace=False)
      (W): Linear(in_features=128, out_features=64, bias=True)
      (activation): LeakyReLU(negative_slope=0.01)
    )
  )
  (tanh): Tanh()
  (mf_loss): BPRLoss()
  (reg_loss): EmbLoss()
)
Trainable parameters: 2393088
Tue 31 Jan 2023 02:22:00 INFO  FLOPs: 291414016.0
Tue 31 Jan 2023 02:22:05 INFO  epoch 0 training [time: 4.65s, train_loss1: 23.9017, train_loss2: 29.5286]
Tue 31 Jan 2023 02:22:05 INFO  epoch 0 evaluating [time: 0.20s, valid_score: 0.057300]
Tue 31 Jan 2023 02:22:05 INFO  valid result: 
recall@10 : 0.0194    mrr@10 : 0.0573    ndcg@10 : 0.0253    hit@10 : 0.1877    precision@10 : 0.0234
Tue 31 Jan 2023 02:22:05 INFO  Saving current: saved/KGAT-Jan-31-2023_02-22-01.pth
Tue 31 Jan 2023 02:22:09 INFO  epoch 1 training [time: 3.94s, train_loss1: 19.5690, train_loss2: 18.7238]
Tue 31 Jan 2023 02:22:10 INFO  epoch 1 evaluating [time: 0.19s, valid_score: 0.177100]
Tue 31 Jan 2023 02:22:10 INFO  valid result: 
recall@10 : 0.0691    mrr@10 : 0.1771    ndcg@10 : 0.0861    hit@10 : 0.3945    precision@10 : 0.0645
Tue 31 Jan 2023 02:22:10 INFO  Saving current: saved/KGAT-Jan-31-2023_02-22-01.pth
Tue 31 Jan 2023 02:22:13 INFO  epoch 2 training [time: 3.80s, train_loss1: 17.3067, train_loss2: 12.7021]
Tue 31 Jan 2023 02:22:14 INFO  epoch 2 evaluating [time: 0.19s, valid_score: 0.123000]
Tue 31 Jan 2023 02:22:14 INFO  valid result: 
recall@10 : 0.0586    mrr@10 : 0.123    ndcg@10 : 0.0643    hit@10 : 0.3701    precision@10 : 0.0548
Tue 31 Jan 2023 02:22:17 INFO  epoch 3 training [time: 3.83s, train_loss1: 16.6781, train_loss2: 10.3844]
Tue 31 Jan 2023 02:22:18 INFO  epoch 3 evaluating [time: 0.19s, valid_score: 0.158800]
Tue 31 Jan 2023 02:22:18 INFO  valid result: 
recall@10 : 0.0642    mrr@10 : 0.1588    ndcg@10 : 0.0783    hit@10 : 0.386    precision@10 : 0.0613
Tue 31 Jan 2023 02:22:22 INFO  epoch 4 training [time: 3.98s, train_loss1: 16.5178, train_loss2: 9.1210]
Tue 31 Jan 2023 02:22:22 INFO  epoch 4 evaluating [time: 0.19s, valid_score: 0.170800]
Tue 31 Jan 2023 02:22:22 INFO  valid result: 
recall@10 : 0.077    mrr@10 : 0.1708    ndcg@10 : 0.0876    hit@10 : 0.4157    precision@10 : 0.0685
Tue 31 Jan 2023 02:22:26 INFO  epoch 5 training [time: 3.85s, train_loss1: 16.3937, train_loss2: 8.4724]
Tue 31 Jan 2023 02:22:26 INFO  epoch 5 evaluating [time: 0.19s, valid_score: 0.183700]
Tue 31 Jan 2023 02:22:26 INFO  valid result: 
recall@10 : 0.0884    mrr@10 : 0.1837    ndcg@10 : 0.0962    hit@10 : 0.4571    precision@10 : 0.0725
Tue 31 Jan 2023 02:22:26 INFO  Saving current: saved/KGAT-Jan-31-2023_02-22-01.pth
Tue 31 Jan 2023 02:22:30 INFO  epoch 6 training [time: 3.68s, train_loss1: 16.2243, train_loss2: 7.8875]
Tue 31 Jan 2023 02:22:30 INFO  epoch 6 evaluating [time: 0.19s, valid_score: 0.193700]
Tue 31 Jan 2023 02:22:30 INFO  valid result: 
recall@10 : 0.0917    mrr@10 : 0.1937    ndcg@10 : 0.0997    hit@10 : 0.4507    precision@10 : 0.0737
Tue 31 Jan 2023 02:22:30 INFO  Saving current: saved/KGAT-Jan-31-2023_02-22-01.pth
Tue 31 Jan 2023 02:22:34 INFO  epoch 7 training [time: 3.81s, train_loss1: 15.9908, train_loss2: 7.5021]
Tue 31 Jan 2023 02:22:34 INFO  epoch 7 evaluating [time: 0.19s, valid_score: 0.223600]
Tue 31 Jan 2023 02:22:34 INFO  valid result: 
recall@10 : 0.1084    mrr@10 : 0.2236    ndcg@10 : 0.1173    hit@10 : 0.509    precision@10 : 0.0841
Tue 31 Jan 2023 02:22:34 INFO  Saving current: saved/KGAT-Jan-31-2023_02-22-01.pth
Tue 31 Jan 2023 02:22:38 INFO  epoch 8 training [time: 3.79s, train_loss1: 15.8886, train_loss2: 7.1107]
Tue 31 Jan 2023 02:22:38 INFO  epoch 8 evaluating [time: 0.19s, valid_score: 0.226800]
Tue 31 Jan 2023 02:22:38 INFO  valid result: 
recall@10 : 0.1097    mrr@10 : 0.2268    ndcg@10 : 0.1212    hit@10 : 0.5175    precision@10 : 0.0876
Tue 31 Jan 2023 02:22:38 INFO  Saving current: saved/KGAT-Jan-31-2023_02-22-01.pth
Tue 31 Jan 2023 02:22:42 INFO  epoch 9 training [time: 3.95s, train_loss1: 15.6939, train_loss2: 6.8653]
Tue 31 Jan 2023 02:22:42 INFO  epoch 9 evaluating [time: 0.19s, valid_score: 0.229800]
Tue 31 Jan 2023 02:22:42 INFO  valid result: 
recall@10 : 0.119    mrr@10 : 0.2298    ndcg@10 : 0.1274    hit@10 : 0.5461    precision@10 : 0.0946
Tue 31 Jan 2023 02:22:42 INFO  Saving current: saved/KGAT-Jan-31-2023_02-22-01.pth
Tue 31 Jan 2023 02:22:46 INFO  epoch 10 training [time: 3.74s, train_loss1: 15.4073, train_loss2: 6.4729]
Tue 31 Jan 2023 02:22:46 INFO  epoch 10 evaluating [time: 0.19s, valid_score: 0.237000]
Tue 31 Jan 2023 02:22:46 INFO  valid result: 
recall@10 : 0.1243    mrr@10 : 0.237    ndcg@10 : 0.133    hit@10 : 0.5557    precision@10 : 0.1001
Tue 31 Jan 2023 02:22:46 INFO  Saving current: saved/KGAT-Jan-31-2023_02-22-01.pth
Tue 31 Jan 2023 02:22:50 INFO  epoch 11 training [time: 3.73s, train_loss1: 15.1574, train_loss2: 6.1862]
Tue 31 Jan 2023 02:22:50 INFO  epoch 11 evaluating [time: 0.19s, valid_score: 0.260400]
Tue 31 Jan 2023 02:22:50 INFO  valid result: 
recall@10 : 0.1285    mrr@10 : 0.2604    ndcg@10 : 0.1432    hit@10 : 0.5652    precision@10 : 0.1048
Tue 31 Jan 2023 02:22:50 INFO  Saving current: saved/KGAT-Jan-31-2023_02-22-01.pth
Tue 31 Jan 2023 02:22:54 INFO  epoch 12 training [time: 3.97s, train_loss1: 14.8435, train_loss2: 6.0507]
Tue 31 Jan 2023 02:22:54 INFO  epoch 12 evaluating [time: 0.19s, valid_score: 0.264700]
Tue 31 Jan 2023 02:22:54 INFO  valid result: 
recall@10 : 0.1346    mrr@10 : 0.2647    ndcg@10 : 0.1476    hit@10 : 0.5811    precision@10 : 0.1076
Tue 31 Jan 2023 02:22:54 INFO  Saving current: saved/KGAT-Jan-31-2023_02-22-01.pth
Tue 31 Jan 2023 02:22:58 INFO  epoch 13 training [time: 3.89s, train_loss1: 14.5445, train_loss2: 5.4941]
Tue 31 Jan 2023 02:22:58 INFO  epoch 13 evaluating [time: 0.19s, valid_score: 0.273800]
Tue 31 Jan 2023 02:22:58 INFO  valid result: 
recall@10 : 0.1438    mrr@10 : 0.2738    ndcg@10 : 0.1549    hit@10 : 0.597    precision@10 : 0.114
Tue 31 Jan 2023 02:22:59 INFO  Saving current: saved/KGAT-Jan-31-2023_02-22-01.pth
Tue 31 Jan 2023 02:23:02 INFO  epoch 14 training [time: 3.77s, train_loss1: 14.2134, train_loss2: 5.2484]
Tue 31 Jan 2023 02:23:03 INFO  epoch 14 evaluating [time: 0.19s, valid_score: 0.278100]
Tue 31 Jan 2023 02:23:03 INFO  valid result: 
recall@10 : 0.1458    mrr@10 : 0.2781    ndcg@10 : 0.1583    hit@10 : 0.6108    precision@10 : 0.1157
Tue 31 Jan 2023 02:23:03 INFO  Saving current: saved/KGAT-Jan-31-2023_02-22-01.pth
Tue 31 Jan 2023 02:23:06 INFO  epoch 15 training [time: 3.81s, train_loss1: 13.8713, train_loss2: 5.0097]
Tue 31 Jan 2023 02:23:07 INFO  epoch 15 evaluating [time: 0.19s, valid_score: 0.284800]
Tue 31 Jan 2023 02:23:07 INFO  valid result: 
recall@10 : 0.1474    mrr@10 : 0.2848    ndcg@10 : 0.1616    hit@10 : 0.6119    precision@10 : 0.1165
Tue 31 Jan 2023 02:23:07 INFO  Saving current: saved/KGAT-Jan-31-2023_02-22-01.pth
Tue 31 Jan 2023 02:23:10 INFO  epoch 16 training [time: 3.78s, train_loss1: 13.4488, train_loss2: 4.6484]
Tue 31 Jan 2023 02:23:11 INFO  epoch 16 evaluating [time: 0.19s, valid_score: 0.288800]
Tue 31 Jan 2023 02:23:11 INFO  valid result: 
recall@10 : 0.1502    mrr@10 : 0.2888    ndcg@10 : 0.1659    hit@10 : 0.6172    precision@10 : 0.1182
Tue 31 Jan 2023 02:23:11 INFO  Saving current: saved/KGAT-Jan-31-2023_02-22-01.pth
Tue 31 Jan 2023 02:23:15 INFO  epoch 17 training [time: 4.18s, train_loss1: 13.1594, train_loss2: 4.5813]
Tue 31 Jan 2023 02:23:15 INFO  epoch 17 evaluating [time: 0.20s, valid_score: 0.305200]
Tue 31 Jan 2023 02:23:15 INFO  valid result: 
recall@10 : 0.1579    mrr@10 : 0.3052    ndcg@10 : 0.1733    hit@10 : 0.6331    precision@10 : 0.1209
Tue 31 Jan 2023 02:23:15 INFO  Saving current: saved/KGAT-Jan-31-2023_02-22-01.pth
Tue 31 Jan 2023 02:23:19 INFO  epoch 18 training [time: 3.80s, train_loss1: 12.7651, train_loss2: 4.3020]
Tue 31 Jan 2023 02:23:19 INFO  epoch 18 evaluating [time: 0.19s, valid_score: 0.312300]
Tue 31 Jan 2023 02:23:19 INFO  valid result: 
recall@10 : 0.1601    mrr@10 : 0.3123    ndcg@10 : 0.1777    hit@10 : 0.6384    precision@10 : 0.1234
Tue 31 Jan 2023 02:23:19 INFO  Saving current: saved/KGAT-Jan-31-2023_02-22-01.pth
Tue 31 Jan 2023 02:23:23 INFO  epoch 19 training [time: 3.75s, train_loss1: 12.4439, train_loss2: 4.2389]
Tue 31 Jan 2023 02:23:23 INFO  epoch 19 evaluating [time: 0.19s, valid_score: 0.323400]
Tue 31 Jan 2023 02:23:23 INFO  valid result: 
recall@10 : 0.1677    mrr@10 : 0.3234    ndcg@10 : 0.1841    hit@10 : 0.6564    precision@10 : 0.1269
Tue 31 Jan 2023 02:23:23 INFO  Saving current: saved/KGAT-Jan-31-2023_02-22-01.pth
Tue 31 Jan 2023 02:23:27 INFO  epoch 20 training [time: 3.67s, train_loss1: 12.0515, train_loss2: 4.1120]
Tue 31 Jan 2023 02:23:27 INFO  epoch 20 evaluating [time: 0.18s, valid_score: 0.328200]
Tue 31 Jan 2023 02:23:27 INFO  valid result: 
recall@10 : 0.1681    mrr@10 : 0.3282    ndcg@10 : 0.1862    hit@10 : 0.6522    precision@10 : 0.1266
Tue 31 Jan 2023 02:23:27 INFO  Saving current: saved/KGAT-Jan-31-2023_02-22-01.pth
Tue 31 Jan 2023 02:23:31 INFO  epoch 21 training [time: 3.58s, train_loss1: 11.7972, train_loss2: 4.0521]
Tue 31 Jan 2023 02:23:31 INFO  epoch 21 evaluating [time: 0.19s, valid_score: 0.336200]
Tue 31 Jan 2023 02:23:31 INFO  valid result: 
recall@10 : 0.1719    mrr@10 : 0.3362    ndcg@10 : 0.19    hit@10 : 0.6628    precision@10 : 0.1287
Tue 31 Jan 2023 02:23:31 INFO  Saving current: saved/KGAT-Jan-31-2023_02-22-01.pth
Tue 31 Jan 2023 02:23:35 INFO  epoch 22 training [time: 3.88s, train_loss1: 11.4980, train_loss2: 3.9164]
Tue 31 Jan 2023 02:23:35 INFO  epoch 22 evaluating [time: 0.19s, valid_score: 0.336300]
Tue 31 Jan 2023 02:23:35 INFO  valid result: 
recall@10 : 0.1781    mrr@10 : 0.3363    ndcg@10 : 0.1933    hit@10 : 0.6734    precision@10 : 0.1323
Tue 31 Jan 2023 02:23:35 INFO  Saving current: saved/KGAT-Jan-31-2023_02-22-01.pth
Tue 31 Jan 2023 02:23:39 INFO  epoch 23 training [time: 3.76s, train_loss1: 11.2015, train_loss2: 3.7425]
Tue 31 Jan 2023 02:23:39 INFO  epoch 23 evaluating [time: 0.19s, valid_score: 0.344100]
Tue 31 Jan 2023 02:23:39 INFO  valid result: 
recall@10 : 0.1785    mrr@10 : 0.3441    ndcg@10 : 0.1942    hit@10 : 0.6797    precision@10 : 0.1313
Tue 31 Jan 2023 02:23:39 INFO  Saving current: saved/KGAT-Jan-31-2023_02-22-01.pth
Tue 31 Jan 2023 02:23:43 INFO  epoch 24 training [time: 3.81s, train_loss1: 11.0090, train_loss2: 3.7009]
Tue 31 Jan 2023 02:23:43 INFO  epoch 24 evaluating [time: 0.19s, valid_score: 0.348200]
Tue 31 Jan 2023 02:23:43 INFO  valid result: 
recall@10 : 0.1797    mrr@10 : 0.3482    ndcg@10 : 0.1956    hit@10 : 0.6808    precision@10 : 0.1321
Tue 31 Jan 2023 02:23:43 INFO  Saving current: saved/KGAT-Jan-31-2023_02-22-01.pth
Tue 31 Jan 2023 02:23:47 INFO  epoch 25 training [time: 3.77s, train_loss1: 10.8471, train_loss2: 3.5527]
Tue 31 Jan 2023 02:23:47 INFO  epoch 25 evaluating [time: 0.19s, valid_score: 0.347000]
Tue 31 Jan 2023 02:23:47 INFO  valid result: 
recall@10 : 0.1816    mrr@10 : 0.347    ndcg@10 : 0.1972    hit@10 : 0.6893    precision@10 : 0.1344
Tue 31 Jan 2023 02:23:51 INFO  epoch 26 training [time: 3.74s, train_loss1: 10.5850, train_loss2: 3.4960]
Tue 31 Jan 2023 02:23:51 INFO  epoch 26 evaluating [time: 0.19s, valid_score: 0.346500]
Tue 31 Jan 2023 02:23:51 INFO  valid result: 
recall@10 : 0.1839    mrr@10 : 0.3465    ndcg@10 : 0.1982    hit@10 : 0.6872    precision@10 : 0.1351
Tue 31 Jan 2023 02:23:55 INFO  epoch 27 training [time: 3.77s, train_loss1: 10.4278, train_loss2: 3.3659]
Tue 31 Jan 2023 02:23:55 INFO  epoch 27 evaluating [time: 0.19s, valid_score: 0.346600]
Tue 31 Jan 2023 02:23:55 INFO  valid result: 
recall@10 : 0.1866    mrr@10 : 0.3466    ndcg@10 : 0.2003    hit@10 : 0.6914    precision@10 : 0.1372
Tue 31 Jan 2023 02:23:59 INFO  epoch 28 training [time: 3.58s, train_loss1: 10.2032, train_loss2: 3.1835]
Tue 31 Jan 2023 02:23:59 INFO  epoch 28 evaluating [time: 0.19s, valid_score: 0.341700]
Tue 31 Jan 2023 02:23:59 INFO  valid result: 
recall@10 : 0.1862    mrr@10 : 0.3417    ndcg@10 : 0.1991    hit@10 : 0.684    precision@10 : 0.1371
Tue 31 Jan 2023 02:24:02 INFO  epoch 29 training [time: 3.65s, train_loss1: 10.1498, train_loss2: 3.1492]
Tue 31 Jan 2023 02:24:03 INFO  epoch 29 evaluating [time: 0.19s, valid_score: 0.349600]
Tue 31 Jan 2023 02:24:03 INFO  valid result: 
recall@10 : 0.188    mrr@10 : 0.3496    ndcg@10 : 0.202    hit@10 : 0.6903    precision@10 : 0.1383
Tue 31 Jan 2023 02:24:03 INFO  Saving current: saved/KGAT-Jan-31-2023_02-22-01.pth
Tue 31 Jan 2023 02:24:06 INFO  epoch 30 training [time: 3.76s, train_loss1: 9.9816, train_loss2: 2.9957]
Tue 31 Jan 2023 02:24:07 INFO  epoch 30 evaluating [time: 0.19s, valid_score: 0.344700]
Tue 31 Jan 2023 02:24:07 INFO  valid result: 
recall@10 : 0.1865    mrr@10 : 0.3447    ndcg@10 : 0.2011    hit@10 : 0.6893    precision@10 : 0.1388
Tue 31 Jan 2023 02:24:10 INFO  epoch 31 training [time: 3.75s, train_loss1: 9.7897, train_loss2: 2.9192]
Tue 31 Jan 2023 02:24:11 INFO  epoch 31 evaluating [time: 0.19s, valid_score: 0.343800]
Tue 31 Jan 2023 02:24:11 INFO  valid result: 
recall@10 : 0.1868    mrr@10 : 0.3438    ndcg@10 : 0.2002    hit@10 : 0.6914    precision@10 : 0.139
Tue 31 Jan 2023 02:24:14 INFO  epoch 32 training [time: 3.84s, train_loss1: 9.6515, train_loss2: 2.8633]
Tue 31 Jan 2023 02:24:15 INFO  epoch 32 evaluating [time: 0.19s, valid_score: 0.341200]
Tue 31 Jan 2023 02:24:15 INFO  valid result: 
recall@10 : 0.1868    mrr@10 : 0.3412    ndcg@10 : 0.2004    hit@10 : 0.6893    precision@10 : 0.1392
Tue 31 Jan 2023 02:24:18 INFO  epoch 33 training [time: 3.79s, train_loss1: 9.6032, train_loss2: 2.7342]
Tue 31 Jan 2023 02:24:19 INFO  epoch 33 evaluating [time: 0.19s, valid_score: 0.345300]
Tue 31 Jan 2023 02:24:19 INFO  valid result: 
recall@10 : 0.1866    mrr@10 : 0.3453    ndcg@10 : 0.2009    hit@10 : 0.6914    precision@10 : 0.1398
Tue 31 Jan 2023 02:24:22 INFO  epoch 34 training [time: 3.67s, train_loss1: 9.4384, train_loss2: 2.7224]
Tue 31 Jan 2023 02:24:22 INFO  epoch 34 evaluating [time: 0.19s, valid_score: 0.352300]
Tue 31 Jan 2023 02:24:22 INFO  valid result: 
recall@10 : 0.1864    mrr@10 : 0.3523    ndcg@10 : 0.2028    hit@10 : 0.6893    precision@10 : 0.1402
Tue 31 Jan 2023 02:24:22 INFO  Saving current: saved/KGAT-Jan-31-2023_02-22-01.pth
Tue 31 Jan 2023 02:24:26 INFO  epoch 35 training [time: 3.68s, train_loss1: 9.3283, train_loss2: 2.7513]
Tue 31 Jan 2023 02:24:26 INFO  epoch 35 evaluating [time: 0.19s, valid_score: 0.353700]
Tue 31 Jan 2023 02:24:26 INFO  valid result: 
recall@10 : 0.1908    mrr@10 : 0.3537    ndcg@10 : 0.2055    hit@10 : 0.6925    precision@10 : 0.1418
Tue 31 Jan 2023 02:24:26 INFO  Saving current: saved/KGAT-Jan-31-2023_02-22-01.pth
Tue 31 Jan 2023 02:24:30 INFO  epoch 36 training [time: 3.75s, train_loss1: 9.2637, train_loss2: 2.7020]
Tue 31 Jan 2023 02:24:30 INFO  epoch 36 evaluating [time: 0.19s, valid_score: 0.357600]
Tue 31 Jan 2023 02:24:30 INFO  valid result: 
recall@10 : 0.1914    mrr@10 : 0.3576    ndcg@10 : 0.2069    hit@10 : 0.6967    precision@10 : 0.1416
Tue 31 Jan 2023 02:24:30 INFO  Saving current: saved/KGAT-Jan-31-2023_02-22-01.pth
Tue 31 Jan 2023 02:24:34 INFO  epoch 37 training [time: 3.74s, train_loss1: 9.0598, train_loss2: 2.4741]
Tue 31 Jan 2023 02:24:34 INFO  epoch 37 evaluating [time: 0.18s, valid_score: 0.358400]
Tue 31 Jan 2023 02:24:34 INFO  valid result: 
recall@10 : 0.1909    mrr@10 : 0.3584    ndcg@10 : 0.208    hit@10 : 0.6882    precision@10 : 0.1413
Tue 31 Jan 2023 02:24:34 INFO  Saving current: saved/KGAT-Jan-31-2023_02-22-01.pth
Tue 31 Jan 2023 02:24:38 INFO  epoch 38 training [time: 3.66s, train_loss1: 9.0301, train_loss2: 2.4566]
Tue 31 Jan 2023 02:24:38 INFO  epoch 38 evaluating [time: 0.19s, valid_score: 0.361800]
Tue 31 Jan 2023 02:24:38 INFO  valid result: 
recall@10 : 0.1969    mrr@10 : 0.3618    ndcg@10 : 0.2128    hit@10 : 0.6999    precision@10 : 0.145
Tue 31 Jan 2023 02:24:38 INFO  Saving current: saved/KGAT-Jan-31-2023_02-22-01.pth
Tue 31 Jan 2023 02:24:42 INFO  epoch 39 training [time: 3.71s, train_loss1: 8.9605, train_loss2: 2.4553]
Tue 31 Jan 2023 02:24:42 INFO  epoch 39 evaluating [time: 0.19s, valid_score: 0.366400]
Tue 31 Jan 2023 02:24:42 INFO  valid result: 
recall@10 : 0.1953    mrr@10 : 0.3664    ndcg@10 : 0.2125    hit@10 : 0.701    precision@10 : 0.1435
Tue 31 Jan 2023 02:24:42 INFO  Saving current: saved/KGAT-Jan-31-2023_02-22-01.pth
Tue 31 Jan 2023 02:24:46 INFO  epoch 40 training [time: 3.77s, train_loss1: 8.7831, train_loss2: 2.4375]
Tue 31 Jan 2023 02:24:46 INFO  epoch 40 evaluating [time: 0.19s, valid_score: 0.363000]
Tue 31 Jan 2023 02:24:46 INFO  valid result: 
recall@10 : 0.1975    mrr@10 : 0.363    ndcg@10 : 0.2131    hit@10 : 0.6978    precision@10 : 0.1445
Tue 31 Jan 2023 02:24:50 INFO  epoch 41 training [time: 3.62s, train_loss1: 8.7809, train_loss2: 2.3438]
Tue 31 Jan 2023 02:24:50 INFO  epoch 41 evaluating [time: 0.19s, valid_score: 0.363100]
Tue 31 Jan 2023 02:24:50 INFO  valid result: 
recall@10 : 0.195    mrr@10 : 0.3631    ndcg@10 : 0.2117    hit@10 : 0.6957    precision@10 : 0.1434
Tue 31 Jan 2023 02:24:54 INFO  epoch 42 training [time: 3.82s, train_loss1: 8.6165, train_loss2: 2.2732]
Tue 31 Jan 2023 02:24:54 INFO  epoch 42 evaluating [time: 0.19s, valid_score: 0.361000]
Tue 31 Jan 2023 02:24:54 INFO  valid result: 
recall@10 : 0.1974    mrr@10 : 0.361    ndcg@10 : 0.2124    hit@10 : 0.7031    precision@10 : 0.1446
Tue 31 Jan 2023 02:24:58 INFO  epoch 43 training [time: 3.73s, train_loss1: 8.5590, train_loss2: 2.2572]
Tue 31 Jan 2023 02:24:58 INFO  epoch 43 evaluating [time: 0.19s, valid_score: 0.357500]
Tue 31 Jan 2023 02:24:58 INFO  valid result: 
recall@10 : 0.2005    mrr@10 : 0.3575    ndcg@10 : 0.2122    hit@10 : 0.7063    precision@10 : 0.1464
Tue 31 Jan 2023 02:25:02 INFO  epoch 44 training [time: 3.71s, train_loss1: 8.5019, train_loss2: 2.1945]
Tue 31 Jan 2023 02:25:02 INFO  epoch 44 evaluating [time: 0.19s, valid_score: 0.360000]
Tue 31 Jan 2023 02:25:02 INFO  valid result: 
recall@10 : 0.2011    mrr@10 : 0.36    ndcg@10 : 0.2139    hit@10 : 0.7073    precision@10 : 0.1469
Tue 31 Jan 2023 02:25:06 INFO  epoch 45 training [time: 3.83s, train_loss1: 8.3855, train_loss2: 2.1737]
Tue 31 Jan 2023 02:25:06 INFO  epoch 45 evaluating [time: 0.19s, valid_score: 0.362500]
Tue 31 Jan 2023 02:25:06 INFO  valid result: 
recall@10 : 0.2023    mrr@10 : 0.3625    ndcg@10 : 0.2148    hit@10 : 0.7084    precision@10 : 0.1466
Tue 31 Jan 2023 02:25:10 INFO  epoch 46 training [time: 3.74s, train_loss1: 8.2371, train_loss2: 2.1739]
Tue 31 Jan 2023 02:25:10 INFO  epoch 46 evaluating [time: 0.19s, valid_score: 0.367600]
Tue 31 Jan 2023 02:25:10 INFO  valid result: 
recall@10 : 0.1995    mrr@10 : 0.3676    ndcg@10 : 0.2146    hit@10 : 0.7073    precision@10 : 0.1463
Tue 31 Jan 2023 02:25:10 INFO  Saving current: saved/KGAT-Jan-31-2023_02-22-01.pth
Tue 31 Jan 2023 02:25:14 INFO  epoch 47 training [time: 3.74s, train_loss1: 8.2449, train_loss2: 2.0254]
Tue 31 Jan 2023 02:25:14 INFO  epoch 47 evaluating [time: 0.19s, valid_score: 0.360300]
Tue 31 Jan 2023 02:25:14 INFO  valid result: 
recall@10 : 0.1996    mrr@10 : 0.3603    ndcg@10 : 0.2133    hit@10 : 0.7063    precision@10 : 0.1466
Tue 31 Jan 2023 02:25:18 INFO  epoch 48 training [time: 3.90s, train_loss1: 8.1053, train_loss2: 2.0684]
Tue 31 Jan 2023 02:25:18 INFO  epoch 48 evaluating [time: 0.19s, valid_score: 0.364500]
Tue 31 Jan 2023 02:25:18 INFO  valid result: 
recall@10 : 0.2013    mrr@10 : 0.3645    ndcg@10 : 0.2139    hit@10 : 0.7116    precision@10 : 0.1467
Tue 31 Jan 2023 02:25:22 INFO  epoch 49 training [time: 3.62s, train_loss1: 8.0444, train_loss2: 1.9898]
Tue 31 Jan 2023 02:25:22 INFO  epoch 49 evaluating [time: 0.19s, valid_score: 0.370000]
Tue 31 Jan 2023 02:25:22 INFO  valid result: 
recall@10 : 0.2038    mrr@10 : 0.37    ndcg@10 : 0.2163    hit@10 : 0.7073    precision@10 : 0.1477
Tue 31 Jan 2023 02:25:22 INFO  Saving current: saved/KGAT-Jan-31-2023_02-22-01.pth
Tue 31 Jan 2023 02:25:26 INFO  epoch 50 training [time: 3.68s, train_loss1: 7.8871, train_loss2: 2.0179]
Tue 31 Jan 2023 02:25:26 INFO  epoch 50 evaluating [time: 0.20s, valid_score: 0.366200]
Tue 31 Jan 2023 02:25:26 INFO  valid result: 
recall@10 : 0.2061    mrr@10 : 0.3662    ndcg@10 : 0.217    hit@10 : 0.7179    precision@10 : 0.1491
Tue 31 Jan 2023 02:25:29 INFO  epoch 51 training [time: 3.62s, train_loss1: 7.8561, train_loss2: 1.9839]
Tue 31 Jan 2023 02:25:30 INFO  epoch 51 evaluating [time: 0.19s, valid_score: 0.365400]
Tue 31 Jan 2023 02:25:30 INFO  valid result: 
recall@10 : 0.2036    mrr@10 : 0.3654    ndcg@10 : 0.2158    hit@10 : 0.7137    precision@10 : 0.1487
Tue 31 Jan 2023 02:25:33 INFO  epoch 52 training [time: 3.86s, train_loss1: 7.7072, train_loss2: 1.8946]
Tue 31 Jan 2023 02:25:34 INFO  epoch 52 evaluating [time: 0.19s, valid_score: 0.363600]
Tue 31 Jan 2023 02:25:34 INFO  valid result: 
recall@10 : 0.2044    mrr@10 : 0.3636    ndcg@10 : 0.2154    hit@10 : 0.7126    precision@10 : 0.1489
Tue 31 Jan 2023 02:25:37 INFO  epoch 53 training [time: 3.72s, train_loss1: 7.6347, train_loss2: 1.8884]
Tue 31 Jan 2023 02:25:37 INFO  epoch 53 evaluating [time: 0.18s, valid_score: 0.364800]
Tue 31 Jan 2023 02:25:37 INFO  valid result: 
recall@10 : 0.2094    mrr@10 : 0.3648    ndcg@10 : 0.2189    hit@10 : 0.7243    precision@10 : 0.1517
Tue 31 Jan 2023 02:25:41 INFO  epoch 54 training [time: 3.73s, train_loss1: 7.6159, train_loss2: 1.8872]
Tue 31 Jan 2023 02:25:41 INFO  epoch 54 evaluating [time: 0.19s, valid_score: 0.359700]
Tue 31 Jan 2023 02:25:41 INFO  valid result: 
recall@10 : 0.2085    mrr@10 : 0.3597    ndcg@10 : 0.2177    hit@10 : 0.72    precision@10 : 0.1492
Tue 31 Jan 2023 02:25:45 INFO  epoch 55 training [time: 3.71s, train_loss1: 7.5309, train_loss2: 1.8646]
Tue 31 Jan 2023 02:25:45 INFO  epoch 55 evaluating [time: 0.19s, valid_score: 0.365000]
Tue 31 Jan 2023 02:25:45 INFO  valid result: 
recall@10 : 0.2074    mrr@10 : 0.365    ndcg@10 : 0.2178    hit@10 : 0.7285    precision@10 : 0.1501
Tue 31 Jan 2023 02:25:49 INFO  epoch 56 training [time: 3.92s, train_loss1: 7.3782, train_loss2: 1.8367]
Tue 31 Jan 2023 02:25:49 INFO  epoch 56 evaluating [time: 0.19s, valid_score: 0.369200]
Tue 31 Jan 2023 02:25:49 INFO  valid result: 
recall@10 : 0.2086    mrr@10 : 0.3692    ndcg@10 : 0.2202    hit@10 : 0.7232    precision@10 : 0.1517
Tue 31 Jan 2023 02:25:53 INFO  epoch 57 training [time: 3.72s, train_loss1: 7.4434, train_loss2: 1.6938]
Tue 31 Jan 2023 02:25:53 INFO  epoch 57 evaluating [time: 0.19s, valid_score: 0.377200]
Tue 31 Jan 2023 02:25:53 INFO  valid result: 
recall@10 : 0.2102    mrr@10 : 0.3772    ndcg@10 : 0.223    hit@10 : 0.7253    precision@10 : 0.1534
Tue 31 Jan 2023 02:25:53 INFO  Saving current: saved/KGAT-Jan-31-2023_02-22-01.pth
Tue 31 Jan 2023 02:25:57 INFO  epoch 58 training [time: 3.80s, train_loss1: 7.3334, train_loss2: 1.6717]
Tue 31 Jan 2023 02:25:57 INFO  epoch 58 evaluating [time: 0.19s, valid_score: 0.366300]
Tue 31 Jan 2023 02:25:57 INFO  valid result: 
recall@10 : 0.2146    mrr@10 : 0.3663    ndcg@10 : 0.2223    hit@10 : 0.7402    precision@10 : 0.1536
Tue 31 Jan 2023 02:26:01 INFO  epoch 59 training [time: 3.78s, train_loss1: 7.2147, train_loss2: 1.6828]
Tue 31 Jan 2023 02:26:01 INFO  epoch 59 evaluating [time: 0.19s, valid_score: 0.368800]
Tue 31 Jan 2023 02:26:01 INFO  valid result: 
recall@10 : 0.212    mrr@10 : 0.3688    ndcg@10 : 0.2224    hit@10 : 0.7359    precision@10 : 0.1544
Tue 31 Jan 2023 02:26:05 INFO  epoch 60 training [time: 3.99s, train_loss1: 7.1552, train_loss2: 1.6243]
Tue 31 Jan 2023 02:26:06 INFO  epoch 60 evaluating [time: 0.19s, valid_score: 0.369800]
Tue 31 Jan 2023 02:26:06 INFO  valid result: 
recall@10 : 0.2122    mrr@10 : 0.3698    ndcg@10 : 0.2226    hit@10 : 0.7317    precision@10 : 0.154
Tue 31 Jan 2023 02:26:09 INFO  epoch 61 training [time: 3.81s, train_loss1: 7.1041, train_loss2: 1.5909]
Tue 31 Jan 2023 02:26:09 INFO  epoch 61 evaluating [time: 0.19s, valid_score: 0.369700]
Tue 31 Jan 2023 02:26:09 INFO  valid result: 
recall@10 : 0.21    mrr@10 : 0.3697    ndcg@10 : 0.2208    hit@10 : 0.7296    precision@10 : 0.1528
Tue 31 Jan 2023 02:26:13 INFO  epoch 62 training [time: 3.81s, train_loss1: 7.0336, train_loss2: 1.5968]
Tue 31 Jan 2023 02:26:14 INFO  epoch 62 evaluating [time: 0.19s, valid_score: 0.366600]
Tue 31 Jan 2023 02:26:14 INFO  valid result: 
recall@10 : 0.2048    mrr@10 : 0.3666    ndcg@10 : 0.2177    hit@10 : 0.719    precision@10 : 0.1519
Tue 31 Jan 2023 02:26:17 INFO  epoch 63 training [time: 3.81s, train_loss1: 6.8598, train_loss2: 1.5318]
Tue 31 Jan 2023 02:26:17 INFO  epoch 63 evaluating [time: 0.19s, valid_score: 0.367200]
Tue 31 Jan 2023 02:26:17 INFO  valid result: 
recall@10 : 0.206    mrr@10 : 0.3672    ndcg@10 : 0.2181    hit@10 : 0.7222    precision@10 : 0.1526
Tue 31 Jan 2023 02:26:21 INFO  epoch 64 training [time: 3.97s, train_loss1: 6.8415, train_loss2: 1.5336]
Tue 31 Jan 2023 02:26:22 INFO  epoch 64 evaluating [time: 0.19s, valid_score: 0.360200]
Tue 31 Jan 2023 02:26:22 INFO  valid result: 
recall@10 : 0.2088    mrr@10 : 0.3602    ndcg@10 : 0.2177    hit@10 : 0.7285    precision@10 : 0.1524
Tue 31 Jan 2023 02:26:26 INFO  epoch 65 training [time: 3.97s, train_loss1: 6.7348, train_loss2: 1.5406]
Tue 31 Jan 2023 02:26:26 INFO  epoch 65 evaluating [time: 0.19s, valid_score: 0.369400]
Tue 31 Jan 2023 02:26:26 INFO  valid result: 
recall@10 : 0.2071    mrr@10 : 0.3694    ndcg@10 : 0.2206    hit@10 : 0.7232    precision@10 : 0.1546
Tue 31 Jan 2023 02:26:30 INFO  epoch 66 training [time: 3.84s, train_loss1: 6.7861, train_loss2: 1.4631]
Tue 31 Jan 2023 02:26:30 INFO  epoch 66 evaluating [time: 0.19s, valid_score: 0.373300]
Tue 31 Jan 2023 02:26:30 INFO  valid result: 
recall@10 : 0.2099    mrr@10 : 0.3733    ndcg@10 : 0.2233    hit@10 : 0.7275    precision@10 : 0.1546
Tue 31 Jan 2023 02:26:34 INFO  epoch 67 training [time: 3.71s, train_loss1: 6.6524, train_loss2: 1.4503]
Tue 31 Jan 2023 02:26:34 INFO  epoch 67 evaluating [time: 0.19s, valid_score: 0.366200]
Tue 31 Jan 2023 02:26:34 INFO  valid result: 
recall@10 : 0.2143    mrr@10 : 0.3662    ndcg@10 : 0.2228    hit@10 : 0.7359    precision@10 : 0.1556
Tue 31 Jan 2023 02:26:38 INFO  epoch 68 training [time: 3.77s, train_loss1: 6.6827, train_loss2: 1.4867]
Tue 31 Jan 2023 02:26:38 INFO  epoch 68 evaluating [time: 0.19s, valid_score: 0.371100]
Tue 31 Jan 2023 02:26:38 INFO  valid result: 
recall@10 : 0.213    mrr@10 : 0.3711    ndcg@10 : 0.2245    hit@10 : 0.7359    precision@10 : 0.1568
Tue 31 Jan 2023 02:26:38 INFO  Finished training, best eval result in epoch 57
Tue 31 Jan 2023 02:26:38 INFO  Loading model structure and parameters from saved/KGAT-Jan-31-2023_02-22-01.pth
Tue 31 Jan 2023 02:26:38 INFO  best valid : OrderedDict([('recall@10', 0.2102), ('mrr@10', 0.3772), ('ndcg@10', 0.223), ('hit@10', 0.7253), ('precision@10', 0.1534)])
Tue 31 Jan 2023 02:26:38 INFO  test result: OrderedDict([('recall@10', 0.2369), ('mrr@10', 0.4577), ('ndcg@10', 0.28), ('hit@10', 0.7572), ('precision@10', 0.19)])
