Mon 30 Jan 2023 22:47:12 INFO  ['recbole_test.py', '--seed', '2020', '--aggr', 'bi', '--opti', 'adam', '--is_swa', 'true', '--is_momentum', 'false']
Mon 30 Jan 2023 22:47:12 INFO  
General Hyper Parameters:
gpu_id = 0
use_gpu = True
seed = 2020
state = INFO
reproducibility = True
data_path = /work/03/gu14/k36095/kgat_bai/recbole/config/../dataset_example/ml-100k
checkpoint_dir = saved
show_progress = True
save_dataset = True
dataset_save_path = None
save_dataloaders = False
dataloaders_save_path = None
log_wandb = False

Training Hyper Parameters:
epochs = 300
train_batch_size = 2048
learner = adam
learning_rate = 0.001
train_neg_sample_args = {'distribution': 'uniform', 'sample_num': 1, 'alpha': 1.0, 'dynamic': False, 'candidate_num': 0}
eval_step = 1
stopping_step = 10
clip_grad_norm = None
weight_decay = 0.0
loss_decimal_place = 4

Evaluation Hyper Parameters:
eval_args = {'split': {'RS': [0.8, 0.1, 0.1]}, 'group_by': 'user', 'order': 'RO', 'mode': 'full'}
repeatable = False
metrics = ['Recall', 'MRR', 'NDCG', 'Hit', 'Precision']
topk = [10]
valid_metric = MRR@10
valid_metric_bigger = True
eval_batch_size = 4096
metric_decimal_place = 4

Dataset Hyper Parameters:
field_separator = 	
seq_separator =  
USER_ID_FIELD = user_id
ITEM_ID_FIELD = item_id
RATING_FIELD = rating
TIME_FIELD = timestamp
seq_len = None
LABEL_FIELD = label
threshold = None
NEG_PREFIX = neg_
load_col = {'inter': ['user_id', 'item_id', 'rating', 'timestamp'], 'kg': ['head_id', 'relation_id', 'tail_id'], 'link': ['item_id', 'entity_id']}
unload_col = None
unused_col = None
additional_feat_suffix = None
rm_dup_inter = None
val_interval = None
filter_inter_by_user_or_item = True
user_inter_num_interval = None
item_inter_num_interval = None
alias_of_user_id = None
alias_of_item_id = None
alias_of_entity_id = None
alias_of_relation_id = None
preload_weight = None
normalize_field = None
normalize_all = True
ITEM_LIST_LENGTH_FIELD = item_length
LIST_SUFFIX = _list
MAX_ITEM_LIST_LENGTH = 50
POSITION_FIELD = position_id
HEAD_ENTITY_ID_FIELD = head_id
TAIL_ENTITY_ID_FIELD = tail_id
RELATION_ID_FIELD = relation_id
ENTITY_ID_FIELD = entity_id
kg_reverse_r = False
entity_kg_num_interval = [0,inf)
relation_kg_num_interval = [0,inf)
benchmark_filename = None

Other Hyper Parameters: 
worker = 0
wandb_project = recbole
shuffle = True
require_pow = False
enable_amp = False
enable_scaler = False
transform = None
embedding_size = 64
kg_embedding_size = 64
layers = [64]
mess_dropout = 0.1
reg_weight = 1e-05
aggregator_type = bi
numerical_features = []
discretization = None
MODEL_TYPE = ModelType.KNOWLEDGE
is_swa = 1
is_momentum = 0
MODEL_INPUT_TYPE = InputType.PAIRWISE
eval_type = EvaluatorType.RANKING
single_spec = True
local_rank = 0
device = cpu
eval_neg_sample_args = {'distribution': 'uniform', 'sample_num': 'none'}


Mon 30 Jan 2023 22:47:12 INFO  Saving filtered dataset into [saved/ml-100k-dataset.pth]
Mon 30 Jan 2023 22:47:13 INFO  ml-100k
The number of users: 944
Average actions of users: 103.4506892895016
The number of items: 1599
Average actions of items: 61.04755944931164
The number of inters: 97554
The sparsity of the dataset: 93.53714185772888%
Remain Fields: ['entity_id', 'user_id', 'item_id', 'rating', 'timestamp', 'head_id', 'relation_id', 'tail_id']
The number of entities: 34629
The number of relations: 26
The number of triples: 91631
The number of items that have been linked to KG: 1598
Mon 30 Jan 2023 22:47:13 INFO  [Training]: train_batch_size = [2048] train_neg_sample_args: [{'distribution': 'uniform', 'sample_num': 1, 'alpha': 1.0, 'dynamic': False, 'candidate_num': 0}]
Mon 30 Jan 2023 22:47:13 INFO  [Evaluation]: eval_batch_size = [4096] eval_args: [{'split': {'RS': [0.8, 0.1, 0.1]}, 'group_by': 'user', 'order': 'RO', 'mode': 'full'}]
Mon 30 Jan 2023 22:47:13 INFO  KGAT(
  (user_embedding): Embedding(944, 64)
  (entity_embedding): Embedding(34629, 64)
  (relation_embedding): Embedding(26, 64)
  (trans_w): Embedding(26, 4096)
  (aggregator_layers): ModuleList(
    (0): Aggregator(
      (message_dropout): Dropout(p=0.1, inplace=False)
      (W1): Linear(in_features=64, out_features=64, bias=True)
      (W2): Linear(in_features=64, out_features=64, bias=True)
      (activation): LeakyReLU(negative_slope=0.01)
    )
  )
  (tanh): Tanh()
  (mf_loss): BPRLoss()
  (reg_loss): EmbLoss()
)
Trainable parameters: 2393152
Mon 30 Jan 2023 22:47:14 INFO  FLOPs: 291414016.0
Mon 30 Jan 2023 22:47:17 INFO  epoch 0 training [time: 3.91s, train_loss1: 18.9101, train_loss2: 38.9721]
Mon 30 Jan 2023 22:47:18 INFO  epoch 0 evaluating [time: 0.20s, valid_score: 0.093400]
Mon 30 Jan 2023 22:47:18 INFO  valid result: 
recall@10 : 0.0419    mrr@10 : 0.0934    ndcg@10 : 0.0446    hit@10 : 0.2672    precision@10 : 0.0339
Mon 30 Jan 2023 22:47:18 INFO  Saving current: saved/KGAT-Jan-30-2023_22-47-14.pth
Mon 30 Jan 2023 22:47:22 INFO  epoch 1 training [time: 4.29s, train_loss1: 17.0748, train_loss2: 427.9822]
Mon 30 Jan 2023 22:47:22 INFO  epoch 1 evaluating [time: 0.24s, valid_score: 0.093500]
Mon 30 Jan 2023 22:47:22 INFO  valid result: 
recall@10 : 0.0405    mrr@10 : 0.0935    ndcg@10 : 0.0434    hit@10 : 0.2503    precision@10 : 0.0311
Mon 30 Jan 2023 22:47:22 INFO  Saving current: saved/KGAT-Jan-30-2023_22-47-14.pth
Mon 30 Jan 2023 22:47:30 INFO  epoch 2 training [time: 8.06s, train_loss1: 28.7475, train_loss2: 1146.5735]
Mon 30 Jan 2023 22:47:31 INFO  epoch 2 evaluating [time: 0.20s, valid_score: 0.095800]
Mon 30 Jan 2023 22:47:31 INFO  valid result: 
recall@10 : 0.0414    mrr@10 : 0.0958    ndcg@10 : 0.0452    hit@10 : 0.2704    precision@10 : 0.035
Mon 30 Jan 2023 22:47:31 INFO  Saving current: saved/KGAT-Jan-30-2023_22-47-14.pth
Mon 30 Jan 2023 22:47:36 INFO  epoch 3 training [time: 4.90s, train_loss1: 35.6761, train_loss2: 1623.0196]
Mon 30 Jan 2023 22:47:36 INFO  epoch 3 evaluating [time: 0.24s, valid_score: 0.105500]
Mon 30 Jan 2023 22:47:36 INFO  valid result: 
recall@10 : 0.0366    mrr@10 : 0.1055    ndcg@10 : 0.0456    hit@10 : 0.2672    precision@10 : 0.0351
Mon 30 Jan 2023 22:47:36 INFO  Saving current: saved/KGAT-Jan-30-2023_22-47-14.pth
Mon 30 Jan 2023 22:47:41 INFO  epoch 4 training [time: 5.50s, train_loss1: 39.0404, train_loss2: 1763.4642]
Mon 30 Jan 2023 22:47:42 INFO  epoch 4 evaluating [time: 0.20s, valid_score: 0.103400]
Mon 30 Jan 2023 22:47:42 INFO  valid result: 
recall@10 : 0.0386    mrr@10 : 0.1034    ndcg@10 : 0.0472    hit@10 : 0.2694    precision@10 : 0.0367
Mon 30 Jan 2023 22:47:46 INFO  epoch 5 training [time: 4.22s, train_loss1: 40.5170, train_loss2: 1874.2798]
Mon 30 Jan 2023 22:47:46 INFO  epoch 5 evaluating [time: 0.20s, valid_score: 0.096500]
Mon 30 Jan 2023 22:47:46 INFO  valid result: 
recall@10 : 0.0414    mrr@10 : 0.0965    ndcg@10 : 0.0452    hit@10 : 0.2948    precision@10 : 0.0373
Mon 30 Jan 2023 22:47:50 INFO  epoch 6 training [time: 4.20s, train_loss1: 41.8670, train_loss2: 2097.3458]
Mon 30 Jan 2023 22:47:50 INFO  epoch 6 evaluating [time: 0.21s, valid_score: 0.090900]
Mon 30 Jan 2023 22:47:50 INFO  valid result: 
recall@10 : 0.0336    mrr@10 : 0.0909    ndcg@10 : 0.0404    hit@10 : 0.2598    precision@10 : 0.0332
Mon 30 Jan 2023 22:47:55 INFO  epoch 7 training [time: 4.18s, train_loss1: 44.0514, train_loss2: 2132.3395]
Mon 30 Jan 2023 22:47:55 INFO  epoch 7 evaluating [time: 0.19s, valid_score: 0.092800]
Mon 30 Jan 2023 22:47:55 INFO  valid result: 
recall@10 : 0.0334    mrr@10 : 0.0928    ndcg@10 : 0.0386    hit@10 : 0.2683    precision@10 : 0.0316
Mon 30 Jan 2023 22:47:59 INFO  epoch 8 training [time: 4.09s, train_loss1: 46.4378, train_loss2: 2351.5455]
Mon 30 Jan 2023 22:47:59 INFO  epoch 8 evaluating [time: 0.19s, valid_score: 0.079700]
Mon 30 Jan 2023 22:47:59 INFO  valid result: 
recall@10 : 0.0274    mrr@10 : 0.0797    ndcg@10 : 0.0327    hit@10 : 0.2248    precision@10 : 0.0267
Mon 30 Jan 2023 22:48:03 INFO  epoch 9 training [time: 4.10s, train_loss1: 50.1852, train_loss2: 2705.8286]
Mon 30 Jan 2023 22:48:03 INFO  epoch 9 evaluating [time: 0.19s, valid_score: 0.087600]
Mon 30 Jan 2023 22:48:03 INFO  valid result: 
recall@10 : 0.0334    mrr@10 : 0.0876    ndcg@10 : 0.0382    hit@10 : 0.2566    precision@10 : 0.0305
Mon 30 Jan 2023 22:48:07 INFO  epoch 10 training [time: 3.97s, train_loss1: 50.7096, train_loss2: 2846.3126]
Mon 30 Jan 2023 22:48:08 INFO  epoch 10 evaluating [time: 0.20s, valid_score: 0.086300]
Mon 30 Jan 2023 22:48:08 INFO  valid result: 
recall@10 : 0.0331    mrr@10 : 0.0863    ndcg@10 : 0.039    hit@10 : 0.245    precision@10 : 0.032
Mon 30 Jan 2023 22:48:12 INFO  epoch 11 training [time: 4.02s, train_loss1: 53.7566, train_loss2: 3201.9666]
Mon 30 Jan 2023 22:48:12 INFO  epoch 11 evaluating [time: 0.20s, valid_score: 0.086400]
Mon 30 Jan 2023 22:48:12 INFO  valid result: 
recall@10 : 0.0294    mrr@10 : 0.0864    ndcg@10 : 0.0356    hit@10 : 0.2301    precision@10 : 0.0284
Mon 30 Jan 2023 22:48:16 INFO  epoch 12 training [time: 3.95s, train_loss1: 56.5372, train_loss2: 3381.9847]
Mon 30 Jan 2023 22:48:16 INFO  epoch 12 evaluating [time: 0.20s, valid_score: 0.079600]
Mon 30 Jan 2023 22:48:16 INFO  valid result: 
recall@10 : 0.0289    mrr@10 : 0.0796    ndcg@10 : 0.0346    hit@10 : 0.2269    precision@10 : 0.0285
Mon 30 Jan 2023 22:48:20 INFO  epoch 13 training [time: 4.00s, train_loss1: 58.0383, train_loss2: 3639.1233]
Mon 30 Jan 2023 22:48:20 INFO  epoch 13 evaluating [time: 0.20s, valid_score: 0.076000]
Mon 30 Jan 2023 22:48:20 INFO  valid result: 
recall@10 : 0.0345    mrr@10 : 0.076    ndcg@10 : 0.0358    hit@10 : 0.2375    precision@10 : 0.0294
Mon 30 Jan 2023 22:48:24 INFO  epoch 14 training [time: 4.30s, train_loss1: 57.8185, train_loss2: 3944.4834]
Mon 30 Jan 2023 22:48:25 INFO  epoch 14 evaluating [time: 0.19s, valid_score: 0.090400]
Mon 30 Jan 2023 22:48:25 INFO  valid result: 
recall@10 : 0.034    mrr@10 : 0.0904    ndcg@10 : 0.04    hit@10 : 0.2503    precision@10 : 0.0309
Mon 30 Jan 2023 22:48:25 INFO  Finished training, best eval result in epoch 3
Mon 30 Jan 2023 22:48:25 INFO  Loading model structure and parameters from saved/KGAT-Jan-30-2023_22-47-14.pth
Mon 30 Jan 2023 22:48:25 INFO  best valid : OrderedDict([('recall@10', 0.0366), ('mrr@10', 0.1055), ('ndcg@10', 0.0456), ('hit@10', 0.2672), ('precision@10', 0.0351)])
Mon 30 Jan 2023 22:48:25 INFO  test result: OrderedDict([('recall@10', 0.0342), ('mrr@10', 0.0873), ('ndcg@10', 0.0399), ('hit@10', 0.2481), ('precision@10', 0.0316)])
