Tue 31 Jan 2023 02:09:33 INFO  ['recbole_test.py', '--seed', '2020', '--aggr', 'gcn', '--opti', 'adam', '--is_swa', 'false', '--is_momentum', 'false']
Tue 31 Jan 2023 02:09:33 INFO  
General Hyper Parameters:
gpu_id = 0
use_gpu = True
seed = 2020
state = INFO
reproducibility = True
data_path = /work/03/gu14/k36095/kgat_bai/recbole/config/../dataset_example/ml-100k
checkpoint_dir = saved
show_progress = True
save_dataset = True
dataset_save_path = None
save_dataloaders = False
dataloaders_save_path = None
log_wandb = False

Training Hyper Parameters:
epochs = 300
train_batch_size = 2048
learner = adam
learning_rate = 0.001
train_neg_sample_args = {'distribution': 'uniform', 'sample_num': 1, 'alpha': 1.0, 'dynamic': False, 'candidate_num': 0}
eval_step = 1
stopping_step = 10
clip_grad_norm = None
weight_decay = 0.0
loss_decimal_place = 4

Evaluation Hyper Parameters:
eval_args = {'split': {'RS': [0.8, 0.1, 0.1]}, 'group_by': 'user', 'order': 'RO', 'mode': 'full'}
repeatable = False
metrics = ['Recall', 'MRR', 'NDCG', 'Hit', 'Precision']
topk = [10]
valid_metric = MRR@10
valid_metric_bigger = True
eval_batch_size = 4096
metric_decimal_place = 4

Dataset Hyper Parameters:
field_separator = 	
seq_separator =  
USER_ID_FIELD = user_id
ITEM_ID_FIELD = item_id
RATING_FIELD = rating
TIME_FIELD = timestamp
seq_len = None
LABEL_FIELD = label
threshold = None
NEG_PREFIX = neg_
load_col = {'inter': ['user_id', 'item_id', 'rating', 'timestamp'], 'kg': ['head_id', 'relation_id', 'tail_id'], 'link': ['item_id', 'entity_id']}
unload_col = None
unused_col = None
additional_feat_suffix = None
rm_dup_inter = None
val_interval = None
filter_inter_by_user_or_item = True
user_inter_num_interval = None
item_inter_num_interval = None
alias_of_user_id = None
alias_of_item_id = None
alias_of_entity_id = None
alias_of_relation_id = None
preload_weight = None
normalize_field = None
normalize_all = True
ITEM_LIST_LENGTH_FIELD = item_length
LIST_SUFFIX = _list
MAX_ITEM_LIST_LENGTH = 50
POSITION_FIELD = position_id
HEAD_ENTITY_ID_FIELD = head_id
TAIL_ENTITY_ID_FIELD = tail_id
RELATION_ID_FIELD = relation_id
ENTITY_ID_FIELD = entity_id
kg_reverse_r = False
entity_kg_num_interval = [0,inf)
relation_kg_num_interval = [0,inf)
benchmark_filename = None

Other Hyper Parameters: 
worker = 0
wandb_project = recbole
shuffle = True
require_pow = False
enable_amp = False
enable_scaler = False
transform = None
embedding_size = 64
kg_embedding_size = 64
layers = [64]
mess_dropout = 0.1
reg_weight = 1e-05
aggregator_type = gcn
numerical_features = []
discretization = None
MODEL_TYPE = ModelType.KNOWLEDGE
is_swa = 0
is_momentum = 0
MODEL_INPUT_TYPE = InputType.PAIRWISE
eval_type = EvaluatorType.RANKING
single_spec = True
local_rank = 0
device = cpu
eval_neg_sample_args = {'distribution': 'uniform', 'sample_num': 'none'}


Tue 31 Jan 2023 02:09:33 INFO  Saving filtered dataset into [saved/ml-100k-dataset.pth]
Tue 31 Jan 2023 02:09:34 INFO  ml-100k
The number of users: 944
Average actions of users: 103.4506892895016
The number of items: 1599
Average actions of items: 61.04755944931164
The number of inters: 97554
The sparsity of the dataset: 93.53714185772888%
Remain Fields: ['entity_id', 'user_id', 'item_id', 'rating', 'timestamp', 'head_id', 'relation_id', 'tail_id']
The number of entities: 34629
The number of relations: 26
The number of triples: 91631
The number of items that have been linked to KG: 1598
Tue 31 Jan 2023 02:09:34 INFO  [Training]: train_batch_size = [2048] train_neg_sample_args: [{'distribution': 'uniform', 'sample_num': 1, 'alpha': 1.0, 'dynamic': False, 'candidate_num': 0}]
Tue 31 Jan 2023 02:09:34 INFO  [Evaluation]: eval_batch_size = [4096] eval_args: [{'split': {'RS': [0.8, 0.1, 0.1]}, 'group_by': 'user', 'order': 'RO', 'mode': 'full'}]
Tue 31 Jan 2023 02:09:35 INFO  KGAT(
  (user_embedding): Embedding(944, 64)
  (entity_embedding): Embedding(34629, 64)
  (relation_embedding): Embedding(26, 64)
  (trans_w): Embedding(26, 4096)
  (aggregator_layers): ModuleList(
    (0): Aggregator(
      (message_dropout): Dropout(p=0.1, inplace=False)
      (W): Linear(in_features=64, out_features=64, bias=True)
      (activation): LeakyReLU(negative_slope=0.01)
    )
  )
  (tanh): Tanh()
  (mf_loss): BPRLoss()
  (reg_loss): EmbLoss()
)
Trainable parameters: 2388992
Tue 31 Jan 2023 02:09:35 INFO  FLOPs: 145707008.0
Tue 31 Jan 2023 02:09:40 INFO  epoch 0 training [time: 4.80s, train_loss1: 23.4772, train_loss2: 29.7189]
Tue 31 Jan 2023 02:09:40 INFO  epoch 0 evaluating [time: 0.21s, valid_score: 0.108400]
Tue 31 Jan 2023 02:09:40 INFO  valid result: 
recall@10 : 0.0507    mrr@10 : 0.1084    ndcg@10 : 0.0554    hit@10 : 0.3192    precision@10 : 0.0461
Tue 31 Jan 2023 02:09:40 INFO  Saving current: saved/KGAT-Jan-31-2023_02-09-35.pth
Tue 31 Jan 2023 02:09:44 INFO  epoch 1 training [time: 4.00s, train_loss1: 18.5829, train_loss2: 20.4087]
Tue 31 Jan 2023 02:09:44 INFO  epoch 1 evaluating [time: 0.21s, valid_score: 0.155500]
Tue 31 Jan 2023 02:09:44 INFO  valid result: 
recall@10 : 0.0911    mrr@10 : 0.1555    ndcg@10 : 0.0873    hit@10 : 0.4528    precision@10 : 0.0694
Tue 31 Jan 2023 02:09:44 INFO  Saving current: saved/KGAT-Jan-31-2023_02-09-35.pth
Tue 31 Jan 2023 02:09:48 INFO  epoch 2 training [time: 3.51s, train_loss1: 16.8442, train_loss2: 12.6353]
Tue 31 Jan 2023 02:09:48 INFO  epoch 2 evaluating [time: 0.20s, valid_score: 0.178600]
Tue 31 Jan 2023 02:09:48 INFO  valid result: 
recall@10 : 0.1028    mrr@10 : 0.1786    ndcg@10 : 0.099    hit@10 : 0.4708    precision@10 : 0.0719
Tue 31 Jan 2023 02:09:48 INFO  Saving current: saved/KGAT-Jan-31-2023_02-09-35.pth
Tue 31 Jan 2023 02:09:52 INFO  epoch 3 training [time: 3.86s, train_loss1: 16.4643, train_loss2: 10.2705]
Tue 31 Jan 2023 02:09:52 INFO  epoch 3 evaluating [time: 0.20s, valid_score: 0.173200]
Tue 31 Jan 2023 02:09:52 INFO  valid result: 
recall@10 : 0.1056    mrr@10 : 0.1732    ndcg@10 : 0.0986    hit@10 : 0.4719    precision@10 : 0.0737
Tue 31 Jan 2023 02:09:56 INFO  epoch 4 training [time: 3.62s, train_loss1: 16.2880, train_loss2: 9.0716]
Tue 31 Jan 2023 02:09:56 INFO  epoch 4 evaluating [time: 0.19s, valid_score: 0.186000]
Tue 31 Jan 2023 02:09:56 INFO  valid result: 
recall@10 : 0.1098    mrr@10 : 0.186    ndcg@10 : 0.1043    hit@10 : 0.4952    precision@10 : 0.0787
Tue 31 Jan 2023 02:09:56 INFO  Saving current: saved/KGAT-Jan-31-2023_02-09-35.pth
Tue 31 Jan 2023 02:10:00 INFO  epoch 5 training [time: 3.55s, train_loss1: 16.1650, train_loss2: 8.2878]
Tue 31 Jan 2023 02:10:00 INFO  epoch 5 evaluating [time: 0.20s, valid_score: 0.197700]
Tue 31 Jan 2023 02:10:00 INFO  valid result: 
recall@10 : 0.1025    mrr@10 : 0.1977    ndcg@10 : 0.1037    hit@10 : 0.4761    precision@10 : 0.0767
Tue 31 Jan 2023 02:10:00 INFO  Saving current: saved/KGAT-Jan-31-2023_02-09-35.pth
Tue 31 Jan 2023 02:10:04 INFO  epoch 6 training [time: 3.64s, train_loss1: 15.9499, train_loss2: 7.9046]
Tue 31 Jan 2023 02:10:04 INFO  epoch 6 evaluating [time: 0.20s, valid_score: 0.203900]
Tue 31 Jan 2023 02:10:04 INFO  valid result: 
recall@10 : 0.1026    mrr@10 : 0.2039    ndcg@10 : 0.1081    hit@10 : 0.4846    precision@10 : 0.0799
Tue 31 Jan 2023 02:10:04 INFO  Saving current: saved/KGAT-Jan-31-2023_02-09-35.pth
Tue 31 Jan 2023 02:10:08 INFO  epoch 7 training [time: 3.75s, train_loss1: 15.8472, train_loss2: 7.4735]
Tue 31 Jan 2023 02:10:08 INFO  epoch 7 evaluating [time: 0.19s, valid_score: 0.206100]
Tue 31 Jan 2023 02:10:08 INFO  valid result: 
recall@10 : 0.0989    mrr@10 : 0.2061    ndcg@10 : 0.1095    hit@10 : 0.4804    precision@10 : 0.0818
Tue 31 Jan 2023 02:10:08 INFO  Saving current: saved/KGAT-Jan-31-2023_02-09-35.pth
Tue 31 Jan 2023 02:10:12 INFO  epoch 8 training [time: 3.60s, train_loss1: 15.7373, train_loss2: 7.1410]
Tue 31 Jan 2023 02:10:12 INFO  epoch 8 evaluating [time: 0.19s, valid_score: 0.211000]
Tue 31 Jan 2023 02:10:12 INFO  valid result: 
recall@10 : 0.1066    mrr@10 : 0.211    ndcg@10 : 0.113    hit@10 : 0.4931    precision@10 : 0.082
Tue 31 Jan 2023 02:10:12 INFO  Saving current: saved/KGAT-Jan-31-2023_02-09-35.pth
Tue 31 Jan 2023 02:10:15 INFO  epoch 9 training [time: 3.66s, train_loss1: 15.5219, train_loss2: 6.8905]
Tue 31 Jan 2023 02:10:16 INFO  epoch 9 evaluating [time: 0.19s, valid_score: 0.213500]
Tue 31 Jan 2023 02:10:16 INFO  valid result: 
recall@10 : 0.1052    mrr@10 : 0.2135    ndcg@10 : 0.1137    hit@10 : 0.4889    precision@10 : 0.0827
Tue 31 Jan 2023 02:10:16 INFO  Saving current: saved/KGAT-Jan-31-2023_02-09-35.pth
Tue 31 Jan 2023 02:10:19 INFO  epoch 10 training [time: 3.59s, train_loss1: 15.3155, train_loss2: 6.5811]
Tue 31 Jan 2023 02:10:19 INFO  epoch 10 evaluating [time: 0.19s, valid_score: 0.219700]
Tue 31 Jan 2023 02:10:19 INFO  valid result: 
recall@10 : 0.113    mrr@10 : 0.2197    ndcg@10 : 0.1192    hit@10 : 0.5122    precision@10 : 0.0875
Tue 31 Jan 2023 02:10:20 INFO  Saving current: saved/KGAT-Jan-31-2023_02-09-35.pth
Tue 31 Jan 2023 02:10:23 INFO  epoch 11 training [time: 3.70s, train_loss1: 15.0804, train_loss2: 6.4020]
Tue 31 Jan 2023 02:10:23 INFO  epoch 11 evaluating [time: 0.21s, valid_score: 0.238800]
Tue 31 Jan 2023 02:10:23 INFO  valid result: 
recall@10 : 0.1167    mrr@10 : 0.2388    ndcg@10 : 0.1273    hit@10 : 0.5207    precision@10 : 0.0917
Tue 31 Jan 2023 02:10:24 INFO  Saving current: saved/KGAT-Jan-31-2023_02-09-35.pth
Tue 31 Jan 2023 02:10:27 INFO  epoch 12 training [time: 3.84s, train_loss1: 14.8841, train_loss2: 6.0005]
Tue 31 Jan 2023 02:10:28 INFO  epoch 12 evaluating [time: 0.20s, valid_score: 0.236000]
Tue 31 Jan 2023 02:10:28 INFO  valid result: 
recall@10 : 0.1202    mrr@10 : 0.236    ndcg@10 : 0.1306    hit@10 : 0.5355    precision@10 : 0.0965
Tue 31 Jan 2023 02:10:31 INFO  epoch 13 training [time: 3.75s, train_loss1: 14.5097, train_loss2: 5.6436]
Tue 31 Jan 2023 02:10:32 INFO  epoch 13 evaluating [time: 0.20s, valid_score: 0.246200]
Tue 31 Jan 2023 02:10:32 INFO  valid result: 
recall@10 : 0.1261    mrr@10 : 0.2462    ndcg@10 : 0.1366    hit@10 : 0.5451    precision@10 : 0.1007
Tue 31 Jan 2023 02:10:32 INFO  Saving current: saved/KGAT-Jan-31-2023_02-09-35.pth
Tue 31 Jan 2023 02:10:35 INFO  epoch 14 training [time: 3.63s, train_loss1: 14.1966, train_loss2: 5.3344]
Tue 31 Jan 2023 02:10:35 INFO  epoch 14 evaluating [time: 0.19s, valid_score: 0.264600]
Tue 31 Jan 2023 02:10:35 INFO  valid result: 
recall@10 : 0.1341    mrr@10 : 0.2646    ndcg@10 : 0.1466    hit@10 : 0.5663    precision@10 : 0.1054
Tue 31 Jan 2023 02:10:35 INFO  Saving current: saved/KGAT-Jan-31-2023_02-09-35.pth
Tue 31 Jan 2023 02:10:39 INFO  epoch 15 training [time: 3.64s, train_loss1: 13.8887, train_loss2: 5.0129]
Tue 31 Jan 2023 02:10:39 INFO  epoch 15 evaluating [time: 0.19s, valid_score: 0.267800]
Tue 31 Jan 2023 02:10:39 INFO  valid result: 
recall@10 : 0.1438    mrr@10 : 0.2678    ndcg@10 : 0.1527    hit@10 : 0.5875    precision@10 : 0.1113
Tue 31 Jan 2023 02:10:39 INFO  Saving current: saved/KGAT-Jan-31-2023_02-09-35.pth
Tue 31 Jan 2023 02:10:43 INFO  epoch 16 training [time: 3.53s, train_loss1: 13.5537, train_loss2: 4.6294]
Tue 31 Jan 2023 02:10:43 INFO  epoch 16 evaluating [time: 0.19s, valid_score: 0.279300]
Tue 31 Jan 2023 02:10:43 INFO  valid result: 
recall@10 : 0.1475    mrr@10 : 0.2793    ndcg@10 : 0.1574    hit@10 : 0.6045    precision@10 : 0.1144
Tue 31 Jan 2023 02:10:43 INFO  Saving current: saved/KGAT-Jan-31-2023_02-09-35.pth
Tue 31 Jan 2023 02:10:47 INFO  epoch 17 training [time: 3.55s, train_loss1: 13.1523, train_loss2: 4.2851]
Tue 31 Jan 2023 02:10:47 INFO  epoch 17 evaluating [time: 0.19s, valid_score: 0.290500]
Tue 31 Jan 2023 02:10:47 INFO  valid result: 
recall@10 : 0.1527    mrr@10 : 0.2905    ndcg@10 : 0.1636    hit@10 : 0.6129    precision@10 : 0.1163
Tue 31 Jan 2023 02:10:47 INFO  Saving current: saved/KGAT-Jan-31-2023_02-09-35.pth
Tue 31 Jan 2023 02:10:51 INFO  epoch 18 training [time: 3.57s, train_loss1: 12.7446, train_loss2: 3.9671]
Tue 31 Jan 2023 02:10:51 INFO  epoch 18 evaluating [time: 0.19s, valid_score: 0.297100]
Tue 31 Jan 2023 02:10:51 INFO  valid result: 
recall@10 : 0.1583    mrr@10 : 0.2971    ndcg@10 : 0.169    hit@10 : 0.6299    precision@10 : 0.1207
Tue 31 Jan 2023 02:10:51 INFO  Saving current: saved/KGAT-Jan-31-2023_02-09-35.pth
Tue 31 Jan 2023 02:10:54 INFO  epoch 19 training [time: 3.66s, train_loss1: 12.4575, train_loss2: 3.9137]
Tue 31 Jan 2023 02:10:55 INFO  epoch 19 evaluating [time: 0.19s, valid_score: 0.303900]
Tue 31 Jan 2023 02:10:55 INFO  valid result: 
recall@10 : 0.1617    mrr@10 : 0.3039    ndcg@10 : 0.173    hit@10 : 0.632    precision@10 : 0.122
Tue 31 Jan 2023 02:10:55 INFO  Saving current: saved/KGAT-Jan-31-2023_02-09-35.pth
Tue 31 Jan 2023 02:10:58 INFO  epoch 20 training [time: 3.54s, train_loss1: 12.1374, train_loss2: 3.7552]
Tue 31 Jan 2023 02:10:58 INFO  epoch 20 evaluating [time: 0.19s, valid_score: 0.314300]
Tue 31 Jan 2023 02:10:58 INFO  valid result: 
recall@10 : 0.1637    mrr@10 : 0.3143    ndcg@10 : 0.1793    hit@10 : 0.6373    precision@10 : 0.1252
Tue 31 Jan 2023 02:10:59 INFO  Saving current: saved/KGAT-Jan-31-2023_02-09-35.pth
Tue 31 Jan 2023 02:11:02 INFO  epoch 21 training [time: 3.60s, train_loss1: 11.8273, train_loss2: 3.5649]
Tue 31 Jan 2023 02:11:02 INFO  epoch 21 evaluating [time: 0.20s, valid_score: 0.319000]
Tue 31 Jan 2023 02:11:02 INFO  valid result: 
recall@10 : 0.1672    mrr@10 : 0.319    ndcg@10 : 0.1837    hit@10 : 0.6469    precision@10 : 0.1295
Tue 31 Jan 2023 02:11:02 INFO  Saving current: saved/KGAT-Jan-31-2023_02-09-35.pth
Tue 31 Jan 2023 02:11:06 INFO  epoch 22 training [time: 3.62s, train_loss1: 11.5756, train_loss2: 3.2985]
Tue 31 Jan 2023 02:11:06 INFO  epoch 22 evaluating [time: 0.20s, valid_score: 0.323400]
Tue 31 Jan 2023 02:11:06 INFO  valid result: 
recall@10 : 0.1693    mrr@10 : 0.3234    ndcg@10 : 0.1863    hit@10 : 0.6532    precision@10 : 0.1313
Tue 31 Jan 2023 02:11:06 INFO  Saving current: saved/KGAT-Jan-31-2023_02-09-35.pth
Tue 31 Jan 2023 02:11:10 INFO  epoch 23 training [time: 3.63s, train_loss1: 11.2453, train_loss2: 3.2201]
Tue 31 Jan 2023 02:11:10 INFO  epoch 23 evaluating [time: 0.19s, valid_score: 0.333800]
Tue 31 Jan 2023 02:11:10 INFO  valid result: 
recall@10 : 0.1705    mrr@10 : 0.3338    ndcg@10 : 0.1903    hit@10 : 0.6607    precision@10 : 0.1321
Tue 31 Jan 2023 02:11:10 INFO  Saving current: saved/KGAT-Jan-31-2023_02-09-35.pth
Tue 31 Jan 2023 02:11:14 INFO  epoch 24 training [time: 3.56s, train_loss1: 11.0396, train_loss2: 3.1457]
Tue 31 Jan 2023 02:11:14 INFO  epoch 24 evaluating [time: 0.20s, valid_score: 0.347200]
Tue 31 Jan 2023 02:11:14 INFO  valid result: 
recall@10 : 0.1726    mrr@10 : 0.3472    ndcg@10 : 0.1951    hit@10 : 0.6691    precision@10 : 0.1337
Tue 31 Jan 2023 02:11:14 INFO  Saving current: saved/KGAT-Jan-31-2023_02-09-35.pth
Tue 31 Jan 2023 02:11:18 INFO  epoch 25 training [time: 3.60s, train_loss1: 10.8485, train_loss2: 3.0506]
Tue 31 Jan 2023 02:11:18 INFO  epoch 25 evaluating [time: 0.19s, valid_score: 0.348900]
Tue 31 Jan 2023 02:11:18 INFO  valid result: 
recall@10 : 0.1731    mrr@10 : 0.3489    ndcg@10 : 0.1957    hit@10 : 0.6691    precision@10 : 0.1341
Tue 31 Jan 2023 02:11:18 INFO  Saving current: saved/KGAT-Jan-31-2023_02-09-35.pth
Tue 31 Jan 2023 02:11:21 INFO  epoch 26 training [time: 3.61s, train_loss1: 10.6157, train_loss2: 3.0353]
Tue 31 Jan 2023 02:11:22 INFO  epoch 26 evaluating [time: 0.19s, valid_score: 0.345400]
Tue 31 Jan 2023 02:11:22 INFO  valid result: 
recall@10 : 0.1737    mrr@10 : 0.3454    ndcg@10 : 0.1952    hit@10 : 0.667    precision@10 : 0.134
Tue 31 Jan 2023 02:11:25 INFO  epoch 27 training [time: 3.70s, train_loss1: 10.3627, train_loss2: 2.9093]
Tue 31 Jan 2023 02:11:26 INFO  epoch 27 evaluating [time: 0.19s, valid_score: 0.348000]
Tue 31 Jan 2023 02:11:26 INFO  valid result: 
recall@10 : 0.1771    mrr@10 : 0.348    ndcg@10 : 0.1981    hit@10 : 0.6713    precision@10 : 0.1372
Tue 31 Jan 2023 02:11:29 INFO  epoch 28 training [time: 3.70s, train_loss1: 10.3295, train_loss2: 2.8035]
Tue 31 Jan 2023 02:11:29 INFO  epoch 28 evaluating [time: 0.19s, valid_score: 0.348700]
Tue 31 Jan 2023 02:11:29 INFO  valid result: 
recall@10 : 0.1801    mrr@10 : 0.3487    ndcg@10 : 0.199    hit@10 : 0.6691    precision@10 : 0.1373
Tue 31 Jan 2023 02:11:33 INFO  epoch 29 training [time: 3.57s, train_loss1: 10.0859, train_loss2: 2.7441]
Tue 31 Jan 2023 02:11:33 INFO  epoch 29 evaluating [time: 0.19s, valid_score: 0.356000]
Tue 31 Jan 2023 02:11:33 INFO  valid result: 
recall@10 : 0.1833    mrr@10 : 0.356    ndcg@10 : 0.2025    hit@10 : 0.6829    precision@10 : 0.1391
Tue 31 Jan 2023 02:11:33 INFO  Saving current: saved/KGAT-Jan-31-2023_02-09-35.pth
Tue 31 Jan 2023 02:11:37 INFO  epoch 30 training [time: 3.54s, train_loss1: 9.9437, train_loss2: 2.6794]
Tue 31 Jan 2023 02:11:37 INFO  epoch 30 evaluating [time: 0.19s, valid_score: 0.356000]
Tue 31 Jan 2023 02:11:37 INFO  valid result: 
recall@10 : 0.1824    mrr@10 : 0.356    ndcg@10 : 0.2021    hit@10 : 0.685    precision@10 : 0.1374
Tue 31 Jan 2023 02:11:37 INFO  Saving current: saved/KGAT-Jan-31-2023_02-09-35.pth
Tue 31 Jan 2023 02:11:41 INFO  epoch 31 training [time: 3.74s, train_loss1: 9.8613, train_loss2: 2.5740]
Tue 31 Jan 2023 02:11:41 INFO  epoch 31 evaluating [time: 0.19s, valid_score: 0.353600]
Tue 31 Jan 2023 02:11:41 INFO  valid result: 
recall@10 : 0.1816    mrr@10 : 0.3536    ndcg@10 : 0.2019    hit@10 : 0.6808    precision@10 : 0.1379
Tue 31 Jan 2023 02:11:45 INFO  epoch 32 training [time: 3.56s, train_loss1: 9.6483, train_loss2: 2.5396]
Tue 31 Jan 2023 02:11:45 INFO  epoch 32 evaluating [time: 0.19s, valid_score: 0.357600]
Tue 31 Jan 2023 02:11:45 INFO  valid result: 
recall@10 : 0.1823    mrr@10 : 0.3576    ndcg@10 : 0.2042    hit@10 : 0.6766    precision@10 : 0.1392
Tue 31 Jan 2023 02:11:45 INFO  Saving current: saved/KGAT-Jan-31-2023_02-09-35.pth
Tue 31 Jan 2023 02:11:49 INFO  epoch 33 training [time: 3.69s, train_loss1: 9.6153, train_loss2: 2.4106]
Tue 31 Jan 2023 02:11:49 INFO  epoch 33 evaluating [time: 0.19s, valid_score: 0.365000]
Tue 31 Jan 2023 02:11:49 INFO  valid result: 
recall@10 : 0.1848    mrr@10 : 0.365    ndcg@10 : 0.2073    hit@10 : 0.6829    precision@10 : 0.1418
Tue 31 Jan 2023 02:11:49 INFO  Saving current: saved/KGAT-Jan-31-2023_02-09-35.pth
Tue 31 Jan 2023 02:11:52 INFO  epoch 34 training [time: 3.50s, train_loss1: 9.4271, train_loss2: 2.3552]
Tue 31 Jan 2023 02:11:52 INFO  epoch 34 evaluating [time: 0.19s, valid_score: 0.365300]
Tue 31 Jan 2023 02:11:52 INFO  valid result: 
recall@10 : 0.1856    mrr@10 : 0.3653    ndcg@10 : 0.2067    hit@10 : 0.6872    precision@10 : 0.1403
Tue 31 Jan 2023 02:11:53 INFO  Saving current: saved/KGAT-Jan-31-2023_02-09-35.pth
Tue 31 Jan 2023 02:11:56 INFO  epoch 35 training [time: 3.62s, train_loss1: 9.4849, train_loss2: 2.3662]
Tue 31 Jan 2023 02:11:56 INFO  epoch 35 evaluating [time: 0.21s, valid_score: 0.365100]
Tue 31 Jan 2023 02:11:56 INFO  valid result: 
recall@10 : 0.1859    mrr@10 : 0.3651    ndcg@10 : 0.2075    hit@10 : 0.684    precision@10 : 0.1415
Tue 31 Jan 2023 02:12:00 INFO  epoch 36 training [time: 3.64s, train_loss1: 9.1916, train_loss2: 2.2729]
Tue 31 Jan 2023 02:12:00 INFO  epoch 36 evaluating [time: 0.19s, valid_score: 0.365300]
Tue 31 Jan 2023 02:12:00 INFO  valid result: 
recall@10 : 0.1857    mrr@10 : 0.3653    ndcg@10 : 0.2071    hit@10 : 0.685    precision@10 : 0.1417
Tue 31 Jan 2023 02:12:00 INFO  Saving current: saved/KGAT-Jan-31-2023_02-09-35.pth
Tue 31 Jan 2023 02:12:04 INFO  epoch 37 training [time: 3.60s, train_loss1: 9.1507, train_loss2: 2.1805]
Tue 31 Jan 2023 02:12:04 INFO  epoch 37 evaluating [time: 0.19s, valid_score: 0.363700]
Tue 31 Jan 2023 02:12:04 INFO  valid result: 
recall@10 : 0.1889    mrr@10 : 0.3637    ndcg@10 : 0.2086    hit@10 : 0.684    precision@10 : 0.1439
Tue 31 Jan 2023 02:12:08 INFO  epoch 38 training [time: 3.59s, train_loss1: 9.1858, train_loss2: 2.1312]
Tue 31 Jan 2023 02:12:08 INFO  epoch 38 evaluating [time: 0.20s, valid_score: 0.370100]
Tue 31 Jan 2023 02:12:08 INFO  valid result: 
recall@10 : 0.1897    mrr@10 : 0.3701    ndcg@10 : 0.2103    hit@10 : 0.6978    precision@10 : 0.1444
Tue 31 Jan 2023 02:12:08 INFO  Saving current: saved/KGAT-Jan-31-2023_02-09-35.pth
Tue 31 Jan 2023 02:12:11 INFO  epoch 39 training [time: 3.55s, train_loss1: 8.9852, train_loss2: 2.1196]
Tue 31 Jan 2023 02:12:12 INFO  epoch 39 evaluating [time: 0.20s, valid_score: 0.375300]
Tue 31 Jan 2023 02:12:12 INFO  valid result: 
recall@10 : 0.1923    mrr@10 : 0.3753    ndcg@10 : 0.2133    hit@10 : 0.6978    precision@10 : 0.1452
Tue 31 Jan 2023 02:12:12 INFO  Saving current: saved/KGAT-Jan-31-2023_02-09-35.pth
Tue 31 Jan 2023 02:12:15 INFO  epoch 40 training [time: 3.58s, train_loss1: 8.9373, train_loss2: 2.0751]
Tue 31 Jan 2023 02:12:16 INFO  epoch 40 evaluating [time: 0.20s, valid_score: 0.370500]
Tue 31 Jan 2023 02:12:16 INFO  valid result: 
recall@10 : 0.1941    mrr@10 : 0.3705    ndcg@10 : 0.2137    hit@10 : 0.6957    precision@10 : 0.1472
Tue 31 Jan 2023 02:12:19 INFO  epoch 41 training [time: 3.54s, train_loss1: 8.8042, train_loss2: 1.9765]
Tue 31 Jan 2023 02:12:19 INFO  epoch 41 evaluating [time: 0.20s, valid_score: 0.373300]
Tue 31 Jan 2023 02:12:19 INFO  valid result: 
recall@10 : 0.1905    mrr@10 : 0.3733    ndcg@10 : 0.2122    hit@10 : 0.6914    precision@10 : 0.1446
Tue 31 Jan 2023 02:12:23 INFO  epoch 42 training [time: 3.56s, train_loss1: 8.7243, train_loss2: 1.9253]
Tue 31 Jan 2023 02:12:23 INFO  epoch 42 evaluating [time: 0.20s, valid_score: 0.372000]
Tue 31 Jan 2023 02:12:23 INFO  valid result: 
recall@10 : 0.1936    mrr@10 : 0.372    ndcg@10 : 0.2121    hit@10 : 0.7041    precision@10 : 0.144
Tue 31 Jan 2023 02:12:27 INFO  epoch 43 training [time: 3.61s, train_loss1: 8.6661, train_loss2: 1.9600]
Tue 31 Jan 2023 02:12:27 INFO  epoch 43 evaluating [time: 0.19s, valid_score: 0.376900]
Tue 31 Jan 2023 02:12:27 INFO  valid result: 
recall@10 : 0.1933    mrr@10 : 0.3769    ndcg@10 : 0.2139    hit@10 : 0.7063    precision@10 : 0.1449
Tue 31 Jan 2023 02:12:27 INFO  Saving current: saved/KGAT-Jan-31-2023_02-09-35.pth
Tue 31 Jan 2023 02:12:31 INFO  epoch 44 training [time: 3.60s, train_loss1: 8.4768, train_loss2: 1.9266]
Tue 31 Jan 2023 02:12:31 INFO  epoch 44 evaluating [time: 0.19s, valid_score: 0.376000]
Tue 31 Jan 2023 02:12:31 INFO  valid result: 
recall@10 : 0.1963    mrr@10 : 0.376    ndcg@10 : 0.2159    hit@10 : 0.7137    precision@10 : 0.1475
Tue 31 Jan 2023 02:12:34 INFO  epoch 45 training [time: 3.73s, train_loss1: 8.4933, train_loss2: 1.8383]
Tue 31 Jan 2023 02:12:35 INFO  epoch 45 evaluating [time: 0.20s, valid_score: 0.378800]
Tue 31 Jan 2023 02:12:35 INFO  valid result: 
recall@10 : 0.1998    mrr@10 : 0.3788    ndcg@10 : 0.2187    hit@10 : 0.719    precision@10 : 0.1498
Tue 31 Jan 2023 02:12:35 INFO  Saving current: saved/KGAT-Jan-31-2023_02-09-35.pth
Tue 31 Jan 2023 02:12:38 INFO  epoch 46 training [time: 3.59s, train_loss1: 8.3015, train_loss2: 1.8887]
Tue 31 Jan 2023 02:12:39 INFO  epoch 46 evaluating [time: 0.21s, valid_score: 0.381200]
Tue 31 Jan 2023 02:12:39 INFO  valid result: 
recall@10 : 0.1977    mrr@10 : 0.3812    ndcg@10 : 0.2183    hit@10 : 0.7158    precision@10 : 0.1488
Tue 31 Jan 2023 02:12:39 INFO  Saving current: saved/KGAT-Jan-31-2023_02-09-35.pth
Tue 31 Jan 2023 02:12:42 INFO  epoch 47 training [time: 3.62s, train_loss1: 8.3031, train_loss2: 1.8087]
Tue 31 Jan 2023 02:12:42 INFO  epoch 47 evaluating [time: 0.20s, valid_score: 0.377200]
Tue 31 Jan 2023 02:12:42 INFO  valid result: 
recall@10 : 0.1996    mrr@10 : 0.3772    ndcg@10 : 0.219    hit@10 : 0.7105    precision@10 : 0.1501
Tue 31 Jan 2023 02:12:46 INFO  epoch 48 training [time: 3.57s, train_loss1: 8.1655, train_loss2: 1.7396]
Tue 31 Jan 2023 02:12:46 INFO  epoch 48 evaluating [time: 0.20s, valid_score: 0.378000]
Tue 31 Jan 2023 02:12:46 INFO  valid result: 
recall@10 : 0.2001    mrr@10 : 0.378    ndcg@10 : 0.2196    hit@10 : 0.719    precision@10 : 0.1507
Tue 31 Jan 2023 02:12:50 INFO  epoch 49 training [time: 3.59s, train_loss1: 8.2037, train_loss2: 1.7542]
Tue 31 Jan 2023 02:12:50 INFO  epoch 49 evaluating [time: 0.20s, valid_score: 0.389600]
Tue 31 Jan 2023 02:12:50 INFO  valid result: 
recall@10 : 0.1994    mrr@10 : 0.3896    ndcg@10 : 0.2219    hit@10 : 0.7116    precision@10 : 0.1499
Tue 31 Jan 2023 02:12:50 INFO  Saving current: saved/KGAT-Jan-31-2023_02-09-35.pth
Tue 31 Jan 2023 02:12:54 INFO  epoch 50 training [time: 3.62s, train_loss1: 8.0836, train_loss2: 1.7562]
Tue 31 Jan 2023 02:12:54 INFO  epoch 50 evaluating [time: 0.19s, valid_score: 0.390000]
Tue 31 Jan 2023 02:12:54 INFO  valid result: 
recall@10 : 0.1971    mrr@10 : 0.39    ndcg@10 : 0.2213    hit@10 : 0.7094    precision@10 : 0.149
Tue 31 Jan 2023 02:12:54 INFO  Saving current: saved/KGAT-Jan-31-2023_02-09-35.pth
Tue 31 Jan 2023 02:12:57 INFO  epoch 51 training [time: 3.60s, train_loss1: 7.9295, train_loss2: 1.6676]
Tue 31 Jan 2023 02:12:58 INFO  epoch 51 evaluating [time: 0.19s, valid_score: 0.390900]
Tue 31 Jan 2023 02:12:58 INFO  valid result: 
recall@10 : 0.2016    mrr@10 : 0.3909    ndcg@10 : 0.2235    hit@10 : 0.7253    precision@10 : 0.1513
Tue 31 Jan 2023 02:12:58 INFO  Saving current: saved/KGAT-Jan-31-2023_02-09-35.pth
Tue 31 Jan 2023 02:13:01 INFO  epoch 52 training [time: 3.65s, train_loss1: 7.8637, train_loss2: 1.7049]
Tue 31 Jan 2023 02:13:02 INFO  epoch 52 evaluating [time: 0.19s, valid_score: 0.383200]
Tue 31 Jan 2023 02:13:02 INFO  valid result: 
recall@10 : 0.2015    mrr@10 : 0.3832    ndcg@10 : 0.2216    hit@10 : 0.72    precision@10 : 0.1508
Tue 31 Jan 2023 02:13:05 INFO  epoch 53 training [time: 3.53s, train_loss1: 7.7228, train_loss2: 1.6266]
Tue 31 Jan 2023 02:13:05 INFO  epoch 53 evaluating [time: 0.19s, valid_score: 0.386900]
Tue 31 Jan 2023 02:13:05 INFO  valid result: 
recall@10 : 0.2037    mrr@10 : 0.3869    ndcg@10 : 0.2236    hit@10 : 0.7264    precision@10 : 0.1515
Tue 31 Jan 2023 02:13:09 INFO  epoch 54 training [time: 3.69s, train_loss1: 7.7449, train_loss2: 1.6373]
Tue 31 Jan 2023 02:13:09 INFO  epoch 54 evaluating [time: 0.19s, valid_score: 0.386800]
Tue 31 Jan 2023 02:13:09 INFO  valid result: 
recall@10 : 0.2058    mrr@10 : 0.3868    ndcg@10 : 0.2245    hit@10 : 0.7275    precision@10 : 0.153
Tue 31 Jan 2023 02:13:13 INFO  epoch 55 training [time: 3.53s, train_loss1: 7.6031, train_loss2: 1.5248]
Tue 31 Jan 2023 02:13:13 INFO  epoch 55 evaluating [time: 0.19s, valid_score: 0.393200]
Tue 31 Jan 2023 02:13:13 INFO  valid result: 
recall@10 : 0.2097    mrr@10 : 0.3932    ndcg@10 : 0.2286    hit@10 : 0.7338    precision@10 : 0.155
Tue 31 Jan 2023 02:13:13 INFO  Saving current: saved/KGAT-Jan-31-2023_02-09-35.pth
Tue 31 Jan 2023 02:13:17 INFO  epoch 56 training [time: 3.72s, train_loss1: 7.6363, train_loss2: 1.5751]
Tue 31 Jan 2023 02:13:17 INFO  epoch 56 evaluating [time: 0.19s, valid_score: 0.387800]
Tue 31 Jan 2023 02:13:17 INFO  valid result: 
recall@10 : 0.2104    mrr@10 : 0.3878    ndcg@10 : 0.2279    hit@10 : 0.7413    precision@10 : 0.1564
Tue 31 Jan 2023 02:13:21 INFO  epoch 57 training [time: 3.63s, train_loss1: 7.4275, train_loss2: 1.5431]
Tue 31 Jan 2023 02:13:21 INFO  epoch 57 evaluating [time: 0.19s, valid_score: 0.392100]
Tue 31 Jan 2023 02:13:21 INFO  valid result: 
recall@10 : 0.2106    mrr@10 : 0.3921    ndcg@10 : 0.229    hit@10 : 0.7338    precision@10 : 0.1557
Tue 31 Jan 2023 02:13:24 INFO  epoch 58 training [time: 3.63s, train_loss1: 7.4637, train_loss2: 1.4916]
Tue 31 Jan 2023 02:13:25 INFO  epoch 58 evaluating [time: 0.19s, valid_score: 0.394200]
Tue 31 Jan 2023 02:13:25 INFO  valid result: 
recall@10 : 0.2114    mrr@10 : 0.3942    ndcg@10 : 0.2309    hit@10 : 0.7328    precision@10 : 0.1574
Tue 31 Jan 2023 02:13:25 INFO  Saving current: saved/KGAT-Jan-31-2023_02-09-35.pth
Tue 31 Jan 2023 02:13:28 INFO  epoch 59 training [time: 3.63s, train_loss1: 7.3558, train_loss2: 1.5229]
Tue 31 Jan 2023 02:13:28 INFO  epoch 59 evaluating [time: 0.20s, valid_score: 0.393200]
Tue 31 Jan 2023 02:13:28 INFO  valid result: 
recall@10 : 0.2048    mrr@10 : 0.3932    ndcg@10 : 0.2278    hit@10 : 0.7285    precision@10 : 0.1546
Tue 31 Jan 2023 02:13:32 INFO  epoch 60 training [time: 3.70s, train_loss1: 7.2675, train_loss2: 1.5015]
Tue 31 Jan 2023 02:13:32 INFO  epoch 60 evaluating [time: 0.19s, valid_score: 0.396600]
Tue 31 Jan 2023 02:13:32 INFO  valid result: 
recall@10 : 0.2093    mrr@10 : 0.3966    ndcg@10 : 0.2307    hit@10 : 0.7349    precision@10 : 0.156
Tue 31 Jan 2023 02:13:32 INFO  Saving current: saved/KGAT-Jan-31-2023_02-09-35.pth
Tue 31 Jan 2023 02:13:36 INFO  epoch 61 training [time: 3.60s, train_loss1: 7.1240, train_loss2: 1.5343]
Tue 31 Jan 2023 02:13:36 INFO  epoch 61 evaluating [time: 0.19s, valid_score: 0.397300]
Tue 31 Jan 2023 02:13:36 INFO  valid result: 
recall@10 : 0.2105    mrr@10 : 0.3973    ndcg@10 : 0.2323    hit@10 : 0.7444    precision@10 : 0.1573
Tue 31 Jan 2023 02:13:36 INFO  Saving current: saved/KGAT-Jan-31-2023_02-09-35.pth
Tue 31 Jan 2023 02:13:40 INFO  epoch 62 training [time: 3.63s, train_loss1: 7.1207, train_loss2: 1.4712]
Tue 31 Jan 2023 02:13:40 INFO  epoch 62 evaluating [time: 0.19s, valid_score: 0.398500]
Tue 31 Jan 2023 02:13:40 INFO  valid result: 
recall@10 : 0.2086    mrr@10 : 0.3985    ndcg@10 : 0.2324    hit@10 : 0.7296    precision@10 : 0.158
Tue 31 Jan 2023 02:13:40 INFO  Saving current: saved/KGAT-Jan-31-2023_02-09-35.pth
Tue 31 Jan 2023 02:13:44 INFO  epoch 63 training [time: 3.68s, train_loss1: 7.0513, train_loss2: 1.4236]
Tue 31 Jan 2023 02:13:44 INFO  epoch 63 evaluating [time: 0.19s, valid_score: 0.392800]
Tue 31 Jan 2023 02:13:44 INFO  valid result: 
recall@10 : 0.2116    mrr@10 : 0.3928    ndcg@10 : 0.2324    hit@10 : 0.7338    precision@10 : 0.1579
Tue 31 Jan 2023 02:13:48 INFO  epoch 64 training [time: 3.64s, train_loss1: 6.9401, train_loss2: 1.4501]
Tue 31 Jan 2023 02:13:48 INFO  epoch 64 evaluating [time: 0.19s, valid_score: 0.393500]
Tue 31 Jan 2023 02:13:48 INFO  valid result: 
recall@10 : 0.2124    mrr@10 : 0.3935    ndcg@10 : 0.2325    hit@10 : 0.7381    precision@10 : 0.1576
Tue 31 Jan 2023 02:13:51 INFO  epoch 65 training [time: 3.60s, train_loss1: 6.9592, train_loss2: 1.4397]
Tue 31 Jan 2023 02:13:52 INFO  epoch 65 evaluating [time: 0.19s, valid_score: 0.393400]
Tue 31 Jan 2023 02:13:52 INFO  valid result: 
recall@10 : 0.2156    mrr@10 : 0.3934    ndcg@10 : 0.2346    hit@10 : 0.7413    precision@10 : 0.1586
Tue 31 Jan 2023 02:13:55 INFO  epoch 66 training [time: 3.56s, train_loss1: 6.9064, train_loss2: 1.3199]
Tue 31 Jan 2023 02:13:55 INFO  epoch 66 evaluating [time: 0.19s, valid_score: 0.395200]
Tue 31 Jan 2023 02:13:55 INFO  valid result: 
recall@10 : 0.2124    mrr@10 : 0.3952    ndcg@10 : 0.2335    hit@10 : 0.7391    precision@10 : 0.1573
Tue 31 Jan 2023 02:13:59 INFO  epoch 67 training [time: 3.57s, train_loss1: 6.8515, train_loss2: 1.3240]
Tue 31 Jan 2023 02:13:59 INFO  epoch 67 evaluating [time: 0.19s, valid_score: 0.391100]
Tue 31 Jan 2023 02:13:59 INFO  valid result: 
recall@10 : 0.2166    mrr@10 : 0.3911    ndcg@10 : 0.2342    hit@10 : 0.7434    precision@10 : 0.1586
Tue 31 Jan 2023 02:14:03 INFO  epoch 68 training [time: 3.60s, train_loss1: 6.6900, train_loss2: 1.3885]
Tue 31 Jan 2023 02:14:03 INFO  epoch 68 evaluating [time: 0.19s, valid_score: 0.391800]
Tue 31 Jan 2023 02:14:03 INFO  valid result: 
recall@10 : 0.2124    mrr@10 : 0.3918    ndcg@10 : 0.2324    hit@10 : 0.7381    precision@10 : 0.158
Tue 31 Jan 2023 02:14:07 INFO  epoch 69 training [time: 3.58s, train_loss1: 6.6863, train_loss2: 1.4021]
Tue 31 Jan 2023 02:14:07 INFO  epoch 69 evaluating [time: 0.19s, valid_score: 0.396300]
Tue 31 Jan 2023 02:14:07 INFO  valid result: 
recall@10 : 0.2095    mrr@10 : 0.3963    ndcg@10 : 0.23    hit@10 : 0.7391    precision@10 : 0.1547
Tue 31 Jan 2023 02:14:10 INFO  epoch 70 training [time: 3.58s, train_loss1: 6.6786, train_loss2: 1.3145]
Tue 31 Jan 2023 02:14:11 INFO  epoch 70 evaluating [time: 0.19s, valid_score: 0.392200]
Tue 31 Jan 2023 02:14:11 INFO  valid result: 
recall@10 : 0.2108    mrr@10 : 0.3922    ndcg@10 : 0.2314    hit@10 : 0.7381    precision@10 : 0.1585
Tue 31 Jan 2023 02:14:14 INFO  epoch 71 training [time: 3.56s, train_loss1: 6.5700, train_loss2: 1.3055]
Tue 31 Jan 2023 02:14:14 INFO  epoch 71 evaluating [time: 0.20s, valid_score: 0.387800]
Tue 31 Jan 2023 02:14:14 INFO  valid result: 
recall@10 : 0.2141    mrr@10 : 0.3878    ndcg@10 : 0.2309    hit@10 : 0.7413    precision@10 : 0.1583
Tue 31 Jan 2023 02:14:18 INFO  epoch 72 training [time: 3.58s, train_loss1: 6.4962, train_loss2: 1.3502]
Tue 31 Jan 2023 02:14:18 INFO  epoch 72 evaluating [time: 0.20s, valid_score: 0.387500]
Tue 31 Jan 2023 02:14:18 INFO  valid result: 
recall@10 : 0.2135    mrr@10 : 0.3875    ndcg@10 : 0.23    hit@10 : 0.7423    precision@10 : 0.1571
Tue 31 Jan 2023 02:14:22 INFO  epoch 73 training [time: 3.58s, train_loss1: 6.5278, train_loss2: 1.2858]
Tue 31 Jan 2023 02:14:22 INFO  epoch 73 evaluating [time: 0.19s, valid_score: 0.396400]
Tue 31 Jan 2023 02:14:22 INFO  valid result: 
recall@10 : 0.2183    mrr@10 : 0.3964    ndcg@10 : 0.2341    hit@10 : 0.7497    precision@10 : 0.1585
Tue 31 Jan 2023 02:14:22 INFO  Finished training, best eval result in epoch 62
Tue 31 Jan 2023 02:14:22 INFO  Loading model structure and parameters from saved/KGAT-Jan-31-2023_02-09-35.pth
Tue 31 Jan 2023 02:14:22 INFO  best valid : OrderedDict([('recall@10', 0.2086), ('mrr@10', 0.3985), ('ndcg@10', 0.2324), ('hit@10', 0.7296), ('precision@10', 0.158)])
Tue 31 Jan 2023 02:14:22 INFO  test result: OrderedDict([('recall@10', 0.236), ('mrr@10', 0.4433), ('ndcg@10', 0.2715), ('hit@10', 0.7561), ('precision@10', 0.1875)])
