Mon 30 Jan 2023 22:48:36 INFO  ['recbole_test.py', '--seed', '2021', '--aggr', 'bi', '--opti', 'adam', '--is_swa', 'true', '--is_momentum', 'false']
Mon 30 Jan 2023 22:48:36 INFO  
General Hyper Parameters:
gpu_id = 0
use_gpu = True
seed = 2021
state = INFO
reproducibility = True
data_path = /work/03/gu14/k36095/kgat_bai/recbole/config/../dataset_example/ml-100k
checkpoint_dir = saved
show_progress = True
save_dataset = True
dataset_save_path = None
save_dataloaders = False
dataloaders_save_path = None
log_wandb = False

Training Hyper Parameters:
epochs = 300
train_batch_size = 2048
learner = adam
learning_rate = 0.001
train_neg_sample_args = {'distribution': 'uniform', 'sample_num': 1, 'alpha': 1.0, 'dynamic': False, 'candidate_num': 0}
eval_step = 1
stopping_step = 10
clip_grad_norm = None
weight_decay = 0.0
loss_decimal_place = 4

Evaluation Hyper Parameters:
eval_args = {'split': {'RS': [0.8, 0.1, 0.1]}, 'group_by': 'user', 'order': 'RO', 'mode': 'full'}
repeatable = False
metrics = ['Recall', 'MRR', 'NDCG', 'Hit', 'Precision']
topk = [10]
valid_metric = MRR@10
valid_metric_bigger = True
eval_batch_size = 4096
metric_decimal_place = 4

Dataset Hyper Parameters:
field_separator = 	
seq_separator =  
USER_ID_FIELD = user_id
ITEM_ID_FIELD = item_id
RATING_FIELD = rating
TIME_FIELD = timestamp
seq_len = None
LABEL_FIELD = label
threshold = None
NEG_PREFIX = neg_
load_col = {'inter': ['user_id', 'item_id', 'rating', 'timestamp'], 'kg': ['head_id', 'relation_id', 'tail_id'], 'link': ['item_id', 'entity_id']}
unload_col = None
unused_col = None
additional_feat_suffix = None
rm_dup_inter = None
val_interval = None
filter_inter_by_user_or_item = True
user_inter_num_interval = None
item_inter_num_interval = None
alias_of_user_id = None
alias_of_item_id = None
alias_of_entity_id = None
alias_of_relation_id = None
preload_weight = None
normalize_field = None
normalize_all = True
ITEM_LIST_LENGTH_FIELD = item_length
LIST_SUFFIX = _list
MAX_ITEM_LIST_LENGTH = 50
POSITION_FIELD = position_id
HEAD_ENTITY_ID_FIELD = head_id
TAIL_ENTITY_ID_FIELD = tail_id
RELATION_ID_FIELD = relation_id
ENTITY_ID_FIELD = entity_id
kg_reverse_r = False
entity_kg_num_interval = [0,inf)
relation_kg_num_interval = [0,inf)
benchmark_filename = None

Other Hyper Parameters: 
worker = 0
wandb_project = recbole
shuffle = True
require_pow = False
enable_amp = False
enable_scaler = False
transform = None
embedding_size = 64
kg_embedding_size = 64
layers = [64]
mess_dropout = 0.1
reg_weight = 1e-05
aggregator_type = bi
numerical_features = []
discretization = None
MODEL_TYPE = ModelType.KNOWLEDGE
is_swa = 1
is_momentum = 0
MODEL_INPUT_TYPE = InputType.PAIRWISE
eval_type = EvaluatorType.RANKING
single_spec = True
local_rank = 0
device = cpu
eval_neg_sample_args = {'distribution': 'uniform', 'sample_num': 'none'}


Mon 30 Jan 2023 22:48:37 INFO  Saving filtered dataset into [saved/ml-100k-dataset.pth]
Mon 30 Jan 2023 22:48:37 INFO  ml-100k
The number of users: 944
Average actions of users: 103.4506892895016
The number of items: 1599
Average actions of items: 61.04755944931164
The number of inters: 97554
The sparsity of the dataset: 93.53714185772888%
Remain Fields: ['entity_id', 'user_id', 'item_id', 'rating', 'timestamp', 'head_id', 'relation_id', 'tail_id']
The number of entities: 34629
The number of relations: 26
The number of triples: 91631
The number of items that have been linked to KG: 1598
Mon 30 Jan 2023 22:48:37 INFO  [Training]: train_batch_size = [2048] train_neg_sample_args: [{'distribution': 'uniform', 'sample_num': 1, 'alpha': 1.0, 'dynamic': False, 'candidate_num': 0}]
Mon 30 Jan 2023 22:48:37 INFO  [Evaluation]: eval_batch_size = [4096] eval_args: [{'split': {'RS': [0.8, 0.1, 0.1]}, 'group_by': 'user', 'order': 'RO', 'mode': 'full'}]
Mon 30 Jan 2023 22:48:39 INFO  KGAT(
  (user_embedding): Embedding(944, 64)
  (entity_embedding): Embedding(34629, 64)
  (relation_embedding): Embedding(26, 64)
  (trans_w): Embedding(26, 4096)
  (aggregator_layers): ModuleList(
    (0): Aggregator(
      (message_dropout): Dropout(p=0.1, inplace=False)
      (W1): Linear(in_features=64, out_features=64, bias=True)
      (W2): Linear(in_features=64, out_features=64, bias=True)
      (activation): LeakyReLU(negative_slope=0.01)
    )
  )
  (tanh): Tanh()
  (mf_loss): BPRLoss()
  (reg_loss): EmbLoss()
)
Trainable parameters: 2393152
Mon 30 Jan 2023 22:48:39 INFO  FLOPs: 291414016.0
Mon 30 Jan 2023 22:48:43 INFO  epoch 0 training [time: 4.21s, train_loss1: 19.1686, train_loss2: 40.2926]
Mon 30 Jan 2023 22:48:44 INFO  epoch 0 evaluating [time: 0.25s, valid_score: 0.108800]
Mon 30 Jan 2023 22:48:44 INFO  valid result: 
recall@10 : 0.0546    mrr@10 : 0.1088    ndcg@10 : 0.0557    hit@10 : 0.3383    precision@10 : 0.0451
Mon 30 Jan 2023 22:48:44 INFO  Saving current: saved/KGAT-Jan-30-2023_22-48-39.pth
Mon 30 Jan 2023 22:48:49 INFO  epoch 1 training [time: 5.02s, train_loss1: 16.2212, train_loss2: 410.2762]
Mon 30 Jan 2023 22:48:49 INFO  epoch 1 evaluating [time: 0.21s, valid_score: 0.103700]
Mon 30 Jan 2023 22:48:49 INFO  valid result: 
recall@10 : 0.0403    mrr@10 : 0.1037    ndcg@10 : 0.0474    hit@10 : 0.281    precision@10 : 0.0369
Mon 30 Jan 2023 22:48:54 INFO  epoch 2 training [time: 4.85s, train_loss1: 28.5081, train_loss2: 1102.1540]
Mon 30 Jan 2023 22:48:54 INFO  epoch 2 evaluating [time: 0.21s, valid_score: 0.102100]
Mon 30 Jan 2023 22:48:54 INFO  valid result: 
recall@10 : 0.0359    mrr@10 : 0.1021    ndcg@10 : 0.0452    hit@10 : 0.2683    precision@10 : 0.0362
Mon 30 Jan 2023 22:48:58 INFO  epoch 3 training [time: 4.30s, train_loss1: 35.5649, train_loss2: 1640.7686]
Mon 30 Jan 2023 22:48:58 INFO  epoch 3 evaluating [time: 0.21s, valid_score: 0.083900]
Mon 30 Jan 2023 22:48:58 INFO  valid result: 
recall@10 : 0.0295    mrr@10 : 0.0839    ndcg@10 : 0.0371    hit@10 : 0.2492    precision@10 : 0.0313
Mon 30 Jan 2023 22:49:03 INFO  epoch 4 training [time: 4.23s, train_loss1: 41.1391, train_loss2: 1703.8927]
Mon 30 Jan 2023 22:49:03 INFO  epoch 4 evaluating [time: 0.21s, valid_score: 0.078300]
Mon 30 Jan 2023 22:49:03 INFO  valid result: 
recall@10 : 0.0328    mrr@10 : 0.0783    ndcg@10 : 0.0364    hit@10 : 0.246    precision@10 : 0.0302
Mon 30 Jan 2023 22:49:07 INFO  epoch 5 training [time: 4.14s, train_loss1: 41.6417, train_loss2: 1834.8141]
Mon 30 Jan 2023 22:49:07 INFO  epoch 5 evaluating [time: 0.20s, valid_score: 0.086100]
Mon 30 Jan 2023 22:49:07 INFO  valid result: 
recall@10 : 0.0313    mrr@10 : 0.0861    ndcg@10 : 0.0377    hit@10 : 0.2365    precision@10 : 0.0292
Mon 30 Jan 2023 22:49:11 INFO  epoch 6 training [time: 4.14s, train_loss1: 43.6784, train_loss2: 1881.1244]
Mon 30 Jan 2023 22:49:12 INFO  epoch 6 evaluating [time: 0.20s, valid_score: 0.085000]
Mon 30 Jan 2023 22:49:12 INFO  valid result: 
recall@10 : 0.037    mrr@10 : 0.085    ndcg@10 : 0.0402    hit@10 : 0.2609    precision@10 : 0.0332
Mon 30 Jan 2023 22:49:16 INFO  epoch 7 training [time: 4.12s, train_loss1: 43.9039, train_loss2: 2130.5307]
Mon 30 Jan 2023 22:49:16 INFO  epoch 7 evaluating [time: 0.21s, valid_score: 0.089000]
Mon 30 Jan 2023 22:49:16 INFO  valid result: 
recall@10 : 0.0367    mrr@10 : 0.089    ndcg@10 : 0.0398    hit@10 : 0.2397    precision@10 : 0.0297
Mon 30 Jan 2023 22:49:20 INFO  epoch 8 training [time: 4.00s, train_loss1: 46.1601, train_loss2: 2379.6647]
Mon 30 Jan 2023 22:49:20 INFO  epoch 8 evaluating [time: 0.20s, valid_score: 0.090800]
Mon 30 Jan 2023 22:49:20 INFO  valid result: 
recall@10 : 0.0374    mrr@10 : 0.0908    ndcg@10 : 0.0411    hit@10 : 0.2492    precision@10 : 0.0317
Mon 30 Jan 2023 22:49:24 INFO  epoch 9 training [time: 4.17s, train_loss1: 48.4403, train_loss2: 2663.8133]
Mon 30 Jan 2023 22:49:24 INFO  epoch 9 evaluating [time: 0.20s, valid_score: 0.081500]
Mon 30 Jan 2023 22:49:24 INFO  valid result: 
recall@10 : 0.0372    mrr@10 : 0.0815    ndcg@10 : 0.0399    hit@10 : 0.2683    precision@10 : 0.0345
Mon 30 Jan 2023 22:49:28 INFO  epoch 10 training [time: 3.88s, train_loss1: 51.5412, train_loss2: 2985.6927]
Mon 30 Jan 2023 22:49:28 INFO  epoch 10 evaluating [time: 0.20s, valid_score: 0.080500]
Mon 30 Jan 2023 22:49:28 INFO  valid result: 
recall@10 : 0.0358    mrr@10 : 0.0805    ndcg@10 : 0.0378    hit@10 : 0.2439    precision@10 : 0.0303
Mon 30 Jan 2023 22:49:33 INFO  epoch 11 training [time: 4.02s, train_loss1: 53.9844, train_loss2: 3302.4796]
Mon 30 Jan 2023 22:49:33 INFO  epoch 11 evaluating [time: 0.20s, valid_score: 0.090200]
Mon 30 Jan 2023 22:49:33 INFO  valid result: 
recall@10 : 0.0371    mrr@10 : 0.0902    ndcg@10 : 0.0409    hit@10 : 0.2375    precision@10 : 0.0309
Mon 30 Jan 2023 22:49:33 INFO  Finished training, best eval result in epoch 0
Mon 30 Jan 2023 22:49:33 INFO  Loading model structure and parameters from saved/KGAT-Jan-30-2023_22-48-39.pth
Mon 30 Jan 2023 22:49:33 INFO  best valid : OrderedDict([('recall@10', 0.0546), ('mrr@10', 0.1088), ('ndcg@10', 0.0557), ('hit@10', 0.3383), ('precision@10', 0.0451)])
Mon 30 Jan 2023 22:49:33 INFO  test result: OrderedDict([('recall@10', 0.0532), ('mrr@10', 0.1289), ('ndcg@10', 0.0622), ('hit@10', 0.3574), ('precision@10', 0.0504)])
