Tue 31 Jan 2023 01:00:45 INFO  ['recbole_test.py', '--seed', '2023', '--aggr', 'bi', '--opti', 'rmsprop', '--is_swa', 'false', '--is_momentum', 'false']
Tue 31 Jan 2023 01:00:45 INFO  
General Hyper Parameters:
gpu_id = 0
use_gpu = True
seed = 2023
state = INFO
reproducibility = True
data_path = /work/03/gu14/k36095/kgat_bai/recbole/config/../dataset_example/ml-100k
checkpoint_dir = saved
show_progress = True
save_dataset = True
dataset_save_path = None
save_dataloaders = False
dataloaders_save_path = None
log_wandb = False

Training Hyper Parameters:
epochs = 300
train_batch_size = 2048
learner = rmsprop
learning_rate = 0.001
train_neg_sample_args = {'distribution': 'uniform', 'sample_num': 1, 'alpha': 1.0, 'dynamic': False, 'candidate_num': 0}
eval_step = 1
stopping_step = 10
clip_grad_norm = None
weight_decay = 0.0
loss_decimal_place = 4

Evaluation Hyper Parameters:
eval_args = {'split': {'RS': [0.8, 0.1, 0.1]}, 'group_by': 'user', 'order': 'RO', 'mode': 'full'}
repeatable = False
metrics = ['Recall', 'MRR', 'NDCG', 'Hit', 'Precision']
topk = [10]
valid_metric = MRR@10
valid_metric_bigger = True
eval_batch_size = 4096
metric_decimal_place = 4

Dataset Hyper Parameters:
field_separator = 	
seq_separator =  
USER_ID_FIELD = user_id
ITEM_ID_FIELD = item_id
RATING_FIELD = rating
TIME_FIELD = timestamp
seq_len = None
LABEL_FIELD = label
threshold = None
NEG_PREFIX = neg_
load_col = {'inter': ['user_id', 'item_id', 'rating', 'timestamp'], 'kg': ['head_id', 'relation_id', 'tail_id'], 'link': ['item_id', 'entity_id']}
unload_col = None
unused_col = None
additional_feat_suffix = None
rm_dup_inter = None
val_interval = None
filter_inter_by_user_or_item = True
user_inter_num_interval = None
item_inter_num_interval = None
alias_of_user_id = None
alias_of_item_id = None
alias_of_entity_id = None
alias_of_relation_id = None
preload_weight = None
normalize_field = None
normalize_all = True
ITEM_LIST_LENGTH_FIELD = item_length
LIST_SUFFIX = _list
MAX_ITEM_LIST_LENGTH = 50
POSITION_FIELD = position_id
HEAD_ENTITY_ID_FIELD = head_id
TAIL_ENTITY_ID_FIELD = tail_id
RELATION_ID_FIELD = relation_id
ENTITY_ID_FIELD = entity_id
kg_reverse_r = False
entity_kg_num_interval = [0,inf)
relation_kg_num_interval = [0,inf)
benchmark_filename = None

Other Hyper Parameters: 
worker = 0
wandb_project = recbole
shuffle = True
require_pow = False
enable_amp = False
enable_scaler = False
transform = None
embedding_size = 64
kg_embedding_size = 64
layers = [64]
mess_dropout = 0.1
reg_weight = 1e-05
aggregator_type = bi
numerical_features = []
discretization = None
MODEL_TYPE = ModelType.KNOWLEDGE
is_swa = 0
is_momentum = 0
MODEL_INPUT_TYPE = InputType.PAIRWISE
eval_type = EvaluatorType.RANKING
single_spec = True
local_rank = 0
device = cpu
eval_neg_sample_args = {'distribution': 'uniform', 'sample_num': 'none'}


Tue 31 Jan 2023 01:00:46 INFO  Saving filtered dataset into [saved/ml-100k-dataset.pth]
Tue 31 Jan 2023 01:00:46 INFO  ml-100k
The number of users: 944
Average actions of users: 103.4506892895016
The number of items: 1599
Average actions of items: 61.04755944931164
The number of inters: 97554
The sparsity of the dataset: 93.53714185772888%
Remain Fields: ['entity_id', 'user_id', 'item_id', 'rating', 'timestamp', 'head_id', 'relation_id', 'tail_id']
The number of entities: 34629
The number of relations: 26
The number of triples: 91631
The number of items that have been linked to KG: 1598
Tue 31 Jan 2023 01:00:46 INFO  [Training]: train_batch_size = [2048] train_neg_sample_args: [{'distribution': 'uniform', 'sample_num': 1, 'alpha': 1.0, 'dynamic': False, 'candidate_num': 0}]
Tue 31 Jan 2023 01:00:46 INFO  [Evaluation]: eval_batch_size = [4096] eval_args: [{'split': {'RS': [0.8, 0.1, 0.1]}, 'group_by': 'user', 'order': 'RO', 'mode': 'full'}]
Tue 31 Jan 2023 01:00:47 INFO  KGAT(
  (user_embedding): Embedding(944, 64)
  (entity_embedding): Embedding(34629, 64)
  (relation_embedding): Embedding(26, 64)
  (trans_w): Embedding(26, 4096)
  (aggregator_layers): ModuleList(
    (0): Aggregator(
      (message_dropout): Dropout(p=0.1, inplace=False)
      (W1): Linear(in_features=64, out_features=64, bias=True)
      (W2): Linear(in_features=64, out_features=64, bias=True)
      (activation): LeakyReLU(negative_slope=0.01)
    )
  )
  (tanh): Tanh()
  (mf_loss): BPRLoss()
  (reg_loss): EmbLoss()
)
Trainable parameters: 2393152
Tue 31 Jan 2023 01:00:47 INFO  FLOPs: 291414016.0
Tue 31 Jan 2023 01:00:52 INFO  epoch 0 training [time: 4.71s, train_loss1: 20.6163, train_loss2: 20.5109]
Tue 31 Jan 2023 01:00:52 INFO  epoch 0 evaluating [time: 0.21s, valid_score: 0.123500]
Tue 31 Jan 2023 01:00:52 INFO  valid result: 
recall@10 : 0.0529    mrr@10 : 0.1235    ndcg@10 : 0.0604    hit@10 : 0.3351    precision@10 : 0.0472
Tue 31 Jan 2023 01:00:52 INFO  Saving current: saved/KGAT-Jan-31-2023_01-00-47.pth
Tue 31 Jan 2023 01:00:56 INFO  epoch 1 training [time: 4.09s, train_loss1: 16.9998, train_loss2: 11.9978]
Tue 31 Jan 2023 01:00:56 INFO  epoch 1 evaluating [time: 0.20s, valid_score: 0.177800]
Tue 31 Jan 2023 01:00:56 INFO  valid result: 
recall@10 : 0.0835    mrr@10 : 0.1778    ndcg@10 : 0.0913    hit@10 : 0.4274    precision@10 : 0.0654
Tue 31 Jan 2023 01:00:56 INFO  Saving current: saved/KGAT-Jan-31-2023_01-00-47.pth
Tue 31 Jan 2023 01:01:00 INFO  epoch 2 training [time: 3.91s, train_loss1: 16.4694, train_loss2: 9.7900]
Tue 31 Jan 2023 01:01:00 INFO  epoch 2 evaluating [time: 0.20s, valid_score: 0.183100]
Tue 31 Jan 2023 01:01:00 INFO  valid result: 
recall@10 : 0.0978    mrr@10 : 0.1831    ndcg@10 : 0.1    hit@10 : 0.4719    precision@10 : 0.0738
Tue 31 Jan 2023 01:01:00 INFO  Saving current: saved/KGAT-Jan-31-2023_01-00-47.pth
Tue 31 Jan 2023 01:01:04 INFO  epoch 3 training [time: 4.02s, train_loss1: 16.0653, train_loss2: 8.7020]
Tue 31 Jan 2023 01:01:05 INFO  epoch 3 evaluating [time: 0.20s, valid_score: 0.183700]
Tue 31 Jan 2023 01:01:05 INFO  valid result: 
recall@10 : 0.1043    mrr@10 : 0.1837    ndcg@10 : 0.1035    hit@10 : 0.4846    precision@10 : 0.0757
Tue 31 Jan 2023 01:01:05 INFO  Saving current: saved/KGAT-Jan-31-2023_01-00-47.pth
Tue 31 Jan 2023 01:01:09 INFO  epoch 4 training [time: 3.96s, train_loss1: 15.7626, train_loss2: 8.0600]
Tue 31 Jan 2023 01:01:09 INFO  epoch 4 evaluating [time: 0.20s, valid_score: 0.191300]
Tue 31 Jan 2023 01:01:09 INFO  valid result: 
recall@10 : 0.1055    mrr@10 : 0.1913    ndcg@10 : 0.1083    hit@10 : 0.4878    precision@10 : 0.0817
Tue 31 Jan 2023 01:01:09 INFO  Saving current: saved/KGAT-Jan-31-2023_01-00-47.pth
Tue 31 Jan 2023 01:01:13 INFO  epoch 5 training [time: 3.96s, train_loss1: 15.3318, train_loss2: 7.6002]
Tue 31 Jan 2023 01:01:13 INFO  epoch 5 evaluating [time: 0.22s, valid_score: 0.206800]
Tue 31 Jan 2023 01:01:13 INFO  valid result: 
recall@10 : 0.1135    mrr@10 : 0.2068    ndcg@10 : 0.117    hit@10 : 0.527    precision@10 : 0.0879
Tue 31 Jan 2023 01:01:13 INFO  Saving current: saved/KGAT-Jan-31-2023_01-00-47.pth
Tue 31 Jan 2023 01:01:17 INFO  epoch 6 training [time: 4.04s, train_loss1: 15.0086, train_loss2: 7.1480]
Tue 31 Jan 2023 01:01:17 INFO  epoch 6 evaluating [time: 0.23s, valid_score: 0.215300]
Tue 31 Jan 2023 01:01:17 INFO  valid result: 
recall@10 : 0.1237    mrr@10 : 0.2153    ndcg@10 : 0.125    hit@10 : 0.5398    precision@10 : 0.095
Tue 31 Jan 2023 01:01:17 INFO  Saving current: saved/KGAT-Jan-31-2023_01-00-47.pth
Tue 31 Jan 2023 01:01:22 INFO  epoch 7 training [time: 5.00s, train_loss1: 14.5250, train_loss2: 6.7885]
Tue 31 Jan 2023 01:01:23 INFO  epoch 7 evaluating [time: 0.24s, valid_score: 0.220000]
Tue 31 Jan 2023 01:01:23 INFO  valid result: 
recall@10 : 0.1168    mrr@10 : 0.22    ndcg@10 : 0.124    hit@10 : 0.5366    precision@10 : 0.0946
Tue 31 Jan 2023 01:01:23 INFO  Saving current: saved/KGAT-Jan-31-2023_01-00-47.pth
Tue 31 Jan 2023 01:01:28 INFO  epoch 8 training [time: 4.92s, train_loss1: 14.1232, train_loss2: 6.7265]
Tue 31 Jan 2023 01:01:28 INFO  epoch 8 evaluating [time: 0.24s, valid_score: 0.225900]
Tue 31 Jan 2023 01:01:28 INFO  valid result: 
recall@10 : 0.1234    mrr@10 : 0.2259    ndcg@10 : 0.1294    hit@10 : 0.544    precision@10 : 0.0976
Tue 31 Jan 2023 01:01:28 INFO  Saving current: saved/KGAT-Jan-31-2023_01-00-47.pth
Tue 31 Jan 2023 01:01:33 INFO  epoch 9 training [time: 4.73s, train_loss1: 13.6275, train_loss2: 6.4311]
Tue 31 Jan 2023 01:01:33 INFO  epoch 9 evaluating [time: 0.19s, valid_score: 0.238200]
Tue 31 Jan 2023 01:01:33 INFO  valid result: 
recall@10 : 0.132    mrr@10 : 0.2382    ndcg@10 : 0.138    hit@10 : 0.5663    precision@10 : 0.1027
Tue 31 Jan 2023 01:01:33 INFO  Saving current: saved/KGAT-Jan-31-2023_01-00-47.pth
Tue 31 Jan 2023 01:01:37 INFO  epoch 10 training [time: 3.87s, train_loss1: 13.1418, train_loss2: 6.0264]
Tue 31 Jan 2023 01:01:37 INFO  epoch 10 evaluating [time: 0.19s, valid_score: 0.246100]
Tue 31 Jan 2023 01:01:37 INFO  valid result: 
recall@10 : 0.1372    mrr@10 : 0.2461    ndcg@10 : 0.1426    hit@10 : 0.5801    precision@10 : 0.1056
Tue 31 Jan 2023 01:01:37 INFO  Saving current: saved/KGAT-Jan-31-2023_01-00-47.pth
Tue 31 Jan 2023 01:01:41 INFO  epoch 11 training [time: 3.88s, train_loss1: 12.6909, train_loss2: 5.5594]
Tue 31 Jan 2023 01:01:41 INFO  epoch 11 evaluating [time: 0.21s, valid_score: 0.262300]
Tue 31 Jan 2023 01:01:41 INFO  valid result: 
recall@10 : 0.1475    mrr@10 : 0.2623    ndcg@10 : 0.153    hit@10 : 0.6023    precision@10 : 0.1113
Tue 31 Jan 2023 01:01:41 INFO  Saving current: saved/KGAT-Jan-31-2023_01-00-47.pth
Tue 31 Jan 2023 01:01:45 INFO  epoch 12 training [time: 3.99s, train_loss1: 12.2033, train_loss2: 4.9754]
Tue 31 Jan 2023 01:01:45 INFO  epoch 12 evaluating [time: 0.20s, valid_score: 0.273600]
Tue 31 Jan 2023 01:01:45 INFO  valid result: 
recall@10 : 0.1517    mrr@10 : 0.2736    ndcg@10 : 0.1598    hit@10 : 0.6151    precision@10 : 0.1168
Tue 31 Jan 2023 01:01:45 INFO  Saving current: saved/KGAT-Jan-31-2023_01-00-47.pth
Tue 31 Jan 2023 01:01:49 INFO  epoch 13 training [time: 3.92s, train_loss1: 11.7845, train_loss2: 4.4195]
Tue 31 Jan 2023 01:01:50 INFO  epoch 13 evaluating [time: 0.20s, valid_score: 0.282000]
Tue 31 Jan 2023 01:01:50 INFO  valid result: 
recall@10 : 0.1552    mrr@10 : 0.282    ndcg@10 : 0.1637    hit@10 : 0.6288    precision@10 : 0.1177
Tue 31 Jan 2023 01:01:50 INFO  Saving current: saved/KGAT-Jan-31-2023_01-00-47.pth
Tue 31 Jan 2023 01:01:53 INFO  epoch 14 training [time: 3.82s, train_loss1: 11.4982, train_loss2: 4.0212]
Tue 31 Jan 2023 01:01:54 INFO  epoch 14 evaluating [time: 0.20s, valid_score: 0.287700]
Tue 31 Jan 2023 01:01:54 INFO  valid result: 
recall@10 : 0.1574    mrr@10 : 0.2877    ndcg@10 : 0.1674    hit@10 : 0.632    precision@10 : 0.1197
Tue 31 Jan 2023 01:01:54 INFO  Saving current: saved/KGAT-Jan-31-2023_01-00-47.pth
Tue 31 Jan 2023 01:01:58 INFO  epoch 15 training [time: 3.87s, train_loss1: 11.1460, train_loss2: 3.7041]
Tue 31 Jan 2023 01:01:58 INFO  epoch 15 evaluating [time: 0.21s, valid_score: 0.294200]
Tue 31 Jan 2023 01:01:58 INFO  valid result: 
recall@10 : 0.1574    mrr@10 : 0.2942    ndcg@10 : 0.1703    hit@10 : 0.6363    precision@10 : 0.1218
Tue 31 Jan 2023 01:01:58 INFO  Saving current: saved/KGAT-Jan-31-2023_01-00-47.pth
Tue 31 Jan 2023 01:02:02 INFO  epoch 16 training [time: 3.91s, train_loss1: 10.7732, train_loss2: 3.5156]
Tue 31 Jan 2023 01:02:02 INFO  epoch 16 evaluating [time: 0.21s, valid_score: 0.300000]
Tue 31 Jan 2023 01:02:02 INFO  valid result: 
recall@10 : 0.1585    mrr@10 : 0.3    ndcg@10 : 0.1722    hit@10 : 0.6352    precision@10 : 0.1217
Tue 31 Jan 2023 01:02:02 INFO  Saving current: saved/KGAT-Jan-31-2023_01-00-47.pth
Tue 31 Jan 2023 01:02:06 INFO  epoch 17 training [time: 4.13s, train_loss1: 10.5699, train_loss2: 3.3180]
Tue 31 Jan 2023 01:02:06 INFO  epoch 17 evaluating [time: 0.26s, valid_score: 0.311400]
Tue 31 Jan 2023 01:02:06 INFO  valid result: 
recall@10 : 0.1657    mrr@10 : 0.3114    ndcg@10 : 0.1789    hit@10 : 0.6522    precision@10 : 0.1256
Tue 31 Jan 2023 01:02:06 INFO  Saving current: saved/KGAT-Jan-31-2023_01-00-47.pth
Tue 31 Jan 2023 01:02:11 INFO  epoch 18 training [time: 4.81s, train_loss1: 10.2470, train_loss2: 3.1739]
Tue 31 Jan 2023 01:02:11 INFO  epoch 18 evaluating [time: 0.21s, valid_score: 0.321800]
Tue 31 Jan 2023 01:02:11 INFO  valid result: 
recall@10 : 0.1643    mrr@10 : 0.3218    ndcg@10 : 0.182    hit@10 : 0.6532    precision@10 : 0.1264
Tue 31 Jan 2023 01:02:11 INFO  Saving current: saved/KGAT-Jan-31-2023_01-00-47.pth
Tue 31 Jan 2023 01:02:16 INFO  epoch 19 training [time: 4.02s, train_loss1: 10.1811, train_loss2: 2.9738]
Tue 31 Jan 2023 01:02:16 INFO  epoch 19 evaluating [time: 0.20s, valid_score: 0.320300]
Tue 31 Jan 2023 01:02:16 INFO  valid result: 
recall@10 : 0.1695    mrr@10 : 0.3203    ndcg@10 : 0.1831    hit@10 : 0.6617    precision@10 : 0.1277
Tue 31 Jan 2023 01:02:20 INFO  epoch 20 training [time: 3.89s, train_loss1: 10.0281, train_loss2: 2.9030]
Tue 31 Jan 2023 01:02:20 INFO  epoch 20 evaluating [time: 0.19s, valid_score: 0.322300]
Tue 31 Jan 2023 01:02:20 INFO  valid result: 
recall@10 : 0.1706    mrr@10 : 0.3223    ndcg@10 : 0.1845    hit@10 : 0.6638    precision@10 : 0.1276
Tue 31 Jan 2023 01:02:20 INFO  Saving current: saved/KGAT-Jan-31-2023_01-00-47.pth
Tue 31 Jan 2023 01:02:24 INFO  epoch 21 training [time: 3.87s, train_loss1: 9.7630, train_loss2: 2.6437]
Tue 31 Jan 2023 01:02:24 INFO  epoch 21 evaluating [time: 0.20s, valid_score: 0.320800]
Tue 31 Jan 2023 01:02:24 INFO  valid result: 
recall@10 : 0.169    mrr@10 : 0.3208    ndcg@10 : 0.1839    hit@10 : 0.6564    precision@10 : 0.1279
Tue 31 Jan 2023 01:02:28 INFO  epoch 22 training [time: 3.93s, train_loss1: 9.7170, train_loss2: 2.5634]
Tue 31 Jan 2023 01:02:28 INFO  epoch 22 evaluating [time: 0.22s, valid_score: 0.323700]
Tue 31 Jan 2023 01:02:28 INFO  valid result: 
recall@10 : 0.1722    mrr@10 : 0.3237    ndcg@10 : 0.1863    hit@10 : 0.6564    precision@10 : 0.1288
Tue 31 Jan 2023 01:02:28 INFO  Saving current: saved/KGAT-Jan-31-2023_01-00-47.pth
Tue 31 Jan 2023 01:02:32 INFO  epoch 23 training [time: 4.19s, train_loss1: 9.5410, train_loss2: 2.4602]
Tue 31 Jan 2023 01:02:33 INFO  epoch 23 evaluating [time: 0.24s, valid_score: 0.326100]
Tue 31 Jan 2023 01:02:33 INFO  valid result: 
recall@10 : 0.1772    mrr@10 : 0.3261    ndcg@10 : 0.189    hit@10 : 0.6713    precision@10 : 0.131
Tue 31 Jan 2023 01:02:33 INFO  Saving current: saved/KGAT-Jan-31-2023_01-00-47.pth
Tue 31 Jan 2023 01:02:37 INFO  epoch 24 training [time: 4.04s, train_loss1: 9.4889, train_loss2: 2.2834]
Tue 31 Jan 2023 01:02:37 INFO  epoch 24 evaluating [time: 0.20s, valid_score: 0.322400]
Tue 31 Jan 2023 01:02:37 INFO  valid result: 
recall@10 : 0.175    mrr@10 : 0.3224    ndcg@10 : 0.1892    hit@10 : 0.6596    precision@10 : 0.1305
Tue 31 Jan 2023 01:02:41 INFO  epoch 25 training [time: 3.79s, train_loss1: 9.4315, train_loss2: 2.2598]
Tue 31 Jan 2023 01:02:41 INFO  epoch 25 evaluating [time: 0.19s, valid_score: 0.328100]
Tue 31 Jan 2023 01:02:41 INFO  valid result: 
recall@10 : 0.1777    mrr@10 : 0.3281    ndcg@10 : 0.1912    hit@10 : 0.6638    precision@10 : 0.1314
Tue 31 Jan 2023 01:02:41 INFO  Saving current: saved/KGAT-Jan-31-2023_01-00-47.pth
Tue 31 Jan 2023 01:02:45 INFO  epoch 26 training [time: 4.03s, train_loss1: 9.3561, train_loss2: 2.1526]
Tue 31 Jan 2023 01:02:45 INFO  epoch 26 evaluating [time: 0.20s, valid_score: 0.327900]
Tue 31 Jan 2023 01:02:45 INFO  valid result: 
recall@10 : 0.1808    mrr@10 : 0.3279    ndcg@10 : 0.1919    hit@10 : 0.6723    precision@10 : 0.1327
Tue 31 Jan 2023 01:02:49 INFO  epoch 27 training [time: 4.05s, train_loss1: 9.1598, train_loss2: 2.0714]
Tue 31 Jan 2023 01:02:49 INFO  epoch 27 evaluating [time: 0.19s, valid_score: 0.327600]
Tue 31 Jan 2023 01:02:49 INFO  valid result: 
recall@10 : 0.1821    mrr@10 : 0.3276    ndcg@10 : 0.1919    hit@10 : 0.6723    precision@10 : 0.1327
Tue 31 Jan 2023 01:02:53 INFO  epoch 28 training [time: 3.93s, train_loss1: 9.0226, train_loss2: 1.9901]
Tue 31 Jan 2023 01:02:54 INFO  epoch 28 evaluating [time: 0.19s, valid_score: 0.337600]
Tue 31 Jan 2023 01:02:54 INFO  valid result: 
recall@10 : 0.1867    mrr@10 : 0.3376    ndcg@10 : 0.1965    hit@10 : 0.684    precision@10 : 0.1362
Tue 31 Jan 2023 01:02:54 INFO  Saving current: saved/KGAT-Jan-31-2023_01-00-47.pth
Tue 31 Jan 2023 01:02:58 INFO  epoch 29 training [time: 3.94s, train_loss1: 8.8888, train_loss2: 1.9675]
Tue 31 Jan 2023 01:02:58 INFO  epoch 29 evaluating [time: 0.19s, valid_score: 0.340000]
Tue 31 Jan 2023 01:02:58 INFO  valid result: 
recall@10 : 0.1869    mrr@10 : 0.34    ndcg@10 : 0.1964    hit@10 : 0.6882    precision@10 : 0.1352
Tue 31 Jan 2023 01:02:58 INFO  Saving current: saved/KGAT-Jan-31-2023_01-00-47.pth
Tue 31 Jan 2023 01:03:02 INFO  epoch 30 training [time: 4.02s, train_loss1: 8.7831, train_loss2: 1.9241]
Tue 31 Jan 2023 01:03:02 INFO  epoch 30 evaluating [time: 0.19s, valid_score: 0.336200]
Tue 31 Jan 2023 01:03:02 INFO  valid result: 
recall@10 : 0.1882    mrr@10 : 0.3362    ndcg@10 : 0.1978    hit@10 : 0.6893    precision@10 : 0.1357
Tue 31 Jan 2023 01:03:06 INFO  epoch 31 training [time: 3.97s, train_loss1: 8.8019, train_loss2: 1.9104]
Tue 31 Jan 2023 01:03:06 INFO  epoch 31 evaluating [time: 0.19s, valid_score: 0.341400]
Tue 31 Jan 2023 01:03:06 INFO  valid result: 
recall@10 : 0.1857    mrr@10 : 0.3414    ndcg@10 : 0.1979    hit@10 : 0.6925    precision@10 : 0.1356
Tue 31 Jan 2023 01:03:06 INFO  Saving current: saved/KGAT-Jan-31-2023_01-00-47.pth
Tue 31 Jan 2023 01:03:10 INFO  epoch 32 training [time: 3.87s, train_loss1: 8.6700, train_loss2: 1.8303]
Tue 31 Jan 2023 01:03:10 INFO  epoch 32 evaluating [time: 0.20s, valid_score: 0.344000]
Tue 31 Jan 2023 01:03:10 INFO  valid result: 
recall@10 : 0.1873    mrr@10 : 0.344    ndcg@10 : 0.1995    hit@10 : 0.6957    precision@10 : 0.1371
Tue 31 Jan 2023 01:03:10 INFO  Saving current: saved/KGAT-Jan-31-2023_01-00-47.pth
Tue 31 Jan 2023 01:03:14 INFO  epoch 33 training [time: 3.95s, train_loss1: 8.6348, train_loss2: 1.8088]
Tue 31 Jan 2023 01:03:15 INFO  epoch 33 evaluating [time: 0.22s, valid_score: 0.346100]
Tue 31 Jan 2023 01:03:15 INFO  valid result: 
recall@10 : 0.1869    mrr@10 : 0.3461    ndcg@10 : 0.201    hit@10 : 0.6903    precision@10 : 0.1372
Tue 31 Jan 2023 01:03:15 INFO  Saving current: saved/KGAT-Jan-31-2023_01-00-47.pth
Tue 31 Jan 2023 01:03:18 INFO  epoch 34 training [time: 3.84s, train_loss1: 8.5105, train_loss2: 1.7661]
Tue 31 Jan 2023 01:03:19 INFO  epoch 34 evaluating [time: 0.20s, valid_score: 0.344700]
Tue 31 Jan 2023 01:03:19 INFO  valid result: 
recall@10 : 0.192    mrr@10 : 0.3447    ndcg@10 : 0.2037    hit@10 : 0.6999    precision@10 : 0.1403
Tue 31 Jan 2023 01:03:22 INFO  epoch 35 training [time: 3.86s, train_loss1: 8.4203, train_loss2: 1.7536]
Tue 31 Jan 2023 01:03:23 INFO  epoch 35 evaluating [time: 0.20s, valid_score: 0.348300]
Tue 31 Jan 2023 01:03:23 INFO  valid result: 
recall@10 : 0.1922    mrr@10 : 0.3483    ndcg@10 : 0.2059    hit@10 : 0.6999    precision@10 : 0.1404
Tue 31 Jan 2023 01:03:23 INFO  Saving current: saved/KGAT-Jan-31-2023_01-00-47.pth
Tue 31 Jan 2023 01:03:27 INFO  epoch 36 training [time: 3.85s, train_loss1: 8.3326, train_loss2: 1.6646]
Tue 31 Jan 2023 01:03:27 INFO  epoch 36 evaluating [time: 0.20s, valid_score: 0.347700]
Tue 31 Jan 2023 01:03:27 INFO  valid result: 
recall@10 : 0.1967    mrr@10 : 0.3477    ndcg@10 : 0.2073    hit@10 : 0.7169    precision@10 : 0.1427
Tue 31 Jan 2023 01:03:31 INFO  epoch 37 training [time: 3.94s, train_loss1: 8.1737, train_loss2: 1.6060]
Tue 31 Jan 2023 01:03:31 INFO  epoch 37 evaluating [time: 0.19s, valid_score: 0.353100]
Tue 31 Jan 2023 01:03:31 INFO  valid result: 
recall@10 : 0.1964    mrr@10 : 0.3531    ndcg@10 : 0.2086    hit@10 : 0.7073    precision@10 : 0.1435
Tue 31 Jan 2023 01:03:31 INFO  Saving current: saved/KGAT-Jan-31-2023_01-00-47.pth
Tue 31 Jan 2023 01:03:35 INFO  epoch 38 training [time: 3.71s, train_loss1: 8.1015, train_loss2: 1.6007]
Tue 31 Jan 2023 01:03:35 INFO  epoch 38 evaluating [time: 0.19s, valid_score: 0.350300]
Tue 31 Jan 2023 01:03:35 INFO  valid result: 
recall@10 : 0.1968    mrr@10 : 0.3503    ndcg@10 : 0.2086    hit@10 : 0.7094    precision@10 : 0.1445
Tue 31 Jan 2023 01:03:39 INFO  epoch 39 training [time: 3.89s, train_loss1: 7.9196, train_loss2: 1.6632]
Tue 31 Jan 2023 01:03:39 INFO  epoch 39 evaluating [time: 0.19s, valid_score: 0.347500]
Tue 31 Jan 2023 01:03:39 INFO  valid result: 
recall@10 : 0.1973    mrr@10 : 0.3475    ndcg@10 : 0.2086    hit@10 : 0.7116    precision@10 : 0.1455
Tue 31 Jan 2023 01:03:43 INFO  epoch 40 training [time: 3.99s, train_loss1: 7.8517, train_loss2: 1.5717]
Tue 31 Jan 2023 01:03:43 INFO  epoch 40 evaluating [time: 0.22s, valid_score: 0.357100]
Tue 31 Jan 2023 01:03:43 INFO  valid result: 
recall@10 : 0.1943    mrr@10 : 0.3571    ndcg@10 : 0.2087    hit@10 : 0.6978    precision@10 : 0.1428
Tue 31 Jan 2023 01:03:43 INFO  Saving current: saved/KGAT-Jan-31-2023_01-00-47.pth
Tue 31 Jan 2023 01:03:47 INFO  epoch 41 training [time: 3.83s, train_loss1: 7.8058, train_loss2: 1.5526]
Tue 31 Jan 2023 01:03:47 INFO  epoch 41 evaluating [time: 0.19s, valid_score: 0.360700]
Tue 31 Jan 2023 01:03:47 INFO  valid result: 
recall@10 : 0.1972    mrr@10 : 0.3607    ndcg@10 : 0.2125    hit@10 : 0.7063    precision@10 : 0.1456
Tue 31 Jan 2023 01:03:47 INFO  Saving current: saved/KGAT-Jan-31-2023_01-00-47.pth
Tue 31 Jan 2023 01:03:51 INFO  epoch 42 training [time: 3.81s, train_loss1: 7.6661, train_loss2: 1.5093]
Tue 31 Jan 2023 01:03:51 INFO  epoch 42 evaluating [time: 0.19s, valid_score: 0.362600]
Tue 31 Jan 2023 01:03:51 INFO  valid result: 
recall@10 : 0.1984    mrr@10 : 0.3626    ndcg@10 : 0.2137    hit@10 : 0.7041    precision@10 : 0.1463
Tue 31 Jan 2023 01:03:51 INFO  Saving current: saved/KGAT-Jan-31-2023_01-00-47.pth
Tue 31 Jan 2023 01:03:55 INFO  epoch 43 training [time: 3.98s, train_loss1: 7.6387, train_loss2: 1.5511]
Tue 31 Jan 2023 01:03:56 INFO  epoch 43 evaluating [time: 0.23s, valid_score: 0.359500]
Tue 31 Jan 2023 01:03:56 INFO  valid result: 
recall@10 : 0.1989    mrr@10 : 0.3595    ndcg@10 : 0.2135    hit@10 : 0.7084    precision@10 : 0.1473
Tue 31 Jan 2023 01:04:00 INFO  epoch 44 training [time: 4.02s, train_loss1: 7.5538, train_loss2: 1.4480]
Tue 31 Jan 2023 01:04:00 INFO  epoch 44 evaluating [time: 0.19s, valid_score: 0.363800]
Tue 31 Jan 2023 01:04:00 INFO  valid result: 
recall@10 : 0.1991    mrr@10 : 0.3638    ndcg@10 : 0.2155    hit@10 : 0.7063    precision@10 : 0.1476
Tue 31 Jan 2023 01:04:00 INFO  Saving current: saved/KGAT-Jan-31-2023_01-00-47.pth
Tue 31 Jan 2023 01:04:04 INFO  epoch 45 training [time: 3.81s, train_loss1: 7.4292, train_loss2: 1.4360]
Tue 31 Jan 2023 01:04:04 INFO  epoch 45 evaluating [time: 0.19s, valid_score: 0.359600]
Tue 31 Jan 2023 01:04:04 INFO  valid result: 
recall@10 : 0.1997    mrr@10 : 0.3596    ndcg@10 : 0.2147    hit@10 : 0.7094    precision@10 : 0.1481
Tue 31 Jan 2023 01:04:08 INFO  epoch 46 training [time: 3.81s, train_loss1: 7.3543, train_loss2: 1.4295]
Tue 31 Jan 2023 01:04:08 INFO  epoch 46 evaluating [time: 0.19s, valid_score: 0.367900]
Tue 31 Jan 2023 01:04:08 INFO  valid result: 
recall@10 : 0.2019    mrr@10 : 0.3679    ndcg@10 : 0.2177    hit@10 : 0.7084    precision@10 : 0.1496
Tue 31 Jan 2023 01:04:08 INFO  Saving current: saved/KGAT-Jan-31-2023_01-00-47.pth
Tue 31 Jan 2023 01:04:12 INFO  epoch 47 training [time: 3.94s, train_loss1: 7.2226, train_loss2: 1.3505]
Tue 31 Jan 2023 01:04:12 INFO  epoch 47 evaluating [time: 0.19s, valid_score: 0.372300]
Tue 31 Jan 2023 01:04:12 INFO  valid result: 
recall@10 : 0.203    mrr@10 : 0.3723    ndcg@10 : 0.2182    hit@10 : 0.72    precision@10 : 0.1488
Tue 31 Jan 2023 01:04:12 INFO  Saving current: saved/KGAT-Jan-31-2023_01-00-47.pth
Tue 31 Jan 2023 01:04:17 INFO  epoch 48 training [time: 4.44s, train_loss1: 7.2240, train_loss2: 1.3768]
Tue 31 Jan 2023 01:04:17 INFO  epoch 48 evaluating [time: 0.23s, valid_score: 0.374500]
Tue 31 Jan 2023 01:04:17 INFO  valid result: 
recall@10 : 0.203    mrr@10 : 0.3745    ndcg@10 : 0.2194    hit@10 : 0.7243    precision@10 : 0.1491
Tue 31 Jan 2023 01:04:17 INFO  Saving current: saved/KGAT-Jan-31-2023_01-00-47.pth
Tue 31 Jan 2023 01:04:21 INFO  epoch 49 training [time: 3.83s, train_loss1: 7.1802, train_loss2: 1.3937]
Tue 31 Jan 2023 01:04:21 INFO  epoch 49 evaluating [time: 0.19s, valid_score: 0.369200]
Tue 31 Jan 2023 01:04:21 INFO  valid result: 
recall@10 : 0.2024    mrr@10 : 0.3692    ndcg@10 : 0.2187    hit@10 : 0.72    precision@10 : 0.1506
Tue 31 Jan 2023 01:04:25 INFO  epoch 50 training [time: 3.84s, train_loss1: 7.1935, train_loss2: 1.2854]
Tue 31 Jan 2023 01:04:25 INFO  epoch 50 evaluating [time: 0.20s, valid_score: 0.370300]
Tue 31 Jan 2023 01:04:25 INFO  valid result: 
recall@10 : 0.2048    mrr@10 : 0.3703    ndcg@10 : 0.2198    hit@10 : 0.7211    precision@10 : 0.1519
Tue 31 Jan 2023 01:04:29 INFO  epoch 51 training [time: 3.82s, train_loss1: 7.0807, train_loss2: 1.2563]
Tue 31 Jan 2023 01:04:29 INFO  epoch 51 evaluating [time: 0.20s, valid_score: 0.373600]
Tue 31 Jan 2023 01:04:29 INFO  valid result: 
recall@10 : 0.2006    mrr@10 : 0.3736    ndcg@10 : 0.2188    hit@10 : 0.7211    precision@10 : 0.1503
Tue 31 Jan 2023 01:04:33 INFO  epoch 52 training [time: 3.85s, train_loss1: 6.9886, train_loss2: 1.3202]
Tue 31 Jan 2023 01:04:33 INFO  epoch 52 evaluating [time: 0.20s, valid_score: 0.381700]
Tue 31 Jan 2023 01:04:33 INFO  valid result: 
recall@10 : 0.1999    mrr@10 : 0.3817    ndcg@10 : 0.2201    hit@10 : 0.7222    precision@10 : 0.1506
Tue 31 Jan 2023 01:04:33 INFO  Saving current: saved/KGAT-Jan-31-2023_01-00-47.pth
Tue 31 Jan 2023 01:04:37 INFO  epoch 53 training [time: 3.80s, train_loss1: 6.8843, train_loss2: 1.2455]
Tue 31 Jan 2023 01:04:37 INFO  epoch 53 evaluating [time: 0.19s, valid_score: 0.376900]
Tue 31 Jan 2023 01:04:37 INFO  valid result: 
recall@10 : 0.2017    mrr@10 : 0.3769    ndcg@10 : 0.2201    hit@10 : 0.7275    precision@10 : 0.1523
Tue 31 Jan 2023 01:04:41 INFO  epoch 54 training [time: 3.92s, train_loss1: 6.7730, train_loss2: 1.3162]
Tue 31 Jan 2023 01:04:41 INFO  epoch 54 evaluating [time: 0.20s, valid_score: 0.373600]
Tue 31 Jan 2023 01:04:41 INFO  valid result: 
recall@10 : 0.2069    mrr@10 : 0.3736    ndcg@10 : 0.2208    hit@10 : 0.7243    precision@10 : 0.1536
Tue 31 Jan 2023 01:04:45 INFO  epoch 55 training [time: 3.77s, train_loss1: 6.6629, train_loss2: 1.2405]
Tue 31 Jan 2023 01:04:45 INFO  epoch 55 evaluating [time: 0.19s, valid_score: 0.385000]
Tue 31 Jan 2023 01:04:45 INFO  valid result: 
recall@10 : 0.2091    mrr@10 : 0.385    ndcg@10 : 0.2255    hit@10 : 0.7306    precision@10 : 0.1547
Tue 31 Jan 2023 01:04:45 INFO  Saving current: saved/KGAT-Jan-31-2023_01-00-47.pth
Tue 31 Jan 2023 01:04:49 INFO  epoch 56 training [time: 3.70s, train_loss1: 6.6070, train_loss2: 1.1781]
Tue 31 Jan 2023 01:04:49 INFO  epoch 56 evaluating [time: 0.19s, valid_score: 0.383000]
Tue 31 Jan 2023 01:04:49 INFO  valid result: 
recall@10 : 0.2055    mrr@10 : 0.383    ndcg@10 : 0.2239    hit@10 : 0.7275    precision@10 : 0.1536
Tue 31 Jan 2023 01:04:53 INFO  epoch 57 training [time: 3.81s, train_loss1: 6.6450, train_loss2: 1.1664]
Tue 31 Jan 2023 01:04:53 INFO  epoch 57 evaluating [time: 0.19s, valid_score: 0.381100]
Tue 31 Jan 2023 01:04:53 INFO  valid result: 
recall@10 : 0.2065    mrr@10 : 0.3811    ndcg@10 : 0.2237    hit@10 : 0.7296    precision@10 : 0.1536
Tue 31 Jan 2023 01:04:57 INFO  epoch 58 training [time: 3.76s, train_loss1: 6.5341, train_loss2: 1.2178]
Tue 31 Jan 2023 01:04:57 INFO  epoch 58 evaluating [time: 0.19s, valid_score: 0.376200]
Tue 31 Jan 2023 01:04:57 INFO  valid result: 
recall@10 : 0.2067    mrr@10 : 0.3762    ndcg@10 : 0.2226    hit@10 : 0.7359    precision@10 : 0.1528
Tue 31 Jan 2023 01:05:01 INFO  epoch 59 training [time: 3.88s, train_loss1: 6.5274, train_loss2: 1.2029]
Tue 31 Jan 2023 01:05:01 INFO  epoch 59 evaluating [time: 0.20s, valid_score: 0.381200]
Tue 31 Jan 2023 01:05:01 INFO  valid result: 
recall@10 : 0.2116    mrr@10 : 0.3812    ndcg@10 : 0.2253    hit@10 : 0.7402    precision@10 : 0.1531
Tue 31 Jan 2023 01:05:05 INFO  epoch 60 training [time: 3.88s, train_loss1: 6.4508, train_loss2: 1.1139]
Tue 31 Jan 2023 01:05:05 INFO  epoch 60 evaluating [time: 0.19s, valid_score: 0.381900]
Tue 31 Jan 2023 01:05:05 INFO  valid result: 
recall@10 : 0.21    mrr@10 : 0.3819    ndcg@10 : 0.2244    hit@10 : 0.7402    precision@10 : 0.1531
Tue 31 Jan 2023 01:05:09 INFO  epoch 61 training [time: 3.86s, train_loss1: 6.4315, train_loss2: 1.1247]
Tue 31 Jan 2023 01:05:09 INFO  epoch 61 evaluating [time: 0.20s, valid_score: 0.378900]
Tue 31 Jan 2023 01:05:09 INFO  valid result: 
recall@10 : 0.2088    mrr@10 : 0.3789    ndcg@10 : 0.2237    hit@10 : 0.7381    precision@10 : 0.1524
Tue 31 Jan 2023 01:05:13 INFO  epoch 62 training [time: 3.95s, train_loss1: 6.2485, train_loss2: 1.0887]
Tue 31 Jan 2023 01:05:13 INFO  epoch 62 evaluating [time: 0.19s, valid_score: 0.381300]
Tue 31 Jan 2023 01:05:13 INFO  valid result: 
recall@10 : 0.2038    mrr@10 : 0.3813    ndcg@10 : 0.2213    hit@10 : 0.7296    precision@10 : 0.1496
Tue 31 Jan 2023 01:05:17 INFO  epoch 63 training [time: 3.82s, train_loss1: 6.2682, train_loss2: 1.0405]
Tue 31 Jan 2023 01:05:17 INFO  epoch 63 evaluating [time: 0.19s, valid_score: 0.379900]
Tue 31 Jan 2023 01:05:17 INFO  valid result: 
recall@10 : 0.2074    mrr@10 : 0.3799    ndcg@10 : 0.2232    hit@10 : 0.7296    precision@10 : 0.1515
Tue 31 Jan 2023 01:05:21 INFO  epoch 64 training [time: 3.85s, train_loss1: 6.1552, train_loss2: 1.0804]
Tue 31 Jan 2023 01:05:21 INFO  epoch 64 evaluating [time: 0.19s, valid_score: 0.369900]
Tue 31 Jan 2023 01:05:21 INFO  valid result: 
recall@10 : 0.2066    mrr@10 : 0.3699    ndcg@10 : 0.2191    hit@10 : 0.7349    precision@10 : 0.1508
Tue 31 Jan 2023 01:05:25 INFO  epoch 65 training [time: 3.85s, train_loss1: 6.1968, train_loss2: 1.0319]
Tue 31 Jan 2023 01:05:25 INFO  epoch 65 evaluating [time: 0.19s, valid_score: 0.384900]
Tue 31 Jan 2023 01:05:25 INFO  valid result: 
recall@10 : 0.2116    mrr@10 : 0.3849    ndcg@10 : 0.2258    hit@10 : 0.7359    precision@10 : 0.1537
Tue 31 Jan 2023 01:05:30 INFO  epoch 66 training [time: 4.12s, train_loss1: 6.0043, train_loss2: 1.0155]
Tue 31 Jan 2023 01:05:30 INFO  epoch 66 evaluating [time: 0.19s, valid_score: 0.387100]
Tue 31 Jan 2023 01:05:30 INFO  valid result: 
recall@10 : 0.2102    mrr@10 : 0.3871    ndcg@10 : 0.2261    hit@10 : 0.7359    precision@10 : 0.1541
Tue 31 Jan 2023 01:05:30 INFO  Saving current: saved/KGAT-Jan-31-2023_01-00-47.pth
Tue 31 Jan 2023 01:05:34 INFO  epoch 67 training [time: 3.73s, train_loss1: 5.9959, train_loss2: 1.0386]
Tue 31 Jan 2023 01:05:34 INFO  epoch 67 evaluating [time: 0.20s, valid_score: 0.380800]
Tue 31 Jan 2023 01:05:34 INFO  valid result: 
recall@10 : 0.2122    mrr@10 : 0.3808    ndcg@10 : 0.2255    hit@10 : 0.7434    precision@10 : 0.1542
Tue 31 Jan 2023 01:05:38 INFO  epoch 68 training [time: 3.94s, train_loss1: 5.9532, train_loss2: 0.9585]
Tue 31 Jan 2023 01:05:38 INFO  epoch 68 evaluating [time: 0.20s, valid_score: 0.381900]
Tue 31 Jan 2023 01:05:38 INFO  valid result: 
recall@10 : 0.2097    mrr@10 : 0.3819    ndcg@10 : 0.226    hit@10 : 0.7391    precision@10 : 0.1542
Tue 31 Jan 2023 01:05:42 INFO  epoch 69 training [time: 4.19s, train_loss1: 5.9085, train_loss2: 0.9452]
Tue 31 Jan 2023 01:05:42 INFO  epoch 69 evaluating [time: 0.23s, valid_score: 0.389700]
Tue 31 Jan 2023 01:05:42 INFO  valid result: 
recall@10 : 0.2122    mrr@10 : 0.3897    ndcg@10 : 0.2286    hit@10 : 0.7338    precision@10 : 0.1543
Tue 31 Jan 2023 01:05:43 INFO  Saving current: saved/KGAT-Jan-31-2023_01-00-47.pth
Tue 31 Jan 2023 01:05:47 INFO  epoch 70 training [time: 4.04s, train_loss1: 5.8624, train_loss2: 0.9758]
Tue 31 Jan 2023 01:05:47 INFO  epoch 70 evaluating [time: 0.20s, valid_score: 0.391100]
Tue 31 Jan 2023 01:05:47 INFO  valid result: 
recall@10 : 0.2093    mrr@10 : 0.3911    ndcg@10 : 0.2281    hit@10 : 0.7391    precision@10 : 0.1554
Tue 31 Jan 2023 01:05:47 INFO  Saving current: saved/KGAT-Jan-31-2023_01-00-47.pth
Tue 31 Jan 2023 01:05:51 INFO  epoch 71 training [time: 3.92s, train_loss1: 5.7632, train_loss2: 0.9616]
Tue 31 Jan 2023 01:05:51 INFO  epoch 71 evaluating [time: 0.20s, valid_score: 0.394800]
Tue 31 Jan 2023 01:05:51 INFO  valid result: 
recall@10 : 0.2153    mrr@10 : 0.3948    ndcg@10 : 0.2305    hit@10 : 0.7497    precision@10 : 0.1564
Tue 31 Jan 2023 01:05:51 INFO  Saving current: saved/KGAT-Jan-31-2023_01-00-47.pth
Tue 31 Jan 2023 01:05:55 INFO  epoch 72 training [time: 3.86s, train_loss1: 5.7754, train_loss2: 0.9449]
Tue 31 Jan 2023 01:05:55 INFO  epoch 72 evaluating [time: 0.20s, valid_score: 0.391500]
Tue 31 Jan 2023 01:05:55 INFO  valid result: 
recall@10 : 0.2171    mrr@10 : 0.3915    ndcg@10 : 0.2312    hit@10 : 0.7444    precision@10 : 0.1596
Tue 31 Jan 2023 01:05:59 INFO  epoch 73 training [time: 3.90s, train_loss1: 5.7350, train_loss2: 0.9497]
Tue 31 Jan 2023 01:05:59 INFO  epoch 73 evaluating [time: 0.19s, valid_score: 0.390800]
Tue 31 Jan 2023 01:05:59 INFO  valid result: 
recall@10 : 0.2107    mrr@10 : 0.3908    ndcg@10 : 0.2284    hit@10 : 0.7381    precision@10 : 0.1577
Tue 31 Jan 2023 01:06:03 INFO  epoch 74 training [time: 3.92s, train_loss1: 5.6318, train_loss2: 0.9322]
Tue 31 Jan 2023 01:06:03 INFO  epoch 74 evaluating [time: 0.20s, valid_score: 0.389000]
Tue 31 Jan 2023 01:06:03 INFO  valid result: 
recall@10 : 0.2126    mrr@10 : 0.389    ndcg@10 : 0.2293    hit@10 : 0.7434    precision@10 : 0.1584
Tue 31 Jan 2023 01:06:07 INFO  epoch 75 training [time: 4.19s, train_loss1: 5.5047, train_loss2: 0.9481]
Tue 31 Jan 2023 01:06:08 INFO  epoch 75 evaluating [time: 0.20s, valid_score: 0.386600]
Tue 31 Jan 2023 01:06:08 INFO  valid result: 
recall@10 : 0.2163    mrr@10 : 0.3866    ndcg@10 : 0.2303    hit@10 : 0.7497    precision@10 : 0.1583
Tue 31 Jan 2023 01:06:12 INFO  epoch 76 training [time: 3.88s, train_loss1: 5.4866, train_loss2: 0.8844]
Tue 31 Jan 2023 01:06:12 INFO  epoch 76 evaluating [time: 0.20s, valid_score: 0.390500]
Tue 31 Jan 2023 01:06:12 INFO  valid result: 
recall@10 : 0.2169    mrr@10 : 0.3905    ndcg@10 : 0.2314    hit@10 : 0.7444    precision@10 : 0.1586
Tue 31 Jan 2023 01:06:16 INFO  epoch 77 training [time: 3.97s, train_loss1: 5.3802, train_loss2: 0.8673]
Tue 31 Jan 2023 01:06:16 INFO  epoch 77 evaluating [time: 0.20s, valid_score: 0.383800]
Tue 31 Jan 2023 01:06:16 INFO  valid result: 
recall@10 : 0.2163    mrr@10 : 0.3838    ndcg@10 : 0.2285    hit@10 : 0.7519    precision@10 : 0.1569
Tue 31 Jan 2023 01:06:20 INFO  epoch 78 training [time: 3.90s, train_loss1: 5.3779, train_loss2: 0.8604]
Tue 31 Jan 2023 01:06:20 INFO  epoch 78 evaluating [time: 0.19s, valid_score: 0.384300]
Tue 31 Jan 2023 01:06:20 INFO  valid result: 
recall@10 : 0.2146    mrr@10 : 0.3843    ndcg@10 : 0.2282    hit@10 : 0.7476    precision@10 : 0.1577
Tue 31 Jan 2023 01:06:24 INFO  epoch 79 training [time: 3.69s, train_loss1: 5.2562, train_loss2: 0.8519]
Tue 31 Jan 2023 01:06:24 INFO  epoch 79 evaluating [time: 0.19s, valid_score: 0.379900]
Tue 31 Jan 2023 01:06:24 INFO  valid result: 
recall@10 : 0.2168    mrr@10 : 0.3799    ndcg@10 : 0.2284    hit@10 : 0.7529    precision@10 : 0.1587
Tue 31 Jan 2023 01:06:28 INFO  epoch 80 training [time: 4.04s, train_loss1: 5.3115, train_loss2: 0.9112]
Tue 31 Jan 2023 01:06:28 INFO  epoch 80 evaluating [time: 0.19s, valid_score: 0.375900]
Tue 31 Jan 2023 01:06:28 INFO  valid result: 
recall@10 : 0.2167    mrr@10 : 0.3759    ndcg@10 : 0.2263    hit@10 : 0.7508    precision@10 : 0.1567
Tue 31 Jan 2023 01:06:32 INFO  epoch 81 training [time: 3.76s, train_loss1: 5.1996, train_loss2: 0.8336]
Tue 31 Jan 2023 01:06:32 INFO  epoch 81 evaluating [time: 0.19s, valid_score: 0.375900]
Tue 31 Jan 2023 01:06:32 INFO  valid result: 
recall@10 : 0.213    mrr@10 : 0.3759    ndcg@10 : 0.2254    hit@10 : 0.7444    precision@10 : 0.1575
Tue 31 Jan 2023 01:06:36 INFO  epoch 82 training [time: 3.99s, train_loss1: 5.1491, train_loss2: 0.8653]
Tue 31 Jan 2023 01:06:36 INFO  epoch 82 evaluating [time: 0.19s, valid_score: 0.381400]
Tue 31 Jan 2023 01:06:36 INFO  valid result: 
recall@10 : 0.2171    mrr@10 : 0.3814    ndcg@10 : 0.2284    hit@10 : 0.7561    precision@10 : 0.1587
Tue 31 Jan 2023 01:06:36 INFO  Finished training, best eval result in epoch 71
Tue 31 Jan 2023 01:06:37 INFO  Loading model structure and parameters from saved/KGAT-Jan-31-2023_01-00-47.pth
Tue 31 Jan 2023 01:06:37 INFO  best valid : OrderedDict([('recall@10', 0.2153), ('mrr@10', 0.3948), ('ndcg@10', 0.2305), ('hit@10', 0.7497), ('precision@10', 0.1564)])
Tue 31 Jan 2023 01:06:37 INFO  test result: OrderedDict([('recall@10', 0.2573), ('mrr@10', 0.4867), ('ndcg@10', 0.3024), ('hit@10', 0.7815), ('precision@10', 0.206)])
