Mon 30 Jan 2023 23:36:21 INFO  ['recbole_test.py', '--seed', '2023', '--aggr', 'bi', '--opti', 'sgd', '--is_swa', 'false', '--is_momentum', 'false']
Mon 30 Jan 2023 23:36:21 INFO  
General Hyper Parameters:
gpu_id = 0
use_gpu = True
seed = 2023
state = INFO
reproducibility = True
data_path = /work/03/gu14/k36095/kgat_bai/recbole/config/../dataset_example/ml-100k
checkpoint_dir = saved
show_progress = True
save_dataset = True
dataset_save_path = None
save_dataloaders = False
dataloaders_save_path = None
log_wandb = False

Training Hyper Parameters:
epochs = 300
train_batch_size = 2048
learner = sgd
learning_rate = 0.001
train_neg_sample_args = {'distribution': 'uniform', 'sample_num': 1, 'alpha': 1.0, 'dynamic': False, 'candidate_num': 0}
eval_step = 1
stopping_step = 10
clip_grad_norm = None
weight_decay = 0.0
loss_decimal_place = 4

Evaluation Hyper Parameters:
eval_args = {'split': {'RS': [0.8, 0.1, 0.1]}, 'group_by': 'user', 'order': 'RO', 'mode': 'full'}
repeatable = False
metrics = ['Recall', 'MRR', 'NDCG', 'Hit', 'Precision']
topk = [10]
valid_metric = MRR@10
valid_metric_bigger = True
eval_batch_size = 4096
metric_decimal_place = 4

Dataset Hyper Parameters:
field_separator = 	
seq_separator =  
USER_ID_FIELD = user_id
ITEM_ID_FIELD = item_id
RATING_FIELD = rating
TIME_FIELD = timestamp
seq_len = None
LABEL_FIELD = label
threshold = None
NEG_PREFIX = neg_
load_col = {'inter': ['user_id', 'item_id', 'rating', 'timestamp'], 'kg': ['head_id', 'relation_id', 'tail_id'], 'link': ['item_id', 'entity_id']}
unload_col = None
unused_col = None
additional_feat_suffix = None
rm_dup_inter = None
val_interval = None
filter_inter_by_user_or_item = True
user_inter_num_interval = None
item_inter_num_interval = None
alias_of_user_id = None
alias_of_item_id = None
alias_of_entity_id = None
alias_of_relation_id = None
preload_weight = None
normalize_field = None
normalize_all = True
ITEM_LIST_LENGTH_FIELD = item_length
LIST_SUFFIX = _list
MAX_ITEM_LIST_LENGTH = 50
POSITION_FIELD = position_id
HEAD_ENTITY_ID_FIELD = head_id
TAIL_ENTITY_ID_FIELD = tail_id
RELATION_ID_FIELD = relation_id
ENTITY_ID_FIELD = entity_id
kg_reverse_r = False
entity_kg_num_interval = [0,inf)
relation_kg_num_interval = [0,inf)
benchmark_filename = None

Other Hyper Parameters: 
worker = 0
wandb_project = recbole
shuffle = True
require_pow = False
enable_amp = False
enable_scaler = False
transform = None
embedding_size = 64
kg_embedding_size = 64
layers = [64]
mess_dropout = 0.1
reg_weight = 1e-05
aggregator_type = bi
numerical_features = []
discretization = None
MODEL_TYPE = ModelType.KNOWLEDGE
is_swa = 0
is_momentum = 0
MODEL_INPUT_TYPE = InputType.PAIRWISE
eval_type = EvaluatorType.RANKING
single_spec = True
local_rank = 0
device = cpu
eval_neg_sample_args = {'distribution': 'uniform', 'sample_num': 'none'}


Mon 30 Jan 2023 23:36:22 INFO  Saving filtered dataset into [saved/ml-100k-dataset.pth]
Mon 30 Jan 2023 23:36:22 INFO  ml-100k
The number of users: 944
Average actions of users: 103.4506892895016
The number of items: 1599
Average actions of items: 61.04755944931164
The number of inters: 97554
The sparsity of the dataset: 93.53714185772888%
Remain Fields: ['entity_id', 'user_id', 'item_id', 'rating', 'timestamp', 'head_id', 'relation_id', 'tail_id']
The number of entities: 34629
The number of relations: 26
The number of triples: 91631
The number of items that have been linked to KG: 1598
Mon 30 Jan 2023 23:36:22 INFO  [Training]: train_batch_size = [2048] train_neg_sample_args: [{'distribution': 'uniform', 'sample_num': 1, 'alpha': 1.0, 'dynamic': False, 'candidate_num': 0}]
Mon 30 Jan 2023 23:36:22 INFO  [Evaluation]: eval_batch_size = [4096] eval_args: [{'split': {'RS': [0.8, 0.1, 0.1]}, 'group_by': 'user', 'order': 'RO', 'mode': 'full'}]
Mon 30 Jan 2023 23:36:23 INFO  KGAT(
  (user_embedding): Embedding(944, 64)
  (entity_embedding): Embedding(34629, 64)
  (relation_embedding): Embedding(26, 64)
  (trans_w): Embedding(26, 4096)
  (aggregator_layers): ModuleList(
    (0): Aggregator(
      (message_dropout): Dropout(p=0.1, inplace=False)
      (W1): Linear(in_features=64, out_features=64, bias=True)
      (W2): Linear(in_features=64, out_features=64, bias=True)
      (activation): LeakyReLU(negative_slope=0.01)
    )
  )
  (tanh): Tanh()
  (mf_loss): BPRLoss()
  (reg_loss): EmbLoss()
)
Trainable parameters: 2393152
Mon 30 Jan 2023 23:36:23 INFO  FLOPs: 291414016.0
Mon 30 Jan 2023 23:36:28 INFO  epoch 0 training [time: 4.47s, train_loss1: 26.7876, train_loss2: 31.1951]
Mon 30 Jan 2023 23:36:28 INFO  epoch 0 evaluating [time: 0.20s, valid_score: 0.018800]
Mon 30 Jan 2023 23:36:28 INFO  valid result: 
recall@10 : 0.0049    mrr@10 : 0.0188    ndcg@10 : 0.0069    hit@10 : 0.0626    precision@10 : 0.0064
Mon 30 Jan 2023 23:36:28 INFO  Saving current: saved/KGAT-Jan-30-2023_23-36-23.pth
Mon 30 Jan 2023 23:36:32 INFO  epoch 1 training [time: 3.76s, train_loss1: 26.7917, train_loss2: 31.1955]
Mon 30 Jan 2023 23:36:32 INFO  epoch 1 evaluating [time: 0.19s, valid_score: 0.020700]
Mon 30 Jan 2023 23:36:32 INFO  valid result: 
recall@10 : 0.0054    mrr@10 : 0.0207    ndcg@10 : 0.0075    hit@10 : 0.0668    precision@10 : 0.0068
Mon 30 Jan 2023 23:36:32 INFO  Saving current: saved/KGAT-Jan-30-2023_23-36-23.pth
Mon 30 Jan 2023 23:36:35 INFO  epoch 2 training [time: 3.61s, train_loss1: 26.7679, train_loss2: 31.1950]
Mon 30 Jan 2023 23:36:36 INFO  epoch 2 evaluating [time: 0.19s, valid_score: 0.021200]
Mon 30 Jan 2023 23:36:36 INFO  valid result: 
recall@10 : 0.0056    mrr@10 : 0.0212    ndcg@10 : 0.0077    hit@10 : 0.0679    precision@10 : 0.007
Mon 30 Jan 2023 23:36:36 INFO  Saving current: saved/KGAT-Jan-30-2023_23-36-23.pth
Mon 30 Jan 2023 23:36:39 INFO  epoch 3 training [time: 3.63s, train_loss1: 26.7373, train_loss2: 31.1948]
Mon 30 Jan 2023 23:36:39 INFO  epoch 3 evaluating [time: 0.19s, valid_score: 0.021500]
Mon 30 Jan 2023 23:36:39 INFO  valid result: 
recall@10 : 0.0057    mrr@10 : 0.0215    ndcg@10 : 0.0079    hit@10 : 0.0689    precision@10 : 0.0071
Mon 30 Jan 2023 23:36:39 INFO  Saving current: saved/KGAT-Jan-30-2023_23-36-23.pth
Mon 30 Jan 2023 23:36:43 INFO  epoch 4 training [time: 3.74s, train_loss1: 26.7157, train_loss2: 31.1950]
Mon 30 Jan 2023 23:36:43 INFO  epoch 4 evaluating [time: 0.19s, valid_score: 0.021500]
Mon 30 Jan 2023 23:36:43 INFO  valid result: 
recall@10 : 0.0055    mrr@10 : 0.0215    ndcg@10 : 0.0077    hit@10 : 0.0668    precision@10 : 0.0069
Mon 30 Jan 2023 23:36:43 INFO  Saving current: saved/KGAT-Jan-30-2023_23-36-23.pth
Mon 30 Jan 2023 23:36:47 INFO  epoch 5 training [time: 3.67s, train_loss1: 26.6942, train_loss2: 31.1951]
Mon 30 Jan 2023 23:36:47 INFO  epoch 5 evaluating [time: 0.19s, valid_score: 0.021200]
Mon 30 Jan 2023 23:36:47 INFO  valid result: 
recall@10 : 0.0055    mrr@10 : 0.0212    ndcg@10 : 0.0077    hit@10 : 0.0668    precision@10 : 0.0069
Mon 30 Jan 2023 23:36:51 INFO  epoch 6 training [time: 3.67s, train_loss1: 26.7011, train_loss2: 31.1949]
Mon 30 Jan 2023 23:36:51 INFO  epoch 6 evaluating [time: 0.19s, valid_score: 0.021700]
Mon 30 Jan 2023 23:36:51 INFO  valid result: 
recall@10 : 0.0055    mrr@10 : 0.0217    ndcg@10 : 0.0078    hit@10 : 0.0668    precision@10 : 0.0069
Mon 30 Jan 2023 23:36:51 INFO  Saving current: saved/KGAT-Jan-30-2023_23-36-23.pth
Mon 30 Jan 2023 23:36:55 INFO  epoch 7 training [time: 3.55s, train_loss1: 26.6631, train_loss2: 31.1946]
Mon 30 Jan 2023 23:36:55 INFO  epoch 7 evaluating [time: 0.19s, valid_score: 0.021800]
Mon 30 Jan 2023 23:36:55 INFO  valid result: 
recall@10 : 0.0056    mrr@10 : 0.0218    ndcg@10 : 0.0078    hit@10 : 0.0668    precision@10 : 0.0069
Mon 30 Jan 2023 23:36:55 INFO  Saving current: saved/KGAT-Jan-30-2023_23-36-23.pth
Mon 30 Jan 2023 23:36:59 INFO  epoch 8 training [time: 3.53s, train_loss1: 26.6562, train_loss2: 31.1946]
Mon 30 Jan 2023 23:36:59 INFO  epoch 8 evaluating [time: 0.20s, valid_score: 0.021800]
Mon 30 Jan 2023 23:36:59 INFO  valid result: 
recall@10 : 0.0056    mrr@10 : 0.0218    ndcg@10 : 0.0079    hit@10 : 0.0668    precision@10 : 0.0069
Mon 30 Jan 2023 23:36:59 INFO  Saving current: saved/KGAT-Jan-30-2023_23-36-23.pth
Mon 30 Jan 2023 23:37:02 INFO  epoch 9 training [time: 3.59s, train_loss1: 26.6685, train_loss2: 31.1945]
Mon 30 Jan 2023 23:37:03 INFO  epoch 9 evaluating [time: 0.20s, valid_score: 0.022100]
Mon 30 Jan 2023 23:37:03 INFO  valid result: 
recall@10 : 0.0056    mrr@10 : 0.0221    ndcg@10 : 0.008    hit@10 : 0.0679    precision@10 : 0.007
Mon 30 Jan 2023 23:37:03 INFO  Saving current: saved/KGAT-Jan-30-2023_23-36-23.pth
Mon 30 Jan 2023 23:37:06 INFO  epoch 10 training [time: 3.55s, train_loss1: 26.6364, train_loss2: 31.1942]
Mon 30 Jan 2023 23:37:06 INFO  epoch 10 evaluating [time: 0.20s, valid_score: 0.023100]
Mon 30 Jan 2023 23:37:06 INFO  valid result: 
recall@10 : 0.0056    mrr@10 : 0.0231    ndcg@10 : 0.0081    hit@10 : 0.0668    precision@10 : 0.0069
Mon 30 Jan 2023 23:37:06 INFO  Saving current: saved/KGAT-Jan-30-2023_23-36-23.pth
Mon 30 Jan 2023 23:37:10 INFO  epoch 11 training [time: 3.54s, train_loss1: 26.6236, train_loss2: 31.1945]
Mon 30 Jan 2023 23:37:10 INFO  epoch 11 evaluating [time: 0.20s, valid_score: 0.022700]
Mon 30 Jan 2023 23:37:10 INFO  valid result: 
recall@10 : 0.0055    mrr@10 : 0.0227    ndcg@10 : 0.008    hit@10 : 0.0668    precision@10 : 0.0069
Mon 30 Jan 2023 23:37:14 INFO  epoch 12 training [time: 3.52s, train_loss1: 26.6088, train_loss2: 31.1939]
Mon 30 Jan 2023 23:37:14 INFO  epoch 12 evaluating [time: 0.19s, valid_score: 0.022500]
Mon 30 Jan 2023 23:37:14 INFO  valid result: 
recall@10 : 0.0055    mrr@10 : 0.0225    ndcg@10 : 0.0079    hit@10 : 0.0668    precision@10 : 0.0069
Mon 30 Jan 2023 23:37:17 INFO  epoch 13 training [time: 3.54s, train_loss1: 26.6161, train_loss2: 31.1941]
Mon 30 Jan 2023 23:37:18 INFO  epoch 13 evaluating [time: 0.19s, valid_score: 0.022700]
Mon 30 Jan 2023 23:37:18 INFO  valid result: 
recall@10 : 0.0056    mrr@10 : 0.0227    ndcg@10 : 0.0081    hit@10 : 0.0668    precision@10 : 0.007
Mon 30 Jan 2023 23:37:21 INFO  epoch 14 training [time: 3.60s, train_loss1: 26.6014, train_loss2: 31.1947]
Mon 30 Jan 2023 23:37:21 INFO  epoch 14 evaluating [time: 0.19s, valid_score: 0.022300]
Mon 30 Jan 2023 23:37:21 INFO  valid result: 
recall@10 : 0.0055    mrr@10 : 0.0223    ndcg@10 : 0.0079    hit@10 : 0.0647    precision@10 : 0.0068
Mon 30 Jan 2023 23:37:25 INFO  epoch 15 training [time: 3.60s, train_loss1: 26.5885, train_loss2: 31.1940]
Mon 30 Jan 2023 23:37:25 INFO  epoch 15 evaluating [time: 0.19s, valid_score: 0.022500]
Mon 30 Jan 2023 23:37:25 INFO  valid result: 
recall@10 : 0.0056    mrr@10 : 0.0225    ndcg@10 : 0.0079    hit@10 : 0.0657    precision@10 : 0.0069
Mon 30 Jan 2023 23:37:29 INFO  epoch 16 training [time: 3.59s, train_loss1: 26.5821, train_loss2: 31.1944]
Mon 30 Jan 2023 23:37:29 INFO  epoch 16 evaluating [time: 0.19s, valid_score: 0.022100]
Mon 30 Jan 2023 23:37:29 INFO  valid result: 
recall@10 : 0.0055    mrr@10 : 0.0221    ndcg@10 : 0.0078    hit@10 : 0.0657    precision@10 : 0.0068
Mon 30 Jan 2023 23:37:33 INFO  epoch 17 training [time: 3.70s, train_loss1: 26.5708, train_loss2: 31.1937]
Mon 30 Jan 2023 23:37:33 INFO  epoch 17 evaluating [time: 0.19s, valid_score: 0.021200]
Mon 30 Jan 2023 23:37:33 INFO  valid result: 
recall@10 : 0.0061    mrr@10 : 0.0212    ndcg@10 : 0.0079    hit@10 : 0.0679    precision@10 : 0.007
Mon 30 Jan 2023 23:37:36 INFO  epoch 18 training [time: 3.57s, train_loss1: 26.5405, train_loss2: 31.1941]
Mon 30 Jan 2023 23:37:37 INFO  epoch 18 evaluating [time: 0.19s, valid_score: 0.021400]
Mon 30 Jan 2023 23:37:37 INFO  valid result: 
recall@10 : 0.0061    mrr@10 : 0.0214    ndcg@10 : 0.0079    hit@10 : 0.0679    precision@10 : 0.007
Mon 30 Jan 2023 23:37:40 INFO  epoch 19 training [time: 3.70s, train_loss1: 26.5292, train_loss2: 31.1941]
Mon 30 Jan 2023 23:37:41 INFO  epoch 19 evaluating [time: 0.19s, valid_score: 0.021400]
Mon 30 Jan 2023 23:37:41 INFO  valid result: 
recall@10 : 0.0061    mrr@10 : 0.0214    ndcg@10 : 0.008    hit@10 : 0.0689    precision@10 : 0.0071
Mon 30 Jan 2023 23:37:44 INFO  epoch 20 training [time: 3.60s, train_loss1: 26.5397, train_loss2: 31.1943]
Mon 30 Jan 2023 23:37:44 INFO  epoch 20 evaluating [time: 0.19s, valid_score: 0.022200]
Mon 30 Jan 2023 23:37:44 INFO  valid result: 
recall@10 : 0.0065    mrr@10 : 0.0222    ndcg@10 : 0.0084    hit@10 : 0.0732    precision@10 : 0.0075
Mon 30 Jan 2023 23:37:48 INFO  epoch 21 training [time: 3.63s, train_loss1: 26.5138, train_loss2: 31.1938]
Mon 30 Jan 2023 23:37:48 INFO  epoch 21 evaluating [time: 0.19s, valid_score: 0.022000]
Mon 30 Jan 2023 23:37:48 INFO  valid result: 
recall@10 : 0.0065    mrr@10 : 0.022    ndcg@10 : 0.0082    hit@10 : 0.0721    precision@10 : 0.0073
Mon 30 Jan 2023 23:37:48 INFO  Finished training, best eval result in epoch 10
Mon 30 Jan 2023 23:37:48 INFO  Loading model structure and parameters from saved/KGAT-Jan-30-2023_23-36-23.pth
Mon 30 Jan 2023 23:37:48 INFO  best valid : OrderedDict([('recall@10', 0.0056), ('mrr@10', 0.0231), ('ndcg@10', 0.0081), ('hit@10', 0.0668), ('precision@10', 0.0069)])
Mon 30 Jan 2023 23:37:48 INFO  test result: OrderedDict([('recall@10', 0.0058), ('mrr@10', 0.0211), ('ndcg@10', 0.0081), ('hit@10', 0.0689), ('precision@10', 0.0073)])
