Mon 30 Jan 2023 23:02:44 INFO  ['recbole_test.py', '--seed', '2024', '--aggr', 'bi', '--opti', 'sgd', '--is_swa', 'false', '--is_momentum', 'true']
Mon 30 Jan 2023 23:02:44 INFO  
General Hyper Parameters:
gpu_id = 0
use_gpu = True
seed = 2024
state = INFO
reproducibility = True
data_path = /work/03/gu14/k36095/kgat_bai/recbole/config/../dataset_example/ml-100k
checkpoint_dir = saved
show_progress = True
save_dataset = True
dataset_save_path = None
save_dataloaders = False
dataloaders_save_path = None
log_wandb = False

Training Hyper Parameters:
epochs = 300
train_batch_size = 2048
learner = sgd
learning_rate = 0.001
train_neg_sample_args = {'distribution': 'uniform', 'sample_num': 1, 'alpha': 1.0, 'dynamic': False, 'candidate_num': 0}
eval_step = 1
stopping_step = 10
clip_grad_norm = None
weight_decay = 0.0
loss_decimal_place = 4

Evaluation Hyper Parameters:
eval_args = {'split': {'RS': [0.8, 0.1, 0.1]}, 'group_by': 'user', 'order': 'RO', 'mode': 'full'}
repeatable = False
metrics = ['Recall', 'MRR', 'NDCG', 'Hit', 'Precision']
topk = [10]
valid_metric = MRR@10
valid_metric_bigger = True
eval_batch_size = 4096
metric_decimal_place = 4

Dataset Hyper Parameters:
field_separator = 	
seq_separator =  
USER_ID_FIELD = user_id
ITEM_ID_FIELD = item_id
RATING_FIELD = rating
TIME_FIELD = timestamp
seq_len = None
LABEL_FIELD = label
threshold = None
NEG_PREFIX = neg_
load_col = {'inter': ['user_id', 'item_id', 'rating', 'timestamp'], 'kg': ['head_id', 'relation_id', 'tail_id'], 'link': ['item_id', 'entity_id']}
unload_col = None
unused_col = None
additional_feat_suffix = None
rm_dup_inter = None
val_interval = None
filter_inter_by_user_or_item = True
user_inter_num_interval = None
item_inter_num_interval = None
alias_of_user_id = None
alias_of_item_id = None
alias_of_entity_id = None
alias_of_relation_id = None
preload_weight = None
normalize_field = None
normalize_all = True
ITEM_LIST_LENGTH_FIELD = item_length
LIST_SUFFIX = _list
MAX_ITEM_LIST_LENGTH = 50
POSITION_FIELD = position_id
HEAD_ENTITY_ID_FIELD = head_id
TAIL_ENTITY_ID_FIELD = tail_id
RELATION_ID_FIELD = relation_id
ENTITY_ID_FIELD = entity_id
kg_reverse_r = False
entity_kg_num_interval = [0,inf)
relation_kg_num_interval = [0,inf)
benchmark_filename = None

Other Hyper Parameters: 
worker = 0
wandb_project = recbole
shuffle = True
require_pow = False
enable_amp = False
enable_scaler = False
transform = None
embedding_size = 64
kg_embedding_size = 64
layers = [64]
mess_dropout = 0.1
reg_weight = 1e-05
aggregator_type = bi
numerical_features = []
discretization = None
MODEL_TYPE = ModelType.KNOWLEDGE
is_swa = 0
is_momentum = 1
MODEL_INPUT_TYPE = InputType.PAIRWISE
eval_type = EvaluatorType.RANKING
single_spec = True
local_rank = 0
device = cpu
eval_neg_sample_args = {'distribution': 'uniform', 'sample_num': 'none'}


Mon 30 Jan 2023 23:02:45 INFO  Saving filtered dataset into [saved/ml-100k-dataset.pth]
Mon 30 Jan 2023 23:02:45 INFO  ml-100k
The number of users: 944
Average actions of users: 103.4506892895016
The number of items: 1599
Average actions of items: 61.04755944931164
The number of inters: 97554
The sparsity of the dataset: 93.53714185772888%
Remain Fields: ['entity_id', 'user_id', 'item_id', 'rating', 'timestamp', 'head_id', 'relation_id', 'tail_id']
The number of entities: 34629
The number of relations: 26
The number of triples: 91631
The number of items that have been linked to KG: 1598
Mon 30 Jan 2023 23:02:45 INFO  [Training]: train_batch_size = [2048] train_neg_sample_args: [{'distribution': 'uniform', 'sample_num': 1, 'alpha': 1.0, 'dynamic': False, 'candidate_num': 0}]
Mon 30 Jan 2023 23:02:45 INFO  [Evaluation]: eval_batch_size = [4096] eval_args: [{'split': {'RS': [0.8, 0.1, 0.1]}, 'group_by': 'user', 'order': 'RO', 'mode': 'full'}]
Mon 30 Jan 2023 23:02:46 INFO  KGAT(
  (user_embedding): Embedding(944, 64)
  (entity_embedding): Embedding(34629, 64)
  (relation_embedding): Embedding(26, 64)
  (trans_w): Embedding(26, 4096)
  (aggregator_layers): ModuleList(
    (0): Aggregator(
      (message_dropout): Dropout(p=0.1, inplace=False)
      (W1): Linear(in_features=64, out_features=64, bias=True)
      (W2): Linear(in_features=64, out_features=64, bias=True)
      (activation): LeakyReLU(negative_slope=0.01)
    )
  )
  (tanh): Tanh()
  (mf_loss): BPRLoss()
  (reg_loss): EmbLoss()
)
Trainable parameters: 2393152
Mon 30 Jan 2023 23:02:46 INFO  FLOPs: 291414016.0
Mon 30 Jan 2023 23:02:51 INFO  epoch 0 training [time: 4.39s, train_loss1: 26.6903, train_loss2: 31.1909]
Mon 30 Jan 2023 23:02:51 INFO  epoch 0 evaluating [time: 0.26s, valid_score: 0.018200]
Mon 30 Jan 2023 23:02:51 INFO  valid result: 
recall@10 : 0.008    mrr@10 : 0.0182    ndcg@10 : 0.008    hit@10 : 0.071    precision@10 : 0.0071
Mon 30 Jan 2023 23:02:51 INFO  Saving current: saved/KGAT-Jan-30-2023_23-02-47.pth
Mon 30 Jan 2023 23:02:55 INFO  epoch 1 training [time: 4.01s, train_loss1: 26.7899, train_loss2: 31.1906]
Mon 30 Jan 2023 23:02:55 INFO  epoch 1 evaluating [time: 0.20s, valid_score: 0.022200]
Mon 30 Jan 2023 23:02:55 INFO  valid result: 
recall@10 : 0.0082    mrr@10 : 0.0222    ndcg@10 : 0.0094    hit@10 : 0.0838    precision@10 : 0.0088
Mon 30 Jan 2023 23:02:56 INFO  Saving current: saved/KGAT-Jan-30-2023_23-02-47.pth
Mon 30 Jan 2023 23:02:59 INFO  epoch 2 training [time: 3.81s, train_loss1: 26.6371, train_loss2: 31.1897]
Mon 30 Jan 2023 23:03:00 INFO  epoch 2 evaluating [time: 0.19s, valid_score: 0.021800]
Mon 30 Jan 2023 23:03:00 INFO  valid result: 
recall@10 : 0.008    mrr@10 : 0.0218    ndcg@10 : 0.0092    hit@10 : 0.0838    precision@10 : 0.0086
Mon 30 Jan 2023 23:03:03 INFO  epoch 3 training [time: 3.93s, train_loss1: 26.5265, train_loss2: 31.1887]
Mon 30 Jan 2023 23:03:04 INFO  epoch 3 evaluating [time: 0.20s, valid_score: 0.023300]
Mon 30 Jan 2023 23:03:04 INFO  valid result: 
recall@10 : 0.0087    mrr@10 : 0.0233    ndcg@10 : 0.0098    hit@10 : 0.087    precision@10 : 0.0089
Mon 30 Jan 2023 23:03:04 INFO  Saving current: saved/KGAT-Jan-30-2023_23-02-47.pth
Mon 30 Jan 2023 23:03:07 INFO  epoch 4 training [time: 3.56s, train_loss1: 26.4086, train_loss2: 31.1872]
Mon 30 Jan 2023 23:03:07 INFO  epoch 4 evaluating [time: 0.20s, valid_score: 0.021900]
Mon 30 Jan 2023 23:03:07 INFO  valid result: 
recall@10 : 0.0072    mrr@10 : 0.0219    ndcg@10 : 0.009    hit@10 : 0.0806    precision@10 : 0.0085
Mon 30 Jan 2023 23:03:11 INFO  epoch 5 training [time: 3.95s, train_loss1: 26.3059, train_loss2: 31.1867]
Mon 30 Jan 2023 23:03:12 INFO  epoch 5 evaluating [time: 0.20s, valid_score: 0.025500]
Mon 30 Jan 2023 23:03:12 INFO  valid result: 
recall@10 : 0.0101    mrr@10 : 0.0255    ndcg@10 : 0.0113    hit@10 : 0.0954    precision@10 : 0.0104
Mon 30 Jan 2023 23:03:12 INFO  Saving current: saved/KGAT-Jan-30-2023_23-02-47.pth
Mon 30 Jan 2023 23:03:15 INFO  epoch 6 training [time: 3.82s, train_loss1: 26.2047, train_loss2: 31.1856]
Mon 30 Jan 2023 23:03:16 INFO  epoch 6 evaluating [time: 0.19s, valid_score: 0.027600]
Mon 30 Jan 2023 23:03:16 INFO  valid result: 
recall@10 : 0.0104    mrr@10 : 0.0276    ndcg@10 : 0.0119    hit@10 : 0.0997    precision@10 : 0.011
Mon 30 Jan 2023 23:03:16 INFO  Saving current: saved/KGAT-Jan-30-2023_23-02-47.pth
Mon 30 Jan 2023 23:03:20 INFO  epoch 7 training [time: 3.99s, train_loss1: 26.1102, train_loss2: 31.1841]
Mon 30 Jan 2023 23:03:20 INFO  epoch 7 evaluating [time: 0.19s, valid_score: 0.030000]
Mon 30 Jan 2023 23:03:20 INFO  valid result: 
recall@10 : 0.0115    mrr@10 : 0.03    ndcg@10 : 0.0133    hit@10 : 0.105    precision@10 : 0.0118
Mon 30 Jan 2023 23:03:20 INFO  Saving current: saved/KGAT-Jan-30-2023_23-02-47.pth
Mon 30 Jan 2023 23:03:24 INFO  epoch 8 training [time: 4.05s, train_loss1: 26.0123, train_loss2: 31.1834]
Mon 30 Jan 2023 23:03:24 INFO  epoch 8 evaluating [time: 0.19s, valid_score: 0.031600]
Mon 30 Jan 2023 23:03:24 INFO  valid result: 
recall@10 : 0.013    mrr@10 : 0.0316    ndcg@10 : 0.0142    hit@10 : 0.1071    precision@10 : 0.0123
Mon 30 Jan 2023 23:03:24 INFO  Saving current: saved/KGAT-Jan-30-2023_23-02-47.pth
Mon 30 Jan 2023 23:03:28 INFO  epoch 9 training [time: 4.00s, train_loss1: 25.9220, train_loss2: 31.1823]
Mon 30 Jan 2023 23:03:28 INFO  epoch 9 evaluating [time: 0.19s, valid_score: 0.034200]
Mon 30 Jan 2023 23:03:28 INFO  valid result: 
recall@10 : 0.012    mrr@10 : 0.0342    ndcg@10 : 0.0144    hit@10 : 0.1029    precision@10 : 0.012
Mon 30 Jan 2023 23:03:28 INFO  Saving current: saved/KGAT-Jan-30-2023_23-02-47.pth
Mon 30 Jan 2023 23:03:32 INFO  epoch 10 training [time: 3.95s, train_loss1: 25.8404, train_loss2: 31.1812]
Mon 30 Jan 2023 23:03:33 INFO  epoch 10 evaluating [time: 0.20s, valid_score: 0.035500]
Mon 30 Jan 2023 23:03:33 INFO  valid result: 
recall@10 : 0.0129    mrr@10 : 0.0355    ndcg@10 : 0.0153    hit@10 : 0.1124    precision@10 : 0.0134
Mon 30 Jan 2023 23:03:33 INFO  Saving current: saved/KGAT-Jan-30-2023_23-02-47.pth
Mon 30 Jan 2023 23:03:36 INFO  epoch 11 training [time: 3.55s, train_loss1: 25.7448, train_loss2: 31.1803]
Mon 30 Jan 2023 23:03:36 INFO  epoch 11 evaluating [time: 0.20s, valid_score: 0.039500]
Mon 30 Jan 2023 23:03:36 INFO  valid result: 
recall@10 : 0.0146    mrr@10 : 0.0395    ndcg@10 : 0.0172    hit@10 : 0.122    precision@10 : 0.0146
Mon 30 Jan 2023 23:03:36 INFO  Saving current: saved/KGAT-Jan-30-2023_23-02-47.pth
Mon 30 Jan 2023 23:03:41 INFO  epoch 12 training [time: 4.09s, train_loss1: 25.6666, train_loss2: 31.1788]
Mon 30 Jan 2023 23:03:41 INFO  epoch 12 evaluating [time: 0.19s, valid_score: 0.038000]
Mon 30 Jan 2023 23:03:41 INFO  valid result: 
recall@10 : 0.0142    mrr@10 : 0.038    ndcg@10 : 0.0168    hit@10 : 0.123    precision@10 : 0.0146
Mon 30 Jan 2023 23:03:45 INFO  epoch 13 training [time: 4.00s, train_loss1: 25.6012, train_loss2: 31.1786]
Mon 30 Jan 2023 23:03:45 INFO  epoch 13 evaluating [time: 0.20s, valid_score: 0.044900]
Mon 30 Jan 2023 23:03:45 INFO  valid result: 
recall@10 : 0.018    mrr@10 : 0.0449    ndcg@10 : 0.0201    hit@10 : 0.1368    precision@10 : 0.0168
Mon 30 Jan 2023 23:03:45 INFO  Saving current: saved/KGAT-Jan-30-2023_23-02-47.pth
Mon 30 Jan 2023 23:03:49 INFO  epoch 14 training [time: 3.73s, train_loss1: 25.5009, train_loss2: 31.1772]
Mon 30 Jan 2023 23:03:49 INFO  epoch 14 evaluating [time: 0.19s, valid_score: 0.044600]
Mon 30 Jan 2023 23:03:49 INFO  valid result: 
recall@10 : 0.0156    mrr@10 : 0.0446    ndcg@10 : 0.0191    hit@10 : 0.1294    precision@10 : 0.0159
Mon 30 Jan 2023 23:03:52 INFO  epoch 15 training [time: 3.44s, train_loss1: 25.4285, train_loss2: 31.1765]
Mon 30 Jan 2023 23:03:53 INFO  epoch 15 evaluating [time: 0.19s, valid_score: 0.045100]
Mon 30 Jan 2023 23:03:53 INFO  valid result: 
recall@10 : 0.0178    mrr@10 : 0.0451    ndcg@10 : 0.0201    hit@10 : 0.1368    precision@10 : 0.0171
Mon 30 Jan 2023 23:03:53 INFO  Saving current: saved/KGAT-Jan-30-2023_23-02-47.pth
Mon 30 Jan 2023 23:03:56 INFO  epoch 16 training [time: 3.46s, train_loss1: 25.3509, train_loss2: 31.1748]
Mon 30 Jan 2023 23:03:56 INFO  epoch 16 evaluating [time: 0.19s, valid_score: 0.049300]
Mon 30 Jan 2023 23:03:56 INFO  valid result: 
recall@10 : 0.0159    mrr@10 : 0.0493    ndcg@10 : 0.0208    hit@10 : 0.141    precision@10 : 0.0176
Mon 30 Jan 2023 23:03:56 INFO  Saving current: saved/KGAT-Jan-30-2023_23-02-47.pth
Mon 30 Jan 2023 23:04:00 INFO  epoch 17 training [time: 3.85s, train_loss1: 25.2993, train_loss2: 31.1742]
Mon 30 Jan 2023 23:04:00 INFO  epoch 17 evaluating [time: 0.19s, valid_score: 0.047800]
Mon 30 Jan 2023 23:04:00 INFO  valid result: 
recall@10 : 0.0164    mrr@10 : 0.0478    ndcg@10 : 0.0208    hit@10 : 0.1389    precision@10 : 0.0175
Mon 30 Jan 2023 23:04:05 INFO  epoch 18 training [time: 4.16s, train_loss1: 25.2116, train_loss2: 31.1731]
Mon 30 Jan 2023 23:04:05 INFO  epoch 18 evaluating [time: 0.19s, valid_score: 0.049500]
Mon 30 Jan 2023 23:04:05 INFO  valid result: 
recall@10 : 0.0175    mrr@10 : 0.0495    ndcg@10 : 0.0214    hit@10 : 0.1453    precision@10 : 0.018
Mon 30 Jan 2023 23:04:05 INFO  Saving current: saved/KGAT-Jan-30-2023_23-02-47.pth
Mon 30 Jan 2023 23:04:09 INFO  epoch 19 training [time: 4.06s, train_loss1: 25.1336, train_loss2: 31.1721]
Mon 30 Jan 2023 23:04:09 INFO  epoch 19 evaluating [time: 0.19s, valid_score: 0.055700]
Mon 30 Jan 2023 23:04:09 INFO  valid result: 
recall@10 : 0.0203    mrr@10 : 0.0557    ndcg@10 : 0.0246    hit@10 : 0.1633    precision@10 : 0.0207
Mon 30 Jan 2023 23:04:09 INFO  Saving current: saved/KGAT-Jan-30-2023_23-02-47.pth
Mon 30 Jan 2023 23:04:13 INFO  epoch 20 training [time: 3.43s, train_loss1: 25.0940, train_loss2: 31.1709]
Mon 30 Jan 2023 23:04:13 INFO  epoch 20 evaluating [time: 0.19s, valid_score: 0.054600]
Mon 30 Jan 2023 23:04:13 INFO  valid result: 
recall@10 : 0.0186    mrr@10 : 0.0546    ndcg@10 : 0.0236    hit@10 : 0.1601    precision@10 : 0.0194
Mon 30 Jan 2023 23:04:16 INFO  epoch 21 training [time: 3.48s, train_loss1: 25.0367, train_loss2: 31.1697]
Mon 30 Jan 2023 23:04:16 INFO  epoch 21 evaluating [time: 0.19s, valid_score: 0.057000]
Mon 30 Jan 2023 23:04:16 INFO  valid result: 
recall@10 : 0.0214    mrr@10 : 0.057    ndcg@10 : 0.025    hit@10 : 0.1601    precision@10 : 0.0206
Mon 30 Jan 2023 23:04:16 INFO  Saving current: saved/KGAT-Jan-30-2023_23-02-47.pth
Mon 30 Jan 2023 23:04:20 INFO  epoch 22 training [time: 3.82s, train_loss1: 24.9707, train_loss2: 31.1688]
Mon 30 Jan 2023 23:04:21 INFO  epoch 22 evaluating [time: 0.30s, valid_score: 0.058500]
Mon 30 Jan 2023 23:04:21 INFO  valid result: 
recall@10 : 0.0239    mrr@10 : 0.0585    ndcg@10 : 0.0269    hit@10 : 0.175    precision@10 : 0.0221
Mon 30 Jan 2023 23:04:21 INFO  Saving current: saved/KGAT-Jan-30-2023_23-02-47.pth
Mon 30 Jan 2023 23:04:25 INFO  epoch 23 training [time: 4.10s, train_loss1: 24.8954, train_loss2: 31.1674]
Mon 30 Jan 2023 23:04:25 INFO  epoch 23 evaluating [time: 0.19s, valid_score: 0.061100]
Mon 30 Jan 2023 23:04:25 INFO  valid result: 
recall@10 : 0.0238    mrr@10 : 0.0611    ndcg@10 : 0.027    hit@10 : 0.1739    precision@10 : 0.0217
Mon 30 Jan 2023 23:04:25 INFO  Saving current: saved/KGAT-Jan-30-2023_23-02-47.pth
Mon 30 Jan 2023 23:04:29 INFO  epoch 24 training [time: 4.08s, train_loss1: 24.8264, train_loss2: 31.1662]
Mon 30 Jan 2023 23:04:29 INFO  epoch 24 evaluating [time: 0.19s, valid_score: 0.059400]
Mon 30 Jan 2023 23:04:29 INFO  valid result: 
recall@10 : 0.0228    mrr@10 : 0.0594    ndcg@10 : 0.0267    hit@10 : 0.1707    precision@10 : 0.0215
Mon 30 Jan 2023 23:04:33 INFO  epoch 25 training [time: 4.09s, train_loss1: 24.7433, train_loss2: 31.1653]
Mon 30 Jan 2023 23:04:34 INFO  epoch 25 evaluating [time: 0.19s, valid_score: 0.058700]
Mon 30 Jan 2023 23:04:34 INFO  valid result: 
recall@10 : 0.0245    mrr@10 : 0.0587    ndcg@10 : 0.027    hit@10 : 0.175    precision@10 : 0.0225
Mon 30 Jan 2023 23:04:37 INFO  epoch 26 training [time: 3.73s, train_loss1: 24.6570, train_loss2: 31.1634]
Mon 30 Jan 2023 23:04:38 INFO  epoch 26 evaluating [time: 0.23s, valid_score: 0.062900]
Mon 30 Jan 2023 23:04:38 INFO  valid result: 
recall@10 : 0.0229    mrr@10 : 0.0629    ndcg@10 : 0.0281    hit@10 : 0.1792    precision@10 : 0.0232
Mon 30 Jan 2023 23:04:38 INFO  Saving current: saved/KGAT-Jan-30-2023_23-02-47.pth
Mon 30 Jan 2023 23:04:41 INFO  epoch 27 training [time: 3.43s, train_loss1: 24.5907, train_loss2: 31.1625]
Mon 30 Jan 2023 23:04:41 INFO  epoch 27 evaluating [time: 0.19s, valid_score: 0.060000]
Mon 30 Jan 2023 23:04:41 INFO  valid result: 
recall@10 : 0.0248    mrr@10 : 0.06    ndcg@10 : 0.0285    hit@10 : 0.1845    precision@10 : 0.0242
Mon 30 Jan 2023 23:04:45 INFO  epoch 28 training [time: 4.08s, train_loss1: 24.4926, train_loss2: 31.1619]
Mon 30 Jan 2023 23:04:45 INFO  epoch 28 evaluating [time: 0.19s, valid_score: 0.062500]
Mon 30 Jan 2023 23:04:45 INFO  valid result: 
recall@10 : 0.024    mrr@10 : 0.0625    ndcg@10 : 0.0285    hit@10 : 0.1729    precision@10 : 0.023
Mon 30 Jan 2023 23:04:49 INFO  epoch 29 training [time: 3.74s, train_loss1: 24.4165, train_loss2: 31.1606]
Mon 30 Jan 2023 23:04:49 INFO  epoch 29 evaluating [time: 0.19s, valid_score: 0.068000]
Mon 30 Jan 2023 23:04:49 INFO  valid result: 
recall@10 : 0.0257    mrr@10 : 0.068    ndcg@10 : 0.0305    hit@10 : 0.1888    precision@10 : 0.0244
Mon 30 Jan 2023 23:04:49 INFO  Saving current: saved/KGAT-Jan-30-2023_23-02-47.pth
Mon 30 Jan 2023 23:04:53 INFO  epoch 30 training [time: 3.60s, train_loss1: 24.2834, train_loss2: 31.1587]
Mon 30 Jan 2023 23:04:53 INFO  epoch 30 evaluating [time: 0.19s, valid_score: 0.065400]
Mon 30 Jan 2023 23:04:53 INFO  valid result: 
recall@10 : 0.0277    mrr@10 : 0.0654    ndcg@10 : 0.0309    hit@10 : 0.1962    precision@10 : 0.0256
Mon 30 Jan 2023 23:04:57 INFO  epoch 31 training [time: 3.99s, train_loss1: 24.1312, train_loss2: 31.1576]
Mon 30 Jan 2023 23:04:57 INFO  epoch 31 evaluating [time: 0.19s, valid_score: 0.063300]
Mon 30 Jan 2023 23:04:57 INFO  valid result: 
recall@10 : 0.0237    mrr@10 : 0.0633    ndcg@10 : 0.0293    hit@10 : 0.1856    precision@10 : 0.0247
Mon 30 Jan 2023 23:05:02 INFO  epoch 32 training [time: 4.07s, train_loss1: 23.9514, train_loss2: 31.1563]
Mon 30 Jan 2023 23:05:02 INFO  epoch 32 evaluating [time: 0.19s, valid_score: 0.064500]
Mon 30 Jan 2023 23:05:02 INFO  valid result: 
recall@10 : 0.0271    mrr@10 : 0.0645    ndcg@10 : 0.031    hit@10 : 0.2047    precision@10 : 0.0264
Mon 30 Jan 2023 23:05:06 INFO  epoch 33 training [time: 4.09s, train_loss1: 23.6783, train_loss2: 31.1548]
Mon 30 Jan 2023 23:05:06 INFO  epoch 33 evaluating [time: 0.19s, valid_score: 0.063800]
Mon 30 Jan 2023 23:05:06 INFO  valid result: 
recall@10 : 0.0254    mrr@10 : 0.0638    ndcg@10 : 0.0294    hit@10 : 0.1898    precision@10 : 0.0243
Mon 30 Jan 2023 23:05:10 INFO  epoch 34 training [time: 4.13s, train_loss1: 23.3940, train_loss2: 31.1531]
Mon 30 Jan 2023 23:05:10 INFO  epoch 34 evaluating [time: 0.19s, valid_score: 0.062800]
Mon 30 Jan 2023 23:05:10 INFO  valid result: 
recall@10 : 0.0277    mrr@10 : 0.0628    ndcg@10 : 0.0311    hit@10 : 0.1983    precision@10 : 0.0263
Mon 30 Jan 2023 23:05:14 INFO  epoch 35 training [time: 3.58s, train_loss1: 23.0837, train_loss2: 31.1519]
Mon 30 Jan 2023 23:05:14 INFO  epoch 35 evaluating [time: 0.19s, valid_score: 0.068500]
Mon 30 Jan 2023 23:05:14 INFO  valid result: 
recall@10 : 0.0272    mrr@10 : 0.0685    ndcg@10 : 0.0325    hit@10 : 0.2078    precision@10 : 0.0271
Mon 30 Jan 2023 23:05:14 INFO  Saving current: saved/KGAT-Jan-30-2023_23-02-47.pth
Mon 30 Jan 2023 23:05:18 INFO  epoch 36 training [time: 3.71s, train_loss1: 22.7789, train_loss2: 31.1502]
Mon 30 Jan 2023 23:05:18 INFO  epoch 36 evaluating [time: 0.19s, valid_score: 0.062500]
Mon 30 Jan 2023 23:05:18 INFO  valid result: 
recall@10 : 0.0262    mrr@10 : 0.0625    ndcg@10 : 0.031    hit@10 : 0.2089    precision@10 : 0.0273
Mon 30 Jan 2023 23:05:22 INFO  epoch 37 training [time: 3.74s, train_loss1: 22.5223, train_loss2: 31.1483]
Mon 30 Jan 2023 23:05:22 INFO  epoch 37 evaluating [time: 0.19s, valid_score: 0.076000]
Mon 30 Jan 2023 23:05:22 INFO  valid result: 
recall@10 : 0.031    mrr@10 : 0.076    ndcg@10 : 0.0369    hit@10 : 0.2259    precision@10 : 0.0304
Mon 30 Jan 2023 23:05:22 INFO  Saving current: saved/KGAT-Jan-30-2023_23-02-47.pth
Mon 30 Jan 2023 23:05:26 INFO  epoch 38 training [time: 3.46s, train_loss1: 22.2708, train_loss2: 31.1467]
Mon 30 Jan 2023 23:05:26 INFO  epoch 38 evaluating [time: 0.19s, valid_score: 0.077300]
Mon 30 Jan 2023 23:05:26 INFO  valid result: 
recall@10 : 0.0301    mrr@10 : 0.0773    ndcg@10 : 0.0366    hit@10 : 0.2322    precision@10 : 0.0311
Mon 30 Jan 2023 23:05:26 INFO  Saving current: saved/KGAT-Jan-30-2023_23-02-47.pth
Mon 30 Jan 2023 23:05:29 INFO  epoch 39 training [time: 3.66s, train_loss1: 21.9841, train_loss2: 31.1451]
Mon 30 Jan 2023 23:05:30 INFO  epoch 39 evaluating [time: 0.19s, valid_score: 0.078900]
Mon 30 Jan 2023 23:05:30 INFO  valid result: 
recall@10 : 0.0345    mrr@10 : 0.0789    ndcg@10 : 0.0385    hit@10 : 0.2354    precision@10 : 0.0319
Mon 30 Jan 2023 23:05:30 INFO  Saving current: saved/KGAT-Jan-30-2023_23-02-47.pth
Mon 30 Jan 2023 23:05:34 INFO  epoch 40 training [time: 4.12s, train_loss1: 21.7563, train_loss2: 31.1435]
Mon 30 Jan 2023 23:05:34 INFO  epoch 40 evaluating [time: 0.19s, valid_score: 0.076500]
Mon 30 Jan 2023 23:05:34 INFO  valid result: 
recall@10 : 0.032    mrr@10 : 0.0765    ndcg@10 : 0.0379    hit@10 : 0.2344    precision@10 : 0.0324
Mon 30 Jan 2023 23:05:38 INFO  epoch 41 training [time: 4.02s, train_loss1: 21.5680, train_loss2: 31.1416]
Mon 30 Jan 2023 23:05:38 INFO  epoch 41 evaluating [time: 0.19s, valid_score: 0.079800]
Mon 30 Jan 2023 23:05:38 INFO  valid result: 
recall@10 : 0.0365    mrr@10 : 0.0798    ndcg@10 : 0.0393    hit@10 : 0.245    precision@10 : 0.033
Mon 30 Jan 2023 23:05:38 INFO  Saving current: saved/KGAT-Jan-30-2023_23-02-47.pth
Mon 30 Jan 2023 23:05:42 INFO  epoch 42 training [time: 3.96s, train_loss1: 21.3732, train_loss2: 31.1401]
Mon 30 Jan 2023 23:05:42 INFO  epoch 42 evaluating [time: 0.19s, valid_score: 0.079200]
Mon 30 Jan 2023 23:05:42 INFO  valid result: 
recall@10 : 0.034    mrr@10 : 0.0792    ndcg@10 : 0.039    hit@10 : 0.2397    precision@10 : 0.0324
Mon 30 Jan 2023 23:05:46 INFO  epoch 43 training [time: 3.73s, train_loss1: 21.2428, train_loss2: 31.1387]
Mon 30 Jan 2023 23:05:46 INFO  epoch 43 evaluating [time: 0.20s, valid_score: 0.080900]
Mon 30 Jan 2023 23:05:46 INFO  valid result: 
recall@10 : 0.0336    mrr@10 : 0.0809    ndcg@10 : 0.0392    hit@10 : 0.2407    precision@10 : 0.0329
Mon 30 Jan 2023 23:05:46 INFO  Saving current: saved/KGAT-Jan-30-2023_23-02-47.pth
Mon 30 Jan 2023 23:05:50 INFO  epoch 44 training [time: 3.68s, train_loss1: 21.0991, train_loss2: 31.1368]
Mon 30 Jan 2023 23:05:50 INFO  epoch 44 evaluating [time: 0.19s, valid_score: 0.080600]
Mon 30 Jan 2023 23:05:50 INFO  valid result: 
recall@10 : 0.0363    mrr@10 : 0.0806    ndcg@10 : 0.0406    hit@10 : 0.2471    precision@10 : 0.0335
Mon 30 Jan 2023 23:05:54 INFO  epoch 45 training [time: 3.43s, train_loss1: 21.0039, train_loss2: 31.1351]
Mon 30 Jan 2023 23:05:54 INFO  epoch 45 evaluating [time: 0.20s, valid_score: 0.078000]
Mon 30 Jan 2023 23:05:54 INFO  valid result: 
recall@10 : 0.0355    mrr@10 : 0.078    ndcg@10 : 0.0391    hit@10 : 0.246    precision@10 : 0.0326
Mon 30 Jan 2023 23:05:58 INFO  epoch 46 training [time: 3.69s, train_loss1: 20.8930, train_loss2: 31.1325]
Mon 30 Jan 2023 23:05:58 INFO  epoch 46 evaluating [time: 0.20s, valid_score: 0.077400]
Mon 30 Jan 2023 23:05:58 INFO  valid result: 
recall@10 : 0.0358    mrr@10 : 0.0774    ndcg@10 : 0.04    hit@10 : 0.246    precision@10 : 0.0343
Mon 30 Jan 2023 23:06:01 INFO  epoch 47 training [time: 3.45s, train_loss1: 20.8222, train_loss2: 31.1318]
Mon 30 Jan 2023 23:06:01 INFO  epoch 47 evaluating [time: 0.21s, valid_score: 0.078300]
Mon 30 Jan 2023 23:06:01 INFO  valid result: 
recall@10 : 0.0371    mrr@10 : 0.0783    ndcg@10 : 0.0408    hit@10 : 0.2545    precision@10 : 0.0355
Mon 30 Jan 2023 23:06:05 INFO  epoch 48 training [time: 3.75s, train_loss1: 20.7208, train_loss2: 31.1294]
Mon 30 Jan 2023 23:06:05 INFO  epoch 48 evaluating [time: 0.20s, valid_score: 0.081800]
Mon 30 Jan 2023 23:06:05 INFO  valid result: 
recall@10 : 0.0362    mrr@10 : 0.0818    ndcg@10 : 0.0418    hit@10 : 0.2534    precision@10 : 0.0348
Mon 30 Jan 2023 23:06:05 INFO  Saving current: saved/KGAT-Jan-30-2023_23-02-47.pth
Mon 30 Jan 2023 23:06:09 INFO  epoch 49 training [time: 3.95s, train_loss1: 20.7025, train_loss2: 31.1276]
Mon 30 Jan 2023 23:06:10 INFO  epoch 49 evaluating [time: 0.20s, valid_score: 0.078600]
Mon 30 Jan 2023 23:06:10 INFO  valid result: 
recall@10 : 0.0371    mrr@10 : 0.0786    ndcg@10 : 0.0405    hit@10 : 0.2545    precision@10 : 0.0344
Mon 30 Jan 2023 23:06:13 INFO  epoch 50 training [time: 3.52s, train_loss1: 20.5999, train_loss2: 31.1262]
Mon 30 Jan 2023 23:06:13 INFO  epoch 50 evaluating [time: 0.20s, valid_score: 0.084800]
Mon 30 Jan 2023 23:06:13 INFO  valid result: 
recall@10 : 0.0386    mrr@10 : 0.0848    ndcg@10 : 0.0426    hit@10 : 0.2641    precision@10 : 0.0354
Mon 30 Jan 2023 23:06:13 INFO  Saving current: saved/KGAT-Jan-30-2023_23-02-47.pth
Mon 30 Jan 2023 23:06:17 INFO  epoch 51 training [time: 3.47s, train_loss1: 20.4713, train_loss2: 31.1238]
Mon 30 Jan 2023 23:06:17 INFO  epoch 51 evaluating [time: 0.21s, valid_score: 0.079400]
Mon 30 Jan 2023 23:06:17 INFO  valid result: 
recall@10 : 0.0354    mrr@10 : 0.0794    ndcg@10 : 0.0405    hit@10 : 0.2471    precision@10 : 0.0343
Mon 30 Jan 2023 23:06:21 INFO  epoch 52 training [time: 4.03s, train_loss1: 20.4466, train_loss2: 31.1220]
Mon 30 Jan 2023 23:06:21 INFO  epoch 52 evaluating [time: 0.20s, valid_score: 0.083100]
Mon 30 Jan 2023 23:06:21 INFO  valid result: 
recall@10 : 0.0362    mrr@10 : 0.0831    ndcg@10 : 0.0414    hit@10 : 0.2503    precision@10 : 0.0344
Mon 30 Jan 2023 23:06:25 INFO  epoch 53 training [time: 4.05s, train_loss1: 20.3564, train_loss2: 31.1203]
Mon 30 Jan 2023 23:06:26 INFO  epoch 53 evaluating [time: 0.19s, valid_score: 0.080800]
Mon 30 Jan 2023 23:06:26 INFO  valid result: 
recall@10 : 0.0339    mrr@10 : 0.0808    ndcg@10 : 0.0399    hit@10 : 0.245    precision@10 : 0.0331
Mon 30 Jan 2023 23:06:30 INFO  epoch 54 training [time: 4.08s, train_loss1: 20.3687, train_loss2: 31.1180]
Mon 30 Jan 2023 23:06:30 INFO  epoch 54 evaluating [time: 0.21s, valid_score: 0.087200]
Mon 30 Jan 2023 23:06:30 INFO  valid result: 
recall@10 : 0.04    mrr@10 : 0.0872    ndcg@10 : 0.0438    hit@10 : 0.2641    precision@10 : 0.0357
Mon 30 Jan 2023 23:06:30 INFO  Saving current: saved/KGAT-Jan-30-2023_23-02-47.pth
Mon 30 Jan 2023 23:06:34 INFO  epoch 55 training [time: 3.95s, train_loss1: 20.2984, train_loss2: 31.1162]
Mon 30 Jan 2023 23:06:34 INFO  epoch 55 evaluating [time: 0.20s, valid_score: 0.085100]
Mon 30 Jan 2023 23:06:34 INFO  valid result: 
recall@10 : 0.0371    mrr@10 : 0.0851    ndcg@10 : 0.0424    hit@10 : 0.2556    precision@10 : 0.035
Mon 30 Jan 2023 23:06:38 INFO  epoch 56 training [time: 3.93s, train_loss1: 20.2305, train_loss2: 31.1143]
Mon 30 Jan 2023 23:06:38 INFO  epoch 56 evaluating [time: 0.20s, valid_score: 0.084100]
Mon 30 Jan 2023 23:06:38 INFO  valid result: 
recall@10 : 0.0377    mrr@10 : 0.0841    ndcg@10 : 0.0422    hit@10 : 0.2587    precision@10 : 0.0349
Mon 30 Jan 2023 23:06:42 INFO  epoch 57 training [time: 3.99s, train_loss1: 20.1540, train_loss2: 31.1122]
Mon 30 Jan 2023 23:06:42 INFO  epoch 57 evaluating [time: 0.20s, valid_score: 0.084600]
Mon 30 Jan 2023 23:06:42 INFO  valid result: 
recall@10 : 0.0374    mrr@10 : 0.0846    ndcg@10 : 0.0421    hit@10 : 0.2587    precision@10 : 0.0352
Mon 30 Jan 2023 23:06:46 INFO  epoch 58 training [time: 3.96s, train_loss1: 20.1480, train_loss2: 31.1095]
Mon 30 Jan 2023 23:06:47 INFO  epoch 58 evaluating [time: 0.22s, valid_score: 0.080300]
Mon 30 Jan 2023 23:06:47 INFO  valid result: 
recall@10 : 0.0378    mrr@10 : 0.0803    ndcg@10 : 0.0415    hit@10 : 0.2513    precision@10 : 0.0347
Mon 30 Jan 2023 23:06:50 INFO  epoch 59 training [time: 3.53s, train_loss1: 20.0740, train_loss2: 31.1073]
Mon 30 Jan 2023 23:06:50 INFO  epoch 59 evaluating [time: 0.20s, valid_score: 0.083200]
Mon 30 Jan 2023 23:06:50 INFO  valid result: 
recall@10 : 0.0361    mrr@10 : 0.0832    ndcg@10 : 0.0415    hit@10 : 0.2556    precision@10 : 0.0345
Mon 30 Jan 2023 23:06:54 INFO  epoch 60 training [time: 3.68s, train_loss1: 20.1094, train_loss2: 31.1054]
Mon 30 Jan 2023 23:06:54 INFO  epoch 60 evaluating [time: 0.21s, valid_score: 0.083100]
Mon 30 Jan 2023 23:06:54 INFO  valid result: 
recall@10 : 0.0381    mrr@10 : 0.0831    ndcg@10 : 0.0429    hit@10 : 0.2641    precision@10 : 0.0361
Mon 30 Jan 2023 23:06:58 INFO  epoch 61 training [time: 3.89s, train_loss1: 19.9972, train_loss2: 31.1032]
Mon 30 Jan 2023 23:06:58 INFO  epoch 61 evaluating [time: 0.21s, valid_score: 0.081900]
Mon 30 Jan 2023 23:06:58 INFO  valid result: 
recall@10 : 0.0359    mrr@10 : 0.0819    ndcg@10 : 0.0412    hit@10 : 0.2556    precision@10 : 0.0348
Mon 30 Jan 2023 23:07:02 INFO  epoch 62 training [time: 3.59s, train_loss1: 19.9581, train_loss2: 31.1009]
Mon 30 Jan 2023 23:07:02 INFO  epoch 62 evaluating [time: 0.19s, valid_score: 0.084200]
Mon 30 Jan 2023 23:07:02 INFO  valid result: 
recall@10 : 0.0378    mrr@10 : 0.0842    ndcg@10 : 0.0427    hit@10 : 0.2641    precision@10 : 0.0353
Mon 30 Jan 2023 23:07:06 INFO  epoch 63 training [time: 3.96s, train_loss1: 19.9463, train_loss2: 31.0987]
Mon 30 Jan 2023 23:07:06 INFO  epoch 63 evaluating [time: 0.19s, valid_score: 0.083000]
Mon 30 Jan 2023 23:07:06 INFO  valid result: 
recall@10 : 0.0361    mrr@10 : 0.083    ndcg@10 : 0.0419    hit@10 : 0.2556    precision@10 : 0.0351
Mon 30 Jan 2023 23:07:10 INFO  epoch 64 training [time: 3.91s, train_loss1: 19.9015, train_loss2: 31.0964]
Mon 30 Jan 2023 23:07:10 INFO  epoch 64 evaluating [time: 0.19s, valid_score: 0.084800]
Mon 30 Jan 2023 23:07:10 INFO  valid result: 
recall@10 : 0.0365    mrr@10 : 0.0848    ndcg@10 : 0.0432    hit@10 : 0.2587    precision@10 : 0.0357
Mon 30 Jan 2023 23:07:14 INFO  epoch 65 training [time: 4.15s, train_loss1: 19.8898, train_loss2: 31.0939]
Mon 30 Jan 2023 23:07:15 INFO  epoch 65 evaluating [time: 0.19s, valid_score: 0.080700]
Mon 30 Jan 2023 23:07:15 INFO  valid result: 
recall@10 : 0.0359    mrr@10 : 0.0807    ndcg@10 : 0.0409    hit@10 : 0.2524    precision@10 : 0.0341
Mon 30 Jan 2023 23:07:15 INFO  Finished training, best eval result in epoch 54
Mon 30 Jan 2023 23:07:15 INFO  Loading model structure and parameters from saved/KGAT-Jan-30-2023_23-02-47.pth
Mon 30 Jan 2023 23:07:15 INFO  best valid : OrderedDict([('recall@10', 0.04), ('mrr@10', 0.0872), ('ndcg@10', 0.0438), ('hit@10', 0.2641), ('precision@10', 0.0357)])
Mon 30 Jan 2023 23:07:15 INFO  test result: OrderedDict([('recall@10', 0.0285), ('mrr@10', 0.0755), ('ndcg@10', 0.0365), ('hit@10', 0.2397), ('precision@10', 0.0337)])
