Mon 30 Jan 2023 22:49:40 INFO  ['recbole_test.py', '--seed', '2022', '--aggr', 'bi', '--opti', 'adam', '--is_swa', 'true', '--is_momentum', 'false']
Mon 30 Jan 2023 22:49:40 INFO  
General Hyper Parameters:
gpu_id = 0
use_gpu = True
seed = 2022
state = INFO
reproducibility = True
data_path = /work/03/gu14/k36095/kgat_bai/recbole/config/../dataset_example/ml-100k
checkpoint_dir = saved
show_progress = True
save_dataset = True
dataset_save_path = None
save_dataloaders = False
dataloaders_save_path = None
log_wandb = False

Training Hyper Parameters:
epochs = 300
train_batch_size = 2048
learner = adam
learning_rate = 0.001
train_neg_sample_args = {'distribution': 'uniform', 'sample_num': 1, 'alpha': 1.0, 'dynamic': False, 'candidate_num': 0}
eval_step = 1
stopping_step = 10
clip_grad_norm = None
weight_decay = 0.0
loss_decimal_place = 4

Evaluation Hyper Parameters:
eval_args = {'split': {'RS': [0.8, 0.1, 0.1]}, 'group_by': 'user', 'order': 'RO', 'mode': 'full'}
repeatable = False
metrics = ['Recall', 'MRR', 'NDCG', 'Hit', 'Precision']
topk = [10]
valid_metric = MRR@10
valid_metric_bigger = True
eval_batch_size = 4096
metric_decimal_place = 4

Dataset Hyper Parameters:
field_separator = 	
seq_separator =  
USER_ID_FIELD = user_id
ITEM_ID_FIELD = item_id
RATING_FIELD = rating
TIME_FIELD = timestamp
seq_len = None
LABEL_FIELD = label
threshold = None
NEG_PREFIX = neg_
load_col = {'inter': ['user_id', 'item_id', 'rating', 'timestamp'], 'kg': ['head_id', 'relation_id', 'tail_id'], 'link': ['item_id', 'entity_id']}
unload_col = None
unused_col = None
additional_feat_suffix = None
rm_dup_inter = None
val_interval = None
filter_inter_by_user_or_item = True
user_inter_num_interval = None
item_inter_num_interval = None
alias_of_user_id = None
alias_of_item_id = None
alias_of_entity_id = None
alias_of_relation_id = None
preload_weight = None
normalize_field = None
normalize_all = True
ITEM_LIST_LENGTH_FIELD = item_length
LIST_SUFFIX = _list
MAX_ITEM_LIST_LENGTH = 50
POSITION_FIELD = position_id
HEAD_ENTITY_ID_FIELD = head_id
TAIL_ENTITY_ID_FIELD = tail_id
RELATION_ID_FIELD = relation_id
ENTITY_ID_FIELD = entity_id
kg_reverse_r = False
entity_kg_num_interval = [0,inf)
relation_kg_num_interval = [0,inf)
benchmark_filename = None

Other Hyper Parameters: 
worker = 0
wandb_project = recbole
shuffle = True
require_pow = False
enable_amp = False
enable_scaler = False
transform = None
embedding_size = 64
kg_embedding_size = 64
layers = [64]
mess_dropout = 0.1
reg_weight = 1e-05
aggregator_type = bi
numerical_features = []
discretization = None
MODEL_TYPE = ModelType.KNOWLEDGE
is_swa = 1
is_momentum = 0
MODEL_INPUT_TYPE = InputType.PAIRWISE
eval_type = EvaluatorType.RANKING
single_spec = True
local_rank = 0
device = cpu
eval_neg_sample_args = {'distribution': 'uniform', 'sample_num': 'none'}


Mon 30 Jan 2023 22:49:41 INFO  Saving filtered dataset into [saved/ml-100k-dataset.pth]
Mon 30 Jan 2023 22:49:41 INFO  ml-100k
The number of users: 944
Average actions of users: 103.4506892895016
The number of items: 1599
Average actions of items: 61.04755944931164
The number of inters: 97554
The sparsity of the dataset: 93.53714185772888%
Remain Fields: ['entity_id', 'user_id', 'item_id', 'rating', 'timestamp', 'head_id', 'relation_id', 'tail_id']
The number of entities: 34629
The number of relations: 26
The number of triples: 91631
The number of items that have been linked to KG: 1598
Mon 30 Jan 2023 22:49:41 INFO  [Training]: train_batch_size = [2048] train_neg_sample_args: [{'distribution': 'uniform', 'sample_num': 1, 'alpha': 1.0, 'dynamic': False, 'candidate_num': 0}]
Mon 30 Jan 2023 22:49:41 INFO  [Evaluation]: eval_batch_size = [4096] eval_args: [{'split': {'RS': [0.8, 0.1, 0.1]}, 'group_by': 'user', 'order': 'RO', 'mode': 'full'}]
Mon 30 Jan 2023 22:49:42 INFO  KGAT(
  (user_embedding): Embedding(944, 64)
  (entity_embedding): Embedding(34629, 64)
  (relation_embedding): Embedding(26, 64)
  (trans_w): Embedding(26, 4096)
  (aggregator_layers): ModuleList(
    (0): Aggregator(
      (message_dropout): Dropout(p=0.1, inplace=False)
      (W1): Linear(in_features=64, out_features=64, bias=True)
      (W2): Linear(in_features=64, out_features=64, bias=True)
      (activation): LeakyReLU(negative_slope=0.01)
    )
  )
  (tanh): Tanh()
  (mf_loss): BPRLoss()
  (reg_loss): EmbLoss()
)
Trainable parameters: 2393152
Mon 30 Jan 2023 22:49:42 INFO  FLOPs: 291414016.0
Mon 30 Jan 2023 22:49:47 INFO  epoch 0 training [time: 4.25s, train_loss1: 19.0746, train_loss2: 40.2836]
Mon 30 Jan 2023 22:49:47 INFO  epoch 0 evaluating [time: 0.20s, valid_score: 0.125700]
Mon 30 Jan 2023 22:49:47 INFO  valid result: 
recall@10 : 0.049    mrr@10 : 0.1257    ndcg@10 : 0.0594    hit@10 : 0.3181    precision@10 : 0.0466
Mon 30 Jan 2023 22:49:47 INFO  Saving current: saved/KGAT-Jan-30-2023_22-49-42.pth
Mon 30 Jan 2023 22:49:52 INFO  epoch 1 training [time: 4.70s, train_loss1: 16.6586, train_loss2: 419.6353]
Mon 30 Jan 2023 22:49:52 INFO  epoch 1 evaluating [time: 0.25s, valid_score: 0.081900]
Mon 30 Jan 2023 22:49:52 INFO  valid result: 
recall@10 : 0.0346    mrr@10 : 0.0819    ndcg@10 : 0.0384    hit@10 : 0.2428    precision@10 : 0.0299
Mon 30 Jan 2023 22:49:58 INFO  epoch 2 training [time: 6.45s, train_loss1: 29.3341, train_loss2: 1136.8801]
Mon 30 Jan 2023 22:49:59 INFO  epoch 2 evaluating [time: 0.20s, valid_score: 0.110800]
Mon 30 Jan 2023 22:49:59 INFO  valid result: 
recall@10 : 0.0391    mrr@10 : 0.1108    ndcg@10 : 0.0477    hit@10 : 0.2821    precision@10 : 0.0361
Mon 30 Jan 2023 22:50:03 INFO  epoch 3 training [time: 4.63s, train_loss1: 35.7402, train_loss2: 1544.2105]
Mon 30 Jan 2023 22:50:03 INFO  epoch 3 evaluating [time: 0.20s, valid_score: 0.092000]
Mon 30 Jan 2023 22:50:03 INFO  valid result: 
recall@10 : 0.0348    mrr@10 : 0.092    ndcg@10 : 0.0407    hit@10 : 0.2725    precision@10 : 0.0341
Mon 30 Jan 2023 22:50:08 INFO  epoch 4 training [time: 4.60s, train_loss1: 38.5518, train_loss2: 1845.7801]
Mon 30 Jan 2023 22:50:08 INFO  epoch 4 evaluating [time: 0.21s, valid_score: 0.091300]
Mon 30 Jan 2023 22:50:08 INFO  valid result: 
recall@10 : 0.0384    mrr@10 : 0.0913    ndcg@10 : 0.0426    hit@10 : 0.2641    precision@10 : 0.0345
Mon 30 Jan 2023 22:50:13 INFO  epoch 5 training [time: 4.60s, train_loss1: 40.7704, train_loss2: 1812.5633]
Mon 30 Jan 2023 22:50:13 INFO  epoch 5 evaluating [time: 0.20s, valid_score: 0.086400]
Mon 30 Jan 2023 22:50:13 INFO  valid result: 
recall@10 : 0.03    mrr@10 : 0.0864    ndcg@10 : 0.0369    hit@10 : 0.2259    precision@10 : 0.0278
Mon 30 Jan 2023 22:50:17 INFO  epoch 6 training [time: 4.32s, train_loss1: 43.5022, train_loss2: 2136.9044]
Mon 30 Jan 2023 22:50:17 INFO  epoch 6 evaluating [time: 0.20s, valid_score: 0.071500]
Mon 30 Jan 2023 22:50:17 INFO  valid result: 
recall@10 : 0.0237    mrr@10 : 0.0715    ndcg@10 : 0.0312    hit@10 : 0.2131    precision@10 : 0.0265
Mon 30 Jan 2023 22:50:22 INFO  epoch 7 training [time: 4.18s, train_loss1: 46.0684, train_loss2: 2195.6337]
Mon 30 Jan 2023 22:50:22 INFO  epoch 7 evaluating [time: 0.19s, valid_score: 0.075800]
Mon 30 Jan 2023 22:50:22 INFO  valid result: 
recall@10 : 0.0309    mrr@10 : 0.0758    ndcg@10 : 0.0349    hit@10 : 0.2291    precision@10 : 0.0286
Mon 30 Jan 2023 22:50:26 INFO  epoch 8 training [time: 4.15s, train_loss1: 46.9074, train_loss2: 2548.0591]
Mon 30 Jan 2023 22:50:26 INFO  epoch 8 evaluating [time: 0.20s, valid_score: 0.087800]
Mon 30 Jan 2023 22:50:26 INFO  valid result: 
recall@10 : 0.025    mrr@10 : 0.0878    ndcg@10 : 0.0349    hit@10 : 0.2206    precision@10 : 0.0274
Mon 30 Jan 2023 22:50:30 INFO  epoch 9 training [time: 4.12s, train_loss1: 48.9653, train_loss2: 2642.0260]
Mon 30 Jan 2023 22:50:31 INFO  epoch 9 evaluating [time: 0.20s, valid_score: 0.095700]
Mon 30 Jan 2023 22:50:31 INFO  valid result: 
recall@10 : 0.0372    mrr@10 : 0.0957    ndcg@10 : 0.0428    hit@10 : 0.2694    precision@10 : 0.0331
Mon 30 Jan 2023 22:50:35 INFO  epoch 10 training [time: 4.15s, train_loss1: 50.3970, train_loss2: 2943.2629]
Mon 30 Jan 2023 22:50:35 INFO  epoch 10 evaluating [time: 0.19s, valid_score: 0.093600]
Mon 30 Jan 2023 22:50:35 INFO  valid result: 
recall@10 : 0.0341    mrr@10 : 0.0936    ndcg@10 : 0.0407    hit@10 : 0.2513    precision@10 : 0.0312
Mon 30 Jan 2023 22:50:39 INFO  epoch 11 training [time: 4.05s, train_loss1: 52.3488, train_loss2: 3408.3925]
Mon 30 Jan 2023 22:50:39 INFO  epoch 11 evaluating [time: 0.20s, valid_score: 0.093500]
Mon 30 Jan 2023 22:50:39 INFO  valid result: 
recall@10 : 0.0343    mrr@10 : 0.0935    ndcg@10 : 0.0411    hit@10 : 0.2545    precision@10 : 0.0332
Mon 30 Jan 2023 22:50:39 INFO  Finished training, best eval result in epoch 0
Mon 30 Jan 2023 22:50:39 INFO  Loading model structure and parameters from saved/KGAT-Jan-30-2023_22-49-42.pth
Mon 30 Jan 2023 22:50:39 INFO  best valid : OrderedDict([('recall@10', 0.049), ('mrr@10', 0.1257), ('ndcg@10', 0.0594), ('hit@10', 0.3181), ('precision@10', 0.0466)])
Mon 30 Jan 2023 22:50:39 INFO  test result: OrderedDict([('recall@10', 0.0513), ('mrr@10', 0.1462), ('ndcg@10', 0.0659), ('hit@10', 0.3457), ('precision@10', 0.0526)])
