Mon 30 Jan 2023 22:43:35 INFO  ['recbole_test.py', '--seed', '2020', '--aggr', 'bi', '--opti', 'adam', '--is_swa', 'true', '--is_momentum', 'false']
Mon 30 Jan 2023 22:43:35 INFO  
General Hyper Parameters:
gpu_id = 0
use_gpu = True
seed = 2020
state = INFO
reproducibility = True
data_path = /work/03/gu14/k36095/kgat_bai/recbole/config/../dataset_example/ml-100k
checkpoint_dir = saved
show_progress = True
save_dataset = True
dataset_save_path = None
save_dataloaders = False
dataloaders_save_path = None
log_wandb = False

Training Hyper Parameters:
epochs = 300
train_batch_size = 2048
learner = adam
learning_rate = 0.001
train_neg_sample_args = {'distribution': 'uniform', 'sample_num': 1, 'alpha': 1.0, 'dynamic': False, 'candidate_num': 0}
eval_step = 1
stopping_step = 10
clip_grad_norm = None
weight_decay = 0.0
loss_decimal_place = 4

Evaluation Hyper Parameters:
eval_args = {'split': {'RS': [0.8, 0.1, 0.1]}, 'group_by': 'user', 'order': 'RO', 'mode': 'full'}
repeatable = False
metrics = ['Recall', 'MRR', 'NDCG', 'Hit', 'Precision']
topk = [10]
valid_metric = MRR@10
valid_metric_bigger = True
eval_batch_size = 4096
metric_decimal_place = 4

Dataset Hyper Parameters:
field_separator = 	
seq_separator =  
USER_ID_FIELD = user_id
ITEM_ID_FIELD = item_id
RATING_FIELD = rating
TIME_FIELD = timestamp
seq_len = None
LABEL_FIELD = label
threshold = None
NEG_PREFIX = neg_
load_col = {'inter': ['user_id', 'item_id', 'rating', 'timestamp'], 'kg': ['head_id', 'relation_id', 'tail_id'], 'link': ['item_id', 'entity_id']}
unload_col = None
unused_col = None
additional_feat_suffix = None
rm_dup_inter = None
val_interval = None
filter_inter_by_user_or_item = True
user_inter_num_interval = None
item_inter_num_interval = None
alias_of_user_id = None
alias_of_item_id = None
alias_of_entity_id = None
alias_of_relation_id = None
preload_weight = None
normalize_field = None
normalize_all = True
ITEM_LIST_LENGTH_FIELD = item_length
LIST_SUFFIX = _list
MAX_ITEM_LIST_LENGTH = 50
POSITION_FIELD = position_id
HEAD_ENTITY_ID_FIELD = head_id
TAIL_ENTITY_ID_FIELD = tail_id
RELATION_ID_FIELD = relation_id
ENTITY_ID_FIELD = entity_id
kg_reverse_r = False
entity_kg_num_interval = [0,inf)
relation_kg_num_interval = [0,inf)
benchmark_filename = None

Other Hyper Parameters: 
worker = 0
wandb_project = recbole
shuffle = True
require_pow = False
enable_amp = False
enable_scaler = False
transform = None
embedding_size = 64
kg_embedding_size = 64
layers = [64]
mess_dropout = 0.1
reg_weight = 1e-05
aggregator_type = bi
numerical_features = []
discretization = None
MODEL_TYPE = ModelType.KNOWLEDGE
is_swa = 1
is_momentum = 0
MODEL_INPUT_TYPE = InputType.PAIRWISE
eval_type = EvaluatorType.RANKING
single_spec = True
local_rank = 0
device = cpu
eval_neg_sample_args = {'distribution': 'uniform', 'sample_num': 'none'}


Mon 30 Jan 2023 22:43:36 INFO  Saving filtered dataset into [saved/ml-100k-dataset.pth]
Mon 30 Jan 2023 22:43:36 INFO  ml-100k
The number of users: 944
Average actions of users: 103.4506892895016
The number of items: 1599
Average actions of items: 61.04755944931164
The number of inters: 97554
The sparsity of the dataset: 93.53714185772888%
Remain Fields: ['entity_id', 'user_id', 'item_id', 'rating', 'timestamp', 'head_id', 'relation_id', 'tail_id']
The number of entities: 34629
The number of relations: 26
The number of triples: 91631
The number of items that have been linked to KG: 1598
Mon 30 Jan 2023 22:43:36 INFO  [Training]: train_batch_size = [2048] train_neg_sample_args: [{'distribution': 'uniform', 'sample_num': 1, 'alpha': 1.0, 'dynamic': False, 'candidate_num': 0}]
Mon 30 Jan 2023 22:43:36 INFO  [Evaluation]: eval_batch_size = [4096] eval_args: [{'split': {'RS': [0.8, 0.1, 0.1]}, 'group_by': 'user', 'order': 'RO', 'mode': 'full'}]
Mon 30 Jan 2023 22:43:38 INFO  KGAT(
  (user_embedding): Embedding(944, 64)
  (entity_embedding): Embedding(34629, 64)
  (relation_embedding): Embedding(26, 64)
  (trans_w): Embedding(26, 4096)
  (aggregator_layers): ModuleList(
    (0): Aggregator(
      (message_dropout): Dropout(p=0.1, inplace=False)
      (W1): Linear(in_features=64, out_features=64, bias=True)
      (W2): Linear(in_features=64, out_features=64, bias=True)
      (activation): LeakyReLU(negative_slope=0.01)
    )
  )
  (tanh): Tanh()
  (mf_loss): BPRLoss()
  (reg_loss): EmbLoss()
)
Trainable parameters: 2393152
Mon 30 Jan 2023 22:43:38 INFO  FLOPs: 291414016.0
Mon 30 Jan 2023 22:43:42 INFO  epoch 0 training [time: 4.41s, train_loss1: 18.9101, train_loss2: 38.9722]
Mon 30 Jan 2023 22:43:42 INFO  epoch 0 evaluating [time: 0.20s, valid_score: 0.093400]
Mon 30 Jan 2023 22:43:42 INFO  valid result: 
recall@10 : 0.0419    mrr@10 : 0.0934    ndcg@10 : 0.0446    hit@10 : 0.2672    precision@10 : 0.0339
Mon 30 Jan 2023 22:43:42 INFO  Saving current: saved/KGAT-Jan-30-2023_22-43-38.pth
Mon 30 Jan 2023 22:43:46 INFO  epoch 1 training [time: 4.02s, train_loss1: 17.0743, train_loss2: 423.7605]
Mon 30 Jan 2023 22:43:47 INFO  epoch 1 evaluating [time: 0.23s, valid_score: 0.085800]
Mon 30 Jan 2023 22:43:47 INFO  valid result: 
recall@10 : 0.0311    mrr@10 : 0.0858    ndcg@10 : 0.0385    hit@10 : 0.2344    precision@10 : 0.0302
Mon 30 Jan 2023 22:43:53 INFO  epoch 2 training [time: 6.38s, train_loss1: 28.5167, train_loss2: 1151.9033]
Mon 30 Jan 2023 22:43:53 INFO  epoch 2 evaluating [time: 0.22s, valid_score: 0.096300]
Mon 30 Jan 2023 22:43:53 INFO  valid result: 
recall@10 : 0.0382    mrr@10 : 0.0963    ndcg@10 : 0.0437    hit@10 : 0.2492    precision@10 : 0.0319
Mon 30 Jan 2023 22:43:53 INFO  Saving current: saved/KGAT-Jan-30-2023_22-43-38.pth
Mon 30 Jan 2023 22:43:58 INFO  epoch 3 training [time: 4.54s, train_loss1: 35.7197, train_loss2: 1588.8164]
Mon 30 Jan 2023 22:43:58 INFO  epoch 3 evaluating [time: 0.20s, valid_score: 0.081900]
Mon 30 Jan 2023 22:43:58 INFO  valid result: 
recall@10 : 0.0301    mrr@10 : 0.0819    ndcg@10 : 0.0374    hit@10 : 0.2269    precision@10 : 0.0288
Mon 30 Jan 2023 22:44:02 INFO  epoch 4 training [time: 4.32s, train_loss1: 37.7735, train_loss2: 1752.6552]
Mon 30 Jan 2023 22:44:03 INFO  epoch 4 evaluating [time: 0.20s, valid_score: 0.082900]
Mon 30 Jan 2023 22:44:03 INFO  valid result: 
recall@10 : 0.0335    mrr@10 : 0.0829    ndcg@10 : 0.0378    hit@10 : 0.2439    precision@10 : 0.0301
Mon 30 Jan 2023 22:44:07 INFO  epoch 5 training [time: 4.23s, train_loss1: 41.9347, train_loss2: 1935.6879]
Mon 30 Jan 2023 22:44:07 INFO  epoch 5 evaluating [time: 0.20s, valid_score: 0.075900]
Mon 30 Jan 2023 22:44:07 INFO  valid result: 
recall@10 : 0.0306    mrr@10 : 0.0759    ndcg@10 : 0.0344    hit@10 : 0.2354    precision@10 : 0.0283
Mon 30 Jan 2023 22:44:11 INFO  epoch 6 training [time: 4.30s, train_loss1: 42.9272, train_loss2: 1891.6636]
Mon 30 Jan 2023 22:44:11 INFO  epoch 6 evaluating [time: 0.20s, valid_score: 0.078500]
Mon 30 Jan 2023 22:44:11 INFO  valid result: 
recall@10 : 0.0313    mrr@10 : 0.0785    ndcg@10 : 0.0355    hit@10 : 0.2312    precision@10 : 0.0282
Mon 30 Jan 2023 22:44:16 INFO  epoch 7 training [time: 4.14s, train_loss1: 43.8015, train_loss2: 1991.5258]
Mon 30 Jan 2023 22:44:16 INFO  epoch 7 evaluating [time: 0.20s, valid_score: 0.085000]
Mon 30 Jan 2023 22:44:16 INFO  valid result: 
recall@10 : 0.0338    mrr@10 : 0.085    ndcg@10 : 0.0382    hit@10 : 0.2365    precision@10 : 0.0303
Mon 30 Jan 2023 22:44:20 INFO  epoch 8 training [time: 4.05s, train_loss1: 46.3159, train_loss2: 2279.0335]
Mon 30 Jan 2023 22:44:20 INFO  epoch 8 evaluating [time: 0.20s, valid_score: 0.069600]
Mon 30 Jan 2023 22:44:20 INFO  valid result: 
recall@10 : 0.0318    mrr@10 : 0.0696    ndcg@10 : 0.0337    hit@10 : 0.228    precision@10 : 0.0283
Mon 30 Jan 2023 22:44:24 INFO  epoch 9 training [time: 4.09s, train_loss1: 47.8731, train_loss2: 2722.7159]
Mon 30 Jan 2023 22:44:24 INFO  epoch 9 evaluating [time: 0.24s, valid_score: 0.070300]
Mon 30 Jan 2023 22:44:24 INFO  valid result: 
recall@10 : 0.0314    mrr@10 : 0.0703    ndcg@10 : 0.0333    hit@10 : 0.2227    precision@10 : 0.0274
Mon 30 Jan 2023 22:44:28 INFO  epoch 10 training [time: 3.85s, train_loss1: 49.1388, train_loss2: 3057.6724]
Mon 30 Jan 2023 22:44:28 INFO  epoch 10 evaluating [time: 0.19s, valid_score: 0.087100]
Mon 30 Jan 2023 22:44:28 INFO  valid result: 
recall@10 : 0.0336    mrr@10 : 0.0871    ndcg@10 : 0.0386    hit@10 : 0.245    precision@10 : 0.0309
Mon 30 Jan 2023 22:44:32 INFO  epoch 11 training [time: 3.97s, train_loss1: 52.1795, train_loss2: 3116.3886]
Mon 30 Jan 2023 22:44:33 INFO  epoch 11 evaluating [time: 0.19s, valid_score: 0.073600]
Mon 30 Jan 2023 22:44:33 INFO  valid result: 
recall@10 : 0.0289    mrr@10 : 0.0736    ndcg@10 : 0.0335    hit@10 : 0.2216    precision@10 : 0.0274
Mon 30 Jan 2023 22:44:37 INFO  epoch 12 training [time: 3.95s, train_loss1: 55.3032, train_loss2: 3786.5904]
Mon 30 Jan 2023 22:44:37 INFO  epoch 12 evaluating [time: 0.20s, valid_score: 0.076300]
Mon 30 Jan 2023 22:44:37 INFO  valid result: 
recall@10 : 0.0273    mrr@10 : 0.0763    ndcg@10 : 0.0333    hit@10 : 0.2089    precision@10 : 0.0267
Mon 30 Jan 2023 22:44:41 INFO  epoch 13 training [time: 4.30s, train_loss1: 56.1578, train_loss2: 3921.5270]
Mon 30 Jan 2023 22:44:41 INFO  epoch 13 evaluating [time: 0.19s, valid_score: 0.077000]
Mon 30 Jan 2023 22:44:41 INFO  valid result: 
recall@10 : 0.0299    mrr@10 : 0.077    ndcg@10 : 0.0342    hit@10 : 0.2259    precision@10 : 0.0281
Mon 30 Jan 2023 22:44:41 INFO  Finished training, best eval result in epoch 2
Mon 30 Jan 2023 22:44:41 INFO  Loading model structure and parameters from saved/KGAT-Jan-30-2023_22-43-38.pth
Mon 30 Jan 2023 22:44:41 INFO  best valid : OrderedDict([('recall@10', 0.0382), ('mrr@10', 0.0963), ('ndcg@10', 0.0437), ('hit@10', 0.2492), ('precision@10', 0.0319)])
Mon 30 Jan 2023 22:44:41 INFO  test result: OrderedDict([('recall@10', 0.0427), ('mrr@10', 0.1021), ('ndcg@10', 0.0473), ('hit@10', 0.2694), ('precision@10', 0.035)])
