Mon 30 Jan 2023 22:42:17 INFO  ['recbole_test.py', '--seed', '2020', '--aggr', 'bi', '--opti', 'adam', '--is_swa', 'true', '--is_momentum', 'false']
Mon 30 Jan 2023 22:42:17 INFO  
General Hyper Parameters:
gpu_id = 0
use_gpu = True
seed = 2020
state = INFO
reproducibility = True
data_path = /work/03/gu14/k36095/kgat_bai/recbole/config/../dataset_example/ml-100k
checkpoint_dir = saved
show_progress = True
save_dataset = True
dataset_save_path = None
save_dataloaders = False
dataloaders_save_path = None
log_wandb = False

Training Hyper Parameters:
epochs = 300
train_batch_size = 2048
learner = adam
learning_rate = 0.001
train_neg_sample_args = {'distribution': 'uniform', 'sample_num': 1, 'alpha': 1.0, 'dynamic': False, 'candidate_num': 0}
eval_step = 1
stopping_step = 10
clip_grad_norm = None
weight_decay = 0.0
loss_decimal_place = 4

Evaluation Hyper Parameters:
eval_args = {'split': {'RS': [0.8, 0.1, 0.1]}, 'group_by': 'user', 'order': 'RO', 'mode': 'full'}
repeatable = False
metrics = ['Recall', 'MRR', 'NDCG', 'Hit', 'Precision']
topk = [10]
valid_metric = MRR@10
valid_metric_bigger = True
eval_batch_size = 4096
metric_decimal_place = 4

Dataset Hyper Parameters:
field_separator = 	
seq_separator =  
USER_ID_FIELD = user_id
ITEM_ID_FIELD = item_id
RATING_FIELD = rating
TIME_FIELD = timestamp
seq_len = None
LABEL_FIELD = label
threshold = None
NEG_PREFIX = neg_
load_col = {'inter': ['user_id', 'item_id', 'rating', 'timestamp'], 'kg': ['head_id', 'relation_id', 'tail_id'], 'link': ['item_id', 'entity_id']}
unload_col = None
unused_col = None
additional_feat_suffix = None
rm_dup_inter = None
val_interval = None
filter_inter_by_user_or_item = True
user_inter_num_interval = None
item_inter_num_interval = None
alias_of_user_id = None
alias_of_item_id = None
alias_of_entity_id = None
alias_of_relation_id = None
preload_weight = None
normalize_field = None
normalize_all = True
ITEM_LIST_LENGTH_FIELD = item_length
LIST_SUFFIX = _list
MAX_ITEM_LIST_LENGTH = 50
POSITION_FIELD = position_id
HEAD_ENTITY_ID_FIELD = head_id
TAIL_ENTITY_ID_FIELD = tail_id
RELATION_ID_FIELD = relation_id
ENTITY_ID_FIELD = entity_id
kg_reverse_r = False
entity_kg_num_interval = [0,inf)
relation_kg_num_interval = [0,inf)
benchmark_filename = None

Other Hyper Parameters: 
worker = 0
wandb_project = recbole
shuffle = True
require_pow = False
enable_amp = False
enable_scaler = False
transform = None
embedding_size = 64
kg_embedding_size = 64
layers = [64]
mess_dropout = 0.1
reg_weight = 1e-05
aggregator_type = bi
numerical_features = []
discretization = None
MODEL_TYPE = ModelType.KNOWLEDGE
is_swa = 1
is_momentum = 0
MODEL_INPUT_TYPE = InputType.PAIRWISE
eval_type = EvaluatorType.RANKING
single_spec = True
local_rank = 0
device = cpu
eval_neg_sample_args = {'distribution': 'uniform', 'sample_num': 'none'}


Mon 30 Jan 2023 22:42:18 INFO  Saving filtered dataset into [saved/ml-100k-dataset.pth]
Mon 30 Jan 2023 22:42:18 INFO  ml-100k
The number of users: 944
Average actions of users: 103.4506892895016
The number of items: 1599
Average actions of items: 61.04755944931164
The number of inters: 97554
The sparsity of the dataset: 93.53714185772888%
Remain Fields: ['entity_id', 'user_id', 'item_id', 'rating', 'timestamp', 'head_id', 'relation_id', 'tail_id']
The number of entities: 34629
The number of relations: 26
The number of triples: 91631
The number of items that have been linked to KG: 1598
Mon 30 Jan 2023 22:42:19 INFO  [Training]: train_batch_size = [2048] train_neg_sample_args: [{'distribution': 'uniform', 'sample_num': 1, 'alpha': 1.0, 'dynamic': False, 'candidate_num': 0}]
Mon 30 Jan 2023 22:42:19 INFO  [Evaluation]: eval_batch_size = [4096] eval_args: [{'split': {'RS': [0.8, 0.1, 0.1]}, 'group_by': 'user', 'order': 'RO', 'mode': 'full'}]
Mon 30 Jan 2023 22:42:20 INFO  KGAT(
  (user_embedding): Embedding(944, 64)
  (entity_embedding): Embedding(34629, 64)
  (relation_embedding): Embedding(26, 64)
  (trans_w): Embedding(26, 4096)
  (aggregator_layers): ModuleList(
    (0): Aggregator(
      (message_dropout): Dropout(p=0.1, inplace=False)
      (W1): Linear(in_features=64, out_features=64, bias=True)
      (W2): Linear(in_features=64, out_features=64, bias=True)
      (activation): LeakyReLU(negative_slope=0.01)
    )
  )
  (tanh): Tanh()
  (mf_loss): BPRLoss()
  (reg_loss): EmbLoss()
)
Trainable parameters: 2393152
Mon 30 Jan 2023 22:42:21 INFO  FLOPs: 291414016.0
Mon 30 Jan 2023 22:42:26 INFO  epoch 0 training [time: 5.29s, train_loss1: 18.9101, train_loss2: 38.9727]
Mon 30 Jan 2023 22:42:26 INFO  epoch 0 evaluating [time: 0.20s, valid_score: 0.093400]
Mon 30 Jan 2023 22:42:26 INFO  valid result: 
recall@10 : 0.0419    mrr@10 : 0.0934    ndcg@10 : 0.0446    hit@10 : 0.2672    precision@10 : 0.0339
Mon 30 Jan 2023 22:42:26 INFO  Saving current: saved/KGAT-Jan-30-2023_22-42-21.pth
Mon 30 Jan 2023 22:42:31 INFO  epoch 1 training [time: 4.36s, train_loss1: 17.0728, train_loss2: 429.9633]
Mon 30 Jan 2023 22:42:31 INFO  epoch 1 evaluating [time: 0.25s, valid_score: 0.084000]
Mon 30 Jan 2023 22:42:31 INFO  valid result: 
recall@10 : 0.0398    mrr@10 : 0.084    ndcg@10 : 0.0419    hit@10 : 0.2619    precision@10 : 0.033
Mon 30 Jan 2023 22:42:37 INFO  epoch 2 training [time: 6.07s, train_loss1: 28.3805, train_loss2: 1172.0894]
Mon 30 Jan 2023 22:42:37 INFO  epoch 2 evaluating [time: 0.20s, valid_score: 0.099500]
Mon 30 Jan 2023 22:42:37 INFO  valid result: 
recall@10 : 0.0421    mrr@10 : 0.0995    ndcg@10 : 0.0463    hit@10 : 0.2747    precision@10 : 0.0368
Mon 30 Jan 2023 22:42:37 INFO  Saving current: saved/KGAT-Jan-30-2023_22-42-21.pth
Mon 30 Jan 2023 22:42:42 INFO  epoch 3 training [time: 4.31s, train_loss1: 36.1507, train_loss2: 1572.8568]
Mon 30 Jan 2023 22:42:42 INFO  epoch 3 evaluating [time: 0.20s, valid_score: 0.089400]
Mon 30 Jan 2023 22:42:42 INFO  valid result: 
recall@10 : 0.0332    mrr@10 : 0.0894    ndcg@10 : 0.0398    hit@10 : 0.2577    precision@10 : 0.0321
Mon 30 Jan 2023 22:42:46 INFO  epoch 4 training [time: 4.14s, train_loss1: 39.3099, train_loss2: 1768.8492]
Mon 30 Jan 2023 22:42:46 INFO  epoch 4 evaluating [time: 0.20s, valid_score: 0.081600]
Mon 30 Jan 2023 22:42:46 INFO  valid result: 
recall@10 : 0.035    mrr@10 : 0.0816    ndcg@10 : 0.0379    hit@10 : 0.2365    precision@10 : 0.0292
Mon 30 Jan 2023 22:42:50 INFO  epoch 5 training [time: 3.91s, train_loss1: 41.8616, train_loss2: 1931.5609]
Mon 30 Jan 2023 22:42:50 INFO  epoch 5 evaluating [time: 0.20s, valid_score: 0.086000]
Mon 30 Jan 2023 22:42:50 INFO  valid result: 
recall@10 : 0.0298    mrr@10 : 0.086    ndcg@10 : 0.0364    hit@10 : 0.2365    precision@10 : 0.0302
Mon 30 Jan 2023 22:42:54 INFO  epoch 6 training [time: 3.93s, train_loss1: 44.6120, train_loss2: 1997.3076]
Mon 30 Jan 2023 22:42:54 INFO  epoch 6 evaluating [time: 0.21s, valid_score: 0.093700]
Mon 30 Jan 2023 22:42:54 INFO  valid result: 
recall@10 : 0.0333    mrr@10 : 0.0937    ndcg@10 : 0.0402    hit@10 : 0.2694    precision@10 : 0.0343
Mon 30 Jan 2023 22:42:58 INFO  epoch 7 training [time: 3.85s, train_loss1: 45.1519, train_loss2: 2356.6655]
Mon 30 Jan 2023 22:42:58 INFO  epoch 7 evaluating [time: 0.20s, valid_score: 0.069100]
Mon 30 Jan 2023 22:42:58 INFO  valid result: 
recall@10 : 0.0323    mrr@10 : 0.0691    ndcg@10 : 0.0333    hit@10 : 0.2365    precision@10 : 0.0277
Mon 30 Jan 2023 22:43:02 INFO  epoch 8 training [time: 3.75s, train_loss1: 48.1311, train_loss2: 2427.3319]
Mon 30 Jan 2023 22:43:02 INFO  epoch 8 evaluating [time: 0.19s, valid_score: 0.080100]
Mon 30 Jan 2023 22:43:02 INFO  valid result: 
recall@10 : 0.0338    mrr@10 : 0.0801    ndcg@10 : 0.037    hit@10 : 0.2312    precision@10 : 0.0295
Mon 30 Jan 2023 22:43:06 INFO  epoch 9 training [time: 3.79s, train_loss1: 49.7089, train_loss2: 2747.7244]
Mon 30 Jan 2023 22:43:06 INFO  epoch 9 evaluating [time: 0.19s, valid_score: 0.084900]
Mon 30 Jan 2023 22:43:06 INFO  valid result: 
recall@10 : 0.0306    mrr@10 : 0.0849    ndcg@10 : 0.0364    hit@10 : 0.2407    precision@10 : 0.0285
Mon 30 Jan 2023 22:43:10 INFO  epoch 10 training [time: 3.79s, train_loss1: 51.0802, train_loss2: 2825.9948]
Mon 30 Jan 2023 22:43:10 INFO  epoch 10 evaluating [time: 0.19s, valid_score: 0.088100]
Mon 30 Jan 2023 22:43:10 INFO  valid result: 
recall@10 : 0.0364    mrr@10 : 0.0881    ndcg@10 : 0.0404    hit@10 : 0.2598    precision@10 : 0.0324
Mon 30 Jan 2023 22:43:14 INFO  epoch 11 training [time: 4.07s, train_loss1: 51.6331, train_loss2: 2978.4415]
Mon 30 Jan 2023 22:43:15 INFO  epoch 11 evaluating [time: 0.19s, valid_score: 0.096900]
Mon 30 Jan 2023 22:43:15 INFO  valid result: 
recall@10 : 0.038    mrr@10 : 0.0969    ndcg@10 : 0.0435    hit@10 : 0.2715    precision@10 : 0.0352
Mon 30 Jan 2023 22:43:18 INFO  epoch 12 training [time: 3.89s, train_loss1: 53.2766, train_loss2: 2698.5609]
Mon 30 Jan 2023 22:43:19 INFO  epoch 12 evaluating [time: 0.25s, valid_score: 0.098100]
Mon 30 Jan 2023 22:43:19 INFO  valid result: 
recall@10 : 0.04    mrr@10 : 0.0981    ndcg@10 : 0.0441    hit@10 : 0.2556    precision@10 : 0.0322
Mon 30 Jan 2023 22:43:23 INFO  epoch 13 training [time: 4.73s, train_loss1: 53.8811, train_loss2: 3266.5123]
Mon 30 Jan 2023 22:43:24 INFO  epoch 13 evaluating [time: 0.19s, valid_score: 0.097500]
Mon 30 Jan 2023 22:43:24 INFO  valid result: 
recall@10 : 0.0428    mrr@10 : 0.0975    ndcg@10 : 0.0457    hit@10 : 0.2747    precision@10 : 0.0345
Mon 30 Jan 2023 22:43:24 INFO  Finished training, best eval result in epoch 2
Mon 30 Jan 2023 22:43:24 INFO  Loading model structure and parameters from saved/KGAT-Jan-30-2023_22-42-21.pth
Mon 30 Jan 2023 22:43:24 INFO  best valid : OrderedDict([('recall@10', 0.0421), ('mrr@10', 0.0995), ('ndcg@10', 0.0463), ('hit@10', 0.2747), ('precision@10', 0.0368)])
Mon 30 Jan 2023 22:43:24 INFO  test result: OrderedDict([('recall@10', 0.0409), ('mrr@10', 0.0911), ('ndcg@10', 0.0441), ('hit@10', 0.2704), ('precision@10', 0.0352)])
