Mon 30 Jan 2023 22:02:19 INFO  ['recbole_test.py', '--seed', '2024', '--aggr', 'bi', '--opti', 'rmsprop', '--is_swa', 'true', '--is_momentum', 'false']
Mon 30 Jan 2023 22:02:19 INFO  
General Hyper Parameters:
gpu_id = 0
use_gpu = True
seed = 2024
state = INFO
reproducibility = True
data_path = /work/03/gu14/k36095/kgat_bai/recbole/config/../dataset_example/ml-100k
checkpoint_dir = saved
show_progress = True
save_dataset = True
dataset_save_path = None
save_dataloaders = False
dataloaders_save_path = None
log_wandb = False

Training Hyper Parameters:
epochs = 300
train_batch_size = 2048
learner = rmsprop
learning_rate = 0.001
train_neg_sample_args = {'distribution': 'uniform', 'sample_num': 1, 'alpha': 1.0, 'dynamic': False, 'candidate_num': 0}
eval_step = 1
stopping_step = 10
clip_grad_norm = None
weight_decay = 0.0
loss_decimal_place = 4

Evaluation Hyper Parameters:
eval_args = {'split': {'RS': [0.8, 0.1, 0.1]}, 'group_by': 'user', 'order': 'RO', 'mode': 'full'}
repeatable = False
metrics = ['Recall', 'MRR', 'NDCG', 'Hit', 'Precision']
topk = [10]
valid_metric = MRR@10
valid_metric_bigger = True
eval_batch_size = 4096
metric_decimal_place = 4

Dataset Hyper Parameters:
field_separator = 	
seq_separator =  
USER_ID_FIELD = user_id
ITEM_ID_FIELD = item_id
RATING_FIELD = rating
TIME_FIELD = timestamp
seq_len = None
LABEL_FIELD = label
threshold = None
NEG_PREFIX = neg_
load_col = {'inter': ['user_id', 'item_id', 'rating', 'timestamp'], 'kg': ['head_id', 'relation_id', 'tail_id'], 'link': ['item_id', 'entity_id']}
unload_col = None
unused_col = None
additional_feat_suffix = None
rm_dup_inter = None
val_interval = None
filter_inter_by_user_or_item = True
user_inter_num_interval = None
item_inter_num_interval = None
alias_of_user_id = None
alias_of_item_id = None
alias_of_entity_id = None
alias_of_relation_id = None
preload_weight = None
normalize_field = None
normalize_all = True
ITEM_LIST_LENGTH_FIELD = item_length
LIST_SUFFIX = _list
MAX_ITEM_LIST_LENGTH = 50
POSITION_FIELD = position_id
HEAD_ENTITY_ID_FIELD = head_id
TAIL_ENTITY_ID_FIELD = tail_id
RELATION_ID_FIELD = relation_id
ENTITY_ID_FIELD = entity_id
kg_reverse_r = False
entity_kg_num_interval = [0,inf)
relation_kg_num_interval = [0,inf)
benchmark_filename = None

Other Hyper Parameters: 
worker = 0
wandb_project = recbole
shuffle = True
require_pow = False
enable_amp = False
enable_scaler = False
transform = None
embedding_size = 64
kg_embedding_size = 64
layers = [64]
mess_dropout = 0.1
reg_weight = 1e-05
aggregator_type = bi
numerical_features = []
discretization = None
MODEL_TYPE = ModelType.KNOWLEDGE
is_swa = 1
is_momentum = 0
MODEL_INPUT_TYPE = InputType.PAIRWISE
eval_type = EvaluatorType.RANKING
single_spec = True
local_rank = 0
device = cpu
eval_neg_sample_args = {'distribution': 'uniform', 'sample_num': 'none'}


Mon 30 Jan 2023 22:02:19 INFO  Saving filtered dataset into [saved/ml-100k-dataset.pth]
Mon 30 Jan 2023 22:02:20 INFO  ml-100k
The number of users: 944
Average actions of users: 103.4506892895016
The number of items: 1599
Average actions of items: 61.04755944931164
The number of inters: 97554
The sparsity of the dataset: 93.53714185772888%
Remain Fields: ['entity_id', 'user_id', 'item_id', 'rating', 'timestamp', 'head_id', 'relation_id', 'tail_id']
The number of entities: 34629
The number of relations: 26
The number of triples: 91631
The number of items that have been linked to KG: 1598
Mon 30 Jan 2023 22:02:20 INFO  [Training]: train_batch_size = [2048] train_neg_sample_args: [{'distribution': 'uniform', 'sample_num': 1, 'alpha': 1.0, 'dynamic': False, 'candidate_num': 0}]
Mon 30 Jan 2023 22:02:20 INFO  [Evaluation]: eval_batch_size = [4096] eval_args: [{'split': {'RS': [0.8, 0.1, 0.1]}, 'group_by': 'user', 'order': 'RO', 'mode': 'full'}]
Mon 30 Jan 2023 22:02:21 INFO  KGAT(
  (user_embedding): Embedding(944, 64)
  (entity_embedding): Embedding(34629, 64)
  (relation_embedding): Embedding(26, 64)
  (trans_w): Embedding(26, 4096)
  (aggregator_layers): ModuleList(
    (0): Aggregator(
      (message_dropout): Dropout(p=0.1, inplace=False)
      (W1): Linear(in_features=64, out_features=64, bias=True)
      (W2): Linear(in_features=64, out_features=64, bias=True)
      (activation): LeakyReLU(negative_slope=0.01)
    )
  )
  (tanh): Tanh()
  (mf_loss): BPRLoss()
  (reg_loss): EmbLoss()
)
Trainable parameters: 2393152
Mon 30 Jan 2023 22:02:21 INFO  FLOPs: 291414016.0
Mon 30 Jan 2023 22:02:26 INFO  epoch 0 training [time: 4.80s, train_loss1: 21.8024, train_loss2: 3125.3296]
Mon 30 Jan 2023 22:02:26 INFO  epoch 0 evaluating [time: 0.25s, valid_score: 0.043100]
Mon 30 Jan 2023 22:02:26 INFO  valid result: 
recall@10 : 0.0172    mrr@10 : 0.0431    ndcg@10 : 0.0196    hit@10 : 0.1463    precision@10 : 0.0168
Mon 30 Jan 2023 22:02:26 INFO  Saving current: saved/KGAT-Jan-30-2023_22-02-21.pth
Mon 30 Jan 2023 22:02:35 INFO  epoch 1 training [time: 8.77s, train_loss1: 35.7555, train_loss2: 238.7519]
Mon 30 Jan 2023 22:02:35 INFO  epoch 1 evaluating [time: 0.26s, valid_score: 0.104900]
Mon 30 Jan 2023 22:02:35 INFO  valid result: 
recall@10 : 0.0374    mrr@10 : 0.1049    ndcg@10 : 0.0472    hit@10 : 0.2619    precision@10 : 0.0357
Mon 30 Jan 2023 22:02:35 INFO  Saving current: saved/KGAT-Jan-30-2023_22-02-21.pth
Mon 30 Jan 2023 22:02:44 INFO  epoch 2 training [time: 9.26s, train_loss1: 22.1040, train_loss2: 187.9754]
Mon 30 Jan 2023 22:02:45 INFO  epoch 2 evaluating [time: 0.27s, valid_score: 0.130200]
Mon 30 Jan 2023 22:02:45 INFO  valid result: 
recall@10 : 0.0451    mrr@10 : 0.1302    ndcg@10 : 0.0591    hit@10 : 0.3266    precision@10 : 0.0462
Mon 30 Jan 2023 22:02:45 INFO  Saving current: saved/KGAT-Jan-30-2023_22-02-21.pth
Mon 30 Jan 2023 22:02:54 INFO  epoch 3 training [time: 9.50s, train_loss1: 18.8078, train_loss2: 755.5018]
Mon 30 Jan 2023 22:02:55 INFO  epoch 3 evaluating [time: 0.25s, valid_score: 0.131500]
Mon 30 Jan 2023 22:02:55 INFO  valid result: 
recall@10 : 0.0495    mrr@10 : 0.1315    ndcg@10 : 0.0604    hit@10 : 0.3478    precision@10 : 0.0492
Mon 30 Jan 2023 22:02:55 INFO  Saving current: saved/KGAT-Jan-30-2023_22-02-21.pth
Mon 30 Jan 2023 22:03:03 INFO  epoch 4 training [time: 8.00s, train_loss1: 19.6235, train_loss2: 339.6951]
Mon 30 Jan 2023 22:03:03 INFO  epoch 4 evaluating [time: 0.23s, valid_score: 0.122500]
Mon 30 Jan 2023 22:03:03 INFO  valid result: 
recall@10 : 0.0511    mrr@10 : 0.1225    ndcg@10 : 0.059    hit@10 : 0.3383    precision@10 : 0.0479
Mon 30 Jan 2023 22:03:09 INFO  epoch 5 training [time: 6.03s, train_loss1: 20.0325, train_loss2: 816.6588]
Mon 30 Jan 2023 22:03:09 INFO  epoch 5 evaluating [time: 0.21s, valid_score: 0.151400]
Mon 30 Jan 2023 22:03:09 INFO  valid result: 
recall@10 : 0.0528    mrr@10 : 0.1514    ndcg@10 : 0.069    hit@10 : 0.3574    precision@10 : 0.053
Mon 30 Jan 2023 22:03:09 INFO  Saving current: saved/KGAT-Jan-30-2023_22-02-21.pth
Mon 30 Jan 2023 22:03:14 INFO  epoch 6 training [time: 5.12s, train_loss1: 21.9620, train_loss2: 469.5798]
Mon 30 Jan 2023 22:03:15 INFO  epoch 6 evaluating [time: 0.24s, valid_score: 0.141600]
Mon 30 Jan 2023 22:03:15 INFO  valid result: 
recall@10 : 0.0544    mrr@10 : 0.1416    ndcg@10 : 0.0641    hit@10 : 0.3712    precision@10 : 0.051
Mon 30 Jan 2023 22:03:20 INFO  epoch 7 training [time: 5.36s, train_loss1: 22.0290, train_loss2: 447.9399]
Mon 30 Jan 2023 22:03:20 INFO  epoch 7 evaluating [time: 0.24s, valid_score: 0.147900]
Mon 30 Jan 2023 22:03:20 INFO  valid result: 
recall@10 : 0.0566    mrr@10 : 0.1479    ndcg@10 : 0.0676    hit@10 : 0.3754    precision@10 : 0.0532
Mon 30 Jan 2023 22:03:25 INFO  epoch 8 training [time: 4.79s, train_loss1: 21.6439, train_loss2: 1076.1453]
Mon 30 Jan 2023 22:03:25 INFO  epoch 8 evaluating [time: 0.23s, valid_score: 0.141400]
Mon 30 Jan 2023 22:03:25 INFO  valid result: 
recall@10 : 0.0633    mrr@10 : 0.1414    ndcg@10 : 0.0708    hit@10 : 0.3754    precision@10 : 0.0543
Mon 30 Jan 2023 22:03:30 INFO  epoch 9 training [time: 4.72s, train_loss1: 23.8119, train_loss2: 462.2719]
Mon 30 Jan 2023 22:03:30 INFO  epoch 9 evaluating [time: 0.20s, valid_score: 0.148200]
Mon 30 Jan 2023 22:03:30 INFO  valid result: 
recall@10 : 0.0579    mrr@10 : 0.1482    ndcg@10 : 0.0705    hit@10 : 0.3669    precision@10 : 0.0564
Mon 30 Jan 2023 22:03:35 INFO  epoch 10 training [time: 4.62s, train_loss1: 23.3375, train_loss2: 893.6627]
Mon 30 Jan 2023 22:03:35 INFO  epoch 10 evaluating [time: 0.20s, valid_score: 0.150800]
Mon 30 Jan 2023 22:03:35 INFO  valid result: 
recall@10 : 0.0551    mrr@10 : 0.1508    ndcg@10 : 0.0696    hit@10 : 0.3584    precision@10 : 0.053
Mon 30 Jan 2023 22:03:39 INFO  epoch 11 training [time: 4.52s, train_loss1: 23.6880, train_loss2: 475.7601]
Mon 30 Jan 2023 22:03:40 INFO  epoch 11 evaluating [time: 0.23s, valid_score: 0.162300]
Mon 30 Jan 2023 22:03:40 INFO  valid result: 
recall@10 : 0.0648    mrr@10 : 0.1623    ndcg@10 : 0.0763    hit@10 : 0.3998    precision@10 : 0.0584
Mon 30 Jan 2023 22:03:40 INFO  Saving current: saved/KGAT-Jan-30-2023_22-02-21.pth
Mon 30 Jan 2023 22:03:44 INFO  epoch 12 training [time: 4.66s, train_loss1: 23.4239, train_loss2: 1017.4726]
Mon 30 Jan 2023 22:03:45 INFO  epoch 12 evaluating [time: 0.20s, valid_score: 0.144500]
Mon 30 Jan 2023 22:03:45 INFO  valid result: 
recall@10 : 0.0571    mrr@10 : 0.1445    ndcg@10 : 0.0682    hit@10 : 0.3637    precision@10 : 0.0525
Mon 30 Jan 2023 22:03:49 INFO  epoch 13 training [time: 4.48s, train_loss1: 24.7418, train_loss2: 578.5036]
Mon 30 Jan 2023 22:03:49 INFO  epoch 13 evaluating [time: 0.21s, valid_score: 0.147000]
Mon 30 Jan 2023 22:03:49 INFO  valid result: 
recall@10 : 0.0564    mrr@10 : 0.147    ndcg@10 : 0.0698    hit@10 : 0.3754    precision@10 : 0.0545
Mon 30 Jan 2023 22:03:54 INFO  epoch 14 training [time: 4.62s, train_loss1: 24.9772, train_loss2: 590.3830]
Mon 30 Jan 2023 22:03:54 INFO  epoch 14 evaluating [time: 0.20s, valid_score: 0.139700]
Mon 30 Jan 2023 22:03:54 INFO  valid result: 
recall@10 : 0.0535    mrr@10 : 0.1397    ndcg@10 : 0.0662    hit@10 : 0.3574    precision@10 : 0.0513
Mon 30 Jan 2023 22:03:59 INFO  epoch 15 training [time: 4.55s, train_loss1: 24.4622, train_loss2: 1499.0114]
Mon 30 Jan 2023 22:03:59 INFO  epoch 15 evaluating [time: 0.21s, valid_score: 0.141700]
Mon 30 Jan 2023 22:03:59 INFO  valid result: 
recall@10 : 0.0636    mrr@10 : 0.1417    ndcg@10 : 0.0713    hit@10 : 0.3743    precision@10 : 0.0544
Mon 30 Jan 2023 22:04:03 INFO  epoch 16 training [time: 4.50s, train_loss1: 25.2548, train_loss2: 635.3221]
Mon 30 Jan 2023 22:04:04 INFO  epoch 16 evaluating [time: 0.20s, valid_score: 0.152500]
Mon 30 Jan 2023 22:04:04 INFO  valid result: 
recall@10 : 0.0658    mrr@10 : 0.1525    ndcg@10 : 0.0745    hit@10 : 0.3796    precision@10 : 0.0554
Mon 30 Jan 2023 22:04:08 INFO  epoch 17 training [time: 4.80s, train_loss1: 25.2297, train_loss2: 601.6055]
Mon 30 Jan 2023 22:04:09 INFO  epoch 17 evaluating [time: 0.23s, valid_score: 0.155000]
Mon 30 Jan 2023 22:04:09 INFO  valid result: 
recall@10 : 0.0692    mrr@10 : 0.155    ndcg@10 : 0.0758    hit@10 : 0.3828    precision@10 : 0.0571
Mon 30 Jan 2023 22:04:13 INFO  epoch 18 training [time: 4.81s, train_loss1: 25.6277, train_loss2: 1294.4043]
Mon 30 Jan 2023 22:04:14 INFO  epoch 18 evaluating [time: 0.23s, valid_score: 0.152400]
Mon 30 Jan 2023 22:04:14 INFO  valid result: 
recall@10 : 0.0641    mrr@10 : 0.1524    ndcg@10 : 0.0721    hit@10 : 0.3902    precision@10 : 0.0563
Mon 30 Jan 2023 22:04:18 INFO  epoch 19 training [time: 4.38s, train_loss1: 25.7879, train_loss2: 716.5730]
Mon 30 Jan 2023 22:04:18 INFO  epoch 19 evaluating [time: 0.20s, valid_score: 0.144300]
Mon 30 Jan 2023 22:04:18 INFO  valid result: 
recall@10 : 0.064    mrr@10 : 0.1443    ndcg@10 : 0.0724    hit@10 : 0.3881    precision@10 : 0.0575
Mon 30 Jan 2023 22:04:22 INFO  epoch 20 training [time: 4.26s, train_loss1: 26.1024, train_loss2: 757.4191]
Mon 30 Jan 2023 22:04:23 INFO  epoch 20 evaluating [time: 0.20s, valid_score: 0.144900]
Mon 30 Jan 2023 22:04:23 INFO  valid result: 
recall@10 : 0.0642    mrr@10 : 0.1449    ndcg@10 : 0.0712    hit@10 : 0.386    precision@10 : 0.0574
Mon 30 Jan 2023 22:04:27 INFO  epoch 21 training [time: 4.36s, train_loss1: 25.9626, train_loss2: 1539.6257]
Mon 30 Jan 2023 22:04:27 INFO  epoch 21 evaluating [time: 0.20s, valid_score: 0.163300]
Mon 30 Jan 2023 22:04:27 INFO  valid result: 
recall@10 : 0.0678    mrr@10 : 0.1633    ndcg@10 : 0.0777    hit@10 : 0.3998    precision@10 : 0.0593
Mon 30 Jan 2023 22:04:27 INFO  Saving current: saved/KGAT-Jan-30-2023_22-02-21.pth
Mon 30 Jan 2023 22:04:32 INFO  epoch 22 training [time: 4.37s, train_loss1: 27.1558, train_loss2: 771.3568]
Mon 30 Jan 2023 22:04:32 INFO  epoch 22 evaluating [time: 0.20s, valid_score: 0.164300]
Mon 30 Jan 2023 22:04:32 INFO  valid result: 
recall@10 : 0.0693    mrr@10 : 0.1643    ndcg@10 : 0.0786    hit@10 : 0.3998    precision@10 : 0.0574
Mon 30 Jan 2023 22:04:32 INFO  Saving current: saved/KGAT-Jan-30-2023_22-02-21.pth
Mon 30 Jan 2023 22:04:36 INFO  epoch 23 training [time: 4.34s, train_loss1: 27.4210, train_loss2: 770.4148]
Mon 30 Jan 2023 22:04:36 INFO  epoch 23 evaluating [time: 0.20s, valid_score: 0.158400]
Mon 30 Jan 2023 22:04:36 INFO  valid result: 
recall@10 : 0.0712    mrr@10 : 0.1584    ndcg@10 : 0.0777    hit@10 : 0.4083    precision@10 : 0.0581
Mon 30 Jan 2023 22:04:41 INFO  epoch 24 training [time: 4.28s, train_loss1: 26.1636, train_loss2: 752.8058]
Mon 30 Jan 2023 22:04:41 INFO  epoch 24 evaluating [time: 0.20s, valid_score: 0.160400]
Mon 30 Jan 2023 22:04:41 INFO  valid result: 
recall@10 : 0.0733    mrr@10 : 0.1604    ndcg@10 : 0.0799    hit@10 : 0.3945    precision@10 : 0.0585
Mon 30 Jan 2023 22:04:45 INFO  epoch 25 training [time: 3.85s, train_loss1: 26.0877, train_loss2: 1636.4603]
Mon 30 Jan 2023 22:04:45 INFO  epoch 25 evaluating [time: 0.20s, valid_score: 0.162900]
Mon 30 Jan 2023 22:04:45 INFO  valid result: 
recall@10 : 0.0755    mrr@10 : 0.1629    ndcg@10 : 0.0815    hit@10 : 0.4093    precision@10 : 0.0601
Mon 30 Jan 2023 22:04:49 INFO  epoch 26 training [time: 4.46s, train_loss1: 27.2776, train_loss2: 876.0302]
Mon 30 Jan 2023 22:04:50 INFO  epoch 26 evaluating [time: 0.20s, valid_score: 0.165800]
Mon 30 Jan 2023 22:04:50 INFO  valid result: 
recall@10 : 0.0745    mrr@10 : 0.1658    ndcg@10 : 0.0832    hit@10 : 0.4231    precision@10 : 0.0629
Mon 30 Jan 2023 22:04:50 INFO  Saving current: saved/KGAT-Jan-30-2023_22-02-21.pth
Mon 30 Jan 2023 22:04:54 INFO  epoch 27 training [time: 4.50s, train_loss1: 28.0398, train_loss2: 871.1363]
Mon 30 Jan 2023 22:04:54 INFO  epoch 27 evaluating [time: 0.20s, valid_score: 0.139800]
Mon 30 Jan 2023 22:04:54 INFO  valid result: 
recall@10 : 0.0716    mrr@10 : 0.1398    ndcg@10 : 0.0756    hit@10 : 0.3987    precision@10 : 0.0584
Mon 30 Jan 2023 22:04:59 INFO  epoch 28 training [time: 4.46s, train_loss1: 27.6288, train_loss2: 1634.4045]
Mon 30 Jan 2023 22:04:59 INFO  epoch 28 evaluating [time: 0.20s, valid_score: 0.144100]
Mon 30 Jan 2023 22:04:59 INFO  valid result: 
recall@10 : 0.0716    mrr@10 : 0.1441    ndcg@10 : 0.0751    hit@10 : 0.3987    precision@10 : 0.0571
Mon 30 Jan 2023 22:05:04 INFO  epoch 29 training [time: 4.40s, train_loss1: 28.9133, train_loss2: 896.8808]
Mon 30 Jan 2023 22:05:04 INFO  epoch 29 evaluating [time: 0.20s, valid_score: 0.159600]
Mon 30 Jan 2023 22:05:04 INFO  valid result: 
recall@10 : 0.0748    mrr@10 : 0.1596    ndcg@10 : 0.0802    hit@10 : 0.4146    precision@10 : 0.0598
Mon 30 Jan 2023 22:05:08 INFO  epoch 30 training [time: 4.25s, train_loss1: 28.7415, train_loss2: 1000.8860]
Mon 30 Jan 2023 22:05:08 INFO  epoch 30 evaluating [time: 0.20s, valid_score: 0.152400]
Mon 30 Jan 2023 22:05:08 INFO  valid result: 
recall@10 : 0.0704    mrr@10 : 0.1524    ndcg@10 : 0.0753    hit@10 : 0.3966    precision@10 : 0.0576
Mon 30 Jan 2023 22:05:12 INFO  epoch 31 training [time: 4.31s, train_loss1: 28.8333, train_loss2: 1012.8355]
Mon 30 Jan 2023 22:05:13 INFO  epoch 31 evaluating [time: 0.19s, valid_score: 0.155100]
Mon 30 Jan 2023 22:05:13 INFO  valid result: 
recall@10 : 0.0676    mrr@10 : 0.1551    ndcg@10 : 0.0751    hit@10 : 0.3913    precision@10 : 0.0555
Mon 30 Jan 2023 22:05:17 INFO  epoch 32 training [time: 4.17s, train_loss1: 28.9216, train_loss2: 1701.5608]
Mon 30 Jan 2023 22:05:17 INFO  epoch 32 evaluating [time: 0.20s, valid_score: 0.161800]
Mon 30 Jan 2023 22:05:17 INFO  valid result: 
recall@10 : 0.0685    mrr@10 : 0.1618    ndcg@10 : 0.0795    hit@10 : 0.4083    precision@10 : 0.0619
Mon 30 Jan 2023 22:05:22 INFO  epoch 33 training [time: 4.50s, train_loss1: 30.4797, train_loss2: 1206.3795]
Mon 30 Jan 2023 22:05:22 INFO  epoch 33 evaluating [time: 0.20s, valid_score: 0.157300]
Mon 30 Jan 2023 22:05:22 INFO  valid result: 
recall@10 : 0.0729    mrr@10 : 0.1573    ndcg@10 : 0.0802    hit@10 : 0.4125    precision@10 : 0.0625
Mon 30 Jan 2023 22:05:26 INFO  epoch 34 training [time: 4.33s, train_loss1: 30.1346, train_loss2: 1074.8452]
Mon 30 Jan 2023 22:05:26 INFO  epoch 34 evaluating [time: 0.20s, valid_score: 0.161300]
Mon 30 Jan 2023 22:05:26 INFO  valid result: 
recall@10 : 0.0741    mrr@10 : 0.1613    ndcg@10 : 0.0807    hit@10 : 0.4157    precision@10 : 0.062
Mon 30 Jan 2023 22:05:31 INFO  epoch 35 training [time: 4.31s, train_loss1: 29.3095, train_loss2: 1018.5645]
Mon 30 Jan 2023 22:05:31 INFO  epoch 35 evaluating [time: 0.19s, valid_score: 0.167500]
Mon 30 Jan 2023 22:05:31 INFO  valid result: 
recall@10 : 0.0757    mrr@10 : 0.1675    ndcg@10 : 0.0836    hit@10 : 0.4305    precision@10 : 0.0655
Mon 30 Jan 2023 22:05:31 INFO  Saving current: saved/KGAT-Jan-30-2023_22-02-21.pth
Mon 30 Jan 2023 22:05:35 INFO  epoch 36 training [time: 4.23s, train_loss1: 29.0673, train_loss2: 1063.5054]
Mon 30 Jan 2023 22:05:35 INFO  epoch 36 evaluating [time: 0.19s, valid_score: 0.153200]
Mon 30 Jan 2023 22:05:35 INFO  valid result: 
recall@10 : 0.0708    mrr@10 : 0.1532    ndcg@10 : 0.0788    hit@10 : 0.4008    precision@10 : 0.061
Mon 30 Jan 2023 22:05:40 INFO  epoch 37 training [time: 4.25s, train_loss1: 30.0647, train_loss2: 1191.0824]
Mon 30 Jan 2023 22:05:40 INFO  epoch 37 evaluating [time: 0.20s, valid_score: 0.165100]
Mon 30 Jan 2023 22:05:40 INFO  valid result: 
recall@10 : 0.0783    mrr@10 : 0.1651    ndcg@10 : 0.0836    hit@10 : 0.439    precision@10 : 0.0637
Mon 30 Jan 2023 22:05:44 INFO  epoch 38 training [time: 4.26s, train_loss1: 30.0054, train_loss2: 1180.3293]
Mon 30 Jan 2023 22:05:44 INFO  epoch 38 evaluating [time: 0.20s, valid_score: 0.168800]
Mon 30 Jan 2023 22:05:44 INFO  valid result: 
recall@10 : 0.0771    mrr@10 : 0.1688    ndcg@10 : 0.086    hit@10 : 0.4274    precision@10 : 0.0653
Mon 30 Jan 2023 22:05:44 INFO  Saving current: saved/KGAT-Jan-30-2023_22-02-21.pth
Mon 30 Jan 2023 22:05:49 INFO  epoch 39 training [time: 4.38s, train_loss1: 30.6227, train_loss2: 1330.7234]
Mon 30 Jan 2023 22:05:49 INFO  epoch 39 evaluating [time: 0.20s, valid_score: 0.170700]
Mon 30 Jan 2023 22:05:49 INFO  valid result: 
recall@10 : 0.0795    mrr@10 : 0.1707    ndcg@10 : 0.0842    hit@10 : 0.4316    precision@10 : 0.062
Mon 30 Jan 2023 22:05:49 INFO  Saving current: saved/KGAT-Jan-30-2023_22-02-21.pth
Mon 30 Jan 2023 22:05:53 INFO  epoch 40 training [time: 4.14s, train_loss1: 30.8431, train_loss2: 1339.4118]
Mon 30 Jan 2023 22:05:53 INFO  epoch 40 evaluating [time: 0.19s, valid_score: 0.166200]
Mon 30 Jan 2023 22:05:53 INFO  valid result: 
recall@10 : 0.0809    mrr@10 : 0.1662    ndcg@10 : 0.0853    hit@10 : 0.4263    precision@10 : 0.0622
Mon 30 Jan 2023 22:05:58 INFO  epoch 41 training [time: 4.37s, train_loss1: 30.4178, train_loss2: 1320.6335]
Mon 30 Jan 2023 22:05:58 INFO  epoch 41 evaluating [time: 0.19s, valid_score: 0.172100]
Mon 30 Jan 2023 22:05:58 INFO  valid result: 
recall@10 : 0.0794    mrr@10 : 0.1721    ndcg@10 : 0.0876    hit@10 : 0.4327    precision@10 : 0.065
Mon 30 Jan 2023 22:05:58 INFO  Saving current: saved/KGAT-Jan-30-2023_22-02-21.pth
Mon 30 Jan 2023 22:06:02 INFO  epoch 42 training [time: 4.32s, train_loss1: 31.3000, train_loss2: 1265.6339]
Mon 30 Jan 2023 22:06:02 INFO  epoch 42 evaluating [time: 0.20s, valid_score: 0.182300]
Mon 30 Jan 2023 22:06:02 INFO  valid result: 
recall@10 : 0.0781    mrr@10 : 0.1823    ndcg@10 : 0.0877    hit@10 : 0.4337    precision@10 : 0.0645
Mon 30 Jan 2023 22:06:02 INFO  Saving current: saved/KGAT-Jan-30-2023_22-02-21.pth
Mon 30 Jan 2023 22:06:07 INFO  epoch 43 training [time: 4.31s, train_loss1: 32.0313, train_loss2: 1220.8548]
Mon 30 Jan 2023 22:06:07 INFO  epoch 43 evaluating [time: 0.20s, valid_score: 0.178300]
Mon 30 Jan 2023 22:06:07 INFO  valid result: 
recall@10 : 0.0772    mrr@10 : 0.1783    ndcg@10 : 0.0854    hit@10 : 0.4231    precision@10 : 0.062
Mon 30 Jan 2023 22:06:11 INFO  epoch 44 training [time: 4.27s, train_loss1: 32.3100, train_loss2: 1433.2545]
Mon 30 Jan 2023 22:06:11 INFO  epoch 44 evaluating [time: 0.20s, valid_score: 0.177700]
Mon 30 Jan 2023 22:06:11 INFO  valid result: 
recall@10 : 0.0778    mrr@10 : 0.1777    ndcg@10 : 0.0885    hit@10 : 0.4252    precision@10 : 0.0668
Mon 30 Jan 2023 22:06:16 INFO  epoch 45 training [time: 4.25s, train_loss1: 32.0579, train_loss2: 1318.9105]
Mon 30 Jan 2023 22:06:16 INFO  epoch 45 evaluating [time: 0.19s, valid_score: 0.174700]
Mon 30 Jan 2023 22:06:16 INFO  valid result: 
recall@10 : 0.0753    mrr@10 : 0.1747    ndcg@10 : 0.0878    hit@10 : 0.4199    precision@10 : 0.0662
Mon 30 Jan 2023 22:06:20 INFO  epoch 46 training [time: 4.39s, train_loss1: 30.6997, train_loss2: 1370.6133]
Mon 30 Jan 2023 22:06:20 INFO  epoch 46 evaluating [time: 0.20s, valid_score: 0.170300]
Mon 30 Jan 2023 22:06:20 INFO  valid result: 
recall@10 : 0.0747    mrr@10 : 0.1703    ndcg@10 : 0.0845    hit@10 : 0.4178    precision@10 : 0.0643
Mon 30 Jan 2023 22:06:25 INFO  epoch 47 training [time: 4.36s, train_loss1: 31.4701, train_loss2: 1491.9198]
Mon 30 Jan 2023 22:06:25 INFO  epoch 47 evaluating [time: 0.19s, valid_score: 0.175900]
Mon 30 Jan 2023 22:06:25 INFO  valid result: 
recall@10 : 0.0777    mrr@10 : 0.1759    ndcg@10 : 0.0876    hit@10 : 0.4189    precision@10 : 0.0653
Mon 30 Jan 2023 22:06:29 INFO  epoch 48 training [time: 4.35s, train_loss1: 32.0601, train_loss2: 1234.0715]
Mon 30 Jan 2023 22:06:30 INFO  epoch 48 evaluating [time: 0.20s, valid_score: 0.185200]
Mon 30 Jan 2023 22:06:30 INFO  valid result: 
recall@10 : 0.0764    mrr@10 : 0.1852    ndcg@10 : 0.088    hit@10 : 0.4242    precision@10 : 0.0653
Mon 30 Jan 2023 22:06:30 INFO  Saving current: saved/KGAT-Jan-30-2023_22-02-21.pth
Mon 30 Jan 2023 22:06:34 INFO  epoch 49 training [time: 4.65s, train_loss1: 32.6510, train_loss2: 1406.1324]
Mon 30 Jan 2023 22:06:34 INFO  epoch 49 evaluating [time: 0.23s, valid_score: 0.175800]
Mon 30 Jan 2023 22:06:34 INFO  valid result: 
recall@10 : 0.0835    mrr@10 : 0.1758    ndcg@10 : 0.0906    hit@10 : 0.4348    precision@10 : 0.0673
Mon 30 Jan 2023 22:06:39 INFO  epoch 50 training [time: 4.46s, train_loss1: 32.5107, train_loss2: 1568.6823]
Mon 30 Jan 2023 22:06:39 INFO  epoch 50 evaluating [time: 0.23s, valid_score: 0.176800]
Mon 30 Jan 2023 22:06:39 INFO  valid result: 
recall@10 : 0.0781    mrr@10 : 0.1768    ndcg@10 : 0.0882    hit@10 : 0.4327    precision@10 : 0.0671
Mon 30 Jan 2023 22:06:44 INFO  epoch 51 training [time: 4.64s, train_loss1: 33.0932, train_loss2: 1385.4187]
Mon 30 Jan 2023 22:06:44 INFO  epoch 51 evaluating [time: 0.20s, valid_score: 0.178500]
Mon 30 Jan 2023 22:06:44 INFO  valid result: 
recall@10 : 0.0768    mrr@10 : 0.1785    ndcg@10 : 0.0875    hit@10 : 0.4316    precision@10 : 0.0652
Mon 30 Jan 2023 22:06:48 INFO  epoch 52 training [time: 4.22s, train_loss1: 33.8182, train_loss2: 1385.1557]
Mon 30 Jan 2023 22:06:48 INFO  epoch 52 evaluating [time: 0.20s, valid_score: 0.174100]
Mon 30 Jan 2023 22:06:48 INFO  valid result: 
recall@10 : 0.0754    mrr@10 : 0.1741    ndcg@10 : 0.0859    hit@10 : 0.4231    precision@10 : 0.0652
Mon 30 Jan 2023 22:06:53 INFO  epoch 53 training [time: 4.21s, train_loss1: 32.9317, train_loss2: 1520.5397]
Mon 30 Jan 2023 22:06:53 INFO  epoch 53 evaluating [time: 0.20s, valid_score: 0.182500]
Mon 30 Jan 2023 22:06:53 INFO  valid result: 
recall@10 : 0.0801    mrr@10 : 0.1825    ndcg@10 : 0.0909    hit@10 : 0.438    precision@10 : 0.0676
Mon 30 Jan 2023 22:06:57 INFO  epoch 54 training [time: 4.38s, train_loss1: 33.9348, train_loss2: 1508.2978]
Mon 30 Jan 2023 22:06:57 INFO  epoch 54 evaluating [time: 0.20s, valid_score: 0.177600]
Mon 30 Jan 2023 22:06:57 INFO  valid result: 
recall@10 : 0.0803    mrr@10 : 0.1776    ndcg@10 : 0.0891    hit@10 : 0.4464    precision@10 : 0.0672
Mon 30 Jan 2023 22:07:02 INFO  epoch 55 training [time: 4.56s, train_loss1: 34.0076, train_loss2: 1643.9309]
Mon 30 Jan 2023 22:07:02 INFO  epoch 55 evaluating [time: 0.20s, valid_score: 0.177000]
Mon 30 Jan 2023 22:07:02 INFO  valid result: 
recall@10 : 0.0803    mrr@10 : 0.177    ndcg@10 : 0.088    hit@10 : 0.438    precision@10 : 0.065
Mon 30 Jan 2023 22:07:07 INFO  epoch 56 training [time: 4.67s, train_loss1: 33.5541, train_loss2: 1757.9814]
Mon 30 Jan 2023 22:07:07 INFO  epoch 56 evaluating [time: 0.19s, valid_score: 0.180800]
Mon 30 Jan 2023 22:07:07 INFO  valid result: 
recall@10 : 0.0823    mrr@10 : 0.1808    ndcg@10 : 0.0921    hit@10 : 0.4411    precision@10 : 0.067
Mon 30 Jan 2023 22:07:11 INFO  epoch 57 training [time: 3.81s, train_loss1: 33.6420, train_loss2: 1621.5030]
Mon 30 Jan 2023 22:07:11 INFO  epoch 57 evaluating [time: 0.20s, valid_score: 0.191000]
Mon 30 Jan 2023 22:07:11 INFO  valid result: 
recall@10 : 0.0818    mrr@10 : 0.191    ndcg@10 : 0.0929    hit@10 : 0.4433    precision@10 : 0.0677
Mon 30 Jan 2023 22:07:11 INFO  Saving current: saved/KGAT-Jan-30-2023_22-02-21.pth
Mon 30 Jan 2023 22:07:16 INFO  epoch 58 training [time: 4.53s, train_loss1: 34.0524, train_loss2: 1458.6334]
Mon 30 Jan 2023 22:07:16 INFO  epoch 58 evaluating [time: 0.24s, valid_score: 0.183300]
Mon 30 Jan 2023 22:07:16 INFO  valid result: 
recall@10 : 0.0844    mrr@10 : 0.1833    ndcg@10 : 0.0916    hit@10 : 0.4464    precision@10 : 0.0655
Mon 30 Jan 2023 22:07:21 INFO  epoch 59 training [time: 5.40s, train_loss1: 34.9338, train_loss2: 1732.9033]
Mon 30 Jan 2023 22:07:22 INFO  epoch 59 evaluating [time: 0.24s, valid_score: 0.174500]
Mon 30 Jan 2023 22:07:22 INFO  valid result: 
recall@10 : 0.0854    mrr@10 : 0.1745    ndcg@10 : 0.0916    hit@10 : 0.4327    precision@10 : 0.067
Mon 30 Jan 2023 22:07:27 INFO  epoch 60 training [time: 5.59s, train_loss1: 34.6204, train_loss2: 1716.5024]
Mon 30 Jan 2023 22:07:27 INFO  epoch 60 evaluating [time: 0.24s, valid_score: 0.178500]
Mon 30 Jan 2023 22:07:27 INFO  valid result: 
recall@10 : 0.0875    mrr@10 : 0.1785    ndcg@10 : 0.0949    hit@10 : 0.4592    precision@10 : 0.0702
Mon 30 Jan 2023 22:07:33 INFO  epoch 61 training [time: 5.55s, train_loss1: 34.2648, train_loss2: 1649.8750]
Mon 30 Jan 2023 22:07:33 INFO  epoch 61 evaluating [time: 0.27s, valid_score: 0.181100]
Mon 30 Jan 2023 22:07:33 INFO  valid result: 
recall@10 : 0.0856    mrr@10 : 0.1811    ndcg@10 : 0.0923    hit@10 : 0.4549    precision@10 : 0.0664
Mon 30 Jan 2023 22:07:38 INFO  epoch 62 training [time: 4.93s, train_loss1: 34.5580, train_loss2: 1724.4046]
Mon 30 Jan 2023 22:07:38 INFO  epoch 62 evaluating [time: 0.19s, valid_score: 0.175200]
Mon 30 Jan 2023 22:07:38 INFO  valid result: 
recall@10 : 0.0833    mrr@10 : 0.1752    ndcg@10 : 0.0892    hit@10 : 0.4454    precision@10 : 0.0654
Mon 30 Jan 2023 22:07:42 INFO  epoch 63 training [time: 4.15s, train_loss1: 35.1805, train_loss2: 1610.1999]
Mon 30 Jan 2023 22:07:43 INFO  epoch 63 evaluating [time: 0.19s, valid_score: 0.177600]
Mon 30 Jan 2023 22:07:43 INFO  valid result: 
recall@10 : 0.0818    mrr@10 : 0.1776    ndcg@10 : 0.0892    hit@10 : 0.4295    precision@10 : 0.0647
Mon 30 Jan 2023 22:07:47 INFO  epoch 64 training [time: 3.91s, train_loss1: 34.8704, train_loss2: 1558.9228]
Mon 30 Jan 2023 22:07:47 INFO  epoch 64 evaluating [time: 0.19s, valid_score: 0.193000]
Mon 30 Jan 2023 22:07:47 INFO  valid result: 
recall@10 : 0.0814    mrr@10 : 0.193    ndcg@10 : 0.0928    hit@10 : 0.439    precision@10 : 0.0674
Mon 30 Jan 2023 22:07:47 INFO  Saving current: saved/KGAT-Jan-30-2023_22-02-21.pth
Mon 30 Jan 2023 22:07:51 INFO  epoch 65 training [time: 4.15s, train_loss1: 35.2917, train_loss2: 1700.3530]
Mon 30 Jan 2023 22:07:51 INFO  epoch 65 evaluating [time: 0.19s, valid_score: 0.187500]
Mon 30 Jan 2023 22:07:51 INFO  valid result: 
recall@10 : 0.0793    mrr@10 : 0.1875    ndcg@10 : 0.0904    hit@10 : 0.4443    precision@10 : 0.0672
Mon 30 Jan 2023 22:07:55 INFO  epoch 66 training [time: 4.15s, train_loss1: 35.5468, train_loss2: 1815.7533]
Mon 30 Jan 2023 22:07:56 INFO  epoch 66 evaluating [time: 0.20s, valid_score: 0.178000]
Mon 30 Jan 2023 22:07:56 INFO  valid result: 
recall@10 : 0.081    mrr@10 : 0.178    ndcg@10 : 0.0904    hit@10 : 0.4454    precision@10 : 0.0688
Mon 30 Jan 2023 22:07:59 INFO  epoch 67 training [time: 3.84s, train_loss1: 35.5946, train_loss2: 1853.2563]
Mon 30 Jan 2023 22:08:00 INFO  epoch 67 evaluating [time: 0.20s, valid_score: 0.183500]
Mon 30 Jan 2023 22:08:00 INFO  valid result: 
recall@10 : 0.0809    mrr@10 : 0.1835    ndcg@10 : 0.0905    hit@10 : 0.438    precision@10 : 0.067
Mon 30 Jan 2023 22:08:03 INFO  epoch 68 training [time: 3.82s, train_loss1: 35.4306, train_loss2: 1777.5647]
Mon 30 Jan 2023 22:08:04 INFO  epoch 68 evaluating [time: 0.20s, valid_score: 0.182900]
Mon 30 Jan 2023 22:08:04 INFO  valid result: 
recall@10 : 0.0793    mrr@10 : 0.1829    ndcg@10 : 0.089    hit@10 : 0.4305    precision@10 : 0.0665
Mon 30 Jan 2023 22:08:08 INFO  epoch 69 training [time: 4.18s, train_loss1: 35.0501, train_loss2: 1943.5431]
Mon 30 Jan 2023 22:08:08 INFO  epoch 69 evaluating [time: 0.20s, valid_score: 0.171700]
Mon 30 Jan 2023 22:08:08 INFO  valid result: 
recall@10 : 0.0763    mrr@10 : 0.1717    ndcg@10 : 0.0864    hit@10 : 0.4178    precision@10 : 0.0664
Mon 30 Jan 2023 22:08:12 INFO  epoch 70 training [time: 4.19s, train_loss1: 35.9499, train_loss2: 1851.5903]
Mon 30 Jan 2023 22:08:12 INFO  epoch 70 evaluating [time: 0.19s, valid_score: 0.166500]
Mon 30 Jan 2023 22:08:12 INFO  valid result: 
recall@10 : 0.0794    mrr@10 : 0.1665    ndcg@10 : 0.0845    hit@10 : 0.4221    precision@10 : 0.0645
Mon 30 Jan 2023 22:08:17 INFO  epoch 71 training [time: 4.20s, train_loss1: 35.7963, train_loss2: 1822.1278]
Mon 30 Jan 2023 22:08:17 INFO  epoch 71 evaluating [time: 0.19s, valid_score: 0.165500]
Mon 30 Jan 2023 22:08:17 INFO  valid result: 
recall@10 : 0.0761    mrr@10 : 0.1655    ndcg@10 : 0.0852    hit@10 : 0.4178    precision@10 : 0.0661
Mon 30 Jan 2023 22:08:22 INFO  epoch 72 training [time: 5.16s, train_loss1: 35.4353, train_loss2: 1998.8167]
Mon 30 Jan 2023 22:08:22 INFO  epoch 72 evaluating [time: 0.20s, valid_score: 0.175200]
Mon 30 Jan 2023 22:08:22 INFO  valid result: 
recall@10 : 0.0802    mrr@10 : 0.1752    ndcg@10 : 0.0893    hit@10 : 0.4231    precision@10 : 0.067
Mon 30 Jan 2023 22:08:26 INFO  epoch 73 training [time: 4.20s, train_loss1: 36.9610, train_loss2: 1733.7813]
Mon 30 Jan 2023 22:08:27 INFO  epoch 73 evaluating [time: 0.20s, valid_score: 0.171900]
Mon 30 Jan 2023 22:08:27 INFO  valid result: 
recall@10 : 0.0792    mrr@10 : 0.1719    ndcg@10 : 0.0871    hit@10 : 0.4295    precision@10 : 0.0665
Mon 30 Jan 2023 22:08:31 INFO  epoch 74 training [time: 4.10s, train_loss1: 36.6618, train_loss2: 1812.5309]
Mon 30 Jan 2023 22:08:31 INFO  epoch 74 evaluating [time: 0.20s, valid_score: 0.179500]
Mon 30 Jan 2023 22:08:31 INFO  valid result: 
recall@10 : 0.0857    mrr@10 : 0.1795    ndcg@10 : 0.0917    hit@10 : 0.4443    precision@10 : 0.0676
Mon 30 Jan 2023 22:08:35 INFO  epoch 75 training [time: 3.77s, train_loss1: 36.3350, train_loss2: 1840.8970]
Mon 30 Jan 2023 22:08:35 INFO  epoch 75 evaluating [time: 0.20s, valid_score: 0.178000]
Mon 30 Jan 2023 22:08:35 INFO  valid result: 
recall@10 : 0.0805    mrr@10 : 0.178    ndcg@10 : 0.0879    hit@10 : 0.4369    precision@10 : 0.065
Mon 30 Jan 2023 22:08:35 INFO  Finished training, best eval result in epoch 64
Mon 30 Jan 2023 22:08:35 INFO  Loading model structure and parameters from saved/KGAT-Jan-30-2023_22-02-21.pth
Mon 30 Jan 2023 22:08:35 INFO  best valid : OrderedDict([('recall@10', 0.0814), ('mrr@10', 0.193), ('ndcg@10', 0.0928), ('hit@10', 0.439), ('precision@10', 0.0674)])
Mon 30 Jan 2023 22:08:35 INFO  test result: OrderedDict([('recall@10', 0.0865), ('mrr@10', 0.2003), ('ndcg@10', 0.1011), ('hit@10', 0.4687), ('precision@10', 0.0755)])
