Tue 31 Jan 2023 02:32:27 INFO  ['recbole_test.py', '--seed', '2024', '--aggr', 'graphsage', '--opti', 'adam', '--is_swa', 'false', '--is_momentum', 'false']
Tue 31 Jan 2023 02:32:27 INFO  
General Hyper Parameters:
gpu_id = 0
use_gpu = True
seed = 2024
state = INFO
reproducibility = True
data_path = /work/03/gu14/k36095/kgat_bai/recbole/config/../dataset_example/ml-100k
checkpoint_dir = saved
show_progress = True
save_dataset = True
dataset_save_path = None
save_dataloaders = False
dataloaders_save_path = None
log_wandb = False

Training Hyper Parameters:
epochs = 300
train_batch_size = 2048
learner = adam
learning_rate = 0.001
train_neg_sample_args = {'distribution': 'uniform', 'sample_num': 1, 'alpha': 1.0, 'dynamic': False, 'candidate_num': 0}
eval_step = 1
stopping_step = 10
clip_grad_norm = None
weight_decay = 0.0
loss_decimal_place = 4

Evaluation Hyper Parameters:
eval_args = {'split': {'RS': [0.8, 0.1, 0.1]}, 'group_by': 'user', 'order': 'RO', 'mode': 'full'}
repeatable = False
metrics = ['Recall', 'MRR', 'NDCG', 'Hit', 'Precision']
topk = [10]
valid_metric = MRR@10
valid_metric_bigger = True
eval_batch_size = 4096
metric_decimal_place = 4

Dataset Hyper Parameters:
field_separator = 	
seq_separator =  
USER_ID_FIELD = user_id
ITEM_ID_FIELD = item_id
RATING_FIELD = rating
TIME_FIELD = timestamp
seq_len = None
LABEL_FIELD = label
threshold = None
NEG_PREFIX = neg_
load_col = {'inter': ['user_id', 'item_id', 'rating', 'timestamp'], 'kg': ['head_id', 'relation_id', 'tail_id'], 'link': ['item_id', 'entity_id']}
unload_col = None
unused_col = None
additional_feat_suffix = None
rm_dup_inter = None
val_interval = None
filter_inter_by_user_or_item = True
user_inter_num_interval = None
item_inter_num_interval = None
alias_of_user_id = None
alias_of_item_id = None
alias_of_entity_id = None
alias_of_relation_id = None
preload_weight = None
normalize_field = None
normalize_all = True
ITEM_LIST_LENGTH_FIELD = item_length
LIST_SUFFIX = _list
MAX_ITEM_LIST_LENGTH = 50
POSITION_FIELD = position_id
HEAD_ENTITY_ID_FIELD = head_id
TAIL_ENTITY_ID_FIELD = tail_id
RELATION_ID_FIELD = relation_id
ENTITY_ID_FIELD = entity_id
kg_reverse_r = False
entity_kg_num_interval = [0,inf)
relation_kg_num_interval = [0,inf)
benchmark_filename = None

Other Hyper Parameters: 
worker = 0
wandb_project = recbole
shuffle = True
require_pow = False
enable_amp = False
enable_scaler = False
transform = None
embedding_size = 64
kg_embedding_size = 64
layers = [64]
mess_dropout = 0.1
reg_weight = 1e-05
aggregator_type = graphsage
numerical_features = []
discretization = None
MODEL_TYPE = ModelType.KNOWLEDGE
is_swa = 0
is_momentum = 0
MODEL_INPUT_TYPE = InputType.PAIRWISE
eval_type = EvaluatorType.RANKING
single_spec = True
local_rank = 0
device = cpu
eval_neg_sample_args = {'distribution': 'uniform', 'sample_num': 'none'}


Tue 31 Jan 2023 02:32:27 INFO  Saving filtered dataset into [saved/ml-100k-dataset.pth]
Tue 31 Jan 2023 02:32:28 INFO  ml-100k
The number of users: 944
Average actions of users: 103.4506892895016
The number of items: 1599
Average actions of items: 61.04755944931164
The number of inters: 97554
The sparsity of the dataset: 93.53714185772888%
Remain Fields: ['entity_id', 'user_id', 'item_id', 'rating', 'timestamp', 'head_id', 'relation_id', 'tail_id']
The number of entities: 34629
The number of relations: 26
The number of triples: 91631
The number of items that have been linked to KG: 1598
Tue 31 Jan 2023 02:32:28 INFO  [Training]: train_batch_size = [2048] train_neg_sample_args: [{'distribution': 'uniform', 'sample_num': 1, 'alpha': 1.0, 'dynamic': False, 'candidate_num': 0}]
Tue 31 Jan 2023 02:32:28 INFO  [Evaluation]: eval_batch_size = [4096] eval_args: [{'split': {'RS': [0.8, 0.1, 0.1]}, 'group_by': 'user', 'order': 'RO', 'mode': 'full'}]
Tue 31 Jan 2023 02:32:29 INFO  KGAT(
  (user_embedding): Embedding(944, 64)
  (entity_embedding): Embedding(34629, 64)
  (relation_embedding): Embedding(26, 64)
  (trans_w): Embedding(26, 4096)
  (aggregator_layers): ModuleList(
    (0): Aggregator(
      (message_dropout): Dropout(p=0.1, inplace=False)
      (W): Linear(in_features=128, out_features=64, bias=True)
      (activation): LeakyReLU(negative_slope=0.01)
    )
  )
  (tanh): Tanh()
  (mf_loss): BPRLoss()
  (reg_loss): EmbLoss()
)
Trainable parameters: 2393088
Tue 31 Jan 2023 02:32:29 INFO  FLOPs: 291414016.0
Tue 31 Jan 2023 02:32:34 INFO  epoch 0 training [time: 4.72s, train_loss1: 23.7415, train_loss2: 29.4765]
Tue 31 Jan 2023 02:32:34 INFO  epoch 0 evaluating [time: 0.21s, valid_score: 0.055700]
Tue 31 Jan 2023 02:32:34 INFO  valid result: 
recall@10 : 0.0187    mrr@10 : 0.0557    ndcg@10 : 0.025    hit@10 : 0.176    precision@10 : 0.0235
Tue 31 Jan 2023 02:32:34 INFO  Saving current: saved/KGAT-Jan-31-2023_02-32-29.pth
Tue 31 Jan 2023 02:32:38 INFO  epoch 1 training [time: 3.81s, train_loss1: 20.9627, train_loss2: 18.6774]
Tue 31 Jan 2023 02:32:38 INFO  epoch 1 evaluating [time: 0.20s, valid_score: 0.159800]
Tue 31 Jan 2023 02:32:38 INFO  valid result: 
recall@10 : 0.0704    mrr@10 : 0.1598    ndcg@10 : 0.0813    hit@10 : 0.4221    precision@10 : 0.0663
Tue 31 Jan 2023 02:32:38 INFO  Saving current: saved/KGAT-Jan-31-2023_02-32-29.pth
Tue 31 Jan 2023 02:32:42 INFO  epoch 2 training [time: 3.69s, train_loss1: 18.5169, train_loss2: 12.5068]
Tue 31 Jan 2023 02:32:42 INFO  epoch 2 evaluating [time: 0.20s, valid_score: 0.129100]
Tue 31 Jan 2023 02:32:42 INFO  valid result: 
recall@10 : 0.0626    mrr@10 : 0.1291    ndcg@10 : 0.0674    hit@10 : 0.3828    precision@10 : 0.0558
Tue 31 Jan 2023 02:32:46 INFO  epoch 3 training [time: 3.96s, train_loss1: 16.7324, train_loss2: 10.1353]
Tue 31 Jan 2023 02:32:46 INFO  epoch 3 evaluating [time: 0.20s, valid_score: 0.158000]
Tue 31 Jan 2023 02:32:46 INFO  valid result: 
recall@10 : 0.0689    mrr@10 : 0.158    ndcg@10 : 0.0808    hit@10 : 0.404    precision@10 : 0.0647
Tue 31 Jan 2023 02:32:50 INFO  epoch 4 training [time: 3.81s, train_loss1: 16.4828, train_loss2: 8.9343]
Tue 31 Jan 2023 02:32:50 INFO  epoch 4 evaluating [time: 0.19s, valid_score: 0.163200]
Tue 31 Jan 2023 02:32:50 INFO  valid result: 
recall@10 : 0.0805    mrr@10 : 0.1632    ndcg@10 : 0.0894    hit@10 : 0.4422    precision@10 : 0.0733
Tue 31 Jan 2023 02:32:50 INFO  Saving current: saved/KGAT-Jan-31-2023_02-32-29.pth
Tue 31 Jan 2023 02:32:54 INFO  epoch 5 training [time: 3.56s, train_loss1: 16.3568, train_loss2: 8.1927]
Tue 31 Jan 2023 02:32:54 INFO  epoch 5 evaluating [time: 0.19s, valid_score: 0.198900]
Tue 31 Jan 2023 02:32:54 INFO  valid result: 
recall@10 : 0.0972    mrr@10 : 0.1989    ndcg@10 : 0.1094    hit@10 : 0.4804    precision@10 : 0.0819
Tue 31 Jan 2023 02:32:54 INFO  Saving current: saved/KGAT-Jan-31-2023_02-32-29.pth
Tue 31 Jan 2023 02:32:58 INFO  epoch 6 training [time: 3.60s, train_loss1: 16.2069, train_loss2: 7.7547]
Tue 31 Jan 2023 02:32:58 INFO  epoch 6 evaluating [time: 0.19s, valid_score: 0.211500]
Tue 31 Jan 2023 02:32:58 INFO  valid result: 
recall@10 : 0.1077    mrr@10 : 0.2115    ndcg@10 : 0.1149    hit@10 : 0.5196    precision@10 : 0.0871
Tue 31 Jan 2023 02:32:58 INFO  Saving current: saved/KGAT-Jan-31-2023_02-32-29.pth
Tue 31 Jan 2023 02:33:02 INFO  epoch 7 training [time: 3.75s, train_loss1: 15.9482, train_loss2: 7.3565]
Tue 31 Jan 2023 02:33:02 INFO  epoch 7 evaluating [time: 0.19s, valid_score: 0.222600]
Tue 31 Jan 2023 02:33:02 INFO  valid result: 
recall@10 : 0.1126    mrr@10 : 0.2226    ndcg@10 : 0.1235    hit@10 : 0.527    precision@10 : 0.0931
Tue 31 Jan 2023 02:33:02 INFO  Saving current: saved/KGAT-Jan-31-2023_02-32-29.pth
Tue 31 Jan 2023 02:33:06 INFO  epoch 8 training [time: 3.69s, train_loss1: 15.6668, train_loss2: 6.9846]
Tue 31 Jan 2023 02:33:06 INFO  epoch 8 evaluating [time: 0.19s, valid_score: 0.227600]
Tue 31 Jan 2023 02:33:06 INFO  valid result: 
recall@10 : 0.1225    mrr@10 : 0.2276    ndcg@10 : 0.1283    hit@10 : 0.5567    precision@10 : 0.0982
Tue 31 Jan 2023 02:33:06 INFO  Saving current: saved/KGAT-Jan-31-2023_02-32-29.pth
Tue 31 Jan 2023 02:33:10 INFO  epoch 9 training [time: 3.50s, train_loss1: 15.4161, train_loss2: 6.7682]
Tue 31 Jan 2023 02:33:10 INFO  epoch 9 evaluating [time: 0.19s, valid_score: 0.230100]
Tue 31 Jan 2023 02:33:10 INFO  valid result: 
recall@10 : 0.128    mrr@10 : 0.2301    ndcg@10 : 0.1324    hit@10 : 0.5695    precision@10 : 0.1011
Tue 31 Jan 2023 02:33:10 INFO  Saving current: saved/KGAT-Jan-31-2023_02-32-29.pth
Tue 31 Jan 2023 02:33:13 INFO  epoch 10 training [time: 3.61s, train_loss1: 15.1513, train_loss2: 6.4886]
Tue 31 Jan 2023 02:33:14 INFO  epoch 10 evaluating [time: 0.20s, valid_score: 0.234100]
Tue 31 Jan 2023 02:33:14 INFO  valid result: 
recall@10 : 0.1319    mrr@10 : 0.2341    ndcg@10 : 0.1364    hit@10 : 0.5758    precision@10 : 0.1042
Tue 31 Jan 2023 02:33:14 INFO  Saving current: saved/KGAT-Jan-31-2023_02-32-29.pth
Tue 31 Jan 2023 02:33:17 INFO  epoch 11 training [time: 3.73s, train_loss1: 14.8913, train_loss2: 6.0990]
Tue 31 Jan 2023 02:33:18 INFO  epoch 11 evaluating [time: 0.19s, valid_score: 0.243700]
Tue 31 Jan 2023 02:33:18 INFO  valid result: 
recall@10 : 0.1371    mrr@10 : 0.2437    ndcg@10 : 0.1423    hit@10 : 0.5822    precision@10 : 0.1087
Tue 31 Jan 2023 02:33:18 INFO  Saving current: saved/KGAT-Jan-31-2023_02-32-29.pth
Tue 31 Jan 2023 02:33:21 INFO  epoch 12 training [time: 3.59s, train_loss1: 14.6120, train_loss2: 5.7815]
Tue 31 Jan 2023 02:33:21 INFO  epoch 12 evaluating [time: 0.19s, valid_score: 0.248200]
Tue 31 Jan 2023 02:33:21 INFO  valid result: 
recall@10 : 0.1436    mrr@10 : 0.2482    ndcg@10 : 0.1454    hit@10 : 0.6066    precision@10 : 0.1106
Tue 31 Jan 2023 02:33:22 INFO  Saving current: saved/KGAT-Jan-31-2023_02-32-29.pth
Tue 31 Jan 2023 02:33:25 INFO  epoch 13 training [time: 3.56s, train_loss1: 14.2858, train_loss2: 5.4430]
Tue 31 Jan 2023 02:33:25 INFO  epoch 13 evaluating [time: 0.20s, valid_score: 0.251400]
Tue 31 Jan 2023 02:33:25 INFO  valid result: 
recall@10 : 0.1431    mrr@10 : 0.2514    ndcg@10 : 0.147    hit@10 : 0.6023    precision@10 : 0.1116
Tue 31 Jan 2023 02:33:25 INFO  Saving current: saved/KGAT-Jan-31-2023_02-32-29.pth
Tue 31 Jan 2023 02:33:29 INFO  epoch 14 training [time: 3.62s, train_loss1: 13.8746, train_loss2: 5.1791]
Tue 31 Jan 2023 02:33:29 INFO  epoch 14 evaluating [time: 0.19s, valid_score: 0.255200]
Tue 31 Jan 2023 02:33:29 INFO  valid result: 
recall@10 : 0.1449    mrr@10 : 0.2552    ndcg@10 : 0.1488    hit@10 : 0.6108    precision@10 : 0.1116
Tue 31 Jan 2023 02:33:29 INFO  Saving current: saved/KGAT-Jan-31-2023_02-32-29.pth
Tue 31 Jan 2023 02:33:33 INFO  epoch 15 training [time: 3.54s, train_loss1: 13.5772, train_loss2: 4.8843]
Tue 31 Jan 2023 02:33:33 INFO  epoch 15 evaluating [time: 0.19s, valid_score: 0.258900]
Tue 31 Jan 2023 02:33:33 INFO  valid result: 
recall@10 : 0.1467    mrr@10 : 0.2589    ndcg@10 : 0.152    hit@10 : 0.6204    precision@10 : 0.1148
Tue 31 Jan 2023 02:33:33 INFO  Saving current: saved/KGAT-Jan-31-2023_02-32-29.pth
Tue 31 Jan 2023 02:33:37 INFO  epoch 16 training [time: 3.61s, train_loss1: 13.1299, train_loss2: 4.7396]
Tue 31 Jan 2023 02:33:37 INFO  epoch 16 evaluating [time: 0.20s, valid_score: 0.269600]
Tue 31 Jan 2023 02:33:37 INFO  valid result: 
recall@10 : 0.1525    mrr@10 : 0.2696    ndcg@10 : 0.1566    hit@10 : 0.6341    precision@10 : 0.1175
Tue 31 Jan 2023 02:33:37 INFO  Saving current: saved/KGAT-Jan-31-2023_02-32-29.pth
Tue 31 Jan 2023 02:33:41 INFO  epoch 17 training [time: 3.63s, train_loss1: 12.8413, train_loss2: 4.5345]
Tue 31 Jan 2023 02:33:41 INFO  epoch 17 evaluating [time: 0.20s, valid_score: 0.282400]
Tue 31 Jan 2023 02:33:41 INFO  valid result: 
recall@10 : 0.1566    mrr@10 : 0.2824    ndcg@10 : 0.1621    hit@10 : 0.6352    precision@10 : 0.1204
Tue 31 Jan 2023 02:33:41 INFO  Saving current: saved/KGAT-Jan-31-2023_02-32-29.pth
Tue 31 Jan 2023 02:33:44 INFO  epoch 18 training [time: 3.67s, train_loss1: 12.5168, train_loss2: 4.4038]
Tue 31 Jan 2023 02:33:45 INFO  epoch 18 evaluating [time: 0.20s, valid_score: 0.284600]
Tue 31 Jan 2023 02:33:45 INFO  valid result: 
recall@10 : 0.1592    mrr@10 : 0.2846    ndcg@10 : 0.1641    hit@10 : 0.6405    precision@10 : 0.1218
Tue 31 Jan 2023 02:33:45 INFO  Saving current: saved/KGAT-Jan-31-2023_02-32-29.pth
Tue 31 Jan 2023 02:33:48 INFO  epoch 19 training [time: 3.70s, train_loss1: 12.1547, train_loss2: 4.1859]
Tue 31 Jan 2023 02:33:49 INFO  epoch 19 evaluating [time: 0.20s, valid_score: 0.291200]
Tue 31 Jan 2023 02:33:49 INFO  valid result: 
recall@10 : 0.1635    mrr@10 : 0.2912    ndcg@10 : 0.1687    hit@10 : 0.6532    precision@10 : 0.1249
Tue 31 Jan 2023 02:33:49 INFO  Saving current: saved/KGAT-Jan-31-2023_02-32-29.pth
Tue 31 Jan 2023 02:33:52 INFO  epoch 20 training [time: 3.54s, train_loss1: 11.8958, train_loss2: 4.1793]
Tue 31 Jan 2023 02:33:52 INFO  epoch 20 evaluating [time: 0.21s, valid_score: 0.300700]
Tue 31 Jan 2023 02:33:52 INFO  valid result: 
recall@10 : 0.1639    mrr@10 : 0.3007    ndcg@10 : 0.1715    hit@10 : 0.6522    precision@10 : 0.1245
Tue 31 Jan 2023 02:33:53 INFO  Saving current: saved/KGAT-Jan-31-2023_02-32-29.pth
Tue 31 Jan 2023 02:33:56 INFO  epoch 21 training [time: 3.75s, train_loss1: 11.5652, train_loss2: 3.9620]
Tue 31 Jan 2023 02:33:57 INFO  epoch 21 evaluating [time: 0.22s, valid_score: 0.301700]
Tue 31 Jan 2023 02:33:57 INFO  valid result: 
recall@10 : 0.1663    mrr@10 : 0.3017    ndcg@10 : 0.1738    hit@10 : 0.6501    precision@10 : 0.1262
Tue 31 Jan 2023 02:33:57 INFO  Saving current: saved/KGAT-Jan-31-2023_02-32-29.pth
Tue 31 Jan 2023 02:34:00 INFO  epoch 22 training [time: 3.58s, train_loss1: 11.3643, train_loss2: 3.9267]
Tue 31 Jan 2023 02:34:00 INFO  epoch 22 evaluating [time: 0.21s, valid_score: 0.305000]
Tue 31 Jan 2023 02:34:00 INFO  valid result: 
recall@10 : 0.1674    mrr@10 : 0.305    ndcg@10 : 0.177    hit@10 : 0.6543    precision@10 : 0.128
Tue 31 Jan 2023 02:34:00 INFO  Saving current: saved/KGAT-Jan-31-2023_02-32-29.pth
Tue 31 Jan 2023 02:34:04 INFO  epoch 23 training [time: 3.62s, train_loss1: 11.1653, train_loss2: 3.7210]
Tue 31 Jan 2023 02:34:04 INFO  epoch 23 evaluating [time: 0.21s, valid_score: 0.308200]
Tue 31 Jan 2023 02:34:04 INFO  valid result: 
recall@10 : 0.1704    mrr@10 : 0.3082    ndcg@10 : 0.1794    hit@10 : 0.6532    precision@10 : 0.1295
Tue 31 Jan 2023 02:34:04 INFO  Saving current: saved/KGAT-Jan-31-2023_02-32-29.pth
Tue 31 Jan 2023 02:34:08 INFO  epoch 24 training [time: 3.56s, train_loss1: 10.8709, train_loss2: 3.7455]
Tue 31 Jan 2023 02:34:08 INFO  epoch 24 evaluating [time: 0.20s, valid_score: 0.315500]
Tue 31 Jan 2023 02:34:08 INFO  valid result: 
recall@10 : 0.1689    mrr@10 : 0.3155    ndcg@10 : 0.1811    hit@10 : 0.649    precision@10 : 0.1288
Tue 31 Jan 2023 02:34:08 INFO  Saving current: saved/KGAT-Jan-31-2023_02-32-29.pth
Tue 31 Jan 2023 02:34:12 INFO  epoch 25 training [time: 3.63s, train_loss1: 10.6960, train_loss2: 3.5010]
Tue 31 Jan 2023 02:34:12 INFO  epoch 25 evaluating [time: 0.19s, valid_score: 0.321700]
Tue 31 Jan 2023 02:34:12 INFO  valid result: 
recall@10 : 0.1703    mrr@10 : 0.3217    ndcg@10 : 0.1834    hit@10 : 0.6532    precision@10 : 0.1297
Tue 31 Jan 2023 02:34:12 INFO  Saving current: saved/KGAT-Jan-31-2023_02-32-29.pth
Tue 31 Jan 2023 02:34:16 INFO  epoch 26 training [time: 3.63s, train_loss1: 10.4183, train_loss2: 3.4523]
Tue 31 Jan 2023 02:34:16 INFO  epoch 26 evaluating [time: 0.19s, valid_score: 0.319200]
Tue 31 Jan 2023 02:34:16 INFO  valid result: 
recall@10 : 0.1714    mrr@10 : 0.3192    ndcg@10 : 0.1838    hit@10 : 0.6543    precision@10 : 0.1309
Tue 31 Jan 2023 02:34:20 INFO  epoch 27 training [time: 3.63s, train_loss1: 10.3312, train_loss2: 3.3084]
Tue 31 Jan 2023 02:34:20 INFO  epoch 27 evaluating [time: 0.19s, valid_score: 0.325400]
Tue 31 Jan 2023 02:34:20 INFO  valid result: 
recall@10 : 0.174    mrr@10 : 0.3254    ndcg@10 : 0.1861    hit@10 : 0.6638    precision@10 : 0.1312
Tue 31 Jan 2023 02:34:20 INFO  Saving current: saved/KGAT-Jan-31-2023_02-32-29.pth
Tue 31 Jan 2023 02:34:23 INFO  epoch 28 training [time: 3.62s, train_loss1: 10.1588, train_loss2: 3.2284]
Tue 31 Jan 2023 02:34:24 INFO  epoch 28 evaluating [time: 0.20s, valid_score: 0.324900]
Tue 31 Jan 2023 02:34:24 INFO  valid result: 
recall@10 : 0.1752    mrr@10 : 0.3249    ndcg@10 : 0.1872    hit@10 : 0.6638    precision@10 : 0.1318
Tue 31 Jan 2023 02:34:27 INFO  epoch 29 training [time: 3.68s, train_loss1: 10.0259, train_loss2: 3.1356]
Tue 31 Jan 2023 02:34:27 INFO  epoch 29 evaluating [time: 0.21s, valid_score: 0.317700]
Tue 31 Jan 2023 02:34:27 INFO  valid result: 
recall@10 : 0.1754    mrr@10 : 0.3177    ndcg@10 : 0.1861    hit@10 : 0.6649    precision@10 : 0.1317
Tue 31 Jan 2023 02:34:31 INFO  epoch 30 training [time: 3.80s, train_loss1: 9.8566, train_loss2: 3.0141]
Tue 31 Jan 2023 02:34:31 INFO  epoch 30 evaluating [time: 0.21s, valid_score: 0.325700]
Tue 31 Jan 2023 02:34:31 INFO  valid result: 
recall@10 : 0.1794    mrr@10 : 0.3257    ndcg@10 : 0.19    hit@10 : 0.6691    precision@10 : 0.1337
Tue 31 Jan 2023 02:34:32 INFO  Saving current: saved/KGAT-Jan-31-2023_02-32-29.pth
Tue 31 Jan 2023 02:34:35 INFO  epoch 31 training [time: 3.66s, train_loss1: 9.7450, train_loss2: 2.8871]
Tue 31 Jan 2023 02:34:35 INFO  epoch 31 evaluating [time: 0.20s, valid_score: 0.324500]
Tue 31 Jan 2023 02:34:35 INFO  valid result: 
recall@10 : 0.18    mrr@10 : 0.3245    ndcg@10 : 0.1898    hit@10 : 0.6723    precision@10 : 0.1335
Tue 31 Jan 2023 02:34:39 INFO  epoch 32 training [time: 3.74s, train_loss1: 9.6206, train_loss2: 2.7958]
Tue 31 Jan 2023 02:34:39 INFO  epoch 32 evaluating [time: 0.20s, valid_score: 0.328500]
Tue 31 Jan 2023 02:34:39 INFO  valid result: 
recall@10 : 0.1789    mrr@10 : 0.3285    ndcg@10 : 0.1907    hit@10 : 0.6744    precision@10 : 0.134
Tue 31 Jan 2023 02:34:39 INFO  Saving current: saved/KGAT-Jan-31-2023_02-32-29.pth
Tue 31 Jan 2023 02:34:43 INFO  epoch 33 training [time: 3.61s, train_loss1: 9.5617, train_loss2: 2.6616]
Tue 31 Jan 2023 02:34:43 INFO  epoch 33 evaluating [time: 0.20s, valid_score: 0.325900]
Tue 31 Jan 2023 02:34:43 INFO  valid result: 
recall@10 : 0.1775    mrr@10 : 0.3259    ndcg@10 : 0.1896    hit@10 : 0.6702    precision@10 : 0.1327
Tue 31 Jan 2023 02:34:47 INFO  epoch 34 training [time: 3.78s, train_loss1: 9.3820, train_loss2: 2.6364]
Tue 31 Jan 2023 02:34:47 INFO  epoch 34 evaluating [time: 0.19s, valid_score: 0.334300]
Tue 31 Jan 2023 02:34:47 INFO  valid result: 
recall@10 : 0.1809    mrr@10 : 0.3343    ndcg@10 : 0.193    hit@10 : 0.6713    precision@10 : 0.1335
Tue 31 Jan 2023 02:34:47 INFO  Saving current: saved/KGAT-Jan-31-2023_02-32-29.pth
Tue 31 Jan 2023 02:34:51 INFO  epoch 35 training [time: 3.72s, train_loss1: 9.3577, train_loss2: 2.5761]
Tue 31 Jan 2023 02:34:51 INFO  epoch 35 evaluating [time: 0.21s, valid_score: 0.340900]
Tue 31 Jan 2023 02:34:51 INFO  valid result: 
recall@10 : 0.1817    mrr@10 : 0.3409    ndcg@10 : 0.1955    hit@10 : 0.6681    precision@10 : 0.1353
Tue 31 Jan 2023 02:34:51 INFO  Saving current: saved/KGAT-Jan-31-2023_02-32-29.pth
Tue 31 Jan 2023 02:34:55 INFO  epoch 36 training [time: 3.68s, train_loss1: 9.1915, train_loss2: 2.4943]
Tue 31 Jan 2023 02:34:55 INFO  epoch 36 evaluating [time: 0.19s, valid_score: 0.338900]
Tue 31 Jan 2023 02:34:55 INFO  valid result: 
recall@10 : 0.1807    mrr@10 : 0.3389    ndcg@10 : 0.195    hit@10 : 0.6755    precision@10 : 0.1352
Tue 31 Jan 2023 02:34:59 INFO  epoch 37 training [time: 3.74s, train_loss1: 9.1908, train_loss2: 2.3463]
Tue 31 Jan 2023 02:34:59 INFO  epoch 37 evaluating [time: 0.20s, valid_score: 0.334500]
Tue 31 Jan 2023 02:34:59 INFO  valid result: 
recall@10 : 0.1822    mrr@10 : 0.3345    ndcg@10 : 0.195    hit@10 : 0.6766    precision@10 : 0.1356
Tue 31 Jan 2023 02:35:03 INFO  epoch 38 training [time: 3.54s, train_loss1: 9.0509, train_loss2: 2.3107]
Tue 31 Jan 2023 02:35:03 INFO  epoch 38 evaluating [time: 0.19s, valid_score: 0.340500]
Tue 31 Jan 2023 02:35:03 INFO  valid result: 
recall@10 : 0.1848    mrr@10 : 0.3405    ndcg@10 : 0.1966    hit@10 : 0.6882    precision@10 : 0.1374
Tue 31 Jan 2023 02:35:07 INFO  epoch 39 training [time: 3.73s, train_loss1: 8.9305, train_loss2: 2.3028]
Tue 31 Jan 2023 02:35:07 INFO  epoch 39 evaluating [time: 0.19s, valid_score: 0.341900]
Tue 31 Jan 2023 02:35:07 INFO  valid result: 
recall@10 : 0.1867    mrr@10 : 0.3419    ndcg@10 : 0.1992    hit@10 : 0.6946    precision@10 : 0.1391
Tue 31 Jan 2023 02:35:07 INFO  Saving current: saved/KGAT-Jan-31-2023_02-32-29.pth
Tue 31 Jan 2023 02:35:10 INFO  epoch 40 training [time: 3.66s, train_loss1: 8.8594, train_loss2: 2.2026]
Tue 31 Jan 2023 02:35:11 INFO  epoch 40 evaluating [time: 0.19s, valid_score: 0.342700]
Tue 31 Jan 2023 02:35:11 INFO  valid result: 
recall@10 : 0.1904    mrr@10 : 0.3427    ndcg@10 : 0.2024    hit@10 : 0.6967    precision@10 : 0.1408
Tue 31 Jan 2023 02:35:11 INFO  Saving current: saved/KGAT-Jan-31-2023_02-32-29.pth
Tue 31 Jan 2023 02:35:14 INFO  epoch 41 training [time: 3.71s, train_loss1: 8.7128, train_loss2: 2.1805]
Tue 31 Jan 2023 02:35:15 INFO  epoch 41 evaluating [time: 0.19s, valid_score: 0.342700]
Tue 31 Jan 2023 02:35:15 INFO  valid result: 
recall@10 : 0.1906    mrr@10 : 0.3427    ndcg@10 : 0.2031    hit@10 : 0.6957    precision@10 : 0.1414
Tue 31 Jan 2023 02:35:15 INFO  Saving current: saved/KGAT-Jan-31-2023_02-32-29.pth
Tue 31 Jan 2023 02:35:19 INFO  epoch 42 training [time: 3.82s, train_loss1: 8.6088, train_loss2: 2.0855]
Tue 31 Jan 2023 02:35:19 INFO  epoch 42 evaluating [time: 0.27s, valid_score: 0.348400]
Tue 31 Jan 2023 02:35:19 INFO  valid result: 
recall@10 : 0.1938    mrr@10 : 0.3484    ndcg@10 : 0.2063    hit@10 : 0.7031    precision@10 : 0.1437
Tue 31 Jan 2023 02:35:19 INFO  Saving current: saved/KGAT-Jan-31-2023_02-32-29.pth
Tue 31 Jan 2023 02:35:23 INFO  epoch 43 training [time: 4.62s, train_loss1: 8.5071, train_loss2: 1.9714]
Tue 31 Jan 2023 02:35:24 INFO  epoch 43 evaluating [time: 0.22s, valid_score: 0.356600]
Tue 31 Jan 2023 02:35:24 INFO  valid result: 
recall@10 : 0.1915    mrr@10 : 0.3566    ndcg@10 : 0.2072    hit@10 : 0.7031    precision@10 : 0.1426
Tue 31 Jan 2023 02:35:24 INFO  Saving current: saved/KGAT-Jan-31-2023_02-32-29.pth
Tue 31 Jan 2023 02:35:28 INFO  epoch 44 training [time: 3.76s, train_loss1: 8.4607, train_loss2: 1.9624]
Tue 31 Jan 2023 02:35:28 INFO  epoch 44 evaluating [time: 0.21s, valid_score: 0.354900]
Tue 31 Jan 2023 02:35:28 INFO  valid result: 
recall@10 : 0.1947    mrr@10 : 0.3549    ndcg@10 : 0.2083    hit@10 : 0.7084    precision@10 : 0.1437
Tue 31 Jan 2023 02:35:31 INFO  epoch 45 training [time: 3.65s, train_loss1: 8.3622, train_loss2: 1.9332]
Tue 31 Jan 2023 02:35:32 INFO  epoch 45 evaluating [time: 0.21s, valid_score: 0.356200]
Tue 31 Jan 2023 02:35:32 INFO  valid result: 
recall@10 : 0.1953    mrr@10 : 0.3562    ndcg@10 : 0.2096    hit@10 : 0.7063    precision@10 : 0.1438
Tue 31 Jan 2023 02:35:35 INFO  epoch 46 training [time: 3.69s, train_loss1: 8.1067, train_loss2: 1.9273]
Tue 31 Jan 2023 02:35:36 INFO  epoch 46 evaluating [time: 0.21s, valid_score: 0.361300]
Tue 31 Jan 2023 02:35:36 INFO  valid result: 
recall@10 : 0.1996    mrr@10 : 0.3613    ndcg@10 : 0.2133    hit@10 : 0.7105    precision@10 : 0.1461
Tue 31 Jan 2023 02:35:36 INFO  Saving current: saved/KGAT-Jan-31-2023_02-32-29.pth
Tue 31 Jan 2023 02:35:39 INFO  epoch 47 training [time: 3.56s, train_loss1: 8.0795, train_loss2: 1.8723]
Tue 31 Jan 2023 02:35:39 INFO  epoch 47 evaluating [time: 0.21s, valid_score: 0.362100]
Tue 31 Jan 2023 02:35:39 INFO  valid result: 
recall@10 : 0.2003    mrr@10 : 0.3621    ndcg@10 : 0.2159    hit@10 : 0.7126    precision@10 : 0.1491
Tue 31 Jan 2023 02:35:39 INFO  Saving current: saved/KGAT-Jan-31-2023_02-32-29.pth
Tue 31 Jan 2023 02:35:43 INFO  epoch 48 training [time: 3.73s, train_loss1: 8.0160, train_loss2: 1.8988]
Tue 31 Jan 2023 02:35:43 INFO  epoch 48 evaluating [time: 0.22s, valid_score: 0.362300]
Tue 31 Jan 2023 02:35:43 INFO  valid result: 
recall@10 : 0.2004    mrr@10 : 0.3623    ndcg@10 : 0.2155    hit@10 : 0.7158    precision@10 : 0.1478
Tue 31 Jan 2023 02:35:43 INFO  Saving current: saved/KGAT-Jan-31-2023_02-32-29.pth
Tue 31 Jan 2023 02:35:47 INFO  epoch 49 training [time: 3.69s, train_loss1: 7.9130, train_loss2: 1.7476]
Tue 31 Jan 2023 02:35:47 INFO  epoch 49 evaluating [time: 0.21s, valid_score: 0.360900]
Tue 31 Jan 2023 02:35:47 INFO  valid result: 
recall@10 : 0.202    mrr@10 : 0.3609    ndcg@10 : 0.2153    hit@10 : 0.7169    precision@10 : 0.1484
Tue 31 Jan 2023 02:35:51 INFO  epoch 50 training [time: 3.68s, train_loss1: 7.9133, train_loss2: 1.7286]
Tue 31 Jan 2023 02:35:51 INFO  epoch 50 evaluating [time: 0.21s, valid_score: 0.358800]
Tue 31 Jan 2023 02:35:51 INFO  valid result: 
recall@10 : 0.204    mrr@10 : 0.3588    ndcg@10 : 0.2157    hit@10 : 0.7179    precision@10 : 0.1488
Tue 31 Jan 2023 02:35:55 INFO  epoch 51 training [time: 3.62s, train_loss1: 7.8816, train_loss2: 1.7072]
Tue 31 Jan 2023 02:35:55 INFO  epoch 51 evaluating [time: 0.21s, valid_score: 0.362800]
Tue 31 Jan 2023 02:35:55 INFO  valid result: 
recall@10 : 0.2017    mrr@10 : 0.3628    ndcg@10 : 0.2151    hit@10 : 0.7105    precision@10 : 0.1473
Tue 31 Jan 2023 02:35:55 INFO  Saving current: saved/KGAT-Jan-31-2023_02-32-29.pth
Tue 31 Jan 2023 02:35:59 INFO  epoch 52 training [time: 3.74s, train_loss1: 7.6833, train_loss2: 1.6856]
Tue 31 Jan 2023 02:35:59 INFO  epoch 52 evaluating [time: 0.24s, valid_score: 0.366800]
Tue 31 Jan 2023 02:35:59 INFO  valid result: 
recall@10 : 0.2049    mrr@10 : 0.3668    ndcg@10 : 0.2185    hit@10 : 0.7126    precision@10 : 0.1499
Tue 31 Jan 2023 02:35:59 INFO  Saving current: saved/KGAT-Jan-31-2023_02-32-29.pth
Tue 31 Jan 2023 02:36:03 INFO  epoch 53 training [time: 3.91s, train_loss1: 7.5875, train_loss2: 1.7041]
Tue 31 Jan 2023 02:36:03 INFO  epoch 53 evaluating [time: 0.21s, valid_score: 0.364800]
Tue 31 Jan 2023 02:36:03 INFO  valid result: 
recall@10 : 0.2031    mrr@10 : 0.3648    ndcg@10 : 0.2173    hit@10 : 0.7147    precision@10 : 0.1497
Tue 31 Jan 2023 02:36:07 INFO  epoch 54 training [time: 3.61s, train_loss1: 7.5990, train_loss2: 1.6857]
Tue 31 Jan 2023 02:36:07 INFO  epoch 54 evaluating [time: 0.21s, valid_score: 0.365400]
Tue 31 Jan 2023 02:36:07 INFO  valid result: 
recall@10 : 0.2046    mrr@10 : 0.3654    ndcg@10 : 0.217    hit@10 : 0.7232    precision@10 : 0.1497
Tue 31 Jan 2023 02:36:11 INFO  epoch 55 training [time: 3.66s, train_loss1: 7.4990, train_loss2: 1.6478]
Tue 31 Jan 2023 02:36:11 INFO  epoch 55 evaluating [time: 0.20s, valid_score: 0.368100]
Tue 31 Jan 2023 02:36:11 INFO  valid result: 
recall@10 : 0.2075    mrr@10 : 0.3681    ndcg@10 : 0.2201    hit@10 : 0.7222    precision@10 : 0.1512
Tue 31 Jan 2023 02:36:11 INFO  Saving current: saved/KGAT-Jan-31-2023_02-32-29.pth
Tue 31 Jan 2023 02:36:15 INFO  epoch 56 training [time: 3.72s, train_loss1: 7.3609, train_loss2: 1.5752]
Tue 31 Jan 2023 02:36:15 INFO  epoch 56 evaluating [time: 0.21s, valid_score: 0.365500]
Tue 31 Jan 2023 02:36:15 INFO  valid result: 
recall@10 : 0.2066    mrr@10 : 0.3655    ndcg@10 : 0.2202    hit@10 : 0.7232    precision@10 : 0.1516
Tue 31 Jan 2023 02:36:19 INFO  epoch 57 training [time: 3.73s, train_loss1: 7.3671, train_loss2: 1.6140]
Tue 31 Jan 2023 02:36:19 INFO  epoch 57 evaluating [time: 0.19s, valid_score: 0.367400]
Tue 31 Jan 2023 02:36:19 INFO  valid result: 
recall@10 : 0.2058    mrr@10 : 0.3674    ndcg@10 : 0.2199    hit@10 : 0.7232    precision@10 : 0.1512
Tue 31 Jan 2023 02:36:23 INFO  epoch 58 training [time: 3.74s, train_loss1: 7.1889, train_loss2: 1.5474]
Tue 31 Jan 2023 02:36:23 INFO  epoch 58 evaluating [time: 0.19s, valid_score: 0.370700]
Tue 31 Jan 2023 02:36:23 INFO  valid result: 
recall@10 : 0.2072    mrr@10 : 0.3707    ndcg@10 : 0.222    hit@10 : 0.7285    precision@10 : 0.1522
Tue 31 Jan 2023 02:36:23 INFO  Saving current: saved/KGAT-Jan-31-2023_02-32-29.pth
Tue 31 Jan 2023 02:36:27 INFO  epoch 59 training [time: 3.75s, train_loss1: 7.2700, train_loss2: 1.5556]
Tue 31 Jan 2023 02:36:27 INFO  epoch 59 evaluating [time: 0.19s, valid_score: 0.370700]
Tue 31 Jan 2023 02:36:27 INFO  valid result: 
recall@10 : 0.2099    mrr@10 : 0.3707    ndcg@10 : 0.2231    hit@10 : 0.7285    precision@10 : 0.1528
Tue 31 Jan 2023 02:36:27 INFO  Saving current: saved/KGAT-Jan-31-2023_02-32-29.pth
Tue 31 Jan 2023 02:36:30 INFO  epoch 60 training [time: 3.57s, train_loss1: 7.1405, train_loss2: 1.4226]
Tue 31 Jan 2023 02:36:31 INFO  epoch 60 evaluating [time: 0.19s, valid_score: 0.372000]
Tue 31 Jan 2023 02:36:31 INFO  valid result: 
recall@10 : 0.2128    mrr@10 : 0.372    ndcg@10 : 0.2247    hit@10 : 0.7328    precision@10 : 0.1537
Tue 31 Jan 2023 02:36:31 INFO  Saving current: saved/KGAT-Jan-31-2023_02-32-29.pth
Tue 31 Jan 2023 02:36:34 INFO  epoch 61 training [time: 3.73s, train_loss1: 7.0605, train_loss2: 1.4628]
Tue 31 Jan 2023 02:36:35 INFO  epoch 61 evaluating [time: 0.19s, valid_score: 0.374800]
Tue 31 Jan 2023 02:36:35 INFO  valid result: 
recall@10 : 0.2153    mrr@10 : 0.3748    ndcg@10 : 0.226    hit@10 : 0.7423    precision@10 : 0.154
Tue 31 Jan 2023 02:36:35 INFO  Saving current: saved/KGAT-Jan-31-2023_02-32-29.pth
Tue 31 Jan 2023 02:36:38 INFO  epoch 62 training [time: 3.60s, train_loss1: 6.9441, train_loss2: 1.4846]
Tue 31 Jan 2023 02:36:39 INFO  epoch 62 evaluating [time: 0.20s, valid_score: 0.374100]
Tue 31 Jan 2023 02:36:39 INFO  valid result: 
recall@10 : 0.2152    mrr@10 : 0.3741    ndcg@10 : 0.2274    hit@10 : 0.7359    precision@10 : 0.1554
Tue 31 Jan 2023 02:36:42 INFO  epoch 63 training [time: 3.88s, train_loss1: 6.9467, train_loss2: 1.4658]
Tue 31 Jan 2023 02:36:43 INFO  epoch 63 evaluating [time: 0.19s, valid_score: 0.378300]
Tue 31 Jan 2023 02:36:43 INFO  valid result: 
recall@10 : 0.2151    mrr@10 : 0.3783    ndcg@10 : 0.2268    hit@10 : 0.7296    precision@10 : 0.1543
Tue 31 Jan 2023 02:36:43 INFO  Saving current: saved/KGAT-Jan-31-2023_02-32-29.pth
Tue 31 Jan 2023 02:36:46 INFO  epoch 64 training [time: 3.71s, train_loss1: 6.9073, train_loss2: 1.4081]
Tue 31 Jan 2023 02:36:47 INFO  epoch 64 evaluating [time: 0.19s, valid_score: 0.381100]
Tue 31 Jan 2023 02:36:47 INFO  valid result: 
recall@10 : 0.2132    mrr@10 : 0.3811    ndcg@10 : 0.2272    hit@10 : 0.7402    precision@10 : 0.1539
Tue 31 Jan 2023 02:36:47 INFO  Saving current: saved/KGAT-Jan-31-2023_02-32-29.pth
Tue 31 Jan 2023 02:36:50 INFO  epoch 65 training [time: 3.62s, train_loss1: 6.8207, train_loss2: 1.4195]
Tue 31 Jan 2023 02:36:50 INFO  epoch 65 evaluating [time: 0.19s, valid_score: 0.380600]
Tue 31 Jan 2023 02:36:50 INFO  valid result: 
recall@10 : 0.2135    mrr@10 : 0.3806    ndcg@10 : 0.2269    hit@10 : 0.7434    precision@10 : 0.1541
Tue 31 Jan 2023 02:36:54 INFO  epoch 66 training [time: 3.80s, train_loss1: 6.7761, train_loss2: 1.4230]
Tue 31 Jan 2023 02:36:54 INFO  epoch 66 evaluating [time: 0.19s, valid_score: 0.377200]
Tue 31 Jan 2023 02:36:54 INFO  valid result: 
recall@10 : 0.2158    mrr@10 : 0.3772    ndcg@10 : 0.2285    hit@10 : 0.7391    precision@10 : 0.1564
Tue 31 Jan 2023 02:36:58 INFO  epoch 67 training [time: 3.59s, train_loss1: 6.7253, train_loss2: 1.3396]
Tue 31 Jan 2023 02:36:58 INFO  epoch 67 evaluating [time: 0.19s, valid_score: 0.381900]
Tue 31 Jan 2023 02:36:58 INFO  valid result: 
recall@10 : 0.2188    mrr@10 : 0.3819    ndcg@10 : 0.231    hit@10 : 0.7466    precision@10 : 0.1583
Tue 31 Jan 2023 02:36:58 INFO  Saving current: saved/KGAT-Jan-31-2023_02-32-29.pth
Tue 31 Jan 2023 02:37:02 INFO  epoch 68 training [time: 3.88s, train_loss1: 6.6349, train_loss2: 1.3844]
Tue 31 Jan 2023 02:37:02 INFO  epoch 68 evaluating [time: 0.19s, valid_score: 0.378000]
Tue 31 Jan 2023 02:37:02 INFO  valid result: 
recall@10 : 0.2198    mrr@10 : 0.378    ndcg@10 : 0.2308    hit@10 : 0.7402    precision@10 : 0.1586
Tue 31 Jan 2023 02:37:06 INFO  epoch 69 training [time: 3.72s, train_loss1: 6.5471, train_loss2: 1.2725]
Tue 31 Jan 2023 02:37:06 INFO  epoch 69 evaluating [time: 0.19s, valid_score: 0.380200]
Tue 31 Jan 2023 02:37:06 INFO  valid result: 
recall@10 : 0.2222    mrr@10 : 0.3802    ndcg@10 : 0.2314    hit@10 : 0.7444    precision@10 : 0.1585
Tue 31 Jan 2023 02:37:10 INFO  epoch 70 training [time: 3.66s, train_loss1: 6.4847, train_loss2: 1.2901]
Tue 31 Jan 2023 02:37:10 INFO  epoch 70 evaluating [time: 0.19s, valid_score: 0.373800]
Tue 31 Jan 2023 02:37:10 INFO  valid result: 
recall@10 : 0.2213    mrr@10 : 0.3738    ndcg@10 : 0.2302    hit@10 : 0.7444    precision@10 : 0.1582
Tue 31 Jan 2023 02:37:14 INFO  epoch 71 training [time: 3.74s, train_loss1: 6.4133, train_loss2: 1.3078]
Tue 31 Jan 2023 02:37:14 INFO  epoch 71 evaluating [time: 0.19s, valid_score: 0.376900]
Tue 31 Jan 2023 02:37:14 INFO  valid result: 
recall@10 : 0.2238    mrr@10 : 0.3769    ndcg@10 : 0.2316    hit@10 : 0.7561    precision@10 : 0.161
Tue 31 Jan 2023 02:37:18 INFO  epoch 72 training [time: 3.77s, train_loss1: 6.3422, train_loss2: 1.3276]
Tue 31 Jan 2023 02:37:18 INFO  epoch 72 evaluating [time: 0.19s, valid_score: 0.381300]
Tue 31 Jan 2023 02:37:18 INFO  valid result: 
recall@10 : 0.222    mrr@10 : 0.3813    ndcg@10 : 0.2333    hit@10 : 0.7476    precision@10 : 0.16
Tue 31 Jan 2023 02:37:22 INFO  epoch 73 training [time: 3.58s, train_loss1: 6.2981, train_loss2: 1.3093]
Tue 31 Jan 2023 02:37:22 INFO  epoch 73 evaluating [time: 0.19s, valid_score: 0.378700]
Tue 31 Jan 2023 02:37:22 INFO  valid result: 
recall@10 : 0.2217    mrr@10 : 0.3787    ndcg@10 : 0.2326    hit@10 : 0.7508    precision@10 : 0.1602
Tue 31 Jan 2023 02:37:26 INFO  epoch 74 training [time: 3.73s, train_loss1: 6.2583, train_loss2: 1.2286]
Tue 31 Jan 2023 02:37:26 INFO  epoch 74 evaluating [time: 0.19s, valid_score: 0.379300]
Tue 31 Jan 2023 02:37:26 INFO  valid result: 
recall@10 : 0.2236    mrr@10 : 0.3793    ndcg@10 : 0.2335    hit@10 : 0.7529    precision@10 : 0.1615
Tue 31 Jan 2023 02:37:29 INFO  epoch 75 training [time: 3.72s, train_loss1: 6.1677, train_loss2: 1.2301]
Tue 31 Jan 2023 02:37:30 INFO  epoch 75 evaluating [time: 0.19s, valid_score: 0.383100]
Tue 31 Jan 2023 02:37:30 INFO  valid result: 
recall@10 : 0.2224    mrr@10 : 0.3831    ndcg@10 : 0.2331    hit@10 : 0.7508    precision@10 : 0.1595
Tue 31 Jan 2023 02:37:30 INFO  Saving current: saved/KGAT-Jan-31-2023_02-32-29.pth
Tue 31 Jan 2023 02:37:33 INFO  epoch 76 training [time: 3.58s, train_loss1: 6.1072, train_loss2: 1.2816]
Tue 31 Jan 2023 02:37:34 INFO  epoch 76 evaluating [time: 0.19s, valid_score: 0.383300]
Tue 31 Jan 2023 02:37:34 INFO  valid result: 
recall@10 : 0.2224    mrr@10 : 0.3833    ndcg@10 : 0.2344    hit@10 : 0.7434    precision@10 : 0.1612
Tue 31 Jan 2023 02:37:34 INFO  Saving current: saved/KGAT-Jan-31-2023_02-32-29.pth
Tue 31 Jan 2023 02:37:37 INFO  epoch 77 training [time: 3.65s, train_loss1: 6.1849, train_loss2: 1.2577]
Tue 31 Jan 2023 02:37:37 INFO  epoch 77 evaluating [time: 0.19s, valid_score: 0.385100]
Tue 31 Jan 2023 02:37:37 INFO  valid result: 
recall@10 : 0.2201    mrr@10 : 0.3851    ndcg@10 : 0.2325    hit@10 : 0.7455    precision@10 : 0.1582
Tue 31 Jan 2023 02:37:37 INFO  Saving current: saved/KGAT-Jan-31-2023_02-32-29.pth
Tue 31 Jan 2023 02:37:41 INFO  epoch 78 training [time: 3.73s, train_loss1: 5.9489, train_loss2: 1.2293]
Tue 31 Jan 2023 02:37:41 INFO  epoch 78 evaluating [time: 0.19s, valid_score: 0.383500]
Tue 31 Jan 2023 02:37:41 INFO  valid result: 
recall@10 : 0.2203    mrr@10 : 0.3835    ndcg@10 : 0.2315    hit@10 : 0.7413    precision@10 : 0.1573
Tue 31 Jan 2023 02:37:45 INFO  epoch 79 training [time: 3.53s, train_loss1: 5.9605, train_loss2: 1.2039]
Tue 31 Jan 2023 02:37:45 INFO  epoch 79 evaluating [time: 0.19s, valid_score: 0.381300]
Tue 31 Jan 2023 02:37:45 INFO  valid result: 
recall@10 : 0.2233    mrr@10 : 0.3813    ndcg@10 : 0.2329    hit@10 : 0.7508    precision@10 : 0.1589
Tue 31 Jan 2023 02:37:49 INFO  epoch 80 training [time: 3.62s, train_loss1: 5.9236, train_loss2: 1.1993]
Tue 31 Jan 2023 02:37:49 INFO  epoch 80 evaluating [time: 0.19s, valid_score: 0.384200]
Tue 31 Jan 2023 02:37:49 INFO  valid result: 
recall@10 : 0.2234    mrr@10 : 0.3842    ndcg@10 : 0.2355    hit@10 : 0.7413    precision@10 : 0.1607
Tue 31 Jan 2023 02:37:53 INFO  epoch 81 training [time: 3.73s, train_loss1: 5.8804, train_loss2: 1.1424]
Tue 31 Jan 2023 02:37:53 INFO  epoch 81 evaluating [time: 0.19s, valid_score: 0.383600]
Tue 31 Jan 2023 02:37:53 INFO  valid result: 
recall@10 : 0.2233    mrr@10 : 0.3836    ndcg@10 : 0.2332    hit@10 : 0.754    precision@10 : 0.1598
Tue 31 Jan 2023 02:37:57 INFO  epoch 82 training [time: 3.66s, train_loss1: 5.8046, train_loss2: 1.1717]
Tue 31 Jan 2023 02:37:57 INFO  epoch 82 evaluating [time: 0.19s, valid_score: 0.394300]
Tue 31 Jan 2023 02:37:57 INFO  valid result: 
recall@10 : 0.2231    mrr@10 : 0.3943    ndcg@10 : 0.236    hit@10 : 0.7519    precision@10 : 0.1592
Tue 31 Jan 2023 02:37:57 INFO  Saving current: saved/KGAT-Jan-31-2023_02-32-29.pth
Tue 31 Jan 2023 02:38:00 INFO  epoch 83 training [time: 3.59s, train_loss1: 5.7670, train_loss2: 1.1782]
Tue 31 Jan 2023 02:38:01 INFO  epoch 83 evaluating [time: 0.19s, valid_score: 0.391600]
Tue 31 Jan 2023 02:38:01 INFO  valid result: 
recall@10 : 0.2241    mrr@10 : 0.3916    ndcg@10 : 0.2356    hit@10 : 0.7487    precision@10 : 0.1602
Tue 31 Jan 2023 02:38:04 INFO  epoch 84 training [time: 3.64s, train_loss1: 5.6817, train_loss2: 1.0905]
Tue 31 Jan 2023 02:38:04 INFO  epoch 84 evaluating [time: 0.19s, valid_score: 0.386000]
Tue 31 Jan 2023 02:38:04 INFO  valid result: 
recall@10 : 0.223    mrr@10 : 0.386    ndcg@10 : 0.2338    hit@10 : 0.754    precision@10 : 0.16
Tue 31 Jan 2023 02:38:08 INFO  epoch 85 training [time: 3.63s, train_loss1: 5.6519, train_loss2: 1.0894]
Tue 31 Jan 2023 02:38:08 INFO  epoch 85 evaluating [time: 0.19s, valid_score: 0.387800]
Tue 31 Jan 2023 02:38:08 INFO  valid result: 
recall@10 : 0.2227    mrr@10 : 0.3878    ndcg@10 : 0.2353    hit@10 : 0.7508    precision@10 : 0.1599
Tue 31 Jan 2023 02:38:12 INFO  epoch 86 training [time: 3.62s, train_loss1: 5.5283, train_loss2: 1.1096]
Tue 31 Jan 2023 02:38:12 INFO  epoch 86 evaluating [time: 0.19s, valid_score: 0.382600]
Tue 31 Jan 2023 02:38:12 INFO  valid result: 
recall@10 : 0.2235    mrr@10 : 0.3826    ndcg@10 : 0.2338    hit@10 : 0.7529    precision@10 : 0.1591
Tue 31 Jan 2023 02:38:16 INFO  epoch 87 training [time: 3.85s, train_loss1: 5.5683, train_loss2: 1.0822]
Tue 31 Jan 2023 02:38:16 INFO  epoch 87 evaluating [time: 0.22s, valid_score: 0.381800]
Tue 31 Jan 2023 02:38:16 INFO  valid result: 
recall@10 : 0.2236    mrr@10 : 0.3818    ndcg@10 : 0.2332    hit@10 : 0.7487    precision@10 : 0.1587
Tue 31 Jan 2023 02:38:20 INFO  epoch 88 training [time: 3.84s, train_loss1: 5.4382, train_loss2: 1.0971]
Tue 31 Jan 2023 02:38:20 INFO  epoch 88 evaluating [time: 0.19s, valid_score: 0.378200]
Tue 31 Jan 2023 02:38:20 INFO  valid result: 
recall@10 : 0.2204    mrr@10 : 0.3782    ndcg@10 : 0.2308    hit@10 : 0.7423    precision@10 : 0.1576
Tue 31 Jan 2023 02:38:24 INFO  epoch 89 training [time: 4.05s, train_loss1: 5.4797, train_loss2: 1.0741]
Tue 31 Jan 2023 02:38:24 INFO  epoch 89 evaluating [time: 0.19s, valid_score: 0.382000]
Tue 31 Jan 2023 02:38:24 INFO  valid result: 
recall@10 : 0.2224    mrr@10 : 0.382    ndcg@10 : 0.2323    hit@10 : 0.755    precision@10 : 0.1575
Tue 31 Jan 2023 02:38:28 INFO  epoch 90 training [time: 3.85s, train_loss1: 5.3553, train_loss2: 1.0961]
Tue 31 Jan 2023 02:38:28 INFO  epoch 90 evaluating [time: 0.19s, valid_score: 0.385800]
Tue 31 Jan 2023 02:38:28 INFO  valid result: 
recall@10 : 0.2255    mrr@10 : 0.3858    ndcg@10 : 0.2354    hit@10 : 0.7487    precision@10 : 0.1595
Tue 31 Jan 2023 02:38:32 INFO  epoch 91 training [time: 3.82s, train_loss1: 5.2737, train_loss2: 1.0983]
Tue 31 Jan 2023 02:38:32 INFO  epoch 91 evaluating [time: 0.19s, valid_score: 0.379000]
Tue 31 Jan 2023 02:38:32 INFO  valid result: 
recall@10 : 0.2267    mrr@10 : 0.379    ndcg@10 : 0.2346    hit@10 : 0.755    precision@10 : 0.1603
Tue 31 Jan 2023 02:38:36 INFO  epoch 92 training [time: 3.65s, train_loss1: 5.2290, train_loss2: 1.0668]
Tue 31 Jan 2023 02:38:36 INFO  epoch 92 evaluating [time: 0.19s, valid_score: 0.377200]
Tue 31 Jan 2023 02:38:36 INFO  valid result: 
recall@10 : 0.2251    mrr@10 : 0.3772    ndcg@10 : 0.234    hit@10 : 0.7519    precision@10 : 0.1604
Tue 31 Jan 2023 02:38:40 INFO  epoch 93 training [time: 3.64s, train_loss1: 5.1803, train_loss2: 1.0204]
Tue 31 Jan 2023 02:38:40 INFO  epoch 93 evaluating [time: 0.19s, valid_score: 0.383200]
Tue 31 Jan 2023 02:38:40 INFO  valid result: 
recall@10 : 0.2284    mrr@10 : 0.3832    ndcg@10 : 0.2359    hit@10 : 0.7572    precision@10 : 0.1611
Tue 31 Jan 2023 02:38:40 INFO  Finished training, best eval result in epoch 82
Tue 31 Jan 2023 02:38:40 INFO  Loading model structure and parameters from saved/KGAT-Jan-31-2023_02-32-29.pth
Tue 31 Jan 2023 02:38:40 INFO  best valid : OrderedDict([('recall@10', 0.2231), ('mrr@10', 0.3943), ('ndcg@10', 0.236), ('hit@10', 0.7519), ('precision@10', 0.1592)])
Tue 31 Jan 2023 02:38:40 INFO  test result: OrderedDict([('recall@10', 0.2407), ('mrr@10', 0.4748), ('ndcg@10', 0.2852), ('hit@10', 0.7667), ('precision@10', 0.1946)])
