Tue 31 Jan 2023 00:56:42 INFO  ['recbole_test.py', '--seed', '2022', '--aggr', 'bi', '--opti', 'rmsprop', '--is_swa', 'false', '--is_momentum', 'false']
Tue 31 Jan 2023 00:56:42 INFO  
General Hyper Parameters:
gpu_id = 0
use_gpu = True
seed = 2022
state = INFO
reproducibility = True
data_path = /work/03/gu14/k36095/kgat_bai/recbole/config/../dataset_example/ml-100k
checkpoint_dir = saved
show_progress = True
save_dataset = True
dataset_save_path = None
save_dataloaders = False
dataloaders_save_path = None
log_wandb = False

Training Hyper Parameters:
epochs = 300
train_batch_size = 2048
learner = rmsprop
learning_rate = 0.001
train_neg_sample_args = {'distribution': 'uniform', 'sample_num': 1, 'alpha': 1.0, 'dynamic': False, 'candidate_num': 0}
eval_step = 1
stopping_step = 10
clip_grad_norm = None
weight_decay = 0.0
loss_decimal_place = 4

Evaluation Hyper Parameters:
eval_args = {'split': {'RS': [0.8, 0.1, 0.1]}, 'group_by': 'user', 'order': 'RO', 'mode': 'full'}
repeatable = False
metrics = ['Recall', 'MRR', 'NDCG', 'Hit', 'Precision']
topk = [10]
valid_metric = MRR@10
valid_metric_bigger = True
eval_batch_size = 4096
metric_decimal_place = 4

Dataset Hyper Parameters:
field_separator = 	
seq_separator =  
USER_ID_FIELD = user_id
ITEM_ID_FIELD = item_id
RATING_FIELD = rating
TIME_FIELD = timestamp
seq_len = None
LABEL_FIELD = label
threshold = None
NEG_PREFIX = neg_
load_col = {'inter': ['user_id', 'item_id', 'rating', 'timestamp'], 'kg': ['head_id', 'relation_id', 'tail_id'], 'link': ['item_id', 'entity_id']}
unload_col = None
unused_col = None
additional_feat_suffix = None
rm_dup_inter = None
val_interval = None
filter_inter_by_user_or_item = True
user_inter_num_interval = None
item_inter_num_interval = None
alias_of_user_id = None
alias_of_item_id = None
alias_of_entity_id = None
alias_of_relation_id = None
preload_weight = None
normalize_field = None
normalize_all = True
ITEM_LIST_LENGTH_FIELD = item_length
LIST_SUFFIX = _list
MAX_ITEM_LIST_LENGTH = 50
POSITION_FIELD = position_id
HEAD_ENTITY_ID_FIELD = head_id
TAIL_ENTITY_ID_FIELD = tail_id
RELATION_ID_FIELD = relation_id
ENTITY_ID_FIELD = entity_id
kg_reverse_r = False
entity_kg_num_interval = [0,inf)
relation_kg_num_interval = [0,inf)
benchmark_filename = None

Other Hyper Parameters: 
worker = 0
wandb_project = recbole
shuffle = True
require_pow = False
enable_amp = False
enable_scaler = False
transform = None
embedding_size = 64
kg_embedding_size = 64
layers = [64]
mess_dropout = 0.1
reg_weight = 1e-05
aggregator_type = bi
numerical_features = []
discretization = None
MODEL_TYPE = ModelType.KNOWLEDGE
is_swa = 0
is_momentum = 0
MODEL_INPUT_TYPE = InputType.PAIRWISE
eval_type = EvaluatorType.RANKING
single_spec = True
local_rank = 0
device = cpu
eval_neg_sample_args = {'distribution': 'uniform', 'sample_num': 'none'}


Tue 31 Jan 2023 00:56:44 INFO  Saving filtered dataset into [saved/ml-100k-dataset.pth]
Tue 31 Jan 2023 00:56:44 INFO  ml-100k
The number of users: 944
Average actions of users: 103.4506892895016
The number of items: 1599
Average actions of items: 61.04755944931164
The number of inters: 97554
The sparsity of the dataset: 93.53714185772888%
Remain Fields: ['entity_id', 'user_id', 'item_id', 'rating', 'timestamp', 'head_id', 'relation_id', 'tail_id']
The number of entities: 34629
The number of relations: 26
The number of triples: 91631
The number of items that have been linked to KG: 1598
Tue 31 Jan 2023 00:56:45 INFO  [Training]: train_batch_size = [2048] train_neg_sample_args: [{'distribution': 'uniform', 'sample_num': 1, 'alpha': 1.0, 'dynamic': False, 'candidate_num': 0}]
Tue 31 Jan 2023 00:56:45 INFO  [Evaluation]: eval_batch_size = [4096] eval_args: [{'split': {'RS': [0.8, 0.1, 0.1]}, 'group_by': 'user', 'order': 'RO', 'mode': 'full'}]
Tue 31 Jan 2023 00:56:48 INFO  KGAT(
  (user_embedding): Embedding(944, 64)
  (entity_embedding): Embedding(34629, 64)
  (relation_embedding): Embedding(26, 64)
  (trans_w): Embedding(26, 4096)
  (aggregator_layers): ModuleList(
    (0): Aggregator(
      (message_dropout): Dropout(p=0.1, inplace=False)
      (W1): Linear(in_features=64, out_features=64, bias=True)
      (W2): Linear(in_features=64, out_features=64, bias=True)
      (activation): LeakyReLU(negative_slope=0.01)
    )
  )
  (tanh): Tanh()
  (mf_loss): BPRLoss()
  (reg_loss): EmbLoss()
)
Trainable parameters: 2393152
Tue 31 Jan 2023 00:56:48 INFO  FLOPs: 291414016.0
Tue 31 Jan 2023 00:56:53 INFO  epoch 0 training [time: 5.20s, train_loss1: 20.8136, train_loss2: 20.7898]
Tue 31 Jan 2023 00:56:53 INFO  epoch 0 evaluating [time: 0.26s, valid_score: 0.104400]
Tue 31 Jan 2023 00:56:53 INFO  valid result: 
recall@10 : 0.0429    mrr@10 : 0.1044    ndcg@10 : 0.0488    hit@10 : 0.3001    precision@10 : 0.0405
Tue 31 Jan 2023 00:56:53 INFO  Saving current: saved/KGAT-Jan-31-2023_00-56-48.pth
Tue 31 Jan 2023 00:56:59 INFO  epoch 1 training [time: 5.30s, train_loss1: 17.0071, train_loss2: 12.3665]
Tue 31 Jan 2023 00:56:59 INFO  epoch 1 evaluating [time: 0.24s, valid_score: 0.167000]
Tue 31 Jan 2023 00:56:59 INFO  valid result: 
recall@10 : 0.0824    mrr@10 : 0.167    ndcg@10 : 0.0863    hit@10 : 0.4168    precision@10 : 0.0647
Tue 31 Jan 2023 00:56:59 INFO  Saving current: saved/KGAT-Jan-31-2023_00-56-48.pth
Tue 31 Jan 2023 00:57:03 INFO  epoch 2 training [time: 4.33s, train_loss1: 16.3786, train_loss2: 9.8964]
Tue 31 Jan 2023 00:57:03 INFO  epoch 2 evaluating [time: 0.20s, valid_score: 0.207100]
Tue 31 Jan 2023 00:57:03 INFO  valid result: 
recall@10 : 0.1074    mrr@10 : 0.2071    ndcg@10 : 0.1114    hit@10 : 0.5027    precision@10 : 0.0807
Tue 31 Jan 2023 00:57:04 INFO  Saving current: saved/KGAT-Jan-31-2023_00-56-48.pth
Tue 31 Jan 2023 00:57:08 INFO  epoch 3 training [time: 4.15s, train_loss1: 16.0432, train_loss2: 8.8697]
Tue 31 Jan 2023 00:57:08 INFO  epoch 3 evaluating [time: 0.19s, valid_score: 0.230800]
Tue 31 Jan 2023 00:57:08 INFO  valid result: 
recall@10 : 0.1107    mrr@10 : 0.2308    ndcg@10 : 0.1214    hit@10 : 0.5164    precision@10 : 0.0866
Tue 31 Jan 2023 00:57:08 INFO  Saving current: saved/KGAT-Jan-31-2023_00-56-48.pth
Tue 31 Jan 2023 00:57:12 INFO  epoch 4 training [time: 4.19s, train_loss1: 15.7224, train_loss2: 8.0129]
Tue 31 Jan 2023 00:57:12 INFO  epoch 4 evaluating [time: 0.20s, valid_score: 0.225400]
Tue 31 Jan 2023 00:57:12 INFO  valid result: 
recall@10 : 0.1248    mrr@10 : 0.2254    ndcg@10 : 0.126    hit@10 : 0.5514    precision@10 : 0.0952
Tue 31 Jan 2023 00:57:17 INFO  epoch 5 training [time: 4.25s, train_loss1: 15.3609, train_loss2: 7.6805]
Tue 31 Jan 2023 00:57:17 INFO  epoch 5 evaluating [time: 0.20s, valid_score: 0.239700]
Tue 31 Jan 2023 00:57:17 INFO  valid result: 
recall@10 : 0.1285    mrr@10 : 0.2397    ndcg@10 : 0.1346    hit@10 : 0.5599    precision@10 : 0.0998
Tue 31 Jan 2023 00:57:17 INFO  Saving current: saved/KGAT-Jan-31-2023_00-56-48.pth
Tue 31 Jan 2023 00:57:21 INFO  epoch 6 training [time: 4.14s, train_loss1: 14.9445, train_loss2: 7.3703]
Tue 31 Jan 2023 00:57:21 INFO  epoch 6 evaluating [time: 0.19s, valid_score: 0.271700]
Tue 31 Jan 2023 00:57:21 INFO  valid result: 
recall@10 : 0.1374    mrr@10 : 0.2717    ndcg@10 : 0.1485    hit@10 : 0.5854    precision@10 : 0.1046
Tue 31 Jan 2023 00:57:21 INFO  Saving current: saved/KGAT-Jan-31-2023_00-56-48.pth
Tue 31 Jan 2023 00:57:26 INFO  epoch 7 training [time: 4.37s, train_loss1: 14.4303, train_loss2: 6.9833]
Tue 31 Jan 2023 00:57:26 INFO  epoch 7 evaluating [time: 0.19s, valid_score: 0.287800]
Tue 31 Jan 2023 00:57:26 INFO  valid result: 
recall@10 : 0.1407    mrr@10 : 0.2878    ndcg@10 : 0.1541    hit@10 : 0.5928    precision@10 : 0.1075
Tue 31 Jan 2023 00:57:26 INFO  Saving current: saved/KGAT-Jan-31-2023_00-56-48.pth
Tue 31 Jan 2023 00:57:30 INFO  epoch 8 training [time: 3.89s, train_loss1: 14.0314, train_loss2: 6.7184]
Tue 31 Jan 2023 00:57:30 INFO  epoch 8 evaluating [time: 0.19s, valid_score: 0.284300]
Tue 31 Jan 2023 00:57:30 INFO  valid result: 
recall@10 : 0.1478    mrr@10 : 0.2843    ndcg@10 : 0.1579    hit@10 : 0.6098    precision@10 : 0.113
Tue 31 Jan 2023 00:57:34 INFO  epoch 9 training [time: 4.32s, train_loss1: 13.5328, train_loss2: 6.3921]
Tue 31 Jan 2023 00:57:34 INFO  epoch 9 evaluating [time: 0.19s, valid_score: 0.295600]
Tue 31 Jan 2023 00:57:34 INFO  valid result: 
recall@10 : 0.1536    mrr@10 : 0.2956    ndcg@10 : 0.1656    hit@10 : 0.6257    precision@10 : 0.118
Tue 31 Jan 2023 00:57:34 INFO  Saving current: saved/KGAT-Jan-31-2023_00-56-48.pth
Tue 31 Jan 2023 00:57:38 INFO  epoch 10 training [time: 3.62s, train_loss1: 13.0194, train_loss2: 5.9381]
Tue 31 Jan 2023 00:57:38 INFO  epoch 10 evaluating [time: 0.21s, valid_score: 0.295000]
Tue 31 Jan 2023 00:57:38 INFO  valid result: 
recall@10 : 0.1572    mrr@10 : 0.295    ndcg@10 : 0.169    hit@10 : 0.631    precision@10 : 0.1206
Tue 31 Jan 2023 00:57:42 INFO  epoch 11 training [time: 4.14s, train_loss1: 12.5604, train_loss2: 5.4849]
Tue 31 Jan 2023 00:57:43 INFO  epoch 11 evaluating [time: 0.20s, valid_score: 0.314800]
Tue 31 Jan 2023 00:57:43 INFO  valid result: 
recall@10 : 0.1669    mrr@10 : 0.3148    ndcg@10 : 0.1795    hit@10 : 0.6585    precision@10 : 0.1261
Tue 31 Jan 2023 00:57:43 INFO  Saving current: saved/KGAT-Jan-31-2023_00-56-48.pth
Tue 31 Jan 2023 00:57:46 INFO  epoch 12 training [time: 3.76s, train_loss1: 12.0286, train_loss2: 5.0611]
Tue 31 Jan 2023 00:57:47 INFO  epoch 12 evaluating [time: 0.19s, valid_score: 0.322700]
Tue 31 Jan 2023 00:57:47 INFO  valid result: 
recall@10 : 0.1709    mrr@10 : 0.3227    ndcg@10 : 0.1837    hit@10 : 0.6702    precision@10 : 0.1278
Tue 31 Jan 2023 00:57:47 INFO  Saving current: saved/KGAT-Jan-31-2023_00-56-48.pth
Tue 31 Jan 2023 00:57:51 INFO  epoch 13 training [time: 4.15s, train_loss1: 11.6654, train_loss2: 4.5029]
Tue 31 Jan 2023 00:57:51 INFO  epoch 13 evaluating [time: 0.20s, valid_score: 0.330500]
Tue 31 Jan 2023 00:57:51 INFO  valid result: 
recall@10 : 0.1726    mrr@10 : 0.3305    ndcg@10 : 0.1881    hit@10 : 0.6649    precision@10 : 0.1292
Tue 31 Jan 2023 00:57:51 INFO  Saving current: saved/KGAT-Jan-31-2023_00-56-48.pth
Tue 31 Jan 2023 00:57:55 INFO  epoch 14 training [time: 4.20s, train_loss1: 11.2729, train_loss2: 4.1757]
Tue 31 Jan 2023 00:57:56 INFO  epoch 14 evaluating [time: 0.20s, valid_score: 0.331500]
Tue 31 Jan 2023 00:57:56 INFO  valid result: 
recall@10 : 0.176    mrr@10 : 0.3315    ndcg@10 : 0.1902    hit@10 : 0.6702    precision@10 : 0.1316
Tue 31 Jan 2023 00:57:56 INFO  Saving current: saved/KGAT-Jan-31-2023_00-56-48.pth
Tue 31 Jan 2023 00:57:59 INFO  epoch 15 training [time: 3.84s, train_loss1: 10.9648, train_loss2: 3.8055]
Tue 31 Jan 2023 00:58:00 INFO  epoch 15 evaluating [time: 0.19s, valid_score: 0.333300]
Tue 31 Jan 2023 00:58:00 INFO  valid result: 
recall@10 : 0.1727    mrr@10 : 0.3333    ndcg@10 : 0.1897    hit@10 : 0.6713    precision@10 : 0.131
Tue 31 Jan 2023 00:58:00 INFO  Saving current: saved/KGAT-Jan-31-2023_00-56-48.pth
Tue 31 Jan 2023 00:58:04 INFO  epoch 16 training [time: 3.86s, train_loss1: 10.6993, train_loss2: 3.5372]
Tue 31 Jan 2023 00:58:04 INFO  epoch 16 evaluating [time: 0.19s, valid_score: 0.333600]
Tue 31 Jan 2023 00:58:04 INFO  valid result: 
recall@10 : 0.1763    mrr@10 : 0.3336    ndcg@10 : 0.1915    hit@10 : 0.6787    precision@10 : 0.1326
Tue 31 Jan 2023 00:58:04 INFO  Saving current: saved/KGAT-Jan-31-2023_00-56-48.pth
Tue 31 Jan 2023 00:58:08 INFO  epoch 17 training [time: 4.19s, train_loss1: 10.5378, train_loss2: 3.3492]
Tue 31 Jan 2023 00:58:08 INFO  epoch 17 evaluating [time: 0.19s, valid_score: 0.346500]
Tue 31 Jan 2023 00:58:08 INFO  valid result: 
recall@10 : 0.1795    mrr@10 : 0.3465    ndcg@10 : 0.1964    hit@10 : 0.6797    precision@10 : 0.1347
Tue 31 Jan 2023 00:58:08 INFO  Saving current: saved/KGAT-Jan-31-2023_00-56-48.pth
Tue 31 Jan 2023 00:58:12 INFO  epoch 18 training [time: 4.20s, train_loss1: 10.2554, train_loss2: 3.1190]
Tue 31 Jan 2023 00:58:13 INFO  epoch 18 evaluating [time: 0.20s, valid_score: 0.342700]
Tue 31 Jan 2023 00:58:13 INFO  valid result: 
recall@10 : 0.1812    mrr@10 : 0.3427    ndcg@10 : 0.1967    hit@10 : 0.6861    precision@10 : 0.1347
Tue 31 Jan 2023 00:58:17 INFO  epoch 19 training [time: 4.14s, train_loss1: 10.0937, train_loss2: 3.0668]
Tue 31 Jan 2023 00:58:17 INFO  epoch 19 evaluating [time: 0.19s, valid_score: 0.337200]
Tue 31 Jan 2023 00:58:17 INFO  valid result: 
recall@10 : 0.1821    mrr@10 : 0.3372    ndcg@10 : 0.1966    hit@10 : 0.6766    precision@10 : 0.1359
Tue 31 Jan 2023 00:58:21 INFO  epoch 20 training [time: 4.19s, train_loss1: 9.9048, train_loss2: 2.8252]
Tue 31 Jan 2023 00:58:21 INFO  epoch 20 evaluating [time: 0.20s, valid_score: 0.335100]
Tue 31 Jan 2023 00:58:21 INFO  valid result: 
recall@10 : 0.1837    mrr@10 : 0.3351    ndcg@10 : 0.1966    hit@10 : 0.6808    precision@10 : 0.1365
Tue 31 Jan 2023 00:58:26 INFO  epoch 21 training [time: 4.28s, train_loss1: 9.7804, train_loss2: 2.7721]
Tue 31 Jan 2023 00:58:26 INFO  epoch 21 evaluating [time: 0.22s, valid_score: 0.344800]
Tue 31 Jan 2023 00:58:26 INFO  valid result: 
recall@10 : 0.1837    mrr@10 : 0.3448    ndcg@10 : 0.1986    hit@10 : 0.684    precision@10 : 0.1368
Tue 31 Jan 2023 00:58:30 INFO  epoch 22 training [time: 4.17s, train_loss1: 9.6100, train_loss2: 2.6083]
Tue 31 Jan 2023 00:58:30 INFO  epoch 22 evaluating [time: 0.21s, valid_score: 0.343700]
Tue 31 Jan 2023 00:58:30 INFO  valid result: 
recall@10 : 0.1778    mrr@10 : 0.3437    ndcg@10 : 0.1955    hit@10 : 0.6734    precision@10 : 0.135
Tue 31 Jan 2023 00:58:34 INFO  epoch 23 training [time: 4.17s, train_loss1: 9.4699, train_loss2: 2.4280]
Tue 31 Jan 2023 00:58:35 INFO  epoch 23 evaluating [time: 0.20s, valid_score: 0.347100]
Tue 31 Jan 2023 00:58:35 INFO  valid result: 
recall@10 : 0.1827    mrr@10 : 0.3471    ndcg@10 : 0.1987    hit@10 : 0.6829    precision@10 : 0.1371
Tue 31 Jan 2023 00:58:35 INFO  Saving current: saved/KGAT-Jan-31-2023_00-56-48.pth
Tue 31 Jan 2023 00:58:39 INFO  epoch 24 training [time: 4.24s, train_loss1: 9.3943, train_loss2: 2.3678]
Tue 31 Jan 2023 00:58:39 INFO  epoch 24 evaluating [time: 0.19s, valid_score: 0.346300]
Tue 31 Jan 2023 00:58:39 INFO  valid result: 
recall@10 : 0.1831    mrr@10 : 0.3463    ndcg@10 : 0.198    hit@10 : 0.6829    precision@10 : 0.1365
Tue 31 Jan 2023 00:58:43 INFO  epoch 25 training [time: 3.92s, train_loss1: 9.3269, train_loss2: 2.2508]
Tue 31 Jan 2023 00:58:43 INFO  epoch 25 evaluating [time: 0.26s, valid_score: 0.348100]
Tue 31 Jan 2023 00:58:43 INFO  valid result: 
recall@10 : 0.1862    mrr@10 : 0.3481    ndcg@10 : 0.2007    hit@10 : 0.6893    precision@10 : 0.1382
Tue 31 Jan 2023 00:58:43 INFO  Saving current: saved/KGAT-Jan-31-2023_00-56-48.pth
Tue 31 Jan 2023 00:58:48 INFO  epoch 26 training [time: 4.19s, train_loss1: 9.1525, train_loss2: 2.1590]
Tue 31 Jan 2023 00:58:48 INFO  epoch 26 evaluating [time: 0.19s, valid_score: 0.349800]
Tue 31 Jan 2023 00:58:48 INFO  valid result: 
recall@10 : 0.1886    mrr@10 : 0.3498    ndcg@10 : 0.2035    hit@10 : 0.6808    precision@10 : 0.1402
Tue 31 Jan 2023 00:58:48 INFO  Saving current: saved/KGAT-Jan-31-2023_00-56-48.pth
Tue 31 Jan 2023 00:58:52 INFO  epoch 27 training [time: 3.89s, train_loss1: 9.0882, train_loss2: 2.0806]
Tue 31 Jan 2023 00:58:52 INFO  epoch 27 evaluating [time: 0.19s, valid_score: 0.349400]
Tue 31 Jan 2023 00:58:52 INFO  valid result: 
recall@10 : 0.1886    mrr@10 : 0.3494    ndcg@10 : 0.2042    hit@10 : 0.6872    precision@10 : 0.1406
Tue 31 Jan 2023 00:58:56 INFO  epoch 28 training [time: 4.21s, train_loss1: 8.8819, train_loss2: 2.0004]
Tue 31 Jan 2023 00:58:56 INFO  epoch 28 evaluating [time: 0.19s, valid_score: 0.344100]
Tue 31 Jan 2023 00:58:56 INFO  valid result: 
recall@10 : 0.1898    mrr@10 : 0.3441    ndcg@10 : 0.2031    hit@10 : 0.6903    precision@10 : 0.141
Tue 31 Jan 2023 00:59:00 INFO  epoch 29 training [time: 4.14s, train_loss1: 8.9315, train_loss2: 1.9368]
Tue 31 Jan 2023 00:59:01 INFO  epoch 29 evaluating [time: 0.20s, valid_score: 0.345600]
Tue 31 Jan 2023 00:59:01 INFO  valid result: 
recall@10 : 0.1892    mrr@10 : 0.3456    ndcg@10 : 0.2041    hit@10 : 0.6925    precision@10 : 0.142
Tue 31 Jan 2023 00:59:05 INFO  epoch 30 training [time: 4.20s, train_loss1: 8.7529, train_loss2: 1.9017]
Tue 31 Jan 2023 00:59:05 INFO  epoch 30 evaluating [time: 0.19s, valid_score: 0.350800]
Tue 31 Jan 2023 00:59:05 INFO  valid result: 
recall@10 : 0.1917    mrr@10 : 0.3508    ndcg@10 : 0.208    hit@10 : 0.6957    precision@10 : 0.1452
Tue 31 Jan 2023 00:59:05 INFO  Saving current: saved/KGAT-Jan-31-2023_00-56-48.pth
Tue 31 Jan 2023 00:59:09 INFO  epoch 31 training [time: 4.22s, train_loss1: 8.6096, train_loss2: 1.7924]
Tue 31 Jan 2023 00:59:09 INFO  epoch 31 evaluating [time: 0.19s, valid_score: 0.356800]
Tue 31 Jan 2023 00:59:09 INFO  valid result: 
recall@10 : 0.1925    mrr@10 : 0.3568    ndcg@10 : 0.2081    hit@10 : 0.6988    precision@10 : 0.144
Tue 31 Jan 2023 00:59:10 INFO  Saving current: saved/KGAT-Jan-31-2023_00-56-48.pth
Tue 31 Jan 2023 00:59:14 INFO  epoch 32 training [time: 4.22s, train_loss1: 8.4944, train_loss2: 1.8302]
Tue 31 Jan 2023 00:59:14 INFO  epoch 32 evaluating [time: 0.19s, valid_score: 0.359300]
Tue 31 Jan 2023 00:59:14 INFO  valid result: 
recall@10 : 0.1951    mrr@10 : 0.3593    ndcg@10 : 0.2096    hit@10 : 0.7052    precision@10 : 0.1446
Tue 31 Jan 2023 00:59:14 INFO  Saving current: saved/KGAT-Jan-31-2023_00-56-48.pth
Tue 31 Jan 2023 00:59:18 INFO  epoch 33 training [time: 4.16s, train_loss1: 8.4706, train_loss2: 1.6651]
Tue 31 Jan 2023 00:59:18 INFO  epoch 33 evaluating [time: 0.21s, valid_score: 0.353100]
Tue 31 Jan 2023 00:59:18 INFO  valid result: 
recall@10 : 0.196    mrr@10 : 0.3531    ndcg@10 : 0.2084    hit@10 : 0.702    precision@10 : 0.1461
Tue 31 Jan 2023 00:59:22 INFO  epoch 34 training [time: 3.93s, train_loss1: 8.3319, train_loss2: 1.7149]
Tue 31 Jan 2023 00:59:22 INFO  epoch 34 evaluating [time: 0.19s, valid_score: 0.350600]
Tue 31 Jan 2023 00:59:22 INFO  valid result: 
recall@10 : 0.1955    mrr@10 : 0.3506    ndcg@10 : 0.2083    hit@10 : 0.6935    precision@10 : 0.145
Tue 31 Jan 2023 00:59:27 INFO  epoch 35 training [time: 4.22s, train_loss1: 8.2337, train_loss2: 1.6949]
Tue 31 Jan 2023 00:59:27 INFO  epoch 35 evaluating [time: 0.19s, valid_score: 0.355700]
Tue 31 Jan 2023 00:59:27 INFO  valid result: 
recall@10 : 0.1973    mrr@10 : 0.3557    ndcg@10 : 0.2109    hit@10 : 0.6999    precision@10 : 0.1453
Tue 31 Jan 2023 00:59:31 INFO  epoch 36 training [time: 3.84s, train_loss1: 8.1593, train_loss2: 1.7043]
Tue 31 Jan 2023 00:59:31 INFO  epoch 36 evaluating [time: 0.21s, valid_score: 0.357100]
Tue 31 Jan 2023 00:59:31 INFO  valid result: 
recall@10 : 0.2013    mrr@10 : 0.3571    ndcg@10 : 0.2122    hit@10 : 0.7094    precision@10 : 0.1455
Tue 31 Jan 2023 00:59:35 INFO  epoch 37 training [time: 4.26s, train_loss1: 7.9665, train_loss2: 1.6149]
Tue 31 Jan 2023 00:59:35 INFO  epoch 37 evaluating [time: 0.19s, valid_score: 0.359900]
Tue 31 Jan 2023 00:59:35 INFO  valid result: 
recall@10 : 0.1984    mrr@10 : 0.3599    ndcg@10 : 0.213    hit@10 : 0.702    precision@10 : 0.1461
Tue 31 Jan 2023 00:59:35 INFO  Saving current: saved/KGAT-Jan-31-2023_00-56-48.pth
Tue 31 Jan 2023 00:59:40 INFO  epoch 38 training [time: 4.20s, train_loss1: 7.9786, train_loss2: 1.4986]
Tue 31 Jan 2023 00:59:40 INFO  epoch 38 evaluating [time: 0.19s, valid_score: 0.363600]
Tue 31 Jan 2023 00:59:40 INFO  valid result: 
recall@10 : 0.2049    mrr@10 : 0.3636    ndcg@10 : 0.217    hit@10 : 0.7158    precision@10 : 0.1481
Tue 31 Jan 2023 00:59:40 INFO  Saving current: saved/KGAT-Jan-31-2023_00-56-48.pth
Tue 31 Jan 2023 00:59:44 INFO  epoch 39 training [time: 4.58s, train_loss1: 7.8711, train_loss2: 1.5133]
Tue 31 Jan 2023 00:59:45 INFO  epoch 39 evaluating [time: 0.19s, valid_score: 0.368900]
Tue 31 Jan 2023 00:59:45 INFO  valid result: 
recall@10 : 0.2081    mrr@10 : 0.3689    ndcg@10 : 0.22    hit@10 : 0.7232    precision@10 : 0.1505
Tue 31 Jan 2023 00:59:45 INFO  Saving current: saved/KGAT-Jan-31-2023_00-56-48.pth
Tue 31 Jan 2023 00:59:49 INFO  epoch 40 training [time: 4.20s, train_loss1: 7.7316, train_loss2: 1.4999]
Tue 31 Jan 2023 00:59:49 INFO  epoch 40 evaluating [time: 0.21s, valid_score: 0.365900]
Tue 31 Jan 2023 00:59:49 INFO  valid result: 
recall@10 : 0.2095    mrr@10 : 0.3659    ndcg@10 : 0.2202    hit@10 : 0.7243    precision@10 : 0.1523
Tue 31 Jan 2023 00:59:53 INFO  epoch 41 training [time: 4.20s, train_loss1: 7.7370, train_loss2: 1.5167]
Tue 31 Jan 2023 00:59:54 INFO  epoch 41 evaluating [time: 0.20s, valid_score: 0.365900]
Tue 31 Jan 2023 00:59:54 INFO  valid result: 
recall@10 : 0.2059    mrr@10 : 0.3659    ndcg@10 : 0.2189    hit@10 : 0.7137    precision@10 : 0.1504
Tue 31 Jan 2023 00:59:58 INFO  epoch 42 training [time: 4.16s, train_loss1: 7.5766, train_loss2: 1.4201]
Tue 31 Jan 2023 00:59:58 INFO  epoch 42 evaluating [time: 0.19s, valid_score: 0.363000]
Tue 31 Jan 2023 00:59:58 INFO  valid result: 
recall@10 : 0.2068    mrr@10 : 0.363    ndcg@10 : 0.2189    hit@10 : 0.7041    precision@10 : 0.1522
Tue 31 Jan 2023 01:00:02 INFO  epoch 43 training [time: 4.18s, train_loss1: 7.5529, train_loss2: 1.4373]
Tue 31 Jan 2023 01:00:02 INFO  epoch 43 evaluating [time: 0.20s, valid_score: 0.361700]
Tue 31 Jan 2023 01:00:02 INFO  valid result: 
recall@10 : 0.2106    mrr@10 : 0.3617    ndcg@10 : 0.2205    hit@10 : 0.7243    precision@10 : 0.154
Tue 31 Jan 2023 01:00:06 INFO  epoch 44 training [time: 4.23s, train_loss1: 7.5100, train_loss2: 1.3879]
Tue 31 Jan 2023 01:00:07 INFO  epoch 44 evaluating [time: 0.21s, valid_score: 0.363900]
Tue 31 Jan 2023 01:00:07 INFO  valid result: 
recall@10 : 0.2172    mrr@10 : 0.3639    ndcg@10 : 0.2241    hit@10 : 0.7381    precision@10 : 0.1559
Tue 31 Jan 2023 01:00:11 INFO  epoch 45 training [time: 4.23s, train_loss1: 7.4013, train_loss2: 1.3562]
Tue 31 Jan 2023 01:00:11 INFO  epoch 45 evaluating [time: 0.20s, valid_score: 0.365100]
Tue 31 Jan 2023 01:00:11 INFO  valid result: 
recall@10 : 0.2155    mrr@10 : 0.3651    ndcg@10 : 0.2232    hit@10 : 0.7381    precision@10 : 0.1563
Tue 31 Jan 2023 01:00:15 INFO  epoch 46 training [time: 4.26s, train_loss1: 7.2413, train_loss2: 1.3781]
Tue 31 Jan 2023 01:00:16 INFO  epoch 46 evaluating [time: 0.19s, valid_score: 0.359500]
Tue 31 Jan 2023 01:00:16 INFO  valid result: 
recall@10 : 0.2117    mrr@10 : 0.3595    ndcg@10 : 0.2203    hit@10 : 0.737    precision@10 : 0.1552
Tue 31 Jan 2023 01:00:20 INFO  epoch 47 training [time: 4.32s, train_loss1: 7.3092, train_loss2: 1.3441]
Tue 31 Jan 2023 01:00:20 INFO  epoch 47 evaluating [time: 0.20s, valid_score: 0.361000]
Tue 31 Jan 2023 01:00:20 INFO  valid result: 
recall@10 : 0.2115    mrr@10 : 0.361    ndcg@10 : 0.2205    hit@10 : 0.7296    precision@10 : 0.1545
Tue 31 Jan 2023 01:00:24 INFO  epoch 48 training [time: 4.29s, train_loss1: 7.1858, train_loss2: 1.3683]
Tue 31 Jan 2023 01:00:25 INFO  epoch 48 evaluating [time: 0.19s, valid_score: 0.359800]
Tue 31 Jan 2023 01:00:25 INFO  valid result: 
recall@10 : 0.2131    mrr@10 : 0.3598    ndcg@10 : 0.2208    hit@10 : 0.7317    precision@10 : 0.1554
Tue 31 Jan 2023 01:00:29 INFO  epoch 49 training [time: 4.46s, train_loss1: 7.1280, train_loss2: 1.2868]
Tue 31 Jan 2023 01:00:29 INFO  epoch 49 evaluating [time: 0.19s, valid_score: 0.359900]
Tue 31 Jan 2023 01:00:29 INFO  valid result: 
recall@10 : 0.21    mrr@10 : 0.3599    ndcg@10 : 0.2189    hit@10 : 0.7275    precision@10 : 0.1541
Tue 31 Jan 2023 01:00:33 INFO  epoch 50 training [time: 3.96s, train_loss1: 6.9934, train_loss2: 1.2953]
Tue 31 Jan 2023 01:00:33 INFO  epoch 50 evaluating [time: 0.19s, valid_score: 0.363500]
Tue 31 Jan 2023 01:00:33 INFO  valid result: 
recall@10 : 0.2127    mrr@10 : 0.3635    ndcg@10 : 0.2212    hit@10 : 0.737    precision@10 : 0.1538
Tue 31 Jan 2023 01:00:33 INFO  Finished training, best eval result in epoch 39
Tue 31 Jan 2023 01:00:33 INFO  Loading model structure and parameters from saved/KGAT-Jan-31-2023_00-56-48.pth
Tue 31 Jan 2023 01:00:34 INFO  best valid : OrderedDict([('recall@10', 0.2081), ('mrr@10', 0.3689), ('ndcg@10', 0.22), ('hit@10', 0.7232), ('precision@10', 0.1505)])
Tue 31 Jan 2023 01:00:34 INFO  test result: OrderedDict([('recall@10', 0.2365), ('mrr@10', 0.445), ('ndcg@10', 0.2738), ('hit@10', 0.7635), ('precision@10', 0.1876)])
