Tue 31 Jan 2023 01:07:02 INFO  ['recbole_test.py', '--seed', '2024', '--aggr', 'bi', '--opti', 'rmsprop', '--is_swa', 'false', '--is_momentum', 'false']
Tue 31 Jan 2023 01:07:02 INFO  
General Hyper Parameters:
gpu_id = 0
use_gpu = True
seed = 2024
state = INFO
reproducibility = True
data_path = /work/03/gu14/k36095/kgat_bai/recbole/config/../dataset_example/ml-100k
checkpoint_dir = saved
show_progress = True
save_dataset = True
dataset_save_path = None
save_dataloaders = False
dataloaders_save_path = None
log_wandb = False

Training Hyper Parameters:
epochs = 300
train_batch_size = 2048
learner = rmsprop
learning_rate = 0.001
train_neg_sample_args = {'distribution': 'uniform', 'sample_num': 1, 'alpha': 1.0, 'dynamic': False, 'candidate_num': 0}
eval_step = 1
stopping_step = 10
clip_grad_norm = None
weight_decay = 0.0
loss_decimal_place = 4

Evaluation Hyper Parameters:
eval_args = {'split': {'RS': [0.8, 0.1, 0.1]}, 'group_by': 'user', 'order': 'RO', 'mode': 'full'}
repeatable = False
metrics = ['Recall', 'MRR', 'NDCG', 'Hit', 'Precision']
topk = [10]
valid_metric = MRR@10
valid_metric_bigger = True
eval_batch_size = 4096
metric_decimal_place = 4

Dataset Hyper Parameters:
field_separator = 	
seq_separator =  
USER_ID_FIELD = user_id
ITEM_ID_FIELD = item_id
RATING_FIELD = rating
TIME_FIELD = timestamp
seq_len = None
LABEL_FIELD = label
threshold = None
NEG_PREFIX = neg_
load_col = {'inter': ['user_id', 'item_id', 'rating', 'timestamp'], 'kg': ['head_id', 'relation_id', 'tail_id'], 'link': ['item_id', 'entity_id']}
unload_col = None
unused_col = None
additional_feat_suffix = None
rm_dup_inter = None
val_interval = None
filter_inter_by_user_or_item = True
user_inter_num_interval = None
item_inter_num_interval = None
alias_of_user_id = None
alias_of_item_id = None
alias_of_entity_id = None
alias_of_relation_id = None
preload_weight = None
normalize_field = None
normalize_all = True
ITEM_LIST_LENGTH_FIELD = item_length
LIST_SUFFIX = _list
MAX_ITEM_LIST_LENGTH = 50
POSITION_FIELD = position_id
HEAD_ENTITY_ID_FIELD = head_id
TAIL_ENTITY_ID_FIELD = tail_id
RELATION_ID_FIELD = relation_id
ENTITY_ID_FIELD = entity_id
kg_reverse_r = False
entity_kg_num_interval = [0,inf)
relation_kg_num_interval = [0,inf)
benchmark_filename = None

Other Hyper Parameters: 
worker = 0
wandb_project = recbole
shuffle = True
require_pow = False
enable_amp = False
enable_scaler = False
transform = None
embedding_size = 64
kg_embedding_size = 64
layers = [64]
mess_dropout = 0.1
reg_weight = 1e-05
aggregator_type = bi
numerical_features = []
discretization = None
MODEL_TYPE = ModelType.KNOWLEDGE
is_swa = 0
is_momentum = 0
MODEL_INPUT_TYPE = InputType.PAIRWISE
eval_type = EvaluatorType.RANKING
single_spec = True
local_rank = 0
device = cpu
eval_neg_sample_args = {'distribution': 'uniform', 'sample_num': 'none'}


Tue 31 Jan 2023 01:07:03 INFO  Saving filtered dataset into [saved/ml-100k-dataset.pth]
Tue 31 Jan 2023 01:07:03 INFO  ml-100k
The number of users: 944
Average actions of users: 103.4506892895016
The number of items: 1599
Average actions of items: 61.04755944931164
The number of inters: 97554
The sparsity of the dataset: 93.53714185772888%
Remain Fields: ['entity_id', 'user_id', 'item_id', 'rating', 'timestamp', 'head_id', 'relation_id', 'tail_id']
The number of entities: 34629
The number of relations: 26
The number of triples: 91631
The number of items that have been linked to KG: 1598
Tue 31 Jan 2023 01:07:04 INFO  [Training]: train_batch_size = [2048] train_neg_sample_args: [{'distribution': 'uniform', 'sample_num': 1, 'alpha': 1.0, 'dynamic': False, 'candidate_num': 0}]
Tue 31 Jan 2023 01:07:04 INFO  [Evaluation]: eval_batch_size = [4096] eval_args: [{'split': {'RS': [0.8, 0.1, 0.1]}, 'group_by': 'user', 'order': 'RO', 'mode': 'full'}]
Tue 31 Jan 2023 01:07:06 INFO  KGAT(
  (user_embedding): Embedding(944, 64)
  (entity_embedding): Embedding(34629, 64)
  (relation_embedding): Embedding(26, 64)
  (trans_w): Embedding(26, 4096)
  (aggregator_layers): ModuleList(
    (0): Aggregator(
      (message_dropout): Dropout(p=0.1, inplace=False)
      (W1): Linear(in_features=64, out_features=64, bias=True)
      (W2): Linear(in_features=64, out_features=64, bias=True)
      (activation): LeakyReLU(negative_slope=0.01)
    )
  )
  (tanh): Tanh()
  (mf_loss): BPRLoss()
  (reg_loss): EmbLoss()
)
Trainable parameters: 2393152
Tue 31 Jan 2023 01:07:06 INFO  FLOPs: 291414016.0
Tue 31 Jan 2023 01:07:11 INFO  epoch 0 training [time: 4.51s, train_loss1: 21.1193, train_loss2: 20.3509]
Tue 31 Jan 2023 01:07:11 INFO  epoch 0 evaluating [time: 0.20s, valid_score: 0.090900]
Tue 31 Jan 2023 01:07:11 INFO  valid result: 
recall@10 : 0.0447    mrr@10 : 0.0909    ndcg@10 : 0.0462    hit@10 : 0.2959    precision@10 : 0.0382
Tue 31 Jan 2023 01:07:11 INFO  Saving current: saved/KGAT-Jan-31-2023_01-07-07.pth
Tue 31 Jan 2023 01:07:15 INFO  epoch 1 training [time: 3.97s, train_loss1: 17.1332, train_loss2: 11.9208]
Tue 31 Jan 2023 01:07:16 INFO  epoch 1 evaluating [time: 0.20s, valid_score: 0.145300]
Tue 31 Jan 2023 01:07:16 INFO  valid result: 
recall@10 : 0.0661    mrr@10 : 0.1453    ndcg@10 : 0.074    hit@10 : 0.3743    precision@10 : 0.0544
Tue 31 Jan 2023 01:07:16 INFO  Saving current: saved/KGAT-Jan-31-2023_01-07-07.pth
Tue 31 Jan 2023 01:07:20 INFO  epoch 2 training [time: 4.03s, train_loss1: 16.5959, train_loss2: 9.7252]
Tue 31 Jan 2023 01:07:20 INFO  epoch 2 evaluating [time: 0.19s, valid_score: 0.193900]
Tue 31 Jan 2023 01:07:20 INFO  valid result: 
recall@10 : 0.0944    mrr@10 : 0.1939    ndcg@10 : 0.1023    hit@10 : 0.456    precision@10 : 0.0725
Tue 31 Jan 2023 01:07:20 INFO  Saving current: saved/KGAT-Jan-31-2023_01-07-07.pth
Tue 31 Jan 2023 01:07:24 INFO  epoch 3 training [time: 3.99s, train_loss1: 16.0881, train_loss2: 8.5959]
Tue 31 Jan 2023 01:07:24 INFO  epoch 3 evaluating [time: 0.19s, valid_score: 0.205500]
Tue 31 Jan 2023 01:07:24 INFO  valid result: 
recall@10 : 0.1061    mrr@10 : 0.2055    ndcg@10 : 0.1127    hit@10 : 0.4995    precision@10 : 0.0845
Tue 31 Jan 2023 01:07:24 INFO  Saving current: saved/KGAT-Jan-31-2023_01-07-07.pth
Tue 31 Jan 2023 01:07:28 INFO  epoch 4 training [time: 3.65s, train_loss1: 15.7505, train_loss2: 7.9786]
Tue 31 Jan 2023 01:07:28 INFO  epoch 4 evaluating [time: 0.19s, valid_score: 0.229800]
Tue 31 Jan 2023 01:07:28 INFO  valid result: 
recall@10 : 0.1157    mrr@10 : 0.2298    ndcg@10 : 0.1244    hit@10 : 0.5493    precision@10 : 0.0933
Tue 31 Jan 2023 01:07:28 INFO  Saving current: saved/KGAT-Jan-31-2023_01-07-07.pth
Tue 31 Jan 2023 01:07:32 INFO  epoch 5 training [time: 3.76s, train_loss1: 15.4106, train_loss2: 7.5188]
Tue 31 Jan 2023 01:07:32 INFO  epoch 5 evaluating [time: 0.19s, valid_score: 0.239300]
Tue 31 Jan 2023 01:07:32 INFO  valid result: 
recall@10 : 0.1245    mrr@10 : 0.2393    ndcg@10 : 0.1315    hit@10 : 0.5631    precision@10 : 0.0982
Tue 31 Jan 2023 01:07:32 INFO  Saving current: saved/KGAT-Jan-31-2023_01-07-07.pth
Tue 31 Jan 2023 01:07:36 INFO  epoch 6 training [time: 3.75s, train_loss1: 15.0239, train_loss2: 7.2228]
Tue 31 Jan 2023 01:07:36 INFO  epoch 6 evaluating [time: 0.19s, valid_score: 0.257000]
Tue 31 Jan 2023 01:07:36 INFO  valid result: 
recall@10 : 0.1371    mrr@10 : 0.257    ndcg@10 : 0.1413    hit@10 : 0.5928    precision@10 : 0.1024
Tue 31 Jan 2023 01:07:36 INFO  Saving current: saved/KGAT-Jan-31-2023_01-07-07.pth
Tue 31 Jan 2023 01:07:40 INFO  epoch 7 training [time: 3.64s, train_loss1: 14.5529, train_loss2: 6.8655]
Tue 31 Jan 2023 01:07:40 INFO  epoch 7 evaluating [time: 0.19s, valid_score: 0.263400]
Tue 31 Jan 2023 01:07:40 INFO  valid result: 
recall@10 : 0.1469    mrr@10 : 0.2634    ndcg@10 : 0.1498    hit@10 : 0.6182    precision@10 : 0.1092
Tue 31 Jan 2023 01:07:40 INFO  Saving current: saved/KGAT-Jan-31-2023_01-07-07.pth
Tue 31 Jan 2023 01:07:44 INFO  epoch 8 training [time: 3.79s, train_loss1: 14.0293, train_loss2: 6.5388]
Tue 31 Jan 2023 01:07:44 INFO  epoch 8 evaluating [time: 0.19s, valid_score: 0.267300]
Tue 31 Jan 2023 01:07:44 INFO  valid result: 
recall@10 : 0.1484    mrr@10 : 0.2673    ndcg@10 : 0.1524    hit@10 : 0.6257    precision@10 : 0.1124
Tue 31 Jan 2023 01:07:44 INFO  Saving current: saved/KGAT-Jan-31-2023_01-07-07.pth
Tue 31 Jan 2023 01:07:48 INFO  epoch 9 training [time: 3.77s, train_loss1: 13.6094, train_loss2: 6.2329]
Tue 31 Jan 2023 01:07:48 INFO  epoch 9 evaluating [time: 0.19s, valid_score: 0.275800]
Tue 31 Jan 2023 01:07:48 INFO  valid result: 
recall@10 : 0.1535    mrr@10 : 0.2758    ndcg@10 : 0.1581    hit@10 : 0.6235    precision@10 : 0.1155
Tue 31 Jan 2023 01:07:48 INFO  Saving current: saved/KGAT-Jan-31-2023_01-07-07.pth
Tue 31 Jan 2023 01:07:52 INFO  epoch 10 training [time: 3.72s, train_loss1: 13.1167, train_loss2: 5.8683]
Tue 31 Jan 2023 01:07:52 INFO  epoch 10 evaluating [time: 0.19s, valid_score: 0.285600]
Tue 31 Jan 2023 01:07:52 INFO  valid result: 
recall@10 : 0.1596    mrr@10 : 0.2856    ndcg@10 : 0.1641    hit@10 : 0.6394    precision@10 : 0.1193
Tue 31 Jan 2023 01:07:52 INFO  Saving current: saved/KGAT-Jan-31-2023_01-07-07.pth
Tue 31 Jan 2023 01:07:56 INFO  epoch 11 training [time: 3.74s, train_loss1: 12.6739, train_loss2: 5.4415]
Tue 31 Jan 2023 01:07:56 INFO  epoch 11 evaluating [time: 0.19s, valid_score: 0.291900]
Tue 31 Jan 2023 01:07:56 INFO  valid result: 
recall@10 : 0.1603    mrr@10 : 0.2919    ndcg@10 : 0.1679    hit@10 : 0.6373    precision@10 : 0.1216
Tue 31 Jan 2023 01:07:56 INFO  Saving current: saved/KGAT-Jan-31-2023_01-07-07.pth
Tue 31 Jan 2023 01:08:00 INFO  epoch 12 training [time: 3.74s, train_loss1: 12.2788, train_loss2: 5.0827]
Tue 31 Jan 2023 01:08:00 INFO  epoch 12 evaluating [time: 0.19s, valid_score: 0.300300]
Tue 31 Jan 2023 01:08:00 INFO  valid result: 
recall@10 : 0.1652    mrr@10 : 0.3003    ndcg@10 : 0.172    hit@10 : 0.6575    precision@10 : 0.1243
Tue 31 Jan 2023 01:08:00 INFO  Saving current: saved/KGAT-Jan-31-2023_01-07-07.pth
Tue 31 Jan 2023 01:08:04 INFO  epoch 13 training [time: 3.79s, train_loss1: 11.8291, train_loss2: 4.7961]
Tue 31 Jan 2023 01:08:04 INFO  epoch 13 evaluating [time: 0.19s, valid_score: 0.303700]
Tue 31 Jan 2023 01:08:04 INFO  valid result: 
recall@10 : 0.1683    mrr@10 : 0.3037    ndcg@10 : 0.1756    hit@10 : 0.6617    precision@10 : 0.1264
Tue 31 Jan 2023 01:08:04 INFO  Saving current: saved/KGAT-Jan-31-2023_01-07-07.pth
Tue 31 Jan 2023 01:08:08 INFO  epoch 14 training [time: 3.81s, train_loss1: 11.4674, train_loss2: 4.5372]
Tue 31 Jan 2023 01:08:08 INFO  epoch 14 evaluating [time: 0.19s, valid_score: 0.310300]
Tue 31 Jan 2023 01:08:08 INFO  valid result: 
recall@10 : 0.1704    mrr@10 : 0.3103    ndcg@10 : 0.1787    hit@10 : 0.666    precision@10 : 0.1278
Tue 31 Jan 2023 01:08:08 INFO  Saving current: saved/KGAT-Jan-31-2023_01-07-07.pth
Tue 31 Jan 2023 01:08:12 INFO  epoch 15 training [time: 3.77s, train_loss1: 11.1269, train_loss2: 4.1599]
Tue 31 Jan 2023 01:08:12 INFO  epoch 15 evaluating [time: 0.19s, valid_score: 0.311300]
Tue 31 Jan 2023 01:08:12 INFO  valid result: 
recall@10 : 0.172    mrr@10 : 0.3113    ndcg@10 : 0.1817    hit@10 : 0.6649    precision@10 : 0.1305
Tue 31 Jan 2023 01:08:12 INFO  Saving current: saved/KGAT-Jan-31-2023_01-07-07.pth
Tue 31 Jan 2023 01:08:16 INFO  epoch 16 training [time: 3.60s, train_loss1: 10.7998, train_loss2: 3.9078]
Tue 31 Jan 2023 01:08:16 INFO  epoch 16 evaluating [time: 0.19s, valid_score: 0.323000]
Tue 31 Jan 2023 01:08:16 INFO  valid result: 
recall@10 : 0.1729    mrr@10 : 0.323    ndcg@10 : 0.1849    hit@10 : 0.6723    precision@10 : 0.1315
Tue 31 Jan 2023 01:08:16 INFO  Saving current: saved/KGAT-Jan-31-2023_01-07-07.pth
Tue 31 Jan 2023 01:08:20 INFO  epoch 17 training [time: 3.73s, train_loss1: 10.5724, train_loss2: 3.6282]
Tue 31 Jan 2023 01:08:20 INFO  epoch 17 evaluating [time: 0.19s, valid_score: 0.322700]
Tue 31 Jan 2023 01:08:20 INFO  valid result: 
recall@10 : 0.1777    mrr@10 : 0.3227    ndcg@10 : 0.187    hit@10 : 0.6702    precision@10 : 0.1331
Tue 31 Jan 2023 01:08:24 INFO  epoch 18 training [time: 3.74s, train_loss1: 10.3543, train_loss2: 3.4046]
Tue 31 Jan 2023 01:08:24 INFO  epoch 18 evaluating [time: 0.19s, valid_score: 0.317400]
Tue 31 Jan 2023 01:08:24 INFO  valid result: 
recall@10 : 0.1758    mrr@10 : 0.3174    ndcg@10 : 0.1853    hit@10 : 0.6723    precision@10 : 0.1326
Tue 31 Jan 2023 01:08:27 INFO  epoch 19 training [time: 3.60s, train_loss1: 10.1104, train_loss2: 3.0641]
Tue 31 Jan 2023 01:08:28 INFO  epoch 19 evaluating [time: 0.20s, valid_score: 0.322300]
Tue 31 Jan 2023 01:08:28 INFO  valid result: 
recall@10 : 0.1783    mrr@10 : 0.3223    ndcg@10 : 0.1879    hit@10 : 0.6808    precision@10 : 0.1334
Tue 31 Jan 2023 01:08:31 INFO  epoch 20 training [time: 3.66s, train_loss1: 9.9650, train_loss2: 2.9649]
Tue 31 Jan 2023 01:08:31 INFO  epoch 20 evaluating [time: 0.19s, valid_score: 0.322700]
Tue 31 Jan 2023 01:08:31 INFO  valid result: 
recall@10 : 0.1808    mrr@10 : 0.3227    ndcg@10 : 0.1902    hit@10 : 0.6776    precision@10 : 0.1349
Tue 31 Jan 2023 01:08:35 INFO  epoch 21 training [time: 3.50s, train_loss1: 9.7491, train_loss2: 2.7105]
Tue 31 Jan 2023 01:08:35 INFO  epoch 21 evaluating [time: 0.21s, valid_score: 0.328000]
Tue 31 Jan 2023 01:08:35 INFO  valid result: 
recall@10 : 0.1827    mrr@10 : 0.328    ndcg@10 : 0.1923    hit@10 : 0.6797    precision@10 : 0.1355
Tue 31 Jan 2023 01:08:35 INFO  Saving current: saved/KGAT-Jan-31-2023_01-07-07.pth
Tue 31 Jan 2023 01:08:39 INFO  epoch 22 training [time: 3.85s, train_loss1: 9.6407, train_loss2: 2.6819]
Tue 31 Jan 2023 01:08:39 INFO  epoch 22 evaluating [time: 0.20s, valid_score: 0.331600]
Tue 31 Jan 2023 01:08:39 INFO  valid result: 
recall@10 : 0.1849    mrr@10 : 0.3316    ndcg@10 : 0.1947    hit@10 : 0.6787    precision@10 : 0.1374
Tue 31 Jan 2023 01:08:39 INFO  Saving current: saved/KGAT-Jan-31-2023_01-07-07.pth
Tue 31 Jan 2023 01:08:43 INFO  epoch 23 training [time: 3.52s, train_loss1: 9.5652, train_loss2: 2.5092]
Tue 31 Jan 2023 01:08:43 INFO  epoch 23 evaluating [time: 0.20s, valid_score: 0.332800]
Tue 31 Jan 2023 01:08:43 INFO  valid result: 
recall@10 : 0.1826    mrr@10 : 0.3328    ndcg@10 : 0.1944    hit@10 : 0.6776    precision@10 : 0.1369
Tue 31 Jan 2023 01:08:43 INFO  Saving current: saved/KGAT-Jan-31-2023_01-07-07.pth
Tue 31 Jan 2023 01:08:47 INFO  epoch 24 training [time: 3.48s, train_loss1: 9.3937, train_loss2: 2.3639]
Tue 31 Jan 2023 01:08:47 INFO  epoch 24 evaluating [time: 0.19s, valid_score: 0.335700]
Tue 31 Jan 2023 01:08:47 INFO  valid result: 
recall@10 : 0.181    mrr@10 : 0.3357    ndcg@10 : 0.1941    hit@10 : 0.6734    precision@10 : 0.1358
Tue 31 Jan 2023 01:08:47 INFO  Saving current: saved/KGAT-Jan-31-2023_01-07-07.pth
Tue 31 Jan 2023 01:08:51 INFO  epoch 25 training [time: 3.79s, train_loss1: 9.2593, train_loss2: 2.3043]
Tue 31 Jan 2023 01:08:51 INFO  epoch 25 evaluating [time: 0.20s, valid_score: 0.335800]
Tue 31 Jan 2023 01:08:51 INFO  valid result: 
recall@10 : 0.1842    mrr@10 : 0.3358    ndcg@10 : 0.1973    hit@10 : 0.685    precision@10 : 0.1381
Tue 31 Jan 2023 01:08:51 INFO  Saving current: saved/KGAT-Jan-31-2023_01-07-07.pth
Tue 31 Jan 2023 01:08:54 INFO  epoch 26 training [time: 3.61s, train_loss1: 9.0618, train_loss2: 2.1931]
Tue 31 Jan 2023 01:08:55 INFO  epoch 26 evaluating [time: 0.20s, valid_score: 0.343200]
Tue 31 Jan 2023 01:08:55 INFO  valid result: 
recall@10 : 0.1883    mrr@10 : 0.3432    ndcg@10 : 0.2014    hit@10 : 0.6925    precision@10 : 0.1403
Tue 31 Jan 2023 01:08:55 INFO  Saving current: saved/KGAT-Jan-31-2023_01-07-07.pth
Tue 31 Jan 2023 01:08:58 INFO  epoch 27 training [time: 3.62s, train_loss1: 9.0254, train_loss2: 2.1013]
Tue 31 Jan 2023 01:08:58 INFO  epoch 27 evaluating [time: 0.19s, valid_score: 0.349000]
Tue 31 Jan 2023 01:08:58 INFO  valid result: 
recall@10 : 0.1898    mrr@10 : 0.349    ndcg@10 : 0.204    hit@10 : 0.6893    precision@10 : 0.1411
Tue 31 Jan 2023 01:08:59 INFO  Saving current: saved/KGAT-Jan-31-2023_01-07-07.pth
Tue 31 Jan 2023 01:09:02 INFO  epoch 28 training [time: 3.66s, train_loss1: 8.9034, train_loss2: 2.0339]
Tue 31 Jan 2023 01:09:02 INFO  epoch 28 evaluating [time: 0.19s, valid_score: 0.347300]
Tue 31 Jan 2023 01:09:02 INFO  valid result: 
recall@10 : 0.1917    mrr@10 : 0.3473    ndcg@10 : 0.2043    hit@10 : 0.701    precision@10 : 0.1418
Tue 31 Jan 2023 01:09:06 INFO  epoch 29 training [time: 3.52s, train_loss1: 8.8245, train_loss2: 2.0106]
Tue 31 Jan 2023 01:09:06 INFO  epoch 29 evaluating [time: 0.19s, valid_score: 0.349100]
Tue 31 Jan 2023 01:09:06 INFO  valid result: 
recall@10 : 0.1933    mrr@10 : 0.3491    ndcg@10 : 0.2055    hit@10 : 0.7052    precision@10 : 0.1422
Tue 31 Jan 2023 01:09:06 INFO  Saving current: saved/KGAT-Jan-31-2023_01-07-07.pth
Tue 31 Jan 2023 01:09:10 INFO  epoch 30 training [time: 3.69s, train_loss1: 8.6587, train_loss2: 1.8975]
Tue 31 Jan 2023 01:09:10 INFO  epoch 30 evaluating [time: 0.19s, valid_score: 0.348800]
Tue 31 Jan 2023 01:09:10 INFO  valid result: 
recall@10 : 0.1955    mrr@10 : 0.3488    ndcg@10 : 0.2059    hit@10 : 0.7073    precision@10 : 0.1424
Tue 31 Jan 2023 01:09:14 INFO  epoch 31 training [time: 3.66s, train_loss1: 8.5498, train_loss2: 1.8254]
Tue 31 Jan 2023 01:09:14 INFO  epoch 31 evaluating [time: 0.19s, valid_score: 0.350100]
Tue 31 Jan 2023 01:09:14 INFO  valid result: 
recall@10 : 0.1979    mrr@10 : 0.3501    ndcg@10 : 0.2077    hit@10 : 0.7084    precision@10 : 0.1437
Tue 31 Jan 2023 01:09:14 INFO  Saving current: saved/KGAT-Jan-31-2023_01-07-07.pth
Tue 31 Jan 2023 01:09:17 INFO  epoch 32 training [time: 3.48s, train_loss1: 8.4700, train_loss2: 1.8169]
Tue 31 Jan 2023 01:09:18 INFO  epoch 32 evaluating [time: 0.19s, valid_score: 0.352900]
Tue 31 Jan 2023 01:09:18 INFO  valid result: 
recall@10 : 0.1975    mrr@10 : 0.3529    ndcg@10 : 0.2091    hit@10 : 0.7031    precision@10 : 0.1453
Tue 31 Jan 2023 01:09:18 INFO  Saving current: saved/KGAT-Jan-31-2023_01-07-07.pth
Tue 31 Jan 2023 01:09:21 INFO  epoch 33 training [time: 3.79s, train_loss1: 8.4046, train_loss2: 1.7290]
Tue 31 Jan 2023 01:09:22 INFO  epoch 33 evaluating [time: 0.22s, valid_score: 0.360900]
Tue 31 Jan 2023 01:09:22 INFO  valid result: 
recall@10 : 0.2018    mrr@10 : 0.3609    ndcg@10 : 0.2124    hit@10 : 0.7158    precision@10 : 0.1461
Tue 31 Jan 2023 01:09:22 INFO  Saving current: saved/KGAT-Jan-31-2023_01-07-07.pth
Tue 31 Jan 2023 01:09:25 INFO  epoch 34 training [time: 3.53s, train_loss1: 8.2434, train_loss2: 1.7218]
Tue 31 Jan 2023 01:09:26 INFO  epoch 34 evaluating [time: 0.22s, valid_score: 0.359500]
Tue 31 Jan 2023 01:09:26 INFO  valid result: 
recall@10 : 0.1996    mrr@10 : 0.3595    ndcg@10 : 0.213    hit@10 : 0.7137    precision@10 : 0.1466
Tue 31 Jan 2023 01:09:29 INFO  epoch 35 training [time: 3.64s, train_loss1: 8.2160, train_loss2: 1.6115]
Tue 31 Jan 2023 01:09:29 INFO  epoch 35 evaluating [time: 0.19s, valid_score: 0.360700]
Tue 31 Jan 2023 01:09:29 INFO  valid result: 
recall@10 : 0.2061    mrr@10 : 0.3607    ndcg@10 : 0.2165    hit@10 : 0.7275    precision@10 : 0.1496
Tue 31 Jan 2023 01:09:33 INFO  epoch 36 training [time: 3.65s, train_loss1: 8.0860, train_loss2: 1.5834]
Tue 31 Jan 2023 01:09:33 INFO  epoch 36 evaluating [time: 0.19s, valid_score: 0.371200]
Tue 31 Jan 2023 01:09:33 INFO  valid result: 
recall@10 : 0.2031    mrr@10 : 0.3712    ndcg@10 : 0.2196    hit@10 : 0.7169    precision@10 : 0.1501
Tue 31 Jan 2023 01:09:33 INFO  Saving current: saved/KGAT-Jan-31-2023_01-07-07.pth
Tue 31 Jan 2023 01:09:37 INFO  epoch 37 training [time: 3.76s, train_loss1: 8.0750, train_loss2: 1.5603]
Tue 31 Jan 2023 01:09:37 INFO  epoch 37 evaluating [time: 0.19s, valid_score: 0.365100]
Tue 31 Jan 2023 01:09:37 INFO  valid result: 
recall@10 : 0.2047    mrr@10 : 0.3651    ndcg@10 : 0.2183    hit@10 : 0.7296    precision@10 : 0.1511
Tue 31 Jan 2023 01:09:41 INFO  epoch 38 training [time: 3.62s, train_loss1: 7.9712, train_loss2: 1.5442]
Tue 31 Jan 2023 01:09:41 INFO  epoch 38 evaluating [time: 0.19s, valid_score: 0.361400]
Tue 31 Jan 2023 01:09:41 INFO  valid result: 
recall@10 : 0.2042    mrr@10 : 0.3614    ndcg@10 : 0.2163    hit@10 : 0.7275    precision@10 : 0.1507
Tue 31 Jan 2023 01:09:45 INFO  epoch 39 training [time: 3.63s, train_loss1: 7.8444, train_loss2: 1.5047]
Tue 31 Jan 2023 01:09:45 INFO  epoch 39 evaluating [time: 0.19s, valid_score: 0.363700]
Tue 31 Jan 2023 01:09:45 INFO  valid result: 
recall@10 : 0.2069    mrr@10 : 0.3637    ndcg@10 : 0.2179    hit@10 : 0.7264    precision@10 : 0.1503
Tue 31 Jan 2023 01:09:48 INFO  epoch 40 training [time: 3.54s, train_loss1: 7.7927, train_loss2: 1.4742]
Tue 31 Jan 2023 01:09:49 INFO  epoch 40 evaluating [time: 0.19s, valid_score: 0.369200]
Tue 31 Jan 2023 01:09:49 INFO  valid result: 
recall@10 : 0.2091    mrr@10 : 0.3692    ndcg@10 : 0.2203    hit@10 : 0.7338    precision@10 : 0.151
Tue 31 Jan 2023 01:09:52 INFO  epoch 41 training [time: 3.56s, train_loss1: 7.6346, train_loss2: 1.4221]
Tue 31 Jan 2023 01:09:52 INFO  epoch 41 evaluating [time: 0.19s, valid_score: 0.371400]
Tue 31 Jan 2023 01:09:52 INFO  valid result: 
recall@10 : 0.2075    mrr@10 : 0.3714    ndcg@10 : 0.2192    hit@10 : 0.7349    precision@10 : 0.1497
Tue 31 Jan 2023 01:09:52 INFO  Saving current: saved/KGAT-Jan-31-2023_01-07-07.pth
Tue 31 Jan 2023 01:09:56 INFO  epoch 42 training [time: 3.60s, train_loss1: 7.6330, train_loss2: 1.3555]
Tue 31 Jan 2023 01:09:56 INFO  epoch 42 evaluating [time: 0.19s, valid_score: 0.374900]
Tue 31 Jan 2023 01:09:56 INFO  valid result: 
recall@10 : 0.2142    mrr@10 : 0.3749    ndcg@10 : 0.2226    hit@10 : 0.7423    precision@10 : 0.1523
Tue 31 Jan 2023 01:09:56 INFO  Saving current: saved/KGAT-Jan-31-2023_01-07-07.pth
Tue 31 Jan 2023 01:10:00 INFO  epoch 43 training [time: 3.63s, train_loss1: 7.4992, train_loss2: 1.3375]
Tue 31 Jan 2023 01:10:00 INFO  epoch 43 evaluating [time: 0.19s, valid_score: 0.368800]
Tue 31 Jan 2023 01:10:00 INFO  valid result: 
recall@10 : 0.2078    mrr@10 : 0.3688    ndcg@10 : 0.2189    hit@10 : 0.7391    precision@10 : 0.1515
Tue 31 Jan 2023 01:10:04 INFO  epoch 44 training [time: 3.68s, train_loss1: 7.5031, train_loss2: 1.2968]
Tue 31 Jan 2023 01:10:04 INFO  epoch 44 evaluating [time: 0.19s, valid_score: 0.371700]
Tue 31 Jan 2023 01:10:04 INFO  valid result: 
recall@10 : 0.2126    mrr@10 : 0.3717    ndcg@10 : 0.2213    hit@10 : 0.7413    precision@10 : 0.153
Tue 31 Jan 2023 01:10:07 INFO  epoch 45 training [time: 3.50s, train_loss1: 7.4080, train_loss2: 1.3116]
Tue 31 Jan 2023 01:10:08 INFO  epoch 45 evaluating [time: 0.19s, valid_score: 0.371200]
Tue 31 Jan 2023 01:10:08 INFO  valid result: 
recall@10 : 0.2097    mrr@10 : 0.3712    ndcg@10 : 0.22    hit@10 : 0.7391    precision@10 : 0.1505
Tue 31 Jan 2023 01:10:11 INFO  epoch 46 training [time: 3.63s, train_loss1: 7.1832, train_loss2: 1.2701]
Tue 31 Jan 2023 01:10:11 INFO  epoch 46 evaluating [time: 0.19s, valid_score: 0.378000]
Tue 31 Jan 2023 01:10:11 INFO  valid result: 
recall@10 : 0.2093    mrr@10 : 0.378    ndcg@10 : 0.2221    hit@10 : 0.7349    precision@10 : 0.1506
Tue 31 Jan 2023 01:10:12 INFO  Saving current: saved/KGAT-Jan-31-2023_01-07-07.pth
Tue 31 Jan 2023 01:10:15 INFO  epoch 47 training [time: 3.65s, train_loss1: 7.1822, train_loss2: 1.2457]
Tue 31 Jan 2023 01:10:15 INFO  epoch 47 evaluating [time: 0.20s, valid_score: 0.371200]
Tue 31 Jan 2023 01:10:15 INFO  valid result: 
recall@10 : 0.2112    mrr@10 : 0.3712    ndcg@10 : 0.2225    hit@10 : 0.7338    precision@10 : 0.152
Tue 31 Jan 2023 01:10:19 INFO  epoch 48 training [time: 3.48s, train_loss1: 7.1279, train_loss2: 1.2246]
Tue 31 Jan 2023 01:10:19 INFO  epoch 48 evaluating [time: 0.20s, valid_score: 0.369900]
Tue 31 Jan 2023 01:10:19 INFO  valid result: 
recall@10 : 0.2131    mrr@10 : 0.3699    ndcg@10 : 0.2238    hit@10 : 0.7381    precision@10 : 0.1539
Tue 31 Jan 2023 01:10:23 INFO  epoch 49 training [time: 3.85s, train_loss1: 7.0434, train_loss2: 1.2327]
Tue 31 Jan 2023 01:10:23 INFO  epoch 49 evaluating [time: 0.20s, valid_score: 0.370200]
Tue 31 Jan 2023 01:10:23 INFO  valid result: 
recall@10 : 0.2139    mrr@10 : 0.3702    ndcg@10 : 0.2243    hit@10 : 0.7328    precision@10 : 0.1544
Tue 31 Jan 2023 01:10:27 INFO  epoch 50 training [time: 3.58s, train_loss1: 7.0872, train_loss2: 1.1829]
Tue 31 Jan 2023 01:10:27 INFO  epoch 50 evaluating [time: 0.20s, valid_score: 0.373200]
Tue 31 Jan 2023 01:10:27 INFO  valid result: 
recall@10 : 0.2125    mrr@10 : 0.3732    ndcg@10 : 0.2248    hit@10 : 0.7285    precision@10 : 0.1544
Tue 31 Jan 2023 01:10:31 INFO  epoch 51 training [time: 3.76s, train_loss1: 7.0262, train_loss2: 1.1143]
Tue 31 Jan 2023 01:10:31 INFO  epoch 51 evaluating [time: 0.20s, valid_score: 0.372600]
Tue 31 Jan 2023 01:10:31 INFO  valid result: 
recall@10 : 0.2108    mrr@10 : 0.3726    ndcg@10 : 0.2242    hit@10 : 0.7296    precision@10 : 0.1547
Tue 31 Jan 2023 01:10:35 INFO  epoch 52 training [time: 3.75s, train_loss1: 6.8595, train_loss2: 1.1158]
Tue 31 Jan 2023 01:10:35 INFO  epoch 52 evaluating [time: 0.20s, valid_score: 0.371600]
Tue 31 Jan 2023 01:10:35 INFO  valid result: 
recall@10 : 0.2116    mrr@10 : 0.3716    ndcg@10 : 0.2242    hit@10 : 0.7349    precision@10 : 0.1557
Tue 31 Jan 2023 01:10:38 INFO  epoch 53 training [time: 3.63s, train_loss1: 6.7614, train_loss2: 1.0951]
Tue 31 Jan 2023 01:10:39 INFO  epoch 53 evaluating [time: 0.19s, valid_score: 0.377900]
Tue 31 Jan 2023 01:10:39 INFO  valid result: 
recall@10 : 0.2149    mrr@10 : 0.3779    ndcg@10 : 0.2274    hit@10 : 0.7455    precision@10 : 0.1582
Tue 31 Jan 2023 01:10:42 INFO  epoch 54 training [time: 3.51s, train_loss1: 6.7997, train_loss2: 1.0873]
Tue 31 Jan 2023 01:10:42 INFO  epoch 54 evaluating [time: 0.20s, valid_score: 0.379400]
Tue 31 Jan 2023 01:10:42 INFO  valid result: 
recall@10 : 0.216    mrr@10 : 0.3794    ndcg@10 : 0.2283    hit@10 : 0.7444    precision@10 : 0.1586
Tue 31 Jan 2023 01:10:42 INFO  Saving current: saved/KGAT-Jan-31-2023_01-07-07.pth
Tue 31 Jan 2023 01:10:46 INFO  epoch 55 training [time: 3.85s, train_loss1: 6.6682, train_loss2: 1.0961]
Tue 31 Jan 2023 01:10:46 INFO  epoch 55 evaluating [time: 0.20s, valid_score: 0.377500]
Tue 31 Jan 2023 01:10:46 INFO  valid result: 
recall@10 : 0.2189    mrr@10 : 0.3775    ndcg@10 : 0.2287    hit@10 : 0.7423    precision@10 : 0.1586
Tue 31 Jan 2023 01:10:50 INFO  epoch 56 training [time: 3.65s, train_loss1: 6.5490, train_loss2: 1.0737]
Tue 31 Jan 2023 01:10:50 INFO  epoch 56 evaluating [time: 0.20s, valid_score: 0.385700]
Tue 31 Jan 2023 01:10:50 INFO  valid result: 
recall@10 : 0.2161    mrr@10 : 0.3857    ndcg@10 : 0.2313    hit@10 : 0.7423    precision@10 : 0.1589
Tue 31 Jan 2023 01:10:50 INFO  Saving current: saved/KGAT-Jan-31-2023_01-07-07.pth
Tue 31 Jan 2023 01:10:54 INFO  epoch 57 training [time: 3.70s, train_loss1: 6.5542, train_loss2: 1.0364]
Tue 31 Jan 2023 01:10:54 INFO  epoch 57 evaluating [time: 0.19s, valid_score: 0.394500]
Tue 31 Jan 2023 01:10:54 INFO  valid result: 
recall@10 : 0.2183    mrr@10 : 0.3945    ndcg@10 : 0.2344    hit@10 : 0.7487    precision@10 : 0.1606
Tue 31 Jan 2023 01:10:54 INFO  Saving current: saved/KGAT-Jan-31-2023_01-07-07.pth
Tue 31 Jan 2023 01:10:58 INFO  epoch 58 training [time: 3.68s, train_loss1: 6.4022, train_loss2: 1.0591]
Tue 31 Jan 2023 01:10:58 INFO  epoch 58 evaluating [time: 0.20s, valid_score: 0.384200]
Tue 31 Jan 2023 01:10:58 INFO  valid result: 
recall@10 : 0.2198    mrr@10 : 0.3842    ndcg@10 : 0.2301    hit@10 : 0.7476    precision@10 : 0.1579
Tue 31 Jan 2023 01:11:02 INFO  epoch 59 training [time: 3.60s, train_loss1: 6.4703, train_loss2: 1.0512]
Tue 31 Jan 2023 01:11:02 INFO  epoch 59 evaluating [time: 0.20s, valid_score: 0.397500]
Tue 31 Jan 2023 01:11:02 INFO  valid result: 
recall@10 : 0.2197    mrr@10 : 0.3975    ndcg@10 : 0.2343    hit@10 : 0.7519    precision@10 : 0.1594
Tue 31 Jan 2023 01:11:02 INFO  Saving current: saved/KGAT-Jan-31-2023_01-07-07.pth
Tue 31 Jan 2023 01:11:06 INFO  epoch 60 training [time: 3.66s, train_loss1: 6.3736, train_loss2: 0.9495]
Tue 31 Jan 2023 01:11:06 INFO  epoch 60 evaluating [time: 0.21s, valid_score: 0.388500]
Tue 31 Jan 2023 01:11:06 INFO  valid result: 
recall@10 : 0.2242    mrr@10 : 0.3885    ndcg@10 : 0.2345    hit@10 : 0.7487    precision@10 : 0.1602
Tue 31 Jan 2023 01:11:10 INFO  epoch 61 training [time: 3.64s, train_loss1: 6.2792, train_loss2: 0.9592]
Tue 31 Jan 2023 01:11:10 INFO  epoch 61 evaluating [time: 0.19s, valid_score: 0.384100]
Tue 31 Jan 2023 01:11:10 INFO  valid result: 
recall@10 : 0.2273    mrr@10 : 0.3841    ndcg@10 : 0.2355    hit@10 : 0.7497    precision@10 : 0.1616
Tue 31 Jan 2023 01:11:13 INFO  epoch 62 training [time: 3.61s, train_loss1: 6.1511, train_loss2: 1.0002]
Tue 31 Jan 2023 01:11:14 INFO  epoch 62 evaluating [time: 0.19s, valid_score: 0.382800]
Tue 31 Jan 2023 01:11:14 INFO  valid result: 
recall@10 : 0.2255    mrr@10 : 0.3828    ndcg@10 : 0.2351    hit@10 : 0.7497    precision@10 : 0.1621
Tue 31 Jan 2023 01:11:17 INFO  epoch 63 training [time: 3.61s, train_loss1: 6.1770, train_loss2: 0.9600]
Tue 31 Jan 2023 01:11:17 INFO  epoch 63 evaluating [time: 0.20s, valid_score: 0.384000]
Tue 31 Jan 2023 01:11:17 INFO  valid result: 
recall@10 : 0.2249    mrr@10 : 0.384    ndcg@10 : 0.2354    hit@10 : 0.754    precision@10 : 0.1626
Tue 31 Jan 2023 01:11:21 INFO  epoch 64 training [time: 3.65s, train_loss1: 6.1404, train_loss2: 0.9618]
Tue 31 Jan 2023 01:11:21 INFO  epoch 64 evaluating [time: 0.20s, valid_score: 0.388300]
Tue 31 Jan 2023 01:11:21 INFO  valid result: 
recall@10 : 0.2268    mrr@10 : 0.3883    ndcg@10 : 0.2369    hit@10 : 0.7593    precision@10 : 0.1622
Tue 31 Jan 2023 01:11:25 INFO  epoch 65 training [time: 3.46s, train_loss1: 6.0564, train_loss2: 0.9327]
Tue 31 Jan 2023 01:11:25 INFO  epoch 65 evaluating [time: 0.19s, valid_score: 0.390800]
Tue 31 Jan 2023 01:11:25 INFO  valid result: 
recall@10 : 0.2253    mrr@10 : 0.3908    ndcg@10 : 0.2372    hit@10 : 0.7561    precision@10 : 0.1626
Tue 31 Jan 2023 01:11:29 INFO  epoch 66 training [time: 3.65s, train_loss1: 6.0143, train_loss2: 0.9205]
Tue 31 Jan 2023 01:11:29 INFO  epoch 66 evaluating [time: 0.19s, valid_score: 0.391300]
Tue 31 Jan 2023 01:11:29 INFO  valid result: 
recall@10 : 0.2275    mrr@10 : 0.3913    ndcg@10 : 0.2387    hit@10 : 0.7572    precision@10 : 0.1625
Tue 31 Jan 2023 01:11:32 INFO  epoch 67 training [time: 3.53s, train_loss1: 5.9940, train_loss2: 0.9086]
Tue 31 Jan 2023 01:11:32 INFO  epoch 67 evaluating [time: 0.19s, valid_score: 0.394300]
Tue 31 Jan 2023 01:11:32 INFO  valid result: 
recall@10 : 0.2308    mrr@10 : 0.3943    ndcg@10 : 0.2406    hit@10 : 0.7614    precision@10 : 0.1651
Tue 31 Jan 2023 01:11:36 INFO  epoch 68 training [time: 3.52s, train_loss1: 5.8598, train_loss2: 0.9297]
Tue 31 Jan 2023 01:11:36 INFO  epoch 68 evaluating [time: 0.22s, valid_score: 0.390800]
Tue 31 Jan 2023 01:11:36 INFO  valid result: 
recall@10 : 0.228    mrr@10 : 0.3908    ndcg@10 : 0.2388    hit@10 : 0.7593    precision@10 : 0.1644
Tue 31 Jan 2023 01:11:40 INFO  epoch 69 training [time: 3.56s, train_loss1: 5.8020, train_loss2: 0.9064]
Tue 31 Jan 2023 01:11:40 INFO  epoch 69 evaluating [time: 0.19s, valid_score: 0.392500]
Tue 31 Jan 2023 01:11:40 INFO  valid result: 
recall@10 : 0.2243    mrr@10 : 0.3925    ndcg@10 : 0.239    hit@10 : 0.7561    precision@10 : 0.1645
Tue 31 Jan 2023 01:11:44 INFO  epoch 70 training [time: 3.65s, train_loss1: 5.7646, train_loss2: 0.8380]
Tue 31 Jan 2023 01:11:44 INFO  epoch 70 evaluating [time: 0.19s, valid_score: 0.388100]
Tue 31 Jan 2023 01:11:44 INFO  valid result: 
recall@10 : 0.2265    mrr@10 : 0.3881    ndcg@10 : 0.2387    hit@10 : 0.7508    precision@10 : 0.165
Tue 31 Jan 2023 01:11:44 INFO  Finished training, best eval result in epoch 59
Tue 31 Jan 2023 01:11:44 INFO  Loading model structure and parameters from saved/KGAT-Jan-31-2023_01-07-07.pth
Tue 31 Jan 2023 01:11:44 INFO  best valid : OrderedDict([('recall@10', 0.2197), ('mrr@10', 0.3975), ('ndcg@10', 0.2343), ('hit@10', 0.7519), ('precision@10', 0.1594)])
Tue 31 Jan 2023 01:11:44 INFO  test result: OrderedDict([('recall@10', 0.2411), ('mrr@10', 0.4561), ('ndcg@10', 0.2804), ('hit@10', 0.7805), ('precision@10', 0.1952)])
