Mon 30 Jan 2023 22:50:47 INFO  ['recbole_test.py', '--seed', '2023', '--aggr', 'bi', '--opti', 'adam', '--is_swa', 'true', '--is_momentum', 'false']
Mon 30 Jan 2023 22:50:47 INFO  
General Hyper Parameters:
gpu_id = 0
use_gpu = True
seed = 2023
state = INFO
reproducibility = True
data_path = /work/03/gu14/k36095/kgat_bai/recbole/config/../dataset_example/ml-100k
checkpoint_dir = saved
show_progress = True
save_dataset = True
dataset_save_path = None
save_dataloaders = False
dataloaders_save_path = None
log_wandb = False

Training Hyper Parameters:
epochs = 300
train_batch_size = 2048
learner = adam
learning_rate = 0.001
train_neg_sample_args = {'distribution': 'uniform', 'sample_num': 1, 'alpha': 1.0, 'dynamic': False, 'candidate_num': 0}
eval_step = 1
stopping_step = 10
clip_grad_norm = None
weight_decay = 0.0
loss_decimal_place = 4

Evaluation Hyper Parameters:
eval_args = {'split': {'RS': [0.8, 0.1, 0.1]}, 'group_by': 'user', 'order': 'RO', 'mode': 'full'}
repeatable = False
metrics = ['Recall', 'MRR', 'NDCG', 'Hit', 'Precision']
topk = [10]
valid_metric = MRR@10
valid_metric_bigger = True
eval_batch_size = 4096
metric_decimal_place = 4

Dataset Hyper Parameters:
field_separator = 	
seq_separator =  
USER_ID_FIELD = user_id
ITEM_ID_FIELD = item_id
RATING_FIELD = rating
TIME_FIELD = timestamp
seq_len = None
LABEL_FIELD = label
threshold = None
NEG_PREFIX = neg_
load_col = {'inter': ['user_id', 'item_id', 'rating', 'timestamp'], 'kg': ['head_id', 'relation_id', 'tail_id'], 'link': ['item_id', 'entity_id']}
unload_col = None
unused_col = None
additional_feat_suffix = None
rm_dup_inter = None
val_interval = None
filter_inter_by_user_or_item = True
user_inter_num_interval = None
item_inter_num_interval = None
alias_of_user_id = None
alias_of_item_id = None
alias_of_entity_id = None
alias_of_relation_id = None
preload_weight = None
normalize_field = None
normalize_all = True
ITEM_LIST_LENGTH_FIELD = item_length
LIST_SUFFIX = _list
MAX_ITEM_LIST_LENGTH = 50
POSITION_FIELD = position_id
HEAD_ENTITY_ID_FIELD = head_id
TAIL_ENTITY_ID_FIELD = tail_id
RELATION_ID_FIELD = relation_id
ENTITY_ID_FIELD = entity_id
kg_reverse_r = False
entity_kg_num_interval = [0,inf)
relation_kg_num_interval = [0,inf)
benchmark_filename = None

Other Hyper Parameters: 
worker = 0
wandb_project = recbole
shuffle = True
require_pow = False
enable_amp = False
enable_scaler = False
transform = None
embedding_size = 64
kg_embedding_size = 64
layers = [64]
mess_dropout = 0.1
reg_weight = 1e-05
aggregator_type = bi
numerical_features = []
discretization = None
MODEL_TYPE = ModelType.KNOWLEDGE
is_swa = 1
is_momentum = 0
MODEL_INPUT_TYPE = InputType.PAIRWISE
eval_type = EvaluatorType.RANKING
single_spec = True
local_rank = 0
device = cpu
eval_neg_sample_args = {'distribution': 'uniform', 'sample_num': 'none'}


Mon 30 Jan 2023 22:50:48 INFO  Saving filtered dataset into [saved/ml-100k-dataset.pth]
Mon 30 Jan 2023 22:50:48 INFO  ml-100k
The number of users: 944
Average actions of users: 103.4506892895016
The number of items: 1599
Average actions of items: 61.04755944931164
The number of inters: 97554
The sparsity of the dataset: 93.53714185772888%
Remain Fields: ['entity_id', 'user_id', 'item_id', 'rating', 'timestamp', 'head_id', 'relation_id', 'tail_id']
The number of entities: 34629
The number of relations: 26
The number of triples: 91631
The number of items that have been linked to KG: 1598
Mon 30 Jan 2023 22:50:48 INFO  [Training]: train_batch_size = [2048] train_neg_sample_args: [{'distribution': 'uniform', 'sample_num': 1, 'alpha': 1.0, 'dynamic': False, 'candidate_num': 0}]
Mon 30 Jan 2023 22:50:48 INFO  [Evaluation]: eval_batch_size = [4096] eval_args: [{'split': {'RS': [0.8, 0.1, 0.1]}, 'group_by': 'user', 'order': 'RO', 'mode': 'full'}]
Mon 30 Jan 2023 22:50:50 INFO  KGAT(
  (user_embedding): Embedding(944, 64)
  (entity_embedding): Embedding(34629, 64)
  (relation_embedding): Embedding(26, 64)
  (trans_w): Embedding(26, 4096)
  (aggregator_layers): ModuleList(
    (0): Aggregator(
      (message_dropout): Dropout(p=0.1, inplace=False)
      (W1): Linear(in_features=64, out_features=64, bias=True)
      (W2): Linear(in_features=64, out_features=64, bias=True)
      (activation): LeakyReLU(negative_slope=0.01)
    )
  )
  (tanh): Tanh()
  (mf_loss): BPRLoss()
  (reg_loss): EmbLoss()
)
Trainable parameters: 2393152
Mon 30 Jan 2023 22:50:50 INFO  FLOPs: 291414016.0
Mon 30 Jan 2023 22:50:54 INFO  epoch 0 training [time: 4.44s, train_loss1: 19.0297, train_loss2: 40.3171]
Mon 30 Jan 2023 22:50:55 INFO  epoch 0 evaluating [time: 0.20s, valid_score: 0.101300]
Mon 30 Jan 2023 22:50:55 INFO  valid result: 
recall@10 : 0.038    mrr@10 : 0.1013    ndcg@10 : 0.0454    hit@10 : 0.2715    precision@10 : 0.0367
Mon 30 Jan 2023 22:50:55 INFO  Saving current: saved/KGAT-Jan-30-2023_22-50-50.pth
Mon 30 Jan 2023 22:50:59 INFO  epoch 1 training [time: 4.26s, train_loss1: 17.2010, train_loss2: 405.6926]
Mon 30 Jan 2023 22:50:59 INFO  epoch 1 evaluating [time: 0.20s, valid_score: 0.090800]
Mon 30 Jan 2023 22:50:59 INFO  valid result: 
recall@10 : 0.036    mrr@10 : 0.0908    ndcg@10 : 0.04    hit@10 : 0.2428    precision@10 : 0.0303
Mon 30 Jan 2023 22:51:04 INFO  epoch 2 training [time: 5.20s, train_loss1: 28.0852, train_loss2: 1183.8168]
Mon 30 Jan 2023 22:51:05 INFO  epoch 2 evaluating [time: 0.20s, valid_score: 0.073100]
Mon 30 Jan 2023 22:51:05 INFO  valid result: 
recall@10 : 0.0287    mrr@10 : 0.0731    ndcg@10 : 0.0337    hit@10 : 0.211    precision@10 : 0.0284
Mon 30 Jan 2023 22:51:09 INFO  epoch 3 training [time: 4.67s, train_loss1: 35.5536, train_loss2: 1511.7439]
Mon 30 Jan 2023 22:51:09 INFO  epoch 3 evaluating [time: 0.20s, valid_score: 0.072700]
Mon 30 Jan 2023 22:51:09 INFO  valid result: 
recall@10 : 0.0298    mrr@10 : 0.0727    ndcg@10 : 0.0349    hit@10 : 0.228    precision@10 : 0.0306
Mon 30 Jan 2023 22:51:14 INFO  epoch 4 training [time: 4.62s, train_loss1: 38.5636, train_loss2: 1795.6065]
Mon 30 Jan 2023 22:51:14 INFO  epoch 4 evaluating [time: 0.21s, valid_score: 0.078000]
Mon 30 Jan 2023 22:51:14 INFO  valid result: 
recall@10 : 0.0324    mrr@10 : 0.078    ndcg@10 : 0.0352    hit@10 : 0.2259    precision@10 : 0.0286
Mon 30 Jan 2023 22:51:19 INFO  epoch 5 training [time: 4.58s, train_loss1: 41.4758, train_loss2: 2000.6133]
Mon 30 Jan 2023 22:51:19 INFO  epoch 5 evaluating [time: 0.20s, valid_score: 0.087400]
Mon 30 Jan 2023 22:51:19 INFO  valid result: 
recall@10 : 0.0319    mrr@10 : 0.0874    ndcg@10 : 0.0394    hit@10 : 0.2566    precision@10 : 0.034
Mon 30 Jan 2023 22:51:23 INFO  epoch 6 training [time: 4.39s, train_loss1: 42.8550, train_loss2: 2073.0134]
Mon 30 Jan 2023 22:51:24 INFO  epoch 6 evaluating [time: 0.20s, valid_score: 0.102100]
Mon 30 Jan 2023 22:51:24 INFO  valid result: 
recall@10 : 0.0329    mrr@10 : 0.1021    ndcg@10 : 0.0427    hit@10 : 0.2672    precision@10 : 0.0339
Mon 30 Jan 2023 22:51:24 INFO  Saving current: saved/KGAT-Jan-30-2023_22-50-50.pth
Mon 30 Jan 2023 22:51:28 INFO  epoch 7 training [time: 4.39s, train_loss1: 44.4085, train_loss2: 2233.2129]
Mon 30 Jan 2023 22:51:28 INFO  epoch 7 evaluating [time: 0.20s, valid_score: 0.092600]
Mon 30 Jan 2023 22:51:28 INFO  valid result: 
recall@10 : 0.0337    mrr@10 : 0.0926    ndcg@10 : 0.041    hit@10 : 0.263    precision@10 : 0.0345
Mon 30 Jan 2023 22:51:33 INFO  epoch 8 training [time: 4.35s, train_loss1: 46.3326, train_loss2: 2378.1241]
Mon 30 Jan 2023 22:51:33 INFO  epoch 8 evaluating [time: 0.22s, valid_score: 0.097600]
Mon 30 Jan 2023 22:51:33 INFO  valid result: 
recall@10 : 0.0329    mrr@10 : 0.0976    ndcg@10 : 0.0415    hit@10 : 0.2513    precision@10 : 0.0323
Mon 30 Jan 2023 22:51:37 INFO  epoch 9 training [time: 4.26s, train_loss1: 47.4073, train_loss2: 2725.4709]
Mon 30 Jan 2023 22:51:37 INFO  epoch 9 evaluating [time: 0.19s, valid_score: 0.082700]
Mon 30 Jan 2023 22:51:37 INFO  valid result: 
recall@10 : 0.027    mrr@10 : 0.0827    ndcg@10 : 0.0341    hit@10 : 0.2185    precision@10 : 0.0276
Mon 30 Jan 2023 22:51:42 INFO  epoch 10 training [time: 4.28s, train_loss1: 50.0185, train_loss2: 2797.3218]
Mon 30 Jan 2023 22:51:42 INFO  epoch 10 evaluating [time: 0.19s, valid_score: 0.074700]
Mon 30 Jan 2023 22:51:42 INFO  valid result: 
recall@10 : 0.029    mrr@10 : 0.0747    ndcg@10 : 0.0338    hit@10 : 0.2248    precision@10 : 0.0283
Mon 30 Jan 2023 22:51:46 INFO  epoch 11 training [time: 4.31s, train_loss1: 51.1919, train_loss2: 2957.5828]
Mon 30 Jan 2023 22:51:46 INFO  epoch 11 evaluating [time: 0.19s, valid_score: 0.074800]
Mon 30 Jan 2023 22:51:46 INFO  valid result: 
recall@10 : 0.027    mrr@10 : 0.0748    ndcg@10 : 0.0338    hit@10 : 0.2163    precision@10 : 0.0278
Mon 30 Jan 2023 22:51:50 INFO  epoch 12 training [time: 4.11s, train_loss1: 53.4141, train_loss2: 3068.2444]
Mon 30 Jan 2023 22:51:51 INFO  epoch 12 evaluating [time: 0.21s, valid_score: 0.077700]
Mon 30 Jan 2023 22:51:51 INFO  valid result: 
recall@10 : 0.0282    mrr@10 : 0.0777    ndcg@10 : 0.0338    hit@10 : 0.2216    precision@10 : 0.0278
Mon 30 Jan 2023 22:51:55 INFO  epoch 13 training [time: 4.20s, train_loss1: 54.7381, train_loss2: 3564.9773]
Mon 30 Jan 2023 22:51:55 INFO  epoch 13 evaluating [time: 0.19s, valid_score: 0.074700]
Mon 30 Jan 2023 22:51:55 INFO  valid result: 
recall@10 : 0.0276    mrr@10 : 0.0747    ndcg@10 : 0.0333    hit@10 : 0.2174    precision@10 : 0.0266
Mon 30 Jan 2023 22:51:59 INFO  epoch 14 training [time: 4.23s, train_loss1: 56.7040, train_loss2: 4011.6823]
Mon 30 Jan 2023 22:51:59 INFO  epoch 14 evaluating [time: 0.20s, valid_score: 0.084700]
Mon 30 Jan 2023 22:51:59 INFO  valid result: 
recall@10 : 0.0314    mrr@10 : 0.0847    ndcg@10 : 0.0373    hit@10 : 0.2407    precision@10 : 0.03
Mon 30 Jan 2023 22:52:04 INFO  epoch 15 training [time: 4.22s, train_loss1: 57.5449, train_loss2: 5327.0800]
Mon 30 Jan 2023 22:52:04 INFO  epoch 15 evaluating [time: 0.19s, valid_score: 0.111600]
Mon 30 Jan 2023 22:52:04 INFO  valid result: 
recall@10 : 0.0366    mrr@10 : 0.1116    ndcg@10 : 0.0466    hit@10 : 0.2916    precision@10 : 0.0367
Mon 30 Jan 2023 22:52:04 INFO  Saving current: saved/KGAT-Jan-30-2023_22-50-50.pth
Mon 30 Jan 2023 22:52:08 INFO  epoch 16 training [time: 4.09s, train_loss1: 57.3789, train_loss2: 4607.2650]
Mon 30 Jan 2023 22:52:08 INFO  epoch 16 evaluating [time: 0.19s, valid_score: 0.089100]
Mon 30 Jan 2023 22:52:08 INFO  valid result: 
recall@10 : 0.034    mrr@10 : 0.0891    ndcg@10 : 0.039    hit@10 : 0.2418    precision@10 : 0.03
Mon 30 Jan 2023 22:52:12 INFO  epoch 17 training [time: 4.15s, train_loss1: 60.7801, train_loss2: 4166.3641]
Mon 30 Jan 2023 22:52:13 INFO  epoch 17 evaluating [time: 0.19s, valid_score: 0.095200]
Mon 30 Jan 2023 22:52:13 INFO  valid result: 
recall@10 : 0.032    mrr@10 : 0.0952    ndcg@10 : 0.0404    hit@10 : 0.2503    precision@10 : 0.0318
Mon 30 Jan 2023 22:52:17 INFO  epoch 18 training [time: 4.12s, train_loss1: 61.8364, train_loss2: 5027.5865]
Mon 30 Jan 2023 22:52:17 INFO  epoch 18 evaluating [time: 0.19s, valid_score: 0.081500]
Mon 30 Jan 2023 22:52:17 INFO  valid result: 
recall@10 : 0.0284    mrr@10 : 0.0815    ndcg@10 : 0.0344    hit@10 : 0.2227    precision@10 : 0.0275
Mon 30 Jan 2023 22:52:21 INFO  epoch 19 training [time: 4.10s, train_loss1: 64.9826, train_loss2: 4426.7607]
Mon 30 Jan 2023 22:52:21 INFO  epoch 19 evaluating [time: 0.20s, valid_score: 0.086600]
Mon 30 Jan 2023 22:52:21 INFO  valid result: 
recall@10 : 0.0302    mrr@10 : 0.0866    ndcg@10 : 0.0367    hit@10 : 0.2248    precision@10 : 0.0283
Mon 30 Jan 2023 22:52:25 INFO  epoch 20 training [time: 4.07s, train_loss1: 65.8822, train_loss2: 4306.4200]
Mon 30 Jan 2023 22:52:25 INFO  epoch 20 evaluating [time: 0.20s, valid_score: 0.085000]
Mon 30 Jan 2023 22:52:25 INFO  valid result: 
recall@10 : 0.0305    mrr@10 : 0.085    ndcg@10 : 0.0368    hit@10 : 0.2269    precision@10 : 0.0285
Mon 30 Jan 2023 22:52:30 INFO  epoch 21 training [time: 4.12s, train_loss1: 65.4436, train_loss2: 3766.7628]
Mon 30 Jan 2023 22:52:30 INFO  epoch 21 evaluating [time: 0.20s, valid_score: 0.090400]
Mon 30 Jan 2023 22:52:30 INFO  valid result: 
recall@10 : 0.0371    mrr@10 : 0.0904    ndcg@10 : 0.0417    hit@10 : 0.2641    precision@10 : 0.0334
Mon 30 Jan 2023 22:52:34 INFO  epoch 22 training [time: 3.86s, train_loss1: 66.2122, train_loss2: 3983.4016]
Mon 30 Jan 2023 22:52:34 INFO  epoch 22 evaluating [time: 0.20s, valid_score: 0.092800]
Mon 30 Jan 2023 22:52:34 INFO  valid result: 
recall@10 : 0.0349    mrr@10 : 0.0928    ndcg@10 : 0.0413    hit@10 : 0.2439    precision@10 : 0.0313
Mon 30 Jan 2023 22:52:38 INFO  epoch 23 training [time: 3.99s, train_loss1: 68.2987, train_loss2: 4152.9010]
Mon 30 Jan 2023 22:52:38 INFO  epoch 23 evaluating [time: 0.19s, valid_score: 0.089900]
Mon 30 Jan 2023 22:52:38 INFO  valid result: 
recall@10 : 0.0328    mrr@10 : 0.0899    ndcg@10 : 0.0402    hit@10 : 0.2365    precision@10 : 0.031
Mon 30 Jan 2023 22:52:42 INFO  epoch 24 training [time: 4.23s, train_loss1: 68.7871, train_loss2: 3984.1336]
Mon 30 Jan 2023 22:52:42 INFO  epoch 24 evaluating [time: 0.19s, valid_score: 0.093400]
Mon 30 Jan 2023 22:52:42 INFO  valid result: 
recall@10 : 0.0317    mrr@10 : 0.0934    ndcg@10 : 0.0398    hit@10 : 0.2418    precision@10 : 0.0299
Mon 30 Jan 2023 22:52:46 INFO  epoch 25 training [time: 3.90s, train_loss1: 70.7773, train_loss2: 4421.3778]
Mon 30 Jan 2023 22:52:47 INFO  epoch 25 evaluating [time: 0.19s, valid_score: 0.075700]
Mon 30 Jan 2023 22:52:47 INFO  valid result: 
recall@10 : 0.0304    mrr@10 : 0.0757    ndcg@10 : 0.0344    hit@10 : 0.2312    precision@10 : 0.0275
Mon 30 Jan 2023 22:52:51 INFO  epoch 26 training [time: 4.16s, train_loss1: 70.7587, train_loss2: 4219.2420]
Mon 30 Jan 2023 22:52:51 INFO  epoch 26 evaluating [time: 0.19s, valid_score: 0.083700]
Mon 30 Jan 2023 22:52:51 INFO  valid result: 
recall@10 : 0.0313    mrr@10 : 0.0837    ndcg@10 : 0.0361    hit@10 : 0.2344    precision@10 : 0.0281
Mon 30 Jan 2023 22:52:51 INFO  Finished training, best eval result in epoch 15
Mon 30 Jan 2023 22:52:51 INFO  Loading model structure and parameters from saved/KGAT-Jan-30-2023_22-50-50.pth
Mon 30 Jan 2023 22:52:51 INFO  best valid : OrderedDict([('recall@10', 0.0366), ('mrr@10', 0.1116), ('ndcg@10', 0.0466), ('hit@10', 0.2916), ('precision@10', 0.0367)])
Mon 30 Jan 2023 22:52:51 INFO  test result: OrderedDict([('recall@10', 0.0318), ('mrr@10', 0.0802), ('ndcg@10', 0.0367), ('hit@10', 0.2534), ('precision@10', 0.0318)])
