Mon 30 Jan 2023 23:22:03 INFO  ['recbole_test.py', '--seed', '2021', '--aggr', 'bi', '--opti', 'sgd', '--is_swa', 'false', '--is_momentum', 'false']
Mon 30 Jan 2023 23:22:03 INFO  
General Hyper Parameters:
gpu_id = 0
use_gpu = True
seed = 2021
state = INFO
reproducibility = True
data_path = /work/03/gu14/k36095/kgat_bai/recbole/config/../dataset_example/ml-100k
checkpoint_dir = saved
show_progress = True
save_dataset = True
dataset_save_path = None
save_dataloaders = False
dataloaders_save_path = None
log_wandb = False

Training Hyper Parameters:
epochs = 300
train_batch_size = 2048
learner = sgd
learning_rate = 0.001
train_neg_sample_args = {'distribution': 'uniform', 'sample_num': 1, 'alpha': 1.0, 'dynamic': False, 'candidate_num': 0}
eval_step = 1
stopping_step = 10
clip_grad_norm = None
weight_decay = 0.0
loss_decimal_place = 4

Evaluation Hyper Parameters:
eval_args = {'split': {'RS': [0.8, 0.1, 0.1]}, 'group_by': 'user', 'order': 'RO', 'mode': 'full'}
repeatable = False
metrics = ['Recall', 'MRR', 'NDCG', 'Hit', 'Precision']
topk = [10]
valid_metric = MRR@10
valid_metric_bigger = True
eval_batch_size = 4096
metric_decimal_place = 4

Dataset Hyper Parameters:
field_separator = 	
seq_separator =  
USER_ID_FIELD = user_id
ITEM_ID_FIELD = item_id
RATING_FIELD = rating
TIME_FIELD = timestamp
seq_len = None
LABEL_FIELD = label
threshold = None
NEG_PREFIX = neg_
load_col = {'inter': ['user_id', 'item_id', 'rating', 'timestamp'], 'kg': ['head_id', 'relation_id', 'tail_id'], 'link': ['item_id', 'entity_id']}
unload_col = None
unused_col = None
additional_feat_suffix = None
rm_dup_inter = None
val_interval = None
filter_inter_by_user_or_item = True
user_inter_num_interval = None
item_inter_num_interval = None
alias_of_user_id = None
alias_of_item_id = None
alias_of_entity_id = None
alias_of_relation_id = None
preload_weight = None
normalize_field = None
normalize_all = True
ITEM_LIST_LENGTH_FIELD = item_length
LIST_SUFFIX = _list
MAX_ITEM_LIST_LENGTH = 50
POSITION_FIELD = position_id
HEAD_ENTITY_ID_FIELD = head_id
TAIL_ENTITY_ID_FIELD = tail_id
RELATION_ID_FIELD = relation_id
ENTITY_ID_FIELD = entity_id
kg_reverse_r = False
entity_kg_num_interval = [0,inf)
relation_kg_num_interval = [0,inf)
benchmark_filename = None

Other Hyper Parameters: 
worker = 0
wandb_project = recbole
shuffle = True
require_pow = False
enable_amp = False
enable_scaler = False
transform = None
embedding_size = 64
kg_embedding_size = 64
layers = [64]
mess_dropout = 0.1
reg_weight = 1e-05
aggregator_type = bi
numerical_features = []
discretization = None
MODEL_TYPE = ModelType.KNOWLEDGE
is_swa = 0
is_momentum = 0
MODEL_INPUT_TYPE = InputType.PAIRWISE
eval_type = EvaluatorType.RANKING
single_spec = True
local_rank = 0
device = cpu
eval_neg_sample_args = {'distribution': 'uniform', 'sample_num': 'none'}


Mon 30 Jan 2023 23:22:04 INFO  Saving filtered dataset into [saved/ml-100k-dataset.pth]
Mon 30 Jan 2023 23:22:04 INFO  ml-100k
The number of users: 944
Average actions of users: 103.4506892895016
The number of items: 1599
Average actions of items: 61.04755944931164
The number of inters: 97554
The sparsity of the dataset: 93.53714185772888%
Remain Fields: ['entity_id', 'user_id', 'item_id', 'rating', 'timestamp', 'head_id', 'relation_id', 'tail_id']
The number of entities: 34629
The number of relations: 26
The number of triples: 91631
The number of items that have been linked to KG: 1598
Mon 30 Jan 2023 23:22:05 INFO  [Training]: train_batch_size = [2048] train_neg_sample_args: [{'distribution': 'uniform', 'sample_num': 1, 'alpha': 1.0, 'dynamic': False, 'candidate_num': 0}]
Mon 30 Jan 2023 23:22:05 INFO  [Evaluation]: eval_batch_size = [4096] eval_args: [{'split': {'RS': [0.8, 0.1, 0.1]}, 'group_by': 'user', 'order': 'RO', 'mode': 'full'}]
Mon 30 Jan 2023 23:22:06 INFO  KGAT(
  (user_embedding): Embedding(944, 64)
  (entity_embedding): Embedding(34629, 64)
  (relation_embedding): Embedding(26, 64)
  (trans_w): Embedding(26, 4096)
  (aggregator_layers): ModuleList(
    (0): Aggregator(
      (message_dropout): Dropout(p=0.1, inplace=False)
      (W1): Linear(in_features=64, out_features=64, bias=True)
      (W2): Linear(in_features=64, out_features=64, bias=True)
      (activation): LeakyReLU(negative_slope=0.01)
    )
  )
  (tanh): Tanh()
  (mf_loss): BPRLoss()
  (reg_loss): EmbLoss()
)
Trainable parameters: 2393152
Mon 30 Jan 2023 23:22:06 INFO  FLOPs: 291414016.0
Mon 30 Jan 2023 23:22:11 INFO  epoch 0 training [time: 4.60s, train_loss1: 26.8587, train_loss2: 31.1933]
Mon 30 Jan 2023 23:22:11 INFO  epoch 0 evaluating [time: 0.20s, valid_score: 0.014600]
Mon 30 Jan 2023 23:22:11 INFO  valid result: 
recall@10 : 0.0069    mrr@10 : 0.0146    ndcg@10 : 0.0072    hit@10 : 0.0626    precision@10 : 0.0069
Mon 30 Jan 2023 23:22:11 INFO  Saving current: saved/KGAT-Jan-30-2023_23-22-06.pth
Mon 30 Jan 2023 23:22:15 INFO  epoch 1 training [time: 3.47s, train_loss1: 26.7525, train_loss2: 31.1933]
Mon 30 Jan 2023 23:22:15 INFO  epoch 1 evaluating [time: 0.19s, valid_score: 0.015700]
Mon 30 Jan 2023 23:22:15 INFO  valid result: 
recall@10 : 0.0074    mrr@10 : 0.0157    ndcg@10 : 0.0077    hit@10 : 0.0647    precision@10 : 0.0073
Mon 30 Jan 2023 23:22:15 INFO  Saving current: saved/KGAT-Jan-30-2023_23-22-06.pth
Mon 30 Jan 2023 23:22:19 INFO  epoch 2 training [time: 3.64s, train_loss1: 26.7211, train_loss2: 31.1935]
Mon 30 Jan 2023 23:22:19 INFO  epoch 2 evaluating [time: 0.21s, valid_score: 0.015600]
Mon 30 Jan 2023 23:22:19 INFO  valid result: 
recall@10 : 0.0076    mrr@10 : 0.0156    ndcg@10 : 0.008    hit@10 : 0.0668    precision@10 : 0.0076
Mon 30 Jan 2023 23:22:22 INFO  epoch 3 training [time: 3.44s, train_loss1: 26.7181, train_loss2: 31.1933]
Mon 30 Jan 2023 23:22:22 INFO  epoch 3 evaluating [time: 0.19s, valid_score: 0.015900]
Mon 30 Jan 2023 23:22:22 INFO  valid result: 
recall@10 : 0.0077    mrr@10 : 0.0159    ndcg@10 : 0.008    hit@10 : 0.0689    precision@10 : 0.0077
Mon 30 Jan 2023 23:22:23 INFO  Saving current: saved/KGAT-Jan-30-2023_23-22-06.pth
Mon 30 Jan 2023 23:22:26 INFO  epoch 4 training [time: 3.64s, train_loss1: 26.6908, train_loss2: 31.1930]
Mon 30 Jan 2023 23:22:26 INFO  epoch 4 evaluating [time: 0.19s, valid_score: 0.016300]
Mon 30 Jan 2023 23:22:26 INFO  valid result: 
recall@10 : 0.0078    mrr@10 : 0.0163    ndcg@10 : 0.0083    hit@10 : 0.07    precision@10 : 0.0078
Mon 30 Jan 2023 23:22:26 INFO  Saving current: saved/KGAT-Jan-30-2023_23-22-06.pth
Mon 30 Jan 2023 23:22:30 INFO  epoch 5 training [time: 3.59s, train_loss1: 26.6853, train_loss2: 31.1930]
Mon 30 Jan 2023 23:22:30 INFO  epoch 5 evaluating [time: 0.19s, valid_score: 0.016200]
Mon 30 Jan 2023 23:22:30 INFO  valid result: 
recall@10 : 0.0078    mrr@10 : 0.0162    ndcg@10 : 0.0084    hit@10 : 0.0721    precision@10 : 0.0081
Mon 30 Jan 2023 23:22:34 INFO  epoch 6 training [time: 3.66s, train_loss1: 26.6555, train_loss2: 31.1933]
Mon 30 Jan 2023 23:22:34 INFO  epoch 6 evaluating [time: 0.19s, valid_score: 0.015900]
Mon 30 Jan 2023 23:22:34 INFO  valid result: 
recall@10 : 0.0075    mrr@10 : 0.0159    ndcg@10 : 0.0082    hit@10 : 0.07    precision@10 : 0.0078
Mon 30 Jan 2023 23:22:38 INFO  epoch 7 training [time: 3.77s, train_loss1: 26.6563, train_loss2: 31.1928]
Mon 30 Jan 2023 23:22:38 INFO  epoch 7 evaluating [time: 0.19s, valid_score: 0.016400]
Mon 30 Jan 2023 23:22:38 INFO  valid result: 
recall@10 : 0.0078    mrr@10 : 0.0164    ndcg@10 : 0.0085    hit@10 : 0.071    precision@10 : 0.0081
Mon 30 Jan 2023 23:22:38 INFO  Saving current: saved/KGAT-Jan-30-2023_23-22-06.pth
Mon 30 Jan 2023 23:22:42 INFO  epoch 8 training [time: 3.92s, train_loss1: 26.6630, train_loss2: 31.1930]
Mon 30 Jan 2023 23:22:42 INFO  epoch 8 evaluating [time: 0.21s, valid_score: 0.016500]
Mon 30 Jan 2023 23:22:42 INFO  valid result: 
recall@10 : 0.0083    mrr@10 : 0.0165    ndcg@10 : 0.0087    hit@10 : 0.0732    precision@10 : 0.0083
Mon 30 Jan 2023 23:22:42 INFO  Saving current: saved/KGAT-Jan-30-2023_23-22-06.pth
Mon 30 Jan 2023 23:22:46 INFO  epoch 9 training [time: 3.83s, train_loss1: 26.6431, train_loss2: 31.1928]
Mon 30 Jan 2023 23:22:46 INFO  epoch 9 evaluating [time: 0.19s, valid_score: 0.015900]
Mon 30 Jan 2023 23:22:46 INFO  valid result: 
recall@10 : 0.007    mrr@10 : 0.0159    ndcg@10 : 0.0081    hit@10 : 0.0689    precision@10 : 0.0078
Mon 30 Jan 2023 23:22:50 INFO  epoch 10 training [time: 3.64s, train_loss1: 26.6322, train_loss2: 31.1927]
Mon 30 Jan 2023 23:22:50 INFO  epoch 10 evaluating [time: 0.19s, valid_score: 0.016700]
Mon 30 Jan 2023 23:22:50 INFO  valid result: 
recall@10 : 0.0071    mrr@10 : 0.0167    ndcg@10 : 0.0083    hit@10 : 0.0689    precision@10 : 0.0078
Mon 30 Jan 2023 23:22:50 INFO  Saving current: saved/KGAT-Jan-30-2023_23-22-06.pth
Mon 30 Jan 2023 23:22:54 INFO  epoch 11 training [time: 3.62s, train_loss1: 26.6356, train_loss2: 31.1928]
Mon 30 Jan 2023 23:22:54 INFO  epoch 11 evaluating [time: 0.19s, valid_score: 0.016800]
Mon 30 Jan 2023 23:22:54 INFO  valid result: 
recall@10 : 0.0071    mrr@10 : 0.0168    ndcg@10 : 0.0084    hit@10 : 0.07    precision@10 : 0.008
Mon 30 Jan 2023 23:22:54 INFO  Saving current: saved/KGAT-Jan-30-2023_23-22-06.pth
Mon 30 Jan 2023 23:22:58 INFO  epoch 12 training [time: 3.76s, train_loss1: 26.5918, train_loss2: 31.1926]
Mon 30 Jan 2023 23:22:58 INFO  epoch 12 evaluating [time: 0.19s, valid_score: 0.016600]
Mon 30 Jan 2023 23:22:58 INFO  valid result: 
recall@10 : 0.0071    mrr@10 : 0.0166    ndcg@10 : 0.0083    hit@10 : 0.0689    precision@10 : 0.0078
Mon 30 Jan 2023 23:23:02 INFO  epoch 13 training [time: 3.62s, train_loss1: 26.5985, train_loss2: 31.1924]
Mon 30 Jan 2023 23:23:02 INFO  epoch 13 evaluating [time: 0.19s, valid_score: 0.016300]
Mon 30 Jan 2023 23:23:02 INFO  valid result: 
recall@10 : 0.0067    mrr@10 : 0.0163    ndcg@10 : 0.0081    hit@10 : 0.0679    precision@10 : 0.0077
Mon 30 Jan 2023 23:23:05 INFO  epoch 14 training [time: 3.55s, train_loss1: 26.5880, train_loss2: 31.1924]
Mon 30 Jan 2023 23:23:05 INFO  epoch 14 evaluating [time: 0.19s, valid_score: 0.016300]
Mon 30 Jan 2023 23:23:05 INFO  valid result: 
recall@10 : 0.0066    mrr@10 : 0.0163    ndcg@10 : 0.0081    hit@10 : 0.0668    precision@10 : 0.0076
Mon 30 Jan 2023 23:23:09 INFO  epoch 15 training [time: 3.92s, train_loss1: 26.5716, train_loss2: 31.1921]
Mon 30 Jan 2023 23:23:10 INFO  epoch 15 evaluating [time: 0.20s, valid_score: 0.016200]
Mon 30 Jan 2023 23:23:10 INFO  valid result: 
recall@10 : 0.0067    mrr@10 : 0.0162    ndcg@10 : 0.008    hit@10 : 0.0668    precision@10 : 0.0076
Mon 30 Jan 2023 23:23:13 INFO  epoch 16 training [time: 3.77s, train_loss1: 26.5635, train_loss2: 31.1921]
Mon 30 Jan 2023 23:23:14 INFO  epoch 16 evaluating [time: 0.20s, valid_score: 0.016500]
Mon 30 Jan 2023 23:23:14 INFO  valid result: 
recall@10 : 0.0067    mrr@10 : 0.0165    ndcg@10 : 0.0082    hit@10 : 0.0689    precision@10 : 0.0078
Mon 30 Jan 2023 23:23:17 INFO  epoch 17 training [time: 3.73s, train_loss1: 26.5499, train_loss2: 31.1918]
Mon 30 Jan 2023 23:23:17 INFO  epoch 17 evaluating [time: 0.19s, valid_score: 0.016700]
Mon 30 Jan 2023 23:23:17 INFO  valid result: 
recall@10 : 0.0069    mrr@10 : 0.0167    ndcg@10 : 0.0083    hit@10 : 0.071    precision@10 : 0.0081
Mon 30 Jan 2023 23:23:21 INFO  epoch 18 training [time: 3.66s, train_loss1: 26.5549, train_loss2: 31.1913]
Mon 30 Jan 2023 23:23:21 INFO  epoch 18 evaluating [time: 0.19s, valid_score: 0.016700]
Mon 30 Jan 2023 23:23:21 INFO  valid result: 
recall@10 : 0.0071    mrr@10 : 0.0167    ndcg@10 : 0.0083    hit@10 : 0.07    precision@10 : 0.008
Mon 30 Jan 2023 23:23:25 INFO  epoch 19 training [time: 3.77s, train_loss1: 26.5309, train_loss2: 31.1917]
Mon 30 Jan 2023 23:23:25 INFO  epoch 19 evaluating [time: 0.20s, valid_score: 0.016600]
Mon 30 Jan 2023 23:23:25 INFO  valid result: 
recall@10 : 0.007    mrr@10 : 0.0166    ndcg@10 : 0.0083    hit@10 : 0.07    precision@10 : 0.0078
Mon 30 Jan 2023 23:23:29 INFO  epoch 20 training [time: 3.69s, train_loss1: 26.5250, train_loss2: 31.1916]
Mon 30 Jan 2023 23:23:29 INFO  epoch 20 evaluating [time: 0.19s, valid_score: 0.016800]
Mon 30 Jan 2023 23:23:29 INFO  valid result: 
recall@10 : 0.0071    mrr@10 : 0.0168    ndcg@10 : 0.0084    hit@10 : 0.0721    precision@10 : 0.0081
Mon 30 Jan 2023 23:23:29 INFO  Saving current: saved/KGAT-Jan-30-2023_23-22-06.pth
Mon 30 Jan 2023 23:23:33 INFO  epoch 21 training [time: 3.59s, train_loss1: 26.5058, train_loss2: 31.1921]
Mon 30 Jan 2023 23:23:33 INFO  epoch 21 evaluating [time: 0.19s, valid_score: 0.016900]
Mon 30 Jan 2023 23:23:33 INFO  valid result: 
recall@10 : 0.007    mrr@10 : 0.0169    ndcg@10 : 0.0083    hit@10 : 0.07    precision@10 : 0.0078
Mon 30 Jan 2023 23:23:33 INFO  Saving current: saved/KGAT-Jan-30-2023_23-22-06.pth
Mon 30 Jan 2023 23:23:36 INFO  epoch 22 training [time: 3.41s, train_loss1: 26.5073, train_loss2: 31.1918]
Mon 30 Jan 2023 23:23:37 INFO  epoch 22 evaluating [time: 0.21s, valid_score: 0.016700]
Mon 30 Jan 2023 23:23:37 INFO  valid result: 
recall@10 : 0.007    mrr@10 : 0.0167    ndcg@10 : 0.0083    hit@10 : 0.07    precision@10 : 0.0078
Mon 30 Jan 2023 23:23:40 INFO  epoch 23 training [time: 3.47s, train_loss1: 26.5032, train_loss2: 31.1916]
Mon 30 Jan 2023 23:23:40 INFO  epoch 23 evaluating [time: 0.20s, valid_score: 0.016600]
Mon 30 Jan 2023 23:23:40 INFO  valid result: 
recall@10 : 0.007    mrr@10 : 0.0166    ndcg@10 : 0.0083    hit@10 : 0.07    precision@10 : 0.0078
Mon 30 Jan 2023 23:23:44 INFO  epoch 24 training [time: 3.79s, train_loss1: 26.4739, train_loss2: 31.1920]
Mon 30 Jan 2023 23:23:44 INFO  epoch 24 evaluating [time: 0.19s, valid_score: 0.016700]
Mon 30 Jan 2023 23:23:44 INFO  valid result: 
recall@10 : 0.0071    mrr@10 : 0.0167    ndcg@10 : 0.0084    hit@10 : 0.07    precision@10 : 0.008
Mon 30 Jan 2023 23:23:48 INFO  epoch 25 training [time: 3.44s, train_loss1: 26.4765, train_loss2: 31.1910]
Mon 30 Jan 2023 23:23:48 INFO  epoch 25 evaluating [time: 0.19s, valid_score: 0.016800]
Mon 30 Jan 2023 23:23:48 INFO  valid result: 
recall@10 : 0.0073    mrr@10 : 0.0168    ndcg@10 : 0.0084    hit@10 : 0.0721    precision@10 : 0.0082
Mon 30 Jan 2023 23:23:52 INFO  epoch 26 training [time: 3.75s, train_loss1: 26.4524, train_loss2: 31.1915]
Mon 30 Jan 2023 23:23:52 INFO  epoch 26 evaluating [time: 0.19s, valid_score: 0.016700]
Mon 30 Jan 2023 23:23:52 INFO  valid result: 
recall@10 : 0.0073    mrr@10 : 0.0167    ndcg@10 : 0.0085    hit@10 : 0.0721    precision@10 : 0.0083
Mon 30 Jan 2023 23:23:55 INFO  epoch 27 training [time: 3.40s, train_loss1: 26.4423, train_loss2: 31.1912]
Mon 30 Jan 2023 23:23:56 INFO  epoch 27 evaluating [time: 0.20s, valid_score: 0.016500]
Mon 30 Jan 2023 23:23:56 INFO  valid result: 
recall@10 : 0.0069    mrr@10 : 0.0165    ndcg@10 : 0.0083    hit@10 : 0.07    precision@10 : 0.0081
Mon 30 Jan 2023 23:23:59 INFO  epoch 28 training [time: 3.78s, train_loss1: 26.4516, train_loss2: 31.1911]
Mon 30 Jan 2023 23:23:59 INFO  epoch 28 evaluating [time: 0.20s, valid_score: 0.016700]
Mon 30 Jan 2023 23:23:59 INFO  valid result: 
recall@10 : 0.0073    mrr@10 : 0.0167    ndcg@10 : 0.0085    hit@10 : 0.071    precision@10 : 0.0082
Mon 30 Jan 2023 23:24:03 INFO  epoch 29 training [time: 3.55s, train_loss1: 26.4361, train_loss2: 31.1910]
Mon 30 Jan 2023 23:24:03 INFO  epoch 29 evaluating [time: 0.19s, valid_score: 0.016600]
Mon 30 Jan 2023 23:24:03 INFO  valid result: 
recall@10 : 0.0072    mrr@10 : 0.0166    ndcg@10 : 0.0084    hit@10 : 0.071    precision@10 : 0.0082
Mon 30 Jan 2023 23:24:07 INFO  epoch 30 training [time: 3.40s, train_loss1: 26.4161, train_loss2: 31.1913]
Mon 30 Jan 2023 23:24:07 INFO  epoch 30 evaluating [time: 0.19s, valid_score: 0.016500]
Mon 30 Jan 2023 23:24:07 INFO  valid result: 
recall@10 : 0.0073    mrr@10 : 0.0165    ndcg@10 : 0.0085    hit@10 : 0.0721    precision@10 : 0.0083
Mon 30 Jan 2023 23:24:10 INFO  epoch 31 training [time: 3.55s, train_loss1: 26.4019, train_loss2: 31.1910]
Mon 30 Jan 2023 23:24:11 INFO  epoch 31 evaluating [time: 0.19s, valid_score: 0.017000]
Mon 30 Jan 2023 23:24:11 INFO  valid result: 
recall@10 : 0.0081    mrr@10 : 0.017    ndcg@10 : 0.0089    hit@10 : 0.0764    precision@10 : 0.0087
Mon 30 Jan 2023 23:24:11 INFO  Saving current: saved/KGAT-Jan-30-2023_23-22-06.pth
Mon 30 Jan 2023 23:24:14 INFO  epoch 32 training [time: 3.54s, train_loss1: 26.3957, train_loss2: 31.1908]
Mon 30 Jan 2023 23:24:14 INFO  epoch 32 evaluating [time: 0.20s, valid_score: 0.016800]
Mon 30 Jan 2023 23:24:14 INFO  valid result: 
recall@10 : 0.0077    mrr@10 : 0.0168    ndcg@10 : 0.0087    hit@10 : 0.0732    precision@10 : 0.0084
Mon 30 Jan 2023 23:24:18 INFO  epoch 33 training [time: 3.54s, train_loss1: 26.3994, train_loss2: 31.1910]
Mon 30 Jan 2023 23:24:18 INFO  epoch 33 evaluating [time: 0.20s, valid_score: 0.017300]
Mon 30 Jan 2023 23:24:18 INFO  valid result: 
recall@10 : 0.0082    mrr@10 : 0.0173    ndcg@10 : 0.0091    hit@10 : 0.0795    precision@10 : 0.009
Mon 30 Jan 2023 23:24:18 INFO  Saving current: saved/KGAT-Jan-30-2023_23-22-06.pth
Mon 30 Jan 2023 23:24:22 INFO  epoch 34 training [time: 3.53s, train_loss1: 26.3811, train_loss2: 31.1908]
Mon 30 Jan 2023 23:24:22 INFO  epoch 34 evaluating [time: 0.19s, valid_score: 0.016900]
Mon 30 Jan 2023 23:24:22 INFO  valid result: 
recall@10 : 0.008    mrr@10 : 0.0169    ndcg@10 : 0.0089    hit@10 : 0.0774    precision@10 : 0.0088
Mon 30 Jan 2023 23:24:25 INFO  epoch 35 training [time: 3.39s, train_loss1: 26.3718, train_loss2: 31.1904]
Mon 30 Jan 2023 23:24:25 INFO  epoch 35 evaluating [time: 0.19s, valid_score: 0.017300]
Mon 30 Jan 2023 23:24:25 INFO  valid result: 
recall@10 : 0.0082    mrr@10 : 0.0173    ndcg@10 : 0.009    hit@10 : 0.0785    precision@10 : 0.0089
Mon 30 Jan 2023 23:24:25 INFO  Saving current: saved/KGAT-Jan-30-2023_23-22-06.pth
Mon 30 Jan 2023 23:24:29 INFO  epoch 36 training [time: 3.57s, train_loss1: 26.3629, train_loss2: 31.1907]
Mon 30 Jan 2023 23:24:29 INFO  epoch 36 evaluating [time: 0.20s, valid_score: 0.017500]
Mon 30 Jan 2023 23:24:29 INFO  valid result: 
recall@10 : 0.0083    mrr@10 : 0.0175    ndcg@10 : 0.0092    hit@10 : 0.0795    precision@10 : 0.009
Mon 30 Jan 2023 23:24:29 INFO  Saving current: saved/KGAT-Jan-30-2023_23-22-06.pth
Mon 30 Jan 2023 23:24:33 INFO  epoch 37 training [time: 3.43s, train_loss1: 26.3465, train_loss2: 31.1904]
Mon 30 Jan 2023 23:24:33 INFO  epoch 37 evaluating [time: 0.20s, valid_score: 0.018100]
Mon 30 Jan 2023 23:24:33 INFO  valid result: 
recall@10 : 0.0084    mrr@10 : 0.0181    ndcg@10 : 0.0093    hit@10 : 0.0806    precision@10 : 0.0091
Mon 30 Jan 2023 23:24:33 INFO  Saving current: saved/KGAT-Jan-30-2023_23-22-06.pth
Mon 30 Jan 2023 23:24:37 INFO  epoch 38 training [time: 3.70s, train_loss1: 26.3251, train_loss2: 31.1906]
Mon 30 Jan 2023 23:24:37 INFO  epoch 38 evaluating [time: 0.19s, valid_score: 0.018100]
Mon 30 Jan 2023 23:24:37 INFO  valid result: 
recall@10 : 0.0082    mrr@10 : 0.0181    ndcg@10 : 0.0093    hit@10 : 0.0806    precision@10 : 0.0091
Mon 30 Jan 2023 23:24:37 INFO  Saving current: saved/KGAT-Jan-30-2023_23-22-06.pth
Mon 30 Jan 2023 23:24:40 INFO  epoch 39 training [time: 3.56s, train_loss1: 26.3349, train_loss2: 31.1906]
Mon 30 Jan 2023 23:24:41 INFO  epoch 39 evaluating [time: 0.20s, valid_score: 0.017900]
Mon 30 Jan 2023 23:24:41 INFO  valid result: 
recall@10 : 0.0084    mrr@10 : 0.0179    ndcg@10 : 0.0092    hit@10 : 0.0795    precision@10 : 0.009
Mon 30 Jan 2023 23:24:44 INFO  epoch 40 training [time: 3.48s, train_loss1: 26.3119, train_loss2: 31.1901]
Mon 30 Jan 2023 23:24:44 INFO  epoch 40 evaluating [time: 0.21s, valid_score: 0.018300]
Mon 30 Jan 2023 23:24:44 INFO  valid result: 
recall@10 : 0.0084    mrr@10 : 0.0183    ndcg@10 : 0.0094    hit@10 : 0.0806    precision@10 : 0.0091
Mon 30 Jan 2023 23:24:44 INFO  Saving current: saved/KGAT-Jan-30-2023_23-22-06.pth
Mon 30 Jan 2023 23:24:48 INFO  epoch 41 training [time: 3.47s, train_loss1: 26.3088, train_loss2: 31.1904]
Mon 30 Jan 2023 23:24:48 INFO  epoch 41 evaluating [time: 0.19s, valid_score: 0.018400]
Mon 30 Jan 2023 23:24:48 INFO  valid result: 
recall@10 : 0.0085    mrr@10 : 0.0184    ndcg@10 : 0.0093    hit@10 : 0.0795    precision@10 : 0.009
Mon 30 Jan 2023 23:24:48 INFO  Saving current: saved/KGAT-Jan-30-2023_23-22-06.pth
Mon 30 Jan 2023 23:24:52 INFO  epoch 42 training [time: 3.85s, train_loss1: 26.2941, train_loss2: 31.1900]
Mon 30 Jan 2023 23:24:52 INFO  epoch 42 evaluating [time: 0.25s, valid_score: 0.018400]
Mon 30 Jan 2023 23:24:52 INFO  valid result: 
recall@10 : 0.0084    mrr@10 : 0.0184    ndcg@10 : 0.0094    hit@10 : 0.0795    precision@10 : 0.0091
Mon 30 Jan 2023 23:24:52 INFO  Saving current: saved/KGAT-Jan-30-2023_23-22-06.pth
Mon 30 Jan 2023 23:24:56 INFO  epoch 43 training [time: 3.83s, train_loss1: 26.2879, train_loss2: 31.1904]
Mon 30 Jan 2023 23:24:56 INFO  epoch 43 evaluating [time: 0.19s, valid_score: 0.018300]
Mon 30 Jan 2023 23:24:56 INFO  valid result: 
recall@10 : 0.0085    mrr@10 : 0.0183    ndcg@10 : 0.0095    hit@10 : 0.0795    precision@10 : 0.0092
Mon 30 Jan 2023 23:25:00 INFO  epoch 44 training [time: 3.37s, train_loss1: 26.2880, train_loss2: 31.1903]
Mon 30 Jan 2023 23:25:00 INFO  epoch 44 evaluating [time: 0.19s, valid_score: 0.018400]
Mon 30 Jan 2023 23:25:00 INFO  valid result: 
recall@10 : 0.0086    mrr@10 : 0.0184    ndcg@10 : 0.0095    hit@10 : 0.0795    precision@10 : 0.0092
Mon 30 Jan 2023 23:25:00 INFO  Saving current: saved/KGAT-Jan-30-2023_23-22-06.pth
Mon 30 Jan 2023 23:25:03 INFO  epoch 45 training [time: 3.36s, train_loss1: 26.2680, train_loss2: 31.1900]
Mon 30 Jan 2023 23:25:03 INFO  epoch 45 evaluating [time: 0.19s, valid_score: 0.018700]
Mon 30 Jan 2023 23:25:03 INFO  valid result: 
recall@10 : 0.0089    mrr@10 : 0.0187    ndcg@10 : 0.0097    hit@10 : 0.0817    precision@10 : 0.0094
Mon 30 Jan 2023 23:25:03 INFO  Saving current: saved/KGAT-Jan-30-2023_23-22-06.pth
Mon 30 Jan 2023 23:25:07 INFO  epoch 46 training [time: 3.33s, train_loss1: 26.2645, train_loss2: 31.1899]
Mon 30 Jan 2023 23:25:07 INFO  epoch 46 evaluating [time: 0.19s, valid_score: 0.018700]
Mon 30 Jan 2023 23:25:07 INFO  valid result: 
recall@10 : 0.009    mrr@10 : 0.0187    ndcg@10 : 0.0097    hit@10 : 0.0817    precision@10 : 0.0094
Mon 30 Jan 2023 23:25:07 INFO  Saving current: saved/KGAT-Jan-30-2023_23-22-06.pth
Mon 30 Jan 2023 23:25:11 INFO  epoch 47 training [time: 3.57s, train_loss1: 26.2598, train_loss2: 31.1896]
Mon 30 Jan 2023 23:25:11 INFO  epoch 47 evaluating [time: 0.19s, valid_score: 0.018800]
Mon 30 Jan 2023 23:25:11 INFO  valid result: 
recall@10 : 0.0089    mrr@10 : 0.0188    ndcg@10 : 0.0096    hit@10 : 0.0817    precision@10 : 0.0093
Mon 30 Jan 2023 23:25:11 INFO  Saving current: saved/KGAT-Jan-30-2023_23-22-06.pth
Mon 30 Jan 2023 23:25:14 INFO  epoch 48 training [time: 3.56s, train_loss1: 26.2338, train_loss2: 31.1891]
Mon 30 Jan 2023 23:25:15 INFO  epoch 48 evaluating [time: 0.19s, valid_score: 0.018900]
Mon 30 Jan 2023 23:25:15 INFO  valid result: 
recall@10 : 0.0091    mrr@10 : 0.0189    ndcg@10 : 0.0098    hit@10 : 0.0827    precision@10 : 0.0094
Mon 30 Jan 2023 23:25:15 INFO  Saving current: saved/KGAT-Jan-30-2023_23-22-06.pth
Mon 30 Jan 2023 23:25:18 INFO  epoch 49 training [time: 3.36s, train_loss1: 26.2469, train_loss2: 31.1898]
Mon 30 Jan 2023 23:25:18 INFO  epoch 49 evaluating [time: 0.19s, valid_score: 0.019000]
Mon 30 Jan 2023 23:25:18 INFO  valid result: 
recall@10 : 0.009    mrr@10 : 0.019    ndcg@10 : 0.0098    hit@10 : 0.0827    precision@10 : 0.0095
Mon 30 Jan 2023 23:25:18 INFO  Saving current: saved/KGAT-Jan-30-2023_23-22-06.pth
Mon 30 Jan 2023 23:25:22 INFO  epoch 50 training [time: 3.35s, train_loss1: 26.2279, train_loss2: 31.1894]
Mon 30 Jan 2023 23:25:22 INFO  epoch 50 evaluating [time: 0.19s, valid_score: 0.019400]
Mon 30 Jan 2023 23:25:22 INFO  valid result: 
recall@10 : 0.0093    mrr@10 : 0.0194    ndcg@10 : 0.01    hit@10 : 0.0848    precision@10 : 0.0097
Mon 30 Jan 2023 23:25:22 INFO  Saving current: saved/KGAT-Jan-30-2023_23-22-06.pth
Mon 30 Jan 2023 23:25:25 INFO  epoch 51 training [time: 3.47s, train_loss1: 26.2060, train_loss2: 31.1896]
Mon 30 Jan 2023 23:25:25 INFO  epoch 51 evaluating [time: 0.19s, valid_score: 0.019500]
Mon 30 Jan 2023 23:25:25 INFO  valid result: 
recall@10 : 0.0093    mrr@10 : 0.0195    ndcg@10 : 0.0101    hit@10 : 0.0848    precision@10 : 0.0097
Mon 30 Jan 2023 23:25:25 INFO  Saving current: saved/KGAT-Jan-30-2023_23-22-06.pth
Mon 30 Jan 2023 23:25:29 INFO  epoch 52 training [time: 3.47s, train_loss1: 26.2064, train_loss2: 31.1897]
Mon 30 Jan 2023 23:25:29 INFO  epoch 52 evaluating [time: 0.19s, valid_score: 0.019200]
Mon 30 Jan 2023 23:25:29 INFO  valid result: 
recall@10 : 0.0093    mrr@10 : 0.0192    ndcg@10 : 0.01    hit@10 : 0.0848    precision@10 : 0.0097
Mon 30 Jan 2023 23:25:33 INFO  epoch 53 training [time: 3.53s, train_loss1: 26.1946, train_loss2: 31.1896]
Mon 30 Jan 2023 23:25:33 INFO  epoch 53 evaluating [time: 0.19s, valid_score: 0.019500]
Mon 30 Jan 2023 23:25:33 INFO  valid result: 
recall@10 : 0.0093    mrr@10 : 0.0195    ndcg@10 : 0.0101    hit@10 : 0.0859    precision@10 : 0.0098
Mon 30 Jan 2023 23:25:33 INFO  Saving current: saved/KGAT-Jan-30-2023_23-22-06.pth
Mon 30 Jan 2023 23:25:36 INFO  epoch 54 training [time: 3.37s, train_loss1: 26.1773, train_loss2: 31.1888]
Mon 30 Jan 2023 23:25:36 INFO  epoch 54 evaluating [time: 0.19s, valid_score: 0.019300]
Mon 30 Jan 2023 23:25:36 INFO  valid result: 
recall@10 : 0.0092    mrr@10 : 0.0193    ndcg@10 : 0.01    hit@10 : 0.0848    precision@10 : 0.0097
Mon 30 Jan 2023 23:25:40 INFO  epoch 55 training [time: 3.40s, train_loss1: 26.1904, train_loss2: 31.1890]
Mon 30 Jan 2023 23:25:40 INFO  epoch 55 evaluating [time: 0.20s, valid_score: 0.020200]
Mon 30 Jan 2023 23:25:40 INFO  valid result: 
recall@10 : 0.0092    mrr@10 : 0.0202    ndcg@10 : 0.0103    hit@10 : 0.0848    precision@10 : 0.0097
Mon 30 Jan 2023 23:25:40 INFO  Saving current: saved/KGAT-Jan-30-2023_23-22-06.pth
Mon 30 Jan 2023 23:25:44 INFO  epoch 56 training [time: 3.39s, train_loss1: 26.1778, train_loss2: 31.1891]
Mon 30 Jan 2023 23:25:44 INFO  epoch 56 evaluating [time: 0.20s, valid_score: 0.019600]
Mon 30 Jan 2023 23:25:44 INFO  valid result: 
recall@10 : 0.0093    mrr@10 : 0.0196    ndcg@10 : 0.0101    hit@10 : 0.0859    precision@10 : 0.0098
Mon 30 Jan 2023 23:25:47 INFO  epoch 57 training [time: 3.54s, train_loss1: 26.1634, train_loss2: 31.1891]
Mon 30 Jan 2023 23:25:47 INFO  epoch 57 evaluating [time: 0.19s, valid_score: 0.020700]
Mon 30 Jan 2023 23:25:47 INFO  valid result: 
recall@10 : 0.0094    mrr@10 : 0.0207    ndcg@10 : 0.0105    hit@10 : 0.088    precision@10 : 0.01
Mon 30 Jan 2023 23:25:47 INFO  Saving current: saved/KGAT-Jan-30-2023_23-22-06.pth
Mon 30 Jan 2023 23:25:51 INFO  epoch 58 training [time: 3.69s, train_loss1: 26.1311, train_loss2: 31.1890]
Mon 30 Jan 2023 23:25:51 INFO  epoch 58 evaluating [time: 0.21s, valid_score: 0.020600]
Mon 30 Jan 2023 23:25:51 INFO  valid result: 
recall@10 : 0.0093    mrr@10 : 0.0206    ndcg@10 : 0.0104    hit@10 : 0.087    precision@10 : 0.0099
Mon 30 Jan 2023 23:25:55 INFO  epoch 59 training [time: 3.64s, train_loss1: 26.1555, train_loss2: 31.1889]
Mon 30 Jan 2023 23:25:55 INFO  epoch 59 evaluating [time: 0.19s, valid_score: 0.020500]
Mon 30 Jan 2023 23:25:55 INFO  valid result: 
recall@10 : 0.0098    mrr@10 : 0.0205    ndcg@10 : 0.0105    hit@10 : 0.087    precision@10 : 0.0099
Mon 30 Jan 2023 23:25:59 INFO  epoch 60 training [time: 3.62s, train_loss1: 26.1290, train_loss2: 31.1889]
Mon 30 Jan 2023 23:25:59 INFO  epoch 60 evaluating [time: 0.19s, valid_score: 0.020600]
Mon 30 Jan 2023 23:25:59 INFO  valid result: 
recall@10 : 0.0097    mrr@10 : 0.0206    ndcg@10 : 0.0104    hit@10 : 0.0859    precision@10 : 0.0097
Mon 30 Jan 2023 23:26:02 INFO  epoch 61 training [time: 3.34s, train_loss1: 26.1195, train_loss2: 31.1887]
Mon 30 Jan 2023 23:26:03 INFO  epoch 61 evaluating [time: 0.19s, valid_score: 0.021100]
Mon 30 Jan 2023 23:26:03 INFO  valid result: 
recall@10 : 0.0097    mrr@10 : 0.0211    ndcg@10 : 0.0107    hit@10 : 0.0859    precision@10 : 0.0098
Mon 30 Jan 2023 23:26:03 INFO  Saving current: saved/KGAT-Jan-30-2023_23-22-06.pth
Mon 30 Jan 2023 23:26:06 INFO  epoch 62 training [time: 3.40s, train_loss1: 26.1179, train_loss2: 31.1885]
Mon 30 Jan 2023 23:26:06 INFO  epoch 62 evaluating [time: 0.19s, valid_score: 0.021000]
Mon 30 Jan 2023 23:26:06 INFO  valid result: 
recall@10 : 0.0098    mrr@10 : 0.021    ndcg@10 : 0.0106    hit@10 : 0.088    precision@10 : 0.0099
Mon 30 Jan 2023 23:26:10 INFO  epoch 63 training [time: 3.62s, train_loss1: 26.0998, train_loss2: 31.1883]
Mon 30 Jan 2023 23:26:10 INFO  epoch 63 evaluating [time: 0.21s, valid_score: 0.020700]
Mon 30 Jan 2023 23:26:10 INFO  valid result: 
recall@10 : 0.0098    mrr@10 : 0.0207    ndcg@10 : 0.0104    hit@10 : 0.087    precision@10 : 0.0097
Mon 30 Jan 2023 23:26:13 INFO  epoch 64 training [time: 3.47s, train_loss1: 26.1059, train_loss2: 31.1885]
Mon 30 Jan 2023 23:26:14 INFO  epoch 64 evaluating [time: 0.19s, valid_score: 0.020400]
Mon 30 Jan 2023 23:26:14 INFO  valid result: 
recall@10 : 0.0098    mrr@10 : 0.0204    ndcg@10 : 0.0104    hit@10 : 0.0859    precision@10 : 0.0097
Mon 30 Jan 2023 23:26:17 INFO  epoch 65 training [time: 3.70s, train_loss1: 26.1020, train_loss2: 31.1884]
Mon 30 Jan 2023 23:26:18 INFO  epoch 65 evaluating [time: 0.19s, valid_score: 0.020700]
Mon 30 Jan 2023 23:26:18 INFO  valid result: 
recall@10 : 0.01    mrr@10 : 0.0207    ndcg@10 : 0.0106    hit@10 : 0.0901    precision@10 : 0.0101
Mon 30 Jan 2023 23:26:21 INFO  epoch 66 training [time: 3.53s, train_loss1: 26.0815, train_loss2: 31.1882]
Mon 30 Jan 2023 23:26:21 INFO  epoch 66 evaluating [time: 0.20s, valid_score: 0.020600]
Mon 30 Jan 2023 23:26:21 INFO  valid result: 
recall@10 : 0.0099    mrr@10 : 0.0206    ndcg@10 : 0.0105    hit@10 : 0.087    precision@10 : 0.0098
Mon 30 Jan 2023 23:26:25 INFO  epoch 67 training [time: 3.35s, train_loss1: 26.0786, train_loss2: 31.1882]
Mon 30 Jan 2023 23:26:25 INFO  epoch 67 evaluating [time: 0.19s, valid_score: 0.021000]
Mon 30 Jan 2023 23:26:25 INFO  valid result: 
recall@10 : 0.0098    mrr@10 : 0.021    ndcg@10 : 0.0106    hit@10 : 0.088    precision@10 : 0.0099
Mon 30 Jan 2023 23:26:28 INFO  epoch 68 training [time: 3.50s, train_loss1: 26.0772, train_loss2: 31.1880]
Mon 30 Jan 2023 23:26:29 INFO  epoch 68 evaluating [time: 0.19s, valid_score: 0.020900]
Mon 30 Jan 2023 23:26:29 INFO  valid result: 
recall@10 : 0.0096    mrr@10 : 0.0209    ndcg@10 : 0.0105    hit@10 : 0.0859    precision@10 : 0.0097
Mon 30 Jan 2023 23:26:32 INFO  epoch 69 training [time: 3.48s, train_loss1: 26.0499, train_loss2: 31.1877]
Mon 30 Jan 2023 23:26:32 INFO  epoch 69 evaluating [time: 0.19s, valid_score: 0.021500]
Mon 30 Jan 2023 23:26:32 INFO  valid result: 
recall@10 : 0.0099    mrr@10 : 0.0215    ndcg@10 : 0.0108    hit@10 : 0.0891    precision@10 : 0.0101
Mon 30 Jan 2023 23:26:32 INFO  Saving current: saved/KGAT-Jan-30-2023_23-22-06.pth
Mon 30 Jan 2023 23:26:36 INFO  epoch 70 training [time: 3.51s, train_loss1: 26.0480, train_loss2: 31.1880]
Mon 30 Jan 2023 23:26:36 INFO  epoch 70 evaluating [time: 0.20s, valid_score: 0.021400]
Mon 30 Jan 2023 23:26:36 INFO  valid result: 
recall@10 : 0.0099    mrr@10 : 0.0214    ndcg@10 : 0.0108    hit@10 : 0.0901    precision@10 : 0.0101
Mon 30 Jan 2023 23:26:40 INFO  epoch 71 training [time: 3.52s, train_loss1: 26.0422, train_loss2: 31.1877]
Mon 30 Jan 2023 23:26:40 INFO  epoch 71 evaluating [time: 0.19s, valid_score: 0.020900]
Mon 30 Jan 2023 23:26:40 INFO  valid result: 
recall@10 : 0.0096    mrr@10 : 0.0209    ndcg@10 : 0.0105    hit@10 : 0.0859    precision@10 : 0.0097
Mon 30 Jan 2023 23:26:43 INFO  epoch 72 training [time: 3.76s, train_loss1: 26.0323, train_loss2: 31.1880]
Mon 30 Jan 2023 23:26:44 INFO  epoch 72 evaluating [time: 0.19s, valid_score: 0.020800]
Mon 30 Jan 2023 23:26:44 INFO  valid result: 
recall@10 : 0.0103    mrr@10 : 0.0208    ndcg@10 : 0.0107    hit@10 : 0.0891    precision@10 : 0.01
Mon 30 Jan 2023 23:26:47 INFO  epoch 73 training [time: 3.37s, train_loss1: 26.0259, train_loss2: 31.1878]
Mon 30 Jan 2023 23:26:47 INFO  epoch 73 evaluating [time: 0.19s, valid_score: 0.021200]
Mon 30 Jan 2023 23:26:47 INFO  valid result: 
recall@10 : 0.0103    mrr@10 : 0.0212    ndcg@10 : 0.0108    hit@10 : 0.0912    precision@10 : 0.0101
Mon 30 Jan 2023 23:26:51 INFO  epoch 74 training [time: 3.67s, train_loss1: 26.0024, train_loss2: 31.1875]
Mon 30 Jan 2023 23:26:51 INFO  epoch 74 evaluating [time: 0.19s, valid_score: 0.021300]
Mon 30 Jan 2023 23:26:51 INFO  valid result: 
recall@10 : 0.0104    mrr@10 : 0.0213    ndcg@10 : 0.011    hit@10 : 0.0923    precision@10 : 0.0103
Mon 30 Jan 2023 23:26:55 INFO  epoch 75 training [time: 3.43s, train_loss1: 25.9956, train_loss2: 31.1875]
Mon 30 Jan 2023 23:26:55 INFO  epoch 75 evaluating [time: 0.19s, valid_score: 0.022000]
Mon 30 Jan 2023 23:26:55 INFO  valid result: 
recall@10 : 0.0105    mrr@10 : 0.022    ndcg@10 : 0.0112    hit@10 : 0.0923    precision@10 : 0.0103
Mon 30 Jan 2023 23:26:55 INFO  Saving current: saved/KGAT-Jan-30-2023_23-22-06.pth
Mon 30 Jan 2023 23:26:58 INFO  epoch 76 training [time: 3.63s, train_loss1: 25.9844, train_loss2: 31.1879]
Mon 30 Jan 2023 23:26:59 INFO  epoch 76 evaluating [time: 0.20s, valid_score: 0.021600]
Mon 30 Jan 2023 23:26:59 INFO  valid result: 
recall@10 : 0.0105    mrr@10 : 0.0216    ndcg@10 : 0.0111    hit@10 : 0.0944    precision@10 : 0.0104
Mon 30 Jan 2023 23:27:02 INFO  epoch 77 training [time: 3.74s, train_loss1: 26.0032, train_loss2: 31.1876]
Mon 30 Jan 2023 23:27:03 INFO  epoch 77 evaluating [time: 0.19s, valid_score: 0.021800]
Mon 30 Jan 2023 23:27:03 INFO  valid result: 
recall@10 : 0.0104    mrr@10 : 0.0218    ndcg@10 : 0.0111    hit@10 : 0.0912    precision@10 : 0.0102
Mon 30 Jan 2023 23:27:06 INFO  epoch 78 training [time: 3.67s, train_loss1: 25.9721, train_loss2: 31.1873]
Mon 30 Jan 2023 23:27:06 INFO  epoch 78 evaluating [time: 0.19s, valid_score: 0.021500]
Mon 30 Jan 2023 23:27:06 INFO  valid result: 
recall@10 : 0.0104    mrr@10 : 0.0215    ndcg@10 : 0.011    hit@10 : 0.0912    precision@10 : 0.0102
Mon 30 Jan 2023 23:27:10 INFO  epoch 79 training [time: 3.67s, train_loss1: 25.9855, train_loss2: 31.1875]
Mon 30 Jan 2023 23:27:10 INFO  epoch 79 evaluating [time: 0.25s, valid_score: 0.021900]
Mon 30 Jan 2023 23:27:10 INFO  valid result: 
recall@10 : 0.0105    mrr@10 : 0.0219    ndcg@10 : 0.0112    hit@10 : 0.0933    precision@10 : 0.0104
Mon 30 Jan 2023 23:27:14 INFO  epoch 80 training [time: 3.99s, train_loss1: 25.9608, train_loss2: 31.1875]
Mon 30 Jan 2023 23:27:15 INFO  epoch 80 evaluating [time: 0.21s, valid_score: 0.022700]
Mon 30 Jan 2023 23:27:15 INFO  valid result: 
recall@10 : 0.0106    mrr@10 : 0.0227    ndcg@10 : 0.0114    hit@10 : 0.0933    precision@10 : 0.0104
Mon 30 Jan 2023 23:27:15 INFO  Saving current: saved/KGAT-Jan-30-2023_23-22-06.pth
Mon 30 Jan 2023 23:27:18 INFO  epoch 81 training [time: 3.65s, train_loss1: 25.9537, train_loss2: 31.1870]
Mon 30 Jan 2023 23:27:18 INFO  epoch 81 evaluating [time: 0.19s, valid_score: 0.021800]
Mon 30 Jan 2023 23:27:18 INFO  valid result: 
recall@10 : 0.0104    mrr@10 : 0.0218    ndcg@10 : 0.0111    hit@10 : 0.0912    precision@10 : 0.0102
Mon 30 Jan 2023 23:27:22 INFO  epoch 82 training [time: 3.57s, train_loss1: 25.9395, train_loss2: 31.1871]
Mon 30 Jan 2023 23:27:22 INFO  epoch 82 evaluating [time: 0.19s, valid_score: 0.022500]
Mon 30 Jan 2023 23:27:22 INFO  valid result: 
recall@10 : 0.0105    mrr@10 : 0.0225    ndcg@10 : 0.0114    hit@10 : 0.0933    precision@10 : 0.0104
Mon 30 Jan 2023 23:27:26 INFO  epoch 83 training [time: 3.36s, train_loss1: 25.9422, train_loss2: 31.1869]
Mon 30 Jan 2023 23:27:26 INFO  epoch 83 evaluating [time: 0.19s, valid_score: 0.022600]
Mon 30 Jan 2023 23:27:26 INFO  valid result: 
recall@10 : 0.0105    mrr@10 : 0.0226    ndcg@10 : 0.0113    hit@10 : 0.0923    precision@10 : 0.0103
Mon 30 Jan 2023 23:27:30 INFO  epoch 84 training [time: 3.78s, train_loss1: 25.9292, train_loss2: 31.1870]
Mon 30 Jan 2023 23:27:30 INFO  epoch 84 evaluating [time: 0.20s, valid_score: 0.023100]
Mon 30 Jan 2023 23:27:30 INFO  valid result: 
recall@10 : 0.0102    mrr@10 : 0.0231    ndcg@10 : 0.0114    hit@10 : 0.0912    precision@10 : 0.0102
Mon 30 Jan 2023 23:27:30 INFO  Saving current: saved/KGAT-Jan-30-2023_23-22-06.pth
Mon 30 Jan 2023 23:27:33 INFO  epoch 85 training [time: 3.68s, train_loss1: 25.9383, train_loss2: 31.1873]
Mon 30 Jan 2023 23:27:34 INFO  epoch 85 evaluating [time: 0.19s, valid_score: 0.023800]
Mon 30 Jan 2023 23:27:34 INFO  valid result: 
recall@10 : 0.0103    mrr@10 : 0.0238    ndcg@10 : 0.0116    hit@10 : 0.0933    precision@10 : 0.0104
Mon 30 Jan 2023 23:27:34 INFO  Saving current: saved/KGAT-Jan-30-2023_23-22-06.pth
Mon 30 Jan 2023 23:27:37 INFO  epoch 86 training [time: 3.42s, train_loss1: 25.9110, train_loss2: 31.1866]
Mon 30 Jan 2023 23:27:37 INFO  epoch 86 evaluating [time: 0.19s, valid_score: 0.023700]
Mon 30 Jan 2023 23:27:37 INFO  valid result: 
recall@10 : 0.0104    mrr@10 : 0.0237    ndcg@10 : 0.0116    hit@10 : 0.0923    precision@10 : 0.0104
Mon 30 Jan 2023 23:27:41 INFO  epoch 87 training [time: 3.41s, train_loss1: 25.8961, train_loss2: 31.1865]
Mon 30 Jan 2023 23:27:41 INFO  epoch 87 evaluating [time: 0.19s, valid_score: 0.024100]
Mon 30 Jan 2023 23:27:41 INFO  valid result: 
recall@10 : 0.0105    mrr@10 : 0.0241    ndcg@10 : 0.0118    hit@10 : 0.0944    precision@10 : 0.0106
Mon 30 Jan 2023 23:27:41 INFO  Saving current: saved/KGAT-Jan-30-2023_23-22-06.pth
Mon 30 Jan 2023 23:27:44 INFO  epoch 88 training [time: 3.41s, train_loss1: 25.8968, train_loss2: 31.1867]
Mon 30 Jan 2023 23:27:45 INFO  epoch 88 evaluating [time: 0.19s, valid_score: 0.024300]
Mon 30 Jan 2023 23:27:45 INFO  valid result: 
recall@10 : 0.0108    mrr@10 : 0.0243    ndcg@10 : 0.0119    hit@10 : 0.0954    precision@10 : 0.0107
Mon 30 Jan 2023 23:27:45 INFO  Saving current: saved/KGAT-Jan-30-2023_23-22-06.pth
Mon 30 Jan 2023 23:27:49 INFO  epoch 89 training [time: 4.40s, train_loss1: 25.8689, train_loss2: 31.1866]
Mon 30 Jan 2023 23:27:49 INFO  epoch 89 evaluating [time: 0.19s, valid_score: 0.024300]
Mon 30 Jan 2023 23:27:49 INFO  valid result: 
recall@10 : 0.0106    mrr@10 : 0.0243    ndcg@10 : 0.0119    hit@10 : 0.0944    precision@10 : 0.0106
Mon 30 Jan 2023 23:27:49 INFO  Saving current: saved/KGAT-Jan-30-2023_23-22-06.pth
Mon 30 Jan 2023 23:27:53 INFO  epoch 90 training [time: 3.66s, train_loss1: 25.8639, train_loss2: 31.1871]
Mon 30 Jan 2023 23:27:53 INFO  epoch 90 evaluating [time: 0.19s, valid_score: 0.024100]
Mon 30 Jan 2023 23:27:53 INFO  valid result: 
recall@10 : 0.0107    mrr@10 : 0.0241    ndcg@10 : 0.0119    hit@10 : 0.0954    precision@10 : 0.0107
Mon 30 Jan 2023 23:27:57 INFO  epoch 91 training [time: 3.82s, train_loss1: 25.8775, train_loss2: 31.1867]
Mon 30 Jan 2023 23:27:57 INFO  epoch 91 evaluating [time: 0.19s, valid_score: 0.024100]
Mon 30 Jan 2023 23:27:57 INFO  valid result: 
recall@10 : 0.0107    mrr@10 : 0.0241    ndcg@10 : 0.0119    hit@10 : 0.0954    precision@10 : 0.0107
Mon 30 Jan 2023 23:28:01 INFO  epoch 92 training [time: 3.52s, train_loss1: 25.8685, train_loss2: 31.1861]
Mon 30 Jan 2023 23:28:01 INFO  epoch 92 evaluating [time: 0.19s, valid_score: 0.023700]
Mon 30 Jan 2023 23:28:01 INFO  valid result: 
recall@10 : 0.0105    mrr@10 : 0.0237    ndcg@10 : 0.0118    hit@10 : 0.0944    precision@10 : 0.0106
Mon 30 Jan 2023 23:28:04 INFO  epoch 93 training [time: 3.67s, train_loss1: 25.8399, train_loss2: 31.1859]
Mon 30 Jan 2023 23:28:05 INFO  epoch 93 evaluating [time: 0.19s, valid_score: 0.023800]
Mon 30 Jan 2023 23:28:05 INFO  valid result: 
recall@10 : 0.0107    mrr@10 : 0.0238    ndcg@10 : 0.0119    hit@10 : 0.0954    precision@10 : 0.0107
Mon 30 Jan 2023 23:28:08 INFO  epoch 94 training [time: 3.60s, train_loss1: 25.8512, train_loss2: 31.1862]
Mon 30 Jan 2023 23:28:08 INFO  epoch 94 evaluating [time: 0.20s, valid_score: 0.024100]
Mon 30 Jan 2023 23:28:08 INFO  valid result: 
recall@10 : 0.0104    mrr@10 : 0.0241    ndcg@10 : 0.0119    hit@10 : 0.0933    precision@10 : 0.0105
Mon 30 Jan 2023 23:28:12 INFO  epoch 95 training [time: 3.51s, train_loss1: 25.8532, train_loss2: 31.1860]
Mon 30 Jan 2023 23:28:12 INFO  epoch 95 evaluating [time: 0.19s, valid_score: 0.024200]
Mon 30 Jan 2023 23:28:12 INFO  valid result: 
recall@10 : 0.0109    mrr@10 : 0.0242    ndcg@10 : 0.0121    hit@10 : 0.0954    precision@10 : 0.0108
Mon 30 Jan 2023 23:28:16 INFO  epoch 96 training [time: 3.73s, train_loss1: 25.8382, train_loss2: 31.1859]
Mon 30 Jan 2023 23:28:16 INFO  epoch 96 evaluating [time: 0.19s, valid_score: 0.023800]
Mon 30 Jan 2023 23:28:16 INFO  valid result: 
recall@10 : 0.0106    mrr@10 : 0.0238    ndcg@10 : 0.0118    hit@10 : 0.0933    precision@10 : 0.0105
Mon 30 Jan 2023 23:28:20 INFO  epoch 97 training [time: 3.55s, train_loss1: 25.8289, train_loss2: 31.1860]
Mon 30 Jan 2023 23:28:20 INFO  epoch 97 evaluating [time: 0.19s, valid_score: 0.024700]
Mon 30 Jan 2023 23:28:20 INFO  valid result: 
recall@10 : 0.0108    mrr@10 : 0.0247    ndcg@10 : 0.0122    hit@10 : 0.0954    precision@10 : 0.0108
Mon 30 Jan 2023 23:28:20 INFO  Saving current: saved/KGAT-Jan-30-2023_23-22-06.pth
Mon 30 Jan 2023 23:28:23 INFO  epoch 98 training [time: 3.40s, train_loss1: 25.8215, train_loss2: 31.1860]
Mon 30 Jan 2023 23:28:23 INFO  epoch 98 evaluating [time: 0.19s, valid_score: 0.024200]
Mon 30 Jan 2023 23:28:23 INFO  valid result: 
recall@10 : 0.0104    mrr@10 : 0.0242    ndcg@10 : 0.012    hit@10 : 0.0933    precision@10 : 0.0106
Mon 30 Jan 2023 23:28:27 INFO  epoch 99 training [time: 3.41s, train_loss1: 25.8179, train_loss2: 31.1856]
Mon 30 Jan 2023 23:28:27 INFO  epoch 99 evaluating [time: 0.19s, valid_score: 0.024500]
Mon 30 Jan 2023 23:28:27 INFO  valid result: 
recall@10 : 0.0109    mrr@10 : 0.0245    ndcg@10 : 0.0123    hit@10 : 0.0976    precision@10 : 0.011
Mon 30 Jan 2023 23:28:31 INFO  epoch 100 training [time: 3.75s, train_loss1: 25.8023, train_loss2: 31.1858]
Mon 30 Jan 2023 23:28:31 INFO  epoch 100 evaluating [time: 0.19s, valid_score: 0.024900]
Mon 30 Jan 2023 23:28:31 INFO  valid result: 
recall@10 : 0.0108    mrr@10 : 0.0249    ndcg@10 : 0.0123    hit@10 : 0.0965    precision@10 : 0.0109
Mon 30 Jan 2023 23:28:31 INFO  Saving current: saved/KGAT-Jan-30-2023_23-22-06.pth
Mon 30 Jan 2023 23:28:35 INFO  epoch 101 training [time: 3.57s, train_loss1: 25.7914, train_loss2: 31.1856]
Mon 30 Jan 2023 23:28:35 INFO  epoch 101 evaluating [time: 0.19s, valid_score: 0.025500]
Mon 30 Jan 2023 23:28:35 INFO  valid result: 
recall@10 : 0.0107    mrr@10 : 0.0255    ndcg@10 : 0.0123    hit@10 : 0.0954    precision@10 : 0.0108
Mon 30 Jan 2023 23:28:35 INFO  Saving current: saved/KGAT-Jan-30-2023_23-22-06.pth
Mon 30 Jan 2023 23:28:38 INFO  epoch 102 training [time: 3.52s, train_loss1: 25.7877, train_loss2: 31.1854]
Mon 30 Jan 2023 23:28:39 INFO  epoch 102 evaluating [time: 0.19s, valid_score: 0.025600]
Mon 30 Jan 2023 23:28:39 INFO  valid result: 
recall@10 : 0.0105    mrr@10 : 0.0256    ndcg@10 : 0.0123    hit@10 : 0.0944    precision@10 : 0.0107
Mon 30 Jan 2023 23:28:39 INFO  Saving current: saved/KGAT-Jan-30-2023_23-22-06.pth
Mon 30 Jan 2023 23:28:42 INFO  epoch 103 training [time: 3.66s, train_loss1: 25.7792, train_loss2: 31.1853]
Mon 30 Jan 2023 23:28:42 INFO  epoch 103 evaluating [time: 0.19s, valid_score: 0.026200]
Mon 30 Jan 2023 23:28:42 INFO  valid result: 
recall@10 : 0.011    mrr@10 : 0.0262    ndcg@10 : 0.0125    hit@10 : 0.0986    precision@10 : 0.011
Mon 30 Jan 2023 23:28:43 INFO  Saving current: saved/KGAT-Jan-30-2023_23-22-06.pth
Mon 30 Jan 2023 23:28:46 INFO  epoch 104 training [time: 3.37s, train_loss1: 25.7611, train_loss2: 31.1855]
Mon 30 Jan 2023 23:28:46 INFO  epoch 104 evaluating [time: 0.19s, valid_score: 0.026200]
Mon 30 Jan 2023 23:28:46 INFO  valid result: 
recall@10 : 0.0111    mrr@10 : 0.0262    ndcg@10 : 0.0126    hit@10 : 0.1007    precision@10 : 0.0112
Mon 30 Jan 2023 23:28:46 INFO  Saving current: saved/KGAT-Jan-30-2023_23-22-06.pth
Mon 30 Jan 2023 23:28:49 INFO  epoch 105 training [time: 3.37s, train_loss1: 25.7688, train_loss2: 31.1853]
Mon 30 Jan 2023 23:28:50 INFO  epoch 105 evaluating [time: 0.19s, valid_score: 0.026400]
Mon 30 Jan 2023 23:28:50 INFO  valid result: 
recall@10 : 0.0112    mrr@10 : 0.0264    ndcg@10 : 0.0127    hit@10 : 0.1007    precision@10 : 0.0112
Mon 30 Jan 2023 23:28:50 INFO  Saving current: saved/KGAT-Jan-30-2023_23-22-06.pth
Mon 30 Jan 2023 23:28:53 INFO  epoch 106 training [time: 3.55s, train_loss1: 25.7447, train_loss2: 31.1849]
Mon 30 Jan 2023 23:28:53 INFO  epoch 106 evaluating [time: 0.19s, valid_score: 0.026000]
Mon 30 Jan 2023 23:28:53 INFO  valid result: 
recall@10 : 0.0111    mrr@10 : 0.026    ndcg@10 : 0.0126    hit@10 : 0.0997    precision@10 : 0.0111
Mon 30 Jan 2023 23:28:57 INFO  epoch 107 training [time: 3.69s, train_loss1: 25.7478, train_loss2: 31.1848]
Mon 30 Jan 2023 23:28:57 INFO  epoch 107 evaluating [time: 0.19s, valid_score: 0.026700]
Mon 30 Jan 2023 23:28:57 INFO  valid result: 
recall@10 : 0.0113    mrr@10 : 0.0267    ndcg@10 : 0.0129    hit@10 : 0.1018    precision@10 : 0.0115
Mon 30 Jan 2023 23:28:57 INFO  Saving current: saved/KGAT-Jan-30-2023_23-22-06.pth
Mon 30 Jan 2023 23:29:01 INFO  epoch 108 training [time: 3.33s, train_loss1: 25.7519, train_loss2: 31.1851]
Mon 30 Jan 2023 23:29:01 INFO  epoch 108 evaluating [time: 0.19s, valid_score: 0.026900]
Mon 30 Jan 2023 23:29:01 INFO  valid result: 
recall@10 : 0.0113    mrr@10 : 0.0269    ndcg@10 : 0.0129    hit@10 : 0.1029    precision@10 : 0.0115
Mon 30 Jan 2023 23:29:01 INFO  Saving current: saved/KGAT-Jan-30-2023_23-22-06.pth
Mon 30 Jan 2023 23:29:05 INFO  epoch 109 training [time: 3.60s, train_loss1: 25.7239, train_loss2: 31.1851]
Mon 30 Jan 2023 23:29:05 INFO  epoch 109 evaluating [time: 0.19s, valid_score: 0.027600]
Mon 30 Jan 2023 23:29:05 INFO  valid result: 
recall@10 : 0.0115    mrr@10 : 0.0276    ndcg@10 : 0.0132    hit@10 : 0.105    precision@10 : 0.0117
Mon 30 Jan 2023 23:29:05 INFO  Saving current: saved/KGAT-Jan-30-2023_23-22-06.pth
Mon 30 Jan 2023 23:29:09 INFO  epoch 110 training [time: 3.80s, train_loss1: 25.7353, train_loss2: 31.1850]
Mon 30 Jan 2023 23:29:09 INFO  epoch 110 evaluating [time: 0.19s, valid_score: 0.027300]
Mon 30 Jan 2023 23:29:09 INFO  valid result: 
recall@10 : 0.0113    mrr@10 : 0.0273    ndcg@10 : 0.013    hit@10 : 0.1029    precision@10 : 0.0115
Mon 30 Jan 2023 23:29:12 INFO  epoch 111 training [time: 3.53s, train_loss1: 25.7147, train_loss2: 31.1849]
Mon 30 Jan 2023 23:29:13 INFO  epoch 111 evaluating [time: 0.19s, valid_score: 0.027600]
Mon 30 Jan 2023 23:29:13 INFO  valid result: 
recall@10 : 0.0111    mrr@10 : 0.0276    ndcg@10 : 0.013    hit@10 : 0.1007    precision@10 : 0.0112
Mon 30 Jan 2023 23:29:13 INFO  Saving current: saved/KGAT-Jan-30-2023_23-22-06.pth
Mon 30 Jan 2023 23:29:16 INFO  epoch 112 training [time: 3.65s, train_loss1: 25.7212, train_loss2: 31.1848]
Mon 30 Jan 2023 23:29:16 INFO  epoch 112 evaluating [time: 0.19s, valid_score: 0.027300]
Mon 30 Jan 2023 23:29:16 INFO  valid result: 
recall@10 : 0.0112    mrr@10 : 0.0273    ndcg@10 : 0.013    hit@10 : 0.1018    precision@10 : 0.0113
Mon 30 Jan 2023 23:29:20 INFO  epoch 113 training [time: 3.57s, train_loss1: 25.7085, train_loss2: 31.1846]
Mon 30 Jan 2023 23:29:20 INFO  epoch 113 evaluating [time: 0.19s, valid_score: 0.027700]
Mon 30 Jan 2023 23:29:20 INFO  valid result: 
recall@10 : 0.0114    mrr@10 : 0.0277    ndcg@10 : 0.0132    hit@10 : 0.105    precision@10 : 0.0117
Mon 30 Jan 2023 23:29:20 INFO  Saving current: saved/KGAT-Jan-30-2023_23-22-06.pth
Mon 30 Jan 2023 23:29:24 INFO  epoch 114 training [time: 3.54s, train_loss1: 25.7114, train_loss2: 31.1848]
Mon 30 Jan 2023 23:29:24 INFO  epoch 114 evaluating [time: 0.19s, valid_score: 0.028400]
Mon 30 Jan 2023 23:29:24 INFO  valid result: 
recall@10 : 0.0116    mrr@10 : 0.0284    ndcg@10 : 0.0134    hit@10 : 0.1071    precision@10 : 0.0119
Mon 30 Jan 2023 23:29:24 INFO  Saving current: saved/KGAT-Jan-30-2023_23-22-06.pth
Mon 30 Jan 2023 23:29:27 INFO  epoch 115 training [time: 3.49s, train_loss1: 25.6850, train_loss2: 31.1847]
Mon 30 Jan 2023 23:29:28 INFO  epoch 115 evaluating [time: 0.19s, valid_score: 0.028000]
Mon 30 Jan 2023 23:29:28 INFO  valid result: 
recall@10 : 0.0114    mrr@10 : 0.028    ndcg@10 : 0.0132    hit@10 : 0.105    precision@10 : 0.0117
Mon 30 Jan 2023 23:29:31 INFO  epoch 116 training [time: 3.59s, train_loss1: 25.6840, train_loss2: 31.1842]
Mon 30 Jan 2023 23:29:31 INFO  epoch 116 evaluating [time: 0.20s, valid_score: 0.028300]
Mon 30 Jan 2023 23:29:31 INFO  valid result: 
recall@10 : 0.0115    mrr@10 : 0.0283    ndcg@10 : 0.0133    hit@10 : 0.105    precision@10 : 0.0117
Mon 30 Jan 2023 23:29:35 INFO  epoch 117 training [time: 3.81s, train_loss1: 25.6868, train_loss2: 31.1848]
Mon 30 Jan 2023 23:29:35 INFO  epoch 117 evaluating [time: 0.19s, valid_score: 0.028100]
Mon 30 Jan 2023 23:29:35 INFO  valid result: 
recall@10 : 0.0116    mrr@10 : 0.0281    ndcg@10 : 0.0134    hit@10 : 0.105    precision@10 : 0.0119
Mon 30 Jan 2023 23:29:39 INFO  epoch 118 training [time: 3.74s, train_loss1: 25.6622, train_loss2: 31.1842]
Mon 30 Jan 2023 23:29:39 INFO  epoch 118 evaluating [time: 0.19s, valid_score: 0.028700]
Mon 30 Jan 2023 23:29:39 INFO  valid result: 
recall@10 : 0.0115    mrr@10 : 0.0287    ndcg@10 : 0.0135    hit@10 : 0.105    precision@10 : 0.0119
Mon 30 Jan 2023 23:29:39 INFO  Saving current: saved/KGAT-Jan-30-2023_23-22-06.pth
Mon 30 Jan 2023 23:29:43 INFO  epoch 119 training [time: 3.64s, train_loss1: 25.6692, train_loss2: 31.1842]
Mon 30 Jan 2023 23:29:43 INFO  epoch 119 evaluating [time: 0.19s, valid_score: 0.029500]
Mon 30 Jan 2023 23:29:43 INFO  valid result: 
recall@10 : 0.0114    mrr@10 : 0.0295    ndcg@10 : 0.0137    hit@10 : 0.105    precision@10 : 0.0117
Mon 30 Jan 2023 23:29:43 INFO  Saving current: saved/KGAT-Jan-30-2023_23-22-06.pth
Mon 30 Jan 2023 23:29:47 INFO  epoch 120 training [time: 3.60s, train_loss1: 25.6374, train_loss2: 31.1843]
Mon 30 Jan 2023 23:29:47 INFO  epoch 120 evaluating [time: 0.19s, valid_score: 0.029300]
Mon 30 Jan 2023 23:29:47 INFO  valid result: 
recall@10 : 0.0112    mrr@10 : 0.0293    ndcg@10 : 0.0134    hit@10 : 0.1039    precision@10 : 0.0117
Mon 30 Jan 2023 23:29:51 INFO  epoch 121 training [time: 3.44s, train_loss1: 25.6443, train_loss2: 31.1843]
Mon 30 Jan 2023 23:29:51 INFO  epoch 121 evaluating [time: 0.19s, valid_score: 0.029200]
Mon 30 Jan 2023 23:29:51 INFO  valid result: 
recall@10 : 0.0112    mrr@10 : 0.0292    ndcg@10 : 0.0135    hit@10 : 0.105    precision@10 : 0.0118
Mon 30 Jan 2023 23:29:54 INFO  epoch 122 training [time: 3.55s, train_loss1: 25.6410, train_loss2: 31.1839]
Mon 30 Jan 2023 23:29:54 INFO  epoch 122 evaluating [time: 0.19s, valid_score: 0.029300]
Mon 30 Jan 2023 23:29:54 INFO  valid result: 
recall@10 : 0.0113    mrr@10 : 0.0293    ndcg@10 : 0.0134    hit@10 : 0.106    precision@10 : 0.0118
Mon 30 Jan 2023 23:29:58 INFO  epoch 123 training [time: 3.70s, train_loss1: 25.6327, train_loss2: 31.1836]
Mon 30 Jan 2023 23:29:58 INFO  epoch 123 evaluating [time: 0.19s, valid_score: 0.030500]
Mon 30 Jan 2023 23:29:58 INFO  valid result: 
recall@10 : 0.0114    mrr@10 : 0.0305    ndcg@10 : 0.0139    hit@10 : 0.1082    precision@10 : 0.012
Mon 30 Jan 2023 23:29:58 INFO  Saving current: saved/KGAT-Jan-30-2023_23-22-06.pth
Mon 30 Jan 2023 23:30:02 INFO  epoch 124 training [time: 3.72s, train_loss1: 25.6279, train_loss2: 31.1839]
Mon 30 Jan 2023 23:30:02 INFO  epoch 124 evaluating [time: 0.24s, valid_score: 0.029800]
Mon 30 Jan 2023 23:30:02 INFO  valid result: 
recall@10 : 0.0113    mrr@10 : 0.0298    ndcg@10 : 0.0138    hit@10 : 0.1082    precision@10 : 0.012
Mon 30 Jan 2023 23:30:06 INFO  epoch 125 training [time: 3.35s, train_loss1: 25.6285, train_loss2: 31.1835]
Mon 30 Jan 2023 23:30:06 INFO  epoch 125 evaluating [time: 0.19s, valid_score: 0.030400]
Mon 30 Jan 2023 23:30:06 INFO  valid result: 
recall@10 : 0.0116    mrr@10 : 0.0304    ndcg@10 : 0.0141    hit@10 : 0.1103    precision@10 : 0.0123
Mon 30 Jan 2023 23:30:09 INFO  epoch 126 training [time: 3.40s, train_loss1: 25.6283, train_loss2: 31.1835]
Mon 30 Jan 2023 23:30:10 INFO  epoch 126 evaluating [time: 0.19s, valid_score: 0.030300]
Mon 30 Jan 2023 23:30:10 INFO  valid result: 
recall@10 : 0.0115    mrr@10 : 0.0303    ndcg@10 : 0.0141    hit@10 : 0.1082    precision@10 : 0.0122
Mon 30 Jan 2023 23:30:13 INFO  epoch 127 training [time: 3.51s, train_loss1: 25.6337, train_loss2: 31.1834]
Mon 30 Jan 2023 23:30:13 INFO  epoch 127 evaluating [time: 0.19s, valid_score: 0.030700]
Mon 30 Jan 2023 23:30:13 INFO  valid result: 
recall@10 : 0.0117    mrr@10 : 0.0307    ndcg@10 : 0.0141    hit@10 : 0.1103    precision@10 : 0.0122
Mon 30 Jan 2023 23:30:13 INFO  Saving current: saved/KGAT-Jan-30-2023_23-22-06.pth
Mon 30 Jan 2023 23:30:17 INFO  epoch 128 training [time: 3.53s, train_loss1: 25.6049, train_loss2: 31.1836]
Mon 30 Jan 2023 23:30:17 INFO  epoch 128 evaluating [time: 0.25s, valid_score: 0.030500]
Mon 30 Jan 2023 23:30:17 INFO  valid result: 
recall@10 : 0.0117    mrr@10 : 0.0305    ndcg@10 : 0.0141    hit@10 : 0.1103    precision@10 : 0.0123
Mon 30 Jan 2023 23:30:21 INFO  epoch 129 training [time: 3.62s, train_loss1: 25.5925, train_loss2: 31.1838]
Mon 30 Jan 2023 23:30:21 INFO  epoch 129 evaluating [time: 0.20s, valid_score: 0.029900]
Mon 30 Jan 2023 23:30:21 INFO  valid result: 
recall@10 : 0.012    mrr@10 : 0.0299    ndcg@10 : 0.014    hit@10 : 0.1124    precision@10 : 0.0124
Mon 30 Jan 2023 23:30:24 INFO  epoch 130 training [time: 3.35s, train_loss1: 25.5844, train_loss2: 31.1835]
Mon 30 Jan 2023 23:30:24 INFO  epoch 130 evaluating [time: 0.19s, valid_score: 0.030800]
Mon 30 Jan 2023 23:30:24 INFO  valid result: 
recall@10 : 0.012    mrr@10 : 0.0308    ndcg@10 : 0.0143    hit@10 : 0.1103    precision@10 : 0.0124
Mon 30 Jan 2023 23:30:24 INFO  Saving current: saved/KGAT-Jan-30-2023_23-22-06.pth
Mon 30 Jan 2023 23:30:28 INFO  epoch 131 training [time: 3.58s, train_loss1: 25.5905, train_loss2: 31.1833]
Mon 30 Jan 2023 23:30:28 INFO  epoch 131 evaluating [time: 0.19s, valid_score: 0.030800]
Mon 30 Jan 2023 23:30:28 INFO  valid result: 
recall@10 : 0.012    mrr@10 : 0.0308    ndcg@10 : 0.0144    hit@10 : 0.1135    precision@10 : 0.0126
Mon 30 Jan 2023 23:30:28 INFO  Saving current: saved/KGAT-Jan-30-2023_23-22-06.pth
Mon 30 Jan 2023 23:30:32 INFO  epoch 132 training [time: 3.45s, train_loss1: 25.5920, train_loss2: 31.1830]
Mon 30 Jan 2023 23:30:32 INFO  epoch 132 evaluating [time: 0.20s, valid_score: 0.031100]
Mon 30 Jan 2023 23:30:32 INFO  valid result: 
recall@10 : 0.0122    mrr@10 : 0.0311    ndcg@10 : 0.0145    hit@10 : 0.1145    precision@10 : 0.0127
Mon 30 Jan 2023 23:30:32 INFO  Saving current: saved/KGAT-Jan-30-2023_23-22-06.pth
Mon 30 Jan 2023 23:30:35 INFO  epoch 133 training [time: 3.51s, train_loss1: 25.5754, train_loss2: 31.1830]
Mon 30 Jan 2023 23:30:36 INFO  epoch 133 evaluating [time: 0.19s, valid_score: 0.031700]
Mon 30 Jan 2023 23:30:36 INFO  valid result: 
recall@10 : 0.0121    mrr@10 : 0.0317    ndcg@10 : 0.0146    hit@10 : 0.1135    precision@10 : 0.0126
Mon 30 Jan 2023 23:30:36 INFO  Saving current: saved/KGAT-Jan-30-2023_23-22-06.pth
Mon 30 Jan 2023 23:30:39 INFO  epoch 134 training [time: 3.41s, train_loss1: 25.5567, train_loss2: 31.1829]
Mon 30 Jan 2023 23:30:39 INFO  epoch 134 evaluating [time: 0.20s, valid_score: 0.031000]
Mon 30 Jan 2023 23:30:39 INFO  valid result: 
recall@10 : 0.012    mrr@10 : 0.031    ndcg@10 : 0.0144    hit@10 : 0.1124    precision@10 : 0.0126
Mon 30 Jan 2023 23:30:43 INFO  epoch 135 training [time: 3.48s, train_loss1: 25.5583, train_loss2: 31.1831]
Mon 30 Jan 2023 23:30:43 INFO  epoch 135 evaluating [time: 0.19s, valid_score: 0.031000]
Mon 30 Jan 2023 23:30:43 INFO  valid result: 
recall@10 : 0.012    mrr@10 : 0.031    ndcg@10 : 0.0144    hit@10 : 0.1113    precision@10 : 0.0125
Mon 30 Jan 2023 23:30:46 INFO  epoch 136 training [time: 3.38s, train_loss1: 25.5620, train_loss2: 31.1832]
Mon 30 Jan 2023 23:30:47 INFO  epoch 136 evaluating [time: 0.19s, valid_score: 0.031200]
Mon 30 Jan 2023 23:30:47 INFO  valid result: 
recall@10 : 0.0127    mrr@10 : 0.0312    ndcg@10 : 0.0149    hit@10 : 0.1156    precision@10 : 0.013
Mon 30 Jan 2023 23:30:50 INFO  epoch 137 training [time: 3.44s, train_loss1: 25.5606, train_loss2: 31.1825]
Mon 30 Jan 2023 23:30:50 INFO  epoch 137 evaluating [time: 0.19s, valid_score: 0.032300]
Mon 30 Jan 2023 23:30:50 INFO  valid result: 
recall@10 : 0.0127    mrr@10 : 0.0323    ndcg@10 : 0.0151    hit@10 : 0.1166    precision@10 : 0.0131
Mon 30 Jan 2023 23:30:50 INFO  Saving current: saved/KGAT-Jan-30-2023_23-22-06.pth
Mon 30 Jan 2023 23:30:54 INFO  epoch 138 training [time: 3.37s, train_loss1: 25.5395, train_loss2: 31.1828]
Mon 30 Jan 2023 23:30:54 INFO  epoch 138 evaluating [time: 0.19s, valid_score: 0.032000]
Mon 30 Jan 2023 23:30:54 INFO  valid result: 
recall@10 : 0.0121    mrr@10 : 0.032    ndcg@10 : 0.0147    hit@10 : 0.1124    precision@10 : 0.0126
Mon 30 Jan 2023 23:30:57 INFO  epoch 139 training [time: 3.41s, train_loss1: 25.5442, train_loss2: 31.1828]
Mon 30 Jan 2023 23:30:57 INFO  epoch 139 evaluating [time: 0.19s, valid_score: 0.032100]
Mon 30 Jan 2023 23:30:57 INFO  valid result: 
recall@10 : 0.0123    mrr@10 : 0.0321    ndcg@10 : 0.0149    hit@10 : 0.1145    precision@10 : 0.013
Mon 30 Jan 2023 23:31:01 INFO  epoch 140 training [time: 3.47s, train_loss1: 25.5241, train_loss2: 31.1823]
Mon 30 Jan 2023 23:31:01 INFO  epoch 140 evaluating [time: 0.21s, valid_score: 0.031300]
Mon 30 Jan 2023 23:31:01 INFO  valid result: 
recall@10 : 0.0123    mrr@10 : 0.0313    ndcg@10 : 0.0147    hit@10 : 0.1156    precision@10 : 0.013
Mon 30 Jan 2023 23:31:04 INFO  epoch 141 training [time: 3.41s, train_loss1: 25.5198, train_loss2: 31.1830]
Mon 30 Jan 2023 23:31:05 INFO  epoch 141 evaluating [time: 0.19s, valid_score: 0.032600]
Mon 30 Jan 2023 23:31:05 INFO  valid result: 
recall@10 : 0.0123    mrr@10 : 0.0326    ndcg@10 : 0.015    hit@10 : 0.1177    precision@10 : 0.0131
Mon 30 Jan 2023 23:31:05 INFO  Saving current: saved/KGAT-Jan-30-2023_23-22-06.pth
Mon 30 Jan 2023 23:31:08 INFO  epoch 142 training [time: 3.63s, train_loss1: 25.5260, train_loss2: 31.1825]
Mon 30 Jan 2023 23:31:09 INFO  epoch 142 evaluating [time: 0.19s, valid_score: 0.032800]
Mon 30 Jan 2023 23:31:09 INFO  valid result: 
recall@10 : 0.0126    mrr@10 : 0.0328    ndcg@10 : 0.0153    hit@10 : 0.1198    precision@10 : 0.0136
Mon 30 Jan 2023 23:31:09 INFO  Saving current: saved/KGAT-Jan-30-2023_23-22-06.pth
Mon 30 Jan 2023 23:31:12 INFO  epoch 143 training [time: 3.42s, train_loss1: 25.4951, train_loss2: 31.1828]
Mon 30 Jan 2023 23:31:12 INFO  epoch 143 evaluating [time: 0.19s, valid_score: 0.033200]
Mon 30 Jan 2023 23:31:12 INFO  valid result: 
recall@10 : 0.0129    mrr@10 : 0.0332    ndcg@10 : 0.0153    hit@10 : 0.1209    precision@10 : 0.0134
Mon 30 Jan 2023 23:31:12 INFO  Saving current: saved/KGAT-Jan-30-2023_23-22-06.pth
Mon 30 Jan 2023 23:31:16 INFO  epoch 144 training [time: 3.33s, train_loss1: 25.5254, train_loss2: 31.1828]
Mon 30 Jan 2023 23:31:16 INFO  epoch 144 evaluating [time: 0.20s, valid_score: 0.033400]
Mon 30 Jan 2023 23:31:16 INFO  valid result: 
recall@10 : 0.0129    mrr@10 : 0.0334    ndcg@10 : 0.0155    hit@10 : 0.1198    precision@10 : 0.0135
Mon 30 Jan 2023 23:31:16 INFO  Saving current: saved/KGAT-Jan-30-2023_23-22-06.pth
Mon 30 Jan 2023 23:31:19 INFO  epoch 145 training [time: 3.56s, train_loss1: 25.5023, train_loss2: 31.1823]
Mon 30 Jan 2023 23:31:20 INFO  epoch 145 evaluating [time: 0.19s, valid_score: 0.033400]
Mon 30 Jan 2023 23:31:20 INFO  valid result: 
recall@10 : 0.0137    mrr@10 : 0.0334    ndcg@10 : 0.0157    hit@10 : 0.1209    precision@10 : 0.0137
Mon 30 Jan 2023 23:31:20 INFO  Saving current: saved/KGAT-Jan-30-2023_23-22-06.pth
Mon 30 Jan 2023 23:31:23 INFO  epoch 146 training [time: 3.77s, train_loss1: 25.4937, train_loss2: 31.1824]
Mon 30 Jan 2023 23:31:24 INFO  epoch 146 evaluating [time: 0.20s, valid_score: 0.032700]
Mon 30 Jan 2023 23:31:24 INFO  valid result: 
recall@10 : 0.0131    mrr@10 : 0.0327    ndcg@10 : 0.0154    hit@10 : 0.1198    precision@10 : 0.0137
Mon 30 Jan 2023 23:31:27 INFO  epoch 147 training [time: 3.66s, train_loss1: 25.4765, train_loss2: 31.1817]
Mon 30 Jan 2023 23:31:27 INFO  epoch 147 evaluating [time: 0.19s, valid_score: 0.033400]
Mon 30 Jan 2023 23:31:27 INFO  valid result: 
recall@10 : 0.0132    mrr@10 : 0.0334    ndcg@10 : 0.0156    hit@10 : 0.1188    precision@10 : 0.0135
Mon 30 Jan 2023 23:31:27 INFO  Saving current: saved/KGAT-Jan-30-2023_23-22-06.pth
Mon 30 Jan 2023 23:31:31 INFO  epoch 148 training [time: 3.42s, train_loss1: 25.4688, train_loss2: 31.1820]
Mon 30 Jan 2023 23:31:31 INFO  epoch 148 evaluating [time: 0.19s, valid_score: 0.033100]
Mon 30 Jan 2023 23:31:31 INFO  valid result: 
recall@10 : 0.0138    mrr@10 : 0.0331    ndcg@10 : 0.0157    hit@10 : 0.123    precision@10 : 0.0139
Mon 30 Jan 2023 23:31:34 INFO  epoch 149 training [time: 3.40s, train_loss1: 25.4827, train_loss2: 31.1817]
Mon 30 Jan 2023 23:31:35 INFO  epoch 149 evaluating [time: 0.19s, valid_score: 0.033000]
Mon 30 Jan 2023 23:31:35 INFO  valid result: 
recall@10 : 0.0132    mrr@10 : 0.033    ndcg@10 : 0.0154    hit@10 : 0.1198    precision@10 : 0.0137
Mon 30 Jan 2023 23:31:38 INFO  epoch 150 training [time: 3.55s, train_loss1: 25.4661, train_loss2: 31.1815]
Mon 30 Jan 2023 23:31:38 INFO  epoch 150 evaluating [time: 0.19s, valid_score: 0.033500]
Mon 30 Jan 2023 23:31:38 INFO  valid result: 
recall@10 : 0.0139    mrr@10 : 0.0335    ndcg@10 : 0.0159    hit@10 : 0.1241    precision@10 : 0.0141
Mon 30 Jan 2023 23:31:38 INFO  Saving current: saved/KGAT-Jan-30-2023_23-22-06.pth
Mon 30 Jan 2023 23:31:42 INFO  epoch 151 training [time: 3.37s, train_loss1: 25.4674, train_loss2: 31.1816]
Mon 30 Jan 2023 23:31:42 INFO  epoch 151 evaluating [time: 0.19s, valid_score: 0.033200]
Mon 30 Jan 2023 23:31:42 INFO  valid result: 
recall@10 : 0.0132    mrr@10 : 0.0332    ndcg@10 : 0.0155    hit@10 : 0.1198    precision@10 : 0.0136
Mon 30 Jan 2023 23:31:46 INFO  epoch 152 training [time: 3.82s, train_loss1: 25.4558, train_loss2: 31.1821]
Mon 30 Jan 2023 23:31:46 INFO  epoch 152 evaluating [time: 0.19s, valid_score: 0.034300]
Mon 30 Jan 2023 23:31:46 INFO  valid result: 
recall@10 : 0.0137    mrr@10 : 0.0343    ndcg@10 : 0.0161    hit@10 : 0.1241    precision@10 : 0.0141
Mon 30 Jan 2023 23:31:46 INFO  Saving current: saved/KGAT-Jan-30-2023_23-22-06.pth
Mon 30 Jan 2023 23:31:50 INFO  epoch 153 training [time: 3.62s, train_loss1: 25.4461, train_loss2: 31.1819]
Mon 30 Jan 2023 23:31:50 INFO  epoch 153 evaluating [time: 0.19s, valid_score: 0.033900]
Mon 30 Jan 2023 23:31:50 INFO  valid result: 
recall@10 : 0.0139    mrr@10 : 0.0339    ndcg@10 : 0.0159    hit@10 : 0.123    precision@10 : 0.014
Mon 30 Jan 2023 23:31:53 INFO  epoch 154 training [time: 3.56s, train_loss1: 25.4431, train_loss2: 31.1811]
Mon 30 Jan 2023 23:31:54 INFO  epoch 154 evaluating [time: 0.20s, valid_score: 0.034600]
Mon 30 Jan 2023 23:31:54 INFO  valid result: 
recall@10 : 0.0141    mrr@10 : 0.0346    ndcg@10 : 0.0164    hit@10 : 0.1241    precision@10 : 0.0143
Mon 30 Jan 2023 23:31:54 INFO  Saving current: saved/KGAT-Jan-30-2023_23-22-06.pth
Mon 30 Jan 2023 23:31:57 INFO  epoch 155 training [time: 3.31s, train_loss1: 25.4486, train_loss2: 31.1814]
Mon 30 Jan 2023 23:31:57 INFO  epoch 155 evaluating [time: 0.19s, valid_score: 0.035800]
Mon 30 Jan 2023 23:31:57 INFO  valid result: 
recall@10 : 0.0133    mrr@10 : 0.0358    ndcg@10 : 0.0164    hit@10 : 0.1241    precision@10 : 0.0141
Mon 30 Jan 2023 23:31:57 INFO  Saving current: saved/KGAT-Jan-30-2023_23-22-06.pth
Mon 30 Jan 2023 23:32:01 INFO  epoch 156 training [time: 3.43s, train_loss1: 25.4390, train_loss2: 31.1811]
Mon 30 Jan 2023 23:32:01 INFO  epoch 156 evaluating [time: 0.19s, valid_score: 0.036100]
Mon 30 Jan 2023 23:32:01 INFO  valid result: 
recall@10 : 0.014    mrr@10 : 0.0361    ndcg@10 : 0.0169    hit@10 : 0.1273    precision@10 : 0.0146
Mon 30 Jan 2023 23:32:01 INFO  Saving current: saved/KGAT-Jan-30-2023_23-22-06.pth
Mon 30 Jan 2023 23:32:04 INFO  epoch 157 training [time: 3.53s, train_loss1: 25.4436, train_loss2: 31.1813]
Mon 30 Jan 2023 23:32:05 INFO  epoch 157 evaluating [time: 0.19s, valid_score: 0.034600]
Mon 30 Jan 2023 23:32:05 INFO  valid result: 
recall@10 : 0.0135    mrr@10 : 0.0346    ndcg@10 : 0.0161    hit@10 : 0.123    precision@10 : 0.0141
Mon 30 Jan 2023 23:32:08 INFO  epoch 158 training [time: 3.47s, train_loss1: 25.3979, train_loss2: 31.1811]
Mon 30 Jan 2023 23:32:08 INFO  epoch 158 evaluating [time: 0.19s, valid_score: 0.035800]
Mon 30 Jan 2023 23:32:08 INFO  valid result: 
recall@10 : 0.0141    mrr@10 : 0.0358    ndcg@10 : 0.0167    hit@10 : 0.1262    precision@10 : 0.0145
Mon 30 Jan 2023 23:32:12 INFO  epoch 159 training [time: 3.74s, train_loss1: 25.4153, train_loss2: 31.1814]
Mon 30 Jan 2023 23:32:12 INFO  epoch 159 evaluating [time: 0.19s, valid_score: 0.036100]
Mon 30 Jan 2023 23:32:12 INFO  valid result: 
recall@10 : 0.0141    mrr@10 : 0.0361    ndcg@10 : 0.0168    hit@10 : 0.1304    precision@10 : 0.0147
Mon 30 Jan 2023 23:32:12 INFO  Saving current: saved/KGAT-Jan-30-2023_23-22-06.pth
Mon 30 Jan 2023 23:32:16 INFO  epoch 160 training [time: 3.55s, train_loss1: 25.4005, train_loss2: 31.1808]
Mon 30 Jan 2023 23:32:16 INFO  epoch 160 evaluating [time: 0.19s, valid_score: 0.036800]
Mon 30 Jan 2023 23:32:16 INFO  valid result: 
recall@10 : 0.0141    mrr@10 : 0.0368    ndcg@10 : 0.0171    hit@10 : 0.1294    precision@10 : 0.0148
Mon 30 Jan 2023 23:32:16 INFO  Saving current: saved/KGAT-Jan-30-2023_23-22-06.pth
Mon 30 Jan 2023 23:32:20 INFO  epoch 161 training [time: 3.68s, train_loss1: 25.4010, train_loss2: 31.1809]
Mon 30 Jan 2023 23:32:20 INFO  epoch 161 evaluating [time: 0.19s, valid_score: 0.036100]
Mon 30 Jan 2023 23:32:20 INFO  valid result: 
recall@10 : 0.0145    mrr@10 : 0.0361    ndcg@10 : 0.0171    hit@10 : 0.1315    precision@10 : 0.015
Mon 30 Jan 2023 23:32:23 INFO  epoch 162 training [time: 3.41s, train_loss1: 25.3992, train_loss2: 31.1805]
Mon 30 Jan 2023 23:32:24 INFO  epoch 162 evaluating [time: 0.20s, valid_score: 0.036500]
Mon 30 Jan 2023 23:32:24 INFO  valid result: 
recall@10 : 0.0144    mrr@10 : 0.0365    ndcg@10 : 0.017    hit@10 : 0.1294    precision@10 : 0.0147
Mon 30 Jan 2023 23:32:27 INFO  epoch 163 training [time: 3.38s, train_loss1: 25.4106, train_loss2: 31.1809]
Mon 30 Jan 2023 23:32:27 INFO  epoch 163 evaluating [time: 0.19s, valid_score: 0.036800]
Mon 30 Jan 2023 23:32:27 INFO  valid result: 
recall@10 : 0.0145    mrr@10 : 0.0368    ndcg@10 : 0.0172    hit@10 : 0.1326    precision@10 : 0.0151
Mon 30 Jan 2023 23:32:27 INFO  Saving current: saved/KGAT-Jan-30-2023_23-22-06.pth
Mon 30 Jan 2023 23:32:31 INFO  epoch 164 training [time: 3.60s, train_loss1: 25.3798, train_loss2: 31.1808]
Mon 30 Jan 2023 23:32:31 INFO  epoch 164 evaluating [time: 0.19s, valid_score: 0.036900]
Mon 30 Jan 2023 23:32:31 INFO  valid result: 
recall@10 : 0.0148    mrr@10 : 0.0369    ndcg@10 : 0.0172    hit@10 : 0.1336    precision@10 : 0.0151
Mon 30 Jan 2023 23:32:31 INFO  Saving current: saved/KGAT-Jan-30-2023_23-22-06.pth
Mon 30 Jan 2023 23:32:34 INFO  epoch 165 training [time: 3.51s, train_loss1: 25.3933, train_loss2: 31.1810]
Mon 30 Jan 2023 23:32:35 INFO  epoch 165 evaluating [time: 0.19s, valid_score: 0.037500]
Mon 30 Jan 2023 23:32:35 INFO  valid result: 
recall@10 : 0.0148    mrr@10 : 0.0375    ndcg@10 : 0.0176    hit@10 : 0.1326    precision@10 : 0.0152
Mon 30 Jan 2023 23:32:35 INFO  Saving current: saved/KGAT-Jan-30-2023_23-22-06.pth
Mon 30 Jan 2023 23:32:38 INFO  epoch 166 training [time: 3.67s, train_loss1: 25.3790, train_loss2: 31.1803]
Mon 30 Jan 2023 23:32:39 INFO  epoch 166 evaluating [time: 0.19s, valid_score: 0.037100]
Mon 30 Jan 2023 23:32:39 INFO  valid result: 
recall@10 : 0.0141    mrr@10 : 0.0371    ndcg@10 : 0.0172    hit@10 : 0.1336    precision@10 : 0.0152
Mon 30 Jan 2023 23:32:42 INFO  epoch 167 training [time: 3.40s, train_loss1: 25.3711, train_loss2: 31.1799]
Mon 30 Jan 2023 23:32:42 INFO  epoch 167 evaluating [time: 0.19s, valid_score: 0.038500]
Mon 30 Jan 2023 23:32:42 INFO  valid result: 
recall@10 : 0.0151    mrr@10 : 0.0385    ndcg@10 : 0.0179    hit@10 : 0.1357    precision@10 : 0.0154
Mon 30 Jan 2023 23:32:42 INFO  Saving current: saved/KGAT-Jan-30-2023_23-22-06.pth
Mon 30 Jan 2023 23:32:46 INFO  epoch 168 training [time: 3.39s, train_loss1: 25.3623, train_loss2: 31.1806]
Mon 30 Jan 2023 23:32:46 INFO  epoch 168 evaluating [time: 0.19s, valid_score: 0.037500]
Mon 30 Jan 2023 23:32:46 INFO  valid result: 
recall@10 : 0.0152    mrr@10 : 0.0375    ndcg@10 : 0.0177    hit@10 : 0.1379    precision@10 : 0.0156
Mon 30 Jan 2023 23:32:49 INFO  epoch 169 training [time: 3.41s, train_loss1: 25.3811, train_loss2: 31.1804]
Mon 30 Jan 2023 23:32:49 INFO  epoch 169 evaluating [time: 0.19s, valid_score: 0.038900]
Mon 30 Jan 2023 23:32:49 INFO  valid result: 
recall@10 : 0.0151    mrr@10 : 0.0389    ndcg@10 : 0.0181    hit@10 : 0.1368    precision@10 : 0.0156
Mon 30 Jan 2023 23:32:49 INFO  Saving current: saved/KGAT-Jan-30-2023_23-22-06.pth
Mon 30 Jan 2023 23:32:53 INFO  epoch 170 training [time: 3.38s, train_loss1: 25.3621, train_loss2: 31.1801]
Mon 30 Jan 2023 23:32:53 INFO  epoch 170 evaluating [time: 0.19s, valid_score: 0.038800]
Mon 30 Jan 2023 23:32:53 INFO  valid result: 
recall@10 : 0.0156    mrr@10 : 0.0388    ndcg@10 : 0.0182    hit@10 : 0.14    precision@10 : 0.016
Mon 30 Jan 2023 23:32:57 INFO  epoch 171 training [time: 3.55s, train_loss1: 25.3378, train_loss2: 31.1799]
Mon 30 Jan 2023 23:32:57 INFO  epoch 171 evaluating [time: 0.19s, valid_score: 0.038200]
Mon 30 Jan 2023 23:32:57 INFO  valid result: 
recall@10 : 0.0152    mrr@10 : 0.0382    ndcg@10 : 0.0179    hit@10 : 0.1379    precision@10 : 0.0157
Mon 30 Jan 2023 23:33:00 INFO  epoch 172 training [time: 3.36s, train_loss1: 25.3460, train_loss2: 31.1799]
Mon 30 Jan 2023 23:33:00 INFO  epoch 172 evaluating [time: 0.20s, valid_score: 0.039100]
Mon 30 Jan 2023 23:33:00 INFO  valid result: 
recall@10 : 0.0157    mrr@10 : 0.0391    ndcg@10 : 0.0182    hit@10 : 0.14    precision@10 : 0.0159
Mon 30 Jan 2023 23:33:00 INFO  Saving current: saved/KGAT-Jan-30-2023_23-22-06.pth
Mon 30 Jan 2023 23:33:04 INFO  epoch 173 training [time: 3.72s, train_loss1: 25.3363, train_loss2: 31.1799]
Mon 30 Jan 2023 23:33:04 INFO  epoch 173 evaluating [time: 0.19s, valid_score: 0.039400]
Mon 30 Jan 2023 23:33:04 INFO  valid result: 
recall@10 : 0.0151    mrr@10 : 0.0394    ndcg@10 : 0.0182    hit@10 : 0.14    precision@10 : 0.0158
Mon 30 Jan 2023 23:33:04 INFO  Saving current: saved/KGAT-Jan-30-2023_23-22-06.pth
Mon 30 Jan 2023 23:33:08 INFO  epoch 174 training [time: 3.73s, train_loss1: 25.3382, train_loss2: 31.1799]
Mon 30 Jan 2023 23:33:08 INFO  epoch 174 evaluating [time: 0.19s, valid_score: 0.039600]
Mon 30 Jan 2023 23:33:08 INFO  valid result: 
recall@10 : 0.0157    mrr@10 : 0.0396    ndcg@10 : 0.0183    hit@10 : 0.14    precision@10 : 0.0159
Mon 30 Jan 2023 23:33:08 INFO  Saving current: saved/KGAT-Jan-30-2023_23-22-06.pth
Mon 30 Jan 2023 23:33:12 INFO  epoch 175 training [time: 3.52s, train_loss1: 25.3316, train_loss2: 31.1797]
Mon 30 Jan 2023 23:33:12 INFO  epoch 175 evaluating [time: 0.19s, valid_score: 0.039800]
Mon 30 Jan 2023 23:33:12 INFO  valid result: 
recall@10 : 0.0155    mrr@10 : 0.0398    ndcg@10 : 0.0184    hit@10 : 0.1389    precision@10 : 0.0159
Mon 30 Jan 2023 23:33:12 INFO  Saving current: saved/KGAT-Jan-30-2023_23-22-06.pth
Mon 30 Jan 2023 23:33:15 INFO  epoch 176 training [time: 3.46s, train_loss1: 25.3361, train_loss2: 31.1799]
Mon 30 Jan 2023 23:33:16 INFO  epoch 176 evaluating [time: 0.19s, valid_score: 0.039400]
Mon 30 Jan 2023 23:33:16 INFO  valid result: 
recall@10 : 0.015    mrr@10 : 0.0394    ndcg@10 : 0.0183    hit@10 : 0.14    precision@10 : 0.016
Mon 30 Jan 2023 23:33:19 INFO  epoch 177 training [time: 3.54s, train_loss1: 25.3005, train_loss2: 31.1800]
Mon 30 Jan 2023 23:33:19 INFO  epoch 177 evaluating [time: 0.19s, valid_score: 0.039900]
Mon 30 Jan 2023 23:33:19 INFO  valid result: 
recall@10 : 0.0158    mrr@10 : 0.0399    ndcg@10 : 0.0187    hit@10 : 0.1432    precision@10 : 0.0164
Mon 30 Jan 2023 23:33:19 INFO  Saving current: saved/KGAT-Jan-30-2023_23-22-06.pth
Mon 30 Jan 2023 23:33:23 INFO  epoch 178 training [time: 3.45s, train_loss1: 25.3059, train_loss2: 31.1794]
Mon 30 Jan 2023 23:33:23 INFO  epoch 178 evaluating [time: 0.19s, valid_score: 0.039400]
Mon 30 Jan 2023 23:33:23 INFO  valid result: 
recall@10 : 0.0151    mrr@10 : 0.0394    ndcg@10 : 0.0182    hit@10 : 0.14    precision@10 : 0.0159
Mon 30 Jan 2023 23:33:26 INFO  epoch 179 training [time: 3.44s, train_loss1: 25.2898, train_loss2: 31.1795]
Mon 30 Jan 2023 23:33:27 INFO  epoch 179 evaluating [time: 0.19s, valid_score: 0.039900]
Mon 30 Jan 2023 23:33:27 INFO  valid result: 
recall@10 : 0.0158    mrr@10 : 0.0399    ndcg@10 : 0.0186    hit@10 : 0.1442    precision@10 : 0.0163
Mon 30 Jan 2023 23:33:27 INFO  Saving current: saved/KGAT-Jan-30-2023_23-22-06.pth
Mon 30 Jan 2023 23:33:30 INFO  epoch 180 training [time: 3.42s, train_loss1: 25.3094, train_loss2: 31.1792]
Mon 30 Jan 2023 23:33:30 INFO  epoch 180 evaluating [time: 0.19s, valid_score: 0.039000]
Mon 30 Jan 2023 23:33:30 INFO  valid result: 
recall@10 : 0.0154    mrr@10 : 0.039    ndcg@10 : 0.0181    hit@10 : 0.1421    precision@10 : 0.0161
Mon 30 Jan 2023 23:33:34 INFO  epoch 181 training [time: 3.37s, train_loss1: 25.2974, train_loss2: 31.1792]
Mon 30 Jan 2023 23:33:34 INFO  epoch 181 evaluating [time: 0.19s, valid_score: 0.039700]
Mon 30 Jan 2023 23:33:34 INFO  valid result: 
recall@10 : 0.016    mrr@10 : 0.0397    ndcg@10 : 0.0185    hit@10 : 0.1432    precision@10 : 0.0163
Mon 30 Jan 2023 23:33:37 INFO  epoch 182 training [time: 3.42s, train_loss1: 25.2888, train_loss2: 31.1793]
Mon 30 Jan 2023 23:33:38 INFO  epoch 182 evaluating [time: 0.19s, valid_score: 0.040500]
Mon 30 Jan 2023 23:33:38 INFO  valid result: 
recall@10 : 0.016    mrr@10 : 0.0405    ndcg@10 : 0.0188    hit@10 : 0.1442    precision@10 : 0.0164
Mon 30 Jan 2023 23:33:38 INFO  Saving current: saved/KGAT-Jan-30-2023_23-22-06.pth
Mon 30 Jan 2023 23:33:41 INFO  epoch 183 training [time: 3.36s, train_loss1: 25.2875, train_loss2: 31.1790]
Mon 30 Jan 2023 23:33:41 INFO  epoch 183 evaluating [time: 0.19s, valid_score: 0.040000]
Mon 30 Jan 2023 23:33:41 INFO  valid result: 
recall@10 : 0.0159    mrr@10 : 0.04    ndcg@10 : 0.0186    hit@10 : 0.141    precision@10 : 0.0162
Mon 30 Jan 2023 23:33:45 INFO  epoch 184 training [time: 3.47s, train_loss1: 25.2628, train_loss2: 31.1789]
Mon 30 Jan 2023 23:33:45 INFO  epoch 184 evaluating [time: 0.19s, valid_score: 0.039800]
Mon 30 Jan 2023 23:33:45 INFO  valid result: 
recall@10 : 0.016    mrr@10 : 0.0398    ndcg@10 : 0.0187    hit@10 : 0.14    precision@10 : 0.0164
Mon 30 Jan 2023 23:33:48 INFO  epoch 185 training [time: 3.57s, train_loss1: 25.2848, train_loss2: 31.1790]
Mon 30 Jan 2023 23:33:49 INFO  epoch 185 evaluating [time: 0.24s, valid_score: 0.040900]
Mon 30 Jan 2023 23:33:49 INFO  valid result: 
recall@10 : 0.0161    mrr@10 : 0.0409    ndcg@10 : 0.019    hit@10 : 0.1463    precision@10 : 0.0168
Mon 30 Jan 2023 23:33:49 INFO  Saving current: saved/KGAT-Jan-30-2023_23-22-06.pth
Mon 30 Jan 2023 23:33:52 INFO  epoch 186 training [time: 3.39s, train_loss1: 25.2510, train_loss2: 31.1790]
Mon 30 Jan 2023 23:33:52 INFO  epoch 186 evaluating [time: 0.19s, valid_score: 0.041100]
Mon 30 Jan 2023 23:33:52 INFO  valid result: 
recall@10 : 0.016    mrr@10 : 0.0411    ndcg@10 : 0.0192    hit@10 : 0.1432    precision@10 : 0.0166
Mon 30 Jan 2023 23:33:52 INFO  Saving current: saved/KGAT-Jan-30-2023_23-22-06.pth
Mon 30 Jan 2023 23:33:56 INFO  epoch 187 training [time: 3.55s, train_loss1: 25.2512, train_loss2: 31.1787]
Mon 30 Jan 2023 23:33:56 INFO  epoch 187 evaluating [time: 0.19s, valid_score: 0.041600]
Mon 30 Jan 2023 23:33:56 INFO  valid result: 
recall@10 : 0.0161    mrr@10 : 0.0416    ndcg@10 : 0.0193    hit@10 : 0.1453    precision@10 : 0.0168
Mon 30 Jan 2023 23:33:56 INFO  Saving current: saved/KGAT-Jan-30-2023_23-22-06.pth
Mon 30 Jan 2023 23:33:59 INFO  epoch 188 training [time: 3.44s, train_loss1: 25.2550, train_loss2: 31.1782]
Mon 30 Jan 2023 23:34:00 INFO  epoch 188 evaluating [time: 0.21s, valid_score: 0.041500]
Mon 30 Jan 2023 23:34:00 INFO  valid result: 
recall@10 : 0.0159    mrr@10 : 0.0415    ndcg@10 : 0.0191    hit@10 : 0.1421    precision@10 : 0.0163
Mon 30 Jan 2023 23:34:03 INFO  epoch 189 training [time: 3.44s, train_loss1: 25.2631, train_loss2: 31.1791]
Mon 30 Jan 2023 23:34:03 INFO  epoch 189 evaluating [time: 0.19s, valid_score: 0.041700]
Mon 30 Jan 2023 23:34:03 INFO  valid result: 
recall@10 : 0.0162    mrr@10 : 0.0417    ndcg@10 : 0.0192    hit@10 : 0.1463    precision@10 : 0.0168
Mon 30 Jan 2023 23:34:03 INFO  Saving current: saved/KGAT-Jan-30-2023_23-22-06.pth
Mon 30 Jan 2023 23:34:07 INFO  epoch 190 training [time: 3.44s, train_loss1: 25.2458, train_loss2: 31.1783]
Mon 30 Jan 2023 23:34:07 INFO  epoch 190 evaluating [time: 0.19s, valid_score: 0.041100]
Mon 30 Jan 2023 23:34:07 INFO  valid result: 
recall@10 : 0.0159    mrr@10 : 0.0411    ndcg@10 : 0.0191    hit@10 : 0.1432    precision@10 : 0.0165
Mon 30 Jan 2023 23:34:11 INFO  epoch 191 training [time: 3.53s, train_loss1: 25.2445, train_loss2: 31.1783]
Mon 30 Jan 2023 23:34:11 INFO  epoch 191 evaluating [time: 0.19s, valid_score: 0.040900]
Mon 30 Jan 2023 23:34:11 INFO  valid result: 
recall@10 : 0.016    mrr@10 : 0.0409    ndcg@10 : 0.0191    hit@10 : 0.141    precision@10 : 0.0166
Mon 30 Jan 2023 23:34:14 INFO  epoch 192 training [time: 3.47s, train_loss1: 25.2270, train_loss2: 31.1786]
Mon 30 Jan 2023 23:34:14 INFO  epoch 192 evaluating [time: 0.19s, valid_score: 0.041100]
Mon 30 Jan 2023 23:34:14 INFO  valid result: 
recall@10 : 0.016    mrr@10 : 0.0411    ndcg@10 : 0.0191    hit@10 : 0.1421    precision@10 : 0.0166
Mon 30 Jan 2023 23:34:18 INFO  epoch 193 training [time: 3.56s, train_loss1: 25.2252, train_loss2: 31.1781]
Mon 30 Jan 2023 23:34:18 INFO  epoch 193 evaluating [time: 0.19s, valid_score: 0.040300]
Mon 30 Jan 2023 23:34:18 INFO  valid result: 
recall@10 : 0.0157    mrr@10 : 0.0403    ndcg@10 : 0.0187    hit@10 : 0.141    precision@10 : 0.0165
Mon 30 Jan 2023 23:34:21 INFO  epoch 194 training [time: 3.36s, train_loss1: 25.2227, train_loss2: 31.1785]
Mon 30 Jan 2023 23:34:22 INFO  epoch 194 evaluating [time: 0.19s, valid_score: 0.041200]
Mon 30 Jan 2023 23:34:22 INFO  valid result: 
recall@10 : 0.016    mrr@10 : 0.0412    ndcg@10 : 0.0192    hit@10 : 0.1453    precision@10 : 0.0169
Mon 30 Jan 2023 23:34:25 INFO  epoch 195 training [time: 3.44s, train_loss1: 25.2207, train_loss2: 31.1777]
Mon 30 Jan 2023 23:34:25 INFO  epoch 195 evaluating [time: 0.19s, valid_score: 0.040800]
Mon 30 Jan 2023 23:34:25 INFO  valid result: 
recall@10 : 0.0161    mrr@10 : 0.0408    ndcg@10 : 0.0191    hit@10 : 0.1421    precision@10 : 0.0166
Mon 30 Jan 2023 23:34:29 INFO  epoch 196 training [time: 3.39s, train_loss1: 25.2144, train_loss2: 31.1781]
Mon 30 Jan 2023 23:34:29 INFO  epoch 196 evaluating [time: 0.19s, valid_score: 0.041100]
Mon 30 Jan 2023 23:34:29 INFO  valid result: 
recall@10 : 0.0158    mrr@10 : 0.0411    ndcg@10 : 0.019    hit@10 : 0.1421    precision@10 : 0.0165
Mon 30 Jan 2023 23:34:32 INFO  epoch 197 training [time: 3.55s, train_loss1: 25.2287, train_loss2: 31.1781]
Mon 30 Jan 2023 23:34:33 INFO  epoch 197 evaluating [time: 0.19s, valid_score: 0.040600]
Mon 30 Jan 2023 23:34:33 INFO  valid result: 
recall@10 : 0.016    mrr@10 : 0.0406    ndcg@10 : 0.0189    hit@10 : 0.1432    precision@10 : 0.0165
Mon 30 Jan 2023 23:34:36 INFO  epoch 198 training [time: 3.39s, train_loss1: 25.2009, train_loss2: 31.1777]
Mon 30 Jan 2023 23:34:36 INFO  epoch 198 evaluating [time: 0.19s, valid_score: 0.041400]
Mon 30 Jan 2023 23:34:36 INFO  valid result: 
recall@10 : 0.0162    mrr@10 : 0.0414    ndcg@10 : 0.0192    hit@10 : 0.1442    precision@10 : 0.0169
Mon 30 Jan 2023 23:34:40 INFO  epoch 199 training [time: 3.53s, train_loss1: 25.1965, train_loss2: 31.1776]
Mon 30 Jan 2023 23:34:40 INFO  epoch 199 evaluating [time: 0.19s, valid_score: 0.041300]
Mon 30 Jan 2023 23:34:40 INFO  valid result: 
recall@10 : 0.0162    mrr@10 : 0.0413    ndcg@10 : 0.0192    hit@10 : 0.1474    precision@10 : 0.017
Mon 30 Jan 2023 23:34:43 INFO  epoch 200 training [time: 3.54s, train_loss1: 25.2132, train_loss2: 31.1777]
Mon 30 Jan 2023 23:34:44 INFO  epoch 200 evaluating [time: 0.19s, valid_score: 0.041400]
Mon 30 Jan 2023 23:34:44 INFO  valid result: 
recall@10 : 0.0163    mrr@10 : 0.0414    ndcg@10 : 0.0194    hit@10 : 0.1463    precision@10 : 0.0172
Mon 30 Jan 2023 23:34:44 INFO  Finished training, best eval result in epoch 189
Mon 30 Jan 2023 23:34:44 INFO  Loading model structure and parameters from saved/KGAT-Jan-30-2023_23-22-06.pth
Mon 30 Jan 2023 23:34:44 INFO  best valid : OrderedDict([('recall@10', 0.0162), ('mrr@10', 0.0417), ('ndcg@10', 0.0192), ('hit@10', 0.1463), ('precision@10', 0.0168)])
Mon 30 Jan 2023 23:34:44 INFO  test result: OrderedDict([('recall@10', 0.0148), ('mrr@10', 0.0339), ('ndcg@10', 0.0166), ('hit@10', 0.14), ('precision@10', 0.0158)])
