Tue 31 Jan 2023 01:17:32 INFO  ['recbole_test.py', '--seed', '2020', '--aggr', 'bi', '--opti', 'rmsprop', '--is_swa', 'false', '--is_momentum', 'false']
Tue 31 Jan 2023 01:17:32 INFO  
General Hyper Parameters:
gpu_id = 0
use_gpu = True
seed = 2020
state = INFO
reproducibility = True
data_path = /work/03/gu14/k36095/kgat_bai/recbole/config/../dataset_example/ml-100k
checkpoint_dir = saved
show_progress = True
save_dataset = True
dataset_save_path = None
save_dataloaders = False
dataloaders_save_path = None
log_wandb = False

Training Hyper Parameters:
epochs = 300
train_batch_size = 2048
learner = rmsprop
learning_rate = 0.001
train_neg_sample_args = {'distribution': 'uniform', 'sample_num': 1, 'alpha': 1.0, 'dynamic': False, 'candidate_num': 0}
eval_step = 1
stopping_step = 10
clip_grad_norm = None
weight_decay = 0.0
loss_decimal_place = 4

Evaluation Hyper Parameters:
eval_args = {'split': {'RS': [0.8, 0.1, 0.1]}, 'group_by': 'user', 'order': 'RO', 'mode': 'full'}
repeatable = False
metrics = ['Recall', 'MRR', 'NDCG', 'Hit', 'Precision']
topk = [10]
valid_metric = MRR@10
valid_metric_bigger = True
eval_batch_size = 4096
metric_decimal_place = 4

Dataset Hyper Parameters:
field_separator = 	
seq_separator =  
USER_ID_FIELD = user_id
ITEM_ID_FIELD = item_id
RATING_FIELD = rating
TIME_FIELD = timestamp
seq_len = None
LABEL_FIELD = label
threshold = None
NEG_PREFIX = neg_
load_col = {'inter': ['user_id', 'item_id', 'rating', 'timestamp'], 'kg': ['head_id', 'relation_id', 'tail_id'], 'link': ['item_id', 'entity_id']}
unload_col = None
unused_col = None
additional_feat_suffix = None
rm_dup_inter = None
val_interval = None
filter_inter_by_user_or_item = True
user_inter_num_interval = None
item_inter_num_interval = None
alias_of_user_id = None
alias_of_item_id = None
alias_of_entity_id = None
alias_of_relation_id = None
preload_weight = None
normalize_field = None
normalize_all = True
ITEM_LIST_LENGTH_FIELD = item_length
LIST_SUFFIX = _list
MAX_ITEM_LIST_LENGTH = 50
POSITION_FIELD = position_id
HEAD_ENTITY_ID_FIELD = head_id
TAIL_ENTITY_ID_FIELD = tail_id
RELATION_ID_FIELD = relation_id
ENTITY_ID_FIELD = entity_id
kg_reverse_r = False
entity_kg_num_interval = [0,inf)
relation_kg_num_interval = [0,inf)
benchmark_filename = None

Other Hyper Parameters: 
worker = 0
wandb_project = recbole
shuffle = True
require_pow = False
enable_amp = False
enable_scaler = False
transform = None
embedding_size = 64
kg_embedding_size = 64
layers = [64]
mess_dropout = 0.1
reg_weight = 1e-05
aggregator_type = bi
numerical_features = []
discretization = None
MODEL_TYPE = ModelType.KNOWLEDGE
is_swa = 0
is_momentum = 0
MODEL_INPUT_TYPE = InputType.PAIRWISE
eval_type = EvaluatorType.RANKING
single_spec = True
local_rank = 0
device = cpu
eval_neg_sample_args = {'distribution': 'uniform', 'sample_num': 'none'}


Tue 31 Jan 2023 01:17:33 INFO  Saving filtered dataset into [saved/ml-100k-dataset.pth]
Tue 31 Jan 2023 01:17:33 INFO  ml-100k
The number of users: 944
Average actions of users: 103.4506892895016
The number of items: 1599
Average actions of items: 61.04755944931164
The number of inters: 97554
The sparsity of the dataset: 93.53714185772888%
Remain Fields: ['entity_id', 'user_id', 'item_id', 'rating', 'timestamp', 'head_id', 'relation_id', 'tail_id']
The number of entities: 34629
The number of relations: 26
The number of triples: 91631
The number of items that have been linked to KG: 1598
Tue 31 Jan 2023 01:17:33 INFO  [Training]: train_batch_size = [2048] train_neg_sample_args: [{'distribution': 'uniform', 'sample_num': 1, 'alpha': 1.0, 'dynamic': False, 'candidate_num': 0}]
Tue 31 Jan 2023 01:17:33 INFO  [Evaluation]: eval_batch_size = [4096] eval_args: [{'split': {'RS': [0.8, 0.1, 0.1]}, 'group_by': 'user', 'order': 'RO', 'mode': 'full'}]
Tue 31 Jan 2023 01:17:35 INFO  KGAT(
  (user_embedding): Embedding(944, 64)
  (entity_embedding): Embedding(34629, 64)
  (relation_embedding): Embedding(26, 64)
  (trans_w): Embedding(26, 4096)
  (aggregator_layers): ModuleList(
    (0): Aggregator(
      (message_dropout): Dropout(p=0.1, inplace=False)
      (W1): Linear(in_features=64, out_features=64, bias=True)
      (W2): Linear(in_features=64, out_features=64, bias=True)
      (activation): LeakyReLU(negative_slope=0.01)
    )
  )
  (tanh): Tanh()
  (mf_loss): BPRLoss()
  (reg_loss): EmbLoss()
)
Trainable parameters: 2393152
Tue 31 Jan 2023 01:17:35 INFO  FLOPs: 291414016.0
Tue 31 Jan 2023 01:17:41 INFO  epoch 0 training [time: 5.36s, train_loss1: 20.8259, train_loss2: 20.2642]
Tue 31 Jan 2023 01:17:41 INFO  epoch 0 evaluating [time: 0.23s, valid_score: 0.106900]
Tue 31 Jan 2023 01:17:41 INFO  valid result: 
recall@10 : 0.0506    mrr@10 : 0.1069    ndcg@10 : 0.0549    hit@10 : 0.3203    precision@10 : 0.0458
Tue 31 Jan 2023 01:17:41 INFO  Saving current: saved/KGAT-Jan-31-2023_01-17-35.pth
Tue 31 Jan 2023 01:17:46 INFO  epoch 1 training [time: 4.77s, train_loss1: 17.0473, train_loss2: 11.9367]
Tue 31 Jan 2023 01:17:46 INFO  epoch 1 evaluating [time: 0.26s, valid_score: 0.164300]
Tue 31 Jan 2023 01:17:46 INFO  valid result: 
recall@10 : 0.0854    mrr@10 : 0.1643    ndcg@10 : 0.0854    hit@10 : 0.4242    precision@10 : 0.0629
Tue 31 Jan 2023 01:17:46 INFO  Saving current: saved/KGAT-Jan-31-2023_01-17-35.pth
Tue 31 Jan 2023 01:17:51 INFO  epoch 2 training [time: 4.88s, train_loss1: 16.3503, train_loss2: 9.7032]
Tue 31 Jan 2023 01:17:51 INFO  epoch 2 evaluating [time: 0.20s, valid_score: 0.184100]
Tue 31 Jan 2023 01:17:51 INFO  valid result: 
recall@10 : 0.0982    mrr@10 : 0.1841    ndcg@10 : 0.0986    hit@10 : 0.4719    precision@10 : 0.0735
Tue 31 Jan 2023 01:17:51 INFO  Saving current: saved/KGAT-Jan-31-2023_01-17-35.pth
Tue 31 Jan 2023 01:17:55 INFO  epoch 3 training [time: 4.11s, train_loss1: 15.9688, train_loss2: 8.6716]
Tue 31 Jan 2023 01:17:56 INFO  epoch 3 evaluating [time: 0.20s, valid_score: 0.206900]
Tue 31 Jan 2023 01:17:56 INFO  valid result: 
recall@10 : 0.1013    mrr@10 : 0.2069    ndcg@10 : 0.1079    hit@10 : 0.4708    precision@10 : 0.0756
Tue 31 Jan 2023 01:17:56 INFO  Saving current: saved/KGAT-Jan-31-2023_01-17-35.pth
Tue 31 Jan 2023 01:17:59 INFO  epoch 4 training [time: 3.80s, train_loss1: 15.6741, train_loss2: 7.9343]
Tue 31 Jan 2023 01:18:00 INFO  epoch 4 evaluating [time: 0.20s, valid_score: 0.220700]
Tue 31 Jan 2023 01:18:00 INFO  valid result: 
recall@10 : 0.1049    mrr@10 : 0.2207    ndcg@10 : 0.1148    hit@10 : 0.4889    precision@10 : 0.0797
Tue 31 Jan 2023 01:18:00 INFO  Saving current: saved/KGAT-Jan-31-2023_01-17-35.pth
Tue 31 Jan 2023 01:18:04 INFO  epoch 5 training [time: 4.16s, train_loss1: 15.3028, train_loss2: 7.5268]
Tue 31 Jan 2023 01:18:04 INFO  epoch 5 evaluating [time: 0.21s, valid_score: 0.240700]
Tue 31 Jan 2023 01:18:04 INFO  valid result: 
recall@10 : 0.1212    mrr@10 : 0.2407    ndcg@10 : 0.131    hit@10 : 0.5334    precision@10 : 0.091
Tue 31 Jan 2023 01:18:04 INFO  Saving current: saved/KGAT-Jan-31-2023_01-17-35.pth
Tue 31 Jan 2023 01:18:08 INFO  epoch 6 training [time: 4.07s, train_loss1: 14.8629, train_loss2: 7.2029]
Tue 31 Jan 2023 01:18:08 INFO  epoch 6 evaluating [time: 0.20s, valid_score: 0.247800]
Tue 31 Jan 2023 01:18:08 INFO  valid result: 
recall@10 : 0.1305    mrr@10 : 0.2478    ndcg@10 : 0.1368    hit@10 : 0.5631    precision@10 : 0.0965
Tue 31 Jan 2023 01:18:08 INFO  Saving current: saved/KGAT-Jan-31-2023_01-17-35.pth
Tue 31 Jan 2023 01:18:12 INFO  epoch 7 training [time: 3.83s, train_loss1: 14.5008, train_loss2: 6.8825]
Tue 31 Jan 2023 01:18:12 INFO  epoch 7 evaluating [time: 0.21s, valid_score: 0.268600]
Tue 31 Jan 2023 01:18:12 INFO  valid result: 
recall@10 : 0.1341    mrr@10 : 0.2686    ndcg@10 : 0.1475    hit@10 : 0.5705    precision@10 : 0.1018
Tue 31 Jan 2023 01:18:13 INFO  Saving current: saved/KGAT-Jan-31-2023_01-17-35.pth
Tue 31 Jan 2023 01:18:16 INFO  epoch 8 training [time: 3.81s, train_loss1: 14.0555, train_loss2: 6.5069]
Tue 31 Jan 2023 01:18:17 INFO  epoch 8 evaluating [time: 0.20s, valid_score: 0.280600]
Tue 31 Jan 2023 01:18:17 INFO  valid result: 
recall@10 : 0.1412    mrr@10 : 0.2806    ndcg@10 : 0.1549    hit@10 : 0.5885    precision@10 : 0.1063
Tue 31 Jan 2023 01:18:17 INFO  Saving current: saved/KGAT-Jan-31-2023_01-17-35.pth
Tue 31 Jan 2023 01:18:21 INFO  epoch 9 training [time: 4.20s, train_loss1: 13.5533, train_loss2: 5.9100]
Tue 31 Jan 2023 01:18:21 INFO  epoch 9 evaluating [time: 0.20s, valid_score: 0.286600]
Tue 31 Jan 2023 01:18:21 INFO  valid result: 
recall@10 : 0.1484    mrr@10 : 0.2866    ndcg@10 : 0.1601    hit@10 : 0.6066    precision@10 : 0.1122
Tue 31 Jan 2023 01:18:21 INFO  Saving current: saved/KGAT-Jan-31-2023_01-17-35.pth
Tue 31 Jan 2023 01:18:25 INFO  epoch 10 training [time: 4.26s, train_loss1: 13.0748, train_loss2: 5.2595]
Tue 31 Jan 2023 01:18:26 INFO  epoch 10 evaluating [time: 0.26s, valid_score: 0.293400]
Tue 31 Jan 2023 01:18:26 INFO  valid result: 
recall@10 : 0.1503    mrr@10 : 0.2934    ndcg@10 : 0.1637    hit@10 : 0.6098    precision@10 : 0.115
Tue 31 Jan 2023 01:18:26 INFO  Saving current: saved/KGAT-Jan-31-2023_01-17-35.pth
Tue 31 Jan 2023 01:18:29 INFO  epoch 11 training [time: 3.77s, train_loss1: 12.5929, train_loss2: 4.8911]
Tue 31 Jan 2023 01:18:30 INFO  epoch 11 evaluating [time: 0.20s, valid_score: 0.303700]
Tue 31 Jan 2023 01:18:30 INFO  valid result: 
recall@10 : 0.1568    mrr@10 : 0.3037    ndcg@10 : 0.1699    hit@10 : 0.6331    precision@10 : 0.1186
Tue 31 Jan 2023 01:18:30 INFO  Saving current: saved/KGAT-Jan-31-2023_01-17-35.pth
Tue 31 Jan 2023 01:18:33 INFO  epoch 12 training [time: 3.81s, train_loss1: 12.2515, train_loss2: 4.4347]
Tue 31 Jan 2023 01:18:34 INFO  epoch 12 evaluating [time: 0.20s, valid_score: 0.311900]
Tue 31 Jan 2023 01:18:34 INFO  valid result: 
recall@10 : 0.1623    mrr@10 : 0.3119    ndcg@10 : 0.1763    hit@10 : 0.631    precision@10 : 0.1228
Tue 31 Jan 2023 01:18:34 INFO  Saving current: saved/KGAT-Jan-31-2023_01-17-35.pth
Tue 31 Jan 2023 01:18:38 INFO  epoch 13 training [time: 3.81s, train_loss1: 11.7707, train_loss2: 4.0981]
Tue 31 Jan 2023 01:18:38 INFO  epoch 13 evaluating [time: 0.20s, valid_score: 0.319300]
Tue 31 Jan 2023 01:18:38 INFO  valid result: 
recall@10 : 0.1673    mrr@10 : 0.3193    ndcg@10 : 0.1805    hit@10 : 0.6437    precision@10 : 0.1248
Tue 31 Jan 2023 01:18:38 INFO  Saving current: saved/KGAT-Jan-31-2023_01-17-35.pth
Tue 31 Jan 2023 01:18:42 INFO  epoch 14 training [time: 3.73s, train_loss1: 11.3777, train_loss2: 3.8624]
Tue 31 Jan 2023 01:18:42 INFO  epoch 14 evaluating [time: 0.20s, valid_score: 0.322000]
Tue 31 Jan 2023 01:18:42 INFO  valid result: 
recall@10 : 0.1688    mrr@10 : 0.322    ndcg@10 : 0.1838    hit@10 : 0.6501    precision@10 : 0.1287
Tue 31 Jan 2023 01:18:42 INFO  Saving current: saved/KGAT-Jan-31-2023_01-17-35.pth
Tue 31 Jan 2023 01:18:46 INFO  epoch 15 training [time: 3.75s, train_loss1: 11.1401, train_loss2: 3.6939]
Tue 31 Jan 2023 01:18:46 INFO  epoch 15 evaluating [time: 0.20s, valid_score: 0.328800]
Tue 31 Jan 2023 01:18:46 INFO  valid result: 
recall@10 : 0.1707    mrr@10 : 0.3288    ndcg@10 : 0.1858    hit@10 : 0.6522    precision@10 : 0.1303
Tue 31 Jan 2023 01:18:46 INFO  Saving current: saved/KGAT-Jan-31-2023_01-17-35.pth
Tue 31 Jan 2023 01:18:50 INFO  epoch 16 training [time: 3.78s, train_loss1: 10.8624, train_loss2: 3.4388]
Tue 31 Jan 2023 01:18:50 INFO  epoch 16 evaluating [time: 0.20s, valid_score: 0.337000]
Tue 31 Jan 2023 01:18:50 INFO  valid result: 
recall@10 : 0.1735    mrr@10 : 0.337    ndcg@10 : 0.1907    hit@10 : 0.6638    precision@10 : 0.1341
Tue 31 Jan 2023 01:18:50 INFO  Saving current: saved/KGAT-Jan-31-2023_01-17-35.pth
Tue 31 Jan 2023 01:18:54 INFO  epoch 17 training [time: 3.84s, train_loss1: 10.5903, train_loss2: 3.2894]
Tue 31 Jan 2023 01:18:54 INFO  epoch 17 evaluating [time: 0.20s, valid_score: 0.340700]
Tue 31 Jan 2023 01:18:54 INFO  valid result: 
recall@10 : 0.1732    mrr@10 : 0.3407    ndcg@10 : 0.1925    hit@10 : 0.6617    precision@10 : 0.1352
Tue 31 Jan 2023 01:18:54 INFO  Saving current: saved/KGAT-Jan-31-2023_01-17-35.pth
Tue 31 Jan 2023 01:18:58 INFO  epoch 18 training [time: 4.08s, train_loss1: 10.2936, train_loss2: 3.0424]
Tue 31 Jan 2023 01:18:58 INFO  epoch 18 evaluating [time: 0.20s, valid_score: 0.345800]
Tue 31 Jan 2023 01:18:58 INFO  valid result: 
recall@10 : 0.1751    mrr@10 : 0.3458    ndcg@10 : 0.1947    hit@10 : 0.6702    precision@10 : 0.1348
Tue 31 Jan 2023 01:18:58 INFO  Saving current: saved/KGAT-Jan-31-2023_01-17-35.pth
Tue 31 Jan 2023 01:19:02 INFO  epoch 19 training [time: 3.80s, train_loss1: 10.1608, train_loss2: 3.0767]
Tue 31 Jan 2023 01:19:02 INFO  epoch 19 evaluating [time: 0.20s, valid_score: 0.349900]
Tue 31 Jan 2023 01:19:02 INFO  valid result: 
recall@10 : 0.1837    mrr@10 : 0.3499    ndcg@10 : 0.1995    hit@10 : 0.6829    precision@10 : 0.1396
Tue 31 Jan 2023 01:19:02 INFO  Saving current: saved/KGAT-Jan-31-2023_01-17-35.pth
Tue 31 Jan 2023 01:19:06 INFO  epoch 20 training [time: 3.97s, train_loss1: 10.0296, train_loss2: 2.9757]
Tue 31 Jan 2023 01:19:06 INFO  epoch 20 evaluating [time: 0.21s, valid_score: 0.348400]
Tue 31 Jan 2023 01:19:06 INFO  valid result: 
recall@10 : 0.1833    mrr@10 : 0.3484    ndcg@10 : 0.1994    hit@10 : 0.6808    precision@10 : 0.1391
Tue 31 Jan 2023 01:19:11 INFO  epoch 21 training [time: 4.16s, train_loss1: 9.8816, train_loss2: 2.7924]
Tue 31 Jan 2023 01:19:11 INFO  epoch 21 evaluating [time: 0.20s, valid_score: 0.353400]
Tue 31 Jan 2023 01:19:11 INFO  valid result: 
recall@10 : 0.183    mrr@10 : 0.3534    ndcg@10 : 0.2002    hit@10 : 0.6766    precision@10 : 0.1384
Tue 31 Jan 2023 01:19:11 INFO  Saving current: saved/KGAT-Jan-31-2023_01-17-35.pth
Tue 31 Jan 2023 01:19:15 INFO  epoch 22 training [time: 3.75s, train_loss1: 9.7749, train_loss2: 2.6741]
Tue 31 Jan 2023 01:19:15 INFO  epoch 22 evaluating [time: 0.20s, valid_score: 0.357000]
Tue 31 Jan 2023 01:19:15 INFO  valid result: 
recall@10 : 0.1834    mrr@10 : 0.357    ndcg@10 : 0.2018    hit@10 : 0.6957    precision@10 : 0.1399
Tue 31 Jan 2023 01:19:15 INFO  Saving current: saved/KGAT-Jan-31-2023_01-17-35.pth
Tue 31 Jan 2023 01:19:19 INFO  epoch 23 training [time: 4.20s, train_loss1: 9.5747, train_loss2: 2.5325]
Tue 31 Jan 2023 01:19:19 INFO  epoch 23 evaluating [time: 0.20s, valid_score: 0.362400]
Tue 31 Jan 2023 01:19:19 INFO  valid result: 
recall@10 : 0.1861    mrr@10 : 0.3624    ndcg@10 : 0.2052    hit@10 : 0.6978    precision@10 : 0.1424
Tue 31 Jan 2023 01:19:19 INFO  Saving current: saved/KGAT-Jan-31-2023_01-17-35.pth
Tue 31 Jan 2023 01:19:23 INFO  epoch 24 training [time: 3.77s, train_loss1: 9.4940, train_loss2: 2.4957]
Tue 31 Jan 2023 01:19:23 INFO  epoch 24 evaluating [time: 0.20s, valid_score: 0.365800]
Tue 31 Jan 2023 01:19:23 INFO  valid result: 
recall@10 : 0.1879    mrr@10 : 0.3658    ndcg@10 : 0.2068    hit@10 : 0.7031    precision@10 : 0.1423
Tue 31 Jan 2023 01:19:23 INFO  Saving current: saved/KGAT-Jan-31-2023_01-17-35.pth
Tue 31 Jan 2023 01:19:27 INFO  epoch 25 training [time: 3.89s, train_loss1: 9.4122, train_loss2: 2.4049]
Tue 31 Jan 2023 01:19:27 INFO  epoch 25 evaluating [time: 0.20s, valid_score: 0.369100]
Tue 31 Jan 2023 01:19:27 INFO  valid result: 
recall@10 : 0.1867    mrr@10 : 0.3691    ndcg@10 : 0.2082    hit@10 : 0.6946    precision@10 : 0.1428
Tue 31 Jan 2023 01:19:28 INFO  Saving current: saved/KGAT-Jan-31-2023_01-17-35.pth
Tue 31 Jan 2023 01:19:31 INFO  epoch 26 training [time: 3.89s, train_loss1: 9.2354, train_loss2: 2.4052]
Tue 31 Jan 2023 01:19:32 INFO  epoch 26 evaluating [time: 0.20s, valid_score: 0.366800]
Tue 31 Jan 2023 01:19:32 INFO  valid result: 
recall@10 : 0.1891    mrr@10 : 0.3668    ndcg@10 : 0.2087    hit@10 : 0.6957    precision@10 : 0.1436
Tue 31 Jan 2023 01:19:35 INFO  epoch 27 training [time: 3.88s, train_loss1: 9.0351, train_loss2: 2.2827]
Tue 31 Jan 2023 01:19:36 INFO  epoch 27 evaluating [time: 0.22s, valid_score: 0.370100]
Tue 31 Jan 2023 01:19:36 INFO  valid result: 
recall@10 : 0.1916    mrr@10 : 0.3701    ndcg@10 : 0.2116    hit@10 : 0.6999    precision@10 : 0.1455
Tue 31 Jan 2023 01:19:36 INFO  Saving current: saved/KGAT-Jan-31-2023_01-17-35.pth
Tue 31 Jan 2023 01:19:40 INFO  epoch 28 training [time: 3.80s, train_loss1: 9.0477, train_loss2: 2.2147]
Tue 31 Jan 2023 01:19:40 INFO  epoch 28 evaluating [time: 0.20s, valid_score: 0.373100]
Tue 31 Jan 2023 01:19:40 INFO  valid result: 
recall@10 : 0.195    mrr@10 : 0.3731    ndcg@10 : 0.2137    hit@10 : 0.7094    precision@10 : 0.1471
Tue 31 Jan 2023 01:19:40 INFO  Saving current: saved/KGAT-Jan-31-2023_01-17-35.pth
Tue 31 Jan 2023 01:19:44 INFO  epoch 29 training [time: 3.73s, train_loss1: 8.8392, train_loss2: 2.1771]
Tue 31 Jan 2023 01:19:44 INFO  epoch 29 evaluating [time: 0.20s, valid_score: 0.373000]
Tue 31 Jan 2023 01:19:44 INFO  valid result: 
recall@10 : 0.1953    mrr@10 : 0.373    ndcg@10 : 0.2144    hit@10 : 0.7031    precision@10 : 0.1471
Tue 31 Jan 2023 01:19:48 INFO  epoch 30 training [time: 4.01s, train_loss1: 8.7507, train_loss2: 2.0806]
Tue 31 Jan 2023 01:19:48 INFO  epoch 30 evaluating [time: 0.20s, valid_score: 0.371100]
Tue 31 Jan 2023 01:19:48 INFO  valid result: 
recall@10 : 0.1923    mrr@10 : 0.3711    ndcg@10 : 0.2131    hit@10 : 0.7063    precision@10 : 0.1467
Tue 31 Jan 2023 01:19:52 INFO  epoch 31 training [time: 3.75s, train_loss1: 8.6673, train_loss2: 1.9428]
Tue 31 Jan 2023 01:19:52 INFO  epoch 31 evaluating [time: 0.20s, valid_score: 0.376800]
Tue 31 Jan 2023 01:19:52 INFO  valid result: 
recall@10 : 0.1963    mrr@10 : 0.3768    ndcg@10 : 0.2161    hit@10 : 0.7126    precision@10 : 0.1481
Tue 31 Jan 2023 01:19:52 INFO  Saving current: saved/KGAT-Jan-31-2023_01-17-35.pth
Tue 31 Jan 2023 01:19:56 INFO  epoch 32 training [time: 4.06s, train_loss1: 8.5008, train_loss2: 1.8998]
Tue 31 Jan 2023 01:19:56 INFO  epoch 32 evaluating [time: 0.25s, valid_score: 0.375400]
Tue 31 Jan 2023 01:19:56 INFO  valid result: 
recall@10 : 0.197    mrr@10 : 0.3754    ndcg@10 : 0.2174    hit@10 : 0.7116    precision@10 : 0.1487
Tue 31 Jan 2023 01:20:00 INFO  epoch 33 training [time: 3.91s, train_loss1: 8.4922, train_loss2: 1.8425]
Tue 31 Jan 2023 01:20:00 INFO  epoch 33 evaluating [time: 0.21s, valid_score: 0.382400]
Tue 31 Jan 2023 01:20:00 INFO  valid result: 
recall@10 : 0.1995    mrr@10 : 0.3824    ndcg@10 : 0.2217    hit@10 : 0.7179    precision@10 : 0.1512
Tue 31 Jan 2023 01:20:00 INFO  Saving current: saved/KGAT-Jan-31-2023_01-17-35.pth
Tue 31 Jan 2023 01:20:04 INFO  epoch 34 training [time: 3.62s, train_loss1: 8.3104, train_loss2: 1.8122]
Tue 31 Jan 2023 01:20:04 INFO  epoch 34 evaluating [time: 0.20s, valid_score: 0.384000]
Tue 31 Jan 2023 01:20:04 INFO  valid result: 
recall@10 : 0.2002    mrr@10 : 0.384    ndcg@10 : 0.2221    hit@10 : 0.7179    precision@10 : 0.1514
Tue 31 Jan 2023 01:20:04 INFO  Saving current: saved/KGAT-Jan-31-2023_01-17-35.pth
Tue 31 Jan 2023 01:20:08 INFO  epoch 35 training [time: 4.04s, train_loss1: 8.3605, train_loss2: 1.7736]
Tue 31 Jan 2023 01:20:09 INFO  epoch 35 evaluating [time: 0.20s, valid_score: 0.381900]
Tue 31 Jan 2023 01:20:09 INFO  valid result: 
recall@10 : 0.2016    mrr@10 : 0.3819    ndcg@10 : 0.2217    hit@10 : 0.7222    precision@10 : 0.1507
Tue 31 Jan 2023 01:20:13 INFO  epoch 36 training [time: 4.04s, train_loss1: 8.1157, train_loss2: 1.7270]
Tue 31 Jan 2023 01:20:13 INFO  epoch 36 evaluating [time: 0.20s, valid_score: 0.385700]
Tue 31 Jan 2023 01:20:13 INFO  valid result: 
recall@10 : 0.2029    mrr@10 : 0.3857    ndcg@10 : 0.2233    hit@10 : 0.7285    precision@10 : 0.1521
Tue 31 Jan 2023 01:20:13 INFO  Saving current: saved/KGAT-Jan-31-2023_01-17-35.pth
Tue 31 Jan 2023 01:20:17 INFO  epoch 37 training [time: 3.80s, train_loss1: 8.0326, train_loss2: 1.6798]
Tue 31 Jan 2023 01:20:17 INFO  epoch 37 evaluating [time: 0.20s, valid_score: 0.383300]
Tue 31 Jan 2023 01:20:17 INFO  valid result: 
recall@10 : 0.2033    mrr@10 : 0.3833    ndcg@10 : 0.2238    hit@10 : 0.7253    precision@10 : 0.1533
Tue 31 Jan 2023 01:20:21 INFO  epoch 38 training [time: 3.73s, train_loss1: 8.0671, train_loss2: 1.6415]
Tue 31 Jan 2023 01:20:21 INFO  epoch 38 evaluating [time: 0.20s, valid_score: 0.391900]
Tue 31 Jan 2023 01:20:21 INFO  valid result: 
recall@10 : 0.206    mrr@10 : 0.3919    ndcg@10 : 0.2269    hit@10 : 0.7253    precision@10 : 0.1548
Tue 31 Jan 2023 01:20:21 INFO  Saving current: saved/KGAT-Jan-31-2023_01-17-35.pth
Tue 31 Jan 2023 01:20:25 INFO  epoch 39 training [time: 3.73s, train_loss1: 7.8871, train_loss2: 1.5941]
Tue 31 Jan 2023 01:20:25 INFO  epoch 39 evaluating [time: 0.20s, valid_score: 0.393700]
Tue 31 Jan 2023 01:20:25 INFO  valid result: 
recall@10 : 0.2063    mrr@10 : 0.3937    ndcg@10 : 0.2282    hit@10 : 0.7328    precision@10 : 0.1547
Tue 31 Jan 2023 01:20:25 INFO  Saving current: saved/KGAT-Jan-31-2023_01-17-35.pth
Tue 31 Jan 2023 01:20:29 INFO  epoch 40 training [time: 3.98s, train_loss1: 7.8440, train_loss2: 1.6328]
Tue 31 Jan 2023 01:20:29 INFO  epoch 40 evaluating [time: 0.20s, valid_score: 0.390300]
Tue 31 Jan 2023 01:20:29 INFO  valid result: 
recall@10 : 0.2087    mrr@10 : 0.3903    ndcg@10 : 0.2286    hit@10 : 0.7296    precision@10 : 0.1547
Tue 31 Jan 2023 01:20:33 INFO  epoch 41 training [time: 3.78s, train_loss1: 7.7422, train_loss2: 1.4986]
Tue 31 Jan 2023 01:20:33 INFO  epoch 41 evaluating [time: 0.20s, valid_score: 0.391700]
Tue 31 Jan 2023 01:20:33 INFO  valid result: 
recall@10 : 0.2073    mrr@10 : 0.3917    ndcg@10 : 0.229    hit@10 : 0.7296    precision@10 : 0.1549
Tue 31 Jan 2023 01:20:37 INFO  epoch 42 training [time: 3.72s, train_loss1: 7.6540, train_loss2: 1.5318]
Tue 31 Jan 2023 01:20:37 INFO  epoch 42 evaluating [time: 0.20s, valid_score: 0.393300]
Tue 31 Jan 2023 01:20:37 INFO  valid result: 
recall@10 : 0.2073    mrr@10 : 0.3933    ndcg@10 : 0.229    hit@10 : 0.7317    precision@10 : 0.1544
Tue 31 Jan 2023 01:20:41 INFO  epoch 43 training [time: 3.73s, train_loss1: 7.6087, train_loss2: 1.5142]
Tue 31 Jan 2023 01:20:41 INFO  epoch 43 evaluating [time: 0.20s, valid_score: 0.382100]
Tue 31 Jan 2023 01:20:41 INFO  valid result: 
recall@10 : 0.2068    mrr@10 : 0.3821    ndcg@10 : 0.2257    hit@10 : 0.7296    precision@10 : 0.1549
Tue 31 Jan 2023 01:20:45 INFO  epoch 44 training [time: 3.73s, train_loss1: 7.4284, train_loss2: 1.4770]
Tue 31 Jan 2023 01:20:45 INFO  epoch 44 evaluating [time: 0.25s, valid_score: 0.387000]
Tue 31 Jan 2023 01:20:45 INFO  valid result: 
recall@10 : 0.2114    mrr@10 : 0.387    ndcg@10 : 0.2296    hit@10 : 0.7359    precision@10 : 0.1576
Tue 31 Jan 2023 01:20:49 INFO  epoch 45 training [time: 4.12s, train_loss1: 7.4258, train_loss2: 1.4799]
Tue 31 Jan 2023 01:20:49 INFO  epoch 45 evaluating [time: 0.21s, valid_score: 0.384200]
Tue 31 Jan 2023 01:20:49 INFO  valid result: 
recall@10 : 0.2082    mrr@10 : 0.3842    ndcg@10 : 0.2263    hit@10 : 0.7381    precision@10 : 0.1556
Tue 31 Jan 2023 01:20:53 INFO  epoch 46 training [time: 3.71s, train_loss1: 7.2943, train_loss2: 1.4461]
Tue 31 Jan 2023 01:20:53 INFO  epoch 46 evaluating [time: 0.20s, valid_score: 0.390100]
Tue 31 Jan 2023 01:20:53 INFO  valid result: 
recall@10 : 0.2086    mrr@10 : 0.3901    ndcg@10 : 0.2296    hit@10 : 0.7359    precision@10 : 0.1574
Tue 31 Jan 2023 01:20:57 INFO  epoch 47 training [time: 3.93s, train_loss1: 7.2885, train_loss2: 1.3479]
Tue 31 Jan 2023 01:20:57 INFO  epoch 47 evaluating [time: 0.20s, valid_score: 0.393500]
Tue 31 Jan 2023 01:20:57 INFO  valid result: 
recall@10 : 0.2056    mrr@10 : 0.3935    ndcg@10 : 0.2292    hit@10 : 0.7285    precision@10 : 0.1562
Tue 31 Jan 2023 01:21:01 INFO  epoch 48 training [time: 3.77s, train_loss1: 7.1806, train_loss2: 1.4037]
Tue 31 Jan 2023 01:21:01 INFO  epoch 48 evaluating [time: 0.21s, valid_score: 0.387000]
Tue 31 Jan 2023 01:21:01 INFO  valid result: 
recall@10 : 0.2119    mrr@10 : 0.387    ndcg@10 : 0.2305    hit@10 : 0.7391    precision@10 : 0.159
Tue 31 Jan 2023 01:21:05 INFO  epoch 49 training [time: 3.87s, train_loss1: 7.2325, train_loss2: 1.3707]
Tue 31 Jan 2023 01:21:05 INFO  epoch 49 evaluating [time: 0.21s, valid_score: 0.398200]
Tue 31 Jan 2023 01:21:05 INFO  valid result: 
recall@10 : 0.214    mrr@10 : 0.3982    ndcg@10 : 0.2347    hit@10 : 0.7434    precision@10 : 0.1599
Tue 31 Jan 2023 01:21:05 INFO  Saving current: saved/KGAT-Jan-31-2023_01-17-35.pth
Tue 31 Jan 2023 01:21:09 INFO  epoch 50 training [time: 3.73s, train_loss1: 7.1408, train_loss2: 1.3443]
Tue 31 Jan 2023 01:21:09 INFO  epoch 50 evaluating [time: 0.20s, valid_score: 0.387800]
Tue 31 Jan 2023 01:21:09 INFO  valid result: 
recall@10 : 0.2145    mrr@10 : 0.3878    ndcg@10 : 0.2326    hit@10 : 0.7413    precision@10 : 0.1596
Tue 31 Jan 2023 01:21:13 INFO  epoch 51 training [time: 3.68s, train_loss1: 6.9682, train_loss2: 1.3100]
Tue 31 Jan 2023 01:21:13 INFO  epoch 51 evaluating [time: 0.20s, valid_score: 0.392500]
Tue 31 Jan 2023 01:21:13 INFO  valid result: 
recall@10 : 0.213    mrr@10 : 0.3925    ndcg@10 : 0.2336    hit@10 : 0.7402    precision@10 : 0.1586
Tue 31 Jan 2023 01:21:17 INFO  epoch 52 training [time: 3.66s, train_loss1: 6.9190, train_loss2: 1.2734]
Tue 31 Jan 2023 01:21:17 INFO  epoch 52 evaluating [time: 0.20s, valid_score: 0.397200]
Tue 31 Jan 2023 01:21:17 INFO  valid result: 
recall@10 : 0.214    mrr@10 : 0.3972    ndcg@10 : 0.2347    hit@10 : 0.7381    precision@10 : 0.1576
Tue 31 Jan 2023 01:21:21 INFO  epoch 53 training [time: 3.83s, train_loss1: 6.7638, train_loss2: 1.2855]
Tue 31 Jan 2023 01:21:21 INFO  epoch 53 evaluating [time: 0.20s, valid_score: 0.393100]
Tue 31 Jan 2023 01:21:21 INFO  valid result: 
recall@10 : 0.213    mrr@10 : 0.3931    ndcg@10 : 0.2334    hit@10 : 0.7402    precision@10 : 0.1578
Tue 31 Jan 2023 01:21:25 INFO  epoch 54 training [time: 3.95s, train_loss1: 6.8248, train_loss2: 1.2743]
Tue 31 Jan 2023 01:21:25 INFO  epoch 54 evaluating [time: 0.20s, valid_score: 0.395600]
Tue 31 Jan 2023 01:21:25 INFO  valid result: 
recall@10 : 0.2169    mrr@10 : 0.3956    ndcg@10 : 0.2357    hit@10 : 0.7466    precision@10 : 0.1597
Tue 31 Jan 2023 01:21:29 INFO  epoch 55 training [time: 3.66s, train_loss1: 6.6710, train_loss2: 1.2367]
Tue 31 Jan 2023 01:21:29 INFO  epoch 55 evaluating [time: 0.20s, valid_score: 0.388400]
Tue 31 Jan 2023 01:21:29 INFO  valid result: 
recall@10 : 0.2221    mrr@10 : 0.3884    ndcg@10 : 0.2359    hit@10 : 0.7529    precision@10 : 0.1617
Tue 31 Jan 2023 01:21:33 INFO  epoch 56 training [time: 3.69s, train_loss1: 6.7324, train_loss2: 1.2336]
Tue 31 Jan 2023 01:21:33 INFO  epoch 56 evaluating [time: 0.20s, valid_score: 0.392900]
Tue 31 Jan 2023 01:21:33 INFO  valid result: 
recall@10 : 0.22    mrr@10 : 0.3929    ndcg@10 : 0.2367    hit@10 : 0.7561    precision@10 : 0.162
Tue 31 Jan 2023 01:21:37 INFO  epoch 57 training [time: 3.73s, train_loss1: 6.5281, train_loss2: 1.1654]
Tue 31 Jan 2023 01:21:37 INFO  epoch 57 evaluating [time: 0.20s, valid_score: 0.395500]
Tue 31 Jan 2023 01:21:37 INFO  valid result: 
recall@10 : 0.219    mrr@10 : 0.3955    ndcg@10 : 0.2356    hit@10 : 0.7582    precision@10 : 0.16
Tue 31 Jan 2023 01:21:40 INFO  epoch 58 training [time: 3.62s, train_loss1: 6.5587, train_loss2: 1.1349]
Tue 31 Jan 2023 01:21:41 INFO  epoch 58 evaluating [time: 0.20s, valid_score: 0.399200]
Tue 31 Jan 2023 01:21:41 INFO  valid result: 
recall@10 : 0.2196    mrr@10 : 0.3992    ndcg@10 : 0.2366    hit@10 : 0.7582    precision@10 : 0.1619
Tue 31 Jan 2023 01:21:41 INFO  Saving current: saved/KGAT-Jan-31-2023_01-17-35.pth
Tue 31 Jan 2023 01:21:44 INFO  epoch 59 training [time: 3.70s, train_loss1: 6.4536, train_loss2: 1.0865]
Tue 31 Jan 2023 01:21:45 INFO  epoch 59 evaluating [time: 0.20s, valid_score: 0.393600]
Tue 31 Jan 2023 01:21:45 INFO  valid result: 
recall@10 : 0.2146    mrr@10 : 0.3936    ndcg@10 : 0.2338    hit@10 : 0.7529    precision@10 : 0.1589
Tue 31 Jan 2023 01:21:48 INFO  epoch 60 training [time: 3.67s, train_loss1: 6.3751, train_loss2: 1.1369]
Tue 31 Jan 2023 01:21:48 INFO  epoch 60 evaluating [time: 0.20s, valid_score: 0.393200]
Tue 31 Jan 2023 01:21:48 INFO  valid result: 
recall@10 : 0.217    mrr@10 : 0.3932    ndcg@10 : 0.2351    hit@10 : 0.7572    precision@10 : 0.1604
Tue 31 Jan 2023 01:21:52 INFO  epoch 61 training [time: 3.98s, train_loss1: 6.2835, train_loss2: 1.1277]
Tue 31 Jan 2023 01:21:53 INFO  epoch 61 evaluating [time: 0.21s, valid_score: 0.396400]
Tue 31 Jan 2023 01:21:53 INFO  valid result: 
recall@10 : 0.2155    mrr@10 : 0.3964    ndcg@10 : 0.235    hit@10 : 0.7561    precision@10 : 0.16
Tue 31 Jan 2023 01:21:56 INFO  epoch 62 training [time: 3.73s, train_loss1: 6.2184, train_loss2: 1.1390]
Tue 31 Jan 2023 01:21:57 INFO  epoch 62 evaluating [time: 0.20s, valid_score: 0.398500]
Tue 31 Jan 2023 01:21:57 INFO  valid result: 
recall@10 : 0.2146    mrr@10 : 0.3985    ndcg@10 : 0.2354    hit@10 : 0.755    precision@10 : 0.1603
Tue 31 Jan 2023 01:22:00 INFO  epoch 63 training [time: 3.66s, train_loss1: 6.1807, train_loss2: 1.0689]
Tue 31 Jan 2023 01:22:00 INFO  epoch 63 evaluating [time: 0.20s, valid_score: 0.387200]
Tue 31 Jan 2023 01:22:00 INFO  valid result: 
recall@10 : 0.2161    mrr@10 : 0.3872    ndcg@10 : 0.2327    hit@10 : 0.7476    precision@10 : 0.1593
Tue 31 Jan 2023 01:22:04 INFO  epoch 64 training [time: 3.72s, train_loss1: 6.0857, train_loss2: 1.0172]
Tue 31 Jan 2023 01:22:04 INFO  epoch 64 evaluating [time: 0.20s, valid_score: 0.389200]
Tue 31 Jan 2023 01:22:04 INFO  valid result: 
recall@10 : 0.2198    mrr@10 : 0.3892    ndcg@10 : 0.2351    hit@10 : 0.7519    precision@10 : 0.1611
Tue 31 Jan 2023 01:22:08 INFO  epoch 65 training [time: 3.74s, train_loss1: 6.1114, train_loss2: 1.0558]
Tue 31 Jan 2023 01:22:08 INFO  epoch 65 evaluating [time: 0.20s, valid_score: 0.399900]
Tue 31 Jan 2023 01:22:08 INFO  valid result: 
recall@10 : 0.2184    mrr@10 : 0.3999    ndcg@10 : 0.2382    hit@10 : 0.7529    precision@10 : 0.1614
Tue 31 Jan 2023 01:22:08 INFO  Saving current: saved/KGAT-Jan-31-2023_01-17-35.pth
Tue 31 Jan 2023 01:22:12 INFO  epoch 66 training [time: 3.63s, train_loss1: 6.0785, train_loss2: 0.9892]
Tue 31 Jan 2023 01:22:12 INFO  epoch 66 evaluating [time: 0.20s, valid_score: 0.404300]
Tue 31 Jan 2023 01:22:12 INFO  valid result: 
recall@10 : 0.219    mrr@10 : 0.4043    ndcg@10 : 0.2385    hit@10 : 0.7444    precision@10 : 0.1612
Tue 31 Jan 2023 01:22:12 INFO  Saving current: saved/KGAT-Jan-31-2023_01-17-35.pth
Tue 31 Jan 2023 01:22:16 INFO  epoch 67 training [time: 3.67s, train_loss1: 6.0148, train_loss2: 0.9990]
Tue 31 Jan 2023 01:22:16 INFO  epoch 67 evaluating [time: 0.20s, valid_score: 0.396600]
Tue 31 Jan 2023 01:22:16 INFO  valid result: 
recall@10 : 0.2247    mrr@10 : 0.3966    ndcg@10 : 0.2385    hit@10 : 0.7593    precision@10 : 0.1624
Tue 31 Jan 2023 01:22:20 INFO  epoch 68 training [time: 3.67s, train_loss1: 5.8608, train_loss2: 1.0206]
Tue 31 Jan 2023 01:22:20 INFO  epoch 68 evaluating [time: 0.20s, valid_score: 0.391000]
Tue 31 Jan 2023 01:22:20 INFO  valid result: 
recall@10 : 0.2212    mrr@10 : 0.391    ndcg@10 : 0.2366    hit@10 : 0.755    precision@10 : 0.1615
Tue 31 Jan 2023 01:22:24 INFO  epoch 69 training [time: 3.67s, train_loss1: 5.8593, train_loss2: 1.0165]
Tue 31 Jan 2023 01:22:24 INFO  epoch 69 evaluating [time: 0.20s, valid_score: 0.390200]
Tue 31 Jan 2023 01:22:24 INFO  valid result: 
recall@10 : 0.2193    mrr@10 : 0.3902    ndcg@10 : 0.2331    hit@10 : 0.7487    precision@10 : 0.1593
Tue 31 Jan 2023 01:22:28 INFO  epoch 70 training [time: 3.67s, train_loss1: 5.8379, train_loss2: 0.9555]
Tue 31 Jan 2023 01:22:28 INFO  epoch 70 evaluating [time: 0.20s, valid_score: 0.393900]
Tue 31 Jan 2023 01:22:28 INFO  valid result: 
recall@10 : 0.2196    mrr@10 : 0.3939    ndcg@10 : 0.2362    hit@10 : 0.7529    precision@10 : 0.1622
Tue 31 Jan 2023 01:22:31 INFO  epoch 71 training [time: 3.70s, train_loss1: 5.7335, train_loss2: 0.9196]
Tue 31 Jan 2023 01:22:32 INFO  epoch 71 evaluating [time: 0.20s, valid_score: 0.395100]
Tue 31 Jan 2023 01:22:32 INFO  valid result: 
recall@10 : 0.221    mrr@10 : 0.3951    ndcg@10 : 0.2368    hit@10 : 0.7508    precision@10 : 0.1611
Tue 31 Jan 2023 01:22:35 INFO  epoch 72 training [time: 3.68s, train_loss1: 5.6793, train_loss2: 0.9937]
Tue 31 Jan 2023 01:22:36 INFO  epoch 72 evaluating [time: 0.20s, valid_score: 0.392300]
Tue 31 Jan 2023 01:22:36 INFO  valid result: 
recall@10 : 0.218    mrr@10 : 0.3923    ndcg@10 : 0.2349    hit@10 : 0.7466    precision@10 : 0.1602
Tue 31 Jan 2023 01:22:39 INFO  epoch 73 training [time: 3.74s, train_loss1: 5.7014, train_loss2: 0.9503]
Tue 31 Jan 2023 01:22:39 INFO  epoch 73 evaluating [time: 0.20s, valid_score: 0.396200]
Tue 31 Jan 2023 01:22:39 INFO  valid result: 
recall@10 : 0.2181    mrr@10 : 0.3962    ndcg@10 : 0.2349    hit@10 : 0.7497    precision@10 : 0.1601
Tue 31 Jan 2023 01:22:43 INFO  epoch 74 training [time: 3.70s, train_loss1: 5.5786, train_loss2: 0.9033]
Tue 31 Jan 2023 01:22:43 INFO  epoch 74 evaluating [time: 0.20s, valid_score: 0.397900]
Tue 31 Jan 2023 01:22:43 INFO  valid result: 
recall@10 : 0.2203    mrr@10 : 0.3979    ndcg@10 : 0.2376    hit@10 : 0.7561    precision@10 : 0.1625
Tue 31 Jan 2023 01:22:47 INFO  epoch 75 training [time: 3.66s, train_loss1: 5.5010, train_loss2: 0.9452]
Tue 31 Jan 2023 01:22:47 INFO  epoch 75 evaluating [time: 0.20s, valid_score: 0.396000]
Tue 31 Jan 2023 01:22:47 INFO  valid result: 
recall@10 : 0.2228    mrr@10 : 0.396    ndcg@10 : 0.2369    hit@10 : 0.754    precision@10 : 0.1607
Tue 31 Jan 2023 01:22:51 INFO  epoch 76 training [time: 3.68s, train_loss1: 5.4539, train_loss2: 0.8779]
Tue 31 Jan 2023 01:22:51 INFO  epoch 76 evaluating [time: 0.20s, valid_score: 0.397600]
Tue 31 Jan 2023 01:22:51 INFO  valid result: 
recall@10 : 0.2274    mrr@10 : 0.3976    ndcg@10 : 0.2392    hit@10 : 0.7593    precision@10 : 0.163
Tue 31 Jan 2023 01:22:55 INFO  epoch 77 training [time: 3.71s, train_loss1: 5.4557, train_loss2: 0.9061]
Tue 31 Jan 2023 01:22:55 INFO  epoch 77 evaluating [time: 0.20s, valid_score: 0.391900]
Tue 31 Jan 2023 01:22:55 INFO  valid result: 
recall@10 : 0.2232    mrr@10 : 0.3919    ndcg@10 : 0.2364    hit@10 : 0.7508    precision@10 : 0.1606
Tue 31 Jan 2023 01:22:55 INFO  Finished training, best eval result in epoch 66
Tue 31 Jan 2023 01:22:55 INFO  Loading model structure and parameters from saved/KGAT-Jan-31-2023_01-17-35.pth
Tue 31 Jan 2023 01:22:55 INFO  best valid : OrderedDict([('recall@10', 0.219), ('mrr@10', 0.4043), ('ndcg@10', 0.2385), ('hit@10', 0.7444), ('precision@10', 0.1612)])
Tue 31 Jan 2023 01:22:55 INFO  test result: OrderedDict([('recall@10', 0.2455), ('mrr@10', 0.4742), ('ndcg@10', 0.2897), ('hit@10', 0.7699), ('precision@10', 0.1963)])
