Mon 30 Jan 2023 22:53:12 INFO  ['recbole_test.py', '--seed', '2024', '--aggr', 'bi', '--opti', 'adam', '--is_swa', 'true', '--is_momentum', 'false']
Mon 30 Jan 2023 22:53:12 INFO  
General Hyper Parameters:
gpu_id = 0
use_gpu = True
seed = 2024
state = INFO
reproducibility = True
data_path = /work/03/gu14/k36095/kgat_bai/recbole/config/../dataset_example/ml-100k
checkpoint_dir = saved
show_progress = True
save_dataset = True
dataset_save_path = None
save_dataloaders = False
dataloaders_save_path = None
log_wandb = False

Training Hyper Parameters:
epochs = 300
train_batch_size = 2048
learner = adam
learning_rate = 0.001
train_neg_sample_args = {'distribution': 'uniform', 'sample_num': 1, 'alpha': 1.0, 'dynamic': False, 'candidate_num': 0}
eval_step = 1
stopping_step = 10
clip_grad_norm = None
weight_decay = 0.0
loss_decimal_place = 4

Evaluation Hyper Parameters:
eval_args = {'split': {'RS': [0.8, 0.1, 0.1]}, 'group_by': 'user', 'order': 'RO', 'mode': 'full'}
repeatable = False
metrics = ['Recall', 'MRR', 'NDCG', 'Hit', 'Precision']
topk = [10]
valid_metric = MRR@10
valid_metric_bigger = True
eval_batch_size = 4096
metric_decimal_place = 4

Dataset Hyper Parameters:
field_separator = 	
seq_separator =  
USER_ID_FIELD = user_id
ITEM_ID_FIELD = item_id
RATING_FIELD = rating
TIME_FIELD = timestamp
seq_len = None
LABEL_FIELD = label
threshold = None
NEG_PREFIX = neg_
load_col = {'inter': ['user_id', 'item_id', 'rating', 'timestamp'], 'kg': ['head_id', 'relation_id', 'tail_id'], 'link': ['item_id', 'entity_id']}
unload_col = None
unused_col = None
additional_feat_suffix = None
rm_dup_inter = None
val_interval = None
filter_inter_by_user_or_item = True
user_inter_num_interval = None
item_inter_num_interval = None
alias_of_user_id = None
alias_of_item_id = None
alias_of_entity_id = None
alias_of_relation_id = None
preload_weight = None
normalize_field = None
normalize_all = True
ITEM_LIST_LENGTH_FIELD = item_length
LIST_SUFFIX = _list
MAX_ITEM_LIST_LENGTH = 50
POSITION_FIELD = position_id
HEAD_ENTITY_ID_FIELD = head_id
TAIL_ENTITY_ID_FIELD = tail_id
RELATION_ID_FIELD = relation_id
ENTITY_ID_FIELD = entity_id
kg_reverse_r = False
entity_kg_num_interval = [0,inf)
relation_kg_num_interval = [0,inf)
benchmark_filename = None

Other Hyper Parameters: 
worker = 0
wandb_project = recbole
shuffle = True
require_pow = False
enable_amp = False
enable_scaler = False
transform = None
embedding_size = 64
kg_embedding_size = 64
layers = [64]
mess_dropout = 0.1
reg_weight = 1e-05
aggregator_type = bi
numerical_features = []
discretization = None
MODEL_TYPE = ModelType.KNOWLEDGE
is_swa = 1
is_momentum = 0
MODEL_INPUT_TYPE = InputType.PAIRWISE
eval_type = EvaluatorType.RANKING
single_spec = True
local_rank = 0
device = cpu
eval_neg_sample_args = {'distribution': 'uniform', 'sample_num': 'none'}


Mon 30 Jan 2023 22:53:13 INFO  Saving filtered dataset into [saved/ml-100k-dataset.pth]
Mon 30 Jan 2023 22:53:13 INFO  ml-100k
The number of users: 944
Average actions of users: 103.4506892895016
The number of items: 1599
Average actions of items: 61.04755944931164
The number of inters: 97554
The sparsity of the dataset: 93.53714185772888%
Remain Fields: ['entity_id', 'user_id', 'item_id', 'rating', 'timestamp', 'head_id', 'relation_id', 'tail_id']
The number of entities: 34629
The number of relations: 26
The number of triples: 91631
The number of items that have been linked to KG: 1598
Mon 30 Jan 2023 22:53:13 INFO  [Training]: train_batch_size = [2048] train_neg_sample_args: [{'distribution': 'uniform', 'sample_num': 1, 'alpha': 1.0, 'dynamic': False, 'candidate_num': 0}]
Mon 30 Jan 2023 22:53:13 INFO  [Evaluation]: eval_batch_size = [4096] eval_args: [{'split': {'RS': [0.8, 0.1, 0.1]}, 'group_by': 'user', 'order': 'RO', 'mode': 'full'}]
Mon 30 Jan 2023 22:53:15 INFO  KGAT(
  (user_embedding): Embedding(944, 64)
  (entity_embedding): Embedding(34629, 64)
  (relation_embedding): Embedding(26, 64)
  (trans_w): Embedding(26, 4096)
  (aggregator_layers): ModuleList(
    (0): Aggregator(
      (message_dropout): Dropout(p=0.1, inplace=False)
      (W1): Linear(in_features=64, out_features=64, bias=True)
      (W2): Linear(in_features=64, out_features=64, bias=True)
      (activation): LeakyReLU(negative_slope=0.01)
    )
  )
  (tanh): Tanh()
  (mf_loss): BPRLoss()
  (reg_loss): EmbLoss()
)
Trainable parameters: 2393152
Mon 30 Jan 2023 22:53:15 INFO  FLOPs: 291414016.0
Mon 30 Jan 2023 22:53:21 INFO  epoch 0 training [time: 5.26s, train_loss1: 19.1606, train_loss2: 42.1305]
Mon 30 Jan 2023 22:53:21 INFO  epoch 0 evaluating [time: 0.24s, valid_score: 0.079600]
Mon 30 Jan 2023 22:53:21 INFO  valid result: 
recall@10 : 0.0265    mrr@10 : 0.0796    ndcg@10 : 0.0335    hit@10 : 0.2227    precision@10 : 0.0279
Mon 30 Jan 2023 22:53:21 INFO  Saving current: saved/KGAT-Jan-30-2023_22-53-15.pth
Mon 30 Jan 2023 22:53:26 INFO  epoch 1 training [time: 4.63s, train_loss1: 17.4015, train_loss2: 396.8921]
Mon 30 Jan 2023 22:53:26 INFO  epoch 1 evaluating [time: 0.26s, valid_score: 0.089300]
Mon 30 Jan 2023 22:53:26 INFO  valid result: 
recall@10 : 0.0426    mrr@10 : 0.0893    ndcg@10 : 0.044    hit@10 : 0.2757    precision@10 : 0.0341
Mon 30 Jan 2023 22:53:26 INFO  Saving current: saved/KGAT-Jan-30-2023_22-53-15.pth
Mon 30 Jan 2023 22:53:35 INFO  epoch 2 training [time: 8.73s, train_loss1: 27.7591, train_loss2: 1172.6009]
Mon 30 Jan 2023 22:53:35 INFO  epoch 2 evaluating [time: 0.20s, valid_score: 0.102700]
Mon 30 Jan 2023 22:53:35 INFO  valid result: 
recall@10 : 0.039    mrr@10 : 0.1027    ndcg@10 : 0.0467    hit@10 : 0.2694    precision@10 : 0.0357
Mon 30 Jan 2023 22:53:35 INFO  Saving current: saved/KGAT-Jan-30-2023_22-53-15.pth
Mon 30 Jan 2023 22:53:40 INFO  epoch 3 training [time: 4.90s, train_loss1: 34.2574, train_loss2: 1740.6994]
Mon 30 Jan 2023 22:53:40 INFO  epoch 3 evaluating [time: 0.22s, valid_score: 0.084900]
Mon 30 Jan 2023 22:53:40 INFO  valid result: 
recall@10 : 0.0349    mrr@10 : 0.0849    ndcg@10 : 0.0406    hit@10 : 0.2492    precision@10 : 0.0329
Mon 30 Jan 2023 22:53:45 INFO  epoch 4 training [time: 4.81s, train_loss1: 38.7146, train_loss2: 1773.2181]
Mon 30 Jan 2023 22:53:45 INFO  epoch 4 evaluating [time: 0.24s, valid_score: 0.090900]
Mon 30 Jan 2023 22:53:45 INFO  valid result: 
recall@10 : 0.0364    mrr@10 : 0.0909    ndcg@10 : 0.0422    hit@10 : 0.2556    precision@10 : 0.0343
Mon 30 Jan 2023 22:53:50 INFO  epoch 5 training [time: 4.53s, train_loss1: 40.1240, train_loss2: 1935.4174]
Mon 30 Jan 2023 22:53:50 INFO  epoch 5 evaluating [time: 0.20s, valid_score: 0.093600]
Mon 30 Jan 2023 22:53:50 INFO  valid result: 
recall@10 : 0.0408    mrr@10 : 0.0936    ndcg@10 : 0.0437    hit@10 : 0.2725    precision@10 : 0.0351
Mon 30 Jan 2023 22:53:55 INFO  epoch 6 training [time: 4.53s, train_loss1: 42.4063, train_loss2: 1985.1735]
Mon 30 Jan 2023 22:53:55 INFO  epoch 6 evaluating [time: 0.20s, valid_score: 0.097200]
Mon 30 Jan 2023 22:53:55 INFO  valid result: 
recall@10 : 0.0405    mrr@10 : 0.0972    ndcg@10 : 0.0454    hit@10 : 0.263    precision@10 : 0.0345
Mon 30 Jan 2023 22:53:59 INFO  epoch 7 training [time: 4.54s, train_loss1: 43.1916, train_loss2: 2129.6602]
Mon 30 Jan 2023 22:53:59 INFO  epoch 7 evaluating [time: 0.21s, valid_score: 0.090000]
Mon 30 Jan 2023 22:53:59 INFO  valid result: 
recall@10 : 0.0353    mrr@10 : 0.09    ndcg@10 : 0.0415    hit@10 : 0.263    precision@10 : 0.0349
Mon 30 Jan 2023 22:54:04 INFO  epoch 8 training [time: 4.57s, train_loss1: 45.5477, train_loss2: 2189.9672]
Mon 30 Jan 2023 22:54:04 INFO  epoch 8 evaluating [time: 0.22s, valid_score: 0.093500]
Mon 30 Jan 2023 22:54:04 INFO  valid result: 
recall@10 : 0.0359    mrr@10 : 0.0935    ndcg@10 : 0.0424    hit@10 : 0.2577    precision@10 : 0.0346
Mon 30 Jan 2023 22:54:09 INFO  epoch 9 training [time: 4.71s, train_loss1: 48.6007, train_loss2: 2739.8279]
Mon 30 Jan 2023 22:54:09 INFO  epoch 9 evaluating [time: 0.20s, valid_score: 0.087500]
Mon 30 Jan 2023 22:54:09 INFO  valid result: 
recall@10 : 0.0309    mrr@10 : 0.0875    ndcg@10 : 0.0375    hit@10 : 0.2492    precision@10 : 0.0315
Mon 30 Jan 2023 22:54:14 INFO  epoch 10 training [time: 4.53s, train_loss1: 49.4218, train_loss2: 2860.3898]
Mon 30 Jan 2023 22:54:14 INFO  epoch 10 evaluating [time: 0.20s, valid_score: 0.083800]
Mon 30 Jan 2023 22:54:14 INFO  valid result: 
recall@10 : 0.0298    mrr@10 : 0.0838    ndcg@10 : 0.0365    hit@10 : 0.2365    precision@10 : 0.0301
Mon 30 Jan 2023 22:54:18 INFO  epoch 11 training [time: 4.55s, train_loss1: 51.0724, train_loss2: 3297.5480]
Mon 30 Jan 2023 22:54:19 INFO  epoch 11 evaluating [time: 0.21s, valid_score: 0.098600]
Mon 30 Jan 2023 22:54:19 INFO  valid result: 
recall@10 : 0.0314    mrr@10 : 0.0986    ndcg@10 : 0.0405    hit@10 : 0.2587    precision@10 : 0.0328
Mon 30 Jan 2023 22:54:23 INFO  epoch 12 training [time: 4.33s, train_loss1: 54.0971, train_loss2: 3330.1316]
Mon 30 Jan 2023 22:54:23 INFO  epoch 12 evaluating [time: 0.20s, valid_score: 0.085500]
Mon 30 Jan 2023 22:54:23 INFO  valid result: 
recall@10 : 0.0316    mrr@10 : 0.0855    ndcg@10 : 0.0375    hit@10 : 0.2344    precision@10 : 0.0304
Mon 30 Jan 2023 22:54:27 INFO  epoch 13 training [time: 4.26s, train_loss1: 54.9318, train_loss2: 3532.7557]
Mon 30 Jan 2023 22:54:28 INFO  epoch 13 evaluating [time: 0.20s, valid_score: 0.084500]
Mon 30 Jan 2023 22:54:28 INFO  valid result: 
recall@10 : 0.0263    mrr@10 : 0.0845    ndcg@10 : 0.0342    hit@10 : 0.2206    precision@10 : 0.0275
Mon 30 Jan 2023 22:54:28 INFO  Finished training, best eval result in epoch 2
Mon 30 Jan 2023 22:54:28 INFO  Loading model structure and parameters from saved/KGAT-Jan-30-2023_22-53-15.pth
Mon 30 Jan 2023 22:54:28 INFO  best valid : OrderedDict([('recall@10', 0.039), ('mrr@10', 0.1027), ('ndcg@10', 0.0467), ('hit@10', 0.2694), ('precision@10', 0.0357)])
Mon 30 Jan 2023 22:54:28 INFO  test result: OrderedDict([('recall@10', 0.044), ('mrr@10', 0.1226), ('ndcg@10', 0.0542), ('hit@10', 0.3107), ('precision@10', 0.0414)])
