Mon 30 Jan 2023 22:44:45 INFO  ['recbole_test.py', '--seed', '2020', '--aggr', 'bi', '--opti', 'adam', '--is_swa', 'true', '--is_momentum', 'false']
Mon 30 Jan 2023 22:44:45 INFO  
General Hyper Parameters:
gpu_id = 0
use_gpu = True
seed = 2020
state = INFO
reproducibility = True
data_path = /work/03/gu14/k36095/kgat_bai/recbole/config/../dataset_example/ml-100k
checkpoint_dir = saved
show_progress = True
save_dataset = True
dataset_save_path = None
save_dataloaders = False
dataloaders_save_path = None
log_wandb = False

Training Hyper Parameters:
epochs = 300
train_batch_size = 2048
learner = adam
learning_rate = 0.001
train_neg_sample_args = {'distribution': 'uniform', 'sample_num': 1, 'alpha': 1.0, 'dynamic': False, 'candidate_num': 0}
eval_step = 1
stopping_step = 10
clip_grad_norm = None
weight_decay = 0.0
loss_decimal_place = 4

Evaluation Hyper Parameters:
eval_args = {'split': {'RS': [0.8, 0.1, 0.1]}, 'group_by': 'user', 'order': 'RO', 'mode': 'full'}
repeatable = False
metrics = ['Recall', 'MRR', 'NDCG', 'Hit', 'Precision']
topk = [10]
valid_metric = MRR@10
valid_metric_bigger = True
eval_batch_size = 4096
metric_decimal_place = 4

Dataset Hyper Parameters:
field_separator = 	
seq_separator =  
USER_ID_FIELD = user_id
ITEM_ID_FIELD = item_id
RATING_FIELD = rating
TIME_FIELD = timestamp
seq_len = None
LABEL_FIELD = label
threshold = None
NEG_PREFIX = neg_
load_col = {'inter': ['user_id', 'item_id', 'rating', 'timestamp'], 'kg': ['head_id', 'relation_id', 'tail_id'], 'link': ['item_id', 'entity_id']}
unload_col = None
unused_col = None
additional_feat_suffix = None
rm_dup_inter = None
val_interval = None
filter_inter_by_user_or_item = True
user_inter_num_interval = None
item_inter_num_interval = None
alias_of_user_id = None
alias_of_item_id = None
alias_of_entity_id = None
alias_of_relation_id = None
preload_weight = None
normalize_field = None
normalize_all = True
ITEM_LIST_LENGTH_FIELD = item_length
LIST_SUFFIX = _list
MAX_ITEM_LIST_LENGTH = 50
POSITION_FIELD = position_id
HEAD_ENTITY_ID_FIELD = head_id
TAIL_ENTITY_ID_FIELD = tail_id
RELATION_ID_FIELD = relation_id
ENTITY_ID_FIELD = entity_id
kg_reverse_r = False
entity_kg_num_interval = [0,inf)
relation_kg_num_interval = [0,inf)
benchmark_filename = None

Other Hyper Parameters: 
worker = 0
wandb_project = recbole
shuffle = True
require_pow = False
enable_amp = False
enable_scaler = False
transform = None
embedding_size = 64
kg_embedding_size = 64
layers = [64]
mess_dropout = 0.1
reg_weight = 1e-05
aggregator_type = bi
numerical_features = []
discretization = None
MODEL_TYPE = ModelType.KNOWLEDGE
is_swa = 1
is_momentum = 0
MODEL_INPUT_TYPE = InputType.PAIRWISE
eval_type = EvaluatorType.RANKING
single_spec = True
local_rank = 0
device = cpu
eval_neg_sample_args = {'distribution': 'uniform', 'sample_num': 'none'}


Mon 30 Jan 2023 22:44:46 INFO  Saving filtered dataset into [saved/ml-100k-dataset.pth]
Mon 30 Jan 2023 22:44:46 INFO  ml-100k
The number of users: 944
Average actions of users: 103.4506892895016
The number of items: 1599
Average actions of items: 61.04755944931164
The number of inters: 97554
The sparsity of the dataset: 93.53714185772888%
Remain Fields: ['entity_id', 'user_id', 'item_id', 'rating', 'timestamp', 'head_id', 'relation_id', 'tail_id']
The number of entities: 34629
The number of relations: 26
The number of triples: 91631
The number of items that have been linked to KG: 1598
Mon 30 Jan 2023 22:44:46 INFO  [Training]: train_batch_size = [2048] train_neg_sample_args: [{'distribution': 'uniform', 'sample_num': 1, 'alpha': 1.0, 'dynamic': False, 'candidate_num': 0}]
Mon 30 Jan 2023 22:44:46 INFO  [Evaluation]: eval_batch_size = [4096] eval_args: [{'split': {'RS': [0.8, 0.1, 0.1]}, 'group_by': 'user', 'order': 'RO', 'mode': 'full'}]
Mon 30 Jan 2023 22:44:47 INFO  KGAT(
  (user_embedding): Embedding(944, 64)
  (entity_embedding): Embedding(34629, 64)
  (relation_embedding): Embedding(26, 64)
  (trans_w): Embedding(26, 4096)
  (aggregator_layers): ModuleList(
    (0): Aggregator(
      (message_dropout): Dropout(p=0.1, inplace=False)
      (W1): Linear(in_features=64, out_features=64, bias=True)
      (W2): Linear(in_features=64, out_features=64, bias=True)
      (activation): LeakyReLU(negative_slope=0.01)
    )
  )
  (tanh): Tanh()
  (mf_loss): BPRLoss()
  (reg_loss): EmbLoss()
)
Trainable parameters: 2393152
Mon 30 Jan 2023 22:44:47 INFO  FLOPs: 291414016.0
Mon 30 Jan 2023 22:44:52 INFO  epoch 0 training [time: 5.05s, train_loss1: 18.9101, train_loss2: 38.9718]
Mon 30 Jan 2023 22:44:52 INFO  epoch 0 evaluating [time: 0.20s, valid_score: 0.093300]
Mon 30 Jan 2023 22:44:52 INFO  valid result: 
recall@10 : 0.0419    mrr@10 : 0.0933    ndcg@10 : 0.0446    hit@10 : 0.2672    precision@10 : 0.0339
Mon 30 Jan 2023 22:44:52 INFO  Saving current: saved/KGAT-Jan-30-2023_22-44-47.pth
Mon 30 Jan 2023 22:44:56 INFO  epoch 1 training [time: 4.04s, train_loss1: 17.0754, train_loss2: 428.3861]
Mon 30 Jan 2023 22:44:56 INFO  epoch 1 evaluating [time: 0.22s, valid_score: 0.084900]
Mon 30 Jan 2023 22:44:56 INFO  valid result: 
recall@10 : 0.0378    mrr@10 : 0.0849    ndcg@10 : 0.0411    hit@10 : 0.2407    precision@10 : 0.0311
Mon 30 Jan 2023 22:45:03 INFO  epoch 2 training [time: 6.28s, train_loss1: 28.3325, train_loss2: 1145.2873]
Mon 30 Jan 2023 22:45:03 INFO  epoch 2 evaluating [time: 0.26s, valid_score: 0.076000]
Mon 30 Jan 2023 22:45:03 INFO  valid result: 
recall@10 : 0.0303    mrr@10 : 0.076    ndcg@10 : 0.0342    hit@10 : 0.2248    precision@10 : 0.0271
Mon 30 Jan 2023 22:45:08 INFO  epoch 3 training [time: 5.08s, train_loss1: 35.6606, train_loss2: 1533.5837]
Mon 30 Jan 2023 22:45:08 INFO  epoch 3 evaluating [time: 0.20s, valid_score: 0.073400]
Mon 30 Jan 2023 22:45:08 INFO  valid result: 
recall@10 : 0.0316    mrr@10 : 0.0734    ndcg@10 : 0.0354    hit@10 : 0.2259    precision@10 : 0.0285
Mon 30 Jan 2023 22:45:13 INFO  epoch 4 training [time: 4.56s, train_loss1: 38.6789, train_loss2: 1894.7535]
Mon 30 Jan 2023 22:45:13 INFO  epoch 4 evaluating [time: 0.21s, valid_score: 0.086400]
Mon 30 Jan 2023 22:45:13 INFO  valid result: 
recall@10 : 0.0312    mrr@10 : 0.0864    ndcg@10 : 0.0379    hit@10 : 0.2365    precision@10 : 0.0303
Mon 30 Jan 2023 22:45:17 INFO  epoch 5 training [time: 4.29s, train_loss1: 40.8388, train_loss2: 1891.1695]
Mon 30 Jan 2023 22:45:17 INFO  epoch 5 evaluating [time: 0.20s, valid_score: 0.083500]
Mon 30 Jan 2023 22:45:17 INFO  valid result: 
recall@10 : 0.0338    mrr@10 : 0.0835    ndcg@10 : 0.0388    hit@10 : 0.2439    precision@10 : 0.0327
Mon 30 Jan 2023 22:45:22 INFO  epoch 6 training [time: 4.54s, train_loss1: 41.5059, train_loss2: 2019.6932]
Mon 30 Jan 2023 22:45:22 INFO  epoch 6 evaluating [time: 0.25s, valid_score: 0.076500]
Mon 30 Jan 2023 22:45:22 INFO  valid result: 
recall@10 : 0.0328    mrr@10 : 0.0765    ndcg@10 : 0.0358    hit@10 : 0.2375    precision@10 : 0.0301
Mon 30 Jan 2023 22:45:27 INFO  epoch 7 training [time: 5.30s, train_loss1: 44.4103, train_loss2: 2071.3946]
Mon 30 Jan 2023 22:45:28 INFO  epoch 7 evaluating [time: 0.25s, valid_score: 0.080700]
Mon 30 Jan 2023 22:45:28 INFO  valid result: 
recall@10 : 0.0334    mrr@10 : 0.0807    ndcg@10 : 0.0382    hit@10 : 0.2418    precision@10 : 0.0319
Mon 30 Jan 2023 22:45:33 INFO  epoch 8 training [time: 5.30s, train_loss1: 47.0444, train_loss2: 2304.2587]
Mon 30 Jan 2023 22:45:33 INFO  epoch 8 evaluating [time: 0.25s, valid_score: 0.071400]
Mon 30 Jan 2023 22:45:33 INFO  valid result: 
recall@10 : 0.0357    mrr@10 : 0.0714    ndcg@10 : 0.0365    hit@10 : 0.2439    precision@10 : 0.0306
Mon 30 Jan 2023 22:45:39 INFO  epoch 9 training [time: 5.32s, train_loss1: 49.2674, train_loss2: 2571.1679]
Mon 30 Jan 2023 22:45:39 INFO  epoch 9 evaluating [time: 0.25s, valid_score: 0.095600]
Mon 30 Jan 2023 22:45:39 INFO  valid result: 
recall@10 : 0.0402    mrr@10 : 0.0956    ndcg@10 : 0.045    hit@10 : 0.263    precision@10 : 0.0349
Mon 30 Jan 2023 22:45:39 INFO  Saving current: saved/KGAT-Jan-30-2023_22-44-47.pth
Mon 30 Jan 2023 22:45:44 INFO  epoch 10 training [time: 5.18s, train_loss1: 50.1691, train_loss2: 2982.7246]
Mon 30 Jan 2023 22:45:44 INFO  epoch 10 evaluating [time: 0.26s, valid_score: 0.095200]
Mon 30 Jan 2023 22:45:44 INFO  valid result: 
recall@10 : 0.0384    mrr@10 : 0.0952    ndcg@10 : 0.0421    hit@10 : 0.2725    precision@10 : 0.0335
Mon 30 Jan 2023 22:45:50 INFO  epoch 11 training [time: 5.18s, train_loss1: 51.9904, train_loss2: 3369.2284]
Mon 30 Jan 2023 22:45:50 INFO  epoch 11 evaluating [time: 0.22s, valid_score: 0.077700]
Mon 30 Jan 2023 22:45:50 INFO  valid result: 
recall@10 : 0.0382    mrr@10 : 0.0777    ndcg@10 : 0.0391    hit@10 : 0.2587    precision@10 : 0.0322
Mon 30 Jan 2023 22:45:54 INFO  epoch 12 training [time: 4.39s, train_loss1: 53.5974, train_loss2: 3726.8171]
Mon 30 Jan 2023 22:45:54 INFO  epoch 12 evaluating [time: 0.20s, valid_score: 0.073200]
Mon 30 Jan 2023 22:45:54 INFO  valid result: 
recall@10 : 0.0315    mrr@10 : 0.0732    ndcg@10 : 0.0336    hit@10 : 0.2227    precision@10 : 0.0264
Mon 30 Jan 2023 22:45:59 INFO  epoch 13 training [time: 4.35s, train_loss1: 56.9919, train_loss2: 3888.7760]
Mon 30 Jan 2023 22:45:59 INFO  epoch 13 evaluating [time: 0.20s, valid_score: 0.073000]
Mon 30 Jan 2023 22:45:59 INFO  valid result: 
recall@10 : 0.0315    mrr@10 : 0.073    ndcg@10 : 0.0342    hit@10 : 0.2163    precision@10 : 0.0271
Mon 30 Jan 2023 22:46:03 INFO  epoch 14 training [time: 4.43s, train_loss1: 59.4200, train_loss2: 3751.5710]
Mon 30 Jan 2023 22:46:04 INFO  epoch 14 evaluating [time: 0.19s, valid_score: 0.080400]
Mon 30 Jan 2023 22:46:04 INFO  valid result: 
recall@10 : 0.033    mrr@10 : 0.0804    ndcg@10 : 0.0371    hit@10 : 0.2185    precision@10 : 0.0273
Mon 30 Jan 2023 22:46:08 INFO  epoch 15 training [time: 4.10s, train_loss1: 60.2150, train_loss2: 3926.8130]
Mon 30 Jan 2023 22:46:08 INFO  epoch 15 evaluating [time: 0.19s, valid_score: 0.084900]
Mon 30 Jan 2023 22:46:08 INFO  valid result: 
recall@10 : 0.0327    mrr@10 : 0.0849    ndcg@10 : 0.0387    hit@10 : 0.2344    precision@10 : 0.0294
Mon 30 Jan 2023 22:46:12 INFO  epoch 16 training [time: 4.01s, train_loss1: 62.1655, train_loss2: 3706.8222]
Mon 30 Jan 2023 22:46:12 INFO  epoch 16 evaluating [time: 0.19s, valid_score: 0.083500]
Mon 30 Jan 2023 22:46:12 INFO  valid result: 
recall@10 : 0.0357    mrr@10 : 0.0835    ndcg@10 : 0.039    hit@10 : 0.2407    precision@10 : 0.0295
Mon 30 Jan 2023 22:46:16 INFO  epoch 17 training [time: 3.98s, train_loss1: 61.4732, train_loss2: 4214.8342]
Mon 30 Jan 2023 22:46:16 INFO  epoch 17 evaluating [time: 0.19s, valid_score: 0.097200]
Mon 30 Jan 2023 22:46:16 INFO  valid result: 
recall@10 : 0.0377    mrr@10 : 0.0972    ndcg@10 : 0.0436    hit@10 : 0.2492    precision@10 : 0.0308
Mon 30 Jan 2023 22:46:16 INFO  Saving current: saved/KGAT-Jan-30-2023_22-44-47.pth
Mon 30 Jan 2023 22:46:20 INFO  epoch 18 training [time: 3.96s, train_loss1: 61.3840, train_loss2: 4476.2093]
Mon 30 Jan 2023 22:46:20 INFO  epoch 18 evaluating [time: 0.20s, valid_score: 0.103500]
Mon 30 Jan 2023 22:46:20 INFO  valid result: 
recall@10 : 0.0394    mrr@10 : 0.1035    ndcg@10 : 0.0467    hit@10 : 0.2651    precision@10 : 0.0343
Mon 30 Jan 2023 22:46:21 INFO  Saving current: saved/KGAT-Jan-30-2023_22-44-47.pth
Mon 30 Jan 2023 22:46:25 INFO  epoch 19 training [time: 3.99s, train_loss1: 62.9704, train_loss2: 4709.5528]
Mon 30 Jan 2023 22:46:25 INFO  epoch 19 evaluating [time: 0.19s, valid_score: 0.095800]
Mon 30 Jan 2023 22:46:25 INFO  valid result: 
recall@10 : 0.039    mrr@10 : 0.0958    ndcg@10 : 0.0436    hit@10 : 0.2545    precision@10 : 0.031
Mon 30 Jan 2023 22:46:29 INFO  epoch 20 training [time: 3.83s, train_loss1: 65.0740, train_loss2: 4400.0141]
Mon 30 Jan 2023 22:46:29 INFO  epoch 20 evaluating [time: 0.19s, valid_score: 0.099000]
Mon 30 Jan 2023 22:46:29 INFO  valid result: 
recall@10 : 0.039    mrr@10 : 0.099    ndcg@10 : 0.0445    hit@10 : 0.2641    precision@10 : 0.0333
Mon 30 Jan 2023 22:46:33 INFO  epoch 21 training [time: 4.05s, train_loss1: 64.9254, train_loss2: 4231.5680]
Mon 30 Jan 2023 22:46:33 INFO  epoch 21 evaluating [time: 0.19s, valid_score: 0.100100]
Mon 30 Jan 2023 22:46:33 INFO  valid result: 
recall@10 : 0.0393    mrr@10 : 0.1001    ndcg@10 : 0.0454    hit@10 : 0.2672    precision@10 : 0.0337
Mon 30 Jan 2023 22:46:37 INFO  epoch 22 training [time: 3.88s, train_loss1: 66.4458, train_loss2: 4410.2953]
Mon 30 Jan 2023 22:46:37 INFO  epoch 22 evaluating [time: 0.19s, valid_score: 0.099400]
Mon 30 Jan 2023 22:46:37 INFO  valid result: 
recall@10 : 0.0392    mrr@10 : 0.0994    ndcg@10 : 0.0451    hit@10 : 0.2641    precision@10 : 0.033
Mon 30 Jan 2023 22:46:41 INFO  epoch 23 training [time: 3.92s, train_loss1: 66.0492, train_loss2: 4641.5512]
Mon 30 Jan 2023 22:46:41 INFO  epoch 23 evaluating [time: 0.19s, valid_score: 0.093200]
Mon 30 Jan 2023 22:46:41 INFO  valid result: 
recall@10 : 0.0415    mrr@10 : 0.0932    ndcg@10 : 0.0433    hit@10 : 0.2587    precision@10 : 0.0324
Mon 30 Jan 2023 22:46:45 INFO  epoch 24 training [time: 3.99s, train_loss1: 66.5892, train_loss2: 4573.1104]
Mon 30 Jan 2023 22:46:45 INFO  epoch 24 evaluating [time: 0.19s, valid_score: 0.091600]
Mon 30 Jan 2023 22:46:45 INFO  valid result: 
recall@10 : 0.0374    mrr@10 : 0.0916    ndcg@10 : 0.0418    hit@10 : 0.2566    precision@10 : 0.0309
Mon 30 Jan 2023 22:46:49 INFO  epoch 25 training [time: 3.96s, train_loss1: 68.0793, train_loss2: 4976.4690]
Mon 30 Jan 2023 22:46:50 INFO  epoch 25 evaluating [time: 0.19s, valid_score: 0.098800]
Mon 30 Jan 2023 22:46:50 INFO  valid result: 
recall@10 : 0.0414    mrr@10 : 0.0988    ndcg@10 : 0.0442    hit@10 : 0.2768    precision@10 : 0.0327
Mon 30 Jan 2023 22:46:54 INFO  epoch 26 training [time: 4.06s, train_loss1: 68.0902, train_loss2: 4764.3134]
Mon 30 Jan 2023 22:46:54 INFO  epoch 26 evaluating [time: 0.19s, valid_score: 0.099300]
Mon 30 Jan 2023 22:46:54 INFO  valid result: 
recall@10 : 0.0412    mrr@10 : 0.0993    ndcg@10 : 0.0451    hit@10 : 0.2683    precision@10 : 0.0336
Mon 30 Jan 2023 22:46:58 INFO  epoch 27 training [time: 4.18s, train_loss1: 68.6121, train_loss2: 4644.6192]
Mon 30 Jan 2023 22:46:58 INFO  epoch 27 evaluating [time: 0.20s, valid_score: 0.096900]
Mon 30 Jan 2023 22:46:58 INFO  valid result: 
recall@10 : 0.0397    mrr@10 : 0.0969    ndcg@10 : 0.0441    hit@10 : 0.263    precision@10 : 0.0333
Mon 30 Jan 2023 22:47:02 INFO  epoch 28 training [time: 4.27s, train_loss1: 71.6504, train_loss2: 5096.3502]
Mon 30 Jan 2023 22:47:03 INFO  epoch 28 evaluating [time: 0.19s, valid_score: 0.091600]
Mon 30 Jan 2023 22:47:03 INFO  valid result: 
recall@10 : 0.0421    mrr@10 : 0.0916    ndcg@10 : 0.0435    hit@10 : 0.2694    precision@10 : 0.0333
Mon 30 Jan 2023 22:47:07 INFO  epoch 29 training [time: 3.94s, train_loss1: 71.1248, train_loss2: 5655.4090]
Mon 30 Jan 2023 22:47:07 INFO  epoch 29 evaluating [time: 0.19s, valid_score: 0.088200]
Mon 30 Jan 2023 22:47:07 INFO  valid result: 
recall@10 : 0.0384    mrr@10 : 0.0882    ndcg@10 : 0.0402    hit@10 : 0.2524    precision@10 : 0.0308
Mon 30 Jan 2023 22:47:07 INFO  Finished training, best eval result in epoch 18
Mon 30 Jan 2023 22:47:07 INFO  Loading model structure and parameters from saved/KGAT-Jan-30-2023_22-44-47.pth
Mon 30 Jan 2023 22:47:07 INFO  best valid : OrderedDict([('recall@10', 0.0394), ('mrr@10', 0.1035), ('ndcg@10', 0.0467), ('hit@10', 0.2651), ('precision@10', 0.0343)])
Mon 30 Jan 2023 22:47:07 INFO  test result: OrderedDict([('recall@10', 0.0362), ('mrr@10', 0.0861), ('ndcg@10', 0.0396), ('hit@10', 0.2428), ('precision@10', 0.031)])
