Mon 30 Jan 2023 23:07:27 INFO  ['recbole_test.py', '--seed', '2020', '--aggr', 'bi', '--opti', 'sgd', '--is_swa', 'false', '--is_momentum', 'true']
Mon 30 Jan 2023 23:07:27 INFO  
General Hyper Parameters:
gpu_id = 0
use_gpu = True
seed = 2020
state = INFO
reproducibility = True
data_path = /work/03/gu14/k36095/kgat_bai/recbole/config/../dataset_example/ml-100k
checkpoint_dir = saved
show_progress = True
save_dataset = True
dataset_save_path = None
save_dataloaders = False
dataloaders_save_path = None
log_wandb = False

Training Hyper Parameters:
epochs = 300
train_batch_size = 2048
learner = sgd
learning_rate = 0.001
train_neg_sample_args = {'distribution': 'uniform', 'sample_num': 1, 'alpha': 1.0, 'dynamic': False, 'candidate_num': 0}
eval_step = 1
stopping_step = 10
clip_grad_norm = None
weight_decay = 0.0
loss_decimal_place = 4

Evaluation Hyper Parameters:
eval_args = {'split': {'RS': [0.8, 0.1, 0.1]}, 'group_by': 'user', 'order': 'RO', 'mode': 'full'}
repeatable = False
metrics = ['Recall', 'MRR', 'NDCG', 'Hit', 'Precision']
topk = [10]
valid_metric = MRR@10
valid_metric_bigger = True
eval_batch_size = 4096
metric_decimal_place = 4

Dataset Hyper Parameters:
field_separator = 	
seq_separator =  
USER_ID_FIELD = user_id
ITEM_ID_FIELD = item_id
RATING_FIELD = rating
TIME_FIELD = timestamp
seq_len = None
LABEL_FIELD = label
threshold = None
NEG_PREFIX = neg_
load_col = {'inter': ['user_id', 'item_id', 'rating', 'timestamp'], 'kg': ['head_id', 'relation_id', 'tail_id'], 'link': ['item_id', 'entity_id']}
unload_col = None
unused_col = None
additional_feat_suffix = None
rm_dup_inter = None
val_interval = None
filter_inter_by_user_or_item = True
user_inter_num_interval = None
item_inter_num_interval = None
alias_of_user_id = None
alias_of_item_id = None
alias_of_entity_id = None
alias_of_relation_id = None
preload_weight = None
normalize_field = None
normalize_all = True
ITEM_LIST_LENGTH_FIELD = item_length
LIST_SUFFIX = _list
MAX_ITEM_LIST_LENGTH = 50
POSITION_FIELD = position_id
HEAD_ENTITY_ID_FIELD = head_id
TAIL_ENTITY_ID_FIELD = tail_id
RELATION_ID_FIELD = relation_id
ENTITY_ID_FIELD = entity_id
kg_reverse_r = False
entity_kg_num_interval = [0,inf)
relation_kg_num_interval = [0,inf)
benchmark_filename = None

Other Hyper Parameters: 
worker = 0
wandb_project = recbole
shuffle = True
require_pow = False
enable_amp = False
enable_scaler = False
transform = None
embedding_size = 64
kg_embedding_size = 64
layers = [64]
mess_dropout = 0.1
reg_weight = 1e-05
aggregator_type = bi
numerical_features = []
discretization = None
MODEL_TYPE = ModelType.KNOWLEDGE
is_swa = 0
is_momentum = 1
MODEL_INPUT_TYPE = InputType.PAIRWISE
eval_type = EvaluatorType.RANKING
single_spec = True
local_rank = 0
device = cpu
eval_neg_sample_args = {'distribution': 'uniform', 'sample_num': 'none'}


Mon 30 Jan 2023 23:07:28 INFO  Saving filtered dataset into [saved/ml-100k-dataset.pth]
Mon 30 Jan 2023 23:07:28 INFO  ml-100k
The number of users: 944
Average actions of users: 103.4506892895016
The number of items: 1599
Average actions of items: 61.04755944931164
The number of inters: 97554
The sparsity of the dataset: 93.53714185772888%
Remain Fields: ['entity_id', 'user_id', 'item_id', 'rating', 'timestamp', 'head_id', 'relation_id', 'tail_id']
The number of entities: 34629
The number of relations: 26
The number of triples: 91631
The number of items that have been linked to KG: 1598
Mon 30 Jan 2023 23:07:28 INFO  [Training]: train_batch_size = [2048] train_neg_sample_args: [{'distribution': 'uniform', 'sample_num': 1, 'alpha': 1.0, 'dynamic': False, 'candidate_num': 0}]
Mon 30 Jan 2023 23:07:28 INFO  [Evaluation]: eval_batch_size = [4096] eval_args: [{'split': {'RS': [0.8, 0.1, 0.1]}, 'group_by': 'user', 'order': 'RO', 'mode': 'full'}]
Mon 30 Jan 2023 23:07:30 INFO  KGAT(
  (user_embedding): Embedding(944, 64)
  (entity_embedding): Embedding(34629, 64)
  (relation_embedding): Embedding(26, 64)
  (trans_w): Embedding(26, 4096)
  (aggregator_layers): ModuleList(
    (0): Aggregator(
      (message_dropout): Dropout(p=0.1, inplace=False)
      (W1): Linear(in_features=64, out_features=64, bias=True)
      (W2): Linear(in_features=64, out_features=64, bias=True)
      (activation): LeakyReLU(negative_slope=0.01)
    )
  )
  (tanh): Tanh()
  (mf_loss): BPRLoss()
  (reg_loss): EmbLoss()
)
Trainable parameters: 2393152
Mon 30 Jan 2023 23:07:30 INFO  FLOPs: 291414016.0
Mon 30 Jan 2023 23:07:35 INFO  epoch 0 training [time: 4.46s, train_loss1: 26.6703, train_loss2: 31.1894]
Mon 30 Jan 2023 23:07:35 INFO  epoch 0 evaluating [time: 0.23s, valid_score: 0.015600]
Mon 30 Jan 2023 23:07:35 INFO  valid result: 
recall@10 : 0.0048    mrr@10 : 0.0156    ndcg@10 : 0.0062    hit@10 : 0.0541    precision@10 : 0.0057
Mon 30 Jan 2023 23:07:35 INFO  Saving current: saved/KGAT-Jan-30-2023_23-07-30.pth
Mon 30 Jan 2023 23:07:39 INFO  epoch 1 training [time: 4.16s, train_loss1: 26.8021, train_loss2: 31.1887]
Mon 30 Jan 2023 23:07:40 INFO  epoch 1 evaluating [time: 0.19s, valid_score: 0.018300]
Mon 30 Jan 2023 23:07:40 INFO  valid result: 
recall@10 : 0.0055    mrr@10 : 0.0183    ndcg@10 : 0.0074    hit@10 : 0.0689    precision@10 : 0.0073
Mon 30 Jan 2023 23:07:40 INFO  Saving current: saved/KGAT-Jan-30-2023_23-07-30.pth
Mon 30 Jan 2023 23:07:44 INFO  epoch 2 training [time: 4.17s, train_loss1: 26.6368, train_loss2: 31.1879]
Mon 30 Jan 2023 23:07:44 INFO  epoch 2 evaluating [time: 0.19s, valid_score: 0.017700]
Mon 30 Jan 2023 23:07:44 INFO  valid result: 
recall@10 : 0.0055    mrr@10 : 0.0177    ndcg@10 : 0.0072    hit@10 : 0.0689    precision@10 : 0.0073
Mon 30 Jan 2023 23:07:48 INFO  epoch 3 training [time: 4.12s, train_loss1: 26.5246, train_loss2: 31.1875]
Mon 30 Jan 2023 23:07:48 INFO  epoch 3 evaluating [time: 0.19s, valid_score: 0.020300]
Mon 30 Jan 2023 23:07:48 INFO  valid result: 
recall@10 : 0.0064    mrr@10 : 0.0203    ndcg@10 : 0.0081    hit@10 : 0.0732    precision@10 : 0.0077
Mon 30 Jan 2023 23:07:48 INFO  Saving current: saved/KGAT-Jan-30-2023_23-07-30.pth
Mon 30 Jan 2023 23:07:52 INFO  epoch 4 training [time: 4.08s, train_loss1: 26.4359, train_loss2: 31.1864]
Mon 30 Jan 2023 23:07:53 INFO  epoch 4 evaluating [time: 0.19s, valid_score: 0.019800]
Mon 30 Jan 2023 23:07:53 INFO  valid result: 
recall@10 : 0.007    mrr@10 : 0.0198    ndcg@10 : 0.0084    hit@10 : 0.0785    precision@10 : 0.0083
Mon 30 Jan 2023 23:07:57 INFO  epoch 5 training [time: 4.13s, train_loss1: 26.3415, train_loss2: 31.1859]
Mon 30 Jan 2023 23:07:57 INFO  epoch 5 evaluating [time: 0.19s, valid_score: 0.020600]
Mon 30 Jan 2023 23:07:57 INFO  valid result: 
recall@10 : 0.0069    mrr@10 : 0.0206    ndcg@10 : 0.0086    hit@10 : 0.0774    precision@10 : 0.0084
Mon 30 Jan 2023 23:07:57 INFO  Saving current: saved/KGAT-Jan-30-2023_23-07-30.pth
Mon 30 Jan 2023 23:08:01 INFO  epoch 6 training [time: 4.09s, train_loss1: 26.2324, train_loss2: 31.1854]
Mon 30 Jan 2023 23:08:01 INFO  epoch 6 evaluating [time: 0.19s, valid_score: 0.022300]
Mon 30 Jan 2023 23:08:01 INFO  valid result: 
recall@10 : 0.0078    mrr@10 : 0.0223    ndcg@10 : 0.0094    hit@10 : 0.0827    precision@10 : 0.009
Mon 30 Jan 2023 23:08:01 INFO  Saving current: saved/KGAT-Jan-30-2023_23-07-30.pth
Mon 30 Jan 2023 23:08:05 INFO  epoch 7 training [time: 4.06s, train_loss1: 26.1393, train_loss2: 31.1852]
Mon 30 Jan 2023 23:08:06 INFO  epoch 7 evaluating [time: 0.22s, valid_score: 0.023500]
Mon 30 Jan 2023 23:08:06 INFO  valid result: 
recall@10 : 0.0081    mrr@10 : 0.0235    ndcg@10 : 0.0098    hit@10 : 0.0817    precision@10 : 0.0092
Mon 30 Jan 2023 23:08:06 INFO  Saving current: saved/KGAT-Jan-30-2023_23-07-30.pth
Mon 30 Jan 2023 23:08:09 INFO  epoch 8 training [time: 3.81s, train_loss1: 26.0694, train_loss2: 31.1849]
Mon 30 Jan 2023 23:08:10 INFO  epoch 8 evaluating [time: 0.19s, valid_score: 0.022300]
Mon 30 Jan 2023 23:08:10 INFO  valid result: 
recall@10 : 0.0084    mrr@10 : 0.0223    ndcg@10 : 0.0099    hit@10 : 0.087    precision@10 : 0.0098
Mon 30 Jan 2023 23:08:14 INFO  epoch 9 training [time: 4.04s, train_loss1: 25.9688, train_loss2: 31.1835]
Mon 30 Jan 2023 23:08:14 INFO  epoch 9 evaluating [time: 0.19s, valid_score: 0.024400]
Mon 30 Jan 2023 23:08:14 INFO  valid result: 
recall@10 : 0.0085    mrr@10 : 0.0244    ndcg@10 : 0.0107    hit@10 : 0.0923    precision@10 : 0.0105
Mon 30 Jan 2023 23:08:14 INFO  Saving current: saved/KGAT-Jan-30-2023_23-07-30.pth
Mon 30 Jan 2023 23:08:18 INFO  epoch 10 training [time: 4.06s, train_loss1: 25.8808, train_loss2: 31.1833]
Mon 30 Jan 2023 23:08:18 INFO  epoch 10 evaluating [time: 0.20s, valid_score: 0.025900]
Mon 30 Jan 2023 23:08:18 INFO  valid result: 
recall@10 : 0.0098    mrr@10 : 0.0259    ndcg@10 : 0.0114    hit@10 : 0.0976    precision@10 : 0.0109
Mon 30 Jan 2023 23:08:18 INFO  Saving current: saved/KGAT-Jan-30-2023_23-07-30.pth
Mon 30 Jan 2023 23:08:22 INFO  epoch 11 training [time: 3.98s, train_loss1: 25.8043, train_loss2: 31.1825]
Mon 30 Jan 2023 23:08:22 INFO  epoch 11 evaluating [time: 0.19s, valid_score: 0.025700]
Mon 30 Jan 2023 23:08:22 INFO  valid result: 
recall@10 : 0.0109    mrr@10 : 0.0257    ndcg@10 : 0.012    hit@10 : 0.1029    precision@10 : 0.0118
Mon 30 Jan 2023 23:08:27 INFO  epoch 12 training [time: 4.08s, train_loss1: 25.7220, train_loss2: 31.1822]
Mon 30 Jan 2023 23:08:27 INFO  epoch 12 evaluating [time: 0.19s, valid_score: 0.025600]
Mon 30 Jan 2023 23:08:27 INFO  valid result: 
recall@10 : 0.0115    mrr@10 : 0.0256    ndcg@10 : 0.0123    hit@10 : 0.106    precision@10 : 0.0122
Mon 30 Jan 2023 23:08:31 INFO  epoch 13 training [time: 4.12s, train_loss1: 25.6481, train_loss2: 31.1813]
Mon 30 Jan 2023 23:08:31 INFO  epoch 13 evaluating [time: 0.19s, valid_score: 0.025700]
Mon 30 Jan 2023 23:08:31 INFO  valid result: 
recall@10 : 0.0116    mrr@10 : 0.0257    ndcg@10 : 0.0124    hit@10 : 0.1071    precision@10 : 0.0125
Mon 30 Jan 2023 23:08:35 INFO  epoch 14 training [time: 4.08s, train_loss1: 25.5710, train_loss2: 31.1805]
Mon 30 Jan 2023 23:08:35 INFO  epoch 14 evaluating [time: 0.21s, valid_score: 0.028700]
Mon 30 Jan 2023 23:08:35 INFO  valid result: 
recall@10 : 0.0121    mrr@10 : 0.0287    ndcg@10 : 0.0133    hit@10 : 0.1092    precision@10 : 0.0128
Mon 30 Jan 2023 23:08:35 INFO  Saving current: saved/KGAT-Jan-30-2023_23-07-30.pth
Mon 30 Jan 2023 23:08:39 INFO  epoch 15 training [time: 3.99s, train_loss1: 25.5022, train_loss2: 31.1800]
Mon 30 Jan 2023 23:08:40 INFO  epoch 15 evaluating [time: 0.19s, valid_score: 0.028600]
Mon 30 Jan 2023 23:08:40 INFO  valid result: 
recall@10 : 0.011    mrr@10 : 0.0286    ndcg@10 : 0.013    hit@10 : 0.1082    precision@10 : 0.0125
Mon 30 Jan 2023 23:08:44 INFO  epoch 16 training [time: 4.02s, train_loss1: 25.4261, train_loss2: 31.1799]
Mon 30 Jan 2023 23:08:44 INFO  epoch 16 evaluating [time: 0.19s, valid_score: 0.027700]
Mon 30 Jan 2023 23:08:44 INFO  valid result: 
recall@10 : 0.0114    mrr@10 : 0.0277    ndcg@10 : 0.0131    hit@10 : 0.1082    precision@10 : 0.0127
Mon 30 Jan 2023 23:08:48 INFO  epoch 17 training [time: 3.90s, train_loss1: 25.3773, train_loss2: 31.1792]
Mon 30 Jan 2023 23:08:48 INFO  epoch 17 evaluating [time: 0.19s, valid_score: 0.031700]
Mon 30 Jan 2023 23:08:48 INFO  valid result: 
recall@10 : 0.0123    mrr@10 : 0.0317    ndcg@10 : 0.0141    hit@10 : 0.1135    precision@10 : 0.0129
Mon 30 Jan 2023 23:08:48 INFO  Saving current: saved/KGAT-Jan-30-2023_23-07-30.pth
Mon 30 Jan 2023 23:08:52 INFO  epoch 18 training [time: 3.86s, train_loss1: 25.2865, train_loss2: 31.1784]
Mon 30 Jan 2023 23:08:52 INFO  epoch 18 evaluating [time: 0.19s, valid_score: 0.032800]
Mon 30 Jan 2023 23:08:52 INFO  valid result: 
recall@10 : 0.0135    mrr@10 : 0.0328    ndcg@10 : 0.0151    hit@10 : 0.1198    precision@10 : 0.014
Mon 30 Jan 2023 23:08:52 INFO  Saving current: saved/KGAT-Jan-30-2023_23-07-30.pth
Mon 30 Jan 2023 23:08:56 INFO  epoch 19 training [time: 3.84s, train_loss1: 25.2308, train_loss2: 31.1776]
Mon 30 Jan 2023 23:08:56 INFO  epoch 19 evaluating [time: 0.19s, valid_score: 0.032600]
Mon 30 Jan 2023 23:08:56 INFO  valid result: 
recall@10 : 0.0154    mrr@10 : 0.0326    ndcg@10 : 0.0163    hit@10 : 0.1304    precision@10 : 0.0157
Mon 30 Jan 2023 23:09:00 INFO  epoch 20 training [time: 3.97s, train_loss1: 25.1605, train_loss2: 31.1774]
Mon 30 Jan 2023 23:09:00 INFO  epoch 20 evaluating [time: 0.19s, valid_score: 0.035600]
Mon 30 Jan 2023 23:09:00 INFO  valid result: 
recall@10 : 0.0154    mrr@10 : 0.0356    ndcg@10 : 0.0171    hit@10 : 0.1304    precision@10 : 0.016
Mon 30 Jan 2023 23:09:00 INFO  Saving current: saved/KGAT-Jan-30-2023_23-07-30.pth
Mon 30 Jan 2023 23:09:04 INFO  epoch 21 training [time: 3.90s, train_loss1: 25.1052, train_loss2: 31.1763]
Mon 30 Jan 2023 23:09:04 INFO  epoch 21 evaluating [time: 0.19s, valid_score: 0.035400]
Mon 30 Jan 2023 23:09:04 INFO  valid result: 
recall@10 : 0.0135    mrr@10 : 0.0354    ndcg@10 : 0.0165    hit@10 : 0.1241    precision@10 : 0.0147
Mon 30 Jan 2023 23:09:08 INFO  epoch 22 training [time: 3.98s, train_loss1: 25.0583, train_loss2: 31.1758]
Mon 30 Jan 2023 23:09:09 INFO  epoch 22 evaluating [time: 0.19s, valid_score: 0.036500]
Mon 30 Jan 2023 23:09:09 INFO  valid result: 
recall@10 : 0.0152    mrr@10 : 0.0365    ndcg@10 : 0.0176    hit@10 : 0.1389    precision@10 : 0.0166
Mon 30 Jan 2023 23:09:09 INFO  Saving current: saved/KGAT-Jan-30-2023_23-07-30.pth
Mon 30 Jan 2023 23:09:13 INFO  epoch 23 training [time: 3.94s, train_loss1: 24.9763, train_loss2: 31.1748]
Mon 30 Jan 2023 23:09:13 INFO  epoch 23 evaluating [time: 0.20s, valid_score: 0.034900]
Mon 30 Jan 2023 23:09:13 INFO  valid result: 
recall@10 : 0.0169    mrr@10 : 0.0349    ndcg@10 : 0.0178    hit@10 : 0.1379    precision@10 : 0.0172
Mon 30 Jan 2023 23:09:16 INFO  epoch 24 training [time: 3.69s, train_loss1: 24.9156, train_loss2: 31.1743]
Mon 30 Jan 2023 23:09:17 INFO  epoch 24 evaluating [time: 0.19s, valid_score: 0.039000]
Mon 30 Jan 2023 23:09:17 INFO  valid result: 
recall@10 : 0.0171    mrr@10 : 0.039    ndcg@10 : 0.0194    hit@10 : 0.141    precision@10 : 0.0179
Mon 30 Jan 2023 23:09:17 INFO  Saving current: saved/KGAT-Jan-30-2023_23-07-30.pth
Mon 30 Jan 2023 23:09:21 INFO  epoch 25 training [time: 3.94s, train_loss1: 24.8512, train_loss2: 31.1732]
Mon 30 Jan 2023 23:09:21 INFO  epoch 25 evaluating [time: 0.19s, valid_score: 0.041700]
Mon 30 Jan 2023 23:09:21 INFO  valid result: 
recall@10 : 0.0167    mrr@10 : 0.0417    ndcg@10 : 0.0199    hit@10 : 0.1453    precision@10 : 0.018
Mon 30 Jan 2023 23:09:21 INFO  Saving current: saved/KGAT-Jan-30-2023_23-07-30.pth
Mon 30 Jan 2023 23:09:25 INFO  epoch 26 training [time: 3.90s, train_loss1: 24.7785, train_loss2: 31.1725]
Mon 30 Jan 2023 23:09:25 INFO  epoch 26 evaluating [time: 0.19s, valid_score: 0.039400]
Mon 30 Jan 2023 23:09:25 INFO  valid result: 
recall@10 : 0.0174    mrr@10 : 0.0394    ndcg@10 : 0.0196    hit@10 : 0.1495    precision@10 : 0.0183
Mon 30 Jan 2023 23:09:29 INFO  epoch 27 training [time: 4.03s, train_loss1: 24.7196, train_loss2: 31.1719]
Mon 30 Jan 2023 23:09:29 INFO  epoch 27 evaluating [time: 0.19s, valid_score: 0.041100]
Mon 30 Jan 2023 23:09:29 INFO  valid result: 
recall@10 : 0.0169    mrr@10 : 0.0411    ndcg@10 : 0.0204    hit@10 : 0.1474    precision@10 : 0.0191
Mon 30 Jan 2023 23:09:33 INFO  epoch 28 training [time: 4.05s, train_loss1: 24.6965, train_loss2: 31.1711]
Mon 30 Jan 2023 23:09:33 INFO  epoch 28 evaluating [time: 0.19s, valid_score: 0.041900]
Mon 30 Jan 2023 23:09:33 INFO  valid result: 
recall@10 : 0.0169    mrr@10 : 0.0419    ndcg@10 : 0.0205    hit@10 : 0.1516    precision@10 : 0.0195
Mon 30 Jan 2023 23:09:33 INFO  Saving current: saved/KGAT-Jan-30-2023_23-07-30.pth
Mon 30 Jan 2023 23:09:37 INFO  epoch 29 training [time: 3.97s, train_loss1: 24.6083, train_loss2: 31.1705]
Mon 30 Jan 2023 23:09:38 INFO  epoch 29 evaluating [time: 0.24s, valid_score: 0.040800]
Mon 30 Jan 2023 23:09:38 INFO  valid result: 
recall@10 : 0.0172    mrr@10 : 0.0408    ndcg@10 : 0.0207    hit@10 : 0.1538    precision@10 : 0.0197
Mon 30 Jan 2023 23:09:41 INFO  epoch 30 training [time: 3.73s, train_loss1: 24.5344, train_loss2: 31.1697]
Mon 30 Jan 2023 23:09:42 INFO  epoch 30 evaluating [time: 0.19s, valid_score: 0.043300]
Mon 30 Jan 2023 23:09:42 INFO  valid result: 
recall@10 : 0.0192    mrr@10 : 0.0433    ndcg@10 : 0.0214    hit@10 : 0.1622    precision@10 : 0.02
Mon 30 Jan 2023 23:09:42 INFO  Saving current: saved/KGAT-Jan-30-2023_23-07-30.pth
Mon 30 Jan 2023 23:09:46 INFO  epoch 31 training [time: 3.98s, train_loss1: 24.4849, train_loss2: 31.1688]
Mon 30 Jan 2023 23:09:46 INFO  epoch 31 evaluating [time: 0.19s, valid_score: 0.043400]
Mon 30 Jan 2023 23:09:46 INFO  valid result: 
recall@10 : 0.0189    mrr@10 : 0.0434    ndcg@10 : 0.0218    hit@10 : 0.1622    precision@10 : 0.0205
Mon 30 Jan 2023 23:09:46 INFO  Saving current: saved/KGAT-Jan-30-2023_23-07-30.pth
Mon 30 Jan 2023 23:09:50 INFO  epoch 32 training [time: 4.06s, train_loss1: 24.3870, train_loss2: 31.1676]
Mon 30 Jan 2023 23:09:50 INFO  epoch 32 evaluating [time: 0.19s, valid_score: 0.044800]
Mon 30 Jan 2023 23:09:50 INFO  valid result: 
recall@10 : 0.0186    mrr@10 : 0.0448    ndcg@10 : 0.022    hit@10 : 0.1633    precision@10 : 0.0204
Mon 30 Jan 2023 23:09:50 INFO  Saving current: saved/KGAT-Jan-30-2023_23-07-30.pth
Mon 30 Jan 2023 23:09:54 INFO  epoch 33 training [time: 4.01s, train_loss1: 24.2975, train_loss2: 31.1671]
Mon 30 Jan 2023 23:09:54 INFO  epoch 33 evaluating [time: 0.19s, valid_score: 0.048200]
Mon 30 Jan 2023 23:09:54 INFO  valid result: 
recall@10 : 0.0198    mrr@10 : 0.0482    ndcg@10 : 0.0234    hit@10 : 0.1718    precision@10 : 0.0216
Mon 30 Jan 2023 23:09:54 INFO  Saving current: saved/KGAT-Jan-30-2023_23-07-30.pth
Mon 30 Jan 2023 23:09:58 INFO  epoch 34 training [time: 3.94s, train_loss1: 24.1725, train_loss2: 31.1664]
Mon 30 Jan 2023 23:09:59 INFO  epoch 34 evaluating [time: 0.19s, valid_score: 0.050400]
Mon 30 Jan 2023 23:09:59 INFO  valid result: 
recall@10 : 0.0201    mrr@10 : 0.0504    ndcg@10 : 0.0239    hit@10 : 0.1845    precision@10 : 0.0227
Mon 30 Jan 2023 23:09:59 INFO  Saving current: saved/KGAT-Jan-30-2023_23-07-30.pth
Mon 30 Jan 2023 23:10:02 INFO  epoch 35 training [time: 3.81s, train_loss1: 24.0627, train_loss2: 31.1655]
Mon 30 Jan 2023 23:10:03 INFO  epoch 35 evaluating [time: 0.19s, valid_score: 0.047600]
Mon 30 Jan 2023 23:10:03 INFO  valid result: 
recall@10 : 0.0206    mrr@10 : 0.0476    ndcg@10 : 0.0239    hit@10 : 0.175    precision@10 : 0.022
Mon 30 Jan 2023 23:10:07 INFO  epoch 36 training [time: 4.02s, train_loss1: 23.8331, train_loss2: 31.1639]
Mon 30 Jan 2023 23:10:07 INFO  epoch 36 evaluating [time: 0.19s, valid_score: 0.046700]
Mon 30 Jan 2023 23:10:07 INFO  valid result: 
recall@10 : 0.0204    mrr@10 : 0.0467    ndcg@10 : 0.0234    hit@10 : 0.1707    precision@10 : 0.0216
Mon 30 Jan 2023 23:10:11 INFO  epoch 37 training [time: 4.10s, train_loss1: 23.5184, train_loss2: 31.1634]
Mon 30 Jan 2023 23:10:11 INFO  epoch 37 evaluating [time: 0.22s, valid_score: 0.053400]
Mon 30 Jan 2023 23:10:11 INFO  valid result: 
recall@10 : 0.0225    mrr@10 : 0.0534    ndcg@10 : 0.0261    hit@10 : 0.1909    precision@10 : 0.0241
Mon 30 Jan 2023 23:10:11 INFO  Saving current: saved/KGAT-Jan-30-2023_23-07-30.pth
Mon 30 Jan 2023 23:10:15 INFO  epoch 38 training [time: 3.87s, train_loss1: 23.2434, train_loss2: 31.1624]
Mon 30 Jan 2023 23:10:15 INFO  epoch 38 evaluating [time: 0.19s, valid_score: 0.054100]
Mon 30 Jan 2023 23:10:15 INFO  valid result: 
recall@10 : 0.0226    mrr@10 : 0.0541    ndcg@10 : 0.0264    hit@10 : 0.1888    precision@10 : 0.0244
Mon 30 Jan 2023 23:10:15 INFO  Saving current: saved/KGAT-Jan-30-2023_23-07-30.pth
Mon 30 Jan 2023 23:10:19 INFO  epoch 39 training [time: 4.12s, train_loss1: 22.9390, train_loss2: 31.1613]
Mon 30 Jan 2023 23:10:20 INFO  epoch 39 evaluating [time: 0.19s, valid_score: 0.059200]
Mon 30 Jan 2023 23:10:20 INFO  valid result: 
recall@10 : 0.0243    mrr@10 : 0.0592    ndcg@10 : 0.0282    hit@10 : 0.2025    precision@10 : 0.0258
Mon 30 Jan 2023 23:10:20 INFO  Saving current: saved/KGAT-Jan-30-2023_23-07-30.pth
Mon 30 Jan 2023 23:10:24 INFO  epoch 40 training [time: 4.16s, train_loss1: 22.6436, train_loss2: 31.1605]
Mon 30 Jan 2023 23:10:24 INFO  epoch 40 evaluating [time: 0.19s, valid_score: 0.061000]
Mon 30 Jan 2023 23:10:24 INFO  valid result: 
recall@10 : 0.0262    mrr@10 : 0.061    ndcg@10 : 0.0298    hit@10 : 0.21    precision@10 : 0.0266
Mon 30 Jan 2023 23:10:24 INFO  Saving current: saved/KGAT-Jan-30-2023_23-07-30.pth
Mon 30 Jan 2023 23:10:28 INFO  epoch 41 training [time: 4.20s, train_loss1: 22.4088, train_loss2: 31.1592]
Mon 30 Jan 2023 23:10:29 INFO  epoch 41 evaluating [time: 0.19s, valid_score: 0.063900]
Mon 30 Jan 2023 23:10:29 INFO  valid result: 
recall@10 : 0.0255    mrr@10 : 0.0639    ndcg@10 : 0.0301    hit@10 : 0.2036    precision@10 : 0.0263
Mon 30 Jan 2023 23:10:29 INFO  Saving current: saved/KGAT-Jan-30-2023_23-07-30.pth
Mon 30 Jan 2023 23:10:33 INFO  epoch 42 training [time: 4.10s, train_loss1: 22.1350, train_loss2: 31.1585]
Mon 30 Jan 2023 23:10:33 INFO  epoch 42 evaluating [time: 0.24s, valid_score: 0.064200]
Mon 30 Jan 2023 23:10:33 INFO  valid result: 
recall@10 : 0.0255    mrr@10 : 0.0642    ndcg@10 : 0.0301    hit@10 : 0.2153    precision@10 : 0.027
Mon 30 Jan 2023 23:10:33 INFO  Saving current: saved/KGAT-Jan-30-2023_23-07-30.pth
Mon 30 Jan 2023 23:10:37 INFO  epoch 43 training [time: 4.22s, train_loss1: 21.8840, train_loss2: 31.1572]
Mon 30 Jan 2023 23:10:37 INFO  epoch 43 evaluating [time: 0.19s, valid_score: 0.060600]
Mon 30 Jan 2023 23:10:37 INFO  valid result: 
recall@10 : 0.0257    mrr@10 : 0.0606    ndcg@10 : 0.0299    hit@10 : 0.2131    precision@10 : 0.0276
Mon 30 Jan 2023 23:10:42 INFO  epoch 44 training [time: 4.14s, train_loss1: 21.6657, train_loss2: 31.1561]
Mon 30 Jan 2023 23:10:42 INFO  epoch 44 evaluating [time: 0.19s, valid_score: 0.065900]
Mon 30 Jan 2023 23:10:42 INFO  valid result: 
recall@10 : 0.0282    mrr@10 : 0.0659    ndcg@10 : 0.0325    hit@10 : 0.2238    precision@10 : 0.0296
Mon 30 Jan 2023 23:10:42 INFO  Saving current: saved/KGAT-Jan-30-2023_23-07-30.pth
Mon 30 Jan 2023 23:10:46 INFO  epoch 45 training [time: 4.01s, train_loss1: 21.5147, train_loss2: 31.1556]
Mon 30 Jan 2023 23:10:46 INFO  epoch 45 evaluating [time: 0.19s, valid_score: 0.070200]
Mon 30 Jan 2023 23:10:46 INFO  valid result: 
recall@10 : 0.0294    mrr@10 : 0.0702    ndcg@10 : 0.0342    hit@10 : 0.2365    precision@10 : 0.0314
Mon 30 Jan 2023 23:10:46 INFO  Saving current: saved/KGAT-Jan-30-2023_23-07-30.pth
Mon 30 Jan 2023 23:10:50 INFO  epoch 46 training [time: 4.10s, train_loss1: 21.3511, train_loss2: 31.1541]
Mon 30 Jan 2023 23:10:50 INFO  epoch 46 evaluating [time: 0.19s, valid_score: 0.070800]
Mon 30 Jan 2023 23:10:50 INFO  valid result: 
recall@10 : 0.0296    mrr@10 : 0.0708    ndcg@10 : 0.0344    hit@10 : 0.2333    precision@10 : 0.0308
Mon 30 Jan 2023 23:10:50 INFO  Saving current: saved/KGAT-Jan-30-2023_23-07-30.pth
Mon 30 Jan 2023 23:10:54 INFO  epoch 47 training [time: 4.09s, train_loss1: 21.2050, train_loss2: 31.1526]
Mon 30 Jan 2023 23:10:55 INFO  epoch 47 evaluating [time: 0.19s, valid_score: 0.071000]
Mon 30 Jan 2023 23:10:55 INFO  valid result: 
recall@10 : 0.0302    mrr@10 : 0.071    ndcg@10 : 0.0347    hit@10 : 0.2333    precision@10 : 0.0309
Mon 30 Jan 2023 23:10:55 INFO  Saving current: saved/KGAT-Jan-30-2023_23-07-30.pth
Mon 30 Jan 2023 23:10:59 INFO  epoch 48 training [time: 4.04s, train_loss1: 21.0803, train_loss2: 31.1517]
Mon 30 Jan 2023 23:10:59 INFO  epoch 48 evaluating [time: 0.21s, valid_score: 0.073900]
Mon 30 Jan 2023 23:10:59 INFO  valid result: 
recall@10 : 0.031    mrr@10 : 0.0739    ndcg@10 : 0.0355    hit@10 : 0.2375    precision@10 : 0.0314
Mon 30 Jan 2023 23:10:59 INFO  Saving current: saved/KGAT-Jan-30-2023_23-07-30.pth
Mon 30 Jan 2023 23:11:03 INFO  epoch 49 training [time: 4.14s, train_loss1: 21.0154, train_loss2: 31.1505]
Mon 30 Jan 2023 23:11:03 INFO  epoch 49 evaluating [time: 0.19s, valid_score: 0.071400]
Mon 30 Jan 2023 23:11:03 INFO  valid result: 
recall@10 : 0.0298    mrr@10 : 0.0714    ndcg@10 : 0.0348    hit@10 : 0.228    precision@10 : 0.031
Mon 30 Jan 2023 23:11:07 INFO  epoch 50 training [time: 4.08s, train_loss1: 20.8422, train_loss2: 31.1493]
Mon 30 Jan 2023 23:11:08 INFO  epoch 50 evaluating [time: 0.19s, valid_score: 0.070400]
Mon 30 Jan 2023 23:11:08 INFO  valid result: 
recall@10 : 0.0293    mrr@10 : 0.0704    ndcg@10 : 0.0345    hit@10 : 0.2248    precision@10 : 0.0304
Mon 30 Jan 2023 23:11:12 INFO  epoch 51 training [time: 4.16s, train_loss1: 20.8026, train_loss2: 31.1479]
Mon 30 Jan 2023 23:11:12 INFO  epoch 51 evaluating [time: 0.19s, valid_score: 0.066900]
Mon 30 Jan 2023 23:11:12 INFO  valid result: 
recall@10 : 0.0291    mrr@10 : 0.0669    ndcg@10 : 0.0333    hit@10 : 0.2238    precision@10 : 0.0302
Mon 30 Jan 2023 23:11:16 INFO  epoch 52 training [time: 4.12s, train_loss1: 20.6875, train_loss2: 31.1465]
Mon 30 Jan 2023 23:11:16 INFO  epoch 52 evaluating [time: 0.19s, valid_score: 0.073900]
Mon 30 Jan 2023 23:11:16 INFO  valid result: 
recall@10 : 0.0291    mrr@10 : 0.0739    ndcg@10 : 0.0349    hit@10 : 0.2269    precision@10 : 0.0309
Mon 30 Jan 2023 23:11:16 INFO  Saving current: saved/KGAT-Jan-30-2023_23-07-30.pth
Mon 30 Jan 2023 23:11:20 INFO  epoch 53 training [time: 4.14s, train_loss1: 20.5595, train_loss2: 31.1454]
Mon 30 Jan 2023 23:11:21 INFO  epoch 53 evaluating [time: 0.19s, valid_score: 0.070300]
Mon 30 Jan 2023 23:11:21 INFO  valid result: 
recall@10 : 0.027    mrr@10 : 0.0703    ndcg@10 : 0.0335    hit@10 : 0.2174    precision@10 : 0.0295
Mon 30 Jan 2023 23:11:25 INFO  epoch 54 training [time: 4.15s, train_loss1: 20.5477, train_loss2: 31.1436]
Mon 30 Jan 2023 23:11:25 INFO  epoch 54 evaluating [time: 0.19s, valid_score: 0.072900]
Mon 30 Jan 2023 23:11:25 INFO  valid result: 
recall@10 : 0.0301    mrr@10 : 0.0729    ndcg@10 : 0.0358    hit@10 : 0.2301    precision@10 : 0.0316
Mon 30 Jan 2023 23:11:29 INFO  epoch 55 training [time: 4.16s, train_loss1: 20.4148, train_loss2: 31.1424]
Mon 30 Jan 2023 23:11:29 INFO  epoch 55 evaluating [time: 0.19s, valid_score: 0.068300]
Mon 30 Jan 2023 23:11:29 INFO  valid result: 
recall@10 : 0.028    mrr@10 : 0.0683    ndcg@10 : 0.0334    hit@10 : 0.2238    precision@10 : 0.0297
Mon 30 Jan 2023 23:11:33 INFO  epoch 56 training [time: 3.71s, train_loss1: 20.4034, train_loss2: 31.1409]
Mon 30 Jan 2023 23:11:33 INFO  epoch 56 evaluating [time: 0.19s, valid_score: 0.074600]
Mon 30 Jan 2023 23:11:33 INFO  valid result: 
recall@10 : 0.0301    mrr@10 : 0.0746    ndcg@10 : 0.0357    hit@10 : 0.2354    precision@10 : 0.0318
Mon 30 Jan 2023 23:11:33 INFO  Saving current: saved/KGAT-Jan-30-2023_23-07-30.pth
Mon 30 Jan 2023 23:11:37 INFO  epoch 57 training [time: 3.95s, train_loss1: 20.2863, train_loss2: 31.1396]
Mon 30 Jan 2023 23:11:37 INFO  epoch 57 evaluating [time: 0.19s, valid_score: 0.073500]
Mon 30 Jan 2023 23:11:37 INFO  valid result: 
recall@10 : 0.0294    mrr@10 : 0.0735    ndcg@10 : 0.0348    hit@10 : 0.228    precision@10 : 0.0303
Mon 30 Jan 2023 23:11:41 INFO  epoch 58 training [time: 3.96s, train_loss1: 20.3195, train_loss2: 31.1380]
Mon 30 Jan 2023 23:11:42 INFO  epoch 58 evaluating [time: 0.19s, valid_score: 0.068800]
Mon 30 Jan 2023 23:11:42 INFO  valid result: 
recall@10 : 0.0292    mrr@10 : 0.0688    ndcg@10 : 0.0336    hit@10 : 0.2216    precision@10 : 0.0294
Mon 30 Jan 2023 23:11:46 INFO  epoch 59 training [time: 4.03s, train_loss1: 20.2422, train_loss2: 31.1364]
Mon 30 Jan 2023 23:11:46 INFO  epoch 59 evaluating [time: 0.19s, valid_score: 0.071900]
Mon 30 Jan 2023 23:11:46 INFO  valid result: 
recall@10 : 0.0299    mrr@10 : 0.0719    ndcg@10 : 0.0348    hit@10 : 0.2312    precision@10 : 0.0304
Mon 30 Jan 2023 23:11:50 INFO  epoch 60 training [time: 4.10s, train_loss1: 20.1746, train_loss2: 31.1345]
Mon 30 Jan 2023 23:11:50 INFO  epoch 60 evaluating [time: 0.19s, valid_score: 0.070800]
Mon 30 Jan 2023 23:11:50 INFO  valid result: 
recall@10 : 0.0283    mrr@10 : 0.0708    ndcg@10 : 0.0343    hit@10 : 0.2259    precision@10 : 0.0303
Mon 30 Jan 2023 23:11:54 INFO  epoch 61 training [time: 4.08s, train_loss1: 20.1112, train_loss2: 31.1331]
Mon 30 Jan 2023 23:11:54 INFO  epoch 61 evaluating [time: 0.19s, valid_score: 0.072200]
Mon 30 Jan 2023 23:11:54 INFO  valid result: 
recall@10 : 0.0306    mrr@10 : 0.0722    ndcg@10 : 0.0356    hit@10 : 0.228    precision@10 : 0.0309
Mon 30 Jan 2023 23:11:58 INFO  epoch 62 training [time: 3.76s, train_loss1: 20.0736, train_loss2: 31.1315]
Mon 30 Jan 2023 23:11:58 INFO  epoch 62 evaluating [time: 0.22s, valid_score: 0.067800]
Mon 30 Jan 2023 23:11:58 INFO  valid result: 
recall@10 : 0.0296    mrr@10 : 0.0678    ndcg@10 : 0.0338    hit@10 : 0.2238    precision@10 : 0.0298
Mon 30 Jan 2023 23:12:02 INFO  epoch 63 training [time: 4.03s, train_loss1: 20.0106, train_loss2: 31.1303]
Mon 30 Jan 2023 23:12:03 INFO  epoch 63 evaluating [time: 0.19s, valid_score: 0.072400]
Mon 30 Jan 2023 23:12:03 INFO  valid result: 
recall@10 : 0.0292    mrr@10 : 0.0724    ndcg@10 : 0.0346    hit@10 : 0.2206    precision@10 : 0.0297
Mon 30 Jan 2023 23:12:07 INFO  epoch 64 training [time: 4.01s, train_loss1: 19.9986, train_loss2: 31.1284]
Mon 30 Jan 2023 23:12:07 INFO  epoch 64 evaluating [time: 0.19s, valid_score: 0.072100]
Mon 30 Jan 2023 23:12:07 INFO  valid result: 
recall@10 : 0.03    mrr@10 : 0.0721    ndcg@10 : 0.0352    hit@10 : 0.228    precision@10 : 0.0304
Mon 30 Jan 2023 23:12:11 INFO  epoch 65 training [time: 3.94s, train_loss1: 19.9305, train_loss2: 31.1268]
Mon 30 Jan 2023 23:12:11 INFO  epoch 65 evaluating [time: 0.19s, valid_score: 0.071900]
Mon 30 Jan 2023 23:12:11 INFO  valid result: 
recall@10 : 0.0296    mrr@10 : 0.0719    ndcg@10 : 0.0345    hit@10 : 0.2195    precision@10 : 0.0291
Mon 30 Jan 2023 23:12:15 INFO  epoch 66 training [time: 3.93s, train_loss1: 19.9166, train_loss2: 31.1251]
Mon 30 Jan 2023 23:12:15 INFO  epoch 66 evaluating [time: 0.19s, valid_score: 0.072000]
Mon 30 Jan 2023 23:12:15 INFO  valid result: 
recall@10 : 0.0317    mrr@10 : 0.072    ndcg@10 : 0.0352    hit@10 : 0.2301    precision@10 : 0.0304
Mon 30 Jan 2023 23:12:19 INFO  epoch 67 training [time: 3.97s, train_loss1: 19.8792, train_loss2: 31.1230]
Mon 30 Jan 2023 23:12:19 INFO  epoch 67 evaluating [time: 0.19s, valid_score: 0.074000]
Mon 30 Jan 2023 23:12:19 INFO  valid result: 
recall@10 : 0.031    mrr@10 : 0.074    ndcg@10 : 0.0359    hit@10 : 0.2312    precision@10 : 0.0311
Mon 30 Jan 2023 23:12:19 INFO  Finished training, best eval result in epoch 56
Mon 30 Jan 2023 23:12:19 INFO  Loading model structure and parameters from saved/KGAT-Jan-30-2023_23-07-30.pth
Mon 30 Jan 2023 23:12:19 INFO  best valid : OrderedDict([('recall@10', 0.0301), ('mrr@10', 0.0746), ('ndcg@10', 0.0357), ('hit@10', 0.2354), ('precision@10', 0.0318)])
Mon 30 Jan 2023 23:12:19 INFO  test result: OrderedDict([('recall@10', 0.0353), ('mrr@10', 0.0768), ('ndcg@10', 0.0408), ('hit@10', 0.2566), ('precision@10', 0.0372)])
