Tue 31 Jan 2023 01:23:07 INFO  ['recbole_test.py', '--seed', '2020', '--aggr', 'bi', '--opti', 'rmsprop', '--is_swa', 'false', '--is_momentum', 'false']
Tue 31 Jan 2023 01:23:07 INFO  
General Hyper Parameters:
gpu_id = 0
use_gpu = True
seed = 2020
state = INFO
reproducibility = True
data_path = /work/03/gu14/k36095/kgat_bai/recbole/config/../dataset_example/ml-100k
checkpoint_dir = saved
show_progress = True
save_dataset = True
dataset_save_path = None
save_dataloaders = False
dataloaders_save_path = None
log_wandb = False

Training Hyper Parameters:
epochs = 300
train_batch_size = 2048
learner = rmsprop
learning_rate = 0.001
train_neg_sample_args = {'distribution': 'uniform', 'sample_num': 1, 'alpha': 1.0, 'dynamic': False, 'candidate_num': 0}
eval_step = 1
stopping_step = 10
clip_grad_norm = None
weight_decay = 0.0
loss_decimal_place = 4

Evaluation Hyper Parameters:
eval_args = {'split': {'RS': [0.8, 0.1, 0.1]}, 'group_by': 'user', 'order': 'RO', 'mode': 'full'}
repeatable = False
metrics = ['Recall', 'MRR', 'NDCG', 'Hit', 'Precision']
topk = [10]
valid_metric = MRR@10
valid_metric_bigger = True
eval_batch_size = 4096
metric_decimal_place = 4

Dataset Hyper Parameters:
field_separator = 	
seq_separator =  
USER_ID_FIELD = user_id
ITEM_ID_FIELD = item_id
RATING_FIELD = rating
TIME_FIELD = timestamp
seq_len = None
LABEL_FIELD = label
threshold = None
NEG_PREFIX = neg_
load_col = {'inter': ['user_id', 'item_id', 'rating', 'timestamp'], 'kg': ['head_id', 'relation_id', 'tail_id'], 'link': ['item_id', 'entity_id']}
unload_col = None
unused_col = None
additional_feat_suffix = None
rm_dup_inter = None
val_interval = None
filter_inter_by_user_or_item = True
user_inter_num_interval = None
item_inter_num_interval = None
alias_of_user_id = None
alias_of_item_id = None
alias_of_entity_id = None
alias_of_relation_id = None
preload_weight = None
normalize_field = None
normalize_all = True
ITEM_LIST_LENGTH_FIELD = item_length
LIST_SUFFIX = _list
MAX_ITEM_LIST_LENGTH = 50
POSITION_FIELD = position_id
HEAD_ENTITY_ID_FIELD = head_id
TAIL_ENTITY_ID_FIELD = tail_id
RELATION_ID_FIELD = relation_id
ENTITY_ID_FIELD = entity_id
kg_reverse_r = False
entity_kg_num_interval = [0,inf)
relation_kg_num_interval = [0,inf)
benchmark_filename = None

Other Hyper Parameters: 
worker = 0
wandb_project = recbole
shuffle = True
require_pow = False
enable_amp = False
enable_scaler = False
transform = None
embedding_size = 64
kg_embedding_size = 64
layers = [64]
mess_dropout = 0.1
reg_weight = 1e-05
aggregator_type = bi
numerical_features = []
discretization = None
MODEL_TYPE = ModelType.KNOWLEDGE
is_swa = 0
is_momentum = 0
MODEL_INPUT_TYPE = InputType.PAIRWISE
eval_type = EvaluatorType.RANKING
single_spec = True
local_rank = 0
device = cpu
eval_neg_sample_args = {'distribution': 'uniform', 'sample_num': 'none'}


Tue 31 Jan 2023 01:23:07 INFO  Saving filtered dataset into [saved/ml-100k-dataset.pth]
Tue 31 Jan 2023 01:23:08 INFO  ml-100k
The number of users: 944
Average actions of users: 103.4506892895016
The number of items: 1599
Average actions of items: 61.04755944931164
The number of inters: 97554
The sparsity of the dataset: 93.53714185772888%
Remain Fields: ['entity_id', 'user_id', 'item_id', 'rating', 'timestamp', 'head_id', 'relation_id', 'tail_id']
The number of entities: 34629
The number of relations: 26
The number of triples: 91631
The number of items that have been linked to KG: 1598
Tue 31 Jan 2023 01:23:08 INFO  [Training]: train_batch_size = [2048] train_neg_sample_args: [{'distribution': 'uniform', 'sample_num': 1, 'alpha': 1.0, 'dynamic': False, 'candidate_num': 0}]
Tue 31 Jan 2023 01:23:08 INFO  [Evaluation]: eval_batch_size = [4096] eval_args: [{'split': {'RS': [0.8, 0.1, 0.1]}, 'group_by': 'user', 'order': 'RO', 'mode': 'full'}]
Tue 31 Jan 2023 01:23:10 INFO  KGAT(
  (user_embedding): Embedding(944, 64)
  (entity_embedding): Embedding(34629, 64)
  (relation_embedding): Embedding(26, 64)
  (trans_w): Embedding(26, 4096)
  (aggregator_layers): ModuleList(
    (0): Aggregator(
      (message_dropout): Dropout(p=0.1, inplace=False)
      (W1): Linear(in_features=64, out_features=64, bias=True)
      (W2): Linear(in_features=64, out_features=64, bias=True)
      (activation): LeakyReLU(negative_slope=0.01)
    )
  )
  (tanh): Tanh()
  (mf_loss): BPRLoss()
  (reg_loss): EmbLoss()
)
Trainable parameters: 2393152
Tue 31 Jan 2023 01:23:10 INFO  FLOPs: 291414016.0
Tue 31 Jan 2023 01:23:14 INFO  epoch 0 training [time: 4.65s, train_loss1: 20.8259, train_loss2: 20.2643]
Tue 31 Jan 2023 01:23:15 INFO  epoch 0 evaluating [time: 0.21s, valid_score: 0.106900]
Tue 31 Jan 2023 01:23:15 INFO  valid result: 
recall@10 : 0.0506    mrr@10 : 0.1069    ndcg@10 : 0.0549    hit@10 : 0.3203    precision@10 : 0.0458
Tue 31 Jan 2023 01:23:15 INFO  Saving current: saved/KGAT-Jan-31-2023_01-23-10.pth
Tue 31 Jan 2023 01:23:19 INFO  epoch 1 training [time: 3.96s, train_loss1: 17.0512, train_loss2: 11.9392]
Tue 31 Jan 2023 01:23:19 INFO  epoch 1 evaluating [time: 0.19s, valid_score: 0.160600]
Tue 31 Jan 2023 01:23:19 INFO  valid result: 
recall@10 : 0.082    mrr@10 : 0.1606    ndcg@10 : 0.0837    hit@10 : 0.4189    precision@10 : 0.0631
Tue 31 Jan 2023 01:23:19 INFO  Saving current: saved/KGAT-Jan-31-2023_01-23-10.pth
Tue 31 Jan 2023 01:23:23 INFO  epoch 2 training [time: 3.99s, train_loss1: 16.3382, train_loss2: 9.7022]
Tue 31 Jan 2023 01:23:23 INFO  epoch 2 evaluating [time: 0.20s, valid_score: 0.186900]
Tue 31 Jan 2023 01:23:23 INFO  valid result: 
recall@10 : 0.0998    mrr@10 : 0.1869    ndcg@10 : 0.0997    hit@10 : 0.4783    precision@10 : 0.0741
Tue 31 Jan 2023 01:23:23 INFO  Saving current: saved/KGAT-Jan-31-2023_01-23-10.pth
Tue 31 Jan 2023 01:23:27 INFO  epoch 3 training [time: 3.91s, train_loss1: 15.9934, train_loss2: 8.6754]
Tue 31 Jan 2023 01:23:27 INFO  epoch 3 evaluating [time: 0.19s, valid_score: 0.208200]
Tue 31 Jan 2023 01:23:27 INFO  valid result: 
recall@10 : 0.1042    mrr@10 : 0.2082    ndcg@10 : 0.1094    hit@10 : 0.473    precision@10 : 0.0762
Tue 31 Jan 2023 01:23:27 INFO  Saving current: saved/KGAT-Jan-31-2023_01-23-10.pth
Tue 31 Jan 2023 01:23:31 INFO  epoch 4 training [time: 3.87s, train_loss1: 15.6724, train_loss2: 7.9341]
Tue 31 Jan 2023 01:23:31 INFO  epoch 4 evaluating [time: 0.19s, valid_score: 0.220000]
Tue 31 Jan 2023 01:23:31 INFO  valid result: 
recall@10 : 0.1033    mrr@10 : 0.22    ndcg@10 : 0.1138    hit@10 : 0.4952    precision@10 : 0.0793
Tue 31 Jan 2023 01:23:31 INFO  Saving current: saved/KGAT-Jan-31-2023_01-23-10.pth
Tue 31 Jan 2023 01:23:35 INFO  epoch 5 training [time: 3.83s, train_loss1: 15.3081, train_loss2: 7.5276]
Tue 31 Jan 2023 01:23:35 INFO  epoch 5 evaluating [time: 0.19s, valid_score: 0.239500]
Tue 31 Jan 2023 01:23:35 INFO  valid result: 
recall@10 : 0.1217    mrr@10 : 0.2395    ndcg@10 : 0.1304    hit@10 : 0.5302    precision@10 : 0.0907
Tue 31 Jan 2023 01:23:35 INFO  Saving current: saved/KGAT-Jan-31-2023_01-23-10.pth
Tue 31 Jan 2023 01:23:39 INFO  epoch 6 training [time: 3.71s, train_loss1: 14.8775, train_loss2: 7.1979]
Tue 31 Jan 2023 01:23:39 INFO  epoch 6 evaluating [time: 0.19s, valid_score: 0.247900]
Tue 31 Jan 2023 01:23:39 INFO  valid result: 
recall@10 : 0.1296    mrr@10 : 0.2479    ndcg@10 : 0.1371    hit@10 : 0.561    precision@10 : 0.0971
Tue 31 Jan 2023 01:23:39 INFO  Saving current: saved/KGAT-Jan-31-2023_01-23-10.pth
Tue 31 Jan 2023 01:23:43 INFO  epoch 7 training [time: 3.91s, train_loss1: 14.5005, train_loss2: 6.8713]
Tue 31 Jan 2023 01:23:43 INFO  epoch 7 evaluating [time: 0.19s, valid_score: 0.268300]
Tue 31 Jan 2023 01:23:43 INFO  valid result: 
recall@10 : 0.1338    mrr@10 : 0.2683    ndcg@10 : 0.1474    hit@10 : 0.5652    precision@10 : 0.1025
Tue 31 Jan 2023 01:23:44 INFO  Saving current: saved/KGAT-Jan-31-2023_01-23-10.pth
Tue 31 Jan 2023 01:23:47 INFO  epoch 8 training [time: 3.79s, train_loss1: 14.0647, train_loss2: 6.4865]
Tue 31 Jan 2023 01:23:48 INFO  epoch 8 evaluating [time: 0.19s, valid_score: 0.281000]
Tue 31 Jan 2023 01:23:48 INFO  valid result: 
recall@10 : 0.1443    mrr@10 : 0.281    ndcg@10 : 0.1562    hit@10 : 0.596    precision@10 : 0.107
Tue 31 Jan 2023 01:23:48 INFO  Saving current: saved/KGAT-Jan-31-2023_01-23-10.pth
Tue 31 Jan 2023 01:23:52 INFO  epoch 9 training [time: 4.06s, train_loss1: 13.5698, train_loss2: 5.8711]
Tue 31 Jan 2023 01:23:52 INFO  epoch 9 evaluating [time: 0.19s, valid_score: 0.288600]
Tue 31 Jan 2023 01:23:52 INFO  valid result: 
recall@10 : 0.15    mrr@10 : 0.2886    ndcg@10 : 0.1613    hit@10 : 0.6066    precision@10 : 0.1129
Tue 31 Jan 2023 01:23:52 INFO  Saving current: saved/KGAT-Jan-31-2023_01-23-10.pth
Tue 31 Jan 2023 01:23:56 INFO  epoch 10 training [time: 4.07s, train_loss1: 13.0705, train_loss2: 5.2440]
Tue 31 Jan 2023 01:23:56 INFO  epoch 10 evaluating [time: 0.19s, valid_score: 0.297600]
Tue 31 Jan 2023 01:23:56 INFO  valid result: 
recall@10 : 0.1512    mrr@10 : 0.2976    ndcg@10 : 0.1649    hit@10 : 0.6119    precision@10 : 0.1152
Tue 31 Jan 2023 01:23:56 INFO  Saving current: saved/KGAT-Jan-31-2023_01-23-10.pth
Tue 31 Jan 2023 01:24:00 INFO  epoch 11 training [time: 3.86s, train_loss1: 12.5772, train_loss2: 4.8794]
Tue 31 Jan 2023 01:24:00 INFO  epoch 11 evaluating [time: 0.19s, valid_score: 0.304500]
Tue 31 Jan 2023 01:24:00 INFO  valid result: 
recall@10 : 0.1559    mrr@10 : 0.3045    ndcg@10 : 0.1698    hit@10 : 0.6257    precision@10 : 0.1179
Tue 31 Jan 2023 01:24:00 INFO  Saving current: saved/KGAT-Jan-31-2023_01-23-10.pth
Tue 31 Jan 2023 01:24:04 INFO  epoch 12 training [time: 3.82s, train_loss1: 12.2256, train_loss2: 4.4323]
Tue 31 Jan 2023 01:24:04 INFO  epoch 12 evaluating [time: 0.19s, valid_score: 0.310400]
Tue 31 Jan 2023 01:24:04 INFO  valid result: 
recall@10 : 0.1631    mrr@10 : 0.3104    ndcg@10 : 0.176    hit@10 : 0.6299    precision@10 : 0.1231
Tue 31 Jan 2023 01:24:04 INFO  Saving current: saved/KGAT-Jan-31-2023_01-23-10.pth
Tue 31 Jan 2023 01:24:08 INFO  epoch 13 training [time: 3.89s, train_loss1: 11.7611, train_loss2: 4.1055]
Tue 31 Jan 2023 01:24:08 INFO  epoch 13 evaluating [time: 0.19s, valid_score: 0.318700]
Tue 31 Jan 2023 01:24:08 INFO  valid result: 
recall@10 : 0.1668    mrr@10 : 0.3187    ndcg@10 : 0.1798    hit@10 : 0.6394    precision@10 : 0.1252
Tue 31 Jan 2023 01:24:08 INFO  Saving current: saved/KGAT-Jan-31-2023_01-23-10.pth
Tue 31 Jan 2023 01:24:12 INFO  epoch 14 training [time: 3.87s, train_loss1: 11.3863, train_loss2: 3.8636]
Tue 31 Jan 2023 01:24:13 INFO  epoch 14 evaluating [time: 0.19s, valid_score: 0.323000]
Tue 31 Jan 2023 01:24:13 INFO  valid result: 
recall@10 : 0.1687    mrr@10 : 0.323    ndcg@10 : 0.1843    hit@10 : 0.6564    precision@10 : 0.1295
Tue 31 Jan 2023 01:24:13 INFO  Saving current: saved/KGAT-Jan-31-2023_01-23-10.pth
Tue 31 Jan 2023 01:24:17 INFO  epoch 15 training [time: 3.95s, train_loss1: 11.1196, train_loss2: 3.7154]
Tue 31 Jan 2023 01:24:17 INFO  epoch 15 evaluating [time: 0.19s, valid_score: 0.328800]
Tue 31 Jan 2023 01:24:17 INFO  valid result: 
recall@10 : 0.1726    mrr@10 : 0.3288    ndcg@10 : 0.1865    hit@10 : 0.6585    precision@10 : 0.1306
Tue 31 Jan 2023 01:24:17 INFO  Saving current: saved/KGAT-Jan-31-2023_01-23-10.pth
Tue 31 Jan 2023 01:24:21 INFO  epoch 16 training [time: 3.88s, train_loss1: 10.8606, train_loss2: 3.4485]
Tue 31 Jan 2023 01:24:21 INFO  epoch 16 evaluating [time: 0.19s, valid_score: 0.338400]
Tue 31 Jan 2023 01:24:21 INFO  valid result: 
recall@10 : 0.172    mrr@10 : 0.3384    ndcg@10 : 0.1899    hit@10 : 0.6617    precision@10 : 0.1332
Tue 31 Jan 2023 01:24:21 INFO  Saving current: saved/KGAT-Jan-31-2023_01-23-10.pth
Tue 31 Jan 2023 01:24:25 INFO  epoch 17 training [time: 3.87s, train_loss1: 10.5873, train_loss2: 3.3029]
Tue 31 Jan 2023 01:24:25 INFO  epoch 17 evaluating [time: 0.19s, valid_score: 0.343800]
Tue 31 Jan 2023 01:24:25 INFO  valid result: 
recall@10 : 0.1741    mrr@10 : 0.3438    ndcg@10 : 0.193    hit@10 : 0.6649    precision@10 : 0.1353
Tue 31 Jan 2023 01:24:25 INFO  Saving current: saved/KGAT-Jan-31-2023_01-23-10.pth
Tue 31 Jan 2023 01:24:29 INFO  epoch 18 training [time: 3.98s, train_loss1: 10.2888, train_loss2: 3.0474]
Tue 31 Jan 2023 01:24:29 INFO  epoch 18 evaluating [time: 0.19s, valid_score: 0.349400]
Tue 31 Jan 2023 01:24:29 INFO  valid result: 
recall@10 : 0.1782    mrr@10 : 0.3494    ndcg@10 : 0.1967    hit@10 : 0.6776    precision@10 : 0.1366
Tue 31 Jan 2023 01:24:29 INFO  Saving current: saved/KGAT-Jan-31-2023_01-23-10.pth
Tue 31 Jan 2023 01:24:33 INFO  epoch 19 training [time: 3.87s, train_loss1: 10.1651, train_loss2: 3.0815]
Tue 31 Jan 2023 01:24:33 INFO  epoch 19 evaluating [time: 0.19s, valid_score: 0.351000]
Tue 31 Jan 2023 01:24:33 INFO  valid result: 
recall@10 : 0.1815    mrr@10 : 0.351    ndcg@10 : 0.199    hit@10 : 0.6776    precision@10 : 0.1389
Tue 31 Jan 2023 01:24:33 INFO  Saving current: saved/KGAT-Jan-31-2023_01-23-10.pth
Tue 31 Jan 2023 01:24:37 INFO  epoch 20 training [time: 3.92s, train_loss1: 10.0227, train_loss2: 2.9755]
Tue 31 Jan 2023 01:24:37 INFO  epoch 20 evaluating [time: 0.19s, valid_score: 0.352300]
Tue 31 Jan 2023 01:24:37 INFO  valid result: 
recall@10 : 0.1827    mrr@10 : 0.3523    ndcg@10 : 0.2002    hit@10 : 0.6829    precision@10 : 0.1392
Tue 31 Jan 2023 01:24:38 INFO  Saving current: saved/KGAT-Jan-31-2023_01-23-10.pth
Tue 31 Jan 2023 01:24:42 INFO  epoch 21 training [time: 4.05s, train_loss1: 9.8687, train_loss2: 2.7840]
Tue 31 Jan 2023 01:24:42 INFO  epoch 21 evaluating [time: 0.19s, valid_score: 0.352300]
Tue 31 Jan 2023 01:24:42 INFO  valid result: 
recall@10 : 0.1822    mrr@10 : 0.3523    ndcg@10 : 0.1997    hit@10 : 0.6744    precision@10 : 0.1384
Tue 31 Jan 2023 01:24:42 INFO  Saving current: saved/KGAT-Jan-31-2023_01-23-10.pth
Tue 31 Jan 2023 01:24:46 INFO  epoch 22 training [time: 4.23s, train_loss1: 9.7672, train_loss2: 2.6624]
Tue 31 Jan 2023 01:24:46 INFO  epoch 22 evaluating [time: 0.19s, valid_score: 0.356700]
Tue 31 Jan 2023 01:24:46 INFO  valid result: 
recall@10 : 0.1849    mrr@10 : 0.3567    ndcg@10 : 0.2022    hit@10 : 0.6978    precision@10 : 0.1405
Tue 31 Jan 2023 01:24:46 INFO  Saving current: saved/KGAT-Jan-31-2023_01-23-10.pth
Tue 31 Jan 2023 01:24:50 INFO  epoch 23 training [time: 3.95s, train_loss1: 9.5696, train_loss2: 2.5244]
Tue 31 Jan 2023 01:24:50 INFO  epoch 23 evaluating [time: 0.20s, valid_score: 0.362000]
Tue 31 Jan 2023 01:24:50 INFO  valid result: 
recall@10 : 0.1862    mrr@10 : 0.362    ndcg@10 : 0.2044    hit@10 : 0.6978    precision@10 : 0.1418
Tue 31 Jan 2023 01:24:50 INFO  Saving current: saved/KGAT-Jan-31-2023_01-23-10.pth
Tue 31 Jan 2023 01:24:54 INFO  epoch 24 training [time: 3.99s, train_loss1: 9.4876, train_loss2: 2.4944]
Tue 31 Jan 2023 01:24:55 INFO  epoch 24 evaluating [time: 0.19s, valid_score: 0.366100]
Tue 31 Jan 2023 01:24:55 INFO  valid result: 
recall@10 : 0.1879    mrr@10 : 0.3661    ndcg@10 : 0.2072    hit@10 : 0.701    precision@10 : 0.1423
Tue 31 Jan 2023 01:24:55 INFO  Saving current: saved/KGAT-Jan-31-2023_01-23-10.pth
Tue 31 Jan 2023 01:24:59 INFO  epoch 25 training [time: 4.15s, train_loss1: 9.3910, train_loss2: 2.4024]
Tue 31 Jan 2023 01:24:59 INFO  epoch 25 evaluating [time: 0.19s, valid_score: 0.371700]
Tue 31 Jan 2023 01:24:59 INFO  valid result: 
recall@10 : 0.1868    mrr@10 : 0.3717    ndcg@10 : 0.2092    hit@10 : 0.6946    precision@10 : 0.1435
Tue 31 Jan 2023 01:24:59 INFO  Saving current: saved/KGAT-Jan-31-2023_01-23-10.pth
Tue 31 Jan 2023 01:25:03 INFO  epoch 26 training [time: 4.00s, train_loss1: 9.2226, train_loss2: 2.4050]
Tue 31 Jan 2023 01:25:03 INFO  epoch 26 evaluating [time: 0.19s, valid_score: 0.363900]
Tue 31 Jan 2023 01:25:03 INFO  valid result: 
recall@10 : 0.189    mrr@10 : 0.3639    ndcg@10 : 0.2082    hit@10 : 0.6978    precision@10 : 0.1441
Tue 31 Jan 2023 01:25:07 INFO  epoch 27 training [time: 3.90s, train_loss1: 9.0194, train_loss2: 2.2710]
Tue 31 Jan 2023 01:25:07 INFO  epoch 27 evaluating [time: 0.19s, valid_score: 0.371500]
Tue 31 Jan 2023 01:25:07 INFO  valid result: 
recall@10 : 0.1897    mrr@10 : 0.3715    ndcg@10 : 0.2115    hit@10 : 0.6957    precision@10 : 0.145
Tue 31 Jan 2023 01:25:11 INFO  epoch 28 training [time: 3.76s, train_loss1: 9.0370, train_loss2: 2.2136]
Tue 31 Jan 2023 01:25:11 INFO  epoch 28 evaluating [time: 0.19s, valid_score: 0.370900]
Tue 31 Jan 2023 01:25:11 INFO  valid result: 
recall@10 : 0.1915    mrr@10 : 0.3709    ndcg@10 : 0.2118    hit@10 : 0.7031    precision@10 : 0.1455
Tue 31 Jan 2023 01:25:15 INFO  epoch 29 training [time: 3.87s, train_loss1: 8.8350, train_loss2: 2.1657]
Tue 31 Jan 2023 01:25:15 INFO  epoch 29 evaluating [time: 0.19s, valid_score: 0.372700]
Tue 31 Jan 2023 01:25:15 INFO  valid result: 
recall@10 : 0.1938    mrr@10 : 0.3727    ndcg@10 : 0.2137    hit@10 : 0.7052    precision@10 : 0.1472
Tue 31 Jan 2023 01:25:15 INFO  Saving current: saved/KGAT-Jan-31-2023_01-23-10.pth
Tue 31 Jan 2023 01:25:19 INFO  epoch 30 training [time: 3.87s, train_loss1: 8.7523, train_loss2: 2.0729]
Tue 31 Jan 2023 01:25:20 INFO  epoch 30 evaluating [time: 0.19s, valid_score: 0.370500]
Tue 31 Jan 2023 01:25:20 INFO  valid result: 
recall@10 : 0.1927    mrr@10 : 0.3705    ndcg@10 : 0.2124    hit@10 : 0.7041    precision@10 : 0.1462
Tue 31 Jan 2023 01:25:23 INFO  epoch 31 training [time: 3.64s, train_loss1: 8.6646, train_loss2: 1.9312]
Tue 31 Jan 2023 01:25:23 INFO  epoch 31 evaluating [time: 0.19s, valid_score: 0.375000]
Tue 31 Jan 2023 01:25:23 INFO  valid result: 
recall@10 : 0.1957    mrr@10 : 0.375    ndcg@10 : 0.2163    hit@10 : 0.7116    precision@10 : 0.1489
Tue 31 Jan 2023 01:25:23 INFO  Saving current: saved/KGAT-Jan-31-2023_01-23-10.pth
Tue 31 Jan 2023 01:25:27 INFO  epoch 32 training [time: 3.87s, train_loss1: 8.5049, train_loss2: 1.8965]
Tue 31 Jan 2023 01:25:28 INFO  epoch 32 evaluating [time: 0.25s, valid_score: 0.375600]
Tue 31 Jan 2023 01:25:28 INFO  valid result: 
recall@10 : 0.1979    mrr@10 : 0.3756    ndcg@10 : 0.2183    hit@10 : 0.7073    precision@10 : 0.1495
Tue 31 Jan 2023 01:25:28 INFO  Saving current: saved/KGAT-Jan-31-2023_01-23-10.pth
Tue 31 Jan 2023 01:25:32 INFO  epoch 33 training [time: 4.34s, train_loss1: 8.4929, train_loss2: 1.8291]
Tue 31 Jan 2023 01:25:32 INFO  epoch 33 evaluating [time: 0.19s, valid_score: 0.381500]
Tue 31 Jan 2023 01:25:32 INFO  valid result: 
recall@10 : 0.1991    mrr@10 : 0.3815    ndcg@10 : 0.2202    hit@10 : 0.7169    precision@10 : 0.1497
Tue 31 Jan 2023 01:25:32 INFO  Saving current: saved/KGAT-Jan-31-2023_01-23-10.pth
Tue 31 Jan 2023 01:25:36 INFO  epoch 34 training [time: 3.89s, train_loss1: 8.3180, train_loss2: 1.8099]
Tue 31 Jan 2023 01:25:36 INFO  epoch 34 evaluating [time: 0.19s, valid_score: 0.380500]
Tue 31 Jan 2023 01:25:36 INFO  valid result: 
recall@10 : 0.1998    mrr@10 : 0.3805    ndcg@10 : 0.2205    hit@10 : 0.719    precision@10 : 0.1509
Tue 31 Jan 2023 01:25:40 INFO  epoch 35 training [time: 3.87s, train_loss1: 8.3729, train_loss2: 1.7552]
Tue 31 Jan 2023 01:25:40 INFO  epoch 35 evaluating [time: 0.20s, valid_score: 0.381100]
Tue 31 Jan 2023 01:25:40 INFO  valid result: 
recall@10 : 0.2005    mrr@10 : 0.3811    ndcg@10 : 0.2203    hit@10 : 0.72    precision@10 : 0.1496
Tue 31 Jan 2023 01:25:44 INFO  epoch 36 training [time: 3.88s, train_loss1: 8.1282, train_loss2: 1.7133]
Tue 31 Jan 2023 01:25:44 INFO  epoch 36 evaluating [time: 0.19s, valid_score: 0.383500]
Tue 31 Jan 2023 01:25:44 INFO  valid result: 
recall@10 : 0.2008    mrr@10 : 0.3835    ndcg@10 : 0.2217    hit@10 : 0.7232    precision@10 : 0.1517
Tue 31 Jan 2023 01:25:44 INFO  Saving current: saved/KGAT-Jan-31-2023_01-23-10.pth
Tue 31 Jan 2023 01:25:48 INFO  epoch 37 training [time: 3.89s, train_loss1: 8.0424, train_loss2: 1.6855]
Tue 31 Jan 2023 01:25:49 INFO  epoch 37 evaluating [time: 0.19s, valid_score: 0.388000]
Tue 31 Jan 2023 01:25:49 INFO  valid result: 
recall@10 : 0.2047    mrr@10 : 0.388    ndcg@10 : 0.2249    hit@10 : 0.7264    precision@10 : 0.1532
Tue 31 Jan 2023 01:25:49 INFO  Saving current: saved/KGAT-Jan-31-2023_01-23-10.pth
Tue 31 Jan 2023 01:25:53 INFO  epoch 38 training [time: 3.95s, train_loss1: 8.0856, train_loss2: 1.6270]
Tue 31 Jan 2023 01:25:53 INFO  epoch 38 evaluating [time: 0.19s, valid_score: 0.390600]
Tue 31 Jan 2023 01:25:53 INFO  valid result: 
recall@10 : 0.2064    mrr@10 : 0.3906    ndcg@10 : 0.2274    hit@10 : 0.7232    precision@10 : 0.1558
Tue 31 Jan 2023 01:25:53 INFO  Saving current: saved/KGAT-Jan-31-2023_01-23-10.pth
Tue 31 Jan 2023 01:25:57 INFO  epoch 39 training [time: 3.87s, train_loss1: 7.8966, train_loss2: 1.5904]
Tue 31 Jan 2023 01:25:57 INFO  epoch 39 evaluating [time: 0.19s, valid_score: 0.392700]
Tue 31 Jan 2023 01:25:57 INFO  valid result: 
recall@10 : 0.2066    mrr@10 : 0.3927    ndcg@10 : 0.2284    hit@10 : 0.7306    precision@10 : 0.1554
Tue 31 Jan 2023 01:25:57 INFO  Saving current: saved/KGAT-Jan-31-2023_01-23-10.pth
Tue 31 Jan 2023 01:26:01 INFO  epoch 40 training [time: 3.65s, train_loss1: 7.8512, train_loss2: 1.6231]
Tue 31 Jan 2023 01:26:01 INFO  epoch 40 evaluating [time: 0.19s, valid_score: 0.383700]
Tue 31 Jan 2023 01:26:01 INFO  valid result: 
recall@10 : 0.2079    mrr@10 : 0.3837    ndcg@10 : 0.2269    hit@10 : 0.7285    precision@10 : 0.1552
Tue 31 Jan 2023 01:26:05 INFO  epoch 41 training [time: 3.90s, train_loss1: 7.7566, train_loss2: 1.5068]
Tue 31 Jan 2023 01:26:05 INFO  epoch 41 evaluating [time: 0.19s, valid_score: 0.391200]
Tue 31 Jan 2023 01:26:05 INFO  valid result: 
recall@10 : 0.2068    mrr@10 : 0.3912    ndcg@10 : 0.2289    hit@10 : 0.7285    precision@10 : 0.1549
Tue 31 Jan 2023 01:26:09 INFO  epoch 42 training [time: 3.94s, train_loss1: 7.6685, train_loss2: 1.5293]
Tue 31 Jan 2023 01:26:09 INFO  epoch 42 evaluating [time: 0.19s, valid_score: 0.392200]
Tue 31 Jan 2023 01:26:09 INFO  valid result: 
recall@10 : 0.211    mrr@10 : 0.3922    ndcg@10 : 0.2297    hit@10 : 0.7413    precision@10 : 0.1556
Tue 31 Jan 2023 01:26:13 INFO  epoch 43 training [time: 4.00s, train_loss1: 7.6197, train_loss2: 1.5183]
Tue 31 Jan 2023 01:26:13 INFO  epoch 43 evaluating [time: 0.19s, valid_score: 0.383500]
Tue 31 Jan 2023 01:26:13 INFO  valid result: 
recall@10 : 0.2083    mrr@10 : 0.3835    ndcg@10 : 0.2271    hit@10 : 0.7338    precision@10 : 0.1564
Tue 31 Jan 2023 01:26:17 INFO  epoch 44 training [time: 3.88s, train_loss1: 7.4441, train_loss2: 1.4844]
Tue 31 Jan 2023 01:26:17 INFO  epoch 44 evaluating [time: 0.19s, valid_score: 0.385900]
Tue 31 Jan 2023 01:26:17 INFO  valid result: 
recall@10 : 0.2107    mrr@10 : 0.3859    ndcg@10 : 0.229    hit@10 : 0.7338    precision@10 : 0.1573
Tue 31 Jan 2023 01:26:21 INFO  epoch 45 training [time: 3.92s, train_loss1: 7.4440, train_loss2: 1.4772]
Tue 31 Jan 2023 01:26:21 INFO  epoch 45 evaluating [time: 0.19s, valid_score: 0.381400]
Tue 31 Jan 2023 01:26:21 INFO  valid result: 
recall@10 : 0.2053    mrr@10 : 0.3814    ndcg@10 : 0.2249    hit@10 : 0.7211    precision@10 : 0.1543
Tue 31 Jan 2023 01:26:25 INFO  epoch 46 training [time: 3.90s, train_loss1: 7.3152, train_loss2: 1.4583]
Tue 31 Jan 2023 01:26:25 INFO  epoch 46 evaluating [time: 0.19s, valid_score: 0.385400]
Tue 31 Jan 2023 01:26:25 INFO  valid result: 
recall@10 : 0.2046    mrr@10 : 0.3854    ndcg@10 : 0.2265    hit@10 : 0.7285    precision@10 : 0.1554
Tue 31 Jan 2023 01:26:29 INFO  epoch 47 training [time: 3.86s, train_loss1: 7.3099, train_loss2: 1.3389]
Tue 31 Jan 2023 01:26:30 INFO  epoch 47 evaluating [time: 0.19s, valid_score: 0.394100]
Tue 31 Jan 2023 01:26:30 INFO  valid result: 
recall@10 : 0.2036    mrr@10 : 0.3941    ndcg@10 : 0.2291    hit@10 : 0.7243    precision@10 : 0.1555
Tue 31 Jan 2023 01:26:30 INFO  Saving current: saved/KGAT-Jan-31-2023_01-23-10.pth
Tue 31 Jan 2023 01:26:33 INFO  epoch 48 training [time: 3.89s, train_loss1: 7.1904, train_loss2: 1.3887]
Tue 31 Jan 2023 01:26:34 INFO  epoch 48 evaluating [time: 0.19s, valid_score: 0.390300]
Tue 31 Jan 2023 01:26:34 INFO  valid result: 
recall@10 : 0.2086    mrr@10 : 0.3903    ndcg@10 : 0.2308    hit@10 : 0.7338    precision@10 : 0.1591
Tue 31 Jan 2023 01:26:37 INFO  epoch 49 training [time: 3.86s, train_loss1: 7.2442, train_loss2: 1.3689]
Tue 31 Jan 2023 01:26:38 INFO  epoch 49 evaluating [time: 0.19s, valid_score: 0.396300]
Tue 31 Jan 2023 01:26:38 INFO  valid result: 
recall@10 : 0.2129    mrr@10 : 0.3963    ndcg@10 : 0.2338    hit@10 : 0.7402    precision@10 : 0.1589
Tue 31 Jan 2023 01:26:38 INFO  Saving current: saved/KGAT-Jan-31-2023_01-23-10.pth
Tue 31 Jan 2023 01:26:42 INFO  epoch 50 training [time: 3.91s, train_loss1: 7.1614, train_loss2: 1.3364]
Tue 31 Jan 2023 01:26:42 INFO  epoch 50 evaluating [time: 0.19s, valid_score: 0.388000]
Tue 31 Jan 2023 01:26:42 INFO  valid result: 
recall@10 : 0.2123    mrr@10 : 0.388    ndcg@10 : 0.2311    hit@10 : 0.7381    precision@10 : 0.1577
Tue 31 Jan 2023 01:26:46 INFO  epoch 51 training [time: 3.76s, train_loss1: 6.9825, train_loss2: 1.3213]
Tue 31 Jan 2023 01:26:46 INFO  epoch 51 evaluating [time: 0.19s, valid_score: 0.394400]
Tue 31 Jan 2023 01:26:46 INFO  valid result: 
recall@10 : 0.2179    mrr@10 : 0.3944    ndcg@10 : 0.2357    hit@10 : 0.7487    precision@10 : 0.1598
Tue 31 Jan 2023 01:26:50 INFO  epoch 52 training [time: 3.84s, train_loss1: 6.9300, train_loss2: 1.2718]
Tue 31 Jan 2023 01:26:50 INFO  epoch 52 evaluating [time: 0.19s, valid_score: 0.396200]
Tue 31 Jan 2023 01:26:50 INFO  valid result: 
recall@10 : 0.2133    mrr@10 : 0.3962    ndcg@10 : 0.2343    hit@10 : 0.7391    precision@10 : 0.1578
Tue 31 Jan 2023 01:26:54 INFO  epoch 53 training [time: 3.91s, train_loss1: 6.7861, train_loss2: 1.2927]
Tue 31 Jan 2023 01:26:54 INFO  epoch 53 evaluating [time: 0.19s, valid_score: 0.390500]
Tue 31 Jan 2023 01:26:54 INFO  valid result: 
recall@10 : 0.2128    mrr@10 : 0.3905    ndcg@10 : 0.232    hit@10 : 0.7381    precision@10 : 0.1574
Tue 31 Jan 2023 01:26:58 INFO  epoch 54 training [time: 3.96s, train_loss1: 6.8413, train_loss2: 1.2716]
Tue 31 Jan 2023 01:26:58 INFO  epoch 54 evaluating [time: 0.19s, valid_score: 0.389400]
Tue 31 Jan 2023 01:26:58 INFO  valid result: 
recall@10 : 0.213    mrr@10 : 0.3894    ndcg@10 : 0.2325    hit@10 : 0.737    precision@10 : 0.1589
Tue 31 Jan 2023 01:27:02 INFO  epoch 55 training [time: 3.86s, train_loss1: 6.6875, train_loss2: 1.2441]
Tue 31 Jan 2023 01:27:02 INFO  epoch 55 evaluating [time: 0.19s, valid_score: 0.389200]
Tue 31 Jan 2023 01:27:02 INFO  valid result: 
recall@10 : 0.2197    mrr@10 : 0.3892    ndcg@10 : 0.2355    hit@10 : 0.7476    precision@10 : 0.1614
Tue 31 Jan 2023 01:27:06 INFO  epoch 56 training [time: 3.85s, train_loss1: 6.7432, train_loss2: 1.2404]
Tue 31 Jan 2023 01:27:06 INFO  epoch 56 evaluating [time: 0.19s, valid_score: 0.394000]
Tue 31 Jan 2023 01:27:06 INFO  valid result: 
recall@10 : 0.2163    mrr@10 : 0.394    ndcg@10 : 0.2352    hit@10 : 0.7444    precision@10 : 0.161
Tue 31 Jan 2023 01:27:10 INFO  epoch 57 training [time: 3.89s, train_loss1: 6.5448, train_loss2: 1.1662]
Tue 31 Jan 2023 01:27:10 INFO  epoch 57 evaluating [time: 0.19s, valid_score: 0.401000]
Tue 31 Jan 2023 01:27:10 INFO  valid result: 
recall@10 : 0.2179    mrr@10 : 0.401    ndcg@10 : 0.2356    hit@10 : 0.7508    precision@10 : 0.1592
Tue 31 Jan 2023 01:27:10 INFO  Saving current: saved/KGAT-Jan-31-2023_01-23-10.pth
Tue 31 Jan 2023 01:27:14 INFO  epoch 58 training [time: 4.02s, train_loss1: 6.5778, train_loss2: 1.1366]
Tue 31 Jan 2023 01:27:15 INFO  epoch 58 evaluating [time: 0.19s, valid_score: 0.398800]
Tue 31 Jan 2023 01:27:15 INFO  valid result: 
recall@10 : 0.2143    mrr@10 : 0.3988    ndcg@10 : 0.2338    hit@10 : 0.7508    precision@10 : 0.1593
Tue 31 Jan 2023 01:27:19 INFO  epoch 59 training [time: 3.98s, train_loss1: 6.4640, train_loss2: 1.0931]
Tue 31 Jan 2023 01:27:19 INFO  epoch 59 evaluating [time: 0.19s, valid_score: 0.396500]
Tue 31 Jan 2023 01:27:19 INFO  valid result: 
recall@10 : 0.2172    mrr@10 : 0.3965    ndcg@10 : 0.2361    hit@10 : 0.7561    precision@10 : 0.1608
Tue 31 Jan 2023 01:27:23 INFO  epoch 60 training [time: 3.87s, train_loss1: 6.3908, train_loss2: 1.1418]
Tue 31 Jan 2023 01:27:23 INFO  epoch 60 evaluating [time: 0.19s, valid_score: 0.393700]
Tue 31 Jan 2023 01:27:23 INFO  valid result: 
recall@10 : 0.2164    mrr@10 : 0.3937    ndcg@10 : 0.2344    hit@10 : 0.7508    precision@10 : 0.1594
Tue 31 Jan 2023 01:27:27 INFO  epoch 61 training [time: 3.89s, train_loss1: 6.2900, train_loss2: 1.1454]
Tue 31 Jan 2023 01:27:27 INFO  epoch 61 evaluating [time: 0.19s, valid_score: 0.396800]
Tue 31 Jan 2023 01:27:27 INFO  valid result: 
recall@10 : 0.213    mrr@10 : 0.3968    ndcg@10 : 0.2343    hit@10 : 0.7434    precision@10 : 0.1589
Tue 31 Jan 2023 01:27:31 INFO  epoch 62 training [time: 4.20s, train_loss1: 6.2311, train_loss2: 1.1657]
Tue 31 Jan 2023 01:27:31 INFO  epoch 62 evaluating [time: 0.19s, valid_score: 0.398700]
Tue 31 Jan 2023 01:27:31 INFO  valid result: 
recall@10 : 0.2141    mrr@10 : 0.3987    ndcg@10 : 0.2347    hit@10 : 0.7572    precision@10 : 0.1589
Tue 31 Jan 2023 01:27:35 INFO  epoch 63 training [time: 4.15s, train_loss1: 6.1882, train_loss2: 1.0589]
Tue 31 Jan 2023 01:27:36 INFO  epoch 63 evaluating [time: 0.19s, valid_score: 0.383800]
Tue 31 Jan 2023 01:27:36 INFO  valid result: 
recall@10 : 0.2137    mrr@10 : 0.3838    ndcg@10 : 0.231    hit@10 : 0.7423    precision@10 : 0.1593
Tue 31 Jan 2023 01:27:40 INFO  epoch 64 training [time: 4.09s, train_loss1: 6.0977, train_loss2: 1.0226]
Tue 31 Jan 2023 01:27:40 INFO  epoch 64 evaluating [time: 0.19s, valid_score: 0.388600]
Tue 31 Jan 2023 01:27:40 INFO  valid result: 
recall@10 : 0.2154    mrr@10 : 0.3886    ndcg@10 : 0.2332    hit@10 : 0.7413    precision@10 : 0.1592
Tue 31 Jan 2023 01:27:44 INFO  epoch 65 training [time: 4.13s, train_loss1: 6.1339, train_loss2: 1.0646]
Tue 31 Jan 2023 01:27:44 INFO  epoch 65 evaluating [time: 0.19s, valid_score: 0.395400]
Tue 31 Jan 2023 01:27:44 INFO  valid result: 
recall@10 : 0.2181    mrr@10 : 0.3954    ndcg@10 : 0.2365    hit@10 : 0.7529    precision@10 : 0.1607
Tue 31 Jan 2023 01:27:49 INFO  epoch 66 training [time: 4.31s, train_loss1: 6.0867, train_loss2: 1.0102]
Tue 31 Jan 2023 01:27:49 INFO  epoch 66 evaluating [time: 0.19s, valid_score: 0.399700]
Tue 31 Jan 2023 01:27:49 INFO  valid result: 
recall@10 : 0.2204    mrr@10 : 0.3997    ndcg@10 : 0.2379    hit@10 : 0.7519    precision@10 : 0.1621
Tue 31 Jan 2023 01:27:52 INFO  epoch 67 training [time: 3.71s, train_loss1: 6.0333, train_loss2: 1.0162]
Tue 31 Jan 2023 01:27:53 INFO  epoch 67 evaluating [time: 0.19s, valid_score: 0.395700]
Tue 31 Jan 2023 01:27:53 INFO  valid result: 
recall@10 : 0.2214    mrr@10 : 0.3957    ndcg@10 : 0.2367    hit@10 : 0.7497    precision@10 : 0.1613
Tue 31 Jan 2023 01:27:57 INFO  epoch 68 training [time: 4.21s, train_loss1: 5.8717, train_loss2: 1.0230]
Tue 31 Jan 2023 01:27:57 INFO  epoch 68 evaluating [time: 0.19s, valid_score: 0.390000]
Tue 31 Jan 2023 01:27:57 INFO  valid result: 
recall@10 : 0.218    mrr@10 : 0.39    ndcg@10 : 0.234    hit@10 : 0.7423    precision@10 : 0.1602
Tue 31 Jan 2023 01:27:57 INFO  Finished training, best eval result in epoch 57
Tue 31 Jan 2023 01:27:57 INFO  Loading model structure and parameters from saved/KGAT-Jan-31-2023_01-23-10.pth
Tue 31 Jan 2023 01:27:57 INFO  best valid : OrderedDict([('recall@10', 0.2179), ('mrr@10', 0.401), ('ndcg@10', 0.2356), ('hit@10', 0.7508), ('precision@10', 0.1592)])
Tue 31 Jan 2023 01:27:57 INFO  test result: OrderedDict([('recall@10', 0.2371), ('mrr@10', 0.4607), ('ndcg@10', 0.2814), ('hit@10', 0.7667), ('precision@10', 0.1922)])
