Mon 30 Jan 2023 22:08:40 INFO  ['recbole_test.py', '--seed', '2020', '--aggr', 'bi', '--opti', 'rmsprop', '--is_swa', 'true', '--is_momentum', 'false']
Mon 30 Jan 2023 22:08:40 INFO  
General Hyper Parameters:
gpu_id = 0
use_gpu = True
seed = 2020
state = INFO
reproducibility = True
data_path = /work/03/gu14/k36095/kgat_bai/recbole/config/../dataset_example/ml-100k
checkpoint_dir = saved
show_progress = True
save_dataset = True
dataset_save_path = None
save_dataloaders = False
dataloaders_save_path = None
log_wandb = False

Training Hyper Parameters:
epochs = 300
train_batch_size = 2048
learner = rmsprop
learning_rate = 0.001
train_neg_sample_args = {'distribution': 'uniform', 'sample_num': 1, 'alpha': 1.0, 'dynamic': False, 'candidate_num': 0}
eval_step = 1
stopping_step = 10
clip_grad_norm = None
weight_decay = 0.0
loss_decimal_place = 4

Evaluation Hyper Parameters:
eval_args = {'split': {'RS': [0.8, 0.1, 0.1]}, 'group_by': 'user', 'order': 'RO', 'mode': 'full'}
repeatable = False
metrics = ['Recall', 'MRR', 'NDCG', 'Hit', 'Precision']
topk = [10]
valid_metric = MRR@10
valid_metric_bigger = True
eval_batch_size = 4096
metric_decimal_place = 4

Dataset Hyper Parameters:
field_separator = 	
seq_separator =  
USER_ID_FIELD = user_id
ITEM_ID_FIELD = item_id
RATING_FIELD = rating
TIME_FIELD = timestamp
seq_len = None
LABEL_FIELD = label
threshold = None
NEG_PREFIX = neg_
load_col = {'inter': ['user_id', 'item_id', 'rating', 'timestamp'], 'kg': ['head_id', 'relation_id', 'tail_id'], 'link': ['item_id', 'entity_id']}
unload_col = None
unused_col = None
additional_feat_suffix = None
rm_dup_inter = None
val_interval = None
filter_inter_by_user_or_item = True
user_inter_num_interval = None
item_inter_num_interval = None
alias_of_user_id = None
alias_of_item_id = None
alias_of_entity_id = None
alias_of_relation_id = None
preload_weight = None
normalize_field = None
normalize_all = True
ITEM_LIST_LENGTH_FIELD = item_length
LIST_SUFFIX = _list
MAX_ITEM_LIST_LENGTH = 50
POSITION_FIELD = position_id
HEAD_ENTITY_ID_FIELD = head_id
TAIL_ENTITY_ID_FIELD = tail_id
RELATION_ID_FIELD = relation_id
ENTITY_ID_FIELD = entity_id
kg_reverse_r = False
entity_kg_num_interval = [0,inf)
relation_kg_num_interval = [0,inf)
benchmark_filename = None

Other Hyper Parameters: 
worker = 0
wandb_project = recbole
shuffle = True
require_pow = False
enable_amp = False
enable_scaler = False
transform = None
embedding_size = 64
kg_embedding_size = 64
layers = [64]
mess_dropout = 0.1
reg_weight = 1e-05
aggregator_type = bi
numerical_features = []
discretization = None
MODEL_TYPE = ModelType.KNOWLEDGE
is_swa = 1
is_momentum = 0
MODEL_INPUT_TYPE = InputType.PAIRWISE
eval_type = EvaluatorType.RANKING
single_spec = True
local_rank = 0
device = cpu
eval_neg_sample_args = {'distribution': 'uniform', 'sample_num': 'none'}


Mon 30 Jan 2023 22:08:40 INFO  Saving filtered dataset into [saved/ml-100k-dataset.pth]
Mon 30 Jan 2023 22:08:40 INFO  ml-100k
The number of users: 944
Average actions of users: 103.4506892895016
The number of items: 1599
Average actions of items: 61.04755944931164
The number of inters: 97554
The sparsity of the dataset: 93.53714185772888%
Remain Fields: ['entity_id', 'user_id', 'item_id', 'rating', 'timestamp', 'head_id', 'relation_id', 'tail_id']
The number of entities: 34629
The number of relations: 26
The number of triples: 91631
The number of items that have been linked to KG: 1598
Mon 30 Jan 2023 22:08:41 INFO  [Training]: train_batch_size = [2048] train_neg_sample_args: [{'distribution': 'uniform', 'sample_num': 1, 'alpha': 1.0, 'dynamic': False, 'candidate_num': 0}]
Mon 30 Jan 2023 22:08:41 INFO  [Evaluation]: eval_batch_size = [4096] eval_args: [{'split': {'RS': [0.8, 0.1, 0.1]}, 'group_by': 'user', 'order': 'RO', 'mode': 'full'}]
Mon 30 Jan 2023 22:08:42 INFO  KGAT(
  (user_embedding): Embedding(944, 64)
  (entity_embedding): Embedding(34629, 64)
  (relation_embedding): Embedding(26, 64)
  (trans_w): Embedding(26, 4096)
  (aggregator_layers): ModuleList(
    (0): Aggregator(
      (message_dropout): Dropout(p=0.1, inplace=False)
      (W1): Linear(in_features=64, out_features=64, bias=True)
      (W2): Linear(in_features=64, out_features=64, bias=True)
      (activation): LeakyReLU(negative_slope=0.01)
    )
  )
  (tanh): Tanh()
  (mf_loss): BPRLoss()
  (reg_loss): EmbLoss()
)
Trainable parameters: 2393152
Mon 30 Jan 2023 22:08:42 INFO  FLOPs: 291414016.0
Mon 30 Jan 2023 22:08:47 INFO  epoch 0 training [time: 5.11s, train_loss1: 21.9556, train_loss2: 2940.6148]
Mon 30 Jan 2023 22:08:48 INFO  epoch 0 evaluating [time: 0.31s, valid_score: 0.069300]
Mon 30 Jan 2023 22:08:48 INFO  valid result: 
recall@10 : 0.0336    mrr@10 : 0.0693    ndcg@10 : 0.0331    hit@10 : 0.2057    precision@10 : 0.0241
Mon 30 Jan 2023 22:08:48 INFO  Saving current: saved/KGAT-Jan-30-2023_22-08-42.pth
Mon 30 Jan 2023 22:08:56 INFO  epoch 1 training [time: 8.63s, train_loss1: 36.4166, train_loss2: 221.1162]
Mon 30 Jan 2023 22:08:57 INFO  epoch 1 evaluating [time: 0.27s, valid_score: 0.095200]
Mon 30 Jan 2023 22:08:57 INFO  valid result: 
recall@10 : 0.0435    mrr@10 : 0.0952    ndcg@10 : 0.0454    hit@10 : 0.2704    precision@10 : 0.0332
Mon 30 Jan 2023 22:08:57 INFO  Saving current: saved/KGAT-Jan-30-2023_22-08-42.pth
Mon 30 Jan 2023 22:09:07 INFO  epoch 2 training [time: 10.23s, train_loss1: 22.0695, train_loss2: 519.3644]
Mon 30 Jan 2023 22:09:07 INFO  epoch 2 evaluating [time: 0.27s, valid_score: 0.118800]
Mon 30 Jan 2023 22:09:07 INFO  valid result: 
recall@10 : 0.0442    mrr@10 : 0.1188    ndcg@10 : 0.055    hit@10 : 0.3171    precision@10 : 0.0434
Mon 30 Jan 2023 22:09:07 INFO  Saving current: saved/KGAT-Jan-30-2023_22-08-42.pth
Mon 30 Jan 2023 22:09:17 INFO  epoch 3 training [time: 10.05s, train_loss1: 19.7295, train_loss2: 270.4160]
Mon 30 Jan 2023 22:09:18 INFO  epoch 3 evaluating [time: 0.25s, valid_score: 0.123400]
Mon 30 Jan 2023 22:09:18 INFO  valid result: 
recall@10 : 0.0464    mrr@10 : 0.1234    ndcg@10 : 0.0564    hit@10 : 0.3287    precision@10 : 0.0444
Mon 30 Jan 2023 22:09:18 INFO  Saving current: saved/KGAT-Jan-30-2023_22-08-42.pth
Mon 30 Jan 2023 22:09:26 INFO  epoch 4 training [time: 8.78s, train_loss1: 19.0624, train_loss2: 781.8302]
Mon 30 Jan 2023 22:09:27 INFO  epoch 4 evaluating [time: 0.23s, valid_score: 0.111400]
Mon 30 Jan 2023 22:09:27 INFO  valid result: 
recall@10 : 0.0443    mrr@10 : 0.1114    ndcg@10 : 0.0517    hit@10 : 0.3181    precision@10 : 0.0431
Mon 30 Jan 2023 22:09:34 INFO  epoch 5 training [time: 7.01s, train_loss1: 21.4845, train_loss2: 519.2169]
Mon 30 Jan 2023 22:09:34 INFO  epoch 5 evaluating [time: 0.20s, valid_score: 0.111300]
Mon 30 Jan 2023 22:09:34 INFO  valid result: 
recall@10 : 0.0446    mrr@10 : 0.1113    ndcg@10 : 0.0531    hit@10 : 0.3139    precision@10 : 0.0428
Mon 30 Jan 2023 22:09:39 INFO  epoch 6 training [time: 4.78s, train_loss1: 21.4438, train_loss2: 979.0214]
Mon 30 Jan 2023 22:09:39 INFO  epoch 6 evaluating [time: 0.20s, valid_score: 0.119500]
Mon 30 Jan 2023 22:09:39 INFO  valid result: 
recall@10 : 0.0502    mrr@10 : 0.1195    ndcg@10 : 0.0563    hit@10 : 0.3171    precision@10 : 0.0425
Mon 30 Jan 2023 22:09:44 INFO  epoch 7 training [time: 4.68s, train_loss1: 22.5826, train_loss2: 516.5304]
Mon 30 Jan 2023 22:09:44 INFO  epoch 7 evaluating [time: 0.20s, valid_score: 0.121100]
Mon 30 Jan 2023 22:09:44 INFO  valid result: 
recall@10 : 0.0511    mrr@10 : 0.1211    ndcg@10 : 0.059    hit@10 : 0.3266    precision@10 : 0.0467
Mon 30 Jan 2023 22:09:48 INFO  epoch 8 training [time: 4.52s, train_loss1: 22.9141, train_loss2: 433.6818]
Mon 30 Jan 2023 22:09:49 INFO  epoch 8 evaluating [time: 0.20s, valid_score: 0.117400]
Mon 30 Jan 2023 22:09:49 INFO  valid result: 
recall@10 : 0.0521    mrr@10 : 0.1174    ndcg@10 : 0.0579    hit@10 : 0.3446    precision@10 : 0.0479
Mon 30 Jan 2023 22:09:53 INFO  epoch 9 training [time: 4.42s, train_loss1: 22.4593, train_loss2: 1235.3273]
Mon 30 Jan 2023 22:09:53 INFO  epoch 9 evaluating [time: 0.20s, valid_score: 0.127900]
Mon 30 Jan 2023 22:09:53 INFO  valid result: 
recall@10 : 0.0523    mrr@10 : 0.1279    ndcg@10 : 0.061    hit@10 : 0.3436    precision@10 : 0.0484
Mon 30 Jan 2023 22:09:53 INFO  Saving current: saved/KGAT-Jan-30-2023_22-08-42.pth
Mon 30 Jan 2023 22:09:58 INFO  epoch 10 training [time: 4.39s, train_loss1: 23.6809, train_loss2: 482.8328]
Mon 30 Jan 2023 22:09:58 INFO  epoch 10 evaluating [time: 0.20s, valid_score: 0.128400]
Mon 30 Jan 2023 22:09:58 INFO  valid result: 
recall@10 : 0.0521    mrr@10 : 0.1284    ndcg@10 : 0.0604    hit@10 : 0.3499    precision@10 : 0.0479
Mon 30 Jan 2023 22:09:58 INFO  Saving current: saved/KGAT-Jan-30-2023_22-08-42.pth
Mon 30 Jan 2023 22:10:02 INFO  epoch 11 training [time: 4.46s, train_loss1: 23.7447, train_loss2: 1191.8593]
Mon 30 Jan 2023 22:10:03 INFO  epoch 11 evaluating [time: 0.21s, valid_score: 0.144000]
Mon 30 Jan 2023 22:10:03 INFO  valid result: 
recall@10 : 0.0624    mrr@10 : 0.144    ndcg@10 : 0.0688    hit@10 : 0.3733    precision@10 : 0.052
Mon 30 Jan 2023 22:10:03 INFO  Saving current: saved/KGAT-Jan-30-2023_22-08-42.pth
Mon 30 Jan 2023 22:10:07 INFO  epoch 12 training [time: 4.47s, train_loss1: 24.2253, train_loss2: 695.7294]
Mon 30 Jan 2023 22:10:07 INFO  epoch 12 evaluating [time: 0.20s, valid_score: 0.141700]
Mon 30 Jan 2023 22:10:07 INFO  valid result: 
recall@10 : 0.059    mrr@10 : 0.1417    ndcg@10 : 0.0687    hit@10 : 0.3627    precision@10 : 0.0522
Mon 30 Jan 2023 22:10:12 INFO  epoch 13 training [time: 4.40s, train_loss1: 24.0676, train_loss2: 567.8594]
Mon 30 Jan 2023 22:10:12 INFO  epoch 13 evaluating [time: 0.20s, valid_score: 0.149100]
Mon 30 Jan 2023 22:10:12 INFO  valid result: 
recall@10 : 0.0614    mrr@10 : 0.1491    ndcg@10 : 0.0713    hit@10 : 0.3722    precision@10 : 0.0521
Mon 30 Jan 2023 22:10:12 INFO  Saving current: saved/KGAT-Jan-30-2023_22-08-42.pth
Mon 30 Jan 2023 22:10:16 INFO  epoch 14 training [time: 4.39s, train_loss1: 23.6176, train_loss2: 1405.6943]
Mon 30 Jan 2023 22:10:17 INFO  epoch 14 evaluating [time: 0.20s, valid_score: 0.144400]
Mon 30 Jan 2023 22:10:17 INFO  valid result: 
recall@10 : 0.0615    mrr@10 : 0.1444    ndcg@10 : 0.0699    hit@10 : 0.368    precision@10 : 0.0526
Mon 30 Jan 2023 22:10:21 INFO  epoch 15 training [time: 4.39s, train_loss1: 24.4963, train_loss2: 659.1666]
Mon 30 Jan 2023 22:10:21 INFO  epoch 15 evaluating [time: 0.20s, valid_score: 0.137900]
Mon 30 Jan 2023 22:10:21 INFO  valid result: 
recall@10 : 0.0577    mrr@10 : 0.1379    ndcg@10 : 0.0661    hit@10 : 0.3627    precision@10 : 0.0489
Mon 30 Jan 2023 22:10:26 INFO  epoch 16 training [time: 4.41s, train_loss1: 24.0320, train_loss2: 602.7929]
Mon 30 Jan 2023 22:10:26 INFO  epoch 16 evaluating [time: 0.20s, valid_score: 0.148300]
Mon 30 Jan 2023 22:10:26 INFO  valid result: 
recall@10 : 0.0624    mrr@10 : 0.1483    ndcg@10 : 0.0722    hit@10 : 0.3796    precision@10 : 0.0538
Mon 30 Jan 2023 22:10:30 INFO  epoch 17 training [time: 4.14s, train_loss1: 24.4968, train_loss2: 1684.8078]
Mon 30 Jan 2023 22:10:30 INFO  epoch 17 evaluating [time: 0.20s, valid_score: 0.164600]
Mon 30 Jan 2023 22:10:30 INFO  valid result: 
recall@10 : 0.0695    mrr@10 : 0.1646    ndcg@10 : 0.0798    hit@10 : 0.4051    precision@10 : 0.0581
Mon 30 Jan 2023 22:10:30 INFO  Saving current: saved/KGAT-Jan-30-2023_22-08-42.pth
Mon 30 Jan 2023 22:10:34 INFO  epoch 18 training [time: 4.31s, train_loss1: 25.0065, train_loss2: 686.4156]
Mon 30 Jan 2023 22:10:35 INFO  epoch 18 evaluating [time: 0.20s, valid_score: 0.169700]
Mon 30 Jan 2023 22:10:35 INFO  valid result: 
recall@10 : 0.0675    mrr@10 : 0.1697    ndcg@10 : 0.0795    hit@10 : 0.3977    precision@10 : 0.0568
Mon 30 Jan 2023 22:10:35 INFO  Saving current: saved/KGAT-Jan-30-2023_22-08-42.pth
Mon 30 Jan 2023 22:10:39 INFO  epoch 19 training [time: 4.24s, train_loss1: 25.1645, train_loss2: 654.6073]
Mon 30 Jan 2023 22:10:39 INFO  epoch 19 evaluating [time: 0.20s, valid_score: 0.145900]
Mon 30 Jan 2023 22:10:39 INFO  valid result: 
recall@10 : 0.0684    mrr@10 : 0.1459    ndcg@10 : 0.0749    hit@10 : 0.3934    precision@10 : 0.059
Mon 30 Jan 2023 22:10:43 INFO  epoch 20 training [time: 4.14s, train_loss1: 25.5753, train_loss2: 1598.5309]
Mon 30 Jan 2023 22:10:43 INFO  epoch 20 evaluating [time: 0.20s, valid_score: 0.159200]
Mon 30 Jan 2023 22:10:43 INFO  valid result: 
recall@10 : 0.0676    mrr@10 : 0.1592    ndcg@10 : 0.0778    hit@10 : 0.4199    precision@10 : 0.0616
Mon 30 Jan 2023 22:10:48 INFO  epoch 21 training [time: 4.21s, train_loss1: 26.6537, train_loss2: 861.4224]
Mon 30 Jan 2023 22:10:48 INFO  epoch 21 evaluating [time: 0.20s, valid_score: 0.164800]
Mon 30 Jan 2023 22:10:48 INFO  valid result: 
recall@10 : 0.071    mrr@10 : 0.1648    ndcg@10 : 0.0803    hit@10 : 0.4189    precision@10 : 0.0611
Mon 30 Jan 2023 22:10:52 INFO  epoch 22 training [time: 4.29s, train_loss1: 26.6036, train_loss2: 921.3934]
Mon 30 Jan 2023 22:10:52 INFO  epoch 22 evaluating [time: 0.20s, valid_score: 0.174400]
Mon 30 Jan 2023 22:10:52 INFO  valid result: 
recall@10 : 0.0744    mrr@10 : 0.1744    ndcg@10 : 0.0849    hit@10 : 0.421    precision@10 : 0.0621
Mon 30 Jan 2023 22:10:52 INFO  Saving current: saved/KGAT-Jan-30-2023_22-08-42.pth
Mon 30 Jan 2023 22:10:57 INFO  epoch 23 training [time: 4.15s, train_loss1: 26.2591, train_loss2: 1650.9548]
Mon 30 Jan 2023 22:10:57 INFO  epoch 23 evaluating [time: 0.20s, valid_score: 0.159500]
Mon 30 Jan 2023 22:10:57 INFO  valid result: 
recall@10 : 0.0637    mrr@10 : 0.1595    ndcg@10 : 0.0742    hit@10 : 0.3892    precision@10 : 0.0549
Mon 30 Jan 2023 22:11:01 INFO  epoch 24 training [time: 4.21s, train_loss1: 26.6870, train_loss2: 871.4149]
Mon 30 Jan 2023 22:11:01 INFO  epoch 24 evaluating [time: 0.20s, valid_score: 0.162900]
Mon 30 Jan 2023 22:11:01 INFO  valid result: 
recall@10 : 0.0607    mrr@10 : 0.1629    ndcg@10 : 0.0739    hit@10 : 0.3849    precision@10 : 0.0546
Mon 30 Jan 2023 22:11:05 INFO  epoch 25 training [time: 4.24s, train_loss1: 27.6115, train_loss2: 772.4960]
Mon 30 Jan 2023 22:11:06 INFO  epoch 25 evaluating [time: 0.20s, valid_score: 0.174400]
Mon 30 Jan 2023 22:11:06 INFO  valid result: 
recall@10 : 0.0722    mrr@10 : 0.1744    ndcg@10 : 0.0827    hit@10 : 0.4136    precision@10 : 0.0598
Mon 30 Jan 2023 22:11:06 INFO  Saving current: saved/KGAT-Jan-30-2023_22-08-42.pth
Mon 30 Jan 2023 22:11:10 INFO  epoch 26 training [time: 4.07s, train_loss1: 26.6219, train_loss2: 805.4295]
Mon 30 Jan 2023 22:11:10 INFO  epoch 26 evaluating [time: 0.20s, valid_score: 0.183400]
Mon 30 Jan 2023 22:11:10 INFO  valid result: 
recall@10 : 0.0743    mrr@10 : 0.1834    ndcg@10 : 0.0864    hit@10 : 0.4348    precision@10 : 0.0635
Mon 30 Jan 2023 22:11:10 INFO  Saving current: saved/KGAT-Jan-30-2023_22-08-42.pth
Mon 30 Jan 2023 22:11:14 INFO  epoch 27 training [time: 4.31s, train_loss1: 26.8119, train_loss2: 1898.0705]
Mon 30 Jan 2023 22:11:15 INFO  epoch 27 evaluating [time: 0.20s, valid_score: 0.163200]
Mon 30 Jan 2023 22:11:15 INFO  valid result: 
recall@10 : 0.0648    mrr@10 : 0.1632    ndcg@10 : 0.0788    hit@10 : 0.4008    precision@10 : 0.0612
Mon 30 Jan 2023 22:11:19 INFO  epoch 28 training [time: 4.31s, train_loss1: 27.8706, train_loss2: 866.5699]
Mon 30 Jan 2023 22:11:19 INFO  epoch 28 evaluating [time: 0.20s, valid_score: 0.180600]
Mon 30 Jan 2023 22:11:19 INFO  valid result: 
recall@10 : 0.0705    mrr@10 : 0.1806    ndcg@10 : 0.085    hit@10 : 0.4168    precision@10 : 0.0621
Mon 30 Jan 2023 22:11:23 INFO  epoch 29 training [time: 4.32s, train_loss1: 27.1453, train_loss2: 840.7212]
Mon 30 Jan 2023 22:11:24 INFO  epoch 29 evaluating [time: 0.19s, valid_score: 0.176300]
Mon 30 Jan 2023 22:11:24 INFO  valid result: 
recall@10 : 0.0742    mrr@10 : 0.1763    ndcg@10 : 0.0864    hit@10 : 0.4178    precision@10 : 0.0619
Mon 30 Jan 2023 22:11:28 INFO  epoch 30 training [time: 4.27s, train_loss1: 27.7765, train_loss2: 1978.6452]
Mon 30 Jan 2023 22:11:28 INFO  epoch 30 evaluating [time: 0.19s, valid_score: 0.172200]
Mon 30 Jan 2023 22:11:28 INFO  valid result: 
recall@10 : 0.07    mrr@10 : 0.1722    ndcg@10 : 0.0826    hit@10 : 0.4062    precision@10 : 0.059
Mon 30 Jan 2023 22:11:32 INFO  epoch 31 training [time: 4.31s, train_loss1: 28.7120, train_loss2: 936.2921]
Mon 30 Jan 2023 22:11:33 INFO  epoch 31 evaluating [time: 0.19s, valid_score: 0.176600]
Mon 30 Jan 2023 22:11:33 INFO  valid result: 
recall@10 : 0.0775    mrr@10 : 0.1766    ndcg@10 : 0.0867    hit@10 : 0.4316    precision@10 : 0.063
Mon 30 Jan 2023 22:11:37 INFO  epoch 32 training [time: 4.27s, train_loss1: 28.2141, train_loss2: 862.1461]
Mon 30 Jan 2023 22:11:37 INFO  epoch 32 evaluating [time: 0.19s, valid_score: 0.189200]
Mon 30 Jan 2023 22:11:37 INFO  valid result: 
recall@10 : 0.0774    mrr@10 : 0.1892    ndcg@10 : 0.0907    hit@10 : 0.4263    precision@10 : 0.0638
Mon 30 Jan 2023 22:11:37 INFO  Saving current: saved/KGAT-Jan-30-2023_22-08-42.pth
Mon 30 Jan 2023 22:11:41 INFO  epoch 33 training [time: 4.24s, train_loss1: 28.1003, train_loss2: 1374.9948]
Mon 30 Jan 2023 22:11:42 INFO  epoch 33 evaluating [time: 0.19s, valid_score: 0.186400]
Mon 30 Jan 2023 22:11:42 INFO  valid result: 
recall@10 : 0.0779    mrr@10 : 0.1864    ndcg@10 : 0.0899    hit@10 : 0.4242    precision@10 : 0.0626
Mon 30 Jan 2023 22:11:46 INFO  epoch 34 training [time: 4.28s, train_loss1: 28.9523, train_loss2: 1445.5473]
Mon 30 Jan 2023 22:11:46 INFO  epoch 34 evaluating [time: 0.20s, valid_score: 0.182100]
Mon 30 Jan 2023 22:11:46 INFO  valid result: 
recall@10 : 0.0779    mrr@10 : 0.1821    ndcg@10 : 0.0894    hit@10 : 0.4369    precision@10 : 0.0667
Mon 30 Jan 2023 22:11:50 INFO  epoch 35 training [time: 4.44s, train_loss1: 29.6935, train_loss2: 1058.9354]
Mon 30 Jan 2023 22:11:51 INFO  epoch 35 evaluating [time: 0.20s, valid_score: 0.178100]
Mon 30 Jan 2023 22:11:51 INFO  valid result: 
recall@10 : 0.0754    mrr@10 : 0.1781    ndcg@10 : 0.0872    hit@10 : 0.4231    precision@10 : 0.0638
Mon 30 Jan 2023 22:11:55 INFO  epoch 36 training [time: 4.15s, train_loss1: 29.7060, train_loss2: 1078.3631]
Mon 30 Jan 2023 22:11:55 INFO  epoch 36 evaluating [time: 0.19s, valid_score: 0.174400]
Mon 30 Jan 2023 22:11:55 INFO  valid result: 
recall@10 : 0.0726    mrr@10 : 0.1744    ndcg@10 : 0.0843    hit@10 : 0.4136    precision@10 : 0.0607
Mon 30 Jan 2023 22:11:59 INFO  epoch 37 training [time: 4.25s, train_loss1: 29.2574, train_loss2: 1108.1326]
Mon 30 Jan 2023 22:11:59 INFO  epoch 37 evaluating [time: 0.19s, valid_score: 0.172400]
Mon 30 Jan 2023 22:11:59 INFO  valid result: 
recall@10 : 0.0811    mrr@10 : 0.1724    ndcg@10 : 0.0897    hit@10 : 0.4358    precision@10 : 0.0663
Mon 30 Jan 2023 22:12:04 INFO  epoch 38 training [time: 4.31s, train_loss1: 29.3843, train_loss2: 2110.2329]
Mon 30 Jan 2023 22:12:04 INFO  epoch 38 evaluating [time: 0.19s, valid_score: 0.194100]
Mon 30 Jan 2023 22:12:04 INFO  valid result: 
recall@10 : 0.0834    mrr@10 : 0.1941    ndcg@10 : 0.0952    hit@10 : 0.4475    precision@10 : 0.0671
Mon 30 Jan 2023 22:12:04 INFO  Saving current: saved/KGAT-Jan-30-2023_22-08-42.pth
Mon 30 Jan 2023 22:12:08 INFO  epoch 39 training [time: 4.14s, train_loss1: 30.7732, train_loss2: 1110.5535]
Mon 30 Jan 2023 22:12:08 INFO  epoch 39 evaluating [time: 0.19s, valid_score: 0.192800]
Mon 30 Jan 2023 22:12:08 INFO  valid result: 
recall@10 : 0.0814    mrr@10 : 0.1928    ndcg@10 : 0.0937    hit@10 : 0.4507    precision@10 : 0.0669
Mon 30 Jan 2023 22:12:13 INFO  epoch 40 training [time: 4.35s, train_loss1: 30.5568, train_loss2: 1106.9615]
Mon 30 Jan 2023 22:12:13 INFO  epoch 40 evaluating [time: 0.20s, valid_score: 0.198100]
Mon 30 Jan 2023 22:12:13 INFO  valid result: 
recall@10 : 0.0783    mrr@10 : 0.1981    ndcg@10 : 0.0935    hit@10 : 0.4454    precision@10 : 0.0663
Mon 30 Jan 2023 22:12:13 INFO  Saving current: saved/KGAT-Jan-30-2023_22-08-42.pth
Mon 30 Jan 2023 22:12:17 INFO  epoch 41 training [time: 3.99s, train_loss1: 30.6114, train_loss2: 1173.1597]
Mon 30 Jan 2023 22:12:17 INFO  epoch 41 evaluating [time: 0.19s, valid_score: 0.179600]
Mon 30 Jan 2023 22:12:17 INFO  valid result: 
recall@10 : 0.0739    mrr@10 : 0.1796    ndcg@10 : 0.0876    hit@10 : 0.4093    precision@10 : 0.0621
Mon 30 Jan 2023 22:12:21 INFO  epoch 42 training [time: 3.83s, train_loss1: 31.2062, train_loss2: 1082.7887]
Mon 30 Jan 2023 22:12:21 INFO  epoch 42 evaluating [time: 0.19s, valid_score: 0.164100]
Mon 30 Jan 2023 22:12:21 INFO  valid result: 
recall@10 : 0.0737    mrr@10 : 0.1641    ndcg@10 : 0.0843    hit@10 : 0.4157    precision@10 : 0.0632
Mon 30 Jan 2023 22:12:25 INFO  epoch 43 training [time: 4.20s, train_loss1: 30.8782, train_loss2: 1297.9768]
Mon 30 Jan 2023 22:12:26 INFO  epoch 43 evaluating [time: 0.19s, valid_score: 0.173600]
Mon 30 Jan 2023 22:12:26 INFO  valid result: 
recall@10 : 0.0771    mrr@10 : 0.1736    ndcg@10 : 0.0868    hit@10 : 0.4157    precision@10 : 0.0622
Mon 30 Jan 2023 22:12:30 INFO  epoch 44 training [time: 4.11s, train_loss1: 31.0929, train_loss2: 1410.1613]
Mon 30 Jan 2023 22:12:30 INFO  epoch 44 evaluating [time: 0.19s, valid_score: 0.175600]
Mon 30 Jan 2023 22:12:30 INFO  valid result: 
recall@10 : 0.0838    mrr@10 : 0.1756    ndcg@10 : 0.0891    hit@10 : 0.4454    precision@10 : 0.0657
Mon 30 Jan 2023 22:12:34 INFO  epoch 45 training [time: 3.95s, train_loss1: 30.7985, train_loss2: 1312.3382]
Mon 30 Jan 2023 22:12:34 INFO  epoch 45 evaluating [time: 0.19s, valid_score: 0.180000]
Mon 30 Jan 2023 22:12:34 INFO  valid result: 
recall@10 : 0.0812    mrr@10 : 0.18    ndcg@10 : 0.0892    hit@10 : 0.438    precision@10 : 0.065
Mon 30 Jan 2023 22:12:39 INFO  epoch 46 training [time: 5.22s, train_loss1: 31.4061, train_loss2: 1331.4515]
Mon 30 Jan 2023 22:12:39 INFO  epoch 46 evaluating [time: 0.20s, valid_score: 0.161900]
Mon 30 Jan 2023 22:12:39 INFO  valid result: 
recall@10 : 0.0777    mrr@10 : 0.1619    ndcg@10 : 0.0821    hit@10 : 0.4242    precision@10 : 0.0614
Mon 30 Jan 2023 22:12:44 INFO  epoch 47 training [time: 4.21s, train_loss1: 32.4068, train_loss2: 1418.9016]
Mon 30 Jan 2023 22:12:44 INFO  epoch 47 evaluating [time: 0.20s, valid_score: 0.175400]
Mon 30 Jan 2023 22:12:44 INFO  valid result: 
recall@10 : 0.0847    mrr@10 : 0.1754    ndcg@10 : 0.0894    hit@10 : 0.4411    precision@10 : 0.0637
Mon 30 Jan 2023 22:12:47 INFO  epoch 48 training [time: 3.62s, train_loss1: 31.4470, train_loss2: 1322.5978]
Mon 30 Jan 2023 22:12:48 INFO  epoch 48 evaluating [time: 0.19s, valid_score: 0.195200]
Mon 30 Jan 2023 22:12:48 INFO  valid result: 
recall@10 : 0.0859    mrr@10 : 0.1952    ndcg@10 : 0.0957    hit@10 : 0.4401    precision@10 : 0.0654
Mon 30 Jan 2023 22:12:52 INFO  epoch 49 training [time: 4.01s, train_loss1: 31.4418, train_loss2: 1499.3797]
Mon 30 Jan 2023 22:12:52 INFO  epoch 49 evaluating [time: 0.19s, valid_score: 0.180100]
Mon 30 Jan 2023 22:12:52 INFO  valid result: 
recall@10 : 0.0855    mrr@10 : 0.1801    ndcg@10 : 0.0921    hit@10 : 0.4422    precision@10 : 0.0669
Mon 30 Jan 2023 22:12:56 INFO  epoch 50 training [time: 4.07s, train_loss1: 32.5927, train_loss2: 1543.1062]
Mon 30 Jan 2023 22:12:56 INFO  epoch 50 evaluating [time: 0.20s, valid_score: 0.178300]
Mon 30 Jan 2023 22:12:56 INFO  valid result: 
recall@10 : 0.0858    mrr@10 : 0.1783    ndcg@10 : 0.0922    hit@10 : 0.4517    precision@10 : 0.0672
Mon 30 Jan 2023 22:13:00 INFO  epoch 51 training [time: 4.14s, train_loss1: 32.5385, train_loss2: 1373.2158]
Mon 30 Jan 2023 22:13:00 INFO  epoch 51 evaluating [time: 0.19s, valid_score: 0.189200]
Mon 30 Jan 2023 22:13:00 INFO  valid result: 
recall@10 : 0.0876    mrr@10 : 0.1892    ndcg@10 : 0.0962    hit@10 : 0.4475    precision@10 : 0.0676
Mon 30 Jan 2023 22:13:00 INFO  Finished training, best eval result in epoch 40
Mon 30 Jan 2023 22:13:01 INFO  Loading model structure and parameters from saved/KGAT-Jan-30-2023_22-08-42.pth
Mon 30 Jan 2023 22:13:01 INFO  best valid : OrderedDict([('recall@10', 0.0783), ('mrr@10', 0.1981), ('ndcg@10', 0.0935), ('hit@10', 0.4454), ('precision@10', 0.0663)])
Mon 30 Jan 2023 22:13:01 INFO  test result: OrderedDict([('recall@10', 0.0748), ('mrr@10', 0.1938), ('ndcg@10', 0.09), ('hit@10', 0.4337), ('precision@10', 0.0647)])
