Mon 30 Jan 2023 23:17:15 INFO  ['recbole_test.py', '--seed', '2020', '--aggr', 'bi', '--opti', 'sgd', '--is_swa', 'false', '--is_momentum', 'true']
Mon 30 Jan 2023 23:17:15 INFO  
General Hyper Parameters:
gpu_id = 0
use_gpu = True
seed = 2020
state = INFO
reproducibility = True
data_path = /work/03/gu14/k36095/kgat_bai/recbole/config/../dataset_example/ml-100k
checkpoint_dir = saved
show_progress = True
save_dataset = True
dataset_save_path = None
save_dataloaders = False
dataloaders_save_path = None
log_wandb = False

Training Hyper Parameters:
epochs = 300
train_batch_size = 2048
learner = sgd
learning_rate = 0.001
train_neg_sample_args = {'distribution': 'uniform', 'sample_num': 1, 'alpha': 1.0, 'dynamic': False, 'candidate_num': 0}
eval_step = 1
stopping_step = 10
clip_grad_norm = None
weight_decay = 0.0
loss_decimal_place = 4

Evaluation Hyper Parameters:
eval_args = {'split': {'RS': [0.8, 0.1, 0.1]}, 'group_by': 'user', 'order': 'RO', 'mode': 'full'}
repeatable = False
metrics = ['Recall', 'MRR', 'NDCG', 'Hit', 'Precision']
topk = [10]
valid_metric = MRR@10
valid_metric_bigger = True
eval_batch_size = 4096
metric_decimal_place = 4

Dataset Hyper Parameters:
field_separator = 	
seq_separator =  
USER_ID_FIELD = user_id
ITEM_ID_FIELD = item_id
RATING_FIELD = rating
TIME_FIELD = timestamp
seq_len = None
LABEL_FIELD = label
threshold = None
NEG_PREFIX = neg_
load_col = {'inter': ['user_id', 'item_id', 'rating', 'timestamp'], 'kg': ['head_id', 'relation_id', 'tail_id'], 'link': ['item_id', 'entity_id']}
unload_col = None
unused_col = None
additional_feat_suffix = None
rm_dup_inter = None
val_interval = None
filter_inter_by_user_or_item = True
user_inter_num_interval = None
item_inter_num_interval = None
alias_of_user_id = None
alias_of_item_id = None
alias_of_entity_id = None
alias_of_relation_id = None
preload_weight = None
normalize_field = None
normalize_all = True
ITEM_LIST_LENGTH_FIELD = item_length
LIST_SUFFIX = _list
MAX_ITEM_LIST_LENGTH = 50
POSITION_FIELD = position_id
HEAD_ENTITY_ID_FIELD = head_id
TAIL_ENTITY_ID_FIELD = tail_id
RELATION_ID_FIELD = relation_id
ENTITY_ID_FIELD = entity_id
kg_reverse_r = False
entity_kg_num_interval = [0,inf)
relation_kg_num_interval = [0,inf)
benchmark_filename = None

Other Hyper Parameters: 
worker = 0
wandb_project = recbole
shuffle = True
require_pow = False
enable_amp = False
enable_scaler = False
transform = None
embedding_size = 64
kg_embedding_size = 64
layers = [64]
mess_dropout = 0.1
reg_weight = 1e-05
aggregator_type = bi
numerical_features = []
discretization = None
MODEL_TYPE = ModelType.KNOWLEDGE
is_swa = 0
is_momentum = 1
MODEL_INPUT_TYPE = InputType.PAIRWISE
eval_type = EvaluatorType.RANKING
single_spec = True
local_rank = 0
device = cpu
eval_neg_sample_args = {'distribution': 'uniform', 'sample_num': 'none'}


Mon 30 Jan 2023 23:17:16 INFO  Saving filtered dataset into [saved/ml-100k-dataset.pth]
Mon 30 Jan 2023 23:17:16 INFO  ml-100k
The number of users: 944
Average actions of users: 103.4506892895016
The number of items: 1599
Average actions of items: 61.04755944931164
The number of inters: 97554
The sparsity of the dataset: 93.53714185772888%
Remain Fields: ['entity_id', 'user_id', 'item_id', 'rating', 'timestamp', 'head_id', 'relation_id', 'tail_id']
The number of entities: 34629
The number of relations: 26
The number of triples: 91631
The number of items that have been linked to KG: 1598
Mon 30 Jan 2023 23:17:16 INFO  [Training]: train_batch_size = [2048] train_neg_sample_args: [{'distribution': 'uniform', 'sample_num': 1, 'alpha': 1.0, 'dynamic': False, 'candidate_num': 0}]
Mon 30 Jan 2023 23:17:16 INFO  [Evaluation]: eval_batch_size = [4096] eval_args: [{'split': {'RS': [0.8, 0.1, 0.1]}, 'group_by': 'user', 'order': 'RO', 'mode': 'full'}]
Mon 30 Jan 2023 23:17:17 INFO  KGAT(
  (user_embedding): Embedding(944, 64)
  (entity_embedding): Embedding(34629, 64)
  (relation_embedding): Embedding(26, 64)
  (trans_w): Embedding(26, 4096)
  (aggregator_layers): ModuleList(
    (0): Aggregator(
      (message_dropout): Dropout(p=0.1, inplace=False)
      (W1): Linear(in_features=64, out_features=64, bias=True)
      (W2): Linear(in_features=64, out_features=64, bias=True)
      (activation): LeakyReLU(negative_slope=0.01)
    )
  )
  (tanh): Tanh()
  (mf_loss): BPRLoss()
  (reg_loss): EmbLoss()
)
Trainable parameters: 2393152
Mon 30 Jan 2023 23:17:17 INFO  FLOPs: 291414016.0
Mon 30 Jan 2023 23:17:22 INFO  epoch 0 training [time: 5.00s, train_loss1: 26.6703, train_loss2: 31.1894]
Mon 30 Jan 2023 23:17:22 INFO  epoch 0 evaluating [time: 0.21s, valid_score: 0.015600]
Mon 30 Jan 2023 23:17:22 INFO  valid result: 
recall@10 : 0.0048    mrr@10 : 0.0156    ndcg@10 : 0.0062    hit@10 : 0.0541    precision@10 : 0.0057
Mon 30 Jan 2023 23:17:22 INFO  Saving current: saved/KGAT-Jan-30-2023_23-17-17.pth
Mon 30 Jan 2023 23:17:26 INFO  epoch 1 training [time: 3.69s, train_loss1: 26.8021, train_loss2: 31.1887]
Mon 30 Jan 2023 23:17:26 INFO  epoch 1 evaluating [time: 0.19s, valid_score: 0.018300]
Mon 30 Jan 2023 23:17:26 INFO  valid result: 
recall@10 : 0.0055    mrr@10 : 0.0183    ndcg@10 : 0.0074    hit@10 : 0.0689    precision@10 : 0.0073
Mon 30 Jan 2023 23:17:26 INFO  Saving current: saved/KGAT-Jan-30-2023_23-17-17.pth
Mon 30 Jan 2023 23:17:30 INFO  epoch 2 training [time: 3.72s, train_loss1: 26.6368, train_loss2: 31.1879]
Mon 30 Jan 2023 23:17:30 INFO  epoch 2 evaluating [time: 0.20s, valid_score: 0.017700]
Mon 30 Jan 2023 23:17:30 INFO  valid result: 
recall@10 : 0.0055    mrr@10 : 0.0177    ndcg@10 : 0.0072    hit@10 : 0.0689    precision@10 : 0.0073
Mon 30 Jan 2023 23:17:34 INFO  epoch 3 training [time: 3.78s, train_loss1: 26.5246, train_loss2: 31.1875]
Mon 30 Jan 2023 23:17:34 INFO  epoch 3 evaluating [time: 0.19s, valid_score: 0.020300]
Mon 30 Jan 2023 23:17:34 INFO  valid result: 
recall@10 : 0.0064    mrr@10 : 0.0203    ndcg@10 : 0.0081    hit@10 : 0.0732    precision@10 : 0.0077
Mon 30 Jan 2023 23:17:34 INFO  Saving current: saved/KGAT-Jan-30-2023_23-17-17.pth
Mon 30 Jan 2023 23:17:38 INFO  epoch 4 training [time: 3.55s, train_loss1: 26.4359, train_loss2: 31.1864]
Mon 30 Jan 2023 23:17:38 INFO  epoch 4 evaluating [time: 0.20s, valid_score: 0.019800]
Mon 30 Jan 2023 23:17:38 INFO  valid result: 
recall@10 : 0.007    mrr@10 : 0.0198    ndcg@10 : 0.0084    hit@10 : 0.0785    precision@10 : 0.0083
Mon 30 Jan 2023 23:17:42 INFO  epoch 5 training [time: 3.62s, train_loss1: 26.3415, train_loss2: 31.1859]
Mon 30 Jan 2023 23:17:42 INFO  epoch 5 evaluating [time: 0.19s, valid_score: 0.020600]
Mon 30 Jan 2023 23:17:42 INFO  valid result: 
recall@10 : 0.0069    mrr@10 : 0.0206    ndcg@10 : 0.0086    hit@10 : 0.0774    precision@10 : 0.0084
Mon 30 Jan 2023 23:17:42 INFO  Saving current: saved/KGAT-Jan-30-2023_23-17-17.pth
Mon 30 Jan 2023 23:17:46 INFO  epoch 6 training [time: 3.71s, train_loss1: 26.2324, train_loss2: 31.1854]
Mon 30 Jan 2023 23:17:46 INFO  epoch 6 evaluating [time: 0.20s, valid_score: 0.022300]
Mon 30 Jan 2023 23:17:46 INFO  valid result: 
recall@10 : 0.0078    mrr@10 : 0.0223    ndcg@10 : 0.0094    hit@10 : 0.0827    precision@10 : 0.009
Mon 30 Jan 2023 23:17:46 INFO  Saving current: saved/KGAT-Jan-30-2023_23-17-17.pth
Mon 30 Jan 2023 23:17:50 INFO  epoch 7 training [time: 3.74s, train_loss1: 26.1393, train_loss2: 31.1852]
Mon 30 Jan 2023 23:17:50 INFO  epoch 7 evaluating [time: 0.20s, valid_score: 0.023500]
Mon 30 Jan 2023 23:17:50 INFO  valid result: 
recall@10 : 0.0081    mrr@10 : 0.0235    ndcg@10 : 0.0098    hit@10 : 0.0817    precision@10 : 0.0092
Mon 30 Jan 2023 23:17:50 INFO  Saving current: saved/KGAT-Jan-30-2023_23-17-17.pth
Mon 30 Jan 2023 23:17:54 INFO  epoch 8 training [time: 3.77s, train_loss1: 26.0694, train_loss2: 31.1849]
Mon 30 Jan 2023 23:17:54 INFO  epoch 8 evaluating [time: 0.19s, valid_score: 0.022300]
Mon 30 Jan 2023 23:17:54 INFO  valid result: 
recall@10 : 0.0084    mrr@10 : 0.0223    ndcg@10 : 0.0099    hit@10 : 0.087    precision@10 : 0.0098
Mon 30 Jan 2023 23:17:58 INFO  epoch 9 training [time: 3.66s, train_loss1: 25.9688, train_loss2: 31.1835]
Mon 30 Jan 2023 23:17:58 INFO  epoch 9 evaluating [time: 0.21s, valid_score: 0.024400]
Mon 30 Jan 2023 23:17:58 INFO  valid result: 
recall@10 : 0.0085    mrr@10 : 0.0244    ndcg@10 : 0.0107    hit@10 : 0.0923    precision@10 : 0.0105
Mon 30 Jan 2023 23:17:58 INFO  Saving current: saved/KGAT-Jan-30-2023_23-17-17.pth
Mon 30 Jan 2023 23:18:03 INFO  epoch 10 training [time: 4.69s, train_loss1: 25.8808, train_loss2: 31.1833]
Mon 30 Jan 2023 23:18:03 INFO  epoch 10 evaluating [time: 0.24s, valid_score: 0.025900]
Mon 30 Jan 2023 23:18:03 INFO  valid result: 
recall@10 : 0.0098    mrr@10 : 0.0259    ndcg@10 : 0.0114    hit@10 : 0.0976    precision@10 : 0.0109
Mon 30 Jan 2023 23:18:03 INFO  Saving current: saved/KGAT-Jan-30-2023_23-17-17.pth
Mon 30 Jan 2023 23:18:07 INFO  epoch 11 training [time: 4.18s, train_loss1: 25.8043, train_loss2: 31.1825]
Mon 30 Jan 2023 23:18:07 INFO  epoch 11 evaluating [time: 0.19s, valid_score: 0.025700]
Mon 30 Jan 2023 23:18:07 INFO  valid result: 
recall@10 : 0.0109    mrr@10 : 0.0257    ndcg@10 : 0.012    hit@10 : 0.1029    precision@10 : 0.0118
Mon 30 Jan 2023 23:18:11 INFO  epoch 12 training [time: 3.68s, train_loss1: 25.7220, train_loss2: 31.1822]
Mon 30 Jan 2023 23:18:11 INFO  epoch 12 evaluating [time: 0.19s, valid_score: 0.025600]
Mon 30 Jan 2023 23:18:11 INFO  valid result: 
recall@10 : 0.0115    mrr@10 : 0.0256    ndcg@10 : 0.0123    hit@10 : 0.106    precision@10 : 0.0122
Mon 30 Jan 2023 23:18:15 INFO  epoch 13 training [time: 3.71s, train_loss1: 25.6481, train_loss2: 31.1813]
Mon 30 Jan 2023 23:18:15 INFO  epoch 13 evaluating [time: 0.19s, valid_score: 0.025700]
Mon 30 Jan 2023 23:18:15 INFO  valid result: 
recall@10 : 0.0116    mrr@10 : 0.0257    ndcg@10 : 0.0124    hit@10 : 0.1071    precision@10 : 0.0125
Mon 30 Jan 2023 23:18:19 INFO  epoch 14 training [time: 3.72s, train_loss1: 25.5710, train_loss2: 31.1805]
Mon 30 Jan 2023 23:18:19 INFO  epoch 14 evaluating [time: 0.19s, valid_score: 0.028700]
Mon 30 Jan 2023 23:18:19 INFO  valid result: 
recall@10 : 0.0121    mrr@10 : 0.0287    ndcg@10 : 0.0133    hit@10 : 0.1092    precision@10 : 0.0128
Mon 30 Jan 2023 23:18:19 INFO  Saving current: saved/KGAT-Jan-30-2023_23-17-17.pth
Mon 30 Jan 2023 23:18:23 INFO  epoch 15 training [time: 3.62s, train_loss1: 25.5022, train_loss2: 31.1800]
Mon 30 Jan 2023 23:18:23 INFO  epoch 15 evaluating [time: 0.19s, valid_score: 0.028600]
Mon 30 Jan 2023 23:18:23 INFO  valid result: 
recall@10 : 0.011    mrr@10 : 0.0286    ndcg@10 : 0.013    hit@10 : 0.1082    precision@10 : 0.0125
Mon 30 Jan 2023 23:18:26 INFO  epoch 16 training [time: 3.66s, train_loss1: 25.4261, train_loss2: 31.1799]
Mon 30 Jan 2023 23:18:27 INFO  epoch 16 evaluating [time: 0.19s, valid_score: 0.027700]
Mon 30 Jan 2023 23:18:27 INFO  valid result: 
recall@10 : 0.0114    mrr@10 : 0.0277    ndcg@10 : 0.0131    hit@10 : 0.1082    precision@10 : 0.0127
Mon 30 Jan 2023 23:18:30 INFO  epoch 17 training [time: 3.72s, train_loss1: 25.3773, train_loss2: 31.1792]
Mon 30 Jan 2023 23:18:31 INFO  epoch 17 evaluating [time: 0.20s, valid_score: 0.031700]
Mon 30 Jan 2023 23:18:31 INFO  valid result: 
recall@10 : 0.0123    mrr@10 : 0.0317    ndcg@10 : 0.0141    hit@10 : 0.1135    precision@10 : 0.0129
Mon 30 Jan 2023 23:18:31 INFO  Saving current: saved/KGAT-Jan-30-2023_23-17-17.pth
Mon 30 Jan 2023 23:18:34 INFO  epoch 18 training [time: 3.66s, train_loss1: 25.2865, train_loss2: 31.1784]
Mon 30 Jan 2023 23:18:34 INFO  epoch 18 evaluating [time: 0.19s, valid_score: 0.032800]
Mon 30 Jan 2023 23:18:34 INFO  valid result: 
recall@10 : 0.0135    mrr@10 : 0.0328    ndcg@10 : 0.0151    hit@10 : 0.1198    precision@10 : 0.014
Mon 30 Jan 2023 23:18:34 INFO  Saving current: saved/KGAT-Jan-30-2023_23-17-17.pth
Mon 30 Jan 2023 23:18:38 INFO  epoch 19 training [time: 3.60s, train_loss1: 25.2308, train_loss2: 31.1776]
Mon 30 Jan 2023 23:18:38 INFO  epoch 19 evaluating [time: 0.19s, valid_score: 0.032600]
Mon 30 Jan 2023 23:18:38 INFO  valid result: 
recall@10 : 0.0154    mrr@10 : 0.0326    ndcg@10 : 0.0163    hit@10 : 0.1304    precision@10 : 0.0157
Mon 30 Jan 2023 23:18:42 INFO  epoch 20 training [time: 3.61s, train_loss1: 25.1606, train_loss2: 31.1774]
Mon 30 Jan 2023 23:18:42 INFO  epoch 20 evaluating [time: 0.19s, valid_score: 0.035700]
Mon 30 Jan 2023 23:18:42 INFO  valid result: 
recall@10 : 0.0152    mrr@10 : 0.0357    ndcg@10 : 0.017    hit@10 : 0.1294    precision@10 : 0.0158
Mon 30 Jan 2023 23:18:42 INFO  Saving current: saved/KGAT-Jan-30-2023_23-17-17.pth
Mon 30 Jan 2023 23:18:46 INFO  epoch 21 training [time: 3.90s, train_loss1: 25.1052, train_loss2: 31.1763]
Mon 30 Jan 2023 23:18:46 INFO  epoch 21 evaluating [time: 0.24s, valid_score: 0.034800]
Mon 30 Jan 2023 23:18:46 INFO  valid result: 
recall@10 : 0.0135    mrr@10 : 0.0348    ndcg@10 : 0.0162    hit@10 : 0.123    precision@10 : 0.0146
Mon 30 Jan 2023 23:18:51 INFO  epoch 22 training [time: 4.33s, train_loss1: 25.0582, train_loss2: 31.1758]
Mon 30 Jan 2023 23:18:51 INFO  epoch 22 evaluating [time: 0.19s, valid_score: 0.036700]
Mon 30 Jan 2023 23:18:51 INFO  valid result: 
recall@10 : 0.0155    mrr@10 : 0.0367    ndcg@10 : 0.0179    hit@10 : 0.14    precision@10 : 0.0169
Mon 30 Jan 2023 23:18:51 INFO  Saving current: saved/KGAT-Jan-30-2023_23-17-17.pth
Mon 30 Jan 2023 23:18:55 INFO  epoch 23 training [time: 3.72s, train_loss1: 24.9763, train_loss2: 31.1748]
Mon 30 Jan 2023 23:18:55 INFO  epoch 23 evaluating [time: 0.19s, valid_score: 0.035000]
Mon 30 Jan 2023 23:18:55 INFO  valid result: 
recall@10 : 0.0165    mrr@10 : 0.035    ndcg@10 : 0.0176    hit@10 : 0.14    precision@10 : 0.0172
Mon 30 Jan 2023 23:18:59 INFO  epoch 24 training [time: 3.76s, train_loss1: 24.9158, train_loss2: 31.1743]
Mon 30 Jan 2023 23:18:59 INFO  epoch 24 evaluating [time: 0.19s, valid_score: 0.039200]
Mon 30 Jan 2023 23:18:59 INFO  valid result: 
recall@10 : 0.017    mrr@10 : 0.0392    ndcg@10 : 0.0193    hit@10 : 0.14    precision@10 : 0.0177
Mon 30 Jan 2023 23:18:59 INFO  Saving current: saved/KGAT-Jan-30-2023_23-17-17.pth
Mon 30 Jan 2023 23:19:03 INFO  epoch 25 training [time: 3.74s, train_loss1: 24.8513, train_loss2: 31.1732]
Mon 30 Jan 2023 23:19:03 INFO  epoch 25 evaluating [time: 0.19s, valid_score: 0.041400]
Mon 30 Jan 2023 23:19:03 INFO  valid result: 
recall@10 : 0.0168    mrr@10 : 0.0414    ndcg@10 : 0.0198    hit@10 : 0.1463    precision@10 : 0.018
Mon 30 Jan 2023 23:19:03 INFO  Saving current: saved/KGAT-Jan-30-2023_23-17-17.pth
Mon 30 Jan 2023 23:19:06 INFO  epoch 26 training [time: 3.70s, train_loss1: 24.7785, train_loss2: 31.1725]
Mon 30 Jan 2023 23:19:07 INFO  epoch 26 evaluating [time: 0.19s, valid_score: 0.039600]
Mon 30 Jan 2023 23:19:07 INFO  valid result: 
recall@10 : 0.0177    mrr@10 : 0.0396    ndcg@10 : 0.0197    hit@10 : 0.1516    precision@10 : 0.0185
Mon 30 Jan 2023 23:19:10 INFO  epoch 27 training [time: 3.76s, train_loss1: 24.7195, train_loss2: 31.1719]
Mon 30 Jan 2023 23:19:11 INFO  epoch 27 evaluating [time: 0.19s, valid_score: 0.041000]
Mon 30 Jan 2023 23:19:11 INFO  valid result: 
recall@10 : 0.0167    mrr@10 : 0.041    ndcg@10 : 0.0203    hit@10 : 0.1474    precision@10 : 0.0191
Mon 30 Jan 2023 23:19:14 INFO  epoch 28 training [time: 3.74s, train_loss1: 24.6965, train_loss2: 31.1711]
Mon 30 Jan 2023 23:19:15 INFO  epoch 28 evaluating [time: 0.19s, valid_score: 0.041800]
Mon 30 Jan 2023 23:19:15 INFO  valid result: 
recall@10 : 0.0171    mrr@10 : 0.0418    ndcg@10 : 0.0206    hit@10 : 0.1527    precision@10 : 0.0196
Mon 30 Jan 2023 23:19:15 INFO  Saving current: saved/KGAT-Jan-30-2023_23-17-17.pth
Mon 30 Jan 2023 23:19:18 INFO  epoch 29 training [time: 3.79s, train_loss1: 24.6083, train_loss2: 31.1705]
Mon 30 Jan 2023 23:19:19 INFO  epoch 29 evaluating [time: 0.19s, valid_score: 0.040000]
Mon 30 Jan 2023 23:19:19 INFO  valid result: 
recall@10 : 0.0167    mrr@10 : 0.04    ndcg@10 : 0.0204    hit@10 : 0.1527    precision@10 : 0.0196
Mon 30 Jan 2023 23:19:23 INFO  epoch 30 training [time: 4.57s, train_loss1: 24.5344, train_loss2: 31.1697]
Mon 30 Jan 2023 23:19:23 INFO  epoch 30 evaluating [time: 0.24s, valid_score: 0.044100]
Mon 30 Jan 2023 23:19:23 INFO  valid result: 
recall@10 : 0.0188    mrr@10 : 0.0441    ndcg@10 : 0.0214    hit@10 : 0.1622    precision@10 : 0.0199
Mon 30 Jan 2023 23:19:24 INFO  Saving current: saved/KGAT-Jan-30-2023_23-17-17.pth
Mon 30 Jan 2023 23:19:27 INFO  epoch 31 training [time: 3.73s, train_loss1: 24.4849, train_loss2: 31.1688]
Mon 30 Jan 2023 23:19:27 INFO  epoch 31 evaluating [time: 0.19s, valid_score: 0.043700]
Mon 30 Jan 2023 23:19:27 INFO  valid result: 
recall@10 : 0.0188    mrr@10 : 0.0437    ndcg@10 : 0.0219    hit@10 : 0.1622    precision@10 : 0.0204
Mon 30 Jan 2023 23:19:31 INFO  epoch 32 training [time: 3.72s, train_loss1: 24.3871, train_loss2: 31.1676]
Mon 30 Jan 2023 23:19:31 INFO  epoch 32 evaluating [time: 0.19s, valid_score: 0.044500]
Mon 30 Jan 2023 23:19:31 INFO  valid result: 
recall@10 : 0.0188    mrr@10 : 0.0445    ndcg@10 : 0.0221    hit@10 : 0.1665    precision@10 : 0.0207
Mon 30 Jan 2023 23:19:31 INFO  Saving current: saved/KGAT-Jan-30-2023_23-17-17.pth
Mon 30 Jan 2023 23:19:35 INFO  epoch 33 training [time: 3.72s, train_loss1: 24.2978, train_loss2: 31.1671]
Mon 30 Jan 2023 23:19:35 INFO  epoch 33 evaluating [time: 0.19s, valid_score: 0.048700]
Mon 30 Jan 2023 23:19:35 INFO  valid result: 
recall@10 : 0.0196    mrr@10 : 0.0487    ndcg@10 : 0.0234    hit@10 : 0.1697    precision@10 : 0.0215
Mon 30 Jan 2023 23:19:35 INFO  Saving current: saved/KGAT-Jan-30-2023_23-17-17.pth
Mon 30 Jan 2023 23:19:39 INFO  epoch 34 training [time: 3.75s, train_loss1: 24.1728, train_loss2: 31.1664]
Mon 30 Jan 2023 23:19:39 INFO  epoch 34 evaluating [time: 0.19s, valid_score: 0.050600]
Mon 30 Jan 2023 23:19:39 INFO  valid result: 
recall@10 : 0.0198    mrr@10 : 0.0506    ndcg@10 : 0.024    hit@10 : 0.1856    precision@10 : 0.0228
Mon 30 Jan 2023 23:19:39 INFO  Saving current: saved/KGAT-Jan-30-2023_23-17-17.pth
Mon 30 Jan 2023 23:19:43 INFO  epoch 35 training [time: 3.72s, train_loss1: 24.0620, train_loss2: 31.1655]
Mon 30 Jan 2023 23:19:43 INFO  epoch 35 evaluating [time: 0.19s, valid_score: 0.048200]
Mon 30 Jan 2023 23:19:43 INFO  valid result: 
recall@10 : 0.0206    mrr@10 : 0.0482    ndcg@10 : 0.024    hit@10 : 0.176    precision@10 : 0.022
Mon 30 Jan 2023 23:19:47 INFO  epoch 36 training [time: 3.71s, train_loss1: 23.8378, train_loss2: 31.1639]
Mon 30 Jan 2023 23:19:47 INFO  epoch 36 evaluating [time: 0.19s, valid_score: 0.048300]
Mon 30 Jan 2023 23:19:47 INFO  valid result: 
recall@10 : 0.0207    mrr@10 : 0.0483    ndcg@10 : 0.0237    hit@10 : 0.1729    precision@10 : 0.0217
Mon 30 Jan 2023 23:19:51 INFO  epoch 37 training [time: 3.66s, train_loss1: 23.5265, train_loss2: 31.1634]
Mon 30 Jan 2023 23:19:51 INFO  epoch 37 evaluating [time: 0.19s, valid_score: 0.053400]
Mon 30 Jan 2023 23:19:51 INFO  valid result: 
recall@10 : 0.0232    mrr@10 : 0.0534    ndcg@10 : 0.0263    hit@10 : 0.193    precision@10 : 0.0243
Mon 30 Jan 2023 23:19:51 INFO  Saving current: saved/KGAT-Jan-30-2023_23-17-17.pth
Mon 30 Jan 2023 23:19:55 INFO  epoch 38 training [time: 3.63s, train_loss1: 23.2458, train_loss2: 31.1624]
Mon 30 Jan 2023 23:19:55 INFO  epoch 38 evaluating [time: 0.19s, valid_score: 0.053800]
Mon 30 Jan 2023 23:19:55 INFO  valid result: 
recall@10 : 0.0223    mrr@10 : 0.0538    ndcg@10 : 0.0262    hit@10 : 0.1909    precision@10 : 0.0245
Mon 30 Jan 2023 23:19:55 INFO  Saving current: saved/KGAT-Jan-30-2023_23-17-17.pth
Mon 30 Jan 2023 23:19:59 INFO  epoch 39 training [time: 3.69s, train_loss1: 22.9322, train_loss2: 31.1613]
Mon 30 Jan 2023 23:19:59 INFO  epoch 39 evaluating [time: 0.19s, valid_score: 0.059600]
Mon 30 Jan 2023 23:19:59 INFO  valid result: 
recall@10 : 0.0242    mrr@10 : 0.0596    ndcg@10 : 0.0286    hit@10 : 0.2036    precision@10 : 0.0261
Mon 30 Jan 2023 23:19:59 INFO  Saving current: saved/KGAT-Jan-30-2023_23-17-17.pth
Mon 30 Jan 2023 23:20:03 INFO  epoch 40 training [time: 3.73s, train_loss1: 22.6385, train_loss2: 31.1604]
Mon 30 Jan 2023 23:20:03 INFO  epoch 40 evaluating [time: 0.19s, valid_score: 0.062400]
Mon 30 Jan 2023 23:20:03 INFO  valid result: 
recall@10 : 0.025    mrr@10 : 0.0624    ndcg@10 : 0.0295    hit@10 : 0.2057    precision@10 : 0.0261
Mon 30 Jan 2023 23:20:03 INFO  Saving current: saved/KGAT-Jan-30-2023_23-17-17.pth
Mon 30 Jan 2023 23:20:07 INFO  epoch 41 training [time: 3.71s, train_loss1: 22.4004, train_loss2: 31.1591]
Mon 30 Jan 2023 23:20:07 INFO  epoch 41 evaluating [time: 0.19s, valid_score: 0.063700]
Mon 30 Jan 2023 23:20:07 INFO  valid result: 
recall@10 : 0.0241    mrr@10 : 0.0637    ndcg@10 : 0.0297    hit@10 : 0.1951    precision@10 : 0.026
Mon 30 Jan 2023 23:20:07 INFO  Saving current: saved/KGAT-Jan-30-2023_23-17-17.pth
Mon 30 Jan 2023 23:20:11 INFO  epoch 42 training [time: 3.69s, train_loss1: 22.1297, train_loss2: 31.1584]
Mon 30 Jan 2023 23:20:11 INFO  epoch 42 evaluating [time: 0.19s, valid_score: 0.064600]
Mon 30 Jan 2023 23:20:11 INFO  valid result: 
recall@10 : 0.0262    mrr@10 : 0.0646    ndcg@10 : 0.0303    hit@10 : 0.2153    precision@10 : 0.0269
Mon 30 Jan 2023 23:20:11 INFO  Saving current: saved/KGAT-Jan-30-2023_23-17-17.pth
Mon 30 Jan 2023 23:20:14 INFO  epoch 43 training [time: 3.51s, train_loss1: 21.8869, train_loss2: 31.1571]
Mon 30 Jan 2023 23:20:15 INFO  epoch 43 evaluating [time: 0.19s, valid_score: 0.061400]
Mon 30 Jan 2023 23:20:15 INFO  valid result: 
recall@10 : 0.0254    mrr@10 : 0.0614    ndcg@10 : 0.03    hit@10 : 0.2142    precision@10 : 0.0277
Mon 30 Jan 2023 23:20:18 INFO  epoch 44 training [time: 3.65s, train_loss1: 21.6757, train_loss2: 31.1560]
Mon 30 Jan 2023 23:20:18 INFO  epoch 44 evaluating [time: 0.19s, valid_score: 0.067500]
Mon 30 Jan 2023 23:20:18 INFO  valid result: 
recall@10 : 0.0293    mrr@10 : 0.0675    ndcg@10 : 0.0332    hit@10 : 0.2259    precision@10 : 0.0298
Mon 30 Jan 2023 23:20:18 INFO  Saving current: saved/KGAT-Jan-30-2023_23-17-17.pth
Mon 30 Jan 2023 23:20:22 INFO  epoch 45 training [time: 3.59s, train_loss1: 21.5276, train_loss2: 31.1555]
Mon 30 Jan 2023 23:20:22 INFO  epoch 45 evaluating [time: 0.19s, valid_score: 0.068500]
Mon 30 Jan 2023 23:20:22 INFO  valid result: 
recall@10 : 0.0293    mrr@10 : 0.0685    ndcg@10 : 0.0336    hit@10 : 0.2365    precision@10 : 0.0309
Mon 30 Jan 2023 23:20:22 INFO  Saving current: saved/KGAT-Jan-30-2023_23-17-17.pth
Mon 30 Jan 2023 23:20:26 INFO  epoch 46 training [time: 3.54s, train_loss1: 21.3598, train_loss2: 31.1540]
Mon 30 Jan 2023 23:20:26 INFO  epoch 46 evaluating [time: 0.19s, valid_score: 0.070800]
Mon 30 Jan 2023 23:20:26 INFO  valid result: 
recall@10 : 0.0296    mrr@10 : 0.0708    ndcg@10 : 0.0345    hit@10 : 0.2333    precision@10 : 0.031
Mon 30 Jan 2023 23:20:26 INFO  Saving current: saved/KGAT-Jan-30-2023_23-17-17.pth
Mon 30 Jan 2023 23:20:30 INFO  epoch 47 training [time: 3.67s, train_loss1: 21.2140, train_loss2: 31.1525]
Mon 30 Jan 2023 23:20:30 INFO  epoch 47 evaluating [time: 0.19s, valid_score: 0.070800]
Mon 30 Jan 2023 23:20:30 INFO  valid result: 
recall@10 : 0.0296    mrr@10 : 0.0708    ndcg@10 : 0.0344    hit@10 : 0.2238    precision@10 : 0.0302
Mon 30 Jan 2023 23:20:30 INFO  Saving current: saved/KGAT-Jan-30-2023_23-17-17.pth
Mon 30 Jan 2023 23:20:34 INFO  epoch 48 training [time: 3.66s, train_loss1: 21.0869, train_loss2: 31.1516]
Mon 30 Jan 2023 23:20:34 INFO  epoch 48 evaluating [time: 0.19s, valid_score: 0.074300]
Mon 30 Jan 2023 23:20:34 INFO  valid result: 
recall@10 : 0.0329    mrr@10 : 0.0743    ndcg@10 : 0.0365    hit@10 : 0.245    precision@10 : 0.0328
Mon 30 Jan 2023 23:20:34 INFO  Saving current: saved/KGAT-Jan-30-2023_23-17-17.pth
Mon 30 Jan 2023 23:20:38 INFO  epoch 49 training [time: 3.69s, train_loss1: 21.0216, train_loss2: 31.1503]
Mon 30 Jan 2023 23:20:38 INFO  epoch 49 evaluating [time: 0.19s, valid_score: 0.070200]
Mon 30 Jan 2023 23:20:38 INFO  valid result: 
recall@10 : 0.03    mrr@10 : 0.0702    ndcg@10 : 0.0346    hit@10 : 0.228    precision@10 : 0.0306
Mon 30 Jan 2023 23:20:41 INFO  epoch 50 training [time: 3.66s, train_loss1: 20.8442, train_loss2: 31.1491]
Mon 30 Jan 2023 23:20:42 INFO  epoch 50 evaluating [time: 0.19s, valid_score: 0.071100]
Mon 30 Jan 2023 23:20:42 INFO  valid result: 
recall@10 : 0.0282    mrr@10 : 0.0711    ndcg@10 : 0.0342    hit@10 : 0.2259    precision@10 : 0.0306
Mon 30 Jan 2023 23:20:45 INFO  epoch 51 training [time: 3.66s, train_loss1: 20.7904, train_loss2: 31.1477]
Mon 30 Jan 2023 23:20:45 INFO  epoch 51 evaluating [time: 0.20s, valid_score: 0.071700]
Mon 30 Jan 2023 23:20:45 INFO  valid result: 
recall@10 : 0.0308    mrr@10 : 0.0717    ndcg@10 : 0.0349    hit@10 : 0.2312    precision@10 : 0.0311
Mon 30 Jan 2023 23:20:49 INFO  epoch 52 training [time: 3.67s, train_loss1: 20.6513, train_loss2: 31.1463]
Mon 30 Jan 2023 23:20:49 INFO  epoch 52 evaluating [time: 0.20s, valid_score: 0.075600]
Mon 30 Jan 2023 23:20:49 INFO  valid result: 
recall@10 : 0.0296    mrr@10 : 0.0756    ndcg@10 : 0.0355    hit@10 : 0.2312    precision@10 : 0.0312
Mon 30 Jan 2023 23:20:49 INFO  Saving current: saved/KGAT-Jan-30-2023_23-17-17.pth
Mon 30 Jan 2023 23:20:53 INFO  epoch 53 training [time: 3.65s, train_loss1: 20.5443, train_loss2: 31.1452]
Mon 30 Jan 2023 23:20:53 INFO  epoch 53 evaluating [time: 0.19s, valid_score: 0.072200]
Mon 30 Jan 2023 23:20:53 INFO  valid result: 
recall@10 : 0.0287    mrr@10 : 0.0722    ndcg@10 : 0.0346    hit@10 : 0.2238    precision@10 : 0.0303
Mon 30 Jan 2023 23:20:57 INFO  epoch 54 training [time: 3.63s, train_loss1: 20.5561, train_loss2: 31.1434]
Mon 30 Jan 2023 23:20:57 INFO  epoch 54 evaluating [time: 0.19s, valid_score: 0.074600]
Mon 30 Jan 2023 23:20:57 INFO  valid result: 
recall@10 : 0.0293    mrr@10 : 0.0746    ndcg@10 : 0.0354    hit@10 : 0.2301    precision@10 : 0.0309
Mon 30 Jan 2023 23:21:01 INFO  epoch 55 training [time: 3.74s, train_loss1: 20.4200, train_loss2: 31.1422]
Mon 30 Jan 2023 23:21:01 INFO  epoch 55 evaluating [time: 0.19s, valid_score: 0.071400]
Mon 30 Jan 2023 23:21:01 INFO  valid result: 
recall@10 : 0.0296    mrr@10 : 0.0714    ndcg@10 : 0.0347    hit@10 : 0.2291    precision@10 : 0.0303
Mon 30 Jan 2023 23:21:05 INFO  epoch 56 training [time: 3.73s, train_loss1: 20.4160, train_loss2: 31.1407]
Mon 30 Jan 2023 23:21:05 INFO  epoch 56 evaluating [time: 0.19s, valid_score: 0.076100]
Mon 30 Jan 2023 23:21:05 INFO  valid result: 
recall@10 : 0.0313    mrr@10 : 0.0761    ndcg@10 : 0.0363    hit@10 : 0.2344    precision@10 : 0.0314
Mon 30 Jan 2023 23:21:05 INFO  Saving current: saved/KGAT-Jan-30-2023_23-17-17.pth
Mon 30 Jan 2023 23:21:09 INFO  epoch 57 training [time: 3.66s, train_loss1: 20.2989, train_loss2: 31.1393]
Mon 30 Jan 2023 23:21:09 INFO  epoch 57 evaluating [time: 0.19s, valid_score: 0.074600]
Mon 30 Jan 2023 23:21:09 INFO  valid result: 
recall@10 : 0.0306    mrr@10 : 0.0746    ndcg@10 : 0.0356    hit@10 : 0.2269    precision@10 : 0.0305
Mon 30 Jan 2023 23:21:13 INFO  epoch 58 training [time: 3.72s, train_loss1: 20.3197, train_loss2: 31.1378]
Mon 30 Jan 2023 23:21:13 INFO  epoch 58 evaluating [time: 0.19s, valid_score: 0.069700]
Mon 30 Jan 2023 23:21:13 INFO  valid result: 
recall@10 : 0.0287    mrr@10 : 0.0697    ndcg@10 : 0.034    hit@10 : 0.2216    precision@10 : 0.0295
Mon 30 Jan 2023 23:21:16 INFO  epoch 59 training [time: 3.65s, train_loss1: 20.2256, train_loss2: 31.1362]
Mon 30 Jan 2023 23:21:17 INFO  epoch 59 evaluating [time: 0.19s, valid_score: 0.073600]
Mon 30 Jan 2023 23:21:17 INFO  valid result: 
recall@10 : 0.0302    mrr@10 : 0.0736    ndcg@10 : 0.0353    hit@10 : 0.228    precision@10 : 0.0304
Mon 30 Jan 2023 23:21:20 INFO  epoch 60 training [time: 3.67s, train_loss1: 20.1668, train_loss2: 31.1343]
Mon 30 Jan 2023 23:21:20 INFO  epoch 60 evaluating [time: 0.19s, valid_score: 0.072800]
Mon 30 Jan 2023 23:21:20 INFO  valid result: 
recall@10 : 0.0282    mrr@10 : 0.0728    ndcg@10 : 0.0343    hit@10 : 0.2259    precision@10 : 0.0295
Mon 30 Jan 2023 23:21:24 INFO  epoch 61 training [time: 3.66s, train_loss1: 20.1133, train_loss2: 31.1329]
Mon 30 Jan 2023 23:21:24 INFO  epoch 61 evaluating [time: 0.20s, valid_score: 0.075000]
Mon 30 Jan 2023 23:21:24 INFO  valid result: 
recall@10 : 0.0323    mrr@10 : 0.075    ndcg@10 : 0.0369    hit@10 : 0.2312    precision@10 : 0.0313
Mon 30 Jan 2023 23:21:28 INFO  epoch 62 training [time: 3.64s, train_loss1: 20.1095, train_loss2: 31.1313]
Mon 30 Jan 2023 23:21:28 INFO  epoch 62 evaluating [time: 0.20s, valid_score: 0.070100]
Mon 30 Jan 2023 23:21:28 INFO  valid result: 
recall@10 : 0.0308    mrr@10 : 0.0701    ndcg@10 : 0.0344    hit@10 : 0.2259    precision@10 : 0.0298
Mon 30 Jan 2023 23:21:32 INFO  epoch 63 training [time: 3.53s, train_loss1: 20.0288, train_loss2: 31.1300]
Mon 30 Jan 2023 23:21:32 INFO  epoch 63 evaluating [time: 0.19s, valid_score: 0.071900]
Mon 30 Jan 2023 23:21:32 INFO  valid result: 
recall@10 : 0.0294    mrr@10 : 0.0719    ndcg@10 : 0.0344    hit@10 : 0.2238    precision@10 : 0.0294
Mon 30 Jan 2023 23:21:36 INFO  epoch 64 training [time: 3.77s, train_loss1: 20.0095, train_loss2: 31.1281]
Mon 30 Jan 2023 23:21:36 INFO  epoch 64 evaluating [time: 0.19s, valid_score: 0.070000]
Mon 30 Jan 2023 23:21:36 INFO  valid result: 
recall@10 : 0.0292    mrr@10 : 0.07    ndcg@10 : 0.0341    hit@10 : 0.2259    precision@10 : 0.0295
Mon 30 Jan 2023 23:21:40 INFO  epoch 65 training [time: 3.72s, train_loss1: 19.9363, train_loss2: 31.1266]
Mon 30 Jan 2023 23:21:40 INFO  epoch 65 evaluating [time: 0.19s, valid_score: 0.070900]
Mon 30 Jan 2023 23:21:40 INFO  valid result: 
recall@10 : 0.0294    mrr@10 : 0.0709    ndcg@10 : 0.0343    hit@10 : 0.2206    precision@10 : 0.0293
Mon 30 Jan 2023 23:21:43 INFO  epoch 66 training [time: 3.76s, train_loss1: 19.9425, train_loss2: 31.1248]
Mon 30 Jan 2023 23:21:44 INFO  epoch 66 evaluating [time: 0.19s, valid_score: 0.072900]
Mon 30 Jan 2023 23:21:44 INFO  valid result: 
recall@10 : 0.0316    mrr@10 : 0.0729    ndcg@10 : 0.0356    hit@10 : 0.2386    precision@10 : 0.0309
Mon 30 Jan 2023 23:21:48 INFO  epoch 67 training [time: 3.85s, train_loss1: 19.8965, train_loss2: 31.1228]
Mon 30 Jan 2023 23:21:48 INFO  epoch 67 evaluating [time: 0.19s, valid_score: 0.073100]
Mon 30 Jan 2023 23:21:48 INFO  valid result: 
recall@10 : 0.0296    mrr@10 : 0.0731    ndcg@10 : 0.0352    hit@10 : 0.2248    precision@10 : 0.0302
Mon 30 Jan 2023 23:21:48 INFO  Finished training, best eval result in epoch 56
Mon 30 Jan 2023 23:21:48 INFO  Loading model structure and parameters from saved/KGAT-Jan-30-2023_23-17-17.pth
Mon 30 Jan 2023 23:21:48 INFO  best valid : OrderedDict([('recall@10', 0.0313), ('mrr@10', 0.0761), ('ndcg@10', 0.0363), ('hit@10', 0.2344), ('precision@10', 0.0314)])
Mon 30 Jan 2023 23:21:48 INFO  test result: OrderedDict([('recall@10', 0.0345), ('mrr@10', 0.0774), ('ndcg@10', 0.0403), ('hit@10', 0.2534), ('precision@10', 0.0362)])
