Mon 30 Jan 2023 22:59:05 INFO  ['recbole_test.py', '--seed', '2023', '--aggr', 'bi', '--opti', 'sgd', '--is_swa', 'false', '--is_momentum', 'true']
Mon 30 Jan 2023 22:59:05 INFO  
General Hyper Parameters:
gpu_id = 0
use_gpu = True
seed = 2023
state = INFO
reproducibility = True
data_path = /work/03/gu14/k36095/kgat_bai/recbole/config/../dataset_example/ml-100k
checkpoint_dir = saved
show_progress = True
save_dataset = True
dataset_save_path = None
save_dataloaders = False
dataloaders_save_path = None
log_wandb = False

Training Hyper Parameters:
epochs = 300
train_batch_size = 2048
learner = sgd
learning_rate = 0.001
train_neg_sample_args = {'distribution': 'uniform', 'sample_num': 1, 'alpha': 1.0, 'dynamic': False, 'candidate_num': 0}
eval_step = 1
stopping_step = 10
clip_grad_norm = None
weight_decay = 0.0
loss_decimal_place = 4

Evaluation Hyper Parameters:
eval_args = {'split': {'RS': [0.8, 0.1, 0.1]}, 'group_by': 'user', 'order': 'RO', 'mode': 'full'}
repeatable = False
metrics = ['Recall', 'MRR', 'NDCG', 'Hit', 'Precision']
topk = [10]
valid_metric = MRR@10
valid_metric_bigger = True
eval_batch_size = 4096
metric_decimal_place = 4

Dataset Hyper Parameters:
field_separator = 	
seq_separator =  
USER_ID_FIELD = user_id
ITEM_ID_FIELD = item_id
RATING_FIELD = rating
TIME_FIELD = timestamp
seq_len = None
LABEL_FIELD = label
threshold = None
NEG_PREFIX = neg_
load_col = {'inter': ['user_id', 'item_id', 'rating', 'timestamp'], 'kg': ['head_id', 'relation_id', 'tail_id'], 'link': ['item_id', 'entity_id']}
unload_col = None
unused_col = None
additional_feat_suffix = None
rm_dup_inter = None
val_interval = None
filter_inter_by_user_or_item = True
user_inter_num_interval = None
item_inter_num_interval = None
alias_of_user_id = None
alias_of_item_id = None
alias_of_entity_id = None
alias_of_relation_id = None
preload_weight = None
normalize_field = None
normalize_all = True
ITEM_LIST_LENGTH_FIELD = item_length
LIST_SUFFIX = _list
MAX_ITEM_LIST_LENGTH = 50
POSITION_FIELD = position_id
HEAD_ENTITY_ID_FIELD = head_id
TAIL_ENTITY_ID_FIELD = tail_id
RELATION_ID_FIELD = relation_id
ENTITY_ID_FIELD = entity_id
kg_reverse_r = False
entity_kg_num_interval = [0,inf)
relation_kg_num_interval = [0,inf)
benchmark_filename = None

Other Hyper Parameters: 
worker = 0
wandb_project = recbole
shuffle = True
require_pow = False
enable_amp = False
enable_scaler = False
transform = None
embedding_size = 64
kg_embedding_size = 64
layers = [64]
mess_dropout = 0.1
reg_weight = 1e-05
aggregator_type = bi
numerical_features = []
discretization = None
MODEL_TYPE = ModelType.KNOWLEDGE
is_swa = 0
is_momentum = 1
MODEL_INPUT_TYPE = InputType.PAIRWISE
eval_type = EvaluatorType.RANKING
single_spec = True
local_rank = 0
device = cpu
eval_neg_sample_args = {'distribution': 'uniform', 'sample_num': 'none'}


Mon 30 Jan 2023 22:59:06 INFO  Saving filtered dataset into [saved/ml-100k-dataset.pth]
Mon 30 Jan 2023 22:59:06 INFO  ml-100k
The number of users: 944
Average actions of users: 103.4506892895016
The number of items: 1599
Average actions of items: 61.04755944931164
The number of inters: 97554
The sparsity of the dataset: 93.53714185772888%
Remain Fields: ['entity_id', 'user_id', 'item_id', 'rating', 'timestamp', 'head_id', 'relation_id', 'tail_id']
The number of entities: 34629
The number of relations: 26
The number of triples: 91631
The number of items that have been linked to KG: 1598
Mon 30 Jan 2023 22:59:06 INFO  [Training]: train_batch_size = [2048] train_neg_sample_args: [{'distribution': 'uniform', 'sample_num': 1, 'alpha': 1.0, 'dynamic': False, 'candidate_num': 0}]
Mon 30 Jan 2023 22:59:06 INFO  [Evaluation]: eval_batch_size = [4096] eval_args: [{'split': {'RS': [0.8, 0.1, 0.1]}, 'group_by': 'user', 'order': 'RO', 'mode': 'full'}]
Mon 30 Jan 2023 22:59:09 INFO  KGAT(
  (user_embedding): Embedding(944, 64)
  (entity_embedding): Embedding(34629, 64)
  (relation_embedding): Embedding(26, 64)
  (trans_w): Embedding(26, 4096)
  (aggregator_layers): ModuleList(
    (0): Aggregator(
      (message_dropout): Dropout(p=0.1, inplace=False)
      (W1): Linear(in_features=64, out_features=64, bias=True)
      (W2): Linear(in_features=64, out_features=64, bias=True)
      (activation): LeakyReLU(negative_slope=0.01)
    )
  )
  (tanh): Tanh()
  (mf_loss): BPRLoss()
  (reg_loss): EmbLoss()
)
Trainable parameters: 2393152
Mon 30 Jan 2023 22:59:10 INFO  FLOPs: 291414016.0
Mon 30 Jan 2023 22:59:14 INFO  epoch 0 training [time: 4.66s, train_loss1: 26.6673, train_loss2: 31.1950]
Mon 30 Jan 2023 22:59:15 INFO  epoch 0 evaluating [time: 0.24s, valid_score: 0.016500]
Mon 30 Jan 2023 22:59:15 INFO  valid result: 
recall@10 : 0.0048    mrr@10 : 0.0165    ndcg@10 : 0.0063    hit@10 : 0.0562    precision@10 : 0.0057
Mon 30 Jan 2023 22:59:15 INFO  Saving current: saved/KGAT-Jan-30-2023_22-59-10.pth
Mon 30 Jan 2023 22:59:19 INFO  epoch 1 training [time: 4.14s, train_loss1: 26.8123, train_loss2: 31.1948]
Mon 30 Jan 2023 22:59:19 INFO  epoch 1 evaluating [time: 0.23s, valid_score: 0.020600]
Mon 30 Jan 2023 22:59:19 INFO  valid result: 
recall@10 : 0.006    mrr@10 : 0.0206    ndcg@10 : 0.0079    hit@10 : 0.071    precision@10 : 0.0074
Mon 30 Jan 2023 22:59:19 INFO  Saving current: saved/KGAT-Jan-30-2023_22-59-10.pth
Mon 30 Jan 2023 22:59:23 INFO  epoch 2 training [time: 4.03s, train_loss1: 26.6885, train_loss2: 31.1937]
Mon 30 Jan 2023 22:59:23 INFO  epoch 2 evaluating [time: 0.20s, valid_score: 0.019300]
Mon 30 Jan 2023 22:59:23 INFO  valid result: 
recall@10 : 0.0057    mrr@10 : 0.0193    ndcg@10 : 0.0073    hit@10 : 0.0668    precision@10 : 0.0068
Mon 30 Jan 2023 22:59:27 INFO  epoch 3 training [time: 4.04s, train_loss1: 26.5832, train_loss2: 31.1929]
Mon 30 Jan 2023 22:59:27 INFO  epoch 3 evaluating [time: 0.20s, valid_score: 0.018800]
Mon 30 Jan 2023 22:59:27 INFO  valid result: 
recall@10 : 0.0053    mrr@10 : 0.0188    ndcg@10 : 0.0071    hit@10 : 0.0626    precision@10 : 0.0066
Mon 30 Jan 2023 22:59:31 INFO  epoch 4 training [time: 3.88s, train_loss1: 26.4753, train_loss2: 31.1926]
Mon 30 Jan 2023 22:59:32 INFO  epoch 4 evaluating [time: 0.20s, valid_score: 0.019000]
Mon 30 Jan 2023 22:59:32 INFO  valid result: 
recall@10 : 0.0052    mrr@10 : 0.019    ndcg@10 : 0.0074    hit@10 : 0.07    precision@10 : 0.0073
Mon 30 Jan 2023 22:59:36 INFO  epoch 5 training [time: 4.04s, train_loss1: 26.3597, train_loss2: 31.1921]
Mon 30 Jan 2023 22:59:36 INFO  epoch 5 evaluating [time: 0.20s, valid_score: 0.022600]
Mon 30 Jan 2023 22:59:36 INFO  valid result: 
recall@10 : 0.0058    mrr@10 : 0.0226    ndcg@10 : 0.0082    hit@10 : 0.0689    precision@10 : 0.0073
Mon 30 Jan 2023 22:59:36 INFO  Saving current: saved/KGAT-Jan-30-2023_22-59-10.pth
Mon 30 Jan 2023 22:59:40 INFO  epoch 6 training [time: 3.92s, train_loss1: 26.2807, train_loss2: 31.1912]
Mon 30 Jan 2023 22:59:40 INFO  epoch 6 evaluating [time: 0.19s, valid_score: 0.024200]
Mon 30 Jan 2023 22:59:40 INFO  valid result: 
recall@10 : 0.0062    mrr@10 : 0.0242    ndcg@10 : 0.0089    hit@10 : 0.0785    precision@10 : 0.0083
Mon 30 Jan 2023 22:59:40 INFO  Saving current: saved/KGAT-Jan-30-2023_22-59-10.pth
Mon 30 Jan 2023 22:59:44 INFO  epoch 7 training [time: 3.69s, train_loss1: 26.1460, train_loss2: 31.1903]
Mon 30 Jan 2023 22:59:44 INFO  epoch 7 evaluating [time: 0.19s, valid_score: 0.024200]
Mon 30 Jan 2023 22:59:44 INFO  valid result: 
recall@10 : 0.0071    mrr@10 : 0.0242    ndcg@10 : 0.0094    hit@10 : 0.0859    precision@10 : 0.009
Mon 30 Jan 2023 22:59:44 INFO  Saving current: saved/KGAT-Jan-30-2023_22-59-10.pth
Mon 30 Jan 2023 22:59:48 INFO  epoch 8 training [time: 4.00s, train_loss1: 26.0464, train_loss2: 31.1898]
Mon 30 Jan 2023 22:59:48 INFO  epoch 8 evaluating [time: 0.22s, valid_score: 0.024200]
Mon 30 Jan 2023 22:59:48 INFO  valid result: 
recall@10 : 0.0068    mrr@10 : 0.0242    ndcg@10 : 0.0095    hit@10 : 0.0859    precision@10 : 0.0092
Mon 30 Jan 2023 22:59:48 INFO  Saving current: saved/KGAT-Jan-30-2023_22-59-10.pth
Mon 30 Jan 2023 22:59:52 INFO  epoch 9 training [time: 3.83s, train_loss1: 25.9681, train_loss2: 31.1891]
Mon 30 Jan 2023 22:59:52 INFO  epoch 9 evaluating [time: 0.19s, valid_score: 0.027500]
Mon 30 Jan 2023 22:59:52 INFO  valid result: 
recall@10 : 0.007    mrr@10 : 0.0275    ndcg@10 : 0.0105    hit@10 : 0.0933    precision@10 : 0.0101
Mon 30 Jan 2023 22:59:52 INFO  Saving current: saved/KGAT-Jan-30-2023_22-59-10.pth
Mon 30 Jan 2023 22:59:56 INFO  epoch 10 training [time: 4.03s, train_loss1: 25.8518, train_loss2: 31.1882]
Mon 30 Jan 2023 22:59:57 INFO  epoch 10 evaluating [time: 0.19s, valid_score: 0.029300]
Mon 30 Jan 2023 22:59:57 INFO  valid result: 
recall@10 : 0.0077    mrr@10 : 0.0293    ndcg@10 : 0.0115    hit@10 : 0.0965    precision@10 : 0.0107
Mon 30 Jan 2023 22:59:57 INFO  Saving current: saved/KGAT-Jan-30-2023_22-59-10.pth
Mon 30 Jan 2023 23:00:01 INFO  epoch 11 training [time: 4.04s, train_loss1: 25.7563, train_loss2: 31.1879]
Mon 30 Jan 2023 23:00:01 INFO  epoch 11 evaluating [time: 0.19s, valid_score: 0.029100]
Mon 30 Jan 2023 23:00:01 INFO  valid result: 
recall@10 : 0.0075    mrr@10 : 0.0291    ndcg@10 : 0.0114    hit@10 : 0.0976    precision@10 : 0.0107
Mon 30 Jan 2023 23:00:05 INFO  epoch 12 training [time: 4.04s, train_loss1: 25.6612, train_loss2: 31.1868]
Mon 30 Jan 2023 23:00:05 INFO  epoch 12 evaluating [time: 0.19s, valid_score: 0.030300]
Mon 30 Jan 2023 23:00:05 INFO  valid result: 
recall@10 : 0.0084    mrr@10 : 0.0303    ndcg@10 : 0.0122    hit@10 : 0.1029    precision@10 : 0.0117
Mon 30 Jan 2023 23:00:05 INFO  Saving current: saved/KGAT-Jan-30-2023_22-59-10.pth
Mon 30 Jan 2023 23:00:09 INFO  epoch 13 training [time: 3.97s, train_loss1: 25.6070, train_loss2: 31.1863]
Mon 30 Jan 2023 23:00:09 INFO  epoch 13 evaluating [time: 0.19s, valid_score: 0.032300]
Mon 30 Jan 2023 23:00:09 INFO  valid result: 
recall@10 : 0.0099    mrr@10 : 0.0323    ndcg@10 : 0.0133    hit@10 : 0.1092    precision@10 : 0.0124
Mon 30 Jan 2023 23:00:09 INFO  Saving current: saved/KGAT-Jan-30-2023_22-59-10.pth
Mon 30 Jan 2023 23:00:13 INFO  epoch 14 training [time: 3.96s, train_loss1: 25.5171, train_loss2: 31.1863]
Mon 30 Jan 2023 23:00:13 INFO  epoch 14 evaluating [time: 0.19s, valid_score: 0.031700]
Mon 30 Jan 2023 23:00:13 INFO  valid result: 
recall@10 : 0.0081    mrr@10 : 0.0317    ndcg@10 : 0.0124    hit@10 : 0.105    precision@10 : 0.012
Mon 30 Jan 2023 23:00:17 INFO  epoch 15 training [time: 3.98s, train_loss1: 25.4440, train_loss2: 31.1850]
Mon 30 Jan 2023 23:00:18 INFO  epoch 15 evaluating [time: 0.19s, valid_score: 0.036600]
Mon 30 Jan 2023 23:00:18 INFO  valid result: 
recall@10 : 0.0132    mrr@10 : 0.0366    ndcg@10 : 0.0156    hit@10 : 0.1209    precision@10 : 0.0143
Mon 30 Jan 2023 23:00:18 INFO  Saving current: saved/KGAT-Jan-30-2023_22-59-10.pth
Mon 30 Jan 2023 23:00:22 INFO  epoch 16 training [time: 3.99s, train_loss1: 25.3490, train_loss2: 31.1847]
Mon 30 Jan 2023 23:00:22 INFO  epoch 16 evaluating [time: 0.19s, valid_score: 0.037300]
Mon 30 Jan 2023 23:00:22 INFO  valid result: 
recall@10 : 0.0123    mrr@10 : 0.0373    ndcg@10 : 0.0159    hit@10 : 0.1241    precision@10 : 0.0148
Mon 30 Jan 2023 23:00:22 INFO  Saving current: saved/KGAT-Jan-30-2023_22-59-10.pth
Mon 30 Jan 2023 23:00:26 INFO  epoch 17 training [time: 3.82s, train_loss1: 25.2913, train_loss2: 31.1835]
Mon 30 Jan 2023 23:00:26 INFO  epoch 17 evaluating [time: 0.19s, valid_score: 0.038000]
Mon 30 Jan 2023 23:00:26 INFO  valid result: 
recall@10 : 0.0118    mrr@10 : 0.038    ndcg@10 : 0.0156    hit@10 : 0.123    precision@10 : 0.0145
Mon 30 Jan 2023 23:00:26 INFO  Saving current: saved/KGAT-Jan-30-2023_22-59-10.pth
Mon 30 Jan 2023 23:00:30 INFO  epoch 18 training [time: 4.01s, train_loss1: 25.1983, train_loss2: 31.1832]
Mon 30 Jan 2023 23:00:30 INFO  epoch 18 evaluating [time: 0.19s, valid_score: 0.037300]
Mon 30 Jan 2023 23:00:30 INFO  valid result: 
recall@10 : 0.0127    mrr@10 : 0.0373    ndcg@10 : 0.016    hit@10 : 0.1273    precision@10 : 0.0151
Mon 30 Jan 2023 23:00:34 INFO  epoch 19 training [time: 3.91s, train_loss1: 25.1260, train_loss2: 31.1825]
Mon 30 Jan 2023 23:00:34 INFO  epoch 19 evaluating [time: 0.19s, valid_score: 0.039700]
Mon 30 Jan 2023 23:00:34 INFO  valid result: 
recall@10 : 0.0131    mrr@10 : 0.0397    ndcg@10 : 0.0169    hit@10 : 0.1336    precision@10 : 0.016
Mon 30 Jan 2023 23:00:34 INFO  Saving current: saved/KGAT-Jan-30-2023_22-59-10.pth
Mon 30 Jan 2023 23:00:38 INFO  epoch 20 training [time: 3.88s, train_loss1: 25.0763, train_loss2: 31.1821]
Mon 30 Jan 2023 23:00:38 INFO  epoch 20 evaluating [time: 0.20s, valid_score: 0.039800]
Mon 30 Jan 2023 23:00:38 INFO  valid result: 
recall@10 : 0.0127    mrr@10 : 0.0398    ndcg@10 : 0.0173    hit@10 : 0.1326    precision@10 : 0.0165
Mon 30 Jan 2023 23:00:38 INFO  Saving current: saved/KGAT-Jan-30-2023_22-59-10.pth
Mon 30 Jan 2023 23:00:42 INFO  epoch 21 training [time: 3.88s, train_loss1: 24.9844, train_loss2: 31.1809]
Mon 30 Jan 2023 23:00:43 INFO  epoch 21 evaluating [time: 0.19s, valid_score: 0.040200]
Mon 30 Jan 2023 23:00:43 INFO  valid result: 
recall@10 : 0.0144    mrr@10 : 0.0402    ndcg@10 : 0.0178    hit@10 : 0.1379    precision@10 : 0.0169
Mon 30 Jan 2023 23:00:43 INFO  Saving current: saved/KGAT-Jan-30-2023_22-59-10.pth
Mon 30 Jan 2023 23:00:47 INFO  epoch 22 training [time: 3.89s, train_loss1: 24.9126, train_loss2: 31.1797]
Mon 30 Jan 2023 23:00:47 INFO  epoch 22 evaluating [time: 0.19s, valid_score: 0.042700]
Mon 30 Jan 2023 23:00:47 INFO  valid result: 
recall@10 : 0.0138    mrr@10 : 0.0427    ndcg@10 : 0.0184    hit@10 : 0.1379    precision@10 : 0.0174
Mon 30 Jan 2023 23:00:47 INFO  Saving current: saved/KGAT-Jan-30-2023_22-59-10.pth
Mon 30 Jan 2023 23:00:51 INFO  epoch 23 training [time: 3.92s, train_loss1: 24.8476, train_loss2: 31.1794]
Mon 30 Jan 2023 23:00:51 INFO  epoch 23 evaluating [time: 0.19s, valid_score: 0.043400]
Mon 30 Jan 2023 23:00:51 INFO  valid result: 
recall@10 : 0.0126    mrr@10 : 0.0434    ndcg@10 : 0.0183    hit@10 : 0.1357    precision@10 : 0.0173
Mon 30 Jan 2023 23:00:51 INFO  Saving current: saved/KGAT-Jan-30-2023_22-59-10.pth
Mon 30 Jan 2023 23:00:55 INFO  epoch 24 training [time: 3.93s, train_loss1: 24.7613, train_loss2: 31.1792]
Mon 30 Jan 2023 23:00:55 INFO  epoch 24 evaluating [time: 0.19s, valid_score: 0.044600]
Mon 30 Jan 2023 23:00:55 INFO  valid result: 
recall@10 : 0.0153    mrr@10 : 0.0446    ndcg@10 : 0.0197    hit@10 : 0.1463    precision@10 : 0.0185
Mon 30 Jan 2023 23:00:55 INFO  Saving current: saved/KGAT-Jan-30-2023_22-59-10.pth
Mon 30 Jan 2023 23:00:59 INFO  epoch 25 training [time: 3.74s, train_loss1: 24.6774, train_loss2: 31.1778]
Mon 30 Jan 2023 23:00:59 INFO  epoch 25 evaluating [time: 0.19s, valid_score: 0.044900]
Mon 30 Jan 2023 23:00:59 INFO  valid result: 
recall@10 : 0.0151    mrr@10 : 0.0449    ndcg@10 : 0.0199    hit@10 : 0.1474    precision@10 : 0.0186
Mon 30 Jan 2023 23:00:59 INFO  Saving current: saved/KGAT-Jan-30-2023_22-59-10.pth
Mon 30 Jan 2023 23:01:03 INFO  epoch 26 training [time: 3.92s, train_loss1: 24.6136, train_loss2: 31.1768]
Mon 30 Jan 2023 23:01:03 INFO  epoch 26 evaluating [time: 0.19s, valid_score: 0.046800]
Mon 30 Jan 2023 23:01:03 INFO  valid result: 
recall@10 : 0.0158    mrr@10 : 0.0468    ndcg@10 : 0.0204    hit@10 : 0.1516    precision@10 : 0.0192
Mon 30 Jan 2023 23:01:03 INFO  Saving current: saved/KGAT-Jan-30-2023_22-59-10.pth
Mon 30 Jan 2023 23:01:07 INFO  epoch 27 training [time: 3.86s, train_loss1: 24.5156, train_loss2: 31.1767]
Mon 30 Jan 2023 23:01:07 INFO  epoch 27 evaluating [time: 0.19s, valid_score: 0.049200]
Mon 30 Jan 2023 23:01:07 INFO  valid result: 
recall@10 : 0.0161    mrr@10 : 0.0492    ndcg@10 : 0.0212    hit@10 : 0.1559    precision@10 : 0.0197
Mon 30 Jan 2023 23:01:07 INFO  Saving current: saved/KGAT-Jan-30-2023_22-59-10.pth
Mon 30 Jan 2023 23:01:11 INFO  epoch 28 training [time: 3.74s, train_loss1: 24.3954, train_loss2: 31.1751]
Mon 30 Jan 2023 23:01:11 INFO  epoch 28 evaluating [time: 0.20s, valid_score: 0.047300]
Mon 30 Jan 2023 23:01:11 INFO  valid result: 
recall@10 : 0.0164    mrr@10 : 0.0473    ndcg@10 : 0.0205    hit@10 : 0.1516    precision@10 : 0.019
Mon 30 Jan 2023 23:01:15 INFO  epoch 29 training [time: 3.94s, train_loss1: 24.2197, train_loss2: 31.1747]
Mon 30 Jan 2023 23:01:15 INFO  epoch 29 evaluating [time: 0.19s, valid_score: 0.053200]
Mon 30 Jan 2023 23:01:15 INFO  valid result: 
recall@10 : 0.0184    mrr@10 : 0.0532    ndcg@10 : 0.0235    hit@10 : 0.175    precision@10 : 0.0218
Mon 30 Jan 2023 23:01:15 INFO  Saving current: saved/KGAT-Jan-30-2023_22-59-10.pth
Mon 30 Jan 2023 23:01:19 INFO  epoch 30 training [time: 3.98s, train_loss1: 24.1014, train_loss2: 31.1737]
Mon 30 Jan 2023 23:01:20 INFO  epoch 30 evaluating [time: 0.19s, valid_score: 0.052300]
Mon 30 Jan 2023 23:01:20 INFO  valid result: 
recall@10 : 0.018    mrr@10 : 0.0523    ndcg@10 : 0.0231    hit@10 : 0.1633    precision@10 : 0.021
Mon 30 Jan 2023 23:01:24 INFO  epoch 31 training [time: 3.89s, train_loss1: 23.9217, train_loss2: 31.1731]
Mon 30 Jan 2023 23:01:24 INFO  epoch 31 evaluating [time: 0.19s, valid_score: 0.053100]
Mon 30 Jan 2023 23:01:24 INFO  valid result: 
recall@10 : 0.0199    mrr@10 : 0.0531    ndcg@10 : 0.0241    hit@10 : 0.175    precision@10 : 0.0225
Mon 30 Jan 2023 23:01:28 INFO  epoch 32 training [time: 3.88s, train_loss1: 23.6133, train_loss2: 31.1723]
Mon 30 Jan 2023 23:01:28 INFO  epoch 32 evaluating [time: 0.19s, valid_score: 0.056500]
Mon 30 Jan 2023 23:01:28 INFO  valid result: 
recall@10 : 0.0217    mrr@10 : 0.0565    ndcg@10 : 0.026    hit@10 : 0.175    precision@10 : 0.0235
Mon 30 Jan 2023 23:01:28 INFO  Saving current: saved/KGAT-Jan-30-2023_22-59-10.pth
Mon 30 Jan 2023 23:01:32 INFO  epoch 33 training [time: 3.80s, train_loss1: 23.2872, train_loss2: 31.1710]
Mon 30 Jan 2023 23:01:32 INFO  epoch 33 evaluating [time: 0.19s, valid_score: 0.058900]
Mon 30 Jan 2023 23:01:32 INFO  valid result: 
recall@10 : 0.0187    mrr@10 : 0.0589    ndcg@10 : 0.0255    hit@10 : 0.1686    precision@10 : 0.0227
Mon 30 Jan 2023 23:01:32 INFO  Saving current: saved/KGAT-Jan-30-2023_22-59-10.pth
Mon 30 Jan 2023 23:01:36 INFO  epoch 34 training [time: 3.92s, train_loss1: 22.9283, train_loss2: 31.1696]
Mon 30 Jan 2023 23:01:36 INFO  epoch 34 evaluating [time: 0.19s, valid_score: 0.055100]
Mon 30 Jan 2023 23:01:36 INFO  valid result: 
recall@10 : 0.0194    mrr@10 : 0.0551    ndcg@10 : 0.0249    hit@10 : 0.1729    precision@10 : 0.0227
Mon 30 Jan 2023 23:01:40 INFO  epoch 35 training [time: 3.93s, train_loss1: 22.6461, train_loss2: 31.1690]
Mon 30 Jan 2023 23:01:40 INFO  epoch 35 evaluating [time: 0.20s, valid_score: 0.061700]
Mon 30 Jan 2023 23:01:40 INFO  valid result: 
recall@10 : 0.0213    mrr@10 : 0.0617    ndcg@10 : 0.0275    hit@10 : 0.1803    precision@10 : 0.0249
Mon 30 Jan 2023 23:01:40 INFO  Saving current: saved/KGAT-Jan-30-2023_22-59-10.pth
Mon 30 Jan 2023 23:01:44 INFO  epoch 36 training [time: 3.91s, train_loss1: 22.2999, train_loss2: 31.1679]
Mon 30 Jan 2023 23:01:44 INFO  epoch 36 evaluating [time: 0.19s, valid_score: 0.057500]
Mon 30 Jan 2023 23:01:44 INFO  valid result: 
recall@10 : 0.0215    mrr@10 : 0.0575    ndcg@10 : 0.0265    hit@10 : 0.1919    precision@10 : 0.0244
Mon 30 Jan 2023 23:01:48 INFO  epoch 37 training [time: 3.79s, train_loss1: 22.0601, train_loss2: 31.1668]
Mon 30 Jan 2023 23:01:48 INFO  epoch 37 evaluating [time: 0.20s, valid_score: 0.065900]
Mon 30 Jan 2023 23:01:48 INFO  valid result: 
recall@10 : 0.0173    mrr@10 : 0.0659    ndcg@10 : 0.0262    hit@10 : 0.1739    precision@10 : 0.0224
Mon 30 Jan 2023 23:01:48 INFO  Saving current: saved/KGAT-Jan-30-2023_22-59-10.pth
Mon 30 Jan 2023 23:01:52 INFO  epoch 38 training [time: 3.96s, train_loss1: 21.8897, train_loss2: 31.1655]
Mon 30 Jan 2023 23:01:53 INFO  epoch 38 evaluating [time: 0.19s, valid_score: 0.060700]
Mon 30 Jan 2023 23:01:53 INFO  valid result: 
recall@10 : 0.0227    mrr@10 : 0.0607    ndcg@10 : 0.0281    hit@10 : 0.1972    precision@10 : 0.026
Mon 30 Jan 2023 23:01:57 INFO  epoch 39 training [time: 4.00s, train_loss1: 21.6643, train_loss2: 31.1646]
Mon 30 Jan 2023 23:01:57 INFO  epoch 39 evaluating [time: 0.19s, valid_score: 0.062700]
Mon 30 Jan 2023 23:01:57 INFO  valid result: 
recall@10 : 0.0211    mrr@10 : 0.0627    ndcg@10 : 0.0276    hit@10 : 0.193    precision@10 : 0.0247
Mon 30 Jan 2023 23:02:01 INFO  epoch 40 training [time: 4.09s, train_loss1: 21.4819, train_loss2: 31.1634]
Mon 30 Jan 2023 23:02:01 INFO  epoch 40 evaluating [time: 0.19s, valid_score: 0.064600]
Mon 30 Jan 2023 23:02:01 INFO  valid result: 
recall@10 : 0.022    mrr@10 : 0.0646    ndcg@10 : 0.0288    hit@10 : 0.1983    precision@10 : 0.0265
Mon 30 Jan 2023 23:02:05 INFO  epoch 41 training [time: 3.77s, train_loss1: 21.3087, train_loss2: 31.1625]
Mon 30 Jan 2023 23:02:05 INFO  epoch 41 evaluating [time: 0.19s, valid_score: 0.059100]
Mon 30 Jan 2023 23:02:05 INFO  valid result: 
recall@10 : 0.0245    mrr@10 : 0.0591    ndcg@10 : 0.0294    hit@10 : 0.2036    precision@10 : 0.0282
Mon 30 Jan 2023 23:02:09 INFO  epoch 42 training [time: 3.98s, train_loss1: 21.1397, train_loss2: 31.1613]
Mon 30 Jan 2023 23:02:09 INFO  epoch 42 evaluating [time: 0.19s, valid_score: 0.061600]
Mon 30 Jan 2023 23:02:09 INFO  valid result: 
recall@10 : 0.0238    mrr@10 : 0.0616    ndcg@10 : 0.0294    hit@10 : 0.2004    precision@10 : 0.0271
Mon 30 Jan 2023 23:02:13 INFO  epoch 43 training [time: 4.01s, train_loss1: 21.0023, train_loss2: 31.1601]
Mon 30 Jan 2023 23:02:13 INFO  epoch 43 evaluating [time: 0.20s, valid_score: 0.060000]
Mon 30 Jan 2023 23:02:13 INFO  valid result: 
recall@10 : 0.023    mrr@10 : 0.06    ndcg@10 : 0.0282    hit@10 : 0.1919    precision@10 : 0.0261
Mon 30 Jan 2023 23:02:17 INFO  epoch 44 training [time: 3.91s, train_loss1: 20.9206, train_loss2: 31.1592]
Mon 30 Jan 2023 23:02:17 INFO  epoch 44 evaluating [time: 0.19s, valid_score: 0.063300]
Mon 30 Jan 2023 23:02:17 INFO  valid result: 
recall@10 : 0.024    mrr@10 : 0.0633    ndcg@10 : 0.0294    hit@10 : 0.1972    precision@10 : 0.0262
Mon 30 Jan 2023 23:02:21 INFO  epoch 45 training [time: 4.01s, train_loss1: 20.8127, train_loss2: 31.1574]
Mon 30 Jan 2023 23:02:22 INFO  epoch 45 evaluating [time: 0.19s, valid_score: 0.063800]
Mon 30 Jan 2023 23:02:22 INFO  valid result: 
recall@10 : 0.025    mrr@10 : 0.0638    ndcg@10 : 0.0307    hit@10 : 0.2036    precision@10 : 0.0285
Mon 30 Jan 2023 23:02:26 INFO  epoch 46 training [time: 3.87s, train_loss1: 20.7184, train_loss2: 31.1564]
Mon 30 Jan 2023 23:02:26 INFO  epoch 46 evaluating [time: 0.19s, valid_score: 0.065100]
Mon 30 Jan 2023 23:02:26 INFO  valid result: 
recall@10 : 0.0257    mrr@10 : 0.0651    ndcg@10 : 0.0308    hit@10 : 0.2153    precision@10 : 0.0281
Mon 30 Jan 2023 23:02:30 INFO  epoch 47 training [time: 4.01s, train_loss1: 20.5867, train_loss2: 31.1558]
Mon 30 Jan 2023 23:02:30 INFO  epoch 47 evaluating [time: 0.19s, valid_score: 0.062700]
Mon 30 Jan 2023 23:02:30 INFO  valid result: 
recall@10 : 0.0233    mrr@10 : 0.0627    ndcg@10 : 0.0293    hit@10 : 0.2025    precision@10 : 0.027
Mon 30 Jan 2023 23:02:34 INFO  epoch 48 training [time: 3.70s, train_loss1: 20.5473, train_loss2: 31.1540]
Mon 30 Jan 2023 23:02:34 INFO  epoch 48 evaluating [time: 0.19s, valid_score: 0.063900]
Mon 30 Jan 2023 23:02:34 INFO  valid result: 
recall@10 : 0.0244    mrr@10 : 0.0639    ndcg@10 : 0.0306    hit@10 : 0.2089    precision@10 : 0.0282
Mon 30 Jan 2023 23:02:34 INFO  Finished training, best eval result in epoch 37
Mon 30 Jan 2023 23:02:34 INFO  Loading model structure and parameters from saved/KGAT-Jan-30-2023_22-59-10.pth
Mon 30 Jan 2023 23:02:34 INFO  best valid : OrderedDict([('recall@10', 0.0173), ('mrr@10', 0.0659), ('ndcg@10', 0.0262), ('hit@10', 0.1739), ('precision@10', 0.0224)])
Mon 30 Jan 2023 23:02:34 INFO  test result: OrderedDict([('recall@10', 0.0295), ('mrr@10', 0.0802), ('ndcg@10', 0.0366), ('hit@10', 0.2397), ('precision@10', 0.0324)])
