Mon 30 Jan 2023 23:12:22 INFO  ['recbole_test.py', '--seed', '2020', '--aggr', 'bi', '--opti', 'sgd', '--is_swa', 'false', '--is_momentum', 'true']
Mon 30 Jan 2023 23:12:22 INFO  
General Hyper Parameters:
gpu_id = 0
use_gpu = True
seed = 2020
state = INFO
reproducibility = True
data_path = /work/03/gu14/k36095/kgat_bai/recbole/config/../dataset_example/ml-100k
checkpoint_dir = saved
show_progress = True
save_dataset = True
dataset_save_path = None
save_dataloaders = False
dataloaders_save_path = None
log_wandb = False

Training Hyper Parameters:
epochs = 300
train_batch_size = 2048
learner = sgd
learning_rate = 0.001
train_neg_sample_args = {'distribution': 'uniform', 'sample_num': 1, 'alpha': 1.0, 'dynamic': False, 'candidate_num': 0}
eval_step = 1
stopping_step = 10
clip_grad_norm = None
weight_decay = 0.0
loss_decimal_place = 4

Evaluation Hyper Parameters:
eval_args = {'split': {'RS': [0.8, 0.1, 0.1]}, 'group_by': 'user', 'order': 'RO', 'mode': 'full'}
repeatable = False
metrics = ['Recall', 'MRR', 'NDCG', 'Hit', 'Precision']
topk = [10]
valid_metric = MRR@10
valid_metric_bigger = True
eval_batch_size = 4096
metric_decimal_place = 4

Dataset Hyper Parameters:
field_separator = 	
seq_separator =  
USER_ID_FIELD = user_id
ITEM_ID_FIELD = item_id
RATING_FIELD = rating
TIME_FIELD = timestamp
seq_len = None
LABEL_FIELD = label
threshold = None
NEG_PREFIX = neg_
load_col = {'inter': ['user_id', 'item_id', 'rating', 'timestamp'], 'kg': ['head_id', 'relation_id', 'tail_id'], 'link': ['item_id', 'entity_id']}
unload_col = None
unused_col = None
additional_feat_suffix = None
rm_dup_inter = None
val_interval = None
filter_inter_by_user_or_item = True
user_inter_num_interval = None
item_inter_num_interval = None
alias_of_user_id = None
alias_of_item_id = None
alias_of_entity_id = None
alias_of_relation_id = None
preload_weight = None
normalize_field = None
normalize_all = True
ITEM_LIST_LENGTH_FIELD = item_length
LIST_SUFFIX = _list
MAX_ITEM_LIST_LENGTH = 50
POSITION_FIELD = position_id
HEAD_ENTITY_ID_FIELD = head_id
TAIL_ENTITY_ID_FIELD = tail_id
RELATION_ID_FIELD = relation_id
ENTITY_ID_FIELD = entity_id
kg_reverse_r = False
entity_kg_num_interval = [0,inf)
relation_kg_num_interval = [0,inf)
benchmark_filename = None

Other Hyper Parameters: 
worker = 0
wandb_project = recbole
shuffle = True
require_pow = False
enable_amp = False
enable_scaler = False
transform = None
embedding_size = 64
kg_embedding_size = 64
layers = [64]
mess_dropout = 0.1
reg_weight = 1e-05
aggregator_type = bi
numerical_features = []
discretization = None
MODEL_TYPE = ModelType.KNOWLEDGE
is_swa = 0
is_momentum = 1
MODEL_INPUT_TYPE = InputType.PAIRWISE
eval_type = EvaluatorType.RANKING
single_spec = True
local_rank = 0
device = cpu
eval_neg_sample_args = {'distribution': 'uniform', 'sample_num': 'none'}


Mon 30 Jan 2023 23:12:23 INFO  Saving filtered dataset into [saved/ml-100k-dataset.pth]
Mon 30 Jan 2023 23:12:23 INFO  ml-100k
The number of users: 944
Average actions of users: 103.4506892895016
The number of items: 1599
Average actions of items: 61.04755944931164
The number of inters: 97554
The sparsity of the dataset: 93.53714185772888%
Remain Fields: ['entity_id', 'user_id', 'item_id', 'rating', 'timestamp', 'head_id', 'relation_id', 'tail_id']
The number of entities: 34629
The number of relations: 26
The number of triples: 91631
The number of items that have been linked to KG: 1598
Mon 30 Jan 2023 23:12:23 INFO  [Training]: train_batch_size = [2048] train_neg_sample_args: [{'distribution': 'uniform', 'sample_num': 1, 'alpha': 1.0, 'dynamic': False, 'candidate_num': 0}]
Mon 30 Jan 2023 23:12:23 INFO  [Evaluation]: eval_batch_size = [4096] eval_args: [{'split': {'RS': [0.8, 0.1, 0.1]}, 'group_by': 'user', 'order': 'RO', 'mode': 'full'}]
Mon 30 Jan 2023 23:12:24 INFO  KGAT(
  (user_embedding): Embedding(944, 64)
  (entity_embedding): Embedding(34629, 64)
  (relation_embedding): Embedding(26, 64)
  (trans_w): Embedding(26, 4096)
  (aggregator_layers): ModuleList(
    (0): Aggregator(
      (message_dropout): Dropout(p=0.1, inplace=False)
      (W1): Linear(in_features=64, out_features=64, bias=True)
      (W2): Linear(in_features=64, out_features=64, bias=True)
      (activation): LeakyReLU(negative_slope=0.01)
    )
  )
  (tanh): Tanh()
  (mf_loss): BPRLoss()
  (reg_loss): EmbLoss()
)
Trainable parameters: 2393152
Mon 30 Jan 2023 23:12:24 INFO  FLOPs: 291414016.0
Mon 30 Jan 2023 23:12:28 INFO  epoch 0 training [time: 3.89s, train_loss1: 26.6703, train_loss2: 31.1894]
Mon 30 Jan 2023 23:12:28 INFO  epoch 0 evaluating [time: 0.19s, valid_score: 0.015600]
Mon 30 Jan 2023 23:12:28 INFO  valid result: 
recall@10 : 0.0048    mrr@10 : 0.0156    ndcg@10 : 0.0062    hit@10 : 0.0541    precision@10 : 0.0057
Mon 30 Jan 2023 23:12:28 INFO  Saving current: saved/KGAT-Jan-30-2023_23-12-24.pth
Mon 30 Jan 2023 23:12:32 INFO  epoch 1 training [time: 4.09s, train_loss1: 26.8021, train_loss2: 31.1887]
Mon 30 Jan 2023 23:12:33 INFO  epoch 1 evaluating [time: 0.20s, valid_score: 0.018300]
Mon 30 Jan 2023 23:12:33 INFO  valid result: 
recall@10 : 0.0055    mrr@10 : 0.0183    ndcg@10 : 0.0074    hit@10 : 0.0689    precision@10 : 0.0073
Mon 30 Jan 2023 23:12:33 INFO  Saving current: saved/KGAT-Jan-30-2023_23-12-24.pth
Mon 30 Jan 2023 23:12:37 INFO  epoch 2 training [time: 3.97s, train_loss1: 26.6368, train_loss2: 31.1879]
Mon 30 Jan 2023 23:12:37 INFO  epoch 2 evaluating [time: 0.19s, valid_score: 0.017700]
Mon 30 Jan 2023 23:12:37 INFO  valid result: 
recall@10 : 0.0055    mrr@10 : 0.0177    ndcg@10 : 0.0072    hit@10 : 0.0689    precision@10 : 0.0073
Mon 30 Jan 2023 23:12:41 INFO  epoch 3 training [time: 3.98s, train_loss1: 26.5246, train_loss2: 31.1875]
Mon 30 Jan 2023 23:12:41 INFO  epoch 3 evaluating [time: 0.20s, valid_score: 0.020300]
Mon 30 Jan 2023 23:12:41 INFO  valid result: 
recall@10 : 0.0064    mrr@10 : 0.0203    ndcg@10 : 0.0081    hit@10 : 0.0732    precision@10 : 0.0077
Mon 30 Jan 2023 23:12:41 INFO  Saving current: saved/KGAT-Jan-30-2023_23-12-24.pth
Mon 30 Jan 2023 23:12:45 INFO  epoch 4 training [time: 4.28s, train_loss1: 26.4359, train_loss2: 31.1864]
Mon 30 Jan 2023 23:12:46 INFO  epoch 4 evaluating [time: 0.20s, valid_score: 0.019800]
Mon 30 Jan 2023 23:12:46 INFO  valid result: 
recall@10 : 0.007    mrr@10 : 0.0198    ndcg@10 : 0.0084    hit@10 : 0.0785    precision@10 : 0.0083
Mon 30 Jan 2023 23:12:50 INFO  epoch 5 training [time: 3.98s, train_loss1: 26.3415, train_loss2: 31.1859]
Mon 30 Jan 2023 23:12:50 INFO  epoch 5 evaluating [time: 0.20s, valid_score: 0.020600]
Mon 30 Jan 2023 23:12:50 INFO  valid result: 
recall@10 : 0.0069    mrr@10 : 0.0206    ndcg@10 : 0.0086    hit@10 : 0.0774    precision@10 : 0.0084
Mon 30 Jan 2023 23:12:50 INFO  Saving current: saved/KGAT-Jan-30-2023_23-12-24.pth
Mon 30 Jan 2023 23:12:54 INFO  epoch 6 training [time: 4.09s, train_loss1: 26.2324, train_loss2: 31.1854]
Mon 30 Jan 2023 23:12:54 INFO  epoch 6 evaluating [time: 0.19s, valid_score: 0.022300]
Mon 30 Jan 2023 23:12:54 INFO  valid result: 
recall@10 : 0.0078    mrr@10 : 0.0223    ndcg@10 : 0.0094    hit@10 : 0.0827    precision@10 : 0.009
Mon 30 Jan 2023 23:12:54 INFO  Saving current: saved/KGAT-Jan-30-2023_23-12-24.pth
Mon 30 Jan 2023 23:12:58 INFO  epoch 7 training [time: 4.06s, train_loss1: 26.1393, train_loss2: 31.1852]
Mon 30 Jan 2023 23:12:58 INFO  epoch 7 evaluating [time: 0.19s, valid_score: 0.023500]
Mon 30 Jan 2023 23:12:58 INFO  valid result: 
recall@10 : 0.0081    mrr@10 : 0.0235    ndcg@10 : 0.0098    hit@10 : 0.0817    precision@10 : 0.0092
Mon 30 Jan 2023 23:12:58 INFO  Saving current: saved/KGAT-Jan-30-2023_23-12-24.pth
Mon 30 Jan 2023 23:13:03 INFO  epoch 8 training [time: 4.10s, train_loss1: 26.0694, train_loss2: 31.1849]
Mon 30 Jan 2023 23:13:03 INFO  epoch 8 evaluating [time: 0.21s, valid_score: 0.022300]
Mon 30 Jan 2023 23:13:03 INFO  valid result: 
recall@10 : 0.0084    mrr@10 : 0.0223    ndcg@10 : 0.0099    hit@10 : 0.087    precision@10 : 0.0098
Mon 30 Jan 2023 23:13:07 INFO  epoch 9 training [time: 4.36s, train_loss1: 25.9688, train_loss2: 31.1835]
Mon 30 Jan 2023 23:13:07 INFO  epoch 9 evaluating [time: 0.20s, valid_score: 0.024400]
Mon 30 Jan 2023 23:13:07 INFO  valid result: 
recall@10 : 0.0085    mrr@10 : 0.0244    ndcg@10 : 0.0107    hit@10 : 0.0923    precision@10 : 0.0105
Mon 30 Jan 2023 23:13:07 INFO  Saving current: saved/KGAT-Jan-30-2023_23-12-24.pth
Mon 30 Jan 2023 23:13:11 INFO  epoch 10 training [time: 4.17s, train_loss1: 25.8808, train_loss2: 31.1833]
Mon 30 Jan 2023 23:13:12 INFO  epoch 10 evaluating [time: 0.19s, valid_score: 0.025900]
Mon 30 Jan 2023 23:13:12 INFO  valid result: 
recall@10 : 0.0098    mrr@10 : 0.0259    ndcg@10 : 0.0114    hit@10 : 0.0976    precision@10 : 0.0109
Mon 30 Jan 2023 23:13:12 INFO  Saving current: saved/KGAT-Jan-30-2023_23-12-24.pth
Mon 30 Jan 2023 23:13:16 INFO  epoch 11 training [time: 4.34s, train_loss1: 25.8043, train_loss2: 31.1825]
Mon 30 Jan 2023 23:13:16 INFO  epoch 11 evaluating [time: 0.22s, valid_score: 0.025700]
Mon 30 Jan 2023 23:13:16 INFO  valid result: 
recall@10 : 0.0109    mrr@10 : 0.0257    ndcg@10 : 0.012    hit@10 : 0.1029    precision@10 : 0.0118
Mon 30 Jan 2023 23:13:21 INFO  epoch 12 training [time: 4.45s, train_loss1: 25.7220, train_loss2: 31.1822]
Mon 30 Jan 2023 23:13:21 INFO  epoch 12 evaluating [time: 0.19s, valid_score: 0.025600]
Mon 30 Jan 2023 23:13:21 INFO  valid result: 
recall@10 : 0.0115    mrr@10 : 0.0256    ndcg@10 : 0.0123    hit@10 : 0.106    precision@10 : 0.0122
Mon 30 Jan 2023 23:13:25 INFO  epoch 13 training [time: 4.42s, train_loss1: 25.6481, train_loss2: 31.1813]
Mon 30 Jan 2023 23:13:26 INFO  epoch 13 evaluating [time: 0.19s, valid_score: 0.025700]
Mon 30 Jan 2023 23:13:26 INFO  valid result: 
recall@10 : 0.0116    mrr@10 : 0.0257    ndcg@10 : 0.0124    hit@10 : 0.1071    precision@10 : 0.0125
Mon 30 Jan 2023 23:13:29 INFO  epoch 14 training [time: 3.64s, train_loss1: 25.5710, train_loss2: 31.1805]
Mon 30 Jan 2023 23:13:29 INFO  epoch 14 evaluating [time: 0.19s, valid_score: 0.028700]
Mon 30 Jan 2023 23:13:29 INFO  valid result: 
recall@10 : 0.0121    mrr@10 : 0.0287    ndcg@10 : 0.0133    hit@10 : 0.1092    precision@10 : 0.0128
Mon 30 Jan 2023 23:13:29 INFO  Saving current: saved/KGAT-Jan-30-2023_23-12-24.pth
Mon 30 Jan 2023 23:13:33 INFO  epoch 15 training [time: 3.52s, train_loss1: 25.5022, train_loss2: 31.1800]
Mon 30 Jan 2023 23:13:33 INFO  epoch 15 evaluating [time: 0.19s, valid_score: 0.028600]
Mon 30 Jan 2023 23:13:33 INFO  valid result: 
recall@10 : 0.011    mrr@10 : 0.0286    ndcg@10 : 0.013    hit@10 : 0.1082    precision@10 : 0.0125
Mon 30 Jan 2023 23:13:37 INFO  epoch 16 training [time: 3.93s, train_loss1: 25.4261, train_loss2: 31.1799]
Mon 30 Jan 2023 23:13:37 INFO  epoch 16 evaluating [time: 0.19s, valid_score: 0.027700]
Mon 30 Jan 2023 23:13:37 INFO  valid result: 
recall@10 : 0.0114    mrr@10 : 0.0277    ndcg@10 : 0.0131    hit@10 : 0.1082    precision@10 : 0.0127
Mon 30 Jan 2023 23:13:41 INFO  epoch 17 training [time: 3.67s, train_loss1: 25.3773, train_loss2: 31.1792]
Mon 30 Jan 2023 23:13:41 INFO  epoch 17 evaluating [time: 0.19s, valid_score: 0.031700]
Mon 30 Jan 2023 23:13:41 INFO  valid result: 
recall@10 : 0.0123    mrr@10 : 0.0317    ndcg@10 : 0.0141    hit@10 : 0.1135    precision@10 : 0.0129
Mon 30 Jan 2023 23:13:41 INFO  Saving current: saved/KGAT-Jan-30-2023_23-12-24.pth
Mon 30 Jan 2023 23:13:45 INFO  epoch 18 training [time: 3.71s, train_loss1: 25.2865, train_loss2: 31.1784]
Mon 30 Jan 2023 23:13:45 INFO  epoch 18 evaluating [time: 0.19s, valid_score: 0.032800]
Mon 30 Jan 2023 23:13:45 INFO  valid result: 
recall@10 : 0.0135    mrr@10 : 0.0328    ndcg@10 : 0.0151    hit@10 : 0.1198    precision@10 : 0.014
Mon 30 Jan 2023 23:13:45 INFO  Saving current: saved/KGAT-Jan-30-2023_23-12-24.pth
Mon 30 Jan 2023 23:13:49 INFO  epoch 19 training [time: 3.64s, train_loss1: 25.2308, train_loss2: 31.1776]
Mon 30 Jan 2023 23:13:49 INFO  epoch 19 evaluating [time: 0.19s, valid_score: 0.032600]
Mon 30 Jan 2023 23:13:49 INFO  valid result: 
recall@10 : 0.0154    mrr@10 : 0.0326    ndcg@10 : 0.0163    hit@10 : 0.1304    precision@10 : 0.0157
Mon 30 Jan 2023 23:13:53 INFO  epoch 20 training [time: 3.65s, train_loss1: 25.1605, train_loss2: 31.1774]
Mon 30 Jan 2023 23:13:53 INFO  epoch 20 evaluating [time: 0.20s, valid_score: 0.035600]
Mon 30 Jan 2023 23:13:53 INFO  valid result: 
recall@10 : 0.0154    mrr@10 : 0.0356    ndcg@10 : 0.0171    hit@10 : 0.1304    precision@10 : 0.016
Mon 30 Jan 2023 23:13:53 INFO  Saving current: saved/KGAT-Jan-30-2023_23-12-24.pth
Mon 30 Jan 2023 23:13:56 INFO  epoch 21 training [time: 3.53s, train_loss1: 25.1052, train_loss2: 31.1763]
Mon 30 Jan 2023 23:13:57 INFO  epoch 21 evaluating [time: 0.19s, valid_score: 0.035400]
Mon 30 Jan 2023 23:13:57 INFO  valid result: 
recall@10 : 0.0135    mrr@10 : 0.0354    ndcg@10 : 0.0165    hit@10 : 0.1241    precision@10 : 0.0147
Mon 30 Jan 2023 23:14:00 INFO  epoch 22 training [time: 3.60s, train_loss1: 25.0583, train_loss2: 31.1758]
Mon 30 Jan 2023 23:14:00 INFO  epoch 22 evaluating [time: 0.19s, valid_score: 0.036500]
Mon 30 Jan 2023 23:14:00 INFO  valid result: 
recall@10 : 0.0152    mrr@10 : 0.0365    ndcg@10 : 0.0176    hit@10 : 0.1389    precision@10 : 0.0166
Mon 30 Jan 2023 23:14:00 INFO  Saving current: saved/KGAT-Jan-30-2023_23-12-24.pth
Mon 30 Jan 2023 23:14:04 INFO  epoch 23 training [time: 3.66s, train_loss1: 24.9763, train_loss2: 31.1748]
Mon 30 Jan 2023 23:14:04 INFO  epoch 23 evaluating [time: 0.19s, valid_score: 0.034900]
Mon 30 Jan 2023 23:14:04 INFO  valid result: 
recall@10 : 0.0169    mrr@10 : 0.0349    ndcg@10 : 0.0178    hit@10 : 0.1379    precision@10 : 0.0172
Mon 30 Jan 2023 23:14:08 INFO  epoch 24 training [time: 3.57s, train_loss1: 24.9156, train_loss2: 31.1743]
Mon 30 Jan 2023 23:14:08 INFO  epoch 24 evaluating [time: 0.19s, valid_score: 0.039000]
Mon 30 Jan 2023 23:14:08 INFO  valid result: 
recall@10 : 0.0171    mrr@10 : 0.039    ndcg@10 : 0.0194    hit@10 : 0.141    precision@10 : 0.0179
Mon 30 Jan 2023 23:14:08 INFO  Saving current: saved/KGAT-Jan-30-2023_23-12-24.pth
Mon 30 Jan 2023 23:14:12 INFO  epoch 25 training [time: 3.51s, train_loss1: 24.8512, train_loss2: 31.1732]
Mon 30 Jan 2023 23:14:12 INFO  epoch 25 evaluating [time: 0.19s, valid_score: 0.041700]
Mon 30 Jan 2023 23:14:12 INFO  valid result: 
recall@10 : 0.0167    mrr@10 : 0.0417    ndcg@10 : 0.0199    hit@10 : 0.1453    precision@10 : 0.018
Mon 30 Jan 2023 23:14:12 INFO  Saving current: saved/KGAT-Jan-30-2023_23-12-24.pth
Mon 30 Jan 2023 23:14:15 INFO  epoch 26 training [time: 3.54s, train_loss1: 24.7785, train_loss2: 31.1725]
Mon 30 Jan 2023 23:14:16 INFO  epoch 26 evaluating [time: 0.19s, valid_score: 0.039600]
Mon 30 Jan 2023 23:14:16 INFO  valid result: 
recall@10 : 0.0179    mrr@10 : 0.0396    ndcg@10 : 0.0198    hit@10 : 0.1516    precision@10 : 0.0186
Mon 30 Jan 2023 23:14:19 INFO  epoch 27 training [time: 3.68s, train_loss1: 24.7195, train_loss2: 31.1719]
Mon 30 Jan 2023 23:14:20 INFO  epoch 27 evaluating [time: 0.22s, valid_score: 0.041100]
Mon 30 Jan 2023 23:14:20 INFO  valid result: 
recall@10 : 0.0169    mrr@10 : 0.0411    ndcg@10 : 0.0204    hit@10 : 0.1485    precision@10 : 0.0192
Mon 30 Jan 2023 23:14:23 INFO  epoch 28 training [time: 3.54s, train_loss1: 24.6965, train_loss2: 31.1711]
Mon 30 Jan 2023 23:14:23 INFO  epoch 28 evaluating [time: 0.19s, valid_score: 0.041700]
Mon 30 Jan 2023 23:14:23 INFO  valid result: 
recall@10 : 0.0171    mrr@10 : 0.0417    ndcg@10 : 0.0205    hit@10 : 0.1506    precision@10 : 0.0194
Mon 30 Jan 2023 23:14:23 INFO  Saving current: saved/KGAT-Jan-30-2023_23-12-24.pth
Mon 30 Jan 2023 23:14:27 INFO  epoch 29 training [time: 3.50s, train_loss1: 24.6083, train_loss2: 31.1705]
Mon 30 Jan 2023 23:14:27 INFO  epoch 29 evaluating [time: 0.19s, valid_score: 0.040700]
Mon 30 Jan 2023 23:14:27 INFO  valid result: 
recall@10 : 0.0172    mrr@10 : 0.0407    ndcg@10 : 0.0207    hit@10 : 0.1538    precision@10 : 0.0197
Mon 30 Jan 2023 23:14:31 INFO  epoch 30 training [time: 3.56s, train_loss1: 24.5344, train_loss2: 31.1697]
Mon 30 Jan 2023 23:14:31 INFO  epoch 30 evaluating [time: 0.19s, valid_score: 0.043300]
Mon 30 Jan 2023 23:14:31 INFO  valid result: 
recall@10 : 0.0191    mrr@10 : 0.0433    ndcg@10 : 0.0213    hit@10 : 0.1622    precision@10 : 0.0199
Mon 30 Jan 2023 23:14:31 INFO  Saving current: saved/KGAT-Jan-30-2023_23-12-24.pth
Mon 30 Jan 2023 23:14:34 INFO  epoch 31 training [time: 3.58s, train_loss1: 24.4850, train_loss2: 31.1688]
Mon 30 Jan 2023 23:14:35 INFO  epoch 31 evaluating [time: 0.19s, valid_score: 0.043200]
Mon 30 Jan 2023 23:14:35 INFO  valid result: 
recall@10 : 0.019    mrr@10 : 0.0432    ndcg@10 : 0.0218    hit@10 : 0.1622    precision@10 : 0.0205
Mon 30 Jan 2023 23:14:38 INFO  epoch 32 training [time: 3.51s, train_loss1: 24.3870, train_loss2: 31.1676]
Mon 30 Jan 2023 23:14:38 INFO  epoch 32 evaluating [time: 0.19s, valid_score: 0.044600]
Mon 30 Jan 2023 23:14:38 INFO  valid result: 
recall@10 : 0.0187    mrr@10 : 0.0446    ndcg@10 : 0.0221    hit@10 : 0.1633    precision@10 : 0.0205
Mon 30 Jan 2023 23:14:38 INFO  Saving current: saved/KGAT-Jan-30-2023_23-12-24.pth
Mon 30 Jan 2023 23:14:42 INFO  epoch 33 training [time: 3.53s, train_loss1: 24.2975, train_loss2: 31.1671]
Mon 30 Jan 2023 23:14:42 INFO  epoch 33 evaluating [time: 0.19s, valid_score: 0.048400]
Mon 30 Jan 2023 23:14:42 INFO  valid result: 
recall@10 : 0.0198    mrr@10 : 0.0484    ndcg@10 : 0.0233    hit@10 : 0.1718    precision@10 : 0.0215
Mon 30 Jan 2023 23:14:42 INFO  Saving current: saved/KGAT-Jan-30-2023_23-12-24.pth
Mon 30 Jan 2023 23:14:46 INFO  epoch 34 training [time: 3.66s, train_loss1: 24.1726, train_loss2: 31.1664]
Mon 30 Jan 2023 23:14:46 INFO  epoch 34 evaluating [time: 0.19s, valid_score: 0.050400]
Mon 30 Jan 2023 23:14:46 INFO  valid result: 
recall@10 : 0.0201    mrr@10 : 0.0504    ndcg@10 : 0.024    hit@10 : 0.1856    precision@10 : 0.0228
Mon 30 Jan 2023 23:14:46 INFO  Saving current: saved/KGAT-Jan-30-2023_23-12-24.pth
Mon 30 Jan 2023 23:14:50 INFO  epoch 35 training [time: 3.59s, train_loss1: 24.0627, train_loss2: 31.1655]
Mon 30 Jan 2023 23:14:50 INFO  epoch 35 evaluating [time: 0.19s, valid_score: 0.047600]
Mon 30 Jan 2023 23:14:50 INFO  valid result: 
recall@10 : 0.0208    mrr@10 : 0.0476    ndcg@10 : 0.0241    hit@10 : 0.176    precision@10 : 0.0223
Mon 30 Jan 2023 23:14:53 INFO  epoch 36 training [time: 3.57s, train_loss1: 23.8302, train_loss2: 31.1639]
Mon 30 Jan 2023 23:14:54 INFO  epoch 36 evaluating [time: 0.19s, valid_score: 0.048400]
Mon 30 Jan 2023 23:14:54 INFO  valid result: 
recall@10 : 0.0203    mrr@10 : 0.0484    ndcg@10 : 0.0238    hit@10 : 0.1718    precision@10 : 0.022
Mon 30 Jan 2023 23:14:57 INFO  epoch 37 training [time: 3.65s, train_loss1: 23.5181, train_loss2: 31.1634]
Mon 30 Jan 2023 23:14:58 INFO  epoch 37 evaluating [time: 0.19s, valid_score: 0.052900]
Mon 30 Jan 2023 23:14:58 INFO  valid result: 
recall@10 : 0.022    mrr@10 : 0.0529    ndcg@10 : 0.0257    hit@10 : 0.1898    precision@10 : 0.0239
Mon 30 Jan 2023 23:14:58 INFO  Saving current: saved/KGAT-Jan-30-2023_23-12-24.pth
Mon 30 Jan 2023 23:15:01 INFO  epoch 38 training [time: 3.56s, train_loss1: 23.2391, train_loss2: 31.1624]
Mon 30 Jan 2023 23:15:01 INFO  epoch 38 evaluating [time: 0.19s, valid_score: 0.053600]
Mon 30 Jan 2023 23:15:01 INFO  valid result: 
recall@10 : 0.022    mrr@10 : 0.0536    ndcg@10 : 0.0257    hit@10 : 0.1888    precision@10 : 0.0236
Mon 30 Jan 2023 23:15:01 INFO  Saving current: saved/KGAT-Jan-30-2023_23-12-24.pth
Mon 30 Jan 2023 23:15:05 INFO  epoch 39 training [time: 3.52s, train_loss1: 22.9263, train_loss2: 31.1613]
Mon 30 Jan 2023 23:15:05 INFO  epoch 39 evaluating [time: 0.19s, valid_score: 0.057300]
Mon 30 Jan 2023 23:15:05 INFO  valid result: 
recall@10 : 0.0238    mrr@10 : 0.0573    ndcg@10 : 0.0279    hit@10 : 0.2025    precision@10 : 0.0259
Mon 30 Jan 2023 23:15:05 INFO  Saving current: saved/KGAT-Jan-30-2023_23-12-24.pth
Mon 30 Jan 2023 23:15:09 INFO  epoch 40 training [time: 3.94s, train_loss1: 22.6253, train_loss2: 31.1604]
Mon 30 Jan 2023 23:15:09 INFO  epoch 40 evaluating [time: 0.19s, valid_score: 0.062400]
Mon 30 Jan 2023 23:15:09 INFO  valid result: 
recall@10 : 0.0255    mrr@10 : 0.0624    ndcg@10 : 0.0295    hit@10 : 0.2068    precision@10 : 0.0262
Mon 30 Jan 2023 23:15:09 INFO  Saving current: saved/KGAT-Jan-30-2023_23-12-24.pth
Mon 30 Jan 2023 23:15:13 INFO  epoch 41 training [time: 3.71s, train_loss1: 22.3873, train_loss2: 31.1592]
Mon 30 Jan 2023 23:15:13 INFO  epoch 41 evaluating [time: 0.19s, valid_score: 0.063300]
Mon 30 Jan 2023 23:15:13 INFO  valid result: 
recall@10 : 0.0236    mrr@10 : 0.0633    ndcg@10 : 0.0291    hit@10 : 0.1962    precision@10 : 0.0256
Mon 30 Jan 2023 23:15:13 INFO  Saving current: saved/KGAT-Jan-30-2023_23-12-24.pth
Mon 30 Jan 2023 23:15:17 INFO  epoch 42 training [time: 3.93s, train_loss1: 22.0987, train_loss2: 31.1585]
Mon 30 Jan 2023 23:15:17 INFO  epoch 42 evaluating [time: 0.19s, valid_score: 0.064900]
Mon 30 Jan 2023 23:15:17 INFO  valid result: 
recall@10 : 0.0263    mrr@10 : 0.0649    ndcg@10 : 0.0303    hit@10 : 0.2153    precision@10 : 0.0269
Mon 30 Jan 2023 23:15:17 INFO  Saving current: saved/KGAT-Jan-30-2023_23-12-24.pth
Mon 30 Jan 2023 23:15:22 INFO  epoch 43 training [time: 4.20s, train_loss1: 21.8571, train_loss2: 31.1571]
Mon 30 Jan 2023 23:15:22 INFO  epoch 43 evaluating [time: 0.19s, valid_score: 0.061600]
Mon 30 Jan 2023 23:15:22 INFO  valid result: 
recall@10 : 0.0259    mrr@10 : 0.0616    ndcg@10 : 0.0302    hit@10 : 0.211    precision@10 : 0.0275
Mon 30 Jan 2023 23:15:26 INFO  epoch 44 training [time: 4.45s, train_loss1: 21.6483, train_loss2: 31.1560]
Mon 30 Jan 2023 23:15:26 INFO  epoch 44 evaluating [time: 0.19s, valid_score: 0.065800]
Mon 30 Jan 2023 23:15:26 INFO  valid result: 
recall@10 : 0.0285    mrr@10 : 0.0658    ndcg@10 : 0.0325    hit@10 : 0.2259    precision@10 : 0.0294
Mon 30 Jan 2023 23:15:27 INFO  Saving current: saved/KGAT-Jan-30-2023_23-12-24.pth
Mon 30 Jan 2023 23:15:30 INFO  epoch 45 training [time: 3.86s, train_loss1: 21.4823, train_loss2: 31.1556]
Mon 30 Jan 2023 23:15:31 INFO  epoch 45 evaluating [time: 0.19s, valid_score: 0.069500]
Mon 30 Jan 2023 23:15:31 INFO  valid result: 
recall@10 : 0.0283    mrr@10 : 0.0695    ndcg@10 : 0.0331    hit@10 : 0.2322    precision@10 : 0.0301
Mon 30 Jan 2023 23:15:31 INFO  Saving current: saved/KGAT-Jan-30-2023_23-12-24.pth
Mon 30 Jan 2023 23:15:35 INFO  epoch 46 training [time: 4.54s, train_loss1: 21.3330, train_loss2: 31.1541]
Mon 30 Jan 2023 23:15:35 INFO  epoch 46 evaluating [time: 0.24s, valid_score: 0.069700]
Mon 30 Jan 2023 23:15:35 INFO  valid result: 
recall@10 : 0.0295    mrr@10 : 0.0697    ndcg@10 : 0.0342    hit@10 : 0.2312    precision@10 : 0.0308
Mon 30 Jan 2023 23:15:35 INFO  Saving current: saved/KGAT-Jan-30-2023_23-12-24.pth
Mon 30 Jan 2023 23:15:40 INFO  epoch 47 training [time: 4.63s, train_loss1: 21.2110, train_loss2: 31.1526]
Mon 30 Jan 2023 23:15:40 INFO  epoch 47 evaluating [time: 0.20s, valid_score: 0.070400]
Mon 30 Jan 2023 23:15:40 INFO  valid result: 
recall@10 : 0.0297    mrr@10 : 0.0704    ndcg@10 : 0.0343    hit@10 : 0.2291    precision@10 : 0.0304
Mon 30 Jan 2023 23:15:40 INFO  Saving current: saved/KGAT-Jan-30-2023_23-12-24.pth
Mon 30 Jan 2023 23:15:45 INFO  epoch 48 training [time: 4.43s, train_loss1: 21.0860, train_loss2: 31.1517]
Mon 30 Jan 2023 23:15:45 INFO  epoch 48 evaluating [time: 0.20s, valid_score: 0.072800]
Mon 30 Jan 2023 23:15:45 INFO  valid result: 
recall@10 : 0.0308    mrr@10 : 0.0728    ndcg@10 : 0.0353    hit@10 : 0.2386    precision@10 : 0.0316
Mon 30 Jan 2023 23:15:45 INFO  Saving current: saved/KGAT-Jan-30-2023_23-12-24.pth
Mon 30 Jan 2023 23:15:49 INFO  epoch 49 training [time: 4.21s, train_loss1: 21.0182, train_loss2: 31.1504]
Mon 30 Jan 2023 23:15:49 INFO  epoch 49 evaluating [time: 0.20s, valid_score: 0.070500]
Mon 30 Jan 2023 23:15:49 INFO  valid result: 
recall@10 : 0.029    mrr@10 : 0.0705    ndcg@10 : 0.0345    hit@10 : 0.2259    precision@10 : 0.0305
Mon 30 Jan 2023 23:15:54 INFO  epoch 50 training [time: 4.49s, train_loss1: 20.8407, train_loss2: 31.1493]
Mon 30 Jan 2023 23:15:54 INFO  epoch 50 evaluating [time: 0.20s, valid_score: 0.068000]
Mon 30 Jan 2023 23:15:54 INFO  valid result: 
recall@10 : 0.0287    mrr@10 : 0.068    ndcg@10 : 0.0336    hit@10 : 0.2238    precision@10 : 0.0303
Mon 30 Jan 2023 23:15:58 INFO  epoch 51 training [time: 4.23s, train_loss1: 20.7833, train_loss2: 31.1478]
Mon 30 Jan 2023 23:15:59 INFO  epoch 51 evaluating [time: 0.20s, valid_score: 0.069100]
Mon 30 Jan 2023 23:15:59 INFO  valid result: 
recall@10 : 0.0288    mrr@10 : 0.0691    ndcg@10 : 0.0336    hit@10 : 0.2259    precision@10 : 0.0302
Mon 30 Jan 2023 23:16:03 INFO  epoch 52 training [time: 4.20s, train_loss1: 20.6498, train_loss2: 31.1464]
Mon 30 Jan 2023 23:16:03 INFO  epoch 52 evaluating [time: 0.20s, valid_score: 0.073300]
Mon 30 Jan 2023 23:16:03 INFO  valid result: 
recall@10 : 0.0293    mrr@10 : 0.0733    ndcg@10 : 0.0349    hit@10 : 0.2238    precision@10 : 0.0306
Mon 30 Jan 2023 23:16:03 INFO  Saving current: saved/KGAT-Jan-30-2023_23-12-24.pth
Mon 30 Jan 2023 23:16:07 INFO  epoch 53 training [time: 4.15s, train_loss1: 20.5386, train_loss2: 31.1454]
Mon 30 Jan 2023 23:16:07 INFO  epoch 53 evaluating [time: 0.20s, valid_score: 0.070900]
Mon 30 Jan 2023 23:16:07 INFO  valid result: 
recall@10 : 0.0278    mrr@10 : 0.0709    ndcg@10 : 0.034    hit@10 : 0.2216    precision@10 : 0.0299
Mon 30 Jan 2023 23:16:12 INFO  epoch 54 training [time: 4.42s, train_loss1: 20.5280, train_loss2: 31.1435]
Mon 30 Jan 2023 23:16:12 INFO  epoch 54 evaluating [time: 0.20s, valid_score: 0.072800]
Mon 30 Jan 2023 23:16:12 INFO  valid result: 
recall@10 : 0.0293    mrr@10 : 0.0728    ndcg@10 : 0.0354    hit@10 : 0.2269    precision@10 : 0.0311
Mon 30 Jan 2023 23:16:17 INFO  epoch 55 training [time: 4.55s, train_loss1: 20.4021, train_loss2: 31.1423]
Mon 30 Jan 2023 23:16:17 INFO  epoch 55 evaluating [time: 0.25s, valid_score: 0.068700]
Mon 30 Jan 2023 23:16:17 INFO  valid result: 
recall@10 : 0.0282    mrr@10 : 0.0687    ndcg@10 : 0.0336    hit@10 : 0.2238    precision@10 : 0.0297
Mon 30 Jan 2023 23:16:21 INFO  epoch 56 training [time: 4.48s, train_loss1: 20.3972, train_loss2: 31.1408]
Mon 30 Jan 2023 23:16:21 INFO  epoch 56 evaluating [time: 0.19s, valid_score: 0.073600]
Mon 30 Jan 2023 23:16:21 INFO  valid result: 
recall@10 : 0.0307    mrr@10 : 0.0736    ndcg@10 : 0.036    hit@10 : 0.2365    precision@10 : 0.0321
Mon 30 Jan 2023 23:16:22 INFO  Saving current: saved/KGAT-Jan-30-2023_23-12-24.pth
Mon 30 Jan 2023 23:16:26 INFO  epoch 57 training [time: 4.21s, train_loss1: 20.2812, train_loss2: 31.1395]
Mon 30 Jan 2023 23:16:26 INFO  epoch 57 evaluating [time: 0.20s, valid_score: 0.071800]
Mon 30 Jan 2023 23:16:26 INFO  valid result: 
recall@10 : 0.0301    mrr@10 : 0.0718    ndcg@10 : 0.0347    hit@10 : 0.2269    precision@10 : 0.0304
Mon 30 Jan 2023 23:16:30 INFO  epoch 58 training [time: 4.21s, train_loss1: 20.3058, train_loss2: 31.1379]
Mon 30 Jan 2023 23:16:30 INFO  epoch 58 evaluating [time: 0.22s, valid_score: 0.068500]
Mon 30 Jan 2023 23:16:30 INFO  valid result: 
recall@10 : 0.0298    mrr@10 : 0.0685    ndcg@10 : 0.0336    hit@10 : 0.2248    precision@10 : 0.0293
Mon 30 Jan 2023 23:16:35 INFO  epoch 59 training [time: 4.67s, train_loss1: 20.2139, train_loss2: 31.1363]
Mon 30 Jan 2023 23:16:35 INFO  epoch 59 evaluating [time: 0.23s, valid_score: 0.071900]
Mon 30 Jan 2023 23:16:35 INFO  valid result: 
recall@10 : 0.0289    mrr@10 : 0.0719    ndcg@10 : 0.0343    hit@10 : 0.2248    precision@10 : 0.0292
Mon 30 Jan 2023 23:16:40 INFO  epoch 60 training [time: 4.57s, train_loss1: 20.1527, train_loss2: 31.1345]
Mon 30 Jan 2023 23:16:40 INFO  epoch 60 evaluating [time: 0.20s, valid_score: 0.071300]
Mon 30 Jan 2023 23:16:40 INFO  valid result: 
recall@10 : 0.0285    mrr@10 : 0.0713    ndcg@10 : 0.0339    hit@10 : 0.2238    precision@10 : 0.0295
Mon 30 Jan 2023 23:16:45 INFO  epoch 61 training [time: 4.49s, train_loss1: 20.1145, train_loss2: 31.1331]
Mon 30 Jan 2023 23:16:45 INFO  epoch 61 evaluating [time: 0.20s, valid_score: 0.071700]
Mon 30 Jan 2023 23:16:45 INFO  valid result: 
recall@10 : 0.0293    mrr@10 : 0.0717    ndcg@10 : 0.035    hit@10 : 0.2227    precision@10 : 0.0301
Mon 30 Jan 2023 23:16:49 INFO  epoch 62 training [time: 4.23s, train_loss1: 20.0746, train_loss2: 31.1314]
Mon 30 Jan 2023 23:16:49 INFO  epoch 62 evaluating [time: 0.20s, valid_score: 0.068900]
Mon 30 Jan 2023 23:16:49 INFO  valid result: 
recall@10 : 0.0299    mrr@10 : 0.0689    ndcg@10 : 0.0343    hit@10 : 0.2269    precision@10 : 0.0303
Mon 30 Jan 2023 23:16:53 INFO  epoch 63 training [time: 4.34s, train_loss1: 20.0094, train_loss2: 31.1302]
Mon 30 Jan 2023 23:16:54 INFO  epoch 63 evaluating [time: 0.20s, valid_score: 0.072300]
Mon 30 Jan 2023 23:16:54 INFO  valid result: 
recall@10 : 0.0294    mrr@10 : 0.0723    ndcg@10 : 0.0348    hit@10 : 0.2238    precision@10 : 0.03
Mon 30 Jan 2023 23:16:58 INFO  epoch 64 training [time: 4.35s, train_loss1: 20.0206, train_loss2: 31.1283]
Mon 30 Jan 2023 23:16:58 INFO  epoch 64 evaluating [time: 0.19s, valid_score: 0.071200]
Mon 30 Jan 2023 23:16:58 INFO  valid result: 
recall@10 : 0.0305    mrr@10 : 0.0712    ndcg@10 : 0.0349    hit@10 : 0.228    precision@10 : 0.0303
Mon 30 Jan 2023 23:17:02 INFO  epoch 65 training [time: 4.10s, train_loss1: 19.9454, train_loss2: 31.1268]
Mon 30 Jan 2023 23:17:03 INFO  epoch 65 evaluating [time: 0.20s, valid_score: 0.071500]
Mon 30 Jan 2023 23:17:03 INFO  valid result: 
recall@10 : 0.0296    mrr@10 : 0.0715    ndcg@10 : 0.0347    hit@10 : 0.2174    precision@10 : 0.0294
Mon 30 Jan 2023 23:17:07 INFO  epoch 66 training [time: 4.18s, train_loss1: 19.9528, train_loss2: 31.1250]
Mon 30 Jan 2023 23:17:07 INFO  epoch 66 evaluating [time: 0.19s, valid_score: 0.073400]
Mon 30 Jan 2023 23:17:07 INFO  valid result: 
recall@10 : 0.0314    mrr@10 : 0.0734    ndcg@10 : 0.0359    hit@10 : 0.2333    precision@10 : 0.0311
Mon 30 Jan 2023 23:17:11 INFO  epoch 67 training [time: 4.26s, train_loss1: 19.8939, train_loss2: 31.1230]
Mon 30 Jan 2023 23:17:11 INFO  epoch 67 evaluating [time: 0.19s, valid_score: 0.073100]
Mon 30 Jan 2023 23:17:11 INFO  valid result: 
recall@10 : 0.0307    mrr@10 : 0.0731    ndcg@10 : 0.0358    hit@10 : 0.2312    precision@10 : 0.0313
Mon 30 Jan 2023 23:17:11 INFO  Finished training, best eval result in epoch 56
Mon 30 Jan 2023 23:17:11 INFO  Loading model structure and parameters from saved/KGAT-Jan-30-2023_23-12-24.pth
Mon 30 Jan 2023 23:17:12 INFO  best valid : OrderedDict([('recall@10', 0.0307), ('mrr@10', 0.0736), ('ndcg@10', 0.036), ('hit@10', 0.2365), ('precision@10', 0.0321)])
Mon 30 Jan 2023 23:17:12 INFO  test result: OrderedDict([('recall@10', 0.0363), ('mrr@10', 0.077), ('ndcg@10', 0.0412), ('hit@10', 0.2577), ('precision@10', 0.0374)])
