Tue 31 Jan 2023 01:28:00 INFO  ['recbole_test.py', '--seed', '2023', '--aggr', 'bi', '--opti', 'adam', '--is_swa', 'false', '--is_momentum', 'false']
Tue 31 Jan 2023 01:28:00 INFO  
General Hyper Parameters:
gpu_id = 0
use_gpu = True
seed = 2023
state = INFO
reproducibility = True
data_path = /work/03/gu14/k36095/kgat_bai/recbole/config/../dataset_example/ml-100k
checkpoint_dir = saved
show_progress = True
save_dataset = True
dataset_save_path = None
save_dataloaders = False
dataloaders_save_path = None
log_wandb = False

Training Hyper Parameters:
epochs = 300
train_batch_size = 2048
learner = adam
learning_rate = 0.001
train_neg_sample_args = {'distribution': 'uniform', 'sample_num': 1, 'alpha': 1.0, 'dynamic': False, 'candidate_num': 0}
eval_step = 1
stopping_step = 10
clip_grad_norm = None
weight_decay = 0.0
loss_decimal_place = 4

Evaluation Hyper Parameters:
eval_args = {'split': {'RS': [0.8, 0.1, 0.1]}, 'group_by': 'user', 'order': 'RO', 'mode': 'full'}
repeatable = False
metrics = ['Recall', 'MRR', 'NDCG', 'Hit', 'Precision']
topk = [10]
valid_metric = MRR@10
valid_metric_bigger = True
eval_batch_size = 4096
metric_decimal_place = 4

Dataset Hyper Parameters:
field_separator = 	
seq_separator =  
USER_ID_FIELD = user_id
ITEM_ID_FIELD = item_id
RATING_FIELD = rating
TIME_FIELD = timestamp
seq_len = None
LABEL_FIELD = label
threshold = None
NEG_PREFIX = neg_
load_col = {'inter': ['user_id', 'item_id', 'rating', 'timestamp'], 'kg': ['head_id', 'relation_id', 'tail_id'], 'link': ['item_id', 'entity_id']}
unload_col = None
unused_col = None
additional_feat_suffix = None
rm_dup_inter = None
val_interval = None
filter_inter_by_user_or_item = True
user_inter_num_interval = None
item_inter_num_interval = None
alias_of_user_id = None
alias_of_item_id = None
alias_of_entity_id = None
alias_of_relation_id = None
preload_weight = None
normalize_field = None
normalize_all = True
ITEM_LIST_LENGTH_FIELD = item_length
LIST_SUFFIX = _list
MAX_ITEM_LIST_LENGTH = 50
POSITION_FIELD = position_id
HEAD_ENTITY_ID_FIELD = head_id
TAIL_ENTITY_ID_FIELD = tail_id
RELATION_ID_FIELD = relation_id
ENTITY_ID_FIELD = entity_id
kg_reverse_r = False
entity_kg_num_interval = [0,inf)
relation_kg_num_interval = [0,inf)
benchmark_filename = None

Other Hyper Parameters: 
worker = 0
wandb_project = recbole
shuffle = True
require_pow = False
enable_amp = False
enable_scaler = False
transform = None
embedding_size = 64
kg_embedding_size = 64
layers = [64]
mess_dropout = 0.1
reg_weight = 1e-05
aggregator_type = bi
numerical_features = []
discretization = None
MODEL_TYPE = ModelType.KNOWLEDGE
is_swa = 0
is_momentum = 0
MODEL_INPUT_TYPE = InputType.PAIRWISE
eval_type = EvaluatorType.RANKING
single_spec = True
local_rank = 0
device = cpu
eval_neg_sample_args = {'distribution': 'uniform', 'sample_num': 'none'}


Tue 31 Jan 2023 01:28:00 INFO  Saving filtered dataset into [saved/ml-100k-dataset.pth]
Tue 31 Jan 2023 01:28:01 INFO  ml-100k
The number of users: 944
Average actions of users: 103.4506892895016
The number of items: 1599
Average actions of items: 61.04755944931164
The number of inters: 97554
The sparsity of the dataset: 93.53714185772888%
Remain Fields: ['entity_id', 'user_id', 'item_id', 'rating', 'timestamp', 'head_id', 'relation_id', 'tail_id']
The number of entities: 34629
The number of relations: 26
The number of triples: 91631
The number of items that have been linked to KG: 1598
Tue 31 Jan 2023 01:28:01 INFO  [Training]: train_batch_size = [2048] train_neg_sample_args: [{'distribution': 'uniform', 'sample_num': 1, 'alpha': 1.0, 'dynamic': False, 'candidate_num': 0}]
Tue 31 Jan 2023 01:28:01 INFO  [Evaluation]: eval_batch_size = [4096] eval_args: [{'split': {'RS': [0.8, 0.1, 0.1]}, 'group_by': 'user', 'order': 'RO', 'mode': 'full'}]
Tue 31 Jan 2023 01:28:01 INFO  KGAT(
  (user_embedding): Embedding(944, 64)
  (entity_embedding): Embedding(34629, 64)
  (relation_embedding): Embedding(26, 64)
  (trans_w): Embedding(26, 4096)
  (aggregator_layers): ModuleList(
    (0): Aggregator(
      (message_dropout): Dropout(p=0.1, inplace=False)
      (W1): Linear(in_features=64, out_features=64, bias=True)
      (W2): Linear(in_features=64, out_features=64, bias=True)
      (activation): LeakyReLU(negative_slope=0.01)
    )
  )
  (tanh): Tanh()
  (mf_loss): BPRLoss()
  (reg_loss): EmbLoss()
)
Trainable parameters: 2393152
Tue 31 Jan 2023 01:28:01 INFO  FLOPs: 291414016.0
Tue 31 Jan 2023 01:28:06 INFO  epoch 0 training [time: 4.67s, train_loss1: 23.8720, train_loss2: 29.7891]
Tue 31 Jan 2023 01:28:06 INFO  epoch 0 evaluating [time: 0.20s, valid_score: 0.092600]
Tue 31 Jan 2023 01:28:06 INFO  valid result: 
recall@10 : 0.0428    mrr@10 : 0.0926    ndcg@10 : 0.047    hit@10 : 0.2789    precision@10 : 0.0386
Tue 31 Jan 2023 01:28:06 INFO  Saving current: saved/KGAT-Jan-31-2023_01-28-01.pth
Tue 31 Jan 2023 01:28:11 INFO  epoch 1 training [time: 4.74s, train_loss1: 20.9989, train_loss2: 19.1515]
Tue 31 Jan 2023 01:28:11 INFO  epoch 1 evaluating [time: 0.20s, valid_score: 0.150500]
Tue 31 Jan 2023 01:28:11 INFO  valid result: 
recall@10 : 0.089    mrr@10 : 0.1505    ndcg@10 : 0.0869    hit@10 : 0.4337    precision@10 : 0.0681
Tue 31 Jan 2023 01:28:11 INFO  Saving current: saved/KGAT-Jan-31-2023_01-28-01.pth
Tue 31 Jan 2023 01:28:16 INFO  epoch 2 training [time: 4.79s, train_loss1: 16.9766, train_loss2: 12.3191]
Tue 31 Jan 2023 01:28:16 INFO  epoch 2 evaluating [time: 0.19s, valid_score: 0.163800]
Tue 31 Jan 2023 01:28:16 INFO  valid result: 
recall@10 : 0.1019    mrr@10 : 0.1638    ndcg@10 : 0.0959    hit@10 : 0.4857    precision@10 : 0.0748
Tue 31 Jan 2023 01:28:16 INFO  Saving current: saved/KGAT-Jan-31-2023_01-28-01.pth
Tue 31 Jan 2023 01:28:21 INFO  epoch 3 training [time: 4.90s, train_loss1: 16.4910, train_loss2: 10.2242]
Tue 31 Jan 2023 01:28:22 INFO  epoch 3 evaluating [time: 0.19s, valid_score: 0.173700]
Tue 31 Jan 2023 01:28:22 INFO  valid result: 
recall@10 : 0.1066    mrr@10 : 0.1737    ndcg@10 : 0.0994    hit@10 : 0.4793    precision@10 : 0.0749
Tue 31 Jan 2023 01:28:22 INFO  Saving current: saved/KGAT-Jan-31-2023_01-28-01.pth
Tue 31 Jan 2023 01:28:26 INFO  epoch 4 training [time: 4.72s, train_loss1: 16.2810, train_loss2: 9.0911]
Tue 31 Jan 2023 01:28:27 INFO  epoch 4 evaluating [time: 0.20s, valid_score: 0.191000]
Tue 31 Jan 2023 01:28:27 INFO  valid result: 
recall@10 : 0.1001    mrr@10 : 0.191    ndcg@10 : 0.1026    hit@10 : 0.4761    precision@10 : 0.0768
Tue 31 Jan 2023 01:28:27 INFO  Saving current: saved/KGAT-Jan-31-2023_01-28-01.pth
Tue 31 Jan 2023 01:28:32 INFO  epoch 5 training [time: 4.89s, train_loss1: 16.0208, train_loss2: 8.3413]
Tue 31 Jan 2023 01:28:32 INFO  epoch 5 evaluating [time: 0.20s, valid_score: 0.187500]
Tue 31 Jan 2023 01:28:32 INFO  valid result: 
recall@10 : 0.1067    mrr@10 : 0.1875    ndcg@10 : 0.1059    hit@10 : 0.4899    precision@10 : 0.0774
Tue 31 Jan 2023 01:28:36 INFO  epoch 6 training [time: 4.53s, train_loss1: 15.9610, train_loss2: 7.7441]
Tue 31 Jan 2023 01:28:36 INFO  epoch 6 evaluating [time: 0.20s, valid_score: 0.190800]
Tue 31 Jan 2023 01:28:36 INFO  valid result: 
recall@10 : 0.103    mrr@10 : 0.1908    ndcg@10 : 0.1071    hit@10 : 0.4878    precision@10 : 0.0818
Tue 31 Jan 2023 01:28:41 INFO  epoch 7 training [time: 4.78s, train_loss1: 15.7568, train_loss2: 7.3177]
Tue 31 Jan 2023 01:28:41 INFO  epoch 7 evaluating [time: 0.19s, valid_score: 0.194000]
Tue 31 Jan 2023 01:28:41 INFO  valid result: 
recall@10 : 0.1116    mrr@10 : 0.194    ndcg@10 : 0.1105    hit@10 : 0.5005    precision@10 : 0.0841
Tue 31 Jan 2023 01:28:42 INFO  Saving current: saved/KGAT-Jan-31-2023_01-28-01.pth
Tue 31 Jan 2023 01:28:47 INFO  epoch 8 training [time: 5.08s, train_loss1: 15.6595, train_loss2: 7.1750]
Tue 31 Jan 2023 01:28:47 INFO  epoch 8 evaluating [time: 0.19s, valid_score: 0.192800]
Tue 31 Jan 2023 01:28:47 INFO  valid result: 
recall@10 : 0.1092    mrr@10 : 0.1928    ndcg@10 : 0.1105    hit@10 : 0.5037    precision@10 : 0.0857
Tue 31 Jan 2023 01:28:52 INFO  epoch 9 training [time: 5.03s, train_loss1: 15.4543, train_loss2: 6.8326]
Tue 31 Jan 2023 01:28:52 INFO  epoch 9 evaluating [time: 0.19s, valid_score: 0.200500]
Tue 31 Jan 2023 01:28:52 INFO  valid result: 
recall@10 : 0.1125    mrr@10 : 0.2005    ndcg@10 : 0.1143    hit@10 : 0.508    precision@10 : 0.0877
Tue 31 Jan 2023 01:28:52 INFO  Saving current: saved/KGAT-Jan-31-2023_01-28-01.pth
Tue 31 Jan 2023 01:28:57 INFO  epoch 10 training [time: 4.93s, train_loss1: 15.2567, train_loss2: 6.4074]
Tue 31 Jan 2023 01:28:57 INFO  epoch 10 evaluating [time: 0.19s, valid_score: 0.204600]
Tue 31 Jan 2023 01:28:57 INFO  valid result: 
recall@10 : 0.112    mrr@10 : 0.2046    ndcg@10 : 0.1159    hit@10 : 0.5143    precision@10 : 0.0896
Tue 31 Jan 2023 01:28:57 INFO  Saving current: saved/KGAT-Jan-31-2023_01-28-01.pth
Tue 31 Jan 2023 01:29:02 INFO  epoch 11 training [time: 4.66s, train_loss1: 15.0428, train_loss2: 6.0373]
Tue 31 Jan 2023 01:29:02 INFO  epoch 11 evaluating [time: 0.19s, valid_score: 0.216700]
Tue 31 Jan 2023 01:29:02 INFO  valid result: 
recall@10 : 0.1153    mrr@10 : 0.2167    ndcg@10 : 0.1201    hit@10 : 0.5196    precision@10 : 0.0911
Tue 31 Jan 2023 01:29:02 INFO  Saving current: saved/KGAT-Jan-31-2023_01-28-01.pth
Tue 31 Jan 2023 01:29:07 INFO  epoch 12 training [time: 4.95s, train_loss1: 14.7465, train_loss2: 5.5509]
Tue 31 Jan 2023 01:29:07 INFO  epoch 12 evaluating [time: 0.19s, valid_score: 0.222400]
Tue 31 Jan 2023 01:29:07 INFO  valid result: 
recall@10 : 0.1221    mrr@10 : 0.2224    ndcg@10 : 0.1255    hit@10 : 0.5525    precision@10 : 0.095
Tue 31 Jan 2023 01:29:07 INFO  Saving current: saved/KGAT-Jan-31-2023_01-28-01.pth
Tue 31 Jan 2023 01:29:12 INFO  epoch 13 training [time: 4.72s, train_loss1: 14.4445, train_loss2: 5.2410]
Tue 31 Jan 2023 01:29:12 INFO  epoch 13 evaluating [time: 0.19s, valid_score: 0.229400]
Tue 31 Jan 2023 01:29:12 INFO  valid result: 
recall@10 : 0.1279    mrr@10 : 0.2294    ndcg@10 : 0.13    hit@10 : 0.5525    precision@10 : 0.0973
Tue 31 Jan 2023 01:29:12 INFO  Saving current: saved/KGAT-Jan-31-2023_01-28-01.pth
Tue 31 Jan 2023 01:29:17 INFO  epoch 14 training [time: 4.68s, train_loss1: 14.2227, train_loss2: 4.8937]
Tue 31 Jan 2023 01:29:17 INFO  epoch 14 evaluating [time: 0.19s, valid_score: 0.241700]
Tue 31 Jan 2023 01:29:17 INFO  valid result: 
recall@10 : 0.1293    mrr@10 : 0.2417    ndcg@10 : 0.1375    hit@10 : 0.5599    precision@10 : 0.1017
Tue 31 Jan 2023 01:29:17 INFO  Saving current: saved/KGAT-Jan-31-2023_01-28-01.pth
Tue 31 Jan 2023 01:29:22 INFO  epoch 15 training [time: 4.68s, train_loss1: 13.8470, train_loss2: 4.7890]
Tue 31 Jan 2023 01:29:22 INFO  epoch 15 evaluating [time: 0.19s, valid_score: 0.248200]
Tue 31 Jan 2023 01:29:22 INFO  valid result: 
recall@10 : 0.1386    mrr@10 : 0.2482    ndcg@10 : 0.1441    hit@10 : 0.5885    precision@10 : 0.1071
Tue 31 Jan 2023 01:29:22 INFO  Saving current: saved/KGAT-Jan-31-2023_01-28-01.pth
Tue 31 Jan 2023 01:29:27 INFO  epoch 16 training [time: 4.99s, train_loss1: 13.4068, train_loss2: 4.5749]
Tue 31 Jan 2023 01:29:27 INFO  epoch 16 evaluating [time: 0.19s, valid_score: 0.257700]
Tue 31 Jan 2023 01:29:27 INFO  valid result: 
recall@10 : 0.1448    mrr@10 : 0.2577    ndcg@10 : 0.1498    hit@10 : 0.6002    precision@10 : 0.1098
Tue 31 Jan 2023 01:29:27 INFO  Saving current: saved/KGAT-Jan-31-2023_01-28-01.pth
Tue 31 Jan 2023 01:29:32 INFO  epoch 17 training [time: 4.68s, train_loss1: 13.0959, train_loss2: 4.3459]
Tue 31 Jan 2023 01:29:32 INFO  epoch 17 evaluating [time: 0.19s, valid_score: 0.276100]
Tue 31 Jan 2023 01:29:32 INFO  valid result: 
recall@10 : 0.1496    mrr@10 : 0.2761    ndcg@10 : 0.1575    hit@10 : 0.6087    precision@10 : 0.1125
Tue 31 Jan 2023 01:29:32 INFO  Saving current: saved/KGAT-Jan-31-2023_01-28-01.pth
Tue 31 Jan 2023 01:29:37 INFO  epoch 18 training [time: 4.43s, train_loss1: 12.6488, train_loss2: 4.1596]
Tue 31 Jan 2023 01:29:37 INFO  epoch 18 evaluating [time: 0.19s, valid_score: 0.280000]
Tue 31 Jan 2023 01:29:37 INFO  valid result: 
recall@10 : 0.1523    mrr@10 : 0.28    ndcg@10 : 0.1614    hit@10 : 0.6161    precision@10 : 0.116
Tue 31 Jan 2023 01:29:37 INFO  Saving current: saved/KGAT-Jan-31-2023_01-28-01.pth
Tue 31 Jan 2023 01:29:42 INFO  epoch 19 training [time: 4.64s, train_loss1: 12.3602, train_loss2: 3.8769]
Tue 31 Jan 2023 01:29:42 INFO  epoch 19 evaluating [time: 0.19s, valid_score: 0.284800]
Tue 31 Jan 2023 01:29:42 INFO  valid result: 
recall@10 : 0.1571    mrr@10 : 0.2848    ndcg@10 : 0.1654    hit@10 : 0.6225    precision@10 : 0.1176
Tue 31 Jan 2023 01:29:42 INFO  Saving current: saved/KGAT-Jan-31-2023_01-28-01.pth
Tue 31 Jan 2023 01:29:47 INFO  epoch 20 training [time: 4.63s, train_loss1: 12.0403, train_loss2: 3.7733]
Tue 31 Jan 2023 01:29:47 INFO  epoch 20 evaluating [time: 0.19s, valid_score: 0.289200]
Tue 31 Jan 2023 01:29:47 INFO  valid result: 
recall@10 : 0.1561    mrr@10 : 0.2892    ndcg@10 : 0.1665    hit@10 : 0.6331    precision@10 : 0.1178
Tue 31 Jan 2023 01:29:47 INFO  Saving current: saved/KGAT-Jan-31-2023_01-28-01.pth
Tue 31 Jan 2023 01:29:51 INFO  epoch 21 training [time: 4.27s, train_loss1: 11.6076, train_loss2: 3.4789]
Tue 31 Jan 2023 01:29:51 INFO  epoch 21 evaluating [time: 0.19s, valid_score: 0.293500]
Tue 31 Jan 2023 01:29:51 INFO  valid result: 
recall@10 : 0.1617    mrr@10 : 0.2935    ndcg@10 : 0.1715    hit@10 : 0.6426    precision@10 : 0.1232
Tue 31 Jan 2023 01:29:51 INFO  Saving current: saved/KGAT-Jan-31-2023_01-28-01.pth
Tue 31 Jan 2023 01:29:56 INFO  epoch 22 training [time: 4.69s, train_loss1: 11.3996, train_loss2: 3.3052]
Tue 31 Jan 2023 01:29:56 INFO  epoch 22 evaluating [time: 0.19s, valid_score: 0.298700]
Tue 31 Jan 2023 01:29:56 INFO  valid result: 
recall@10 : 0.165    mrr@10 : 0.2987    ndcg@10 : 0.1743    hit@10 : 0.6511    precision@10 : 0.1249
Tue 31 Jan 2023 01:29:56 INFO  Saving current: saved/KGAT-Jan-31-2023_01-28-01.pth
Tue 31 Jan 2023 01:30:01 INFO  epoch 23 training [time: 4.57s, train_loss1: 11.0573, train_loss2: 3.1528]
Tue 31 Jan 2023 01:30:01 INFO  epoch 23 evaluating [time: 0.19s, valid_score: 0.304700]
Tue 31 Jan 2023 01:30:01 INFO  valid result: 
recall@10 : 0.1707    mrr@10 : 0.3047    ndcg@10 : 0.1793    hit@10 : 0.6575    precision@10 : 0.1277
Tue 31 Jan 2023 01:30:01 INFO  Saving current: saved/KGAT-Jan-31-2023_01-28-01.pth
Tue 31 Jan 2023 01:30:06 INFO  epoch 24 training [time: 4.61s, train_loss1: 10.8738, train_loss2: 3.0266]
Tue 31 Jan 2023 01:30:06 INFO  epoch 24 evaluating [time: 0.19s, valid_score: 0.313900]
Tue 31 Jan 2023 01:30:06 INFO  valid result: 
recall@10 : 0.1733    mrr@10 : 0.3139    ndcg@10 : 0.1835    hit@10 : 0.6628    precision@10 : 0.1293
Tue 31 Jan 2023 01:30:06 INFO  Saving current: saved/KGAT-Jan-31-2023_01-28-01.pth
Tue 31 Jan 2023 01:30:11 INFO  epoch 25 training [time: 4.63s, train_loss1: 10.6933, train_loss2: 2.9480]
Tue 31 Jan 2023 01:30:11 INFO  epoch 25 evaluating [time: 0.19s, valid_score: 0.315000]
Tue 31 Jan 2023 01:30:11 INFO  valid result: 
recall@10 : 0.1737    mrr@10 : 0.315    ndcg@10 : 0.1844    hit@10 : 0.6607    precision@10 : 0.1297
Tue 31 Jan 2023 01:30:11 INFO  Saving current: saved/KGAT-Jan-31-2023_01-28-01.pth
Tue 31 Jan 2023 01:30:15 INFO  epoch 26 training [time: 4.32s, train_loss1: 10.5445, train_loss2: 2.7406]
Tue 31 Jan 2023 01:30:15 INFO  epoch 26 evaluating [time: 0.19s, valid_score: 0.314600]
Tue 31 Jan 2023 01:30:15 INFO  valid result: 
recall@10 : 0.1756    mrr@10 : 0.3146    ndcg@10 : 0.1856    hit@10 : 0.6649    precision@10 : 0.1305
Tue 31 Jan 2023 01:30:20 INFO  epoch 27 training [time: 4.51s, train_loss1: 10.2692, train_loss2: 2.6516]
Tue 31 Jan 2023 01:30:20 INFO  epoch 27 evaluating [time: 0.19s, valid_score: 0.317900]
Tue 31 Jan 2023 01:30:20 INFO  valid result: 
recall@10 : 0.1746    mrr@10 : 0.3179    ndcg@10 : 0.1859    hit@10 : 0.6607    precision@10 : 0.1297
Tue 31 Jan 2023 01:30:20 INFO  Saving current: saved/KGAT-Jan-31-2023_01-28-01.pth
Tue 31 Jan 2023 01:30:25 INFO  epoch 28 training [time: 4.58s, train_loss1: 10.0473, train_loss2: 2.4855]
Tue 31 Jan 2023 01:30:25 INFO  epoch 28 evaluating [time: 0.19s, valid_score: 0.319900]
Tue 31 Jan 2023 01:30:25 INFO  valid result: 
recall@10 : 0.1771    mrr@10 : 0.3199    ndcg@10 : 0.1874    hit@10 : 0.6734    precision@10 : 0.1315
Tue 31 Jan 2023 01:30:25 INFO  Saving current: saved/KGAT-Jan-31-2023_01-28-01.pth
Tue 31 Jan 2023 01:30:30 INFO  epoch 29 training [time: 4.76s, train_loss1: 9.8715, train_loss2: 2.4452]
Tue 31 Jan 2023 01:30:30 INFO  epoch 29 evaluating [time: 0.19s, valid_score: 0.325600]
Tue 31 Jan 2023 01:30:30 INFO  valid result: 
recall@10 : 0.1821    mrr@10 : 0.3256    ndcg@10 : 0.1907    hit@10 : 0.6861    precision@10 : 0.1334
Tue 31 Jan 2023 01:30:30 INFO  Saving current: saved/KGAT-Jan-31-2023_01-28-01.pth
Tue 31 Jan 2023 01:30:35 INFO  epoch 30 training [time: 4.72s, train_loss1: 9.7390, train_loss2: 2.3211]
Tue 31 Jan 2023 01:30:35 INFO  epoch 30 evaluating [time: 0.20s, valid_score: 0.325300]
Tue 31 Jan 2023 01:30:35 INFO  valid result: 
recall@10 : 0.1805    mrr@10 : 0.3253    ndcg@10 : 0.1913    hit@10 : 0.6829    precision@10 : 0.1337
Tue 31 Jan 2023 01:30:40 INFO  epoch 31 training [time: 4.75s, train_loss1: 9.7086, train_loss2: 2.3582]
Tue 31 Jan 2023 01:30:40 INFO  epoch 31 evaluating [time: 0.20s, valid_score: 0.339800]
Tue 31 Jan 2023 01:30:40 INFO  valid result: 
recall@10 : 0.181    mrr@10 : 0.3398    ndcg@10 : 0.1946    hit@10 : 0.6829    precision@10 : 0.1336
Tue 31 Jan 2023 01:30:40 INFO  Saving current: saved/KGAT-Jan-31-2023_01-28-01.pth
Tue 31 Jan 2023 01:30:45 INFO  epoch 32 training [time: 4.76s, train_loss1: 9.5636, train_loss2: 2.1711]
Tue 31 Jan 2023 01:30:45 INFO  epoch 32 evaluating [time: 0.20s, valid_score: 0.332500]
Tue 31 Jan 2023 01:30:45 INFO  valid result: 
recall@10 : 0.1806    mrr@10 : 0.3325    ndcg@10 : 0.1939    hit@10 : 0.6797    precision@10 : 0.135
Tue 31 Jan 2023 01:30:49 INFO  epoch 33 training [time: 4.47s, train_loss1: 9.5226, train_loss2: 2.2309]
Tue 31 Jan 2023 01:30:50 INFO  epoch 33 evaluating [time: 0.20s, valid_score: 0.334400]
Tue 31 Jan 2023 01:30:50 INFO  valid result: 
recall@10 : 0.1804    mrr@10 : 0.3344    ndcg@10 : 0.1949    hit@10 : 0.6755    precision@10 : 0.1341
Tue 31 Jan 2023 01:30:54 INFO  epoch 34 training [time: 4.46s, train_loss1: 9.3747, train_loss2: 2.1061]
Tue 31 Jan 2023 01:30:54 INFO  epoch 34 evaluating [time: 0.20s, valid_score: 0.335300]
Tue 31 Jan 2023 01:30:54 INFO  valid result: 
recall@10 : 0.1804    mrr@10 : 0.3353    ndcg@10 : 0.1953    hit@10 : 0.6755    precision@10 : 0.1338
Tue 31 Jan 2023 01:30:59 INFO  epoch 35 training [time: 4.71s, train_loss1: 9.3043, train_loss2: 2.1598]
Tue 31 Jan 2023 01:30:59 INFO  epoch 35 evaluating [time: 0.20s, valid_score: 0.340200]
Tue 31 Jan 2023 01:30:59 INFO  valid result: 
recall@10 : 0.1839    mrr@10 : 0.3402    ndcg@10 : 0.1985    hit@10 : 0.684    precision@10 : 0.1351
Tue 31 Jan 2023 01:30:59 INFO  Saving current: saved/KGAT-Jan-31-2023_01-28-01.pth
Tue 31 Jan 2023 01:31:04 INFO  epoch 36 training [time: 4.37s, train_loss1: 9.1855, train_loss2: 2.0273]
Tue 31 Jan 2023 01:31:04 INFO  epoch 36 evaluating [time: 0.19s, valid_score: 0.341000]
Tue 31 Jan 2023 01:31:04 INFO  valid result: 
recall@10 : 0.185    mrr@10 : 0.341    ndcg@10 : 0.1992    hit@10 : 0.6872    precision@10 : 0.1362
Tue 31 Jan 2023 01:31:04 INFO  Saving current: saved/KGAT-Jan-31-2023_01-28-01.pth
Tue 31 Jan 2023 01:31:08 INFO  epoch 37 training [time: 4.31s, train_loss1: 9.0427, train_loss2: 1.9901]
Tue 31 Jan 2023 01:31:08 INFO  epoch 37 evaluating [time: 0.19s, valid_score: 0.344800]
Tue 31 Jan 2023 01:31:08 INFO  valid result: 
recall@10 : 0.1848    mrr@10 : 0.3448    ndcg@10 : 0.2003    hit@10 : 0.6861    precision@10 : 0.1362
Tue 31 Jan 2023 01:31:08 INFO  Saving current: saved/KGAT-Jan-31-2023_01-28-01.pth
Tue 31 Jan 2023 01:31:13 INFO  epoch 38 training [time: 4.33s, train_loss1: 8.9692, train_loss2: 1.9510]
Tue 31 Jan 2023 01:31:13 INFO  epoch 38 evaluating [time: 0.19s, valid_score: 0.346100]
Tue 31 Jan 2023 01:31:13 INFO  valid result: 
recall@10 : 0.1918    mrr@10 : 0.3461    ndcg@10 : 0.2041    hit@10 : 0.6946    precision@10 : 0.1393
Tue 31 Jan 2023 01:31:13 INFO  Saving current: saved/KGAT-Jan-31-2023_01-28-01.pth
Tue 31 Jan 2023 01:31:17 INFO  epoch 39 training [time: 4.29s, train_loss1: 8.7752, train_loss2: 1.9471]
Tue 31 Jan 2023 01:31:18 INFO  epoch 39 evaluating [time: 0.19s, valid_score: 0.344900]
Tue 31 Jan 2023 01:31:18 INFO  valid result: 
recall@10 : 0.1876    mrr@10 : 0.3449    ndcg@10 : 0.2029    hit@10 : 0.6893    precision@10 : 0.1403
Tue 31 Jan 2023 01:31:22 INFO  epoch 40 training [time: 4.27s, train_loss1: 8.6843, train_loss2: 1.8744]
Tue 31 Jan 2023 01:31:22 INFO  epoch 40 evaluating [time: 0.20s, valid_score: 0.348400]
Tue 31 Jan 2023 01:31:22 INFO  valid result: 
recall@10 : 0.1885    mrr@10 : 0.3484    ndcg@10 : 0.204    hit@10 : 0.6872    precision@10 : 0.1392
Tue 31 Jan 2023 01:31:22 INFO  Saving current: saved/KGAT-Jan-31-2023_01-28-01.pth
Tue 31 Jan 2023 01:31:27 INFO  epoch 41 training [time: 4.57s, train_loss1: 8.6510, train_loss2: 1.8389]
Tue 31 Jan 2023 01:31:27 INFO  epoch 41 evaluating [time: 0.20s, valid_score: 0.345500]
Tue 31 Jan 2023 01:31:27 INFO  valid result: 
recall@10 : 0.1904    mrr@10 : 0.3455    ndcg@10 : 0.2038    hit@10 : 0.6925    precision@10 : 0.1399
Tue 31 Jan 2023 01:31:31 INFO  epoch 42 training [time: 4.62s, train_loss1: 8.5162, train_loss2: 1.8260]
Tue 31 Jan 2023 01:31:32 INFO  epoch 42 evaluating [time: 0.20s, valid_score: 0.352200]
Tue 31 Jan 2023 01:31:32 INFO  valid result: 
recall@10 : 0.1927    mrr@10 : 0.3522    ndcg@10 : 0.2063    hit@10 : 0.6999    precision@10 : 0.1409
Tue 31 Jan 2023 01:31:32 INFO  Saving current: saved/KGAT-Jan-31-2023_01-28-01.pth
Tue 31 Jan 2023 01:31:36 INFO  epoch 43 training [time: 4.53s, train_loss1: 8.4692, train_loss2: 1.7821]
Tue 31 Jan 2023 01:31:36 INFO  epoch 43 evaluating [time: 0.19s, valid_score: 0.353700]
Tue 31 Jan 2023 01:31:36 INFO  valid result: 
recall@10 : 0.1974    mrr@10 : 0.3537    ndcg@10 : 0.2082    hit@10 : 0.7031    precision@10 : 0.1419
Tue 31 Jan 2023 01:31:37 INFO  Saving current: saved/KGAT-Jan-31-2023_01-28-01.pth
Tue 31 Jan 2023 01:31:41 INFO  epoch 44 training [time: 4.57s, train_loss1: 8.3650, train_loss2: 1.7124]
Tue 31 Jan 2023 01:31:41 INFO  epoch 44 evaluating [time: 0.19s, valid_score: 0.360900]
Tue 31 Jan 2023 01:31:41 INFO  valid result: 
recall@10 : 0.1941    mrr@10 : 0.3609    ndcg@10 : 0.2097    hit@10 : 0.6988    precision@10 : 0.1423
Tue 31 Jan 2023 01:31:41 INFO  Saving current: saved/KGAT-Jan-31-2023_01-28-01.pth
Tue 31 Jan 2023 01:31:46 INFO  epoch 45 training [time: 4.86s, train_loss1: 8.2205, train_loss2: 1.7227]
Tue 31 Jan 2023 01:31:46 INFO  epoch 45 evaluating [time: 0.19s, valid_score: 0.360200]
Tue 31 Jan 2023 01:31:46 INFO  valid result: 
recall@10 : 0.1962    mrr@10 : 0.3602    ndcg@10 : 0.2094    hit@10 : 0.7031    precision@10 : 0.1426
Tue 31 Jan 2023 01:31:51 INFO  epoch 46 training [time: 4.69s, train_loss1: 8.1561, train_loss2: 1.6512]
Tue 31 Jan 2023 01:31:51 INFO  epoch 46 evaluating [time: 0.20s, valid_score: 0.361300]
Tue 31 Jan 2023 01:31:51 INFO  valid result: 
recall@10 : 0.1937    mrr@10 : 0.3613    ndcg@10 : 0.2095    hit@10 : 0.6988    precision@10 : 0.1421
Tue 31 Jan 2023 01:31:51 INFO  Saving current: saved/KGAT-Jan-31-2023_01-28-01.pth
Tue 31 Jan 2023 01:31:56 INFO  epoch 47 training [time: 4.62s, train_loss1: 8.0184, train_loss2: 1.6353]
Tue 31 Jan 2023 01:31:56 INFO  epoch 47 evaluating [time: 0.19s, valid_score: 0.365300]
Tue 31 Jan 2023 01:31:56 INFO  valid result: 
recall@10 : 0.1947    mrr@10 : 0.3653    ndcg@10 : 0.2101    hit@10 : 0.7116    precision@10 : 0.1422
Tue 31 Jan 2023 01:31:56 INFO  Saving current: saved/KGAT-Jan-31-2023_01-28-01.pth
Tue 31 Jan 2023 01:32:01 INFO  epoch 48 training [time: 4.67s, train_loss1: 7.9809, train_loss2: 1.6361]
Tue 31 Jan 2023 01:32:01 INFO  epoch 48 evaluating [time: 0.19s, valid_score: 0.370100]
Tue 31 Jan 2023 01:32:01 INFO  valid result: 
recall@10 : 0.1952    mrr@10 : 0.3701    ndcg@10 : 0.2116    hit@10 : 0.7094    precision@10 : 0.1432
Tue 31 Jan 2023 01:32:01 INFO  Saving current: saved/KGAT-Jan-31-2023_01-28-01.pth
Tue 31 Jan 2023 01:32:06 INFO  epoch 49 training [time: 4.65s, train_loss1: 7.9403, train_loss2: 1.6483]
Tue 31 Jan 2023 01:32:06 INFO  epoch 49 evaluating [time: 0.19s, valid_score: 0.365700]
Tue 31 Jan 2023 01:32:06 INFO  valid result: 
recall@10 : 0.1969    mrr@10 : 0.3657    ndcg@10 : 0.2111    hit@10 : 0.7179    precision@10 : 0.1446
Tue 31 Jan 2023 01:32:11 INFO  epoch 50 training [time: 4.67s, train_loss1: 7.9383, train_loss2: 1.6082]
Tue 31 Jan 2023 01:32:11 INFO  epoch 50 evaluating [time: 0.19s, valid_score: 0.372700]
Tue 31 Jan 2023 01:32:11 INFO  valid result: 
recall@10 : 0.1982    mrr@10 : 0.3727    ndcg@10 : 0.2131    hit@10 : 0.7169    precision@10 : 0.1442
Tue 31 Jan 2023 01:32:11 INFO  Saving current: saved/KGAT-Jan-31-2023_01-28-01.pth
Tue 31 Jan 2023 01:32:16 INFO  epoch 51 training [time: 4.66s, train_loss1: 7.8325, train_loss2: 1.5087]
Tue 31 Jan 2023 01:32:16 INFO  epoch 51 evaluating [time: 0.19s, valid_score: 0.378400]
Tue 31 Jan 2023 01:32:16 INFO  valid result: 
recall@10 : 0.198    mrr@10 : 0.3784    ndcg@10 : 0.2146    hit@10 : 0.7222    precision@10 : 0.1457
Tue 31 Jan 2023 01:32:16 INFO  Saving current: saved/KGAT-Jan-31-2023_01-28-01.pth
Tue 31 Jan 2023 01:32:21 INFO  epoch 52 training [time: 4.64s, train_loss1: 7.7385, train_loss2: 1.5227]
Tue 31 Jan 2023 01:32:21 INFO  epoch 52 evaluating [time: 0.20s, valid_score: 0.377100]
Tue 31 Jan 2023 01:32:21 INFO  valid result: 
recall@10 : 0.1976    mrr@10 : 0.3771    ndcg@10 : 0.2142    hit@10 : 0.7211    precision@10 : 0.1454
Tue 31 Jan 2023 01:32:25 INFO  epoch 53 training [time: 4.63s, train_loss1: 7.6357, train_loss2: 1.5205]
Tue 31 Jan 2023 01:32:26 INFO  epoch 53 evaluating [time: 0.20s, valid_score: 0.376800]
Tue 31 Jan 2023 01:32:26 INFO  valid result: 
recall@10 : 0.2017    mrr@10 : 0.3768    ndcg@10 : 0.2169    hit@10 : 0.7264    precision@10 : 0.1486
Tue 31 Jan 2023 01:32:30 INFO  epoch 54 training [time: 4.69s, train_loss1: 7.5042, train_loss2: 1.5146]
Tue 31 Jan 2023 01:32:31 INFO  epoch 54 evaluating [time: 0.20s, valid_score: 0.378000]
Tue 31 Jan 2023 01:32:31 INFO  valid result: 
recall@10 : 0.204    mrr@10 : 0.378    ndcg@10 : 0.2178    hit@10 : 0.7317    precision@10 : 0.1499
Tue 31 Jan 2023 01:32:35 INFO  epoch 55 training [time: 4.71s, train_loss1: 7.3882, train_loss2: 1.4841]
Tue 31 Jan 2023 01:32:35 INFO  epoch 55 evaluating [time: 0.20s, valid_score: 0.383300]
Tue 31 Jan 2023 01:32:35 INFO  valid result: 
recall@10 : 0.2061    mrr@10 : 0.3833    ndcg@10 : 0.2206    hit@10 : 0.7328    precision@10 : 0.1497
Tue 31 Jan 2023 01:32:36 INFO  Saving current: saved/KGAT-Jan-31-2023_01-28-01.pth
Tue 31 Jan 2023 01:32:40 INFO  epoch 56 training [time: 4.57s, train_loss1: 7.3256, train_loss2: 1.4997]
Tue 31 Jan 2023 01:32:40 INFO  epoch 56 evaluating [time: 0.19s, valid_score: 0.378600]
Tue 31 Jan 2023 01:32:40 INFO  valid result: 
recall@10 : 0.2032    mrr@10 : 0.3786    ndcg@10 : 0.2186    hit@10 : 0.7306    precision@10 : 0.1491
Tue 31 Jan 2023 01:32:45 INFO  epoch 57 training [time: 4.39s, train_loss1: 7.3777, train_loss2: 1.4174]
Tue 31 Jan 2023 01:32:45 INFO  epoch 57 evaluating [time: 0.19s, valid_score: 0.377900]
Tue 31 Jan 2023 01:32:45 INFO  valid result: 
recall@10 : 0.2075    mrr@10 : 0.3779    ndcg@10 : 0.2204    hit@10 : 0.737    precision@10 : 0.151
Tue 31 Jan 2023 01:32:49 INFO  epoch 58 training [time: 4.37s, train_loss1: 7.2594, train_loss2: 1.3954]
Tue 31 Jan 2023 01:32:49 INFO  epoch 58 evaluating [time: 0.19s, valid_score: 0.379400]
Tue 31 Jan 2023 01:32:49 INFO  valid result: 
recall@10 : 0.2037    mrr@10 : 0.3794    ndcg@10 : 0.2198    hit@10 : 0.7328    precision@10 : 0.1492
Tue 31 Jan 2023 01:32:54 INFO  epoch 59 training [time: 4.65s, train_loss1: 7.2435, train_loss2: 1.4343]
Tue 31 Jan 2023 01:32:54 INFO  epoch 59 evaluating [time: 0.20s, valid_score: 0.376900]
Tue 31 Jan 2023 01:32:54 INFO  valid result: 
recall@10 : 0.203    mrr@10 : 0.3769    ndcg@10 : 0.2186    hit@10 : 0.7296    precision@10 : 0.1492
Tue 31 Jan 2023 01:32:59 INFO  epoch 60 training [time: 4.27s, train_loss1: 7.1869, train_loss2: 1.3699]
Tue 31 Jan 2023 01:32:59 INFO  epoch 60 evaluating [time: 0.20s, valid_score: 0.373900]
Tue 31 Jan 2023 01:32:59 INFO  valid result: 
recall@10 : 0.2113    mrr@10 : 0.3739    ndcg@10 : 0.2217    hit@10 : 0.7466    precision@10 : 0.1523
Tue 31 Jan 2023 01:33:03 INFO  epoch 61 training [time: 4.28s, train_loss1: 7.1590, train_loss2: 1.4033]
Tue 31 Jan 2023 01:33:03 INFO  epoch 61 evaluating [time: 0.19s, valid_score: 0.378200]
Tue 31 Jan 2023 01:33:03 INFO  valid result: 
recall@10 : 0.209    mrr@10 : 0.3782    ndcg@10 : 0.2216    hit@10 : 0.7359    precision@10 : 0.1503
Tue 31 Jan 2023 01:33:07 INFO  epoch 62 training [time: 4.23s, train_loss1: 6.9843, train_loss2: 1.3140]
Tue 31 Jan 2023 01:33:08 INFO  epoch 62 evaluating [time: 0.20s, valid_score: 0.380900]
Tue 31 Jan 2023 01:33:08 INFO  valid result: 
recall@10 : 0.2089    mrr@10 : 0.3809    ndcg@10 : 0.2218    hit@10 : 0.7381    precision@10 : 0.1506
Tue 31 Jan 2023 01:33:12 INFO  epoch 63 training [time: 4.23s, train_loss1: 6.9951, train_loss2: 1.3440]
Tue 31 Jan 2023 01:33:12 INFO  epoch 63 evaluating [time: 0.20s, valid_score: 0.380100]
Tue 31 Jan 2023 01:33:12 INFO  valid result: 
recall@10 : 0.2073    mrr@10 : 0.3801    ndcg@10 : 0.2219    hit@10 : 0.7328    precision@10 : 0.1512
Tue 31 Jan 2023 01:33:16 INFO  epoch 64 training [time: 4.24s, train_loss1: 6.8841, train_loss2: 1.3303]
Tue 31 Jan 2023 01:33:17 INFO  epoch 64 evaluating [time: 0.19s, valid_score: 0.377100]
Tue 31 Jan 2023 01:33:17 INFO  valid result: 
recall@10 : 0.206    mrr@10 : 0.3771    ndcg@10 : 0.2194    hit@10 : 0.737    precision@10 : 0.1489
Tue 31 Jan 2023 01:33:21 INFO  epoch 65 training [time: 4.23s, train_loss1: 6.9336, train_loss2: 1.3540]
Tue 31 Jan 2023 01:33:21 INFO  epoch 65 evaluating [time: 0.19s, valid_score: 0.382500]
Tue 31 Jan 2023 01:33:21 INFO  valid result: 
recall@10 : 0.2114    mrr@10 : 0.3825    ndcg@10 : 0.224    hit@10 : 0.7434    precision@10 : 0.1528
Tue 31 Jan 2023 01:33:25 INFO  epoch 66 training [time: 4.33s, train_loss1: 6.7354, train_loss2: 1.3363]
Tue 31 Jan 2023 01:33:25 INFO  epoch 66 evaluating [time: 0.20s, valid_score: 0.383800]
Tue 31 Jan 2023 01:33:25 INFO  valid result: 
recall@10 : 0.213    mrr@10 : 0.3838    ndcg@10 : 0.2249    hit@10 : 0.7466    precision@10 : 0.154
Tue 31 Jan 2023 01:33:26 INFO  Saving current: saved/KGAT-Jan-31-2023_01-28-01.pth
Tue 31 Jan 2023 01:33:30 INFO  epoch 67 training [time: 4.35s, train_loss1: 6.7332, train_loss2: 1.3052]
Tue 31 Jan 2023 01:33:30 INFO  epoch 67 evaluating [time: 0.19s, valid_score: 0.385500]
Tue 31 Jan 2023 01:33:30 INFO  valid result: 
recall@10 : 0.2107    mrr@10 : 0.3855    ndcg@10 : 0.2249    hit@10 : 0.7466    precision@10 : 0.1526
Tue 31 Jan 2023 01:33:30 INFO  Saving current: saved/KGAT-Jan-31-2023_01-28-01.pth
Tue 31 Jan 2023 01:33:35 INFO  epoch 68 training [time: 4.66s, train_loss1: 6.6858, train_loss2: 1.2277]
Tue 31 Jan 2023 01:33:35 INFO  epoch 68 evaluating [time: 0.20s, valid_score: 0.386400]
Tue 31 Jan 2023 01:33:35 INFO  valid result: 
recall@10 : 0.2098    mrr@10 : 0.3864    ndcg@10 : 0.2254    hit@10 : 0.7413    precision@10 : 0.1529
Tue 31 Jan 2023 01:33:35 INFO  Saving current: saved/KGAT-Jan-31-2023_01-28-01.pth
Tue 31 Jan 2023 01:33:39 INFO  epoch 69 training [time: 4.29s, train_loss1: 6.6512, train_loss2: 1.1990]
Tue 31 Jan 2023 01:33:40 INFO  epoch 69 evaluating [time: 0.19s, valid_score: 0.393300]
Tue 31 Jan 2023 01:33:40 INFO  valid result: 
recall@10 : 0.2117    mrr@10 : 0.3933    ndcg@10 : 0.2284    hit@10 : 0.7423    precision@10 : 0.1549
Tue 31 Jan 2023 01:33:40 INFO  Saving current: saved/KGAT-Jan-31-2023_01-28-01.pth
Tue 31 Jan 2023 01:33:44 INFO  epoch 70 training [time: 4.36s, train_loss1: 6.5984, train_loss2: 1.2457]
Tue 31 Jan 2023 01:33:44 INFO  epoch 70 evaluating [time: 0.20s, valid_score: 0.397800]
Tue 31 Jan 2023 01:33:44 INFO  valid result: 
recall@10 : 0.2094    mrr@10 : 0.3978    ndcg@10 : 0.2295    hit@10 : 0.7359    precision@10 : 0.1543
Tue 31 Jan 2023 01:33:44 INFO  Saving current: saved/KGAT-Jan-31-2023_01-28-01.pth
Tue 31 Jan 2023 01:33:49 INFO  epoch 71 training [time: 4.27s, train_loss1: 6.4875, train_loss2: 1.2561]
Tue 31 Jan 2023 01:33:49 INFO  epoch 71 evaluating [time: 0.19s, valid_score: 0.391100]
Tue 31 Jan 2023 01:33:49 INFO  valid result: 
recall@10 : 0.2076    mrr@10 : 0.3911    ndcg@10 : 0.2273    hit@10 : 0.7296    precision@10 : 0.1532
Tue 31 Jan 2023 01:33:53 INFO  epoch 72 training [time: 4.63s, train_loss1: 6.4889, train_loss2: 1.1980]
Tue 31 Jan 2023 01:33:54 INFO  epoch 72 evaluating [time: 0.19s, valid_score: 0.394600]
Tue 31 Jan 2023 01:33:54 INFO  valid result: 
recall@10 : 0.2083    mrr@10 : 0.3946    ndcg@10 : 0.2288    hit@10 : 0.7349    precision@10 : 0.1549
Tue 31 Jan 2023 01:33:58 INFO  epoch 73 training [time: 4.58s, train_loss1: 6.4741, train_loss2: 1.1826]
Tue 31 Jan 2023 01:33:58 INFO  epoch 73 evaluating [time: 0.20s, valid_score: 0.390000]
Tue 31 Jan 2023 01:33:58 INFO  valid result: 
recall@10 : 0.2099    mrr@10 : 0.39    ndcg@10 : 0.2282    hit@10 : 0.7328    precision@10 : 0.1555
Tue 31 Jan 2023 01:34:03 INFO  epoch 74 training [time: 4.31s, train_loss1: 6.3430, train_loss2: 1.2135]
Tue 31 Jan 2023 01:34:03 INFO  epoch 74 evaluating [time: 0.20s, valid_score: 0.385100]
Tue 31 Jan 2023 01:34:03 INFO  valid result: 
recall@10 : 0.2126    mrr@10 : 0.3851    ndcg@10 : 0.2289    hit@10 : 0.7317    precision@10 : 0.1571
Tue 31 Jan 2023 01:34:07 INFO  epoch 75 training [time: 4.15s, train_loss1: 6.2217, train_loss2: 1.2206]
Tue 31 Jan 2023 01:34:07 INFO  epoch 75 evaluating [time: 0.19s, valid_score: 0.391500]
Tue 31 Jan 2023 01:34:07 INFO  valid result: 
recall@10 : 0.2123    mrr@10 : 0.3915    ndcg@10 : 0.23    hit@10 : 0.737    precision@10 : 0.1566
Tue 31 Jan 2023 01:34:12 INFO  epoch 76 training [time: 4.53s, train_loss1: 6.2039, train_loss2: 1.0824]
Tue 31 Jan 2023 01:34:12 INFO  epoch 76 evaluating [time: 0.19s, valid_score: 0.384000]
Tue 31 Jan 2023 01:34:12 INFO  valid result: 
recall@10 : 0.2098    mrr@10 : 0.384    ndcg@10 : 0.2276    hit@10 : 0.7253    precision@10 : 0.155
Tue 31 Jan 2023 01:34:17 INFO  epoch 77 training [time: 4.61s, train_loss1: 6.0786, train_loss2: 1.2070]
Tue 31 Jan 2023 01:34:17 INFO  epoch 77 evaluating [time: 0.19s, valid_score: 0.389300]
Tue 31 Jan 2023 01:34:17 INFO  valid result: 
recall@10 : 0.2117    mrr@10 : 0.3893    ndcg@10 : 0.2287    hit@10 : 0.7317    precision@10 : 0.1554
Tue 31 Jan 2023 01:34:21 INFO  epoch 78 training [time: 4.76s, train_loss1: 6.0818, train_loss2: 1.1426]
Tue 31 Jan 2023 01:34:22 INFO  epoch 78 evaluating [time: 0.19s, valid_score: 0.390400]
Tue 31 Jan 2023 01:34:22 INFO  valid result: 
recall@10 : 0.2125    mrr@10 : 0.3904    ndcg@10 : 0.2295    hit@10 : 0.7391    precision@10 : 0.1556
Tue 31 Jan 2023 01:34:26 INFO  epoch 79 training [time: 4.07s, train_loss1: 5.9627, train_loss2: 1.1488]
Tue 31 Jan 2023 01:34:26 INFO  epoch 79 evaluating [time: 0.19s, valid_score: 0.386500]
Tue 31 Jan 2023 01:34:26 INFO  valid result: 
recall@10 : 0.2133    mrr@10 : 0.3865    ndcg@10 : 0.2282    hit@10 : 0.7402    precision@10 : 0.1541
Tue 31 Jan 2023 01:34:30 INFO  epoch 80 training [time: 4.00s, train_loss1: 6.0137, train_loss2: 1.1726]
Tue 31 Jan 2023 01:34:30 INFO  epoch 80 evaluating [time: 0.19s, valid_score: 0.387500]
Tue 31 Jan 2023 01:34:30 INFO  valid result: 
recall@10 : 0.2135    mrr@10 : 0.3875    ndcg@10 : 0.2288    hit@10 : 0.7359    precision@10 : 0.1546
Tue 31 Jan 2023 01:34:34 INFO  epoch 81 training [time: 4.15s, train_loss1: 5.9123, train_loss2: 1.0783]
Tue 31 Jan 2023 01:34:34 INFO  epoch 81 evaluating [time: 0.19s, valid_score: 0.385200]
Tue 31 Jan 2023 01:34:34 INFO  valid result: 
recall@10 : 0.2181    mrr@10 : 0.3852    ndcg@10 : 0.2289    hit@10 : 0.7497    precision@10 : 0.1566
Tue 31 Jan 2023 01:34:34 INFO  Finished training, best eval result in epoch 70
Tue 31 Jan 2023 01:34:35 INFO  Loading model structure and parameters from saved/KGAT-Jan-31-2023_01-28-01.pth
Tue 31 Jan 2023 01:34:35 INFO  best valid : OrderedDict([('recall@10', 0.2094), ('mrr@10', 0.3978), ('ndcg@10', 0.2295), ('hit@10', 0.7359), ('precision@10', 0.1543)])
Tue 31 Jan 2023 01:34:35 INFO  test result: OrderedDict([('recall@10', 0.2539), ('mrr@10', 0.4712), ('ndcg@10', 0.2925), ('hit@10', 0.7741), ('precision@10', 0.2016)])
