Mon 30 Jan 2023 22:54:39 INFO  ['recbole_test.py', '--seed', '2022', '--aggr', 'bi', '--opti', 'sgd', '--is_swa', 'false', '--is_momentum', 'true']
Mon 30 Jan 2023 22:54:39 INFO  
General Hyper Parameters:
gpu_id = 0
use_gpu = True
seed = 2022
state = INFO
reproducibility = True
data_path = /work/03/gu14/k36095/kgat_bai/recbole/config/../dataset_example/ml-100k
checkpoint_dir = saved
show_progress = True
save_dataset = True
dataset_save_path = None
save_dataloaders = False
dataloaders_save_path = None
log_wandb = False

Training Hyper Parameters:
epochs = 300
train_batch_size = 2048
learner = sgd
learning_rate = 0.001
train_neg_sample_args = {'distribution': 'uniform', 'sample_num': 1, 'alpha': 1.0, 'dynamic': False, 'candidate_num': 0}
eval_step = 1
stopping_step = 10
clip_grad_norm = None
weight_decay = 0.0
loss_decimal_place = 4

Evaluation Hyper Parameters:
eval_args = {'split': {'RS': [0.8, 0.1, 0.1]}, 'group_by': 'user', 'order': 'RO', 'mode': 'full'}
repeatable = False
metrics = ['Recall', 'MRR', 'NDCG', 'Hit', 'Precision']
topk = [10]
valid_metric = MRR@10
valid_metric_bigger = True
eval_batch_size = 4096
metric_decimal_place = 4

Dataset Hyper Parameters:
field_separator = 	
seq_separator =  
USER_ID_FIELD = user_id
ITEM_ID_FIELD = item_id
RATING_FIELD = rating
TIME_FIELD = timestamp
seq_len = None
LABEL_FIELD = label
threshold = None
NEG_PREFIX = neg_
load_col = {'inter': ['user_id', 'item_id', 'rating', 'timestamp'], 'kg': ['head_id', 'relation_id', 'tail_id'], 'link': ['item_id', 'entity_id']}
unload_col = None
unused_col = None
additional_feat_suffix = None
rm_dup_inter = None
val_interval = None
filter_inter_by_user_or_item = True
user_inter_num_interval = None
item_inter_num_interval = None
alias_of_user_id = None
alias_of_item_id = None
alias_of_entity_id = None
alias_of_relation_id = None
preload_weight = None
normalize_field = None
normalize_all = True
ITEM_LIST_LENGTH_FIELD = item_length
LIST_SUFFIX = _list
MAX_ITEM_LIST_LENGTH = 50
POSITION_FIELD = position_id
HEAD_ENTITY_ID_FIELD = head_id
TAIL_ENTITY_ID_FIELD = tail_id
RELATION_ID_FIELD = relation_id
ENTITY_ID_FIELD = entity_id
kg_reverse_r = False
entity_kg_num_interval = [0,inf)
relation_kg_num_interval = [0,inf)
benchmark_filename = None

Other Hyper Parameters: 
worker = 0
wandb_project = recbole
shuffle = True
require_pow = False
enable_amp = False
enable_scaler = False
transform = None
embedding_size = 64
kg_embedding_size = 64
layers = [64]
mess_dropout = 0.1
reg_weight = 1e-05
aggregator_type = bi
numerical_features = []
discretization = None
MODEL_TYPE = ModelType.KNOWLEDGE
is_swa = 0
is_momentum = 1
MODEL_INPUT_TYPE = InputType.PAIRWISE
eval_type = EvaluatorType.RANKING
single_spec = True
local_rank = 0
device = cpu
eval_neg_sample_args = {'distribution': 'uniform', 'sample_num': 'none'}


Mon 30 Jan 2023 22:54:40 INFO  Saving filtered dataset into [saved/ml-100k-dataset.pth]
Mon 30 Jan 2023 22:54:40 INFO  ml-100k
The number of users: 944
Average actions of users: 103.4506892895016
The number of items: 1599
Average actions of items: 61.04755944931164
The number of inters: 97554
The sparsity of the dataset: 93.53714185772888%
Remain Fields: ['entity_id', 'user_id', 'item_id', 'rating', 'timestamp', 'head_id', 'relation_id', 'tail_id']
The number of entities: 34629
The number of relations: 26
The number of triples: 91631
The number of items that have been linked to KG: 1598
Mon 30 Jan 2023 22:54:41 INFO  [Training]: train_batch_size = [2048] train_neg_sample_args: [{'distribution': 'uniform', 'sample_num': 1, 'alpha': 1.0, 'dynamic': False, 'candidate_num': 0}]
Mon 30 Jan 2023 22:54:41 INFO  [Evaluation]: eval_batch_size = [4096] eval_args: [{'split': {'RS': [0.8, 0.1, 0.1]}, 'group_by': 'user', 'order': 'RO', 'mode': 'full'}]
Mon 30 Jan 2023 22:54:42 INFO  KGAT(
  (user_embedding): Embedding(944, 64)
  (entity_embedding): Embedding(34629, 64)
  (relation_embedding): Embedding(26, 64)
  (trans_w): Embedding(26, 4096)
  (aggregator_layers): ModuleList(
    (0): Aggregator(
      (message_dropout): Dropout(p=0.1, inplace=False)
      (W1): Linear(in_features=64, out_features=64, bias=True)
      (W2): Linear(in_features=64, out_features=64, bias=True)
      (activation): LeakyReLU(negative_slope=0.01)
    )
  )
  (tanh): Tanh()
  (mf_loss): BPRLoss()
  (reg_loss): EmbLoss()
)
Trainable parameters: 2393152
Mon 30 Jan 2023 22:54:42 INFO  FLOPs: 291414016.0
Mon 30 Jan 2023 22:54:46 INFO  epoch 0 training [time: 4.38s, train_loss1: 26.6471, train_loss2: 31.1899]
Mon 30 Jan 2023 22:54:46 INFO  epoch 0 evaluating [time: 0.20s, valid_score: 0.016600]
Mon 30 Jan 2023 22:54:46 INFO  valid result: 
recall@10 : 0.0066    mrr@10 : 0.0166    ndcg@10 : 0.0074    hit@10 : 0.0636    precision@10 : 0.0067
Mon 30 Jan 2023 22:54:46 INFO  Saving current: saved/KGAT-Jan-30-2023_22-54-42.pth
Mon 30 Jan 2023 22:54:50 INFO  epoch 1 training [time: 3.88s, train_loss1: 26.8315, train_loss2: 31.1885]
Mon 30 Jan 2023 22:54:50 INFO  epoch 1 evaluating [time: 0.20s, valid_score: 0.025600]
Mon 30 Jan 2023 22:54:50 INFO  valid result: 
recall@10 : 0.0095    mrr@10 : 0.0256    ndcg@10 : 0.0109    hit@10 : 0.0901    precision@10 : 0.0097
Mon 30 Jan 2023 22:54:50 INFO  Saving current: saved/KGAT-Jan-30-2023_22-54-42.pth
Mon 30 Jan 2023 22:54:54 INFO  epoch 2 training [time: 3.71s, train_loss1: 26.6525, train_loss2: 31.1882]
Mon 30 Jan 2023 22:54:54 INFO  epoch 2 evaluating [time: 0.20s, valid_score: 0.026200]
Mon 30 Jan 2023 22:54:54 INFO  valid result: 
recall@10 : 0.0088    mrr@10 : 0.0262    ndcg@10 : 0.0107    hit@10 : 0.0838    precision@10 : 0.0091
Mon 30 Jan 2023 22:54:54 INFO  Saving current: saved/KGAT-Jan-30-2023_22-54-42.pth
Mon 30 Jan 2023 22:54:58 INFO  epoch 3 training [time: 4.03s, train_loss1: 26.5295, train_loss2: 31.1878]
Mon 30 Jan 2023 22:54:59 INFO  epoch 3 evaluating [time: 0.20s, valid_score: 0.025800]
Mon 30 Jan 2023 22:54:59 INFO  valid result: 
recall@10 : 0.0079    mrr@10 : 0.0258    ndcg@10 : 0.0105    hit@10 : 0.0838    precision@10 : 0.0091
Mon 30 Jan 2023 22:55:02 INFO  epoch 4 training [time: 3.83s, train_loss1: 26.4258, train_loss2: 31.1865]
Mon 30 Jan 2023 22:55:03 INFO  epoch 4 evaluating [time: 0.20s, valid_score: 0.026700]
Mon 30 Jan 2023 22:55:03 INFO  valid result: 
recall@10 : 0.0083    mrr@10 : 0.0267    ndcg@10 : 0.0109    hit@10 : 0.0838    precision@10 : 0.0097
Mon 30 Jan 2023 22:55:03 INFO  Saving current: saved/KGAT-Jan-30-2023_22-54-42.pth
Mon 30 Jan 2023 22:55:06 INFO  epoch 5 training [time: 3.74s, train_loss1: 26.3398, train_loss2: 31.1866]
Mon 30 Jan 2023 22:55:07 INFO  epoch 5 evaluating [time: 0.21s, valid_score: 0.026700]
Mon 30 Jan 2023 22:55:07 INFO  valid result: 
recall@10 : 0.0082    mrr@10 : 0.0267    ndcg@10 : 0.0111    hit@10 : 0.087    precision@10 : 0.01
Mon 30 Jan 2023 22:55:07 INFO  Saving current: saved/KGAT-Jan-30-2023_22-54-42.pth
Mon 30 Jan 2023 22:55:11 INFO  epoch 6 training [time: 3.81s, train_loss1: 26.2211, train_loss2: 31.1856]
Mon 30 Jan 2023 22:55:11 INFO  epoch 6 evaluating [time: 0.20s, valid_score: 0.028300]
Mon 30 Jan 2023 22:55:11 INFO  valid result: 
recall@10 : 0.0085    mrr@10 : 0.0283    ndcg@10 : 0.0115    hit@10 : 0.0891    precision@10 : 0.0104
Mon 30 Jan 2023 22:55:11 INFO  Saving current: saved/KGAT-Jan-30-2023_22-54-42.pth
Mon 30 Jan 2023 22:55:15 INFO  epoch 7 training [time: 3.85s, train_loss1: 26.1228, train_loss2: 31.1854]
Mon 30 Jan 2023 22:55:15 INFO  epoch 7 evaluating [time: 0.20s, valid_score: 0.028700]
Mon 30 Jan 2023 22:55:15 INFO  valid result: 
recall@10 : 0.0101    mrr@10 : 0.0287    ndcg@10 : 0.0126    hit@10 : 0.0976    precision@10 : 0.0115
Mon 30 Jan 2023 22:55:15 INFO  Saving current: saved/KGAT-Jan-30-2023_22-54-42.pth
Mon 30 Jan 2023 22:55:19 INFO  epoch 8 training [time: 3.84s, train_loss1: 26.0432, train_loss2: 31.1850]
Mon 30 Jan 2023 22:55:19 INFO  epoch 8 evaluating [time: 0.20s, valid_score: 0.029500]
Mon 30 Jan 2023 22:55:19 INFO  valid result: 
recall@10 : 0.0108    mrr@10 : 0.0295    ndcg@10 : 0.0131    hit@10 : 0.0997    precision@10 : 0.012
Mon 30 Jan 2023 22:55:19 INFO  Saving current: saved/KGAT-Jan-30-2023_22-54-42.pth
Mon 30 Jan 2023 22:55:23 INFO  epoch 9 training [time: 3.85s, train_loss1: 25.9577, train_loss2: 31.1839]
Mon 30 Jan 2023 22:55:23 INFO  epoch 9 evaluating [time: 0.19s, valid_score: 0.032300]
Mon 30 Jan 2023 22:55:23 INFO  valid result: 
recall@10 : 0.011    mrr@10 : 0.0323    ndcg@10 : 0.0138    hit@10 : 0.105    precision@10 : 0.0123
Mon 30 Jan 2023 22:55:23 INFO  Saving current: saved/KGAT-Jan-30-2023_22-54-42.pth
Mon 30 Jan 2023 22:55:27 INFO  epoch 10 training [time: 3.92s, train_loss1: 25.8689, train_loss2: 31.1839]
Mon 30 Jan 2023 22:55:27 INFO  epoch 10 evaluating [time: 0.21s, valid_score: 0.033400]
Mon 30 Jan 2023 22:55:27 INFO  valid result: 
recall@10 : 0.0114    mrr@10 : 0.0334    ndcg@10 : 0.0146    hit@10 : 0.1113    precision@10 : 0.0134
Mon 30 Jan 2023 22:55:27 INFO  Saving current: saved/KGAT-Jan-30-2023_22-54-42.pth
Mon 30 Jan 2023 22:55:31 INFO  epoch 11 training [time: 3.81s, train_loss1: 25.7873, train_loss2: 31.1829]
Mon 30 Jan 2023 22:55:31 INFO  epoch 11 evaluating [time: 0.20s, valid_score: 0.033400]
Mon 30 Jan 2023 22:55:31 INFO  valid result: 
recall@10 : 0.011    mrr@10 : 0.0334    ndcg@10 : 0.0145    hit@10 : 0.1124    precision@10 : 0.0136
Mon 30 Jan 2023 22:55:31 INFO  Saving current: saved/KGAT-Jan-30-2023_22-54-42.pth
Mon 30 Jan 2023 22:55:35 INFO  epoch 12 training [time: 3.87s, train_loss1: 25.7044, train_loss2: 31.1822]
Mon 30 Jan 2023 22:55:35 INFO  epoch 12 evaluating [time: 0.20s, valid_score: 0.035900]
Mon 30 Jan 2023 22:55:35 INFO  valid result: 
recall@10 : 0.0118    mrr@10 : 0.0359    ndcg@10 : 0.0151    hit@10 : 0.1156    precision@10 : 0.0136
Mon 30 Jan 2023 22:55:35 INFO  Saving current: saved/KGAT-Jan-30-2023_22-54-42.pth
Mon 30 Jan 2023 22:55:39 INFO  epoch 13 training [time: 3.96s, train_loss1: 25.6316, train_loss2: 31.1810]
Mon 30 Jan 2023 22:55:40 INFO  epoch 13 evaluating [time: 0.25s, valid_score: 0.035900]
Mon 30 Jan 2023 22:55:40 INFO  valid result: 
recall@10 : 0.0138    mrr@10 : 0.0359    ndcg@10 : 0.0162    hit@10 : 0.123    precision@10 : 0.0148
Mon 30 Jan 2023 22:55:40 INFO  Saving current: saved/KGAT-Jan-30-2023_22-54-42.pth
Mon 30 Jan 2023 22:55:43 INFO  epoch 14 training [time: 3.75s, train_loss1: 25.5539, train_loss2: 31.1805]
Mon 30 Jan 2023 22:55:44 INFO  epoch 14 evaluating [time: 0.19s, valid_score: 0.037500]
Mon 30 Jan 2023 22:55:44 INFO  valid result: 
recall@10 : 0.0147    mrr@10 : 0.0375    ndcg@10 : 0.0171    hit@10 : 0.1315    precision@10 : 0.0159
Mon 30 Jan 2023 22:55:44 INFO  Saving current: saved/KGAT-Jan-30-2023_22-54-42.pth
Mon 30 Jan 2023 22:55:48 INFO  epoch 15 training [time: 3.97s, train_loss1: 25.4934, train_loss2: 31.1806]
Mon 30 Jan 2023 22:55:48 INFO  epoch 15 evaluating [time: 0.20s, valid_score: 0.036000]
Mon 30 Jan 2023 22:55:48 INFO  valid result: 
recall@10 : 0.0123    mrr@10 : 0.036    ndcg@10 : 0.0157    hit@10 : 0.1209    precision@10 : 0.0145
Mon 30 Jan 2023 22:55:52 INFO  epoch 16 training [time: 3.98s, train_loss1: 25.3984, train_loss2: 31.1791]
Mon 30 Jan 2023 22:55:52 INFO  epoch 16 evaluating [time: 0.20s, valid_score: 0.038900]
Mon 30 Jan 2023 22:55:52 INFO  valid result: 
recall@10 : 0.0134    mrr@10 : 0.0389    ndcg@10 : 0.0171    hit@10 : 0.1315    precision@10 : 0.0158
Mon 30 Jan 2023 22:55:52 INFO  Saving current: saved/KGAT-Jan-30-2023_22-54-42.pth
Mon 30 Jan 2023 22:55:56 INFO  epoch 17 training [time: 3.82s, train_loss1: 25.3266, train_loss2: 31.1785]
Mon 30 Jan 2023 22:55:56 INFO  epoch 17 evaluating [time: 0.20s, valid_score: 0.039500]
Mon 30 Jan 2023 22:55:56 INFO  valid result: 
recall@10 : 0.0141    mrr@10 : 0.0395    ndcg@10 : 0.0179    hit@10 : 0.1421    precision@10 : 0.0171
Mon 30 Jan 2023 22:55:56 INFO  Saving current: saved/KGAT-Jan-30-2023_22-54-42.pth
Mon 30 Jan 2023 22:56:00 INFO  epoch 18 training [time: 3.84s, train_loss1: 25.2536, train_loss2: 31.1780]
Mon 30 Jan 2023 22:56:00 INFO  epoch 18 evaluating [time: 0.20s, valid_score: 0.041700]
Mon 30 Jan 2023 22:56:00 INFO  valid result: 
recall@10 : 0.0147    mrr@10 : 0.0417    ndcg@10 : 0.0185    hit@10 : 0.14    precision@10 : 0.0171
Mon 30 Jan 2023 22:56:00 INFO  Saving current: saved/KGAT-Jan-30-2023_22-54-42.pth
Mon 30 Jan 2023 22:56:04 INFO  epoch 19 training [time: 3.87s, train_loss1: 25.2039, train_loss2: 31.1774]
Mon 30 Jan 2023 22:56:04 INFO  epoch 19 evaluating [time: 0.20s, valid_score: 0.039300]
Mon 30 Jan 2023 22:56:04 INFO  valid result: 
recall@10 : 0.0142    mrr@10 : 0.0393    ndcg@10 : 0.0182    hit@10 : 0.1442    precision@10 : 0.0176
Mon 30 Jan 2023 22:56:08 INFO  epoch 20 training [time: 3.76s, train_loss1: 25.1291, train_loss2: 31.1770]
Mon 30 Jan 2023 22:56:08 INFO  epoch 20 evaluating [time: 0.20s, valid_score: 0.042300]
Mon 30 Jan 2023 22:56:08 INFO  valid result: 
recall@10 : 0.0151    mrr@10 : 0.0423    ndcg@10 : 0.0192    hit@10 : 0.1495    precision@10 : 0.0183
Mon 30 Jan 2023 22:56:08 INFO  Saving current: saved/KGAT-Jan-30-2023_22-54-42.pth
Mon 30 Jan 2023 22:56:12 INFO  epoch 21 training [time: 3.95s, train_loss1: 25.0534, train_loss2: 31.1757]
Mon 30 Jan 2023 22:56:13 INFO  epoch 21 evaluating [time: 0.20s, valid_score: 0.043900]
Mon 30 Jan 2023 22:56:13 INFO  valid result: 
recall@10 : 0.016    mrr@10 : 0.0439    ndcg@10 : 0.02    hit@10 : 0.1495    precision@10 : 0.0187
Mon 30 Jan 2023 22:56:13 INFO  Saving current: saved/KGAT-Jan-30-2023_22-54-42.pth
Mon 30 Jan 2023 22:56:16 INFO  epoch 22 training [time: 3.87s, train_loss1: 24.9990, train_loss2: 31.1748]
Mon 30 Jan 2023 22:56:17 INFO  epoch 22 evaluating [time: 0.23s, valid_score: 0.043900]
Mon 30 Jan 2023 22:56:17 INFO  valid result: 
recall@10 : 0.0147    mrr@10 : 0.0439    ndcg@10 : 0.0194    hit@10 : 0.1516    precision@10 : 0.0186
Mon 30 Jan 2023 22:56:17 INFO  Saving current: saved/KGAT-Jan-30-2023_22-54-42.pth
Mon 30 Jan 2023 22:56:21 INFO  epoch 23 training [time: 4.06s, train_loss1: 24.9290, train_loss2: 31.1747]
Mon 30 Jan 2023 22:56:21 INFO  epoch 23 evaluating [time: 0.25s, valid_score: 0.045700]
Mon 30 Jan 2023 22:56:21 INFO  valid result: 
recall@10 : 0.0142    mrr@10 : 0.0457    ndcg@10 : 0.0197    hit@10 : 0.1474    precision@10 : 0.0182
Mon 30 Jan 2023 22:56:21 INFO  Saving current: saved/KGAT-Jan-30-2023_22-54-42.pth
Mon 30 Jan 2023 22:56:26 INFO  epoch 24 training [time: 4.60s, train_loss1: 24.8641, train_loss2: 31.1734]
Mon 30 Jan 2023 22:56:26 INFO  epoch 24 evaluating [time: 0.20s, valid_score: 0.045400]
Mon 30 Jan 2023 22:56:26 INFO  valid result: 
recall@10 : 0.0162    mrr@10 : 0.0454    ndcg@10 : 0.0209    hit@10 : 0.1601    precision@10 : 0.0199
Mon 30 Jan 2023 22:56:30 INFO  epoch 25 training [time: 3.83s, train_loss1: 24.8278, train_loss2: 31.1729]
Mon 30 Jan 2023 22:56:30 INFO  epoch 25 evaluating [time: 0.20s, valid_score: 0.050300]
Mon 30 Jan 2023 22:56:30 INFO  valid result: 
recall@10 : 0.0171    mrr@10 : 0.0503    ndcg@10 : 0.0223    hit@10 : 0.1676    precision@10 : 0.0208
Mon 30 Jan 2023 22:56:30 INFO  Saving current: saved/KGAT-Jan-30-2023_22-54-42.pth
Mon 30 Jan 2023 22:56:34 INFO  epoch 26 training [time: 3.87s, train_loss1: 24.7675, train_loss2: 31.1717]
Mon 30 Jan 2023 22:56:34 INFO  epoch 26 evaluating [time: 0.26s, valid_score: 0.048300]
Mon 30 Jan 2023 22:56:34 INFO  valid result: 
recall@10 : 0.0171    mrr@10 : 0.0483    ndcg@10 : 0.0217    hit@10 : 0.1676    precision@10 : 0.0206
Mon 30 Jan 2023 22:56:38 INFO  epoch 27 training [time: 3.90s, train_loss1: 24.6708, train_loss2: 31.1713]
Mon 30 Jan 2023 22:56:38 INFO  epoch 27 evaluating [time: 0.20s, valid_score: 0.050500]
Mon 30 Jan 2023 22:56:38 INFO  valid result: 
recall@10 : 0.0173    mrr@10 : 0.0505    ndcg@10 : 0.0227    hit@10 : 0.1676    precision@10 : 0.0209
Mon 30 Jan 2023 22:56:38 INFO  Saving current: saved/KGAT-Jan-30-2023_22-54-42.pth
Mon 30 Jan 2023 22:56:42 INFO  epoch 28 training [time: 3.86s, train_loss1: 24.5561, train_loss2: 31.1699]
Mon 30 Jan 2023 22:56:42 INFO  epoch 28 evaluating [time: 0.20s, valid_score: 0.055400]
Mon 30 Jan 2023 22:56:42 INFO  valid result: 
recall@10 : 0.0172    mrr@10 : 0.0554    ndcg@10 : 0.0236    hit@10 : 0.1707    precision@10 : 0.0213
Mon 30 Jan 2023 22:56:42 INFO  Saving current: saved/KGAT-Jan-30-2023_22-54-42.pth
Mon 30 Jan 2023 22:56:46 INFO  epoch 29 training [time: 3.72s, train_loss1: 24.4583, train_loss2: 31.1697]
Mon 30 Jan 2023 22:56:46 INFO  epoch 29 evaluating [time: 0.21s, valid_score: 0.051200]
Mon 30 Jan 2023 22:56:46 INFO  valid result: 
recall@10 : 0.0176    mrr@10 : 0.0512    ndcg@10 : 0.023    hit@10 : 0.1707    precision@10 : 0.0218
Mon 30 Jan 2023 22:56:50 INFO  epoch 30 training [time: 3.87s, train_loss1: 24.3494, train_loss2: 31.1685]
Mon 30 Jan 2023 22:56:50 INFO  epoch 30 evaluating [time: 0.20s, valid_score: 0.051300]
Mon 30 Jan 2023 22:56:50 INFO  valid result: 
recall@10 : 0.0192    mrr@10 : 0.0513    ndcg@10 : 0.0245    hit@10 : 0.1771    precision@10 : 0.0234
Mon 30 Jan 2023 22:56:54 INFO  epoch 31 training [time: 3.90s, train_loss1: 24.2433, train_loss2: 31.1679]
Mon 30 Jan 2023 22:56:54 INFO  epoch 31 evaluating [time: 0.20s, valid_score: 0.060000]
Mon 30 Jan 2023 22:56:54 INFO  valid result: 
recall@10 : 0.021    mrr@10 : 0.06    ndcg@10 : 0.0265    hit@10 : 0.1856    precision@10 : 0.0239
Mon 30 Jan 2023 22:56:55 INFO  Saving current: saved/KGAT-Jan-30-2023_22-54-42.pth
Mon 30 Jan 2023 22:56:58 INFO  epoch 32 training [time: 3.89s, train_loss1: 24.1320, train_loss2: 31.1670]
Mon 30 Jan 2023 22:56:59 INFO  epoch 32 evaluating [time: 0.20s, valid_score: 0.057100]
Mon 30 Jan 2023 22:56:59 INFO  valid result: 
recall@10 : 0.018    mrr@10 : 0.0571    ndcg@10 : 0.0248    hit@10 : 0.175    precision@10 : 0.0225
Mon 30 Jan 2023 22:57:02 INFO  epoch 33 training [time: 3.81s, train_loss1: 23.9987, train_loss2: 31.1658]
Mon 30 Jan 2023 22:57:03 INFO  epoch 33 evaluating [time: 0.20s, valid_score: 0.063600]
Mon 30 Jan 2023 22:57:03 INFO  valid result: 
recall@10 : 0.0204    mrr@10 : 0.0636    ndcg@10 : 0.0278    hit@10 : 0.1909    precision@10 : 0.0246
Mon 30 Jan 2023 22:57:03 INFO  Saving current: saved/KGAT-Jan-30-2023_22-54-42.pth
Mon 30 Jan 2023 22:57:07 INFO  epoch 34 training [time: 3.86s, train_loss1: 23.8589, train_loss2: 31.1648]
Mon 30 Jan 2023 22:57:07 INFO  epoch 34 evaluating [time: 0.20s, valid_score: 0.060100]
Mon 30 Jan 2023 22:57:07 INFO  valid result: 
recall@10 : 0.0213    mrr@10 : 0.0601    ndcg@10 : 0.0278    hit@10 : 0.2015    precision@10 : 0.0264
Mon 30 Jan 2023 22:57:11 INFO  epoch 35 training [time: 3.98s, train_loss1: 23.6957, train_loss2: 31.1636]
Mon 30 Jan 2023 22:57:11 INFO  epoch 35 evaluating [time: 0.20s, valid_score: 0.061500]
Mon 30 Jan 2023 22:57:11 INFO  valid result: 
recall@10 : 0.0229    mrr@10 : 0.0615    ndcg@10 : 0.0278    hit@10 : 0.1962    precision@10 : 0.0251
Mon 30 Jan 2023 22:57:15 INFO  epoch 36 training [time: 3.88s, train_loss1: 23.4784, train_loss2: 31.1631]
Mon 30 Jan 2023 22:57:15 INFO  epoch 36 evaluating [time: 0.21s, valid_score: 0.065200]
Mon 30 Jan 2023 22:57:15 INFO  valid result: 
recall@10 : 0.0245    mrr@10 : 0.0652    ndcg@10 : 0.0306    hit@10 : 0.2068    precision@10 : 0.0276
Mon 30 Jan 2023 22:57:15 INFO  Saving current: saved/KGAT-Jan-30-2023_22-54-42.pth
Mon 30 Jan 2023 22:57:19 INFO  epoch 37 training [time: 3.96s, train_loss1: 23.1936, train_loss2: 31.1620]
Mon 30 Jan 2023 22:57:19 INFO  epoch 37 evaluating [time: 0.19s, valid_score: 0.067200]
Mon 30 Jan 2023 22:57:19 INFO  valid result: 
recall@10 : 0.0255    mrr@10 : 0.0672    ndcg@10 : 0.0315    hit@10 : 0.2078    precision@10 : 0.0282
Mon 30 Jan 2023 22:57:19 INFO  Saving current: saved/KGAT-Jan-30-2023_22-54-42.pth
Mon 30 Jan 2023 22:57:23 INFO  epoch 38 training [time: 3.84s, train_loss1: 22.8544, train_loss2: 31.1609]
Mon 30 Jan 2023 22:57:23 INFO  epoch 38 evaluating [time: 0.19s, valid_score: 0.066800]
Mon 30 Jan 2023 22:57:23 INFO  valid result: 
recall@10 : 0.0239    mrr@10 : 0.0668    ndcg@10 : 0.0312    hit@10 : 0.2057    precision@10 : 0.0282
Mon 30 Jan 2023 22:57:27 INFO  epoch 39 training [time: 3.88s, train_loss1: 22.5604, train_loss2: 31.1596]
Mon 30 Jan 2023 22:57:27 INFO  epoch 39 evaluating [time: 0.20s, valid_score: 0.072500]
Mon 30 Jan 2023 22:57:27 INFO  valid result: 
recall@10 : 0.0284    mrr@10 : 0.0725    ndcg@10 : 0.0348    hit@10 : 0.2185    precision@10 : 0.0305
Mon 30 Jan 2023 22:57:27 INFO  Saving current: saved/KGAT-Jan-30-2023_22-54-42.pth
Mon 30 Jan 2023 22:57:31 INFO  epoch 40 training [time: 3.92s, train_loss1: 22.2607, train_loss2: 31.1582]
Mon 30 Jan 2023 22:57:32 INFO  epoch 40 evaluating [time: 0.20s, valid_score: 0.074300]
Mon 30 Jan 2023 22:57:32 INFO  valid result: 
recall@10 : 0.0306    mrr@10 : 0.0743    ndcg@10 : 0.036    hit@10 : 0.2291    precision@10 : 0.032
Mon 30 Jan 2023 22:57:32 INFO  Saving current: saved/KGAT-Jan-30-2023_22-54-42.pth
Mon 30 Jan 2023 22:57:35 INFO  epoch 41 training [time: 3.87s, train_loss1: 21.9632, train_loss2: 31.1574]
Mon 30 Jan 2023 22:57:36 INFO  epoch 41 evaluating [time: 0.19s, valid_score: 0.072900]
Mon 30 Jan 2023 22:57:36 INFO  valid result: 
recall@10 : 0.0276    mrr@10 : 0.0729    ndcg@10 : 0.0345    hit@10 : 0.2216    precision@10 : 0.0304
Mon 30 Jan 2023 22:57:40 INFO  epoch 42 training [time: 3.87s, train_loss1: 21.7432, train_loss2: 31.1557]
Mon 30 Jan 2023 22:57:40 INFO  epoch 42 evaluating [time: 0.19s, valid_score: 0.075400]
Mon 30 Jan 2023 22:57:40 INFO  valid result: 
recall@10 : 0.0309    mrr@10 : 0.0754    ndcg@10 : 0.0371    hit@10 : 0.2322    precision@10 : 0.0331
Mon 30 Jan 2023 22:57:40 INFO  Saving current: saved/KGAT-Jan-30-2023_22-54-42.pth
Mon 30 Jan 2023 22:57:44 INFO  epoch 43 training [time: 3.97s, train_loss1: 21.5475, train_loss2: 31.1545]
Mon 30 Jan 2023 22:57:44 INFO  epoch 43 evaluating [time: 0.19s, valid_score: 0.074900]
Mon 30 Jan 2023 22:57:44 INFO  valid result: 
recall@10 : 0.0293    mrr@10 : 0.0749    ndcg@10 : 0.0359    hit@10 : 0.2301    precision@10 : 0.0321
Mon 30 Jan 2023 22:57:48 INFO  epoch 44 training [time: 3.95s, train_loss1: 21.3878, train_loss2: 31.1528]
Mon 30 Jan 2023 22:57:48 INFO  epoch 44 evaluating [time: 0.19s, valid_score: 0.073500]
Mon 30 Jan 2023 22:57:48 INFO  valid result: 
recall@10 : 0.0289    mrr@10 : 0.0735    ndcg@10 : 0.0357    hit@10 : 0.2238    precision@10 : 0.032
Mon 30 Jan 2023 22:57:52 INFO  epoch 45 training [time: 4.03s, train_loss1: 21.2078, train_loss2: 31.1514]
Mon 30 Jan 2023 22:57:52 INFO  epoch 45 evaluating [time: 0.20s, valid_score: 0.076900]
Mon 30 Jan 2023 22:57:52 INFO  valid result: 
recall@10 : 0.0293    mrr@10 : 0.0769    ndcg@10 : 0.0371    hit@10 : 0.2291    precision@10 : 0.0334
Mon 30 Jan 2023 22:57:52 INFO  Saving current: saved/KGAT-Jan-30-2023_22-54-42.pth
Mon 30 Jan 2023 22:57:56 INFO  epoch 46 training [time: 3.77s, train_loss1: 21.0590, train_loss2: 31.1503]
Mon 30 Jan 2023 22:57:56 INFO  epoch 46 evaluating [time: 0.20s, valid_score: 0.077500]
Mon 30 Jan 2023 22:57:56 INFO  valid result: 
recall@10 : 0.0319    mrr@10 : 0.0775    ndcg@10 : 0.0388    hit@10 : 0.2375    precision@10 : 0.0344
Mon 30 Jan 2023 22:57:56 INFO  Saving current: saved/KGAT-Jan-30-2023_22-54-42.pth
Mon 30 Jan 2023 22:58:00 INFO  epoch 47 training [time: 3.88s, train_loss1: 20.8948, train_loss2: 31.1489]
Mon 30 Jan 2023 22:58:01 INFO  epoch 47 evaluating [time: 0.19s, valid_score: 0.085500]
Mon 30 Jan 2023 22:58:01 INFO  valid result: 
recall@10 : 0.0332    mrr@10 : 0.0855    ndcg@10 : 0.0407    hit@10 : 0.2524    precision@10 : 0.0353
Mon 30 Jan 2023 22:58:01 INFO  Saving current: saved/KGAT-Jan-30-2023_22-54-42.pth
Mon 30 Jan 2023 22:58:04 INFO  epoch 48 training [time: 3.78s, train_loss1: 20.8016, train_loss2: 31.1476]
Mon 30 Jan 2023 22:58:05 INFO  epoch 48 evaluating [time: 0.19s, valid_score: 0.079500]
Mon 30 Jan 2023 22:58:05 INFO  valid result: 
recall@10 : 0.0325    mrr@10 : 0.0795    ndcg@10 : 0.0387    hit@10 : 0.2301    precision@10 : 0.0337
Mon 30 Jan 2023 22:58:08 INFO  epoch 49 training [time: 3.85s, train_loss1: 20.6884, train_loss2: 31.1457]
Mon 30 Jan 2023 22:58:09 INFO  epoch 49 evaluating [time: 0.20s, valid_score: 0.084300]
Mon 30 Jan 2023 22:58:09 INFO  valid result: 
recall@10 : 0.0304    mrr@10 : 0.0843    ndcg@10 : 0.0391    hit@10 : 0.2418    precision@10 : 0.0336
Mon 30 Jan 2023 22:58:12 INFO  epoch 50 training [time: 3.81s, train_loss1: 20.5789, train_loss2: 31.1444]
Mon 30 Jan 2023 22:58:13 INFO  epoch 50 evaluating [time: 0.20s, valid_score: 0.083800]
Mon 30 Jan 2023 22:58:13 INFO  valid result: 
recall@10 : 0.0315    mrr@10 : 0.0838    ndcg@10 : 0.0395    hit@10 : 0.2397    precision@10 : 0.0339
Mon 30 Jan 2023 22:58:16 INFO  epoch 51 training [time: 3.80s, train_loss1: 20.5274, train_loss2: 31.1424]
Mon 30 Jan 2023 22:58:17 INFO  epoch 51 evaluating [time: 0.20s, valid_score: 0.078300]
Mon 30 Jan 2023 22:58:17 INFO  valid result: 
recall@10 : 0.0341    mrr@10 : 0.0783    ndcg@10 : 0.0402    hit@10 : 0.2439    precision@10 : 0.0361
Mon 30 Jan 2023 22:58:20 INFO  epoch 52 training [time: 3.69s, train_loss1: 20.3584, train_loss2: 31.1407]
Mon 30 Jan 2023 22:58:20 INFO  epoch 52 evaluating [time: 0.20s, valid_score: 0.083600]
Mon 30 Jan 2023 22:58:20 INFO  valid result: 
recall@10 : 0.0321    mrr@10 : 0.0836    ndcg@10 : 0.0399    hit@10 : 0.2386    precision@10 : 0.0348
Mon 30 Jan 2023 22:58:24 INFO  epoch 53 training [time: 3.72s, train_loss1: 20.2919, train_loss2: 31.1394]
Mon 30 Jan 2023 22:58:24 INFO  epoch 53 evaluating [time: 0.20s, valid_score: 0.081200]
Mon 30 Jan 2023 22:58:24 INFO  valid result: 
recall@10 : 0.033    mrr@10 : 0.0812    ndcg@10 : 0.0404    hit@10 : 0.2375    precision@10 : 0.0355
Mon 30 Jan 2023 22:58:28 INFO  epoch 54 training [time: 3.77s, train_loss1: 20.2601, train_loss2: 31.1375]
Mon 30 Jan 2023 22:58:28 INFO  epoch 54 evaluating [time: 0.19s, valid_score: 0.079900]
Mon 30 Jan 2023 22:58:28 INFO  valid result: 
recall@10 : 0.0317    mrr@10 : 0.0799    ndcg@10 : 0.0397    hit@10 : 0.2301    precision@10 : 0.0348
Mon 30 Jan 2023 22:58:32 INFO  epoch 55 training [time: 3.77s, train_loss1: 20.1952, train_loss2: 31.1365]
Mon 30 Jan 2023 22:58:32 INFO  epoch 55 evaluating [time: 0.19s, valid_score: 0.084300]
Mon 30 Jan 2023 22:58:32 INFO  valid result: 
recall@10 : 0.0331    mrr@10 : 0.0843    ndcg@10 : 0.0409    hit@10 : 0.2418    precision@10 : 0.0354
Mon 30 Jan 2023 22:58:36 INFO  epoch 56 training [time: 3.72s, train_loss1: 20.1544, train_loss2: 31.1338]
Mon 30 Jan 2023 22:58:36 INFO  epoch 56 evaluating [time: 0.20s, valid_score: 0.081900]
Mon 30 Jan 2023 22:58:36 INFO  valid result: 
recall@10 : 0.0323    mrr@10 : 0.0819    ndcg@10 : 0.0403    hit@10 : 0.2344    precision@10 : 0.0354
Mon 30 Jan 2023 22:58:40 INFO  epoch 57 training [time: 3.73s, train_loss1: 20.1022, train_loss2: 31.1322]
Mon 30 Jan 2023 22:58:40 INFO  epoch 57 evaluating [time: 0.26s, valid_score: 0.080100]
Mon 30 Jan 2023 22:58:40 INFO  valid result: 
recall@10 : 0.0324    mrr@10 : 0.0801    ndcg@10 : 0.0401    hit@10 : 0.2354    precision@10 : 0.0354
Mon 30 Jan 2023 22:58:44 INFO  epoch 58 training [time: 4.03s, train_loss1: 20.0415, train_loss2: 31.1306]
Mon 30 Jan 2023 22:58:44 INFO  epoch 58 evaluating [time: 0.20s, valid_score: 0.082500]
Mon 30 Jan 2023 22:58:44 INFO  valid result: 
recall@10 : 0.0314    mrr@10 : 0.0825    ndcg@10 : 0.0393    hit@10 : 0.2322    precision@10 : 0.0334
Mon 30 Jan 2023 22:58:44 INFO  Finished training, best eval result in epoch 47
Mon 30 Jan 2023 22:58:45 INFO  Loading model structure and parameters from saved/KGAT-Jan-30-2023_22-54-42.pth
Mon 30 Jan 2023 22:58:45 INFO  best valid : OrderedDict([('recall@10', 0.0332), ('mrr@10', 0.0855), ('ndcg@10', 0.0407), ('hit@10', 0.2524), ('precision@10', 0.0353)])
Mon 30 Jan 2023 22:58:45 INFO  test result: OrderedDict([('recall@10', 0.0278), ('mrr@10', 0.0817), ('ndcg@10', 0.0378), ('hit@10', 0.2365), ('precision@10', 0.0341)])
