Mon 30 Jan 2023 22:32:51 INFO  ['recbole_test.py', '--seed', '2024', '--aggr', 'bi', '--opti', 'sgd', '--is_swa', 'true', '--is_momentum', 'false']
Mon 30 Jan 2023 22:32:51 INFO  
General Hyper Parameters:
gpu_id = 0
use_gpu = True
seed = 2024
state = INFO
reproducibility = True
data_path = /work/03/gu14/k36095/kgat_bai/recbole/config/../dataset_example/ml-100k
checkpoint_dir = saved
show_progress = True
save_dataset = True
dataset_save_path = None
save_dataloaders = False
dataloaders_save_path = None
log_wandb = False

Training Hyper Parameters:
epochs = 300
train_batch_size = 2048
learner = sgd
learning_rate = 0.001
train_neg_sample_args = {'distribution': 'uniform', 'sample_num': 1, 'alpha': 1.0, 'dynamic': False, 'candidate_num': 0}
eval_step = 1
stopping_step = 10
clip_grad_norm = None
weight_decay = 0.0
loss_decimal_place = 4

Evaluation Hyper Parameters:
eval_args = {'split': {'RS': [0.8, 0.1, 0.1]}, 'group_by': 'user', 'order': 'RO', 'mode': 'full'}
repeatable = False
metrics = ['Recall', 'MRR', 'NDCG', 'Hit', 'Precision']
topk = [10]
valid_metric = MRR@10
valid_metric_bigger = True
eval_batch_size = 4096
metric_decimal_place = 4

Dataset Hyper Parameters:
field_separator = 	
seq_separator =  
USER_ID_FIELD = user_id
ITEM_ID_FIELD = item_id
RATING_FIELD = rating
TIME_FIELD = timestamp
seq_len = None
LABEL_FIELD = label
threshold = None
NEG_PREFIX = neg_
load_col = {'inter': ['user_id', 'item_id', 'rating', 'timestamp'], 'kg': ['head_id', 'relation_id', 'tail_id'], 'link': ['item_id', 'entity_id']}
unload_col = None
unused_col = None
additional_feat_suffix = None
rm_dup_inter = None
val_interval = None
filter_inter_by_user_or_item = True
user_inter_num_interval = None
item_inter_num_interval = None
alias_of_user_id = None
alias_of_item_id = None
alias_of_entity_id = None
alias_of_relation_id = None
preload_weight = None
normalize_field = None
normalize_all = True
ITEM_LIST_LENGTH_FIELD = item_length
LIST_SUFFIX = _list
MAX_ITEM_LIST_LENGTH = 50
POSITION_FIELD = position_id
HEAD_ENTITY_ID_FIELD = head_id
TAIL_ENTITY_ID_FIELD = tail_id
RELATION_ID_FIELD = relation_id
ENTITY_ID_FIELD = entity_id
kg_reverse_r = False
entity_kg_num_interval = [0,inf)
relation_kg_num_interval = [0,inf)
benchmark_filename = None

Other Hyper Parameters: 
worker = 0
wandb_project = recbole
shuffle = True
require_pow = False
enable_amp = False
enable_scaler = False
transform = None
embedding_size = 64
kg_embedding_size = 64
layers = [64]
mess_dropout = 0.1
reg_weight = 1e-05
aggregator_type = bi
numerical_features = []
discretization = None
MODEL_TYPE = ModelType.KNOWLEDGE
is_swa = 1
is_momentum = 0
MODEL_INPUT_TYPE = InputType.PAIRWISE
eval_type = EvaluatorType.RANKING
single_spec = True
local_rank = 0
device = cpu
eval_neg_sample_args = {'distribution': 'uniform', 'sample_num': 'none'}


Mon 30 Jan 2023 22:32:52 INFO  Saving filtered dataset into [saved/ml-100k-dataset.pth]
Mon 30 Jan 2023 22:32:52 INFO  ml-100k
The number of users: 944
Average actions of users: 103.4506892895016
The number of items: 1599
Average actions of items: 61.04755944931164
The number of inters: 97554
The sparsity of the dataset: 93.53714185772888%
Remain Fields: ['entity_id', 'user_id', 'item_id', 'rating', 'timestamp', 'head_id', 'relation_id', 'tail_id']
The number of entities: 34629
The number of relations: 26
The number of triples: 91631
The number of items that have been linked to KG: 1598
Mon 30 Jan 2023 22:32:52 INFO  [Training]: train_batch_size = [2048] train_neg_sample_args: [{'distribution': 'uniform', 'sample_num': 1, 'alpha': 1.0, 'dynamic': False, 'candidate_num': 0}]
Mon 30 Jan 2023 22:32:52 INFO  [Evaluation]: eval_batch_size = [4096] eval_args: [{'split': {'RS': [0.8, 0.1, 0.1]}, 'group_by': 'user', 'order': 'RO', 'mode': 'full'}]
Mon 30 Jan 2023 22:32:54 INFO  KGAT(
  (user_embedding): Embedding(944, 64)
  (entity_embedding): Embedding(34629, 64)
  (relation_embedding): Embedding(26, 64)
  (trans_w): Embedding(26, 4096)
  (aggregator_layers): ModuleList(
    (0): Aggregator(
      (message_dropout): Dropout(p=0.1, inplace=False)
      (W1): Linear(in_features=64, out_features=64, bias=True)
      (W2): Linear(in_features=64, out_features=64, bias=True)
      (activation): LeakyReLU(negative_slope=0.01)
    )
  )
  (tanh): Tanh()
  (mf_loss): BPRLoss()
  (reg_loss): EmbLoss()
)
Trainable parameters: 2393152
Mon 30 Jan 2023 22:32:54 INFO  FLOPs: 291414016.0
Mon 30 Jan 2023 22:32:59 INFO  epoch 0 training [time: 4.49s, train_loss1: 26.5127, train_loss2: 31.1889]
Mon 30 Jan 2023 22:32:59 INFO  epoch 0 evaluating [time: 0.20s, valid_score: 0.020600]
Mon 30 Jan 2023 22:32:59 INFO  valid result: 
recall@10 : 0.0073    mrr@10 : 0.0206    ndcg@10 : 0.0082    hit@10 : 0.0689    precision@10 : 0.007
Mon 30 Jan 2023 22:32:59 INFO  Saving current: saved/KGAT-Jan-30-2023_22-32-54.pth
Mon 30 Jan 2023 22:33:03 INFO  epoch 1 training [time: 3.80s, train_loss1: 26.6129, train_loss2: 31.1845]
Mon 30 Jan 2023 22:33:03 INFO  epoch 1 evaluating [time: 0.19s, valid_score: 0.023200]
Mon 30 Jan 2023 22:33:03 INFO  valid result: 
recall@10 : 0.0082    mrr@10 : 0.0232    ndcg@10 : 0.0099    hit@10 : 0.0933    precision@10 : 0.0098
Mon 30 Jan 2023 22:33:03 INFO  Saving current: saved/KGAT-Jan-30-2023_22-32-54.pth
Mon 30 Jan 2023 22:33:07 INFO  epoch 2 training [time: 3.81s, train_loss1: 26.0880, train_loss2: 31.1789]
Mon 30 Jan 2023 22:33:07 INFO  epoch 2 evaluating [time: 0.24s, valid_score: 0.029700]
Mon 30 Jan 2023 22:33:07 INFO  valid result: 
recall@10 : 0.0102    mrr@10 : 0.0297    ndcg@10 : 0.0123    hit@10 : 0.1018    precision@10 : 0.0112
Mon 30 Jan 2023 22:33:07 INFO  Saving current: saved/KGAT-Jan-30-2023_22-32-54.pth
Mon 30 Jan 2023 22:33:11 INFO  epoch 3 training [time: 3.73s, train_loss1: 25.6522, train_loss2: 31.1729]
Mon 30 Jan 2023 22:33:11 INFO  epoch 3 evaluating [time: 0.20s, valid_score: 0.031700]
Mon 30 Jan 2023 22:33:11 INFO  valid result: 
recall@10 : 0.0122    mrr@10 : 0.0317    ndcg@10 : 0.0136    hit@10 : 0.0976    precision@10 : 0.011
Mon 30 Jan 2023 22:33:11 INFO  Saving current: saved/KGAT-Jan-30-2023_22-32-54.pth
Mon 30 Jan 2023 22:33:15 INFO  epoch 4 training [time: 3.87s, train_loss1: 26.3261, train_loss2: 31.1662]
Mon 30 Jan 2023 22:33:15 INFO  epoch 4 evaluating [time: 0.20s, valid_score: 0.029200]
Mon 30 Jan 2023 22:33:15 INFO  valid result: 
recall@10 : 0.0113    mrr@10 : 0.0292    ndcg@10 : 0.0126    hit@10 : 0.1007    precision@10 : 0.0109
Mon 30 Jan 2023 22:33:19 INFO  epoch 5 training [time: 3.75s, train_loss1: 26.6400, train_loss2: 31.1599]
Mon 30 Jan 2023 22:33:19 INFO  epoch 5 evaluating [time: 0.20s, valid_score: 0.027400]
Mon 30 Jan 2023 22:33:19 INFO  valid result: 
recall@10 : 0.0073    mrr@10 : 0.0274    ndcg@10 : 0.0106    hit@10 : 0.0795    precision@10 : 0.0092
Mon 30 Jan 2023 22:33:23 INFO  epoch 6 training [time: 3.79s, train_loss1: 26.6269, train_loss2: 31.1530]
Mon 30 Jan 2023 22:33:23 INFO  epoch 6 evaluating [time: 0.20s, valid_score: 0.034600]
Mon 30 Jan 2023 22:33:23 INFO  valid result: 
recall@10 : 0.0105    mrr@10 : 0.0346    ndcg@10 : 0.0148    hit@10 : 0.1198    precision@10 : 0.0141
Mon 30 Jan 2023 22:33:23 INFO  Saving current: saved/KGAT-Jan-30-2023_22-32-54.pth
Mon 30 Jan 2023 22:33:27 INFO  epoch 7 training [time: 4.20s, train_loss1: 26.6591, train_loss2: 31.1455]
Mon 30 Jan 2023 22:33:27 INFO  epoch 7 evaluating [time: 0.20s, valid_score: 0.036000]
Mon 30 Jan 2023 22:33:27 INFO  valid result: 
recall@10 : 0.0129    mrr@10 : 0.036    ndcg@10 : 0.0159    hit@10 : 0.1315    precision@10 : 0.0152
Mon 30 Jan 2023 22:33:28 INFO  Saving current: saved/KGAT-Jan-30-2023_22-32-54.pth
Mon 30 Jan 2023 22:33:31 INFO  epoch 8 training [time: 3.94s, train_loss1: 26.6561, train_loss2: 31.1385]
Mon 30 Jan 2023 22:33:32 INFO  epoch 8 evaluating [time: 0.19s, valid_score: 0.040700]
Mon 30 Jan 2023 22:33:32 INFO  valid result: 
recall@10 : 0.0132    mrr@10 : 0.0407    ndcg@10 : 0.0177    hit@10 : 0.1368    precision@10 : 0.0165
Mon 30 Jan 2023 22:33:32 INFO  Saving current: saved/KGAT-Jan-30-2023_22-32-54.pth
Mon 30 Jan 2023 22:33:36 INFO  epoch 9 training [time: 3.96s, train_loss1: 26.9376, train_loss2: 31.1310]
Mon 30 Jan 2023 22:33:36 INFO  epoch 9 evaluating [time: 0.19s, valid_score: 0.033500]
Mon 30 Jan 2023 22:33:36 INFO  valid result: 
recall@10 : 0.0101    mrr@10 : 0.0335    ndcg@10 : 0.0136    hit@10 : 0.1039    precision@10 : 0.0119
Mon 30 Jan 2023 22:33:40 INFO  epoch 10 training [time: 3.66s, train_loss1: 26.8698, train_loss2: 31.1228]
Mon 30 Jan 2023 22:33:40 INFO  epoch 10 evaluating [time: 0.19s, valid_score: 0.061500]
Mon 30 Jan 2023 22:33:40 INFO  valid result: 
recall@10 : 0.0199    mrr@10 : 0.0615    ndcg@10 : 0.0277    hit@10 : 0.1898    precision@10 : 0.026
Mon 30 Jan 2023 22:33:40 INFO  Saving current: saved/KGAT-Jan-30-2023_22-32-54.pth
Mon 30 Jan 2023 22:33:43 INFO  epoch 11 training [time: 3.70s, train_loss1: 27.0562, train_loss2: 31.1149]
Mon 30 Jan 2023 22:33:44 INFO  epoch 11 evaluating [time: 0.19s, valid_score: 0.037100]
Mon 30 Jan 2023 22:33:44 INFO  valid result: 
recall@10 : 0.0128    mrr@10 : 0.0371    ndcg@10 : 0.0161    hit@10 : 0.1071    precision@10 : 0.0128
Mon 30 Jan 2023 22:33:47 INFO  epoch 12 training [time: 3.82s, train_loss1: 26.6442, train_loss2: 31.1049]
Mon 30 Jan 2023 22:33:48 INFO  epoch 12 evaluating [time: 0.19s, valid_score: 0.056400]
Mon 30 Jan 2023 22:33:48 INFO  valid result: 
recall@10 : 0.0191    mrr@10 : 0.0564    ndcg@10 : 0.0242    hit@10 : 0.1601    precision@10 : 0.0193
Mon 30 Jan 2023 22:33:51 INFO  epoch 13 training [time: 3.71s, train_loss1: 26.6592, train_loss2: 31.0955]
Mon 30 Jan 2023 22:33:52 INFO  epoch 13 evaluating [time: 0.19s, valid_score: 0.049300]
Mon 30 Jan 2023 22:33:52 INFO  valid result: 
recall@10 : 0.0175    mrr@10 : 0.0493    ndcg@10 : 0.0219    hit@10 : 0.1527    precision@10 : 0.0189
Mon 30 Jan 2023 22:33:55 INFO  epoch 14 training [time: 3.63s, train_loss1: 26.5712, train_loss2: 31.0828]
Mon 30 Jan 2023 22:33:55 INFO  epoch 14 evaluating [time: 0.19s, valid_score: 0.144000]
Mon 30 Jan 2023 22:33:55 INFO  valid result: 
recall@10 : 0.053    mrr@10 : 0.144    ndcg@10 : 0.0651    hit@10 : 0.3606    precision@10 : 0.0519
Mon 30 Jan 2023 22:33:55 INFO  Saving current: saved/KGAT-Jan-30-2023_22-32-54.pth
Mon 30 Jan 2023 22:33:59 INFO  epoch 15 training [time: 3.69s, train_loss1: 26.1322, train_loss2: 31.0700]
Mon 30 Jan 2023 22:33:59 INFO  epoch 15 evaluating [time: 0.19s, valid_score: 0.124800]
Mon 30 Jan 2023 22:33:59 INFO  valid result: 
recall@10 : 0.0446    mrr@10 : 0.1248    ndcg@10 : 0.0559    hit@10 : 0.3213    precision@10 : 0.0455
Mon 30 Jan 2023 22:34:03 INFO  epoch 16 training [time: 3.76s, train_loss1: 26.2385, train_loss2: 31.0548]
Mon 30 Jan 2023 22:34:03 INFO  epoch 16 evaluating [time: 0.22s, valid_score: 0.120200]
Mon 30 Jan 2023 22:34:03 INFO  valid result: 
recall@10 : 0.0439    mrr@10 : 0.1202    ndcg@10 : 0.0541    hit@10 : 0.3107    precision@10 : 0.0416
Mon 30 Jan 2023 22:34:07 INFO  epoch 17 training [time: 3.73s, train_loss1: 26.5684, train_loss2: 31.0394]
Mon 30 Jan 2023 22:34:07 INFO  epoch 17 evaluating [time: 0.20s, valid_score: 0.067300]
Mon 30 Jan 2023 22:34:07 INFO  valid result: 
recall@10 : 0.0197    mrr@10 : 0.0673    ndcg@10 : 0.0282    hit@10 : 0.1644    precision@10 : 0.0213
Mon 30 Jan 2023 22:34:11 INFO  epoch 18 training [time: 3.54s, train_loss1: 26.5291, train_loss2: 31.0214]
Mon 30 Jan 2023 22:34:11 INFO  epoch 18 evaluating [time: 0.19s, valid_score: 0.108200]
Mon 30 Jan 2023 22:34:11 INFO  valid result: 
recall@10 : 0.0456    mrr@10 : 0.1082    ndcg@10 : 0.053    hit@10 : 0.3128    precision@10 : 0.0449
Mon 30 Jan 2023 22:34:15 INFO  epoch 19 training [time: 3.65s, train_loss1: 26.7725, train_loss2: 31.0033]
Mon 30 Jan 2023 22:34:15 INFO  epoch 19 evaluating [time: 0.20s, valid_score: 0.077900]
Mon 30 Jan 2023 22:34:15 INFO  valid result: 
recall@10 : 0.0316    mrr@10 : 0.0779    ndcg@10 : 0.0369    hit@10 : 0.2492    precision@10 : 0.0326
Mon 30 Jan 2023 22:34:18 INFO  epoch 20 training [time: 3.57s, train_loss1: 26.0153, train_loss2: 30.9823]
Mon 30 Jan 2023 22:34:19 INFO  epoch 20 evaluating [time: 0.19s, valid_score: 0.165300]
Mon 30 Jan 2023 22:34:19 INFO  valid result: 
recall@10 : 0.0651    mrr@10 : 0.1653    ndcg@10 : 0.0777    hit@10 : 0.4019    precision@10 : 0.0578
Mon 30 Jan 2023 22:34:19 INFO  Saving current: saved/KGAT-Jan-30-2023_22-32-54.pth
Mon 30 Jan 2023 22:34:22 INFO  epoch 21 training [time: 3.52s, train_loss1: 25.7139, train_loss2: 30.9607]
Mon 30 Jan 2023 22:34:22 INFO  epoch 21 evaluating [time: 0.19s, valid_score: 0.138800]
Mon 30 Jan 2023 22:34:22 INFO  valid result: 
recall@10 : 0.0511    mrr@10 : 0.1388    ndcg@10 : 0.0664    hit@10 : 0.3542    precision@10 : 0.0548
Mon 30 Jan 2023 22:34:26 INFO  epoch 22 training [time: 3.56s, train_loss1: 24.7036, train_loss2: 30.9327]
Mon 30 Jan 2023 22:34:26 INFO  epoch 22 evaluating [time: 0.20s, valid_score: 0.108000]
Mon 30 Jan 2023 22:34:26 INFO  valid result: 
recall@10 : 0.0439    mrr@10 : 0.108    ndcg@10 : 0.0537    hit@10 : 0.2651    precision@10 : 0.0411
Mon 30 Jan 2023 22:34:30 INFO  epoch 23 training [time: 3.61s, train_loss1: 23.9441, train_loss2: 30.9026]
Mon 30 Jan 2023 22:34:30 INFO  epoch 23 evaluating [time: 0.19s, valid_score: 0.134500]
Mon 30 Jan 2023 22:34:30 INFO  valid result: 
recall@10 : 0.0587    mrr@10 : 0.1345    ndcg@10 : 0.0698    hit@10 : 0.3542    precision@10 : 0.0566
Mon 30 Jan 2023 22:34:34 INFO  epoch 24 training [time: 3.77s, train_loss1: 21.6512, train_loss2: 30.8715]
Mon 30 Jan 2023 22:34:34 INFO  epoch 24 evaluating [time: 0.19s, valid_score: 0.125800]
Mon 30 Jan 2023 22:34:34 INFO  valid result: 
recall@10 : 0.0475    mrr@10 : 0.1258    ndcg@10 : 0.0619    hit@10 : 0.3118    precision@10 : 0.0503
Mon 30 Jan 2023 22:34:37 INFO  epoch 25 training [time: 3.52s, train_loss1: 20.2413, train_loss2: 30.8418]
Mon 30 Jan 2023 22:34:38 INFO  epoch 25 evaluating [time: 0.20s, valid_score: 0.068100]
Mon 30 Jan 2023 22:34:38 INFO  valid result: 
recall@10 : 0.0263    mrr@10 : 0.0681    ndcg@10 : 0.032    hit@10 : 0.1898    precision@10 : 0.0253
Mon 30 Jan 2023 22:34:41 INFO  epoch 26 training [time: 3.56s, train_loss1: 19.7848, train_loss2: 30.8100]
Mon 30 Jan 2023 22:34:41 INFO  epoch 26 evaluating [time: 0.19s, valid_score: 0.078200]
Mon 30 Jan 2023 22:34:41 INFO  valid result: 
recall@10 : 0.0293    mrr@10 : 0.0782    ndcg@10 : 0.0368    hit@10 : 0.2089    precision@10 : 0.0293
Mon 30 Jan 2023 22:34:45 INFO  epoch 27 training [time: 3.55s, train_loss1: 19.4338, train_loss2: 30.7772]
Mon 30 Jan 2023 22:34:45 INFO  epoch 27 evaluating [time: 0.19s, valid_score: 0.061400]
Mon 30 Jan 2023 22:34:45 INFO  valid result: 
recall@10 : 0.0239    mrr@10 : 0.0614    ndcg@10 : 0.0292    hit@10 : 0.1866    precision@10 : 0.0257
Mon 30 Jan 2023 22:34:49 INFO  epoch 28 training [time: 3.60s, train_loss1: 19.0123, train_loss2: 30.7449]
Mon 30 Jan 2023 22:34:49 INFO  epoch 28 evaluating [time: 0.20s, valid_score: 0.071100]
Mon 30 Jan 2023 22:34:49 INFO  valid result: 
recall@10 : 0.0272    mrr@10 : 0.0711    ndcg@10 : 0.0339    hit@10 : 0.2047    precision@10 : 0.0283
Mon 30 Jan 2023 22:34:53 INFO  epoch 29 training [time: 3.68s, train_loss1: 18.8698, train_loss2: 30.7103]
Mon 30 Jan 2023 22:34:53 INFO  epoch 29 evaluating [time: 0.19s, valid_score: 0.063800]
Mon 30 Jan 2023 22:34:53 INFO  valid result: 
recall@10 : 0.0275    mrr@10 : 0.0638    ndcg@10 : 0.032    hit@10 : 0.2047    precision@10 : 0.0277
Mon 30 Jan 2023 22:34:57 INFO  epoch 30 training [time: 3.80s, train_loss1: 18.7543, train_loss2: 30.6727]
Mon 30 Jan 2023 22:34:57 INFO  epoch 30 evaluating [time: 0.20s, valid_score: 0.076600]
Mon 30 Jan 2023 22:34:57 INFO  valid result: 
recall@10 : 0.0323    mrr@10 : 0.0766    ndcg@10 : 0.0369    hit@10 : 0.2259    precision@10 : 0.0303
Mon 30 Jan 2023 22:35:00 INFO  epoch 31 training [time: 3.63s, train_loss1: 18.5236, train_loss2: 30.6363]
Mon 30 Jan 2023 22:35:01 INFO  epoch 31 evaluating [time: 0.19s, valid_score: 0.076600]
Mon 30 Jan 2023 22:35:01 INFO  valid result: 
recall@10 : 0.0308    mrr@10 : 0.0766    ndcg@10 : 0.0367    hit@10 : 0.2248    precision@10 : 0.0316
Mon 30 Jan 2023 22:35:01 INFO  Finished training, best eval result in epoch 20
Mon 30 Jan 2023 22:35:01 INFO  Loading model structure and parameters from saved/KGAT-Jan-30-2023_22-32-54.pth
Mon 30 Jan 2023 22:35:01 INFO  best valid : OrderedDict([('recall@10', 0.0651), ('mrr@10', 0.1653), ('ndcg@10', 0.0777), ('hit@10', 0.4019), ('precision@10', 0.0578)])
Mon 30 Jan 2023 22:35:01 INFO  test result: OrderedDict([('recall@10', 0.0749), ('mrr@10', 0.1825), ('ndcg@10', 0.0864), ('hit@10', 0.4115), ('precision@10', 0.0631)])
